Log file open, 03/20/24 11:11:19
LogWindows: Failed to load 'aqProf.dll' (GetLastError=126)
LogWindows: File 'aqProf.dll' does not exist
LogWindows: Failed to load 'VtuneApi.dll' (GetLastError=126)
LogWindows: File 'VtuneApi.dll' does not exist
LogWindows: Failed to load 'VtuneApi32e.dll' (GetLastError=126)
LogWindows: File 'VtuneApi32e.dll' does not exist
LogConsoleResponse: Display: Failed to find resolution value strings in scalability ini. Falling back to default.
LogConsoleResponse: Display: Failed to find resolution value strings in scalability ini. Falling back to default.
LogInit: Display: Running engine for game: NetShootRewrite
LogPlatformFile: Not using cached read wrapper
LogTaskGraph: Started task graph with 5 named threads and 35 total threads with 3 sets of task threads.
LogStats: Stats thread started at 0.148059
LogICUInternationalization: ICU TimeZone Detection - Raw Offset: +8:00, Platform Override: ''
LogInit: Display: Loading text-based GConfig....
LogPluginManager: Mounting plugin MeshPainting
LogPluginManager: Mounting plugin XGEController
LogPluginManager: Mounting plugin Paper2D
LogPluginManager: Mounting plugin LightPropagationVolume
LogPluginManager: Mounting plugin EnvironmentQueryEditor
LogPluginManager: Mounting plugin AISupport
LogPluginManager: Mounting plugin LiveLink
LogPluginManager: Mounting plugin CameraShakePreviewer
LogPluginManager: Mounting plugin GameplayCameras
LogPluginManager: Mounting plugin AssetManagerEditor
LogPluginManager: Mounting plugin CurveEditorTools
LogPluginManager: Mounting plugin CryptoKeys
LogPluginManager: Mounting plugin DataValidation
LogPluginManager: Mounting plugin FacialAnimation
LogPluginManager: Mounting plugin GameplayTagsEditor
LogPluginManager: Mounting plugin GeometryMode
LogPluginManager: Mounting plugin MacGraphicsSwitching
LogPluginManager: Mounting plugin MaterialAnalyzer
LogPluginManager: Mounting plugin PluginBrowser
LogPluginManager: Mounting plugin MobileLauncherProfileWizard
LogPluginManager: Mounting plugin SpeedTreeImporter
LogPluginManager: Mounting plugin DatasmithContent
LogPluginManager: Mounting plugin Niagara
LogPluginManager: Mounting plugin LuminPlatformFeatures
LogPluginManager: Mounting plugin VariantManagerContent
LogPluginManager: Mounting plugin AlembicImporter
LogPluginManager: Mounting plugin MagicLeap
LogPluginManager: Mounting plugin MagicLeapLightEstimation
LogPluginManager: Mounting plugin MagicLeapMedia
LogPluginManager: Mounting plugin AutomationUtils
LogPluginManager: Mounting plugin BackChannel
LogPluginManager: Mounting plugin MagicLeapPassableWorld
LogPluginManager: Mounting plugin MLSDK
LogPluginManager: Mounting plugin ChaosCloth
LogPluginManager: Mounting plugin ChaosEditor
LogPluginManager: Mounting plugin ChaosNiagara
LogPluginManager: Mounting plugin ChaosClothEditor
LogPluginManager: Mounting plugin ChaosSolverPlugin
LogPluginManager: Mounting plugin CharacterAI
LogPluginManager: Mounting plugin AndroidMedia
LogPluginManager: Mounting plugin AvfMedia
LogPluginManager: Mounting plugin GeometryCollectionPlugin
LogPluginManager: Mounting plugin GeometryCache
LogPluginManager: Mounting plugin ImgMedia
LogPluginManager: Mounting plugin MediaCompositing
LogPluginManager: Mounting plugin GeometryProcessing
LogPluginManager: Mounting plugin MediaPlayerEditor
LogPluginManager: Mounting plugin WebMMedia
LogPluginManager: Mounting plugin WmfMedia
LogPluginManager: Mounting plugin OpenImageDenoise
LogPluginManager: Mounting plugin MotoSynth
LogPluginManager: Mounting plugin PlanarCut
LogPluginManager: Mounting plugin PlatformCrypto
LogPluginManager: Mounting plugin ProxyLODPlugin
LogPluginManager: Mounting plugin PythonScriptPlugin
LogPluginManager: Mounting plugin SkeletalReduction
LogPluginManager: Mounting plugin TcpMessaging
LogPluginManager: Mounting plugin UdpMessaging
LogPluginManager: Mounting plugin ActorSequence
LogPluginManager: Mounting plugin LauncherChunkInstaller
LogPluginManager: Mounting plugin LevelSequenceEditor
LogPluginManager: Mounting plugin MatineeToLevelSequence
LogPluginManager: Mounting plugin TemplateSequence
LogPluginManager: Mounting plugin OnlineSubsystem
LogPluginManager: Mounting plugin OnlineSubsystemNull
LogPluginManager: Mounting plugin OnlineSubsystemUtils
LogPluginManager: Mounting plugin ActorLayerUtilities
LogPluginManager: Mounting plugin AndroidDeviceProfileSelector
LogPluginManager: Mounting plugin AndroidMoviePlayer
LogPluginManager: Mounting plugin AndroidPermission
LogPluginManager: Mounting plugin AppleImageUtils
LogPluginManager: Mounting plugin AppleMoviePlayer
LogPluginManager: Mounting plugin ArchVisCharacter
LogPluginManager: Mounting plugin AudioCapture
LogPluginManager: Mounting plugin AssetTags
LogPluginManager: Mounting plugin AudioSynesthesia
LogPluginManager: Mounting plugin CableComponent
LogPluginManager: Mounting plugin ChunkDownloader
LogPluginManager: Mounting plugin CustomMeshComponent
LogPluginManager: Mounting plugin EditableMesh
LogPluginManager: Mounting plugin ExampleDeviceProfileSelector
LogPluginManager: Mounting plugin GoogleCloudMessaging
LogPluginManager: Mounting plugin GooglePAD
LogPluginManager: Mounting plugin IOSDeviceProfileSelector
LogPluginManager: Mounting plugin LinuxDeviceProfileSelector
LogPluginManager: Mounting plugin LocationServicesBPLibrary
LogPluginManager: Mounting plugin MobilePatchingUtils
LogPluginManager: Mounting plugin OpenXR
LogPluginManager: Mounting plugin OpenXREyeTracker
LogPluginManager: Mounting plugin OpenXRHandTracking
LogPluginManager: Mounting plugin PhysXVehicles
LogPluginManager: Mounting plugin PostSplashScreen
LogPluginManager: Mounting plugin ScreenshotTools
LogPluginManager: Mounting plugin ProceduralMeshComponent
LogPluginManager: Mounting plugin PropertyAccessEditor
LogPluginManager: Mounting plugin SignificanceManager
LogPluginManager: Mounting plugin RuntimePhysXCooking
LogPluginManager: Mounting plugin SoundFields
LogPluginManager: Mounting plugin Synthesis
LogPluginManager: Mounting plugin WebMMoviePlayer
LogPluginManager: Mounting plugin WindowsMoviePlayer
LogPluginManager: Mounting plugin OodleData
LogPluginManager: Mounting plugin AnimationSharing
LogPluginManager: Mounting plugin Takes
LogPluginManager: Mounting plugin OodleNetwork
LogPluginManager: Mounting plugin CLionSourceCodeAccess
LogPluginManager: Mounting plugin CodeLiteSourceCodeAccess
LogPluginManager: Mounting plugin GitSourceControl
LogPluginManager: Mounting plugin KDevelopSourceCodeAccess
LogPluginManager: Mounting plugin NullSourceCodeAccess
LogPluginManager: Mounting plugin PerforceSourceControl
LogPluginManager: Mounting plugin PixWinPlugin
LogPluginManager: Mounting plugin PlasticSourceControl
LogPluginManager: Mounting plugin PluginUtils
LogPluginManager: Mounting plugin PropertyAccessNode
LogPluginManager: Mounting plugin RiderSourceCodeAccess
LogPluginManager: Mounting plugin SubversionSourceControl
LogPluginManager: Mounting plugin TextureFormatOodle
LogPluginManager: Mounting plugin UObjectPlugin
LogPluginManager: Mounting plugin XCodeSourceCodeAccess
LogPluginManager: Mounting plugin VisualStudioSourceCodeAccess
LogPluginManager: Mounting plugin VisualStudioCodeSourceCodeAccess
LogPluginManager: Mounting plugin ContentBrowserClassDataSource
LogPluginManager: Mounting plugin ContentBrowserAssetDataSource
LogPluginManager: Mounting plugin ContentBrowserFileDataSource
LogPluginManager: Mounting plugin RiderLink
LogPluginManager: Mounting plugin OnlineSubsystemGooglePlay
LogPluginManager: Mounting plugin OnlineSubsystemIOS
LogPluginManager: Mounting plugin OculusVR
LogPluginManager: Mounting plugin SteamVR
LogInit: Using libcurl 7.55.1-DEV
LogInit:  - built for x86_64-pc-win32
LogInit:  - supports SSL with OpenSSL/1.1.1
LogInit:  - supports HTTP deflate (compression) using libz 1.2.8
LogInit:  - other features:
LogInit:      CURL_VERSION_SSL
LogInit:      CURL_VERSION_LIBZ
LogInit:      CURL_VERSION_IPV6
LogInit:      CURL_VERSION_ASYNCHDNS
LogInit:      CURL_VERSION_LARGEFILE
LogInit:      CURL_VERSION_IDN
LogInit:  CurlRequestOptions (configurable via config and command line):
LogInit:  - bVerifyPeer = true  - Libcurl will verify peer certificate
LogInit:  - bUseHttpProxy = false  - Libcurl will NOT use HTTP proxy
LogInit:  - bDontReuseConnections = false  - Libcurl will reuse connections
LogInit:  - MaxHostConnections = 16  - Libcurl will limit the number of connections to a host
LogInit:  - LocalHostAddr = Default
LogInit:  - BufferSize = 65536
LogOnline: OSS: Creating online subsystem instance for: NULL
LogInit: WinSock: version 1.1 (2.2), MaxSocks=32767, MaxUdp=65467
LogOnline: OSS: TryLoadSubsystemAndSetDefault: Loaded subsystem for module [NULL]
PixWinPlugin: PIX capture plugin failed to initialize! Check that the process is launched from PIX.
LogOculusPluginWrapper: OculusPlugin initialized successfully
LogHMD: Failed initializing OVRPlugin 1.59.0
LogInit: Build: ++UE4+Release-4.27-CL-0
LogInit: Engine Version: 4.27.2-0+++UE4+Release-4.27
LogInit: Compatible Engine Version: 4.27.0-0+++UE4+Release-4.27
LogInit: Net CL: 0
LogInit: OS: Windows 10 (Release 2009) (), CPU: Intel(R) Core(TM) i7-8700 CPU @ 3.20GHz, GPU: NVIDIA GeForce GTX 1660 Ti
LogInit: Compiled (64-bit): Mar 12 2024 21:46:05
LogInit: Compiled with Visual C++: 19.39.33521.00
LogInit: Build Configuration: Development
LogInit: Branch Name: ++UE4+Release-4.27
LogInit: Command Line:  -skipcompile
LogInit: Base Directory: C:/Program Files (x86)/UE4.27/UnrealEngine-4.27/Engine/Binaries/Win64/
LogInit: Allocator: TBB
LogInit: Installed Engine Build: 0
LogDevObjectVersion: Number of dev versions registered: 29
LogDevObjectVersion:   Dev-Blueprints (B0D832E4-1F89-4F0D-ACCF-7EB736FD4AA2): 10
LogDevObjectVersion:   Dev-Build (E1C64328-A22C-4D53-A36C-8E866417BD8C): 0
LogDevObjectVersion:   Dev-Core (375EC13C-06E4-48FB-B500-84F0262A717E): 4
LogDevObjectVersion:   Dev-Editor (E4B068ED-F494-42E9-A231-DA0B2E46BB41): 40
LogDevObjectVersion:   Dev-Framework (CFFC743F-43B0-4480-9391-14DF171D2073): 37
LogDevObjectVersion:   Dev-Mobile (B02B49B5-BB20-44E9-A304-32B752E40360): 3
LogDevObjectVersion:   Dev-Networking (A4E4105C-59A1-49B5-A7C5-40C4547EDFEE): 0
LogDevObjectVersion:   Dev-Online (39C831C9-5AE6-47DC-9A44-9C173E1C8E7C): 0
LogDevObjectVersion:   Dev-Physics (78F01B33-EBEA-4F98-B9B4-84EACCB95AA2): 14
LogDevObjectVersion:   Dev-Platform (6631380F-2D4D-43E0-8009-CF276956A95A): 0
LogDevObjectVersion:   Dev-Rendering (12F88B9F-8875-4AFC-A67C-D90C383ABD29): 45
LogDevObjectVersion:   Dev-Sequencer (7B5AE74C-D270-4C10-A958-57980B212A5A): 13
LogDevObjectVersion:   Dev-VR (D7296918-1DD6-4BDD-9DE2-64A83CC13884): 3
LogDevObjectVersion:   Dev-LoadTimes (C2A15278-BFE7-4AFE-6C17-90FF531DF755): 1
LogDevObjectVersion:   Private-Geometry (6EACA3D4-40EC-4CC1-B786-8BED09428FC5): 3
LogDevObjectVersion:   Dev-AnimPhys (29E575DD-E0A3-4627-9D10-D276232CDCEA): 17
LogDevObjectVersion:   Dev-Anim (AF43A65D-7FD3-4947-9873-3E8ED9C1BB05): 15
LogDevObjectVersion:   Dev-ReflectionCapture (6B266CEC-1EC7-4B8F-A30B-E4D90942FC07): 1
LogDevObjectVersion:   Dev-Automation (0DF73D61-A23F-47EA-B727-89E90C41499A): 1
LogDevObjectVersion:   FortniteMain (601D1886-AC64-4F84-AA16-D3DE0DEAC7D6): 47
LogDevObjectVersion:   FortniteRelease (E7086368-6B23-4C58-8439-1B7016265E91): 1
LogDevObjectVersion:   Dev-Enterprise (9DFFBCD6-494F-0158-E221-12823C92A888): 10
LogDevObjectVersion:   Dev-Niagara (F2AED0AC-9AFE-416F-8664-AA7FFA26D6FC): 1
LogDevObjectVersion:   Dev-Destruction (174F1F0B-B4C6-45A5-B13F-2EE8D0FB917D): 10
LogDevObjectVersion:   Dev-Physics-Ext (35F94A83-E258-406C-A318-09F59610247C): 41
LogDevObjectVersion:   Dev-PhysicsMaterial-Chaos (B68FC16E-8B1B-42E2-B453-215C058844FE): 1
LogDevObjectVersion:   Dev-CineCamera (B2E18506-4273-CFC2-A54E-F4BB758BBA07): 1
LogDevObjectVersion:   Dev-VirtualProduction (64F58936-FD1B-42BA-BA96-7289D5D0FA4E): 1
LogDevObjectVersion:   Dev-MediaFramework (6F0ED827-A609-4895-9C91-998D90180EA4): 2
LogInit: Presizing for max 25165824 objects, including 0 objects not considered by GC, pre-allocating 0 bytes for permanent pool.
LogConfig: Applying CVar settings from Section [/Script/Engine.StreamingSettings] File [D:/GitHub/NetShootRewrite/Saved/Config/Windows/Engine.ini]
LogConfig: Setting CVar [[s.MinBulkDataSizeForAsyncLoading:131072]]
LogConfig: Setting CVar [[s.AsyncLoadingThreadEnabled:0]]
LogConfig: Setting CVar [[s.EventDrivenLoaderEnabled:1]]
LogConfig: Setting CVar [[s.WarnIfTimeLimitExceeded:0]]
LogConfig: Setting CVar [[s.TimeLimitExceededMultiplier:1.5]]
LogConfig: Setting CVar [[s.TimeLimitExceededMinTime:0.005]]
LogConfig: Setting CVar [[s.UseBackgroundLevelStreaming:1]]
LogConfig: Setting CVar [[s.PriorityAsyncLoadingExtraTime:15.0]]
LogConfig: Setting CVar [[s.LevelStreamingActorsUpdateTimeLimit:5.0]]
LogConfig: Setting CVar [[s.PriorityLevelStreamingActorsUpdateExtraTime:5.0]]
LogConfig: Setting CVar [[s.LevelStreamingComponentsRegistrationGranularity:10]]
LogConfig: Setting CVar [[s.UnregisterComponentsTimeLimit:1.0]]
LogConfig: Setting CVar [[s.LevelStreamingComponentsUnregistrationGranularity:5]]
LogConfig: Setting CVar [[s.FlushStreamingOnExit:1]]
LogInit: Object subsystem initialized
LogConfig: Setting CVar [[con.DebugEarlyDefault:1]]
LogConfig: Setting CVar [[r.setres:1280x720]]
[2024.03.20-03.11.20:496][  0]LogConfig: Setting CVar [[r.VSync:0]]
[2024.03.20-03.11.20:496][  0]LogConfig: Setting CVar [[r.RHICmdBypass:0]]
[2024.03.20-03.11.20:496][  0]LogConfig: Applying CVar settings from Section [/Script/Engine.RendererSettings] File [D:/GitHub/NetShootRewrite/Saved/Config/Windows/Engine.ini]
[2024.03.20-03.11.20:496][  0]LogConfig: Setting CVar [[r.GPUCrashDebugging:0]]
[2024.03.20-03.11.20:496][  0]LogConfig: Applying CVar settings from Section [/Script/Engine.RendererOverrideSettings] File [D:/GitHub/NetShootRewrite/Saved/Config/Windows/Engine.ini]
[2024.03.20-03.11.20:496][  0]LogConfig: Applying CVar settings from Section [/Script/Engine.StreamingSettings] File [D:/GitHub/NetShootRewrite/Saved/Config/Windows/Engine.ini]
[2024.03.20-03.11.20:496][  0]LogConfig: Setting CVar [[s.MinBulkDataSizeForAsyncLoading:131072]]
[2024.03.20-03.11.20:496][  0]LogConfig: Setting CVar [[s.AsyncLoadingThreadEnabled:0]]
[2024.03.20-03.11.20:496][  0]LogConfig: Setting CVar [[s.EventDrivenLoaderEnabled:1]]
[2024.03.20-03.11.20:496][  0]LogConfig: Setting CVar [[s.WarnIfTimeLimitExceeded:0]]
[2024.03.20-03.11.20:496][  0]LogConfig: Setting CVar [[s.TimeLimitExceededMultiplier:1.5]]
[2024.03.20-03.11.20:496][  0]LogConfig: Setting CVar [[s.TimeLimitExceededMinTime:0.005]]
[2024.03.20-03.11.20:496][  0]LogConfig: Setting CVar [[s.UseBackgroundLevelStreaming:1]]
[2024.03.20-03.11.20:496][  0]LogConfig: Setting CVar [[s.PriorityAsyncLoadingExtraTime:15.0]]
[2024.03.20-03.11.20:496][  0]LogConfig: Setting CVar [[s.LevelStreamingActorsUpdateTimeLimit:5.0]]
[2024.03.20-03.11.20:496][  0]LogConfig: Setting CVar [[s.PriorityLevelStreamingActorsUpdateExtraTime:5.0]]
[2024.03.20-03.11.20:496][  0]LogConfig: Setting CVar [[s.LevelStreamingComponentsRegistrationGranularity:10]]
[2024.03.20-03.11.20:496][  0]LogConfig: Setting CVar [[s.UnregisterComponentsTimeLimit:1.0]]
[2024.03.20-03.11.20:496][  0]LogConfig: Setting CVar [[s.LevelStreamingComponentsUnregistrationGranularity:5]]
[2024.03.20-03.11.20:496][  0]LogConfig: Setting CVar [[s.FlushStreamingOnExit:1]]
[2024.03.20-03.11.20:496][  0]LogConfig: Applying CVar settings from Section [/Script/Engine.GarbageCollectionSettings] File [D:/GitHub/NetShootRewrite/Saved/Config/Windows/Engine.ini]
[2024.03.20-03.11.20:496][  0]LogConfig: Setting CVar [[gc.MaxObjectsNotConsideredByGC:1]]
[2024.03.20-03.11.20:496][  0]LogConfig: Setting CVar [[gc.SizeOfPermanentObjectPool:0]]
[2024.03.20-03.11.20:496][  0]LogConfig: Setting CVar [[gc.FlushStreamingOnGC:0]]
[2024.03.20-03.11.20:496][  0]LogConfig: Setting CVar [[gc.NumRetriesBeforeForcingGC:10]]
[2024.03.20-03.11.20:496][  0]LogConfig: Setting CVar [[gc.AllowParallelGC:1]]
[2024.03.20-03.11.20:496][  0]LogConfig: Setting CVar [[gc.TimeBetweenPurgingPendingKillObjects:61.1]]
[2024.03.20-03.11.20:496][  0]LogConfig: Setting CVar [[gc.MaxObjectsInEditor:25165824]]
[2024.03.20-03.11.20:496][  0]LogConfig: Setting CVar [[gc.IncrementalBeginDestroyEnabled:1]]
[2024.03.20-03.11.20:496][  0]LogConfig: Setting CVar [[gc.CreateGCClusters:1]]
[2024.03.20-03.11.20:496][  0]LogConfig: Setting CVar [[gc.MinGCClusterSize:5]]
[2024.03.20-03.11.20:496][  0]LogConfig: Setting CVar [[gc.ActorClusteringEnabled:0]]
[2024.03.20-03.11.20:496][  0]LogConfig: Setting CVar [[gc.BlueprintClusteringEnabled:0]]
[2024.03.20-03.11.20:496][  0]LogConfig: Setting CVar [[gc.UseDisregardForGCOnDedicatedServers:0]]
[2024.03.20-03.11.20:496][  0]LogConfig: Setting CVar [[gc.MultithreadedDestructionEnabled:1]]
[2024.03.20-03.11.20:496][  0]LogConfig: Applying CVar settings from Section [/Script/Engine.NetworkSettings] File [D:/GitHub/NetShootRewrite/Saved/Config/Windows/Engine.ini]
[2024.03.20-03.11.20:496][  0]LogConfig: Applying CVar settings from Section [/Script/UnrealEd.CookerSettings] File [D:/GitHub/NetShootRewrite/Saved/Config/Windows/Engine.ini]
[2024.03.20-03.11.20:539][  0]LogConfig: Applying CVar settings from Section [ViewDistanceQuality@3] File [D:/GitHub/NetShootRewrite/Saved/Config/Windows/Scalability.ini]
[2024.03.20-03.11.20:539][  0]LogConfig: Setting CVar [[r.SkeletalMeshLODBias:0]]
[2024.03.20-03.11.20:539][  0]LogConfig: Setting CVar [[r.ViewDistanceScale:1.0]]
[2024.03.20-03.11.20:539][  0]LogConfig: Applying CVar settings from Section [AntiAliasingQuality@3] File [D:/GitHub/NetShootRewrite/Saved/Config/Windows/Scalability.ini]
[2024.03.20-03.11.20:539][  0]LogConfig: Setting CVar [[r.PostProcessAAQuality:4]]
[2024.03.20-03.11.20:539][  0]LogConfig: Applying CVar settings from Section [ShadowQuality@3] File [D:/GitHub/NetShootRewrite/Saved/Config/Windows/Scalability.ini]
[2024.03.20-03.11.20:539][  0]LogConfig: Setting CVar [[r.LightFunctionQuality:1]]
[2024.03.20-03.11.20:539][  0]LogConfig: Setting CVar [[r.ShadowQuality:5]]
[2024.03.20-03.11.20:539][  0]LogConfig: Setting CVar [[r.Shadow.CSM.MaxCascades:10]]
[2024.03.20-03.11.20:539][  0]LogConfig: Setting CVar [[r.Shadow.MaxResolution:2048]]
[2024.03.20-03.11.20:539][  0]LogConfig: Setting CVar [[r.Shadow.MaxCSMResolution:2048]]
[2024.03.20-03.11.20:539][  0]LogConfig: Setting CVar [[r.Shadow.RadiusThreshold:0.01]]
[2024.03.20-03.11.20:539][  0]LogConfig: Setting CVar [[r.Shadow.DistanceScale:1.0]]
[2024.03.20-03.11.20:539][  0]LogConfig: Setting CVar [[r.Shadow.CSM.TransitionScale:1.0]]
[2024.03.20-03.11.20:539][  0]LogConfig: Setting CVar [[r.Shadow.PreShadowResolutionFactor:1.0]]
[2024.03.20-03.11.20:539][  0]LogConfig: Setting CVar [[r.DistanceFieldShadowing:1]]
[2024.03.20-03.11.20:539][  0]LogConfig: Setting CVar [[r.DistanceFieldAO:1]]
[2024.03.20-03.11.20:539][  0]LogConfig: Setting CVar [[r.AOQuality:2]]
[2024.03.20-03.11.20:539][  0]LogConfig: Setting CVar [[r.VolumetricFog:1]]
[2024.03.20-03.11.20:539][  0]LogConfig: Setting CVar [[r.VolumetricFog.GridPixelSize:8]]
[2024.03.20-03.11.20:539][  0]LogConfig: Setting CVar [[r.VolumetricFog.GridSizeZ:128]]
[2024.03.20-03.11.20:539][  0]LogConfig: Setting CVar [[r.VolumetricFog.HistoryMissSupersampleCount:4]]
[2024.03.20-03.11.20:539][  0]LogConfig: Setting CVar [[r.LightMaxDrawDistanceScale:1]]
[2024.03.20-03.11.20:539][  0]LogConfig: Setting CVar [[r.CapsuleShadows:1]]
[2024.03.20-03.11.20:539][  0]LogConfig: Applying CVar settings from Section [PostProcessQuality@3] File [D:/GitHub/NetShootRewrite/Saved/Config/Windows/Scalability.ini]
[2024.03.20-03.11.20:539][  0]LogConfig: Setting CVar [[r.MotionBlurQuality:4]]
[2024.03.20-03.11.20:539][  0]LogConfig: Setting CVar [[r.AmbientOcclusionMipLevelFactor:0.4]]
[2024.03.20-03.11.20:539][  0]LogConfig: Setting CVar [[r.AmbientOcclusionMaxQuality:100]]
[2024.03.20-03.11.20:539][  0]LogConfig: Setting CVar [[r.AmbientOcclusionLevels:-1]]
[2024.03.20-03.11.20:539][  0]LogConfig: Setting CVar [[r.AmbientOcclusionRadiusScale:1.0]]
[2024.03.20-03.11.20:539][  0]LogConfig: Setting CVar [[r.DepthOfFieldQuality:2]]
[2024.03.20-03.11.20:539][  0]LogConfig: Setting CVar [[r.RenderTargetPoolMin:400]]
[2024.03.20-03.11.20:539][  0]LogConfig: Setting CVar [[r.LensFlareQuality:2]]
[2024.03.20-03.11.20:539][  0]LogConfig: Setting CVar [[r.SceneColorFringeQuality:1]]
[2024.03.20-03.11.20:539][  0]LogConfig: Setting CVar [[r.EyeAdaptationQuality:2]]
[2024.03.20-03.11.20:539][  0]LogConfig: Setting CVar [[r.BloomQuality:5]]
[2024.03.20-03.11.20:539][  0]LogConfig: Setting CVar [[r.FastBlurThreshold:100]]
[2024.03.20-03.11.20:539][  0]LogConfig: Setting CVar [[r.Upscale.Quality:3]]
[2024.03.20-03.11.20:539][  0]LogConfig: Setting CVar [[r.Tonemapper.GrainQuantization:1]]
[2024.03.20-03.11.20:539][  0]LogConfig: Setting CVar [[r.LightShaftQuality:1]]
[2024.03.20-03.11.20:539][  0]LogConfig: Setting CVar [[r.Filter.SizeScale:1]]
[2024.03.20-03.11.20:539][  0]LogConfig: Setting CVar [[r.Tonemapper.Quality:5]]
[2024.03.20-03.11.20:539][  0]LogConfig: Setting CVar [[r.DOF.Gather.AccumulatorQuality:1        ; higher gathering accumulator quality]]
[2024.03.20-03.11.20:539][  0]LogConfig: Setting CVar [[r.DOF.Gather.PostfilterMethod:1          ; Median3x3 postfilering method]]
[2024.03.20-03.11.20:539][  0]LogConfig: Setting CVar [[r.DOF.Gather.EnableBokehSettings:0       ; no bokeh simulation when gathering]]
[2024.03.20-03.11.20:539][  0]LogConfig: Setting CVar [[r.DOF.Gather.RingCount:4                 ; medium number of samples when gathering]]
[2024.03.20-03.11.20:539][  0]LogConfig: Setting CVar [[r.DOF.Scatter.ForegroundCompositing:1    ; additive foreground scattering]]
[2024.03.20-03.11.20:539][  0]LogConfig: Setting CVar [[r.DOF.Scatter.BackgroundCompositing:2    ; additive background scattering]]
[2024.03.20-03.11.20:539][  0]LogConfig: Setting CVar [[r.DOF.Scatter.EnableBokehSettings:1      ; bokeh simulation when scattering]]
[2024.03.20-03.11.20:539][  0]LogConfig: Setting CVar [[r.DOF.Scatter.MaxSpriteRatio:0.1         ; only a maximum of 10% of scattered bokeh]]
[2024.03.20-03.11.20:539][  0]LogConfig: Setting CVar [[r.DOF.Recombine.Quality:1                ; cheap slight out of focus]]
[2024.03.20-03.11.20:539][  0]LogConfig: Setting CVar [[r.DOF.Recombine.EnableBokehSettings:0    ; no bokeh simulation on slight out of focus]]
[2024.03.20-03.11.20:539][  0]LogConfig: Setting CVar [[r.DOF.TemporalAAQuality:1                ; more stable temporal accumulation]]
[2024.03.20-03.11.20:539][  0]LogConfig: Setting CVar [[r.DOF.Kernel.MaxForegroundRadius:0.025]]
[2024.03.20-03.11.20:539][  0]LogConfig: Setting CVar [[r.DOF.Kernel.MaxBackgroundRadius:0.025]]
[2024.03.20-03.11.20:539][  0]LogConfig: Applying CVar settings from Section [TextureQuality@3] File [D:/GitHub/NetShootRewrite/Saved/Config/Windows/Scalability.ini]
[2024.03.20-03.11.20:539][  0]LogConfig: Setting CVar [[r.Streaming.MipBias:0]]
[2024.03.20-03.11.20:539][  0]LogConfig: Setting CVar [[r.Streaming.AmortizeCPUToGPUCopy:0]]
[2024.03.20-03.11.20:539][  0]LogConfig: Setting CVar [[r.Streaming.MaxNumTexturesToStreamPerFrame:0]]
[2024.03.20-03.11.20:539][  0]LogConfig: Setting CVar [[r.Streaming.Boost:1]]
[2024.03.20-03.11.20:539][  0]LogConfig: Setting CVar [[r.MaxAnisotropy:8]]
[2024.03.20-03.11.20:539][  0]LogConfig: Setting CVar [[r.VT.MaxAnisotropy:8]]
[2024.03.20-03.11.20:539][  0]LogConfig: Setting CVar [[r.Streaming.LimitPoolSizeToVRAM:0]]
[2024.03.20-03.11.20:539][  0]LogConfig: Setting CVar [[r.Streaming.PoolSize:1000]]
[2024.03.20-03.11.20:539][  0]LogConfig: Setting CVar [[r.Streaming.MaxEffectiveScreenSize:0]]
[2024.03.20-03.11.20:539][  0]LogConfig: Applying CVar settings from Section [EffectsQuality@3] File [D:/GitHub/NetShootRewrite/Saved/Config/Windows/Scalability.ini]
[2024.03.20-03.11.20:539][  0]LogConfig: Setting CVar [[r.TranslucencyLightingVolumeDim:64]]
[2024.03.20-03.11.20:539][  0]LogConfig: Setting CVar [[r.RefractionQuality:2]]
[2024.03.20-03.11.20:539][  0]LogConfig: Setting CVar [[r.SSR.Quality:3]]
[2024.03.20-03.11.20:539][  0]LogConfig: Setting CVar [[r.SSR.HalfResSceneColor:0]]
[2024.03.20-03.11.20:539][  0]LogConfig: Setting CVar [[r.SceneColorFormat:4]]
[2024.03.20-03.11.20:539][  0]LogConfig: Setting CVar [[r.DetailMode:2]]
[2024.03.20-03.11.20:539][  0]LogConfig: Setting CVar [[r.TranslucencyVolumeBlur:1]]
[2024.03.20-03.11.20:539][  0]LogConfig: Setting CVar [[r.MaterialQualityLevel:1 ; High quality]]
[2024.03.20-03.11.20:539][  0]LogConfig: Setting CVar [[r.AnisotropicMaterials:1]]
[2024.03.20-03.11.20:539][  0]LogConfig: Setting CVar [[r.SSS.Scale:1]]
[2024.03.20-03.11.20:539][  0]LogConfig: Setting CVar [[r.SSS.SampleSet:2]]
[2024.03.20-03.11.20:539][  0]LogConfig: Setting CVar [[r.SSS.Quality:1]]
[2024.03.20-03.11.20:539][  0]LogConfig: Setting CVar [[r.SSS.HalfRes:0]]
[2024.03.20-03.11.20:539][  0]LogConfig: Setting CVar [[r.SSGI.Quality:3]]
[2024.03.20-03.11.20:539][  0]LogConfig: Setting CVar [[r.EmitterSpawnRateScale:1.0]]
[2024.03.20-03.11.20:539][  0]LogConfig: Setting CVar [[r.ParticleLightQuality:2]]
[2024.03.20-03.11.20:539][  0]LogConfig: Setting CVar [[r.SkyAtmosphere.AerialPerspectiveLUT.FastApplyOnOpaque:1 ; Always have FastSkyLUT 1 in this case to avoid wrong sky]]
[2024.03.20-03.11.20:539][  0]LogConfig: Setting CVar [[r.SkyAtmosphere.AerialPerspectiveLUT.SampleCountMaxPerSlice:4]]
[2024.03.20-03.11.20:540][  0]LogConfig: Setting CVar [[r.SkyAtmosphere.AerialPerspectiveLUT.DepthResolution:16.0]]
[2024.03.20-03.11.20:540][  0]LogConfig: Setting CVar [[r.SkyAtmosphere.FastSkyLUT:1]]
[2024.03.20-03.11.20:540][  0]LogConfig: Setting CVar [[r.SkyAtmosphere.FastSkyLUT.SampleCountMin:4.0]]
[2024.03.20-03.11.20:540][  0]LogConfig: Setting CVar [[r.SkyAtmosphere.FastSkyLUT.SampleCountMax:128.0]]
[2024.03.20-03.11.20:540][  0]LogConfig: Setting CVar [[r.SkyAtmosphere.SampleCountMin:4.0]]
[2024.03.20-03.11.20:540][  0]LogConfig: Setting CVar [[r.SkyAtmosphere.SampleCountMax:128.0]]
[2024.03.20-03.11.20:540][  0]LogConfig: Setting CVar [[r.SkyAtmosphere.TransmittanceLUT.UseSmallFormat:0]]
[2024.03.20-03.11.20:540][  0]LogConfig: Setting CVar [[r.SkyAtmosphere.TransmittanceLUT.SampleCount:10.0]]
[2024.03.20-03.11.20:540][  0]LogConfig: Setting CVar [[r.SkyAtmosphere.MultiScatteringLUT.SampleCount:15.0]]
[2024.03.20-03.11.20:540][  0]LogConfig: Setting CVar [[r.SkyLight.RealTimeReflectionCapture:1]]
[2024.03.20-03.11.20:540][  0]LogConfig: Applying CVar settings from Section [FoliageQuality@3] File [D:/GitHub/NetShootRewrite/Saved/Config/Windows/Scalability.ini]
[2024.03.20-03.11.20:540][  0]LogConfig: Setting CVar [[foliage.DensityScale:1.0]]
[2024.03.20-03.11.20:540][  0]LogConfig: Setting CVar [[grass.DensityScale:1.0]]
[2024.03.20-03.11.20:540][  0]LogConfig: Applying CVar settings from Section [ShadingQuality@3] File [D:/GitHub/NetShootRewrite/Saved/Config/Windows/Scalability.ini]
[2024.03.20-03.11.20:540][  0]LogConfig: Setting CVar [[r.HairStrands.SkyLighting.IntegrationType:2]]
[2024.03.20-03.11.20:540][  0]LogConfig: Setting CVar [[r.HairStrands.SkyAO.SampleCount:4]]
[2024.03.20-03.11.20:540][  0]LogConfig: Setting CVar [[r.HairStrands.Visibility.MSAA.SamplePerPixel:4]]
[2024.03.20-03.11.20:540][  0]LogInit: Selected Device Profile: [Windows]
[2024.03.20-03.11.20:540][  0]LogInit: Applying CVar settings loaded from the selected device profile: [Windows]
[2024.03.20-03.11.20:540][  0]LogHAL: Display: Platform has ~ 16 GB [17105735680 / 17179869184 / 16], which maps to Larger [LargestMinGB=32, LargerMinGB=12, DefaultMinGB=8, SmallerMinGB=6, SmallestMinGB=0)
[2024.03.20-03.11.20:540][  0]LogInit: Going up to parent DeviceProfile []
[2024.03.20-03.11.20:540][  0]LogConfig: Applying CVar settings from Section [ViewDistanceQuality@3] File [D:/GitHub/NetShootRewrite/Saved/Config/Windows/Scalability.ini]
[2024.03.20-03.11.20:540][  0]LogConfig: Setting CVar [[r.SkeletalMeshLODBias:0]]
[2024.03.20-03.11.20:540][  0]LogConfig: Setting CVar [[r.ViewDistanceScale:1.0]]
[2024.03.20-03.11.20:540][  0]LogConfig: Applying CVar settings from Section [AntiAliasingQuality@3] File [D:/GitHub/NetShootRewrite/Saved/Config/Windows/Scalability.ini]
[2024.03.20-03.11.20:540][  0]LogConfig: Setting CVar [[r.PostProcessAAQuality:4]]
[2024.03.20-03.11.20:540][  0]LogConfig: Applying CVar settings from Section [ShadowQuality@3] File [D:/GitHub/NetShootRewrite/Saved/Config/Windows/Scalability.ini]
[2024.03.20-03.11.20:540][  0]LogConfig: Setting CVar [[r.LightFunctionQuality:1]]
[2024.03.20-03.11.20:540][  0]LogConfig: Setting CVar [[r.ShadowQuality:5]]
[2024.03.20-03.11.20:540][  0]LogConfig: Setting CVar [[r.Shadow.CSM.MaxCascades:10]]
[2024.03.20-03.11.20:540][  0]LogConfig: Setting CVar [[r.Shadow.MaxResolution:2048]]
[2024.03.20-03.11.20:540][  0]LogConfig: Setting CVar [[r.Shadow.MaxCSMResolution:2048]]
[2024.03.20-03.11.20:540][  0]LogConfig: Setting CVar [[r.Shadow.RadiusThreshold:0.01]]
[2024.03.20-03.11.20:540][  0]LogConfig: Setting CVar [[r.Shadow.DistanceScale:1.0]]
[2024.03.20-03.11.20:540][  0]LogConfig: Setting CVar [[r.Shadow.CSM.TransitionScale:1.0]]
[2024.03.20-03.11.20:540][  0]LogConfig: Setting CVar [[r.Shadow.PreShadowResolutionFactor:1.0]]
[2024.03.20-03.11.20:540][  0]LogConfig: Setting CVar [[r.DistanceFieldShadowing:1]]
[2024.03.20-03.11.20:540][  0]LogConfig: Setting CVar [[r.DistanceFieldAO:1]]
[2024.03.20-03.11.20:540][  0]LogConfig: Setting CVar [[r.AOQuality:2]]
[2024.03.20-03.11.20:540][  0]LogConfig: Setting CVar [[r.VolumetricFog:1]]
[2024.03.20-03.11.20:540][  0]LogConfig: Setting CVar [[r.VolumetricFog.GridPixelSize:8]]
[2024.03.20-03.11.20:540][  0]LogConfig: Setting CVar [[r.VolumetricFog.GridSizeZ:128]]
[2024.03.20-03.11.20:540][  0]LogConfig: Setting CVar [[r.VolumetricFog.HistoryMissSupersampleCount:4]]
[2024.03.20-03.11.20:540][  0]LogConfig: Setting CVar [[r.LightMaxDrawDistanceScale:1]]
[2024.03.20-03.11.20:540][  0]LogConfig: Setting CVar [[r.CapsuleShadows:1]]
[2024.03.20-03.11.20:540][  0]LogConfig: Applying CVar settings from Section [PostProcessQuality@3] File [D:/GitHub/NetShootRewrite/Saved/Config/Windows/Scalability.ini]
[2024.03.20-03.11.20:540][  0]LogConfig: Setting CVar [[r.MotionBlurQuality:4]]
[2024.03.20-03.11.20:540][  0]LogConfig: Setting CVar [[r.AmbientOcclusionMipLevelFactor:0.4]]
[2024.03.20-03.11.20:540][  0]LogConfig: Setting CVar [[r.AmbientOcclusionMaxQuality:100]]
[2024.03.20-03.11.20:540][  0]LogConfig: Setting CVar [[r.AmbientOcclusionLevels:-1]]
[2024.03.20-03.11.20:540][  0]LogConfig: Setting CVar [[r.AmbientOcclusionRadiusScale:1.0]]
[2024.03.20-03.11.20:540][  0]LogConfig: Setting CVar [[r.DepthOfFieldQuality:2]]
[2024.03.20-03.11.20:540][  0]LogConfig: Setting CVar [[r.RenderTargetPoolMin:400]]
[2024.03.20-03.11.20:540][  0]LogConfig: Setting CVar [[r.LensFlareQuality:2]]
[2024.03.20-03.11.20:540][  0]LogConfig: Setting CVar [[r.SceneColorFringeQuality:1]]
[2024.03.20-03.11.20:540][  0]LogConfig: Setting CVar [[r.EyeAdaptationQuality:2]]
[2024.03.20-03.11.20:540][  0]LogConfig: Setting CVar [[r.BloomQuality:5]]
[2024.03.20-03.11.20:540][  0]LogConfig: Setting CVar [[r.FastBlurThreshold:100]]
[2024.03.20-03.11.20:540][  0]LogConfig: Setting CVar [[r.Upscale.Quality:3]]
[2024.03.20-03.11.20:540][  0]LogConfig: Setting CVar [[r.Tonemapper.GrainQuantization:1]]
[2024.03.20-03.11.20:540][  0]LogConfig: Setting CVar [[r.LightShaftQuality:1]]
[2024.03.20-03.11.20:540][  0]LogConfig: Setting CVar [[r.Filter.SizeScale:1]]
[2024.03.20-03.11.20:540][  0]LogConfig: Setting CVar [[r.Tonemapper.Quality:5]]
[2024.03.20-03.11.20:540][  0]LogConfig: Setting CVar [[r.DOF.Gather.AccumulatorQuality:1        ; higher gathering accumulator quality]]
[2024.03.20-03.11.20:540][  0]LogConfig: Setting CVar [[r.DOF.Gather.PostfilterMethod:1          ; Median3x3 postfilering method]]
[2024.03.20-03.11.20:540][  0]LogConfig: Setting CVar [[r.DOF.Gather.EnableBokehSettings:0       ; no bokeh simulation when gathering]]
[2024.03.20-03.11.20:540][  0]LogConfig: Setting CVar [[r.DOF.Gather.RingCount:4                 ; medium number of samples when gathering]]
[2024.03.20-03.11.20:540][  0]LogConfig: Setting CVar [[r.DOF.Scatter.ForegroundCompositing:1    ; additive foreground scattering]]
[2024.03.20-03.11.20:540][  0]LogConfig: Setting CVar [[r.DOF.Scatter.BackgroundCompositing:2    ; additive background scattering]]
[2024.03.20-03.11.20:540][  0]LogConfig: Setting CVar [[r.DOF.Scatter.EnableBokehSettings:1      ; bokeh simulation when scattering]]
[2024.03.20-03.11.20:540][  0]LogConfig: Setting CVar [[r.DOF.Scatter.MaxSpriteRatio:0.1         ; only a maximum of 10% of scattered bokeh]]
[2024.03.20-03.11.20:540][  0]LogConfig: Setting CVar [[r.DOF.Recombine.Quality:1                ; cheap slight out of focus]]
[2024.03.20-03.11.20:540][  0]LogConfig: Setting CVar [[r.DOF.Recombine.EnableBokehSettings:0    ; no bokeh simulation on slight out of focus]]
[2024.03.20-03.11.20:540][  0]LogConfig: Setting CVar [[r.DOF.TemporalAAQuality:1                ; more stable temporal accumulation]]
[2024.03.20-03.11.20:540][  0]LogConfig: Setting CVar [[r.DOF.Kernel.MaxForegroundRadius:0.025]]
[2024.03.20-03.11.20:540][  0]LogConfig: Setting CVar [[r.DOF.Kernel.MaxBackgroundRadius:0.025]]
[2024.03.20-03.11.20:540][  0]LogConfig: Applying CVar settings from Section [TextureQuality@3] File [D:/GitHub/NetShootRewrite/Saved/Config/Windows/Scalability.ini]
[2024.03.20-03.11.20:540][  0]LogConfig: Setting CVar [[r.Streaming.MipBias:0]]
[2024.03.20-03.11.20:540][  0]LogConfig: Setting CVar [[r.Streaming.AmortizeCPUToGPUCopy:0]]
[2024.03.20-03.11.20:540][  0]LogConfig: Setting CVar [[r.Streaming.MaxNumTexturesToStreamPerFrame:0]]
[2024.03.20-03.11.20:540][  0]LogConfig: Setting CVar [[r.Streaming.Boost:1]]
[2024.03.20-03.11.20:540][  0]LogConfig: Setting CVar [[r.MaxAnisotropy:8]]
[2024.03.20-03.11.20:540][  0]LogConfig: Setting CVar [[r.VT.MaxAnisotropy:8]]
[2024.03.20-03.11.20:540][  0]LogConfig: Setting CVar [[r.Streaming.LimitPoolSizeToVRAM:0]]
[2024.03.20-03.11.20:540][  0]LogConfig: Setting CVar [[r.Streaming.PoolSize:1000]]
[2024.03.20-03.11.20:541][  0]LogConfig: Setting CVar [[r.Streaming.MaxEffectiveScreenSize:0]]
[2024.03.20-03.11.20:541][  0]LogConfig: Applying CVar settings from Section [EffectsQuality@3] File [D:/GitHub/NetShootRewrite/Saved/Config/Windows/Scalability.ini]
[2024.03.20-03.11.20:541][  0]LogConfig: Setting CVar [[r.TranslucencyLightingVolumeDim:64]]
[2024.03.20-03.11.20:541][  0]LogConfig: Setting CVar [[r.RefractionQuality:2]]
[2024.03.20-03.11.20:541][  0]LogConfig: Setting CVar [[r.SSR.Quality:3]]
[2024.03.20-03.11.20:541][  0]LogConfig: Setting CVar [[r.SSR.HalfResSceneColor:0]]
[2024.03.20-03.11.20:541][  0]LogConfig: Setting CVar [[r.SceneColorFormat:4]]
[2024.03.20-03.11.20:541][  0]LogConfig: Setting CVar [[r.DetailMode:2]]
[2024.03.20-03.11.20:541][  0]LogConfig: Setting CVar [[r.TranslucencyVolumeBlur:1]]
[2024.03.20-03.11.20:541][  0]LogConfig: Setting CVar [[r.MaterialQualityLevel:1 ; High quality]]
[2024.03.20-03.11.20:541][  0]LogConfig: Setting CVar [[r.AnisotropicMaterials:1]]
[2024.03.20-03.11.20:541][  0]LogConfig: Setting CVar [[r.SSS.Scale:1]]
[2024.03.20-03.11.20:541][  0]LogConfig: Setting CVar [[r.SSS.SampleSet:2]]
[2024.03.20-03.11.20:541][  0]LogConfig: Setting CVar [[r.SSS.Quality:1]]
[2024.03.20-03.11.20:541][  0]LogConfig: Setting CVar [[r.SSS.HalfRes:0]]
[2024.03.20-03.11.20:541][  0]LogConfig: Setting CVar [[r.SSGI.Quality:3]]
[2024.03.20-03.11.20:541][  0]LogConfig: Setting CVar [[r.EmitterSpawnRateScale:1.0]]
[2024.03.20-03.11.20:541][  0]LogConfig: Setting CVar [[r.ParticleLightQuality:2]]
[2024.03.20-03.11.20:541][  0]LogConfig: Setting CVar [[r.SkyAtmosphere.AerialPerspectiveLUT.FastApplyOnOpaque:1 ; Always have FastSkyLUT 1 in this case to avoid wrong sky]]
[2024.03.20-03.11.20:541][  0]LogConfig: Setting CVar [[r.SkyAtmosphere.AerialPerspectiveLUT.SampleCountMaxPerSlice:4]]
[2024.03.20-03.11.20:541][  0]LogConfig: Setting CVar [[r.SkyAtmosphere.AerialPerspectiveLUT.DepthResolution:16.0]]
[2024.03.20-03.11.20:541][  0]LogConfig: Setting CVar [[r.SkyAtmosphere.FastSkyLUT:1]]
[2024.03.20-03.11.20:541][  0]LogConfig: Setting CVar [[r.SkyAtmosphere.FastSkyLUT.SampleCountMin:4.0]]
[2024.03.20-03.11.20:541][  0]LogConfig: Setting CVar [[r.SkyAtmosphere.FastSkyLUT.SampleCountMax:128.0]]
[2024.03.20-03.11.20:541][  0]LogConfig: Setting CVar [[r.SkyAtmosphere.SampleCountMin:4.0]]
[2024.03.20-03.11.20:541][  0]LogConfig: Setting CVar [[r.SkyAtmosphere.SampleCountMax:128.0]]
[2024.03.20-03.11.20:541][  0]LogConfig: Setting CVar [[r.SkyAtmosphere.TransmittanceLUT.UseSmallFormat:0]]
[2024.03.20-03.11.20:541][  0]LogConfig: Setting CVar [[r.SkyAtmosphere.TransmittanceLUT.SampleCount:10.0]]
[2024.03.20-03.11.20:541][  0]LogConfig: Setting CVar [[r.SkyAtmosphere.MultiScatteringLUT.SampleCount:15.0]]
[2024.03.20-03.11.20:541][  0]LogConfig: Setting CVar [[r.SkyLight.RealTimeReflectionCapture:1]]
[2024.03.20-03.11.20:541][  0]LogConfig: Applying CVar settings from Section [FoliageQuality@3] File [D:/GitHub/NetShootRewrite/Saved/Config/Windows/Scalability.ini]
[2024.03.20-03.11.20:541][  0]LogConfig: Setting CVar [[foliage.DensityScale:1.0]]
[2024.03.20-03.11.20:541][  0]LogConfig: Setting CVar [[grass.DensityScale:1.0]]
[2024.03.20-03.11.20:541][  0]LogConfig: Applying CVar settings from Section [ShadingQuality@3] File [D:/GitHub/NetShootRewrite/Saved/Config/Windows/Scalability.ini]
[2024.03.20-03.11.20:541][  0]LogConfig: Setting CVar [[r.HairStrands.SkyLighting.IntegrationType:2]]
[2024.03.20-03.11.20:541][  0]LogConfig: Setting CVar [[r.HairStrands.SkyAO.SampleCount:4]]
[2024.03.20-03.11.20:541][  0]LogConfig: Setting CVar [[r.HairStrands.Visibility.MSAA.SamplePerPixel:4]]
[2024.03.20-03.11.20:541][  0]LogConfig: Applying CVar settings from Section [Startup] File [../../../Engine/Config/ConsoleVariables.ini]
[2024.03.20-03.11.20:542][  0]LogConfig: Setting CVar [[net.UseAdaptiveNetUpdateFrequency:0]]
[2024.03.20-03.11.20:542][  0]LogConfig: Setting CVar [[p.chaos.AllowCreatePhysxBodies:1]]
[2024.03.20-03.11.20:542][  0]LogConfig: Setting CVar [[fx.SkipVectorVMBackendOptimizations:1]]
[2024.03.20-03.11.20:542][  0]LogConfig: Applying CVar settings from Section [ConsoleVariables] File [D:/GitHub/NetShootRewrite/Saved/Config/Windows/Engine.ini]
[2024.03.20-03.11.20:542][  0]LogConfig: Applying CVar settings from Section [ConsoleVariables] File [D:/GitHub/NetShootRewrite/Saved/Config/Windows/Editor.ini]
[2024.03.20-03.11.20:542][  0]LogInit: Computer: DESKTOP-6POMQQ5
[2024.03.20-03.11.20:542][  0]LogInit: User: ZTT
[2024.03.20-03.11.20:542][  0]LogInit: CPU Page size=4096, Cores=6
[2024.03.20-03.11.20:542][  0]LogInit: High frequency timer resolution =10.000000 MHz
[2024.03.20-03.11.20:542][  0]LogMemory: Memory total: Physical=15.9GB (16GB approx)
[2024.03.20-03.11.20:542][  0]LogMemory: Platform Memory Stats for Windows
[2024.03.20-03.11.20:542][  0]LogMemory: Process Physical Memory: 144.04 MB used, 144.04 MB peak
[2024.03.20-03.11.20:542][  0]LogMemory: Process Virtual Memory: 111.54 MB used, 111.54 MB peak
[2024.03.20-03.11.20:542][  0]LogMemory: Physical Memory: 13310.70 MB used,  3002.60 MB free, 16313.30 MB total
[2024.03.20-03.11.20:542][  0]LogMemory: Virtual Memory: 134205760.00 MB used,  11970.38 MB free, 134217728.00 MB total
[2024.03.20-03.11.20:549][  0]LogWindows: WindowsPlatformFeatures enabled
[2024.03.20-03.11.20:586][  0]LogInit: Physics initialised using underlying interface: PhysX
[2024.03.20-03.11.20:587][  0]LogInit: Overriding language with editor language configuration option (zh-Hans).
[2024.03.20-03.11.20:587][  0]LogInit: Using OS detected locale (zh-CN).
[2024.03.20-03.11.20:810][  0]LogTextLocalizationResource: LocRes '../../../Engine/Content/Localization/Editor/zh/Editor.locres' could not be opened for reading!
[2024.03.20-03.11.20:810][  0]LogTextLocalizationResource: LocRes '../../../Engine/Content/Localization/EditorTutorials/zh/EditorTutorials.locres' could not be opened for reading!
[2024.03.20-03.11.20:810][  0]LogTextLocalizationResource: LocRes '../../../Engine/Content/Localization/Keywords/zh/Keywords.locres' could not be opened for reading!
[2024.03.20-03.11.20:810][  0]LogTextLocalizationResource: LocRes '../../../Engine/Content/Localization/Category/zh/Category.locres' could not be opened for reading!
[2024.03.20-03.11.20:811][  0]LogTextLocalizationResource: LocRes '../../../Engine/Content/Localization/ToolTips/zh/ToolTips.locres' could not be opened for reading!
[2024.03.20-03.11.20:811][  0]LogTextLocalizationResource: LocRes '../../../Engine/Content/Localization/PropertyNames/zh/PropertyNames.locres' could not be opened for reading!
[2024.03.20-03.11.20:811][  0]LogTextLocalizationResource: LocRes '../../../Engine/Content/Localization/Engine/zh/Engine.locres' could not be opened for reading!
[2024.03.20-03.11.20:811][  0]LogTextLocalizationResource: LocRes '../../../Engine/Plugins/Online/OnlineSubsystem/Content/Localization/OnlineSubsystem/zh/OnlineSubsystem.locres' could not be opened for reading!
[2024.03.20-03.11.20:811][  0]LogTextLocalizationResource: LocRes '../../../Engine/Plugins/Online/OnlineSubsystemUtils/Content/Localization/OnlineSubsystemUtils/zh/OnlineSubsystemUtils.locres' could not be opened for reading!
[2024.03.20-03.11.20:811][  0]LogTextLocalizationResource: LocRes '../../../Engine/Plugins/Online/Android/OnlineSubsystemGooglePlay/Content/Localization/OnlineSubsystemGooglePlay/zh/OnlineSubsystemGooglePlay.locres' could not be opened for reading!
[2024.03.20-03.11.20:812][  0]LogTextLocalizationResource: LocRes '../../../Engine/Plugins/Online/IOS/OnlineSubsystemIOS/Content/Localization/OnlineSubsystemIOS/zh/OnlineSubsystemIOS.locres' could not be opened for reading!
[2024.03.20-03.11.20:857][  0]LogInit: Setting process to per monitor DPI aware
[2024.03.20-03.11.20:971][  0]LogWindowsTextInputMethodSystem: Display: IME system deactivated.
[2024.03.20-03.11.20:991][  0]LogSlate: New Slate User Created.  User Index 0, Is Virtual User: 0
[2024.03.20-03.11.20:991][  0]LogSlate: Slate User Registered.  User Index 0, Is Virtual User: 0
[2024.03.20-03.11.21:355][  0]LogD3D11RHI: Loaded GFSDK_Aftermath_Lib.x64.dll
[2024.03.20-03.11.21:359][  0]LogHMD: Failed to initialize OpenVR with code 110
[2024.03.20-03.11.21:359][  0]LogD3D11RHI: D3D11 min allowed feature level: 11_0
[2024.03.20-03.11.21:359][  0]LogD3D11RHI: D3D11 max allowed feature level: 11_0
[2024.03.20-03.11.21:359][  0]LogD3D11RHI: D3D11 adapters:
[2024.03.20-03.11.21:631][  0]LogD3D11RHI:    0. 'NVIDIA GeForce GTX 1660 Ti' (Feature Level 11_0)
[2024.03.20-03.11.21:631][  0]LogD3D11RHI:       5979/0/8156 MB DedicatedVideo/DedicatedSystem/SharedSystem, Outputs:1, VendorId:0x10de
[2024.03.20-03.11.21:635][  0]LogD3D11RHI:    1. 'Microsoft Basic Render Driver' (Feature Level 11_0)
[2024.03.20-03.11.21:635][  0]LogD3D11RHI:       0/0/8156 MB DedicatedVideo/DedicatedSystem/SharedSystem, Outputs:0, VendorId:0x1414
[2024.03.20-03.11.21:740][  0]LogD3D11RHI:    2. 'NVIDIA GeForce GTX 1660 Ti' (Feature Level 11_0)
[2024.03.20-03.11.21:740][  0]LogD3D11RHI:       5979/0/8156 MB DedicatedVideo/DedicatedSystem/SharedSystem, Outputs:0, VendorId:0x10de
[2024.03.20-03.11.21:740][  0]LogD3D11RHI: Chosen D3D11 Adapter:
[2024.03.20-03.11.21:740][  0]LogD3D11RHI:     Description : NVIDIA GeForce GTX 1660 Ti
[2024.03.20-03.11.21:740][  0]LogD3D11RHI:     VendorId    : 10de
[2024.03.20-03.11.21:740][  0]LogD3D11RHI:     DeviceId    : 2182
[2024.03.20-03.11.21:740][  0]LogD3D11RHI:     SubSysId    : 3fbe1458
[2024.03.20-03.11.21:740][  0]LogD3D11RHI:     Revision    : 00a1
[2024.03.20-03.11.21:740][  0]LogD3D11RHI:     DedicatedVideoMemory : 6269435904 bytes
[2024.03.20-03.11.21:740][  0]LogD3D11RHI:     DedicatedSystemMemory : 0 bytes
[2024.03.20-03.11.21:740][  0]LogD3D11RHI:     SharedSystemMemory : 8552867840 bytes
[2024.03.20-03.11.21:741][  0]LogD3D11RHI:     AdapterLuid : 0 50802
[2024.03.20-03.11.21:745][  0]LogD3D11RHI: Creating new Direct3DDevice
[2024.03.20-03.11.21:745][  0]LogD3D11RHI:     GPU DeviceId: 0x2182 (for the marketing name, search the web for "GPU Device Id")
[2024.03.20-03.11.21:745][  0]LogWindows: EnumDisplayDevices:
[2024.03.20-03.11.21:746][  0]LogWindows:    0. 'NVIDIA GeForce GTX 1660 Ti' (P:1 D:1)
[2024.03.20-03.11.21:746][  0]LogWindows:    1. 'NVIDIA GeForce GTX 1660 Ti' (P:0 D:0)
[2024.03.20-03.11.21:747][  0]LogWindows:    2. 'NVIDIA GeForce GTX 1660 Ti' (P:0 D:0)
[2024.03.20-03.11.21:747][  0]LogWindows:    3. 'NVIDIA GeForce GTX 1660 Ti' (P:0 D:0)
[2024.03.20-03.11.21:748][  0]LogWindows:    4. 'OrayIddDriver Device' (P:0 D:0)
[2024.03.20-03.11.21:748][  0]LogWindows:    5. 'OrayIddDriver Device' (P:0 D:0)
[2024.03.20-03.11.21:749][  0]LogWindows:    6. 'OrayIddDriver Device' (P:0 D:0)
[2024.03.20-03.11.21:749][  0]LogWindows:    7. 'OrayIddDriver Device' (P:0 D:0)
[2024.03.20-03.11.21:750][  0]LogWindows:    8. 'OrayIddDriver Device' (P:0 D:0)
[2024.03.20-03.11.21:751][  0]LogWindows: DebugString: GetVideoDriverDetailsInvalid PrimaryIsNotTheChoosenAdapter GetVideoDriverDetailsInvalid PrimaryIsNotTheChoosenAdapter GetVideoDriverDetailsInvalid PrimaryIsNotTheChoosenAdapter GetVideoDriverDetailsInvalid PrimaryIsNotTheChoosenAdapter GetVideoDriverDetailsInvalid PrimaryIsNotTheChoosenAdapter FoundDriverCount:4 
[2024.03.20-03.11.21:751][  0]LogD3D11RHI:     Adapter Name: NVIDIA GeForce GTX 1660 Ti
[2024.03.20-03.11.21:751][  0]LogD3D11RHI:   Driver Version: 536.23 (internal:31.0.15.3623, unified:536.23)
[2024.03.20-03.11.21:751][  0]LogD3D11RHI:      Driver Date: 6-8-2023
[2024.03.20-03.11.21:751][  0]LogRHI: Texture pool is 4185 MB (70% of 5979 MB)
[2024.03.20-03.11.21:751][  0]LogD3D11RHI: Creating D3DDevice using adapter:
[2024.03.20-03.11.21:751][  0]LogD3D11RHI:     Description : NVIDIA GeForce GTX 1660 Ti
[2024.03.20-03.11.21:751][  0]LogD3D11RHI:     VendorId    : 10de
[2024.03.20-03.11.21:751][  0]LogD3D11RHI:     DeviceId    : 2182
[2024.03.20-03.11.21:751][  0]LogD3D11RHI:     SubSysId    : 3fbe1458
[2024.03.20-03.11.21:751][  0]LogD3D11RHI:     Revision    : 00a1
[2024.03.20-03.11.21:751][  0]LogD3D11RHI:     DedicatedVideoMemory : 6269435904 bytes
[2024.03.20-03.11.21:751][  0]LogD3D11RHI:     DedicatedSystemMemory : 0 bytes
[2024.03.20-03.11.21:751][  0]LogD3D11RHI:     SharedSystemMemory : 8552867840 bytes
[2024.03.20-03.11.21:751][  0]LogD3D11RHI:     AdapterLuid : 0 50802
[2024.03.20-03.11.21:841][  0]LogD3D11RHI: RHI has support for 64 bit atomics
[2024.03.20-03.11.21:841][  0]LogD3D11RHI: Async texture creation enabled
[2024.03.20-03.11.21:841][  0]LogD3D11RHI: Array index from any shader is supported
[2024.03.20-03.11.21:845][  0]LogD3D11RHI: HDR output is supported on display 0 (NvId: 0x80061086).
[2024.03.20-03.11.21:858][  0]LogD3D11RHI: GPU Timing Frequency: 1000.000000 (Debug: 2 1)
[2024.03.20-03.11.21:933][  0]LogRHI: GeForceNow SDK initialized: 1
[2024.03.20-03.11.22:161][  0]LogTargetPlatformManager: Display: Loaded TargetPlatform 'AllDesktop'
[2024.03.20-03.11.22:180][  0]LogTargetPlatformManager: Display: Loaded TargetPlatform 'Android'
[2024.03.20-03.11.22:181][  0]LogTargetPlatformManager: Display: Loaded TargetPlatform 'Android_ASTC'
[2024.03.20-03.11.22:181][  0]LogTargetPlatformManager: Display: Loaded TargetPlatform 'Android_DXT'
[2024.03.20-03.11.22:181][  0]LogTargetPlatformManager: Display: Loaded TargetPlatform 'Android_ETC2'
[2024.03.20-03.11.22:181][  0]LogTargetPlatformManager: Display: Loaded TargetPlatform 'AndroidClient'
[2024.03.20-03.11.22:181][  0]LogTargetPlatformManager: Display: Loaded TargetPlatform 'Android_ASTCClient'
[2024.03.20-03.11.22:181][  0]LogTargetPlatformManager: Display: Loaded TargetPlatform 'Android_DXTClient'
[2024.03.20-03.11.22:181][  0]LogTargetPlatformManager: Display: Loaded TargetPlatform 'Android_ETC2Client'
[2024.03.20-03.11.22:181][  0]LogTargetPlatformManager: Display: Loaded TargetPlatform 'Android_Multi'
[2024.03.20-03.11.22:181][  0]LogTargetPlatformManager: Display: Loaded TargetPlatform 'Android_MultiClient'
[2024.03.20-03.11.22:201][  0]LogTargetPlatformManager: Display: Loaded TargetPlatform 'IOSClient'
[2024.03.20-03.11.22:201][  0]LogTargetPlatformManager: Display: Loaded TargetPlatform 'IOS'
[2024.03.20-03.11.22:226][  0]LogTargetPlatformManager: Display: Loaded TargetPlatform 'Lumin'
[2024.03.20-03.11.22:226][  0]LogTargetPlatformManager: Display: Loaded TargetPlatform 'LuminClient'
[2024.03.20-03.11.22:235][  0]LogTargetPlatformManager: Display: Loaded TargetPlatform 'MacNoEditor'
[2024.03.20-03.11.22:241][  0]LogTargetPlatformManager: Display: Loaded TargetPlatform 'Mac'
[2024.03.20-03.11.22:245][  0]LogTargetPlatformManager: Display: Loaded TargetPlatform 'MacClient'
[2024.03.20-03.11.22:250][  0]LogTargetPlatformManager: Display: Loaded TargetPlatform 'MacServer'
[2024.03.20-03.11.22:260][  0]LogTargetPlatformManager: Display: Loaded TargetPlatform 'TVOSClient'
[2024.03.20-03.11.22:260][  0]LogTargetPlatformManager: Display: Loaded TargetPlatform 'TVOS'
[2024.03.20-03.11.22:269][  0]LogTargetPlatformManager: Display: Loaded TargetPlatform 'WindowsNoEditor'
[2024.03.20-03.11.22:274][  0]LogTargetPlatformManager: Display: Loaded TargetPlatform 'Windows'
[2024.03.20-03.11.22:279][  0]LogTargetPlatformManager: Display: Loaded TargetPlatform 'WindowsClient'
[2024.03.20-03.11.22:284][  0]LogTargetPlatformManager: Display: Loaded TargetPlatform 'WindowsServer'
[2024.03.20-03.11.22:284][  0]LogTargetPlatformManager: Display: Building Assets For Windows
[2024.03.20-03.11.22:296][  0]LogAudioDebug: Display: Lib vorbis DLL was dynamically loaded.
[2024.03.20-03.11.22:350][  0]LogTextureFormatOodle: Display: Oodle Texture 2.9.0 init RDO Off
[2024.03.20-03.11.22:391][  0]LogRendererCore: Ray tracing is disabled. Reason: r.RayTracing=0.
[2024.03.20-03.11.22:391][  0]LogShaderCompilers: Guid format shader working directory is 19 characters bigger than the processId version (D:/GitHub/NetShootRewrite/Intermediate/Shaders/WorkingDirectory/9856/).
[2024.03.20-03.11.22:392][  0]LogShaderCompilers: Cleaned the shader compiler working directory 'C:/Users/ZTT/AppData/Local/Temp/UnrealShaderWorkingDir/4BEFB9304F3CB452197926A9E53E9D19/'.
[2024.03.20-03.11.22:393][  0]LogShaderCompilers: Display: Using XGE Controller for Shader Compilation.
[2024.03.20-03.11.23:236][  0]LogDerivedDataCache: Display: Max Cache Size: 512 MB
[2024.03.20-03.11.23:288][  0]LogDerivedDataCache: Loaded boot cache 0.05s 94MB D:/GitHub/NetShootRewrite/DerivedDataCache/Boot.ddc.
[2024.03.20-03.11.23:288][  0]LogDerivedDataCache: Display: Loaded Boot cache: D:/GitHub/NetShootRewrite/DerivedDataCache/Boot.ddc
[2024.03.20-03.11.23:288][  0]LogDerivedDataCache: FDerivedDataBackendGraph:  Pak pak cache file D:/GitHub/NetShootRewrite/DerivedDataCache/DDC.ddp not found, will not use a pak cache.
[2024.03.20-03.11.23:288][  0]LogDerivedDataCache: Unable to find inner node Pak for hierarchical cache Hierarchy.
[2024.03.20-03.11.23:288][  0]LogDerivedDataCache: FDerivedDataBackendGraph:  EnginePak pak cache file ../../../Engine/DerivedDataCache/DDC.ddp not found, will not use a pak cache.
[2024.03.20-03.11.23:288][  0]LogDerivedDataCache: Unable to find inner node EnginePak for hierarchical cache Hierarchy.
[2024.03.20-03.11.23:302][  0]LogDerivedDataCache: Speed tests for ../../../Engine/DerivedDataCache took 0.01 seconds
[2024.03.20-03.11.23:302][  0]LogDerivedDataCache: Display: Performance to ../../../Engine/DerivedDataCache: Latency=0.23ms. RandomReadSpeed=155.08MBs, RandomWriteSpeed=161.49MBs. Assigned SpeedClass 'Local'
[2024.03.20-03.11.23:303][  0]LogDerivedDataCache: Using Local data cache path ../../../Engine/DerivedDataCache: Writable
[2024.03.20-03.11.23:303][  0]LogDerivedDataCache: Shared data cache path not found in *engine.ini, will not use an Shared cache.
[2024.03.20-03.11.23:303][  0]LogDerivedDataCache: Unable to find inner node Shared for hierarchical cache Hierarchy.
[2024.03.20-03.11.23:361][  0]LogSlate: Using FreeType 2.10.0
[2024.03.20-03.11.23:363][  0]LogSlate: SlateFontServices - WITH_FREETYPE: 1, WITH_HARFBUZZ: 1
[2024.03.20-03.11.23:399][  0]LogAssetRegistry: FAssetRegistry took 0.0022 seconds to start up
[2024.03.20-03.11.23:636][  0]LogInit: Selected Device Profile: [Windows]
[2024.03.20-03.11.23:636][  0]LogInit: Active device profile: [000002B89CC46D00][000002B89DF8FB80 49] Windows
[2024.03.20-03.11.23:636][  0]LogInit: Profiles: [000002B89CC46D00][000002B89DF8FB80 49] Windows, [000002B8ABDE1600][000002B89DF92140 49] WindowsNoEditor, [000002B89CC45500][000002B89DF96280 49] WindowsServer, [000002B8ABDE2B00][000002B89DF9A3C0 49] WindowsClient, [000002B89CC46A00][000002B8A9C94500 49] IOS, [000002B8ABDE1A00][000002B8A9C9C680 49] iPadAir, [000002B89CC45900][000002B8A9CA0800 49] iPadAir2, [000002B8ABD93C00][000002B8A9CA8AC0 49] IPadPro, [000002B8ABD93D00][000002B8A9CA4B00 49] iPadAir3, [000002B89CC46F00][000002B8A9CACC80 49] iPadAir4, [000002B8ABD91900][000002B8AC492E00 49] iPadMini2, [000002B89CC45300][000002B8AC496F80 49] iPadMini3, [000002B8ABD90D00][000002B8AC49B100 49] iPadMini4, [000002B89CC44900][000002B8AC49F280 49] iPadMini5, [000002B8ABDBF500][000002B8AC4A7540 49] iPhone6, [000002B8ABDBF600][000002B8AC4A3580 49] iPodTouch6, [000002B8ABD90700][000002B8AC4AF840 49] iPhone7, [000002B8ABD90600][000002B8AC4AB880 49] iPodTouch7, [000002B8ABDBD800][000002B8AC4B3A00 49] iPhone5S, [000002B8ABD93600][000002B8AC4B7B80 49] iPhone6Plus, [000002B8ABDBF800][000002B8AC4BA180 49] iPhone6S, [000002B8ABD91B00][000002B8AC4BE300 49] iPhone6SPlus, [000002B8ABDBD700][000002B8A9C98440 49] iPhone7Plus, [000002B8ABD93100][000002B8AC4C2580 49] iPhoneSE, [000002B8ABDBE500][000002B8AC4C66C0 49] iPhone8, [000002B8ABD91500][000002B8AC4CE840 49] iPhone8Plus, [000002B8ABDBDE00][000002B8AC4D29C0 49] iPhoneX, [000002B8ABD91000][000002B8AC4D6B40 49] iPhoneXS, [000002B8ABDBE200][000002B8AC4DACC0 49] iPhoneXSMax, [000002B8ABD90500][000002B8AC4DEE40 49] iPhoneXR, [000002B8ABDBE100][000002B8AC4E2FC0 49] iPhone11, [000002B8ABD92D00][000002B8AC4E7140 49] iPhone11Pro, [000002B8ABDBD600][000002B8AC4EB2C0 49] iPhone11ProMax, [000002B8ABD91D00][000002B8AC4EF440 49] iPhoneSE2, [000002B8ABDBF200][000002B8AC4F35C0 49] iPhone12Mini, [000002B8ABD91E00][000002B8AC4F7740 49] iPhone12, [000002B8ABDBC300][000002B8AC4FB8C0 49] iPhone12Pro, [000002B8ABD93500][000002B8AC4FFA40 49] iPhone12ProMax, [000002B8ABDBFC00][000002B8AC503BC0 49] iPadPro105, [000002B8ABD90200][000002B8AC5061C0 49] iPadPro129, [000002B8ABDBCE00][000002B8AC50A340 49] iPadPro97, [000002B8ABD90100][000002B8AC50E4C0 49] iPadPro2_129, [000002B8ABDBFF00][000002B8AC4CA600 49] iPad5, [000002B8ABD90900][000002B8AC512740 49] iPad6, [000002B8ABDBFB00][000002B8AC516880 49] iPad7, [000002B8ABD92A00][000002B8AC51A9C0 49] iPad8, [000002B8ABDBE800][000002B8AC522B40 49] iPadPro11, [000002B8ABD90A00][000002B8AC526CC0 49] iPadPro2_11, [000002B8ABDBC700][000002B8AC52AE40 49] iPadPro3_129, [000002B8ABD93200][000002B8AC52EFC0 49] iPadPro4_129, [000002B8ABDBFA00][000002B8AC533140 49] AppleTV, [000002B8ABD90C00][000002B8AC5372C0 49] AppleTV4K, [000002B8ABDBEC00][000002B8AC53B440 49] TVOS, [000002B8ABD93000][000002B8AC53F5C0 49] Mac, [000002B8ABDE0E00][000002B8AC543740 49] MacClient, [000002B8ABE64800][000002B8AC5478C0 49] MacNoEditor, [000002B8ABDE1500][000002B8AC54BA40 49] MacServer, [000002B8ABE64300][000002B8AC54FBC0 49] Linux, [000002B8ABDE2D00][000002B8AC5521C0 49] LinuxAArch64, [000002B8ABE64B00][000002B8AC556340 49] LinuxNoEditor, [000002B8ABDE1D00][000002B8AC55A4C0 49] LinuxAArch64NoEditor, [000002B8ABE65500][000002B8AC55E640 49] LinuxClient, [000002B8ABDE0500][000002B8AC51E780 49] LinuxAArch64Client, [000002B8ABE65100][000002B8AC5628C0 49] LinuxServer, [000002B8ABDE3600][000002B8AC566A00 49] LinuxAArch64Server, [000002B8ABE65200][000002B8AC56AB40 49] Android, [000002B8ABDE0400][000002B8AC572CC0 49] Android_Low, [000002B8ABE64C00][000002B8AC576E40 49] Android_Mid, [000002B8ABDE0D00][000002B8AC57AFC0 49] Android_High, [000002B8ABE65300][000002B8AC57F140 49] Android_Default, [000002B8ABDE0300][000002B8AC5832C0 49] Android_Adreno4xx, [000002B8ABE65900][000002B8AC587440 49] Android_Adreno5xx_Low, [000002B8ABDE3700][000002B8AC58B5C0 49] Android_Adreno5xx, [000002B8ABE64900][000002B8AC58F740 49] Android_Adreno6xx, [000002B8ABDE2200][000002B8AC5938C0 49] Android_Adreno6xx_Vulkan, [000002B8ABE64F00][000002B8AC597A40 49] Android_Mali_T6xx, [000002B8ABD93E00][000002B8AC59BBC0 49] Android_Mali_T7xx, [000002B8ABDBD100][000002B8AC59E1C0 49] Android_Mali_T8xx, [000002B8ABD92700][000002B8AC5A2340 49] Android_Mali_G71, [000002B8ABDBF300][000002B8AC5A64C0 49] Android_Mali_G72, [000002B8ABD92000][000002B8AC5AA640 49] Android_Mali_G72_Vulkan, [000002B8ABDBF900][000002B8AC5AE7C0 49] Android_Mali_G76, [000002B8ABD90300][000002B8AC5B2940 49] Android_Mali_G76_Vulkan, [000002B8ABDBDF00][000002B8AC56EA80 49] Android_Mali_G77, [000002B8ABD91700][000002B8AC5B6BC0 49] Android_Mali_G77_Vulkan, [000002B8ABDBE400][000002B8AC5BAD00 49] Android_Mali_G78, [000002B8ABD92400][000002B8AC5C2E80 49] Android_Mali_G78_Vulkan, [000002B8ABDBE700][000002B8AC5C7000 49] Android_Mali_G710, [000002B8ABD93800][000002B8AC5CB180 49] Android_Mali_G710_Vulkan, [000002B8ABDBC900][000002B8AC5CF300 49] Android_Vulkan_SM5, [000002B8ABD90F00][000002B8AC5DF480 49] Android_PowerVR_G6xxx, [000002B8ABDBC400][000002B8AC617600 49] Android_PowerVR_GT7xxx, [000002B8ABD90E00][000002B8AC623780 49] Android_PowerVR_GE8xxx, [000002B8ABDBDA00][000002B8AC627900 49] Android_PowerVR_GM9xxx, [000002B8ABD91300][000002B8AC62BA80 49] Android_PowerVR_GM9xxx_Vulkan, [000002B8ABDBD000][000002B8AC62FC00 49] Android_TegraK1, [000002B8ABD91F00][000002B8AC632200 49] Android_Unknown_Vulkan, [000002B8ABDBD400][000002B8AC636380 49] Lumin, [000002B8ABD92600][000002B8AC63A500 49] Lumin_Desktop, [000002B89CC45400][000002B8AC734680 49] HoloLens, 
[2024.03.20-03.11.23:769][  0]LogMeshReduction: Using QuadricMeshReduction for automatic static mesh reduction
[2024.03.20-03.11.23:769][  0]LogMeshReduction: Using SimplygonMeshReduction for automatic skeletal mesh reduction
[2024.03.20-03.11.23:769][  0]LogMeshReduction: Using ProxyLODMeshReduction for automatic mesh merging
[2024.03.20-03.11.23:769][  0]LogMeshReduction: No distributed automatic mesh merging module available
[2024.03.20-03.11.23:769][  0]LogMeshMerging: No distributed automatic mesh merging module available
[2024.03.20-03.11.23:790][  0]LogNetVersion: NetShootRewrite 1.0.0, NetCL: 0, EngineNetVer: 17, GameNetVer: 0 (Checksum: 1486698656)
[2024.03.20-03.11.24:294][  0]LogTexture: Default maximum texture size for cubemaps generated from long-lat sources has been changed from 512 to unlimited. In order to preserve old behaiour for '/Engine/MapTemplates/Sky/DaylightAmbientCubemap.DaylightAmbientCubemap', its maximum texture size has been explicitly set to 512.
[2024.03.20-03.11.24:354][  0]LogHMD: PokeAHoleMaterial loaded successfully
[2024.03.20-03.11.24:360][  0]LogUObjectArray: 17164 objects as part of root set at end of initial load.
[2024.03.20-03.11.24:360][  0]LogUObjectAllocator: 4298528 out of 0 bytes used by permanent object pool.
[2024.03.20-03.11.24:360][  0]LogUObjectArray: CloseDisregardForGC: 0/0 objects in disregard for GC pool
[2024.03.20-03.11.24:736][  0]LogNiagaraDebuggerClient: Niagara Debugger Client Initialized | Session: 3B16436042724EA18B049C88B2164EDB | Instance: 04B9B6CA418BF97C5E18E7AEC7DA9444 (DESKTOP-6POMQQ5-9856).
[2024.03.20-03.11.24:880][  0]LogPython: Using Python 3.7.7
[2024.03.20-03.11.25:357][  0]LogTcpMessaging: Initializing TcpMessaging bridge
[2024.03.20-03.11.25:362][  0]LogUdpMessaging: Initializing bridge on interface 0.0.0.0:0 to multicast group 230.0.0.1:6666.
[2024.03.20-03.11.25:459][  0]LogActor: Warning: SetReplicates called on non-initialized actor Default__WeaponServerBase. Directly setting bReplicates is the correct procedure for pre-init actors.
[2024.03.20-03.11.25:912][  0]LogOpenImageDenoise: OIDN starting up
[2024.03.20-03.11.25:940][  0]LogAndroidPermission: UAndroidPermissionCallbackProxy::GetInstance
[2024.03.20-03.11.25:963][  0]LogAudioCaptureCore: Display: No Audio Capture implementations found. Audio input will be silent.
[2024.03.20-03.11.25:963][  0]LogAudioCaptureCore: Display: No Audio Capture implementations found. Audio input will be silent.
[2024.03.20-03.11.26:150][  0]SourceControl: 源码管理已禁用
[2024.03.20-03.11.26:150][  0]SourceControl: 源码管理已禁用
[2024.03.20-03.11.26:154][  0]SourceControl: 源码管理已禁用
[2024.03.20-03.11.26:158][  0]SourceControl: 源码管理已禁用
[2024.03.20-03.11.26:171][  0]SourceControl: 源码管理已禁用
[2024.03.20-03.11.26:182][  0]LogUProjectInfo: Found projects:
[2024.03.20-03.11.26:205][  0]LogCollectionManager: Loaded 0 collections in 0.002202 seconds
[2024.03.20-03.11.26:243][  0]LogFileCache: Scanning file cache for directory 'D:/GitHub/NetShootRewrite/Saved/Collections/' took 0.00s
[2024.03.20-03.11.26:243][  0]LogFileCache: Scanning file cache for directory 'D:/GitHub/NetShootRewrite/Content/Developers/ZTT/Collections/' took 0.00s
[2024.03.20-03.11.26:243][  0]LogFileCache: Scanning file cache for directory 'D:/GitHub/NetShootRewrite/Content/Collections/' took 0.00s
[2024.03.20-03.11.26:243][  0]LogOcInput: OculusInput pre-init called
[2024.03.20-03.11.26:512][  0]LogEngine: Initializing Engine...
[2024.03.20-03.11.26:514][  0]LogHMD: Failed to enumerate extensions. Please check that you have a valid OpenXR runtime installed.
[2024.03.20-03.11.26:515][  0]LogHMD: Failed to initialize OpenVR with code 110
[2024.03.20-03.11.26:515][  0]LogMagicLeap: Warning: VR disabled because ZI is not enabled.  To enable, in the editor, Edit -> Project Settings -> Plugins -> Magic Leap Plugin -> Enable Zero Iteration
[2024.03.20-03.11.26:516][  0]LogStats: UGameplayTagsManager::InitializeManager -  0.000 s
[2024.03.20-03.11.26:658][  0]LogInit: Initializing FReadOnlyCVARCache
[2024.03.20-03.11.26:668][  0]LogAIModule: Creating AISystem for world Untitled
[2024.03.20-03.11.26:676][  0]LogAudio: Display: Initializing Audio Device Manager...
[2024.03.20-03.11.26:681][  0]LogAudio: Display: Loading Default Audio Settings Objects...
[2024.03.20-03.11.26:682][  0]LogAudio: Display: No default SoundConcurrencyObject specified (or failed to load).
[2024.03.20-03.11.26:683][  0]LogAudio: Display: Audio Device Manager Initialized
[2024.03.20-03.11.26:683][  0]LogAudio: Display: Creating Audio Device:                 Id: 1, Scope: Shared, Realtime: True
[2024.03.20-03.11.26:683][  0]LogAudioMixer: Display: Audio Mixer Platform Settings:
[2024.03.20-03.11.26:683][  0]LogAudioMixer: Display: 	Sample Rate:						  48000
[2024.03.20-03.11.26:683][  0]LogAudioMixer: Display: 	Callback Buffer Frame Size Requested: 1024
[2024.03.20-03.11.26:683][  0]LogAudioMixer: Display: 	Callback Buffer Frame Size To Use:	  1024
[2024.03.20-03.11.26:683][  0]LogAudioMixer: Display: 	Number of buffers to queue:			  2
[2024.03.20-03.11.26:683][  0]LogAudioMixer: Display: 	Max Channels (voices):				  32
[2024.03.20-03.11.26:683][  0]LogAudioMixer: Display: 	Number of Async Source Workers:		  0
[2024.03.20-03.11.26:683][  0]LogAudio: Display: AudioDevice MaxSources: 32
[2024.03.20-03.11.26:683][  0]LogAudio: Display: Audio Spatialization Plugin: None (built-in).
[2024.03.20-03.11.26:683][  0]LogAudio: Display: Audio Reverb Plugin: None (built-in).
[2024.03.20-03.11.26:683][  0]LogAudio: Display: Audio Occlusion Plugin: None (built-in).
[2024.03.20-03.11.26:683][  0]LogAudioMixer: Display: Initializing audio mixer.
[2024.03.20-03.11.26:707][  0]LogAudioMixer: Display: 0: FrontLeft
[2024.03.20-03.11.26:708][  0]LogAudioMixer: Display: 1: FrontRight
[2024.03.20-03.11.26:724][  0]LogAudioMixer: Display: Using Audio Device 扬声器 (Realtek High Definition Audio)
[2024.03.20-03.11.26:727][  0]LogAudioMixer: Display: Initializing Sound Submixes...
[2024.03.20-03.11.26:731][  0]LogAudioMixer: Display: Creating Master Submix 'MasterSubmixDefault'
[2024.03.20-03.11.26:731][  0]LogAudioMixer: Display: Creating Master Submix 'MasterReverbSubmixDefault'
[2024.03.20-03.11.26:732][  0]LogAudioMixer: Display: Creating Master Submix 'MasterEQSubmixDefault'
[2024.03.20-03.11.26:732][  0]LogAudioMixer: FMixerPlatformXAudio2::StartAudioStream() called
[2024.03.20-03.11.26:732][  0]LogAudioMixer: Display: Output buffers initialized: Frames=1024, Channels=2, Samples=2048
[2024.03.20-03.11.26:733][  0]LogAudioMixer: Display: Starting AudioMixerPlatformInterface::RunInternal()
[2024.03.20-03.11.26:733][  0]LogAudioMixer: Display: FMixerPlatformXAudio2::SubmitBuffer() called for the first time
[2024.03.20-03.11.26:733][  0]LogInit: FAudioDevice initialized.
[2024.03.20-03.11.26:733][  0]LogAudio: Display: Audio Device (ID: 1) registered with world 'Untitled'.
[2024.03.20-03.11.26:733][  0]LogNetVersion: Set ProjectVersion to 1.0.0.0. Version Checksum will be recalculated on next use.
[2024.03.20-03.11.26:858][  0]LogDerivedDataCache: Saved boot cache 0.13s 94MB D:/GitHub/NetShootRewrite/DerivedDataCache/Boot.ddc.
[2024.03.20-03.11.26:859][  0]LogInit: Texture streaming: Enabled
[2024.03.20-03.11.26:874][  0]LogAnalytics: Display: [UEEditor.UnrealEngine.Release] APIServer = https://datarouter.ol.epicgames.com/. AppVersion = 4.27.2-0+++UE4+Release-4.27
[2024.03.20-03.11.26:879][  0]LogEngineSessionManager: EngineSessionManager initialized
[2024.03.20-03.11.26:879][  0]LogEditorSessionSummary: Verbose: Initializing EditorSessionSummaryWriter for editor session tracking
[2024.03.20-03.11.26:884][  0]LogEditorSessionSummary: EditorSessionSummaryWriter initialized
[2024.03.20-03.11.26:915][  0]LogInit: Transaction tracking system initialized
[2024.03.20-03.11.26:947][  0]BlueprintLog: New page: 编辑器加载
[2024.03.20-03.11.27:029][  0]LocalizationService: 本地化服务已禁用
[2024.03.20-03.11.27:060][  0]TimingProfiler: Initialize
[2024.03.20-03.11.27:060][  0]TimingProfiler: OnSessionChanged
[2024.03.20-03.11.27:060][  0]LoadingProfiler: Initialize
[2024.03.20-03.11.27:061][  0]LoadingProfiler: OnSessionChanged
[2024.03.20-03.11.27:061][  0]NetworkingProfiler: Initialize
[2024.03.20-03.11.27:061][  0]NetworkingProfiler: OnSessionChanged
[2024.03.20-03.11.27:061][  0]MemoryProfiler: Initialize
[2024.03.20-03.11.27:061][  0]MemoryProfiler: OnSessionChanged
[2024.03.20-03.11.27:273][  0]LogCook: Display: CookSettings for Memory: MemoryMaxUsedVirtual 0MiB, MemoryMaxUsedPhysical 16384MiB, MemoryMinFreeVirtual 0MiB, MemoryMinFreePhysical 1024MiB
[2024.03.20-03.11.27:273][  0]LogCook: Display: Mobile HDR setting 1
[2024.03.20-03.11.27:529][  0]LogFileCache: Scanning file cache for directory 'D:/GitHub/NetShootRewrite/Content/' took 0.01s
[2024.03.20-03.11.27:735][  0]LogInit: Display: Engine is initialized. Leaving FEngineLoop::Init()
[2024.03.20-03.11.27:740][  0]SourceControl: 源码管理已禁用
[2024.03.20-03.11.27:741][  0]LogUnrealEdMisc: Loading editor; pre map load, took 8.680
[2024.03.20-03.11.27:741][  0]Cmd: MAP LOAD FILE="D:/GitHub/NetShootRewrite/Content/FirstPersonCPP/Maps/FirstPersonExampleMap.umap" TEMPLATE=0 SHOWPROGRESS=1 FEATURELEVEL=3
[2024.03.20-03.11.27:748][  0]LightingResults: New page: 光照构建
[2024.03.20-03.11.27:750][  0]LogWorld: UWorld::CleanupWorld for Untitled, bSessionEnded=true, bCleanupResources=true
[2024.03.20-03.11.27:750][  0]LogSlate: InvalidateAllWidgets triggered.  All widgets were invalidated
[2024.03.20-03.11.27:750][  0]MapCheck: New page: 地图检测
[2024.03.20-03.11.27:750][  0]LightingResults: New page: 光照构建
[2024.03.20-03.11.27:755][  0]LogAudio: Display: Audio Device unregistered from world 'None'.
[2024.03.20-03.11.27:757][  0]LogUObjectHash: Compacting FUObjectHashTables data took   0.72ms
[2024.03.20-03.11.29:656][  0]LogActor: Warning: SetReplicates called on non-initialized actor Default__BP_ServerWeaponBase_C. Directly setting bReplicates is the correct procedure for pre-init actors.
[2024.03.20-03.11.29:657][  0]LogActor: Warning: SetReplicates called on non-initialized actor Default__SKEL_BP_ServerWeaponBase_C. Directly setting bReplicates is the correct procedure for pre-init actors.
[2024.03.20-03.11.29:730][  0]LogActor: Warning: SetReplicates called on non-initialized actor BP_ServerWeaponBase_2. Directly setting bReplicates is the correct procedure for pre-init actors.
[2024.03.20-03.11.30:177][  0]LogAudio: Display: Audio Device (ID: 1) registered with world 'FirstPersonExampleMap'.
[2024.03.20-03.11.30:178][  0]LogAIModule: Creating AISystem for world FirstPersonExampleMap
[2024.03.20-03.11.30:185][  0]LogEditorServer: Finished looking for orphan Actors (0.000 secs)
[2024.03.20-03.11.30:192][  0]LogUObjectHash: Compacting FUObjectHashTables data took   0.69ms
[2024.03.20-03.11.30:193][  0]Cmd: MAP CHECKDEP NOCLEARLOG
[2024.03.20-03.11.30:193][  0]MapCheck: 地图检测完成：0个错误、0个警告、完成用时0.083毫秒。
[2024.03.20-03.11.30:193][  0]LogFileHelpers: Loading map 'FirstPersonExampleMap' took 2.452
[2024.03.20-03.11.30:194][  0]LogUnrealEdMisc: Total Editor Startup Time, took 11.134
[2024.03.20-03.11.30:314][  0]LogSlate: Updating window title bar state: overlay mode, drag disabled, window buttons hidden, title bar hidden
[2024.03.20-03.11.30:321][  0]LogSlate: Updating window title bar state: overlay mode, drag disabled, window buttons hidden, title bar hidden
[2024.03.20-03.11.30:327][  0]LogSlate: Updating window title bar state: overlay mode, drag disabled, window buttons hidden, title bar hidden
[2024.03.20-03.11.30:334][  0]LogSlate: Updating window title bar state: overlay mode, drag disabled, window buttons hidden, title bar hidden
[2024.03.20-03.11.30:351][  0]LogNativeClassHierarchy: Verbose: Native class hierarchy populated in 0.0082 seconds. Added 3825 classes and 928 folders.
[2024.03.20-03.11.30:354][  0]LogNativeClassHierarchy: Verbose: Native class hierarchy updated for 'WidgetCarousel' in 0.0002 seconds. Added 0 classes and 0 folders.
[2024.03.20-03.11.30:357][  0]LogShaderLibrary: Display: ShaderCodeLibraryPakFileMountedCallback: PakFile 'C:/Program Files (x86)/UE4.27/UnrealEngine-4.27/FeaturePacks/FP_FirstPerson.upack' (chunk index -1, root 'root:/') mounted
[2024.03.20-03.11.30:357][  0]LogShaderLibrary: Display: ShaderCodeLibraryPakFileMountedCallback: pending pak file info (ChunkID:-1 Root:root:/ File:C:/Program Files (x86)/UE4.27/UnrealEngine-4.27/FeaturePacks/FP_FirstPerson.upack)
[2024.03.20-03.11.30:357][  0]LogPakFile: OnPakFileMounted2Time == 0.000089
[2024.03.20-03.11.30:359][  0]LogShaderLibrary: Display: ShaderCodeLibraryPakFileMountedCallback: PakFile 'C:/Program Files (x86)/UE4.27/UnrealEngine-4.27/FeaturePacks/FP_FirstPersonBP.upack' (chunk index -1, root 'root:/') mounted
[2024.03.20-03.11.30:359][  0]LogShaderLibrary: Display: ShaderCodeLibraryPakFileMountedCallback: pending pak file info (ChunkID:-1 Root:root:/ File:C:/Program Files (x86)/UE4.27/UnrealEngine-4.27/FeaturePacks/FP_FirstPersonBP.upack)
[2024.03.20-03.11.30:359][  0]LogPakFile: OnPakFileMounted2Time == 0.000084
[2024.03.20-03.11.30:361][  0]LogShaderLibrary: Display: ShaderCodeLibraryPakFileMountedCallback: PakFile 'C:/Program Files (x86)/UE4.27/UnrealEngine-4.27/FeaturePacks/MobileStarterContent.upack' (chunk index -1, root 'root:/') mounted
[2024.03.20-03.11.30:361][  0]LogShaderLibrary: Display: ShaderCodeLibraryPakFileMountedCallback: pending pak file info (ChunkID:-1 Root:root:/ File:C:/Program Files (x86)/UE4.27/UnrealEngine-4.27/FeaturePacks/MobileStarterContent.upack)
[2024.03.20-03.11.30:361][  0]LogPakFile: OnPakFileMounted2Time == 0.000073
[2024.03.20-03.11.30:363][  0]LogShaderLibrary: Display: ShaderCodeLibraryPakFileMountedCallback: PakFile 'C:/Program Files (x86)/UE4.27/UnrealEngine-4.27/FeaturePacks/StarterContent.upack' (chunk index -1, root 'root:/') mounted
[2024.03.20-03.11.30:363][  0]LogShaderLibrary: Display: ShaderCodeLibraryPakFileMountedCallback: pending pak file info (ChunkID:-1 Root:root:/ File:C:/Program Files (x86)/UE4.27/UnrealEngine-4.27/FeaturePacks/StarterContent.upack)
[2024.03.20-03.11.30:363][  0]LogPakFile: OnPakFileMounted2Time == 0.000097
[2024.03.20-03.11.30:366][  0]LogShaderLibrary: Display: ShaderCodeLibraryPakFileMountedCallback: PakFile 'C:/Program Files (x86)/UE4.27/UnrealEngine-4.27/FeaturePacks/TP_2DSideScroller.upack' (chunk index -1, root 'root:/') mounted
[2024.03.20-03.11.30:366][  0]LogShaderLibrary: Display: ShaderCodeLibraryPakFileMountedCallback: pending pak file info (ChunkID:-1 Root:root:/ File:C:/Program Files (x86)/UE4.27/UnrealEngine-4.27/FeaturePacks/TP_2DSideScroller.upack)
[2024.03.20-03.11.30:366][  0]LogPakFile: OnPakFileMounted2Time == 0.000092
[2024.03.20-03.11.30:368][  0]LogShaderLibrary: Display: ShaderCodeLibraryPakFileMountedCallback: PakFile 'C:/Program Files (x86)/UE4.27/UnrealEngine-4.27/FeaturePacks/TP_2DSideScrollerBP.upack' (chunk index -1, root 'root:/') mounted
[2024.03.20-03.11.30:368][  0]LogShaderLibrary: Display: ShaderCodeLibraryPakFileMountedCallback: pending pak file info (ChunkID:-1 Root:root:/ File:C:/Program Files (x86)/UE4.27/UnrealEngine-4.27/FeaturePacks/TP_2DSideScrollerBP.upack)
[2024.03.20-03.11.30:368][  0]LogPakFile: OnPakFileMounted2Time == 0.000078
[2024.03.20-03.11.30:369][  0]LogShaderLibrary: Display: ShaderCodeLibraryPakFileMountedCallback: PakFile 'C:/Program Files (x86)/UE4.27/UnrealEngine-4.27/FeaturePacks/TP_Flying.upack' (chunk index -1, root 'root:/') mounted
[2024.03.20-03.11.30:370][  0]LogShaderLibrary: Display: ShaderCodeLibraryPakFileMountedCallback: pending pak file info (ChunkID:-1 Root:root:/ File:C:/Program Files (x86)/UE4.27/UnrealEngine-4.27/FeaturePacks/TP_Flying.upack)
[2024.03.20-03.11.30:370][  0]LogPakFile: OnPakFileMounted2Time == 0.000094
[2024.03.20-03.11.30:372][  0]LogShaderLibrary: Display: ShaderCodeLibraryPakFileMountedCallback: PakFile 'C:/Program Files (x86)/UE4.27/UnrealEngine-4.27/FeaturePacks/TP_FlyingBP.upack' (chunk index -1, root 'root:/') mounted
[2024.03.20-03.11.30:372][  0]LogShaderLibrary: Display: ShaderCodeLibraryPakFileMountedCallback: pending pak file info (ChunkID:-1 Root:root:/ File:C:/Program Files (x86)/UE4.27/UnrealEngine-4.27/FeaturePacks/TP_FlyingBP.upack)
[2024.03.20-03.11.30:372][  0]LogPakFile: OnPakFileMounted2Time == 0.000088
[2024.03.20-03.11.30:374][  0]LogShaderLibrary: Display: ShaderCodeLibraryPakFileMountedCallback: PakFile 'C:/Program Files (x86)/UE4.27/UnrealEngine-4.27/FeaturePacks/TP_Puzzle.upack' (chunk index -1, root 'root:/') mounted
[2024.03.20-03.11.30:374][  0]LogShaderLibrary: Display: ShaderCodeLibraryPakFileMountedCallback: pending pak file info (ChunkID:-1 Root:root:/ File:C:/Program Files (x86)/UE4.27/UnrealEngine-4.27/FeaturePacks/TP_Puzzle.upack)
[2024.03.20-03.11.30:374][  0]LogPakFile: OnPakFileMounted2Time == 0.000069
[2024.03.20-03.11.30:376][  0]LogShaderLibrary: Display: ShaderCodeLibraryPakFileMountedCallback: PakFile 'C:/Program Files (x86)/UE4.27/UnrealEngine-4.27/FeaturePacks/TP_PuzzleBP.upack' (chunk index -1, root 'root:/') mounted
[2024.03.20-03.11.30:376][  0]LogShaderLibrary: Display: ShaderCodeLibraryPakFileMountedCallback: pending pak file info (ChunkID:-1 Root:root:/ File:C:/Program Files (x86)/UE4.27/UnrealEngine-4.27/FeaturePacks/TP_PuzzleBP.upack)
[2024.03.20-03.11.30:376][  0]LogPakFile: OnPakFileMounted2Time == 0.000083
[2024.03.20-03.11.30:378][  0]LogShaderLibrary: Display: ShaderCodeLibraryPakFileMountedCallback: PakFile 'C:/Program Files (x86)/UE4.27/UnrealEngine-4.27/FeaturePacks/TP_Rolling.upack' (chunk index -1, root 'root:/') mounted
[2024.03.20-03.11.30:378][  0]LogShaderLibrary: Display: ShaderCodeLibraryPakFileMountedCallback: pending pak file info (ChunkID:-1 Root:root:/ File:C:/Program Files (x86)/UE4.27/UnrealEngine-4.27/FeaturePacks/TP_Rolling.upack)
[2024.03.20-03.11.30:378][  0]LogPakFile: OnPakFileMounted2Time == 0.000129
[2024.03.20-03.11.30:380][  0]LogShaderLibrary: Display: ShaderCodeLibraryPakFileMountedCallback: PakFile 'C:/Program Files (x86)/UE4.27/UnrealEngine-4.27/FeaturePacks/TP_RollingBP.upack' (chunk index -1, root 'root:/') mounted
[2024.03.20-03.11.30:380][  0]LogShaderLibrary: Display: ShaderCodeLibraryPakFileMountedCallback: pending pak file info (ChunkID:-1 Root:root:/ File:C:/Program Files (x86)/UE4.27/UnrealEngine-4.27/FeaturePacks/TP_RollingBP.upack)
[2024.03.20-03.11.30:380][  0]LogPakFile: OnPakFileMounted2Time == 0.000094
[2024.03.20-03.11.30:382][  0]LogShaderLibrary: Display: ShaderCodeLibraryPakFileMountedCallback: PakFile 'C:/Program Files (x86)/UE4.27/UnrealEngine-4.27/FeaturePacks/TP_SideScroller.upack' (chunk index -1, root 'root:/') mounted
[2024.03.20-03.11.30:382][  0]LogShaderLibrary: Display: ShaderCodeLibraryPakFileMountedCallback: pending pak file info (ChunkID:-1 Root:root:/ File:C:/Program Files (x86)/UE4.27/UnrealEngine-4.27/FeaturePacks/TP_SideScroller.upack)
[2024.03.20-03.11.30:382][  0]LogPakFile: OnPakFileMounted2Time == 0.000096
[2024.03.20-03.11.30:385][  0]LogShaderLibrary: Display: ShaderCodeLibraryPakFileMountedCallback: PakFile 'C:/Program Files (x86)/UE4.27/UnrealEngine-4.27/FeaturePacks/TP_SideScrollerBP.upack' (chunk index -1, root 'root:/') mounted
[2024.03.20-03.11.30:385][  0]LogShaderLibrary: Display: ShaderCodeLibraryPakFileMountedCallback: pending pak file info (ChunkID:-1 Root:root:/ File:C:/Program Files (x86)/UE4.27/UnrealEngine-4.27/FeaturePacks/TP_SideScrollerBP.upack)
[2024.03.20-03.11.30:385][  0]LogPakFile: OnPakFileMounted2Time == 0.000137
[2024.03.20-03.11.30:387][  0]LogShaderLibrary: Display: ShaderCodeLibraryPakFileMountedCallback: PakFile 'C:/Program Files (x86)/UE4.27/UnrealEngine-4.27/FeaturePacks/TP_ThirdPerson.upack' (chunk index -1, root 'root:/') mounted
[2024.03.20-03.11.30:387][  0]LogShaderLibrary: Display: ShaderCodeLibraryPakFileMountedCallback: pending pak file info (ChunkID:-1 Root:root:/ File:C:/Program Files (x86)/UE4.27/UnrealEngine-4.27/FeaturePacks/TP_ThirdPerson.upack)
[2024.03.20-03.11.30:387][  0]LogPakFile: OnPakFileMounted2Time == 0.000088
[2024.03.20-03.11.30:389][  0]LogShaderLibrary: Display: ShaderCodeLibraryPakFileMountedCallback: PakFile 'C:/Program Files (x86)/UE4.27/UnrealEngine-4.27/FeaturePacks/TP_ThirdPersonBP.upack' (chunk index -1, root 'root:/') mounted
[2024.03.20-03.11.30:389][  0]LogShaderLibrary: Display: ShaderCodeLibraryPakFileMountedCallback: pending pak file info (ChunkID:-1 Root:root:/ File:C:/Program Files (x86)/UE4.27/UnrealEngine-4.27/FeaturePacks/TP_ThirdPersonBP.upack)
[2024.03.20-03.11.30:389][  0]LogPakFile: OnPakFileMounted2Time == 0.000144
[2024.03.20-03.11.30:392][  0]LogShaderLibrary: Display: ShaderCodeLibraryPakFileMountedCallback: PakFile 'C:/Program Files (x86)/UE4.27/UnrealEngine-4.27/FeaturePacks/TP_TopDown.upack' (chunk index -1, root 'root:/') mounted
[2024.03.20-03.11.30:392][  0]LogShaderLibrary: Display: ShaderCodeLibraryPakFileMountedCallback: pending pak file info (ChunkID:-1 Root:root:/ File:C:/Program Files (x86)/UE4.27/UnrealEngine-4.27/FeaturePacks/TP_TopDown.upack)
[2024.03.20-03.11.30:392][  0]LogPakFile: OnPakFileMounted2Time == 0.000088
[2024.03.20-03.11.30:394][  0]LogShaderLibrary: Display: ShaderCodeLibraryPakFileMountedCallback: PakFile 'C:/Program Files (x86)/UE4.27/UnrealEngine-4.27/FeaturePacks/TP_TopDownBP.upack' (chunk index -1, root 'root:/') mounted
[2024.03.20-03.11.30:394][  0]LogShaderLibrary: Display: ShaderCodeLibraryPakFileMountedCallback: pending pak file info (ChunkID:-1 Root:root:/ File:C:/Program Files (x86)/UE4.27/UnrealEngine-4.27/FeaturePacks/TP_TopDownBP.upack)
[2024.03.20-03.11.30:394][  0]LogPakFile: OnPakFileMounted2Time == 0.000106
[2024.03.20-03.11.30:397][  0]LogShaderLibrary: Display: ShaderCodeLibraryPakFileMountedCallback: PakFile 'C:/Program Files (x86)/UE4.27/UnrealEngine-4.27/FeaturePacks/TP_TwinStick.upack' (chunk index -1, root 'root:/') mounted
[2024.03.20-03.11.30:397][  0]LogShaderLibrary: Display: ShaderCodeLibraryPakFileMountedCallback: pending pak file info (ChunkID:-1 Root:root:/ File:C:/Program Files (x86)/UE4.27/UnrealEngine-4.27/FeaturePacks/TP_TwinStick.upack)
[2024.03.20-03.11.30:397][  0]LogPakFile: OnPakFileMounted2Time == 0.000108
[2024.03.20-03.11.30:399][  0]LogShaderLibrary: Display: ShaderCodeLibraryPakFileMountedCallback: PakFile 'C:/Program Files (x86)/UE4.27/UnrealEngine-4.27/FeaturePacks/TP_TwinStickBP.upack' (chunk index -1, root 'root:/') mounted
[2024.03.20-03.11.30:399][  0]LogShaderLibrary: Display: ShaderCodeLibraryPakFileMountedCallback: pending pak file info (ChunkID:-1 Root:root:/ File:C:/Program Files (x86)/UE4.27/UnrealEngine-4.27/FeaturePacks/TP_TwinStickBP.upack)
[2024.03.20-03.11.30:399][  0]LogPakFile: OnPakFileMounted2Time == 0.000106
[2024.03.20-03.11.30:401][  0]LogShaderLibrary: Display: ShaderCodeLibraryPakFileMountedCallback: PakFile 'C:/Program Files (x86)/UE4.27/UnrealEngine-4.27/FeaturePacks/TP_Vehicle.upack' (chunk index -1, root 'root:/') mounted
[2024.03.20-03.11.30:401][  0]LogShaderLibrary: Display: ShaderCodeLibraryPakFileMountedCallback: pending pak file info (ChunkID:-1 Root:root:/ File:C:/Program Files (x86)/UE4.27/UnrealEngine-4.27/FeaturePacks/TP_Vehicle.upack)
[2024.03.20-03.11.30:401][  0]LogPakFile: OnPakFileMounted2Time == 0.000086
[2024.03.20-03.11.30:404][  0]LogShaderLibrary: Display: ShaderCodeLibraryPakFileMountedCallback: PakFile 'C:/Program Files (x86)/UE4.27/UnrealEngine-4.27/FeaturePacks/TP_VehicleAdv.upack' (chunk index -1, root 'root:/') mounted
[2024.03.20-03.11.30:404][  0]LogShaderLibrary: Display: ShaderCodeLibraryPakFileMountedCallback: pending pak file info (ChunkID:-1 Root:root:/ File:C:/Program Files (x86)/UE4.27/UnrealEngine-4.27/FeaturePacks/TP_VehicleAdv.upack)
[2024.03.20-03.11.30:404][  0]LogPakFile: OnPakFileMounted2Time == 0.000143
[2024.03.20-03.11.30:406][  0]LogShaderLibrary: Display: ShaderCodeLibraryPakFileMountedCallback: PakFile 'C:/Program Files (x86)/UE4.27/UnrealEngine-4.27/FeaturePacks/TP_VehicleAdvBP.upack' (chunk index -1, root 'root:/') mounted
[2024.03.20-03.11.30:406][  0]LogShaderLibrary: Display: ShaderCodeLibraryPakFileMountedCallback: pending pak file info (ChunkID:-1 Root:root:/ File:C:/Program Files (x86)/UE4.27/UnrealEngine-4.27/FeaturePacks/TP_VehicleAdvBP.upack)
[2024.03.20-03.11.30:406][  0]LogPakFile: OnPakFileMounted2Time == 0.000091
[2024.03.20-03.11.30:409][  0]LogShaderLibrary: Display: ShaderCodeLibraryPakFileMountedCallback: PakFile 'C:/Program Files (x86)/UE4.27/UnrealEngine-4.27/FeaturePacks/TP_VehicleBP.upack' (chunk index -1, root 'root:/') mounted
[2024.03.20-03.11.30:409][  0]LogShaderLibrary: Display: ShaderCodeLibraryPakFileMountedCallback: pending pak file info (ChunkID:-1 Root:root:/ File:C:/Program Files (x86)/UE4.27/UnrealEngine-4.27/FeaturePacks/TP_VehicleBP.upack)
[2024.03.20-03.11.30:409][  0]LogPakFile: OnPakFileMounted2Time == 0.000142
[2024.03.20-03.11.30:412][  0]LogPakFile: PakFile PrimaryIndexSize=192
[2024.03.20-03.11.30:412][  0]LogPakFile: PakFile PathHashIndexSize=101
[2024.03.20-03.11.30:412][  0]LogPakFile: PakFile FullDirectoryIndexSize=158
[2024.03.20-03.11.30:412][  0]LogShaderLibrary: Display: ShaderCodeLibraryPakFileMountedCallback: PakFile 