Log file open, 03/18/24 16:58:09
LogWindows: Failed to load 'aqProf.dll' (GetLastError=126)
LogWindows: File 'aqProf.dll' does not exist
LogWindows: Failed to load 'VtuneApi.dll' (GetLastError=126)
LogWindows: File 'VtuneApi.dll' does not exist
LogWindows: Failed to load 'VtuneApi32e.dll' (GetLastError=126)
LogWindows: File 'VtuneApi32e.dll' does not exist
LogConsoleResponse: Display: Failed to find resolution value strings in scalability ini. Falling back to default.
LogConsoleResponse: Display: Failed to find resolution value strings in scalability ini. Falling back to default.
LogInit: Display: Running engine for game: NetShootRewrite
LogPlatformFile: Not using cached read wrapper
LogTaskGraph: Started task graph with 5 named threads and 35 total threads with 3 sets of task threads.
LogStats: Stats thread started at 0.215713
LogICUInternationalization: ICU TimeZone Detection - Raw Offset: +8:00, Platform Override: ''
LogInit: Display: Loading text-based GConfig....
LogPluginManager: Mounting plugin MeshPainting
LogPluginManager: Mounting plugin XGEController
LogPluginManager: Mounting plugin Paper2D
LogPluginManager: Mounting plugin AISupport
LogPluginManager: Mounting plugin EnvironmentQueryEditor
LogPluginManager: Mounting plugin CameraShakePreviewer
LogPluginManager: Mounting plugin OodleData
LogPluginManager: Mounting plugin GameplayCameras
LogPluginManager: Mounting plugin LiveLink
LogPluginManager: Mounting plugin OodleNetwork
LogPluginManager: Mounting plugin AssetManagerEditor
LogPluginManager: Mounting plugin CryptoKeys
LogPluginManager: Mounting plugin CurveEditorTools
LogPluginManager: Mounting plugin DataValidation
LogPluginManager: Mounting plugin GameplayTagsEditor
LogPluginManager: Mounting plugin FacialAnimation
LogPluginManager: Mounting plugin GeometryMode
LogPluginManager: Mounting plugin AnimationSharing
LogPluginManager: Mounting plugin MacGraphicsSwitching
LogPluginManager: Mounting plugin MaterialAnalyzer
LogPluginManager: Mounting plugin MobileLauncherProfileWizard
LogPluginManager: Mounting plugin PluginBrowser
LogPluginManager: Mounting plugin SpeedTreeImporter
LogPluginManager: Mounting plugin CLionSourceCodeAccess
LogPluginManager: Mounting plugin CodeLiteSourceCodeAccess
LogPluginManager: Mounting plugin GitSourceControl
LogPluginManager: Mounting plugin KDevelopSourceCodeAccess
LogPluginManager: Mounting plugin NullSourceCodeAccess
LogPluginManager: Mounting plugin PluginUtils
LogPluginManager: Mounting plugin PerforceSourceControl
LogPluginManager: Mounting plugin PlasticSourceControl
LogPluginManager: Mounting plugin PropertyAccessNode
LogPluginManager: Mounting plugin PixWinPlugin
LogPluginManager: Mounting plugin RiderSourceCodeAccess
LogPluginManager: Mounting plugin SubversionSourceControl
LogPluginManager: Mounting plugin TextureFormatOodle
LogPluginManager: Mounting plugin UObjectPlugin
LogPluginManager: Mounting plugin XCodeSourceCodeAccess
LogPluginManager: Mounting plugin VisualStudioCodeSourceCodeAccess
LogPluginManager: Mounting plugin VisualStudioSourceCodeAccess
LogPluginManager: Mounting plugin DatasmithContent
LogPluginManager: Mounting plugin VariantManagerContent
LogPluginManager: Mounting plugin Niagara
LogPluginManager: Mounting plugin LuminPlatformFeatures
LogPluginManager: Mounting plugin MagicLeap
LogPluginManager: Mounting plugin AlembicImporter
LogPluginManager: Mounting plugin BackChannel
LogPluginManager: Mounting plugin AutomationUtils
LogPluginManager: Mounting plugin ChaosCloth
LogPluginManager: Mounting plugin ChaosClothEditor
LogPluginManager: Mounting plugin ChaosEditor
LogPluginManager: Mounting plugin ChaosNiagara
LogPluginManager: Mounting plugin ChaosSolverPlugin
LogPluginManager: Mounting plugin CharacterAI
LogPluginManager: Mounting plugin MagicLeapLightEstimation
LogPluginManager: Mounting plugin GeometryCache
LogPluginManager: Mounting plugin MagicLeapMedia
LogPluginManager: Mounting plugin GeometryCollectionPlugin
LogPluginManager: Mounting plugin MagicLeapPassableWorld
LogPluginManager: Mounting plugin AndroidMedia
LogPluginManager: Mounting plugin MLSDK
LogPluginManager: Mounting plugin AvfMedia
LogPluginManager: Mounting plugin GeometryProcessing
LogPluginManager: Mounting plugin ImgMedia
LogPluginManager: Mounting plugin MediaCompositing
LogPluginManager: Mounting plugin MediaPlayerEditor
LogPluginManager: Mounting plugin MotoSynth
LogPluginManager: Mounting plugin WebMMedia
LogPluginManager: Mounting plugin OpenImageDenoise
LogPluginManager: Mounting plugin PlanarCut
LogPluginManager: Mounting plugin PlatformCrypto
LogPluginManager: Mounting plugin ProxyLODPlugin
LogPluginManager: Mounting plugin PythonScriptPlugin
LogPluginManager: Mounting plugin WmfMedia
LogPluginManager: Mounting plugin SkeletalReduction
LogPluginManager: Mounting plugin TcpMessaging
LogPluginManager: Mounting plugin UdpMessaging
LogPluginManager: Mounting plugin ActorSequence
LogPluginManager: Mounting plugin LevelSequenceEditor
LogPluginManager: Mounting plugin MatineeToLevelSequence
LogPluginManager: Mounting plugin TemplateSequence
LogPluginManager: Mounting plugin OnlineSubsystem
LogPluginManager: Mounting plugin OnlineSubsystemNull
LogPluginManager: Mounting plugin LauncherChunkInstaller
LogPluginManager: Mounting plugin OnlineSubsystemUtils
LogPluginManager: Mounting plugin ActorLayerUtilities
LogPluginManager: Mounting plugin AndroidDeviceProfileSelector
LogPluginManager: Mounting plugin AndroidMoviePlayer
LogPluginManager: Mounting plugin AndroidPermission
LogPluginManager: Mounting plugin AppleImageUtils
LogPluginManager: Mounting plugin AppleMoviePlayer
LogPluginManager: Mounting plugin ArchVisCharacter
LogPluginManager: Mounting plugin AssetTags
LogPluginManager: Mounting plugin AudioCapture
LogPluginManager: Mounting plugin AudioSynesthesia
LogPluginManager: Mounting plugin CableComponent
LogPluginManager: Mounting plugin ChunkDownloader
LogPluginManager: Mounting plugin CustomMeshComponent
LogPluginManager: Mounting plugin ExampleDeviceProfileSelector
LogPluginManager: Mounting plugin EditableMesh
LogPluginManager: Mounting plugin GoogleCloudMessaging
LogPluginManager: Mounting plugin GooglePAD
LogPluginManager: Mounting plugin IOSDeviceProfileSelector
LogPluginManager: Mounting plugin ScreenshotTools
LogPluginManager: Mounting plugin LinuxDeviceProfileSelector
LogPluginManager: Mounting plugin LocationServicesBPLibrary
LogPluginManager: Mounting plugin MobilePatchingUtils
LogPluginManager: Mounting plugin OpenXR
LogPluginManager: Mounting plugin OpenXREyeTracker
LogPluginManager: Mounting plugin OpenXRHandTracking
LogPluginManager: Mounting plugin PhysXVehicles
LogPluginManager: Mounting plugin PostSplashScreen
LogPluginManager: Mounting plugin ProceduralMeshComponent
LogPluginManager: Mounting plugin PropertyAccessEditor
LogPluginManager: Mounting plugin SignificanceManager
LogPluginManager: Mounting plugin RuntimePhysXCooking
LogPluginManager: Mounting plugin SoundFields
LogPluginManager: Mounting plugin Synthesis
LogPluginManager: Mounting plugin WebMMoviePlayer
LogPluginManager: Mounting plugin WindowsMoviePlayer
LogPluginManager: Mounting plugin LightPropagationVolume
LogPluginManager: Mounting plugin Takes
LogPluginManager: Mounting plugin ContentBrowserClassDataSource
LogPluginManager: Mounting plugin ContentBrowserFileDataSource
LogPluginManager: Mounting plugin ContentBrowserAssetDataSource
LogPluginManager: Mounting plugin RiderLink
LogPluginManager: Mounting plugin OnlineSubsystemGooglePlay
LogPluginManager: Mounting plugin OnlineSubsystemIOS
LogPluginManager: Mounting plugin OculusVR
LogPluginManager: Mounting plugin SteamVR
PixWinPlugin: PIX capture plugin failed to initialize! Check that the process is launched from PIX.
LogInit: Using libcurl 7.55.1-DEV
LogInit:  - built for x86_64-pc-win32
LogInit:  - supports SSL with OpenSSL/1.1.1
LogInit:  - supports HTTP deflate (compression) using libz 1.2.8
LogInit:  - other features:
LogInit:      CURL_VERSION_SSL
LogInit:      CURL_VERSION_LIBZ
LogInit:      CURL_VERSION_IPV6
LogInit:      CURL_VERSION_ASYNCHDNS
LogInit:      CURL_VERSION_LARGEFILE
LogInit:      CURL_VERSION_IDN
LogInit:  CurlRequestOptions (configurable via config and command line):
LogInit:  - bVerifyPeer = true  - Libcurl will verify peer certificate
LogInit:  - bUseHttpProxy = false  - Libcurl will NOT use HTTP proxy
LogInit:  - bDontReuseConnections = false  - Libcurl will reuse connections
LogInit:  - MaxHostConnections = 16  - Libcurl will limit the number of connections to a host
LogInit:  - LocalHostAddr = Default
LogInit:  - BufferSize = 65536
LogOnline: OSS: Creating online subsystem instance for: NULL
LogInit: WinSock: version 1.1 (2.2), MaxSocks=32767, MaxUdp=65467
LogOnline: OSS: TryLoadSubsystemAndSetDefault: Loaded subsystem for module [NULL]
LogOculusPluginWrapper: OculusPlugin initialized successfully
LogHMD: Failed initializing OVRPlugin 1.59.0
LogInit: Build: ++UE4+Release-4.27-CL-0
LogInit: Engine Version: 4.27.2-0+++UE4+Release-4.27
LogInit: Compatible Engine Version: 4.27.0-0+++UE4+Release-4.27
LogInit: Net CL: 0
LogInit: OS: Windows 10 (Release 2009) (), CPU: Intel(R) Core(TM) i7-8700 CPU @ 3.20GHz, GPU: NVIDIA GeForce GTX 1660 Ti
LogInit: Compiled (64-bit): Mar 12 2024 21:46:05
LogInit: Compiled with Visual C++: 19.39.33521.00
LogInit: Build Configuration: Development
LogInit: Branch Name: ++UE4+Release-4.27
LogInit: Command Line:  -skipcompile
LogInit: Base Directory: C:/Program Files (x86)/UE4.27/UnrealEngine-4.27/Engine/Binaries/Win64/
LogInit: Allocator: TBB
LogInit: Installed Engine Build: 0
LogDevObjectVersion: Number of dev versions registered: 29
LogDevObjectVersion:   Dev-Blueprints (B0D832E4-1F89-4F0D-ACCF-7EB736FD4AA2): 10
LogDevObjectVersion:   Dev-Build (E1C64328-A22C-4D53-A36C-8E866417BD8C): 0
LogDevObjectVersion:   Dev-Core (375EC13C-06E4-48FB-B500-84F0262A717E): 4
LogDevObjectVersion:   Dev-Editor (E4B068ED-F494-42E9-A231-DA0B2E46BB41): 40
LogDevObjectVersion:   Dev-Framework (CFFC743F-43B0-4480-9391-14DF171D2073): 37
LogDevObjectVersion:   Dev-Mobile (B02B49B5-BB20-44E9-A304-32B752E40360): 3
LogDevObjectVersion:   Dev-Networking (A4E4105C-59A1-49B5-A7C5-40C4547EDFEE): 0
LogDevObjectVersion:   Dev-Online (39C831C9-5AE6-47DC-9A44-9C173E1C8E7C): 0
LogDevObjectVersion:   Dev-Physics (78F01B33-EBEA-4F98-B9B4-84EACCB95AA2): 14
LogDevObjectVersion:   Dev-Platform (6631380F-2D4D-43E0-8009-CF276956A95A): 0
LogDevObjectVersion:   Dev-Rendering (12F88B9F-8875-4AFC-A67C-D90C383ABD29): 45
LogDevObjectVersion:   Dev-Sequencer (7B5AE74C-D270-4C10-A958-57980B212A5A): 13
LogDevObjectVersion:   Dev-VR (D7296918-1DD6-4BDD-9DE2-64A83CC13884): 3
LogDevObjectVersion:   Dev-LoadTimes (C2A15278-BFE7-4AFE-6C17-90FF531DF755): 1
LogDevObjectVersion:   Private-Geometry (6EACA3D4-40EC-4CC1-B786-8BED09428FC5): 3
LogDevObjectVersion:   Dev-AnimPhys (29E575DD-E0A3-4627-9D10-D276232CDCEA): 17
LogDevObjectVersion:   Dev-Anim (AF43A65D-7FD3-4947-9873-3E8ED9C1BB05): 15
LogDevObjectVersion:   Dev-ReflectionCapture (6B266CEC-1EC7-4B8F-A30B-E4D90942FC07): 1
LogDevObjectVersion:   Dev-Automation (0DF73D61-A23F-47EA-B727-89E90C41499A): 1
LogDevObjectVersion:   FortniteMain (601D1886-AC64-4F84-AA16-D3DE0DEAC7D6): 47
LogDevObjectVersion:   FortniteRelease (E7086368-6B23-4C58-8439-1B7016265E91): 1
LogDevObjectVersion:   Dev-Enterprise (9DFFBCD6-494F-0158-E221-12823C92A888): 10
LogDevObjectVersion:   Dev-Niagara (F2AED0AC-9AFE-416F-8664-AA7FFA26D6FC): 1
LogDevObjectVersion:   Dev-Destruction (174F1F0B-B4C6-45A5-B13F-2EE8D0FB917D): 10
LogDevObjectVersion:   Dev-Physics-Ext (35F94A83-E258-406C-A318-09F59610247C): 41
LogDevObjectVersion:   Dev-PhysicsMaterial-Chaos (B68FC16E-8B1B-42E2-B453-215C058844FE): 1
LogDevObjectVersion:   Dev-CineCamera (B2E18506-4273-CFC2-A54E-F4BB758BBA07): 1
LogDevObjectVersion:   Dev-VirtualProduction (64F58936-FD1B-42BA-BA96-7289D5D0FA4E): 1
LogDevObjectVersion:   Dev-MediaFramework (6F0ED827-A609-4895-9C91-998D90180EA4): 2
LogInit: Presizing for max 25165824 objects, including 0 objects not considered by GC, pre-allocating 0 bytes for permanent pool.
LogConfig: Applying CVar settings from Section [/Script/Engine.StreamingSettings] File [D:/GitHub/NetShootRewrite/Saved/Config/Windows/Engine.ini]
LogConfig: Setting CVar [[s.MinBulkDataSizeForAsyncLoading:131072]]
LogConfig: Setting CVar [[s.AsyncLoadingThreadEnabled:0]]
LogConfig: Setting CVar [[s.EventDrivenLoaderEnabled:1]]
LogConfig: Setting CVar [[s.WarnIfTimeLimitExceeded:0]]
LogConfig: Setting CVar [[s.TimeLimitExceededMultiplier:1.5]]
LogConfig: Setting CVar [[s.TimeLimitExceededMinTime:0.005]]
LogConfig: Setting CVar [[s.UseBackgroundLevelStreaming:1]]
LogConfig: Setting CVar [[s.PriorityAsyncLoadingExtraTime:15.0]]
LogConfig: Setting CVar [[s.LevelStreamingActorsUpdateTimeLimit:5.0]]
LogConfig: Setting CVar [[s.PriorityLevelStreamingActorsUpdateExtraTime:5.0]]
LogConfig: Setting CVar [[s.LevelStreamingComponentsRegistrationGranularity:10]]
LogConfig: Setting CVar [[s.UnregisterComponentsTimeLimit:1.0]]
LogConfig: Setting CVar [[s.LevelStreamingComponentsUnregistrationGranularity:5]]
LogConfig: Setting CVar [[s.FlushStreamingOnExit:1]]
LogInit: Object subsystem initialized
LogConfig: Setting CVar [[con.DebugEarlyDefault:1]]
LogConfig: Setting CVar [[r.setres:1280x720]]
[2024.03.18-08.58.10:053][  0]LogConfig: Setting CVar [[r.VSync:0]]
[2024.03.18-08.58.10:053][  0]LogConfig: Setting CVar [[r.RHICmdBypass:0]]
[2024.03.18-08.58.10:053][  0]LogConfig: Applying CVar settings from Section [/Script/Engine.RendererSettings] File [D:/GitHub/NetShootRewrite/Saved/Config/Windows/Engine.ini]
[2024.03.18-08.58.10:053][  0]LogConfig: Setting CVar [[r.GPUCrashDebugging:0]]
[2024.03.18-08.58.10:053][  0]LogConfig: Applying CVar settings from Section [/Script/Engine.RendererOverrideSettings] File [D:/GitHub/NetShootRewrite/Saved/Config/Windows/Engine.ini]
[2024.03.18-08.58.10:053][  0]LogConfig: Applying CVar settings from Section [/Script/Engine.StreamingSettings] File [D:/GitHub/NetShootRewrite/Saved/Config/Windows/Engine.ini]
[2024.03.18-08.58.10:053][  0]LogConfig: Setting CVar [[s.MinBulkDataSizeForAsyncLoading:131072]]
[2024.03.18-08.58.10:053][  0]LogConfig: Setting CVar [[s.AsyncLoadingThreadEnabled:0]]
[2024.03.18-08.58.10:053][  0]LogConfig: Setting CVar [[s.EventDrivenLoaderEnabled:1]]
[2024.03.18-08.58.10:053][  0]LogConfig: Setting CVar [[s.WarnIfTimeLimitExceeded:0]]
[2024.03.18-08.58.10:053][  0]LogConfig: Setting CVar [[s.TimeLimitExceededMultiplier:1.5]]
[2024.03.18-08.58.10:053][  0]LogConfig: Setting CVar [[s.TimeLimitExceededMinTime:0.005]]
[2024.03.18-08.58.10:053][  0]LogConfig: Setting CVar [[s.UseBackgroundLevelStreaming:1]]
[2024.03.18-08.58.10:053][  0]LogConfig: Setting CVar [[s.PriorityAsyncLoadingExtraTime:15.0]]
[2024.03.18-08.58.10:053][  0]LogConfig: Setting CVar [[s.LevelStreamingActorsUpdateTimeLimit:5.0]]
[2024.03.18-08.58.10:053][  0]LogConfig: Setting CVar [[s.PriorityLevelStreamingActorsUpdateExtraTime:5.0]]
[2024.03.18-08.58.10:053][  0]LogConfig: Setting CVar [[s.LevelStreamingComponentsRegistrationGranularity:10]]
[2024.03.18-08.58.10:053][  0]LogConfig: Setting CVar [[s.UnregisterComponentsTimeLimit:1.0]]
[2024.03.18-08.58.10:053][  0]LogConfig: Setting CVar [[s.LevelStreamingComponentsUnregistrationGranularity:5]]
[2024.03.18-08.58.10:053][  0]LogConfig: Setting CVar [[s.FlushStreamingOnExit:1]]
[2024.03.18-08.58.10:053][  0]LogConfig: Applying CVar settings from Section [/Script/Engine.GarbageCollectionSettings] File [D:/GitHub/NetShootRewrite/Saved/Config/Windows/Engine.ini]
[2024.03.18-08.58.10:053][  0]LogConfig: Setting CVar [[gc.MaxObjectsNotConsideredByGC:1]]
[2024.03.18-08.58.10:053][  0]LogConfig: Setting CVar [[gc.SizeOfPermanentObjectPool:0]]
[2024.03.18-08.58.10:053][  0]LogConfig: Setting CVar [[gc.FlushStreamingOnGC:0]]
[2024.03.18-08.58.10:053][  0]LogConfig: Setting CVar [[gc.NumRetriesBeforeForcingGC:10]]
[2024.03.18-08.58.10:053][  0]LogConfig: Setting CVar [[gc.AllowParallelGC:1]]
[2024.03.18-08.58.10:053][  0]LogConfig: Setting CVar [[gc.TimeBetweenPurgingPendingKillObjects:61.1]]
[2024.03.18-08.58.10:053][  0]LogConfig: Setting CVar [[gc.MaxObjectsInEditor:25165824]]
[2024.03.18-08.58.10:053][  0]LogConfig: Setting CVar [[gc.IncrementalBeginDestroyEnabled:1]]
[2024.03.18-08.58.10:053][  0]LogConfig: Setting CVar [[gc.CreateGCClusters:1]]
[2024.03.18-08.58.10:053][  0]LogConfig: Setting CVar [[gc.MinGCClusterSize:5]]
[2024.03.18-08.58.10:053][  0]LogConfig: Setting CVar [[gc.ActorClusteringEnabled:0]]
[2024.03.18-08.58.10:053][  0]LogConfig: Setting CVar [[gc.BlueprintClusteringEnabled:0]]
[2024.03.18-08.58.10:053][  0]LogConfig: Setting CVar [[gc.UseDisregardForGCOnDedicatedServers:0]]
[2024.03.18-08.58.10:053][  0]LogConfig: Setting CVar [[gc.MultithreadedDestructionEnabled:1]]
[2024.03.18-08.58.10:053][  0]LogConfig: Applying CVar settings from Section [/Script/Engine.NetworkSettings] File [D:/GitHub/NetShootRewrite/Saved/Config/Windows/Engine.ini]
[2024.03.18-08.58.10:053][  0]LogConfig: Applying CVar settings from Section [/Script/UnrealEd.CookerSettings] File [D:/GitHub/NetShootRewrite/Saved/Config/Windows/Engine.ini]
[2024.03.18-08.58.10:123][  0]LogConfig: Applying CVar settings from Section [ViewDistanceQuality@3] File [D:/GitHub/NetShootRewrite/Saved/Config/Windows/Scalability.ini]
[2024.03.18-08.58.10:123][  0]LogConfig: Setting CVar [[r.SkeletalMeshLODBias:0]]
[2024.03.18-08.58.10:123][  0]LogConfig: Setting CVar [[r.ViewDistanceScale:1.0]]
[2024.03.18-08.58.10:123][  0]LogConfig: Applying CVar settings from Section [AntiAliasingQuality@3] File [D:/GitHub/NetShootRewrite/Saved/Config/Windows/Scalability.ini]
[2024.03.18-08.58.10:123][  0]LogConfig: Setting CVar [[r.PostProcessAAQuality:4]]
[2024.03.18-08.58.10:123][  0]LogConfig: Applying CVar settings from Section [ShadowQuality@3] File [D:/GitHub/NetShootRewrite/Saved/Config/Windows/Scalability.ini]
[2024.03.18-08.58.10:123][  0]LogConfig: Setting CVar [[r.LightFunctionQuality:1]]
[2024.03.18-08.58.10:123][  0]LogConfig: Setting CVar [[r.ShadowQuality:5]]
[2024.03.18-08.58.10:123][  0]LogConfig: Setting CVar [[r.Shadow.CSM.MaxCascades:10]]
[2024.03.18-08.58.10:123][  0]LogConfig: Setting CVar [[r.Shadow.MaxResolution:2048]]
[2024.03.18-08.58.10:123][  0]LogConfig: Setting CVar [[r.Shadow.MaxCSMResolution:2048]]
[2024.03.18-08.58.10:123][  0]LogConfig: Setting CVar [[r.Shadow.RadiusThreshold:0.01]]
[2024.03.18-08.58.10:123][  0]LogConfig: Setting CVar [[r.Shadow.DistanceScale:1.0]]
[2024.03.18-08.58.10:123][  0]LogConfig: Setting CVar [[r.Shadow.CSM.TransitionScale:1.0]]
[2024.03.18-08.58.10:123][  0]LogConfig: Setting CVar [[r.Shadow.PreShadowResolutionFactor:1.0]]
[2024.03.18-08.58.10:123][  0]LogConfig: Setting CVar [[r.DistanceFieldShadowing:1]]
[2024.03.18-08.58.10:123][  0]LogConfig: Setting CVar [[r.DistanceFieldAO:1]]
[2024.03.18-08.58.10:123][  0]LogConfig: Setting CVar [[r.AOQuality:2]]
[2024.03.18-08.58.10:123][  0]LogConfig: Setting CVar [[r.VolumetricFog:1]]
[2024.03.18-08.58.10:123][  0]LogConfig: Setting CVar [[r.VolumetricFog.GridPixelSize:8]]
[2024.03.18-08.58.10:123][  0]LogConfig: Setting CVar [[r.VolumetricFog.GridSizeZ:128]]
[2024.03.18-08.58.10:123][  0]LogConfig: Setting CVar [[r.VolumetricFog.HistoryMissSupersampleCount:4]]
[2024.03.18-08.58.10:123][  0]LogConfig: Setting CVar [[r.LightMaxDrawDistanceScale:1]]
[2024.03.18-08.58.10:123][  0]LogConfig: Setting CVar [[r.CapsuleShadows:1]]
[2024.03.18-08.58.10:123][  0]LogConfig: Applying CVar settings from Section [PostProcessQuality@3] File [D:/GitHub/NetShootRewrite/Saved/Config/Windows/Scalability.ini]
[2024.03.18-08.58.10:123][  0]LogConfig: Setting CVar [[r.MotionBlurQuality:4]]
[2024.03.18-08.58.10:123][  0]LogConfig: Setting CVar [[r.AmbientOcclusionMipLevelFactor:0.4]]
[2024.03.18-08.58.10:123][  0]LogConfig: Setting CVar [[r.AmbientOcclusionMaxQuality:100]]
[2024.03.18-08.58.10:123][  0]LogConfig: Setting CVar [[r.AmbientOcclusionLevels:-1]]
[2024.03.18-08.58.10:123][  0]LogConfig: Setting CVar [[r.AmbientOcclusionRadiusScale:1.0]]
[2024.03.18-08.58.10:123][  0]LogConfig: Setting CVar [[r.DepthOfFieldQuality:2]]
[2024.03.18-08.58.10:123][  0]LogConfig: Setting CVar [[r.RenderTargetPoolMin:400]]
[2024.03.18-08.58.10:123][  0]LogConfig: Setting CVar [[r.LensFlareQuality:2]]
[2024.03.18-08.58.10:123][  0]LogConfig: Setting CVar [[r.SceneColorFringeQuality:1]]
[2024.03.18-08.58.10:123][  0]LogConfig: Setting CVar [[r.EyeAdaptationQuality:2]]
[2024.03.18-08.58.10:123][  0]LogConfig: Setting CVar [[r.BloomQuality:5]]
[2024.03.18-08.58.10:123][  0]LogConfig: Setting CVar [[r.FastBlurThreshold:100]]
[2024.03.18-08.58.10:123][  0]LogConfig: Setting CVar [[r.Upscale.Quality:3]]
[2024.03.18-08.58.10:123][  0]LogConfig: Setting CVar [[r.Tonemapper.GrainQuantization:1]]
[2024.03.18-08.58.10:123][  0]LogConfig: Setting CVar [[r.LightShaftQuality:1]]
[2024.03.18-08.58.10:123][  0]LogConfig: Setting CVar [[r.Filter.SizeScale:1]]
[2024.03.18-08.58.10:123][  0]LogConfig: Setting CVar [[r.Tonemapper.Quality:5]]
[2024.03.18-08.58.10:123][  0]LogConfig: Setting CVar [[r.DOF.Gather.AccumulatorQuality:1        ; higher gathering accumulator quality]]
[2024.03.18-08.58.10:123][  0]LogConfig: Setting CVar [[r.DOF.Gather.PostfilterMethod:1          ; Median3x3 postfilering method]]
[2024.03.18-08.58.10:123][  0]LogConfig: Setting CVar [[r.DOF.Gather.EnableBokehSettings:0       ; no bokeh simulation when gathering]]
[2024.03.18-08.58.10:123][  0]LogConfig: Setting CVar [[r.DOF.Gather.RingCount:4                 ; medium number of samples when gathering]]
[2024.03.18-08.58.10:123][  0]LogConfig: Setting CVar [[r.DOF.Scatter.ForegroundCompositing:1    ; additive foreground scattering]]
[2024.03.18-08.58.10:123][  0]LogConfig: Setting CVar [[r.DOF.Scatter.BackgroundCompositing:2    ; additive background scattering]]
[2024.03.18-08.58.10:123][  0]LogConfig: Setting CVar [[r.DOF.Scatter.EnableBokehSettings:1      ; bokeh simulation when scattering]]
[2024.03.18-08.58.10:123][  0]LogConfig: Setting CVar [[r.DOF.Scatter.MaxSpriteRatio:0.1         ; only a maximum of 10% of scattered bokeh]]
[2024.03.18-08.58.10:123][  0]LogConfig: Setting CVar [[r.DOF.Recombine.Quality:1                ; cheap slight out of focus]]
[2024.03.18-08.58.10:123][  0]LogConfig: Setting CVar [[r.DOF.Recombine.EnableBokehSettings:0    ; no bokeh simulation on slight out of focus]]
[2024.03.18-08.58.10:123][  0]LogConfig: Setting CVar [[r.DOF.TemporalAAQuality:1                ; more stable temporal accumulation]]
[2024.03.18-08.58.10:123][  0]LogConfig: Setting CVar [[r.DOF.Kernel.MaxForegroundRadius:0.025]]
[2024.03.18-08.58.10:123][  0]LogConfig: Setting CVar [[r.DOF.Kernel.MaxBackgroundRadius:0.025]]
[2024.03.18-08.58.10:123][  0]LogConfig: Applying CVar settings from Section [TextureQuality@3] File [D:/GitHub/NetShootRewrite/Saved/Config/Windows/Scalability.ini]
[2024.03.18-08.58.10:123][  0]LogConfig: Setting CVar [[r.Streaming.MipBias:0]]
[2024.03.18-08.58.10:123][  0]LogConfig: Setting CVar [[r.Streaming.AmortizeCPUToGPUCopy:0]]
[2024.03.18-08.58.10:123][  0]LogConfig: Setting CVar [[r.Streaming.MaxNumTexturesToStreamPerFrame:0]]
[2024.03.18-08.58.10:123][  0]LogConfig: Setting CVar [[r.Streaming.Boost:1]]
[2024.03.18-08.58.10:123][  0]LogConfig: Setting CVar [[r.MaxAnisotropy:8]]
[2024.03.18-08.58.10:123][  0]LogConfig: Setting CVar [[r.VT.MaxAnisotropy:8]]
[2024.03.18-08.58.10:123][  0]LogConfig: Setting CVar [[r.Streaming.LimitPoolSizeToVRAM:0]]
[2024.03.18-08.58.10:123][  0]LogConfig: Setting CVar [[r.Streaming.PoolSize:1000]]
[2024.03.18-08.58.10:123][  0]LogConfig: Setting CVar [[r.Streaming.MaxEffectiveScreenSize:0]]
[2024.03.18-08.58.10:123][  0]LogConfig: Applying CVar settings from Section [EffectsQuality@3] File [D:/GitHub/NetShootRewrite/Saved/Config/Windows/Scalability.ini]
[2024.03.18-08.58.10:123][  0]LogConfig: Setting CVar [[r.TranslucencyLightingVolumeDim:64]]
[2024.03.18-08.58.10:123][  0]LogConfig: Setting CVar [[r.RefractionQuality:2]]
[2024.03.18-08.58.10:124][  0]LogConfig: Setting CVar [[r.SSR.Quality:3]]
[2024.03.18-08.58.10:124][  0]LogConfig: Setting CVar [[r.SSR.HalfResSceneColor:0]]
[2024.03.18-08.58.10:124][  0]LogConfig: Setting CVar [[r.SceneColorFormat:4]]
[2024.03.18-08.58.10:124][  0]LogConfig: Setting CVar [[r.DetailMode:2]]
[2024.03.18-08.58.10:124][  0]LogConfig: Setting CVar [[r.TranslucencyVolumeBlur:1]]
[2024.03.18-08.58.10:124][  0]LogConfig: Setting CVar [[r.MaterialQualityLevel:1 ; High quality]]
[2024.03.18-08.58.10:124][  0]LogConfig: Setting CVar [[r.AnisotropicMaterials:1]]
[2024.03.18-08.58.10:124][  0]LogConfig: Setting CVar [[r.SSS.Scale:1]]
[2024.03.18-08.58.10:124][  0]LogConfig: Setting CVar [[r.SSS.SampleSet:2]]
[2024.03.18-08.58.10:124][  0]LogConfig: Setting CVar [[r.SSS.Quality:1]]
[2024.03.18-08.58.10:124][  0]LogConfig: Setting CVar [[r.SSS.HalfRes:0]]
[2024.03.18-08.58.10:124][  0]LogConfig: Setting CVar [[r.SSGI.Quality:3]]
[2024.03.18-08.58.10:124][  0]LogConfig: Setting CVar [[r.EmitterSpawnRateScale:1.0]]
[2024.03.18-08.58.10:124][  0]LogConfig: Setting CVar [[r.ParticleLightQuality:2]]
[2024.03.18-08.58.10:124][  0]LogConfig: Setting CVar [[r.SkyAtmosphere.AerialPerspectiveLUT.FastApplyOnOpaque:1 ; Always have FastSkyLUT 1 in this case to avoid wrong sky]]
[2024.03.18-08.58.10:124][  0]LogConfig: Setting CVar [[r.SkyAtmosphere.AerialPerspectiveLUT.SampleCountMaxPerSlice:4]]
[2024.03.18-08.58.10:124][  0]LogConfig: Setting CVar [[r.SkyAtmosphere.AerialPerspectiveLUT.DepthResolution:16.0]]
[2024.03.18-08.58.10:124][  0]LogConfig: Setting CVar [[r.SkyAtmosphere.FastSkyLUT:1]]
[2024.03.18-08.58.10:124][  0]LogConfig: Setting CVar [[r.SkyAtmosphere.FastSkyLUT.SampleCountMin:4.0]]
[2024.03.18-08.58.10:124][  0]LogConfig: Setting CVar [[r.SkyAtmosphere.FastSkyLUT.SampleCountMax:128.0]]
[2024.03.18-08.58.10:124][  0]LogConfig: Setting CVar [[r.SkyAtmosphere.SampleCountMin:4.0]]
[2024.03.18-08.58.10:124][  0]LogConfig: Setting CVar [[r.SkyAtmosphere.SampleCountMax:128.0]]
[2024.03.18-08.58.10:124][  0]LogConfig: Setting CVar [[r.SkyAtmosphere.TransmittanceLUT.UseSmallFormat:0]]
[2024.03.18-08.58.10:124][  0]LogConfig: Setting CVar [[r.SkyAtmosphere.TransmittanceLUT.SampleCount:10.0]]
[2024.03.18-08.58.10:124][  0]LogConfig: Setting CVar [[r.SkyAtmosphere.MultiScatteringLUT.SampleCount:15.0]]
[2024.03.18-08.58.10:124][  0]LogConfig: Setting CVar [[r.SkyLight.RealTimeReflectionCapture:1]]
[2024.03.18-08.58.10:124][  0]LogConfig: Applying CVar settings from Section [FoliageQuality@3] File [D:/GitHub/NetShootRewrite/Saved/Config/Windows/Scalability.ini]
[2024.03.18-08.58.10:124][  0]LogConfig: Setting CVar [[foliage.DensityScale:1.0]]
[2024.03.18-08.58.10:124][  0]LogConfig: Setting CVar [[grass.DensityScale:1.0]]
[2024.03.18-08.58.10:124][  0]LogConfig: Applying CVar settings from Section [ShadingQuality@3] File [D:/GitHub/NetShootRewrite/Saved/Config/Windows/Scalability.ini]
[2024.03.18-08.58.10:124][  0]LogConfig: Setting CVar [[r.HairStrands.SkyLighting.IntegrationType:2]]
[2024.03.18-08.58.10:124][  0]LogConfig: Setting CVar [[r.HairStrands.SkyAO.SampleCount:4]]
[2024.03.18-08.58.10:124][  0]LogConfig: Setting CVar [[r.HairStrands.Visibility.MSAA.SamplePerPixel:4]]
[2024.03.18-08.58.10:124][  0]LogInit: Selected Device Profile: [Windows]
[2024.03.18-08.58.10:124][  0]LogInit: Applying CVar settings loaded from the selected device profile: [Windows]
[2024.03.18-08.58.10:124][  0]LogHAL: Display: Platform has ~ 16 GB [17105735680 / 17179869184 / 16], which maps to Larger [LargestMinGB=32, LargerMinGB=12, DefaultMinGB=8, SmallerMinGB=6, SmallestMinGB=0)
[2024.03.18-08.58.10:124][  0]LogInit: Going up to parent DeviceProfile []
[2024.03.18-08.58.10:124][  0]LogConfig: Applying CVar settings from Section [ViewDistanceQuality@3] File [D:/GitHub/NetShootRewrite/Saved/Config/Windows/Scalability.ini]
[2024.03.18-08.58.10:124][  0]LogConfig: Setting CVar [[r.SkeletalMeshLODBias:0]]
[2024.03.18-08.58.10:124][  0]LogConfig: Setting CVar [[r.ViewDistanceScale:1.0]]
[2024.03.18-08.58.10:124][  0]LogConfig: Applying CVar settings from Section [AntiAliasingQuality@3] File [D:/GitHub/NetShootRewrite/Saved/Config/Windows/Scalability.ini]
[2024.03.18-08.58.10:124][  0]LogConfig: Setting CVar [[r.PostProcessAAQuality:4]]
[2024.03.18-08.58.10:124][  0]LogConfig: Applying CVar settings from Section [ShadowQuality@3] File [D:/GitHub/NetShootRewrite/Saved/Config/Windows/Scalability.ini]
[2024.03.18-08.58.10:124][  0]LogConfig: Setting CVar [[r.LightFunctionQuality:1]]
[2024.03.18-08.58.10:124][  0]LogConfig: Setting CVar [[r.ShadowQuality:5]]
[2024.03.18-08.58.10:124][  0]LogConfig: Setting CVar [[r.Shadow.CSM.MaxCascades:10]]
[2024.03.18-08.58.10:124][  0]LogConfig: Setting CVar [[r.Shadow.MaxResolution:2048]]
[2024.03.18-08.58.10:124][  0]LogConfig: Setting CVar [[r.Shadow.MaxCSMResolution:2048]]
[2024.03.18-08.58.10:124][  0]LogConfig: Setting CVar [[r.Shadow.RadiusThreshold:0.01]]
[2024.03.18-08.58.10:124][  0]LogConfig: Setting CVar [[r.Shadow.DistanceScale:1.0]]
[2024.03.18-08.58.10:124][  0]LogConfig: Setting CVar [[r.Shadow.CSM.TransitionScale:1.0]]
[2024.03.18-08.58.10:124][  0]LogConfig: Setting CVar [[r.Shadow.PreShadowResolutionFactor:1.0]]
[2024.03.18-08.58.10:124][  0]LogConfig: Setting CVar [[r.DistanceFieldShadowing:1]]
[2024.03.18-08.58.10:124][  0]LogConfig: Setting CVar [[r.DistanceFieldAO:1]]
[2024.03.18-08.58.10:124][  0]LogConfig: Setting CVar [[r.AOQuality:2]]
[2024.03.18-08.58.10:124][  0]LogConfig: Setting CVar [[r.VolumetricFog:1]]
[2024.03.18-08.58.10:124][  0]LogConfig: Setting CVar [[r.VolumetricFog.GridPixelSize:8]]
[2024.03.18-08.58.10:124][  0]LogConfig: Setting CVar [[r.VolumetricFog.GridSizeZ:128]]
[2024.03.18-08.58.10:124][  0]LogConfig: Setting CVar [[r.VolumetricFog.HistoryMissSupersampleCount:4]]
[2024.03.18-08.58.10:124][  0]LogConfig: Setting CVar [[r.LightMaxDrawDistanceScale:1]]
[2024.03.18-08.58.10:124][  0]LogConfig: Setting CVar [[r.CapsuleShadows:1]]
[2024.03.18-08.58.10:124][  0]LogConfig: Applying CVar settings from Section [PostProcessQuality@3] File [D:/GitHub/NetShootRewrite/Saved/Config/Windows/Scalability.ini]
[2024.03.18-08.58.10:124][  0]LogConfig: Setting CVar [[r.MotionBlurQuality:4]]
[2024.03.18-08.58.10:124][  0]LogConfig: Setting CVar [[r.AmbientOcclusionMipLevelFactor:0.4]]
[2024.03.18-08.58.10:124][  0]LogConfig: Setting CVar [[r.AmbientOcclusionMaxQuality:100]]
[2024.03.18-08.58.10:124][  0]LogConfig: Setting CVar [[r.AmbientOcclusionLevels:-1]]
[2024.03.18-08.58.10:124][  0]LogConfig: Setting CVar [[r.AmbientOcclusionRadiusScale:1.0]]
[2024.03.18-08.58.10:124][  0]LogConfig: Setting CVar [[r.DepthOfFieldQuality:2]]
[2024.03.18-08.58.10:124][  0]LogConfig: Setting CVar [[r.RenderTargetPoolMin:400]]
[2024.03.18-08.58.10:124][  0]LogConfig: Setting CVar [[r.LensFlareQuality:2]]
[2024.03.18-08.58.10:124][  0]LogConfig: Setting CVar [[r.SceneColorFringeQuality:1]]
[2024.03.18-08.58.10:124][  0]LogConfig: Setting CVar [[r.EyeAdaptationQuality:2]]
[2024.03.18-08.58.10:124][  0]LogConfig: Setting CVar [[r.BloomQuality:5]]
[2024.03.18-08.58.10:124][  0]LogConfig: Setting CVar [[r.FastBlurThreshold:100]]
[2024.03.18-08.58.10:124][  0]LogConfig: Setting CVar [[r.Upscale.Quality:3]]
[2024.03.18-08.58.10:124][  0]LogConfig: Setting CVar [[r.Tonemapper.GrainQuantization:1]]
[2024.03.18-08.58.10:124][  0]LogConfig: Setting CVar [[r.LightShaftQuality:1]]
[2024.03.18-08.58.10:124][  0]LogConfig: Setting CVar [[r.Filter.SizeScale:1]]
[2024.03.18-08.58.10:124][  0]LogConfig: Setting CVar [[r.Tonemapper.Quality:5]]
[2024.03.18-08.58.10:124][  0]LogConfig: Setting CVar [[r.DOF.Gather.AccumulatorQuality:1        ; higher gathering accumulator quality]]
[2024.03.18-08.58.10:124][  0]LogConfig: Setting CVar [[r.DOF.Gather.PostfilterMethod:1          ; Median3x3 postfilering method]]
[2024.03.18-08.58.10:124][  0]LogConfig: Setting CVar [[r.DOF.Gather.EnableBokehSettings:0       ; no bokeh simulation when gathering]]
[2024.03.18-08.58.10:124][  0]LogConfig: Setting CVar [[r.DOF.Gather.RingCount:4                 ; medium number of samples when gathering]]
[2024.03.18-08.58.10:124][  0]LogConfig: Setting CVar [[r.DOF.Scatter.ForegroundCompositing:1    ; additive foreground scattering]]
[2024.03.18-08.58.10:124][  0]LogConfig: Setting CVar [[r.DOF.Scatter.BackgroundCompositing:2    ; additive background scattering]]
[2024.03.18-08.58.10:124][  0]LogConfig: Setting CVar [[r.DOF.Scatter.EnableBokehSettings:1      ; bokeh simulation when scattering]]
[2024.03.18-08.58.10:125][  0]LogConfig: Setting CVar [[r.DOF.Scatter.MaxSpriteRatio:0.1         ; only a maximum of 10% of scattered bokeh]]
[2024.03.18-08.58.10:125][  0]LogConfig: Setting CVar [[r.DOF.Recombine.Quality:1                ; cheap slight out of focus]]
[2024.03.18-08.58.10:125][  0]LogConfig: Setting CVar [[r.DOF.Recombine.EnableBokehSettings:0    ; no bokeh simulation on slight out of focus]]
[2024.03.18-08.58.10:125][  0]LogConfig: Setting CVar [[r.DOF.TemporalAAQuality:1                ; more stable temporal accumulation]]
[2024.03.18-08.58.10:125][  0]LogConfig: Setting CVar [[r.DOF.Kernel.MaxForegroundRadius:0.025]]
[2024.03.18-08.58.10:125][  0]LogConfig: Setting CVar [[r.DOF.Kernel.MaxBackgroundRadius:0.025]]
[2024.03.18-08.58.10:125][  0]LogConfig: Applying CVar settings from Section [TextureQuality@3] File [D:/GitHub/NetShootRewrite/Saved/Config/Windows/Scalability.ini]
[2024.03.18-08.58.10:125][  0]LogConfig: Setting CVar [[r.Streaming.MipBias:0]]
[2024.03.18-08.58.10:125][  0]LogConfig: Setting CVar [[r.Streaming.AmortizeCPUToGPUCopy:0]]
[2024.03.18-08.58.10:125][  0]LogConfig: Setting CVar [[r.Streaming.MaxNumTexturesToStreamPerFrame:0]]
[2024.03.18-08.58.10:125][  0]LogConfig: Setting CVar [[r.Streaming.Boost:1]]
[2024.03.18-08.58.10:125][  0]LogConfig: Setting CVar [[r.MaxAnisotropy:8]]
[2024.03.18-08.58.10:125][  0]LogConfig: Setting CVar [[r.VT.MaxAnisotropy:8]]
[2024.03.18-08.58.10:125][  0]LogConfig: Setting CVar [[r.Streaming.LimitPoolSizeToVRAM:0]]
[2024.03.18-08.58.10:125][  0]LogConfig: Setting CVar [[r.Streaming.PoolSize:1000]]
[2024.03.18-08.58.10:125][  0]LogConfig: Setting CVar [[r.Streaming.MaxEffectiveScreenSize:0]]
[2024.03.18-08.58.10:125][  0]LogConfig: Applying CVar settings from Section [EffectsQuality@3] File [D:/GitHub/NetShootRewrite/Saved/Config/Windows/Scalability.ini]
[2024.03.18-08.58.10:125][  0]LogConfig: Setting CVar [[r.TranslucencyLightingVolumeDim:64]]
[2024.03.18-08.58.10:125][  0]LogConfig: Setting CVar [[r.RefractionQuality:2]]
[2024.03.18-08.58.10:125][  0]LogConfig: Setting CVar [[r.SSR.Quality:3]]
[2024.03.18-08.58.10:125][  0]LogConfig: Setting CVar [[r.SSR.HalfResSceneColor:0]]
[2024.03.18-08.58.10:125][  0]LogConfig: Setting CVar [[r.SceneColorFormat:4]]
[2024.03.18-08.58.10:125][  0]LogConfig: Setting CVar [[r.DetailMode:2]]
[2024.03.18-08.58.10:125][  0]LogConfig: Setting CVar [[r.TranslucencyVolumeBlur:1]]
[2024.03.18-08.58.10:125][  0]LogConfig: Setting CVar [[r.MaterialQualityLevel:1 ; High quality]]
[2024.03.18-08.58.10:125][  0]LogConfig: Setting CVar [[r.AnisotropicMaterials:1]]
[2024.03.18-08.58.10:125][  0]LogConfig: Setting CVar [[r.SSS.Scale:1]]
[2024.03.18-08.58.10:125][  0]LogConfig: Setting CVar [[r.SSS.SampleSet:2]]
[2024.03.18-08.58.10:125][  0]LogConfig: Setting CVar [[r.SSS.Quality:1]]
[2024.03.18-08.58.10:125][  0]LogConfig: Setting CVar [[r.SSS.HalfRes:0]]
[2024.03.18-08.58.10:125][  0]LogConfig: Setting CVar [[r.SSGI.Quality:3]]
[2024.03.18-08.58.10:125][  0]LogConfig: Setting CVar [[r.EmitterSpawnRateScale:1.0]]
[2024.03.18-08.58.10:125][  0]LogConfig: Setting CVar [[r.ParticleLightQuality:2]]
[2024.03.18-08.58.10:125][  0]LogConfig: Setting CVar [[r.SkyAtmosphere.AerialPerspectiveLUT.FastApplyOnOpaque:1 ; Always have FastSkyLUT 1 in this case to avoid wrong sky]]
[2024.03.18-08.58.10:125][  0]LogConfig: Setting CVar [[r.SkyAtmosphere.AerialPerspectiveLUT.SampleCountMaxPerSlice:4]]
[2024.03.18-08.58.10:125][  0]LogConfig: Setting CVar [[r.SkyAtmosphere.AerialPerspectiveLUT.DepthResolution:16.0]]
[2024.03.18-08.58.10:125][  0]LogConfig: Setting CVar [[r.SkyAtmosphere.FastSkyLUT:1]]
[2024.03.18-08.58.10:125][  0]LogConfig: Setting CVar [[r.SkyAtmosphere.FastSkyLUT.SampleCountMin:4.0]]
[2024.03.18-08.58.10:125][  0]LogConfig: Setting CVar [[r.SkyAtmosphere.FastSkyLUT.SampleCountMax:128.0]]
[2024.03.18-08.58.10:125][  0]LogConfig: Setting CVar [[r.SkyAtmosphere.SampleCountMin:4.0]]
[2024.03.18-08.58.10:125][  0]LogConfig: Setting CVar [[r.SkyAtmosphere.SampleCountMax:128.0]]
[2024.03.18-08.58.10:125][  0]LogConfig: Setting CVar [[r.SkyAtmosphere.TransmittanceLUT.UseSmallFormat:0]]
[2024.03.18-08.58.10:125][  0]LogConfig: Setting CVar [[r.SkyAtmosphere.TransmittanceLUT.SampleCount:10.0]]
[2024.03.18-08.58.10:125][  0]LogConfig: Setting CVar [[r.SkyAtmosphere.MultiScatteringLUT.SampleCount:15.0]]
[2024.03.18-08.58.10:125][  0]LogConfig: Setting CVar [[r.SkyLight.RealTimeReflectionCapture:1]]
[2024.03.18-08.58.10:125][  0]LogConfig: Applying CVar settings from Section [FoliageQuality@3] File [D:/GitHub/NetShootRewrite/Saved/Config/Windows/Scalability.ini]
[2024.03.18-08.58.10:125][  0]LogConfig: Setting CVar [[foliage.DensityScale:1.0]]
[2024.03.18-08.58.10:125][  0]LogConfig: Setting CVar [[grass.DensityScale:1.0]]
[2024.03.18-08.58.10:125][  0]LogConfig: Applying CVar settings from Section [ShadingQuality@3] File [D:/GitHub/NetShootRewrite/Saved/Config/Windows/Scalability.ini]
[2024.03.18-08.58.10:125][  0]LogConfig: Setting CVar [[r.HairStrands.SkyLighting.IntegrationType:2]]
[2024.03.18-08.58.10:125][  0]LogConfig: Setting CVar [[r.HairStrands.SkyAO.SampleCount:4]]
[2024.03.18-08.58.10:125][  0]LogConfig: Setting CVar [[r.HairStrands.Visibility.MSAA.SamplePerPixel:4]]
[2024.03.18-08.58.10:125][  0]LogConfig: Applying CVar settings from Section [Startup] File [../../../Engine/Config/ConsoleVariables.ini]
[2024.03.18-08.58.10:125][  0]LogConfig: Setting CVar [[net.UseAdaptiveNetUpdateFrequency:0]]
[2024.03.18-08.58.10:125][  0]LogConfig: Setting CVar [[p.chaos.AllowCreatePhysxBodies:1]]
[2024.03.18-08.58.10:125][  0]LogConfig: Setting CVar [[fx.SkipVectorVMBackendOptimizations:1]]
[2024.03.18-08.58.10:125][  0]LogConfig: Applying CVar settings from Section [ConsoleVariables] File [D:/GitHub/NetShootRewrite/Saved/Config/Windows/Engine.ini]
[2024.03.18-08.58.10:125][  0]LogConfig: Applying CVar settings from Section [ConsoleVariables] File [D:/GitHub/NetShootRewrite/Saved/Config/Windows/Editor.ini]
[2024.03.18-08.58.10:125][  0]LogInit: Computer: DESKTOP-6POMQQ5
[2024.03.18-08.58.10:125][  0]LogInit: User: ZTT
[2024.03.18-08.58.10:126][  0]LogInit: CPU Page size=4096, Cores=6
[2024.03.18-08.58.10:126][  0]LogInit: High frequency timer resolution =10.000000 MHz
[2024.03.18-08.58.10:126][  0]LogMemory: Memory total: Physical=15.9GB (16GB approx)
[2024.03.18-08.58.10:126][  0]LogMemory: Platform Memory Stats for Windows
[2024.03.18-08.58.10:126][  0]LogMemory: Process Physical Memory: 144.22 MB used, 144.23 MB peak
[2024.03.18-08.58.10:126][  0]LogMemory: Process Virtual Memory: 119.60 MB used, 119.60 MB peak
[2024.03.18-08.58.10:126][  0]LogMemory: Physical Memory: 13520.84 MB used,  2792.46 MB free, 16313.30 MB total
[2024.03.18-08.58.10:126][  0]LogMemory: Virtual Memory: 134209800.00 MB used,  7925.11 MB free, 134217728.00 MB total
[2024.03.18-08.58.10:133][  0]LogWindows: WindowsPlatformFeatures enabled
[2024.03.18-08.58.10:159][  0]LogInit: Physics initialised using underlying interface: PhysX
[2024.03.18-08.58.10:160][  0]LogInit: Overriding language with editor language configuration option (zh-Hans).
[2024.03.18-08.58.10:160][  0]LogInit: Using OS detected locale (zh-CN).
[2024.03.18-08.58.10:273][  0]LogTextLocalizationResource: LocRes '../../../Engine/Content/Localization/Editor/zh/Editor.locres' could not be opened for reading!
[2024.03.18-08.58.10:273][  0]LogTextLocalizationResource: LocRes '../../../Engine/Content/Localization/EditorTutorials/zh/EditorTutorials.locres' could not be opened for reading!
[2024.03.18-08.58.10:273][  0]LogTextLocalizationResource: LocRes '../../../Engine/Content/Localization/Keywords/zh/Keywords.locres' could not be opened for reading!
[2024.03.18-08.58.10:274][  0]LogTextLocalizationResource: LocRes '../../../Engine/Content/Localization/Category/zh/Category.locres' could not be opened for reading!
[2024.03.18-08.58.10:274][  0]LogTextLocalizationResource: LocRes '../../../Engine/Content/Localization/ToolTips/zh/ToolTips.locres' could not be opened for reading!
[2024.03.18-08.58.10:274][  0]LogTextLocalizationResource: LocRes '../../../Engine/Content/Localization/PropertyNames/zh/PropertyNames.locres' could not be opened for reading!
[2024.03.18-08.58.10:274][  0]LogTextLocalizationResource: LocRes '../../../Engine/Content/Localization/Engine/zh/Engine.locres' could not be opened for reading!
[2024.03.18-08.58.10:275][  0]LogTextLocalizationResource: LocRes '../../../Engine/Plugins/Online/OnlineSubsystem/Content/Localization/OnlineSubsystem/zh/OnlineSubsystem.locres' could not be opened for reading!
[2024.03.18-08.58.10:275][  0]LogTextLocalizationResource: LocRes '../../../Engine/Plugins/Online/OnlineSubsystemUtils/Content/Localization/OnlineSubsystemUtils/zh/OnlineSubsystemUtils.locres' could not be opened for reading!
[2024.03.18-08.58.10:275][  0]LogTextLocalizationResource: LocRes '../../../Engine/Plugins/Online/Android/OnlineSubsystemGooglePlay/Content/Localization/OnlineSubsystemGooglePlay/zh/OnlineSubsystemGooglePlay.locres' could not be opened for reading!
[2024.03.18-08.58.10:275][  0]LogTextLocalizationResource: LocRes '../../../Engine/Plugins/Online/IOS/OnlineSubsystemIOS/Content/Localization/OnlineSubsystemIOS/zh/OnlineSubsystemIOS.locres' could not be opened for reading!
[2024.03.18-08.58.10:326][  0]LogInit: Setting process to per monitor DPI aware
[2024.03.18-08.58.10:346][  0]LogWindowsTextInputMethodSystem: Display: IME system deactivated.
[2024.03.18-08.58.10:364][  0]LogSlate: New Slate User Created.  User Index 0, Is Virtual User: 0
[2024.03.18-08.58.10:364][  0]LogSlate: Slate User Registered.  User Index 0, Is Virtual User: 0
[2024.03.18-08.58.10:639][  0]LogD3D11RHI: Loaded GFSDK_Aftermath_Lib.x64.dll
[2024.03.18-08.58.10:644][  0]LogHMD: Failed to initialize OpenVR with code 110
[2024.03.18-08.58.10:644][  0]LogD3D11RHI: D3D11 min allowed feature level: 11_0
[2024.03.18-08.58.10:644][  0]LogD3D11RHI: D3D11 max allowed feature level: 11_0
[2024.03.18-08.58.10:644][  0]LogD3D11RHI: D3D11 adapters:
[2024.03.18-08.58.10:839][  0]LogD3D11RHI:    0. 'NVIDIA GeForce GTX 1660 Ti' (Feature Level 11_0)
[2024.03.18-08.58.10:839][  0]LogD3D11RHI:       5979/0/8156 MB DedicatedVideo/DedicatedSystem/SharedSystem, Outputs:1, VendorId:0x10de
[2024.03.18-08.58.10:841][  0]LogD3D11RHI:    1. 'Microsoft Basic Render Driver' (Feature Level 11_0)
[2024.03.18-08.58.10:841][  0]LogD3D11RHI:       0/0/8156 MB DedicatedVideo/DedicatedSystem/SharedSystem, Outputs:0, VendorId:0x1414
[2024.03.18-08.58.10:950][  0]LogD3D11RHI:    2. 'NVIDIA GeForce GTX 1660 Ti' (Feature Level 11_0)
[2024.03.18-08.58.10:950][  0]LogD3D11RHI:       5979/0/8156 MB DedicatedVideo/DedicatedSystem/SharedSystem, Outputs:0, VendorId:0x10de
[2024.03.18-08.58.10:950][  0]LogD3D11RHI: Chosen D3D11 Adapter:
[2024.03.18-08.58.10:950][  0]LogD3D11RHI:     Description : NVIDIA GeForce GTX 1660 Ti
[2024.03.18-08.58.10:950][  0]LogD3D11RHI:     VendorId    : 10de
[2024.03.18-08.58.10:950][  0]LogD3D11RHI:     DeviceId    : 2182
[2024.03.18-08.58.10:951][  0]LogD3D11RHI:     SubSysId    : 3fbe1458
[2024.03.18-08.58.10:951][  0]LogD3D11RHI:     Revision    : 00a1
[2024.03.18-08.58.10:951][  0]LogD3D11RHI:     DedicatedVideoMemory : 6269435904 bytes
[2024.03.18-08.58.10:951][  0]LogD3D11RHI:     DedicatedSystemMemory : 0 bytes
[2024.03.18-08.58.10:951][  0]LogD3D11RHI:     SharedSystemMemory : 8552867840 bytes
[2024.03.18-08.58.10:951][  0]LogD3D11RHI:     AdapterLuid : 0 50912
[2024.03.18-08.58.10:957][  0]LogD3D11RHI: Creating new Direct3DDevice
[2024.03.18-08.58.10:957][  0]LogD3D11RHI:     GPU DeviceId: 0x2182 (for the marketing name, search the web for "GPU Device Id")
[2024.03.18-08.58.10:957][  0]LogWindows: EnumDisplayDevices:
[2024.03.18-08.58.10:957][  0]LogWindows:    0. 'NVIDIA GeForce GTX 1660 Ti' (P:1 D:1)
[2024.03.18-08.58.10:957][  0]LogWindows:    1. 'NVIDIA GeForce GTX 1660 Ti' (P:0 D:0)
[2024.03.18-08.58.10:958][  0]LogWindows:    2. 'NVIDIA GeForce GTX 1660 Ti' (P:0 D:0)
[2024.03.18-08.58.10:959][  0]LogWindows:    3. 'NVIDIA GeForce GTX 1660 Ti' (P:0 D:0)
[2024.03.18-08.58.10:959][  0]LogWindows:    4. 'OrayIddDriver Device' (P:0 D:0)
[2024.03.18-08.58.10:960][  0]LogWindows:    5. 'OrayIddDriver Device' (P:0 D:0)
[2024.03.18-08.58.10:960][  0]LogWindows:    6. 'OrayIddDriver Device' (P:0 D:0)
[2024.03.18-08.58.10:961][  0]LogWindows:    7. 'OrayIddDriver Device' (P:0 D:0)
[2024.03.18-08.58.10:961][  0]LogWindows:    8. 'OrayIddDriver Device' (P:0 D:0)
[2024.03.18-08.58.10:961][  0]LogWindows: DebugString: GetVideoDriverDetailsInvalid PrimaryIsNotTheChoosenAdapter GetVideoDriverDetailsInvalid PrimaryIsNotTheChoosenAdapter GetVideoDriverDetailsInvalid PrimaryIsNotTheChoosenAdapter GetVideoDriverDetailsInvalid PrimaryIsNotTheChoosenAdapter GetVideoDriverDetailsInvalid PrimaryIsNotTheChoosenAdapter FoundDriverCount:4 
[2024.03.18-08.58.10:961][  0]LogD3D11RHI:     Adapter Name: NVIDIA GeForce GTX 1660 Ti
[2024.03.18-08.58.10:962][  0]LogD3D11RHI:   Driver Version: 536.23 (internal:31.0.15.3623, unified:536.23)
[2024.03.18-08.58.10:962][  0]LogD3D11RHI:      Driver Date: 6-8-2023
[2024.03.18-08.58.10:962][  0]LogRHI: Texture pool is 4185 MB (70% of 5979 MB)
[2024.03.18-08.58.10:962][  0]LogD3D11RHI: Creating D3DDevice using adapter:
[2024.03.18-08.58.10:962][  0]LogD3D11RHI:     Description : NVIDIA GeForce GTX 1660 Ti
[2024.03.18-08.58.10:962][  0]LogD3D11RHI:     VendorId    : 10de
[2024.03.18-08.58.10:962][  0]LogD3D11RHI:     DeviceId    : 2182
[2024.03.18-08.58.10:962][  0]LogD3D11RHI:     SubSysId    : 3fbe1458
[2024.03.18-08.58.10:962][  0]LogD3D11RHI:     Revision    : 00a1
[2024.03.18-08.58.10:962][  0]LogD3D11RHI:     DedicatedVideoMemory : 6269435904 bytes
[2024.03.18-08.58.10:962][  0]LogD3D11RHI:     DedicatedSystemMemory : 0 bytes
[2024.03.18-08.58.10:962][  0]LogD3D11RHI:     SharedSystemMemory : 8552867840 bytes
[2024.03.18-08.58.10:962][  0]LogD3D11RHI:     AdapterLuid : 0 50912
[2024.03.18-08.58.11:063][  0]LogD3D11RHI: RHI has support for 64 bit atomics
[2024.03.18-08.58.11:064][  0]LogD3D11RHI: Async texture creation enabled
[2024.03.18-08.58.11:064][  0]LogD3D11RHI: Array index from any shader is supported
[2024.03.18-08.58.11:066][  0]LogD3D11RHI: HDR output is supported on display 0 (NvId: 0x80061086).
[2024.03.18-08.58.11:080][  0]LogD3D11RHI: GPU Timing Frequency: 1000.000000 (Debug: 2 1)
[2024.03.18-08.58.11:149][  0]LogRHI: GeForceNow SDK initialized: 1
[2024.03.18-08.58.11:399][  0]LogTargetPlatformManager: Display: Loaded TargetPlatform 'AllDesktop'
[2024.03.18-08.58.11:419][  0]LogTargetPlatformManager: Display: Loaded TargetPlatform 'Android'
[2024.03.18-08.58.11:419][  0]LogTargetPlatformManager: Display: Loaded TargetPlatform 'Android_ASTC'
[2024.03.18-08.58.11:419][  0]LogTargetPlatformManager: Display: Loaded TargetPlatform 'Android_DXT'
[2024.03.18-08.58.11:419][  0]LogTargetPlatformManager: Display: Loaded TargetPlatform 'Android_ETC2'
[2024.03.18-08.58.11:419][  0]LogTargetPlatformManager: Display: Loaded TargetPlatform 'AndroidClient'
[2024.03.18-08.58.11:419][  0]LogTargetPlatformManager: Display: Loaded TargetPlatform 'Android_ASTCClient'
[2024.03.18-08.58.11:419][  0]LogTargetPlatformManager: Display: Loaded TargetPlatform 'Android_DXTClient'
[2024.03.18-08.58.11:419][  0]LogTargetPlatformManager: Display: Loaded TargetPlatform 'Android_ETC2Client'
[2024.03.18-08.58.11:419][  0]LogTargetPlatformManager: Display: Loaded TargetPlatform 'Android_Multi'
[2024.03.18-08.58.11:419][  0]LogTargetPlatformManager: Display: Loaded TargetPlatform 'Android_MultiClient'
[2024.03.18-08.58.11:438][  0]LogTargetPlatformManager: Display: Loaded TargetPlatform 'IOSClient'
[2024.03.18-08.58.11:438][  0]LogTargetPlatformManager: Display: Loaded TargetPlatform 'IOS'
[2024.03.18-08.58.11:462][  0]LogTargetPlatformManager: Display: Loaded TargetPlatform 'Lumin'
[2024.03.18-08.58.11:462][  0]LogTargetPlatformManager: Display: Loaded TargetPlatform 'LuminClient'
[2024.03.18-08.58.11:470][  0]LogTargetPlatformManager: Display: Loaded TargetPlatform 'MacNoEditor'
[2024.03.18-08.58.11:475][  0]LogTargetPlatformManager: Display: Loaded TargetPlatform 'Mac'
[2024.03.18-08.58.11:479][  0]LogTargetPlatformManager: Display: Loaded TargetPlatform 'MacClient'
[2024.03.18-08.58.11:484][  0]LogTargetPlatformManager: Display: Loaded TargetPlatform 'MacServer'
[2024.03.18-08.58.11:494][  0]LogTargetPlatformManager: Display: Loaded TargetPlatform 'TVOSClient'
[2024.03.18-08.58.11:494][  0]LogTargetPlatformManager: Display: Loaded TargetPlatform 'TVOS'
[2024.03.18-08.58.11:503][  0]LogTargetPlatformManager: Display: Loaded TargetPlatform 'WindowsNoEditor'
[2024.03.18-08.58.11:508][  0]LogTargetPlatformManager: Display: Loaded TargetPlatform 'Windows'
[2024.03.18-08.58.11:512][  0]LogTargetPlatformManager: Display: Loaded TargetPlatform 'WindowsClient'
[2024.03.18-08.58.11:517][  0]LogTargetPlatformManager: Display: Loaded TargetPlatform 'WindowsServer'
[2024.03.18-08.58.11:517][  0]LogTargetPlatformManager: Display: Building Assets For Windows
[2024.03.18-08.58.11:524][  0]LogAudioDebug: Display: Lib vorbis DLL was dynamically loaded.
[2024.03.18-08.58.11:572][  0]LogTextureFormatOodle: Display: Oodle Texture 2.9.0 init RDO Off
[2024.03.18-08.58.11:606][  0]LogRendererCore: Ray tracing is disabled. Reason: r.RayTracing=0.
[2024.03.18-08.58.11:606][  0]LogShaderCompilers: Guid format shader working directory is 18 characters bigger than the processId version (D:/GitHub/NetShootRewrite/Intermediate/Shaders/WorkingDirectory/11784/).
[2024.03.18-08.58.11:606][  0]LogShaderCompilers: Cleaned the shader compiler working directory 'C:/Users/ZTT/AppData/Local/Temp/UnrealShaderWorkingDir/DCEDA3B3469786CF99F0C0BB145A9E5A/'.
[2024.03.18-08.58.11:607][  0]LogShaderCompilers: Display: Using XGE Controller for Shader Compilation.
[2024.03.18-08.58.12:269][  0]LogDerivedDataCache: Display: Max Cache Size: 512 MB
[2024.03.18-08.58.12:321][  0]LogDerivedDataCache: Loaded boot cache 0.05s 94MB D:/GitHub/NetShootRewrite/DerivedDataCache/Boot.ddc.
[2024.03.18-08.58.12:321][  0]LogDerivedDataCache: Display: Loaded Boot cache: D:/GitHub/NetShootRewrite/DerivedDataCache/Boot.ddc
[2024.03.18-08.58.12:321][  0]LogDerivedDataCache: FDerivedDataBackendGraph:  Pak pak cache file D:/GitHub/NetShootRewrite/DerivedDataCache/DDC.ddp not found, will not use a pak cache.
[2024.03.18-08.58.12:322][  0]LogDerivedDataCache: Unable to find inner node Pak for hierarchical cache Hierarchy.
[2024.03.18-08.58.12:322][  0]LogDerivedDataCache: FDerivedDataBackendGraph:  EnginePak pak cache file ../../../Engine/DerivedDataCache/DDC.ddp not found, will not use a pak cache.
[2024.03.18-08.58.12:322][  0]LogDerivedDataCache: Unable to find inner node EnginePak for hierarchical cache Hierarchy.
[2024.03.18-08.58.12:331][  0]LogDerivedDataCache: Speed tests for ../../../Engine/DerivedDataCache took 0.01 seconds
[2024.03.18-08.58.12:331][  0]LogDerivedDataCache: Display: Performance to ../../../Engine/DerivedDataCache: Latency=0.07ms. RandomReadSpeed=670.09MBs, RandomWriteSpeed=147.22MBs. Assigned SpeedClass 'Local'
[2024.03.18-08.58.12:331][  0]LogDerivedDataCache: Using Local data cache path ../../../Engine/DerivedDataCache: Writable
[2024.03.18-08.58.12:331][  0]LogDerivedDataCache: Shared data cache path not found in *engine.ini, will not use an Shared cache.
[2024.03.18-08.58.12:331][  0]LogDerivedDataCache: Unable to find inner node Shared for hierarchical cache Hierarchy.
[2024.03.18-08.58.12:372][  0]LogSlate: Using FreeType 2.10.0
[2024.03.18-08.58.12:373][  0]LogSlate: SlateFontServices - WITH_FREETYPE: 1, WITH_HARFBUZZ: 1
[2024.03.18-08.58.12:399][  0]LogAssetRegistry: FAssetRegistry took 0.0027 seconds to start up
[2024.03.18-08.58.12:629][  0]LogInit: Selected Device Profile: [Windows]
[2024.03.18-08.58.12:630][  0]LogInit: Active device profile: [0000023448DF2D00][0000023449923B40 49] Windows
[2024.03.18-08.58.12:630][  0]LogInit: Profiles: [0000023448DF2D00][0000023449923B40 49] Windows, [0000023448DB1600][000002344991E100 49] WindowsNoEditor, [0000023448DF1500][0000023449926240 49] WindowsServer, [0000023448DB2B00][000002344992A380 49] WindowsClient, [0000023448DF2A00][000002344837A500 49] IOS, [0000023448DB1A00][000002344837E680 49] iPadAir, [0000023448DF1900][0000023448382800 49] iPadAir2, [0000023448D4BC00][000002344838AAC0 49] IPadPro, [0000023448D4BD00][0000023448386B00 49] iPadAir3, [0000023448DF2F00][000002344838EC80 49] iPadAir4, [0000023448D49900][0000023448392E00 49] iPadMini2, [0000023448DF1300][0000023448396F80 49] iPadMini3, [0000023448D48D00][000002344839B100 49] iPadMini4, [0000023448DF0900][000002344839F280 49] iPadMini5, [0000023448D93500][00000234483A7540 49] iPhone6, [0000023448D93600][00000234483A3580 49] iPodTouch6, [0000023448D48700][00000234483AF840 49] iPhone7, [0000023448D48600][00000234483AB880 49] iPodTouch7, [0000023448D91800][00000234483B3A00 49] iPhone5S, [0000023448D4B600][00000234483B7B80 49] iPhone6Plus, [0000023448D93800][0000023448376140 49] iPhone6S, [0000023448D49B00][00000234483BA280 49] iPhone6SPlus, [0000023448D91700][00000234483BE3C0 49] iPhone7Plus, [0000023448D4B100][00000234483C2500 49] iPhoneSE, [0000023448D92500][00000234483CA680 49] iPhone8, [0000023448D49500][00000234483CE800 49] iPhone8Plus, [0000023448D91E00][00000234483D2980 49] iPhoneX, [0000023448D49000][00000234483D6B00 49] iPhoneXS, [0000023448D92200][00000234483DAC80 49] iPhoneXSMax, [0000023448D48500][00000234483DEE00 49] iPhoneXR, [0000023448D92100][00000234483E2F80 49] iPhone11, [0000023448D4AD00][000002343B75D100 49] iPhone11Pro, [0000023448D91600][000002343B761280 49] iPhone11ProMax, [0000023448D49D00][000002343B765400 49] iPhoneSE2, [0000023448D93200][000002343B769580 49] iPhone12Mini, [0000023448D49E00][000002343B76D700 49] iPhone12, [0000023448D90300][000002343B771880 49] iPhone12Pro, [0000023448D4B500][000002343B775A00 49] iPhone12ProMax, [0000023448D93C00][000002343B779B80 49] iPadPro105, [0000023448D48200][000002343B77C180 49] iPadPro129, [0000023448D90E00][000002343B780300 49] iPadPro97, [0000023448D48100][00000234483C6440 49] iPadPro2_129, [0000023448D93F00][000002343B784580 49] iPad5, [0000023448D48900][000002343B7886C0 49] iPad6, [0000023448D93B00][000002343B790840 49] iPad7, [0000023448D4AA00][000002343B7949C0 49] iPad8, [0000023448D92800][000002343B798B40 49] iPadPro11, [0000023448D48A00][000002343B79CCC0 49] iPadPro2_11, [0000023448D90700][000002343B7A0E40 49] iPadPro3_129, [0000023448D4B200][000002343B7A4FC0 49] iPadPro4_129, [0000023448D93A00][000002343B7A9140 49] AppleTV, [0000023448D48C00][000002343B7AD2C0 49] AppleTV4K, [0000023448D92C00][000002343B7B1440 49] TVOS, [0000023448D4B000][000002343B7B55C0 49] Mac, [0000023448DB0E00][000002343B7B9740 49] MacClient, [0000023448E2C800][000002343B7BD8C0 49] MacNoEditor, [0000023448DB1500][000002343B7C1A40 49] MacServer, [0000023448E2C300][000002343B7C5BC0 49] Linux, [0000023448DB2D00][000002343B7C81C0 49] LinuxAArch64, [0000023448E2CB00][000002343B7CC340 49] LinuxNoEditor, [0000023448DB1D00][000002343B7D04C0 49] LinuxAArch64NoEditor, [0000023448E2D500][000002343B78C600 49] LinuxClient, [0000023448DB0500][000002343B7D4740 49] LinuxAArch64Client, [0000023448E2D100][000002343B7D8880 49] LinuxServer, [0000023448DB3600][000002343B7DC9C0 49] LinuxAArch64Server, [0000023448E2D200][000002343B7E4B40 49] Android, [0000023448DB0400][000002343B7E8CC0 49] Android_Low, [0000023448E2CC00][000002343B7ECE40 49] Android_Mid, [0000023448DB0D00][000002343B7F0FC0 49] Android_High, [0000023448E2D300][000002343B7F5140 49] Android_Default, [0000023448DB0300][000002343B7F92C0 49] Android_Adreno4xx, [0000023448E2D900][000002343B7FD440 49] Android_Adreno5xx_Low, [0000023448DB3700][000002343F1CB5C0 49] Android_Adreno5xx, [0000023448E2C900][000002343F1CF740 49] Android_Adreno6xx, [0000023448DB2200][000002343F1D38C0 49] Android_Adreno6xx_Vulkan, [0000023448E2CF00][000002343F1D7A40 49] Android_Mali_T6xx, [0000023448D4BE00][000002343F1DBBC0 49] Android_Mali_T7xx, [0000023448D91100][000002343F1DE1C0 49] Android_Mali_T8xx, [0000023448D4A700][000002343F1E2340 49] Android_Mali_G71, [0000023448D93300][000002343F1E64C0 49] Android_Mali_G72, [0000023448D4A000][000002343F1EA640 49] Android_Mali_G72_Vulkan, [0000023448D93900][000002343B7E0780 49] Android_Mali_G76, [0000023448D48300][000002343F1EE8C0 49] Android_Mali_G76_Vulkan, [0000023448D91F00][000002343F1F2A00 49] Android_Mali_G77, [0000023448D49700][000002343F1F6B40 49] Android_Mali_G77_Vulkan, [0000023448D92400][000002343F1FECC0 49] Android_Mali_G78, [0000023448D4A400][000002343F202E40 49] Android_Mali_G78_Vulkan, [0000023448D92700][000002343F206FC0 49] Android_Mali_G710, [0000023448D4B800][000002343F20B140 49] Android_Mali_G710_Vulkan, [0000023448D90900][000002343F20F2C0 49] Android_Vulkan_SM5, [0000023448D48F00][000002343F213440 49] Android_PowerVR_G6xxx, [0000023448D90400][000002343F2175C0 49] Android_PowerVR_GT7xxx, [0000023448D48E00][000002343F21B740 49] Android_PowerVR_GE8xxx, [0000023448D91A00][000002343F21F8C0 49] Android_PowerVR_GM9xxx, [0000023448D49300][000002343F223A40 49] Android_PowerVR_GM9xxx_Vulkan, [0000023448D91000][000002343F227BC0 49] Android_TegraK1, [0000023448D49F00][000002343F22A1C0 49] Android_Unknown_Vulkan, [0000023448D91400][000002343F22E340 49] Lumin, [0000023448D4A600][000002343F2324C0 49] Lumin_Desktop, [0000023448DF1400][000002343F236640 49] HoloLens, 
[2024.03.18-08.58.12:753][  0]LogMeshReduction: Using QuadricMeshReduction for automatic static mesh reduction
[2024.03.18-08.58.12:753][  0]LogMeshReduction: Using SimplygonMeshReduction for automatic skeletal mesh reduction
[2024.03.18-08.58.12:753][  0]LogMeshReduction: Using ProxyLODMeshReduction for automatic mesh merging
[2024.03.18-08.58.12:753][  0]LogMeshReduction: No distributed automatic mesh merging module available
[2024.03.18-08.58.12:753][  0]LogMeshMerging: No distributed automatic mesh merging module available
[2024.03.18-08.58.12:771][  0]LogNetVersion: NetShootRewrite 1.0.0, NetCL: 0, EngineNetVer: 17, GameNetVer: 0 (Checksum: 1486698656)
