Log file open, 03/18/24 17:29:36
LogWindows: Failed to load 'aqProf.dll' (GetLastError=126)
LogWindows: File 'aqProf.dll' does not exist
LogWindows: Failed to load 'VtuneApi.dll' (GetLastError=126)
LogWindows: File 'VtuneApi.dll' does not exist
LogWindows: Failed to load 'VtuneApi32e.dll' (GetLastError=126)
LogWindows: File 'VtuneApi32e.dll' does not exist
LogConsoleResponse: Display: Failed to find resolution value strings in scalability ini. Falling back to default.
LogConsoleResponse: Display: Failed to find resolution value strings in scalability ini. Falling back to default.
LogInit: Display: Running engine for game: NetShootRewrite
LogPlatformFile: Not using cached read wrapper
LogTaskGraph: Started task graph with 5 named threads and 35 total threads with 3 sets of task threads.
LogStats: Stats thread started at 0.273024
LogICUInternationalization: ICU TimeZone Detection - Raw Offset: +8:00, Platform Override: ''
LogInit: Display: Loading text-based GConfig....
LogPluginManager: Mounting plugin MeshPainting
LogPluginManager: Mounting plugin XGEController
LogPluginManager: Mounting plugin Paper2D
LogPluginManager: Mounting plugin AISupport
LogPluginManager: Mounting plugin LightPropagationVolume
LogPluginManager: Mounting plugin EnvironmentQueryEditor
LogPluginManager: Mounting plugin LiveLink
LogPluginManager: Mounting plugin CameraShakePreviewer
LogPluginManager: Mounting plugin GameplayCameras
LogPluginManager: Mounting plugin OodleData
LogPluginManager: Mounting plugin AssetManagerEditor
LogPluginManager: Mounting plugin OodleNetwork
LogPluginManager: Mounting plugin AnimationSharing
LogPluginManager: Mounting plugin CLionSourceCodeAccess
LogPluginManager: Mounting plugin CodeLiteSourceCodeAccess
LogPluginManager: Mounting plugin GitSourceControl
LogPluginManager: Mounting plugin NullSourceCodeAccess
LogPluginManager: Mounting plugin KDevelopSourceCodeAccess
LogPluginManager: Mounting plugin PerforceSourceControl
LogPluginManager: Mounting plugin PixWinPlugin
LogPluginManager: Mounting plugin PlasticSourceControl
LogPluginManager: Mounting plugin PluginUtils
LogPluginManager: Mounting plugin CryptoKeys
LogPluginManager: Mounting plugin PropertyAccessNode
LogPluginManager: Mounting plugin CurveEditorTools
LogPluginManager: Mounting plugin DataValidation
LogPluginManager: Mounting plugin FacialAnimation
LogPluginManager: Mounting plugin RiderSourceCodeAccess
LogPluginManager: Mounting plugin GameplayTagsEditor
LogPluginManager: Mounting plugin SubversionSourceControl
LogPluginManager: Mounting plugin TextureFormatOodle
LogPluginManager: Mounting plugin GeometryMode
LogPluginManager: Mounting plugin UObjectPlugin
LogPluginManager: Mounting plugin VisualStudioCodeSourceCodeAccess
LogPluginManager: Mounting plugin VisualStudioSourceCodeAccess
LogPluginManager: Mounting plugin XCodeSourceCodeAccess
LogPluginManager: Mounting plugin MacGraphicsSwitching
LogPluginManager: Mounting plugin MaterialAnalyzer
LogPluginManager: Mounting plugin MobileLauncherProfileWizard
LogPluginManager: Mounting plugin PluginBrowser
LogPluginManager: Mounting plugin SpeedTreeImporter
LogPluginManager: Mounting plugin DatasmithContent
LogPluginManager: Mounting plugin AlembicImporter
LogPluginManager: Mounting plugin VariantManagerContent
LogPluginManager: Mounting plugin AutomationUtils
LogPluginManager: Mounting plugin BackChannel
LogPluginManager: Mounting plugin ChaosCloth
LogPluginManager: Mounting plugin ChaosClothEditor
LogPluginManager: Mounting plugin ChaosNiagara
LogPluginManager: Mounting plugin ChaosEditor
LogPluginManager: Mounting plugin ChaosSolverPlugin
LogPluginManager: Mounting plugin CharacterAI
LogPluginManager: Mounting plugin GeometryCache
LogPluginManager: Mounting plugin GeometryProcessing
LogPluginManager: Mounting plugin GeometryCollectionPlugin
LogPluginManager: Mounting plugin MotoSynth
LogPluginManager: Mounting plugin OpenImageDenoise
LogPluginManager: Mounting plugin PlanarCut
LogPluginManager: Mounting plugin PlatformCrypto
LogPluginManager: Mounting plugin ProxyLODPlugin
LogPluginManager: Mounting plugin PythonScriptPlugin
LogPluginManager: Mounting plugin SkeletalReduction
LogPluginManager: Mounting plugin Niagara
LogPluginManager: Mounting plugin LuminPlatformFeatures
LogPluginManager: Mounting plugin MagicLeap
LogPluginManager: Mounting plugin MagicLeapLightEstimation
LogPluginManager: Mounting plugin MagicLeapMedia
LogPluginManager: Mounting plugin AndroidMedia
LogPluginManager: Mounting plugin MagicLeapPassableWorld
LogPluginManager: Mounting plugin MLSDK
LogPluginManager: Mounting plugin AvfMedia
LogPluginManager: Mounting plugin ImgMedia
LogPluginManager: Mounting plugin MediaCompositing
LogPluginManager: Mounting plugin MediaPlayerEditor
LogPluginManager: Mounting plugin WebMMedia
LogPluginManager: Mounting plugin WmfMedia
LogPluginManager: Mounting plugin TcpMessaging
LogPluginManager: Mounting plugin UdpMessaging
LogPluginManager: Mounting plugin MatineeToLevelSequence
LogPluginManager: Mounting plugin ActorSequence
LogPluginManager: Mounting plugin LevelSequenceEditor
LogPluginManager: Mounting plugin TemplateSequence
LogPluginManager: Mounting plugin OnlineSubsystem
LogPluginManager: Mounting plugin LauncherChunkInstaller
LogPluginManager: Mounting plugin ActorLayerUtilities
LogPluginManager: Mounting plugin OnlineSubsystemNull
LogPluginManager: Mounting plugin OnlineSubsystemUtils
LogPluginManager: Mounting plugin AndroidDeviceProfileSelector
LogPluginManager: Mounting plugin AndroidMoviePlayer
LogPluginManager: Mounting plugin AndroidPermission
LogPluginManager: Mounting plugin AppleImageUtils
LogPluginManager: Mounting plugin AppleMoviePlayer
LogPluginManager: Mounting plugin ArchVisCharacter
LogPluginManager: Mounting plugin AssetTags
LogPluginManager: Mounting plugin AudioCapture
LogPluginManager: Mounting plugin AudioSynesthesia
LogPluginManager: Mounting plugin CableComponent
LogPluginManager: Mounting plugin ChunkDownloader
LogPluginManager: Mounting plugin CustomMeshComponent
LogPluginManager: Mounting plugin EditableMesh
LogPluginManager: Mounting plugin ExampleDeviceProfileSelector
LogPluginManager: Mounting plugin GoogleCloudMessaging
LogPluginManager: Mounting plugin GooglePAD
LogPluginManager: Mounting plugin IOSDeviceProfileSelector
LogPluginManager: Mounting plugin LinuxDeviceProfileSelector
LogPluginManager: Mounting plugin LocationServicesBPLibrary
LogPluginManager: Mounting plugin MobilePatchingUtils
LogPluginManager: Mounting plugin OpenXR
LogPluginManager: Mounting plugin OpenXREyeTracker
LogPluginManager: Mounting plugin OpenXRHandTracking
LogPluginManager: Mounting plugin PhysXVehicles
LogPluginManager: Mounting plugin PostSplashScreen
LogPluginManager: Mounting plugin ProceduralMeshComponent
LogPluginManager: Mounting plugin PropertyAccessEditor
LogPluginManager: Mounting plugin RuntimePhysXCooking
LogPluginManager: Mounting plugin SignificanceManager
LogPluginManager: Mounting plugin SoundFields
LogPluginManager: Mounting plugin Synthesis
LogPluginManager: Mounting plugin WebMMoviePlayer
LogPluginManager: Mounting plugin WindowsMoviePlayer
LogPluginManager: Mounting plugin ScreenshotTools
LogPluginManager: Mounting plugin Takes
LogPluginManager: Mounting plugin ContentBrowserFileDataSource
LogPluginManager: Mounting plugin ContentBrowserClassDataSource
LogPluginManager: Mounting plugin ContentBrowserAssetDataSource
LogPluginManager: Mounting plugin RiderLink
LogPluginManager: Mounting plugin OnlineSubsystemIOS
LogPluginManager: Mounting plugin OnlineSubsystemGooglePlay
LogPluginManager: Mounting plugin OculusVR
LogPluginManager: Mounting plugin SteamVR
PixWinPlugin: PIX capture plugin failed to initialize! Check that the process is launched from PIX.
LogInit: Using libcurl 7.55.1-DEV
LogInit:  - built for x86_64-pc-win32
LogInit:  - supports SSL with OpenSSL/1.1.1
LogInit:  - supports HTTP deflate (compression) using libz 1.2.8
LogInit:  - other features:
LogInit:      CURL_VERSION_SSL
LogInit:      CURL_VERSION_LIBZ
LogInit:      CURL_VERSION_IPV6
LogInit:      CURL_VERSION_ASYNCHDNS
LogInit:      CURL_VERSION_LARGEFILE
LogInit:      CURL_VERSION_IDN
LogInit:  CurlRequestOptions (configurable via config and command line):
LogInit:  - bVerifyPeer = true  - Libcurl will verify peer certificate
LogInit:  - bUseHttpProxy = false  - Libcurl will NOT use HTTP proxy
LogInit:  - bDontReuseConnections = false  - Libcurl will reuse connections
LogInit:  - MaxHostConnections = 16  - Libcurl will limit the number of connections to a host
LogInit:  - LocalHostAddr = Default
LogInit:  - BufferSize = 65536
LogOnline: OSS: Creating online subsystem instance for: NULL
LogInit: WinSock: version 1.1 (2.2), MaxSocks=32767, MaxUdp=65467
LogOnline: OSS: TryLoadSubsystemAndSetDefault: Loaded subsystem for module [NULL]
LogOculusPluginWrapper: OculusPlugin initialized successfully
LogHMD: Failed initializing OVRPlugin 1.59.0
LogInit: Build: ++UE4+Release-4.27-CL-0
LogInit: Engine Version: 4.27.2-0+++UE4+Release-4.27
LogInit: Compatible Engine Version: 4.27.0-0+++UE4+Release-4.27
LogInit: Net CL: 0
LogInit: OS: Windows 10 (Release 2009) (), CPU: Intel(R) Core(TM) i7-8700 CPU @ 3.20GHz, GPU: NVIDIA GeForce GTX 1660 Ti
LogInit: Compiled (64-bit): Mar 12 2024 21:46:05
LogInit: Compiled with Visual C++: 19.39.33521.00
LogInit: Build Configuration: Development
LogInit: Branch Name: ++UE4+Release-4.27
LogInit: Command Line:  -skipcompile
LogInit: Base Directory: C:/Program Files (x86)/UE4.27/UnrealEngine-4.27/Engine/Binaries/Win64/
LogInit: Allocator: TBB
LogInit: Installed Engine Build: 0
LogDevObjectVersion: Number of dev versions registered: 29
LogDevObjectVersion:   Dev-Blueprints (B0D832E4-1F89-4F0D-ACCF-7EB736FD4AA2): 10
LogDevObjectVersion:   Dev-Build (E1C64328-A22C-4D53-A36C-8E866417BD8C): 0
LogDevObjectVersion:   Dev-Core (375EC13C-06E4-48FB-B500-84F0262A717E): 4
LogDevObjectVersion:   Dev-Editor (E4B068ED-F494-42E9-A231-DA0B2E46BB41): 40
LogDevObjectVersion:   Dev-Framework (CFFC743F-43B0-4480-9391-14DF171D2073): 37
LogDevObjectVersion:   Dev-Mobile (B02B49B5-BB20-44E9-A304-32B752E40360): 3
LogDevObjectVersion:   Dev-Networking (A4E4105C-59A1-49B5-A7C5-40C4547EDFEE): 0
LogDevObjectVersion:   Dev-Online (39C831C9-5AE6-47DC-9A44-9C173E1C8E7C): 0
LogDevObjectVersion:   Dev-Physics (78F01B33-EBEA-4F98-B9B4-84EACCB95AA2): 14
LogDevObjectVersion:   Dev-Platform (6631380F-2D4D-43E0-8009-CF276956A95A): 0
LogDevObjectVersion:   Dev-Rendering (12F88B9F-8875-4AFC-A67C-D90C383ABD29): 45
LogDevObjectVersion:   Dev-Sequencer (7B5AE74C-D270-4C10-A958-57980B212A5A): 13
LogDevObjectVersion:   Dev-VR (D7296918-1DD6-4BDD-9DE2-64A83CC13884): 3
LogDevObjectVersion:   Dev-LoadTimes (C2A15278-BFE7-4AFE-6C17-90FF531DF755): 1
LogDevObjectVersion:   Private-Geometry (6EACA3D4-40EC-4CC1-B786-8BED09428FC5): 3
LogDevObjectVersion:   Dev-AnimPhys (29E575DD-E0A3-4627-9D10-D276232CDCEA): 17
LogDevObjectVersion:   Dev-Anim (AF43A65D-7FD3-4947-9873-3E8ED9C1BB05): 15
LogDevObjectVersion:   Dev-ReflectionCapture (6B266CEC-1EC7-4B8F-A30B-E4D90942FC07): 1
LogDevObjectVersion:   Dev-Automation (0DF73D61-A23F-47EA-B727-89E90C41499A): 1
LogDevObjectVersion:   FortniteMain (601D1886-AC64-4F84-AA16-D3DE0DEAC7D6): 47
LogDevObjectVersion:   FortniteRelease (E7086368-6B23-4C58-8439-1B7016265E91): 1
LogDevObjectVersion:   Dev-Enterprise (9DFFBCD6-494F-0158-E221-12823C92A888): 10
LogDevObjectVersion:   Dev-Niagara (F2AED0AC-9AFE-416F-8664-AA7FFA26D6FC): 1
LogDevObjectVersion:   Dev-Destruction (174F1F0B-B4C6-45A5-B13F-2EE8D0FB917D): 10
LogDevObjectVersion:   Dev-Physics-Ext (35F94A83-E258-406C-A318-09F59610247C): 41
LogDevObjectVersion:   Dev-PhysicsMaterial-Chaos (B68FC16E-8B1B-42E2-B453-215C058844FE): 1
LogDevObjectVersion:   Dev-CineCamera (B2E18506-4273-CFC2-A54E-F4BB758BBA07): 1
LogDevObjectVersion:   Dev-VirtualProduction (64F58936-FD1B-42BA-BA96-7289D5D0FA4E): 1
LogDevObjectVersion:   Dev-MediaFramework (6F0ED827-A609-4895-9C91-998D90180EA4): 2
LogInit: Presizing for max 25165824 objects, including 0 objects not considered by GC, pre-allocating 0 bytes for permanent pool.
LogConfig: Applying CVar settings from Section [/Script/Engine.StreamingSettings] File [D:/GitHub/NetShootRewrite/Saved/Config/Windows/Engine.ini]
LogConfig: Setting CVar [[s.MinBulkDataSizeForAsyncLoading:131072]]
LogConfig: Setting CVar [[s.AsyncLoadingThreadEnabled:0]]
LogConfig: Setting CVar [[s.EventDrivenLoaderEnabled:1]]
LogConfig: Setting CVar [[s.WarnIfTimeLimitExceeded:0]]
LogConfig: Setting CVar [[s.TimeLimitExceededMultiplier:1.5]]
LogConfig: Setting CVar [[s.TimeLimitExceededMinTime:0.005]]
LogConfig: Setting CVar [[s.UseBackgroundLevelStreaming:1]]
LogConfig: Setting CVar [[s.PriorityAsyncLoadingExtraTime:15.0]]
LogConfig: Setting CVar [[s.LevelStreamingActorsUpdateTimeLimit:5.0]]
LogConfig: Setting CVar [[s.PriorityLevelStreamingActorsUpdateExtraTime:5.0]]
LogConfig: Setting CVar [[s.LevelStreamingComponentsRegistrationGranularity:10]]
LogConfig: Setting CVar [[s.UnregisterComponentsTimeLimit:1.0]]
LogConfig: Setting CVar [[s.LevelStreamingComponentsUnregistrationGranularity:5]]
LogConfig: Setting CVar [[s.FlushStreamingOnExit:1]]
LogInit: Object subsystem initialized
LogConfig: Setting CVar [[con.DebugEarlyDefault:1]]
LogConfig: Setting CVar [[r.setres:1280x720]]
[2024.03.18-09.29.37:634][  0]LogConfig: Setting CVar [[r.VSync:0]]
[2024.03.18-09.29.37:634][  0]LogConfig: Setting CVar [[r.RHICmdBypass:0]]
[2024.03.18-09.29.37:634][  0]LogConfig: Applying CVar settings from Section [/Script/Engine.RendererSettings] File [D:/GitHub/NetShootRewrite/Saved/Config/Windows/Engine.ini]
[2024.03.18-09.29.37:634][  0]LogConfig: Setting CVar [[r.GPUCrashDebugging:0]]
[2024.03.18-09.29.37:634][  0]LogConfig: Applying CVar settings from Section [/Script/Engine.RendererOverrideSettings] File [D:/GitHub/NetShootRewrite/Saved/Config/Windows/Engine.ini]
[2024.03.18-09.29.37:634][  0]LogConfig: Applying CVar settings from Section [/Script/Engine.StreamingSettings] File [D:/GitHub/NetShootRewrite/Saved/Config/Windows/Engine.ini]
[2024.03.18-09.29.37:634][  0]LogConfig: Setting CVar [[s.MinBulkDataSizeForAsyncLoading:131072]]
[2024.03.18-09.29.37:634][  0]LogConfig: Setting CVar [[s.AsyncLoadingThreadEnabled:0]]
[2024.03.18-09.29.37:634][  0]LogConfig: Setting CVar [[s.EventDrivenLoaderEnabled:1]]
[2024.03.18-09.29.37:634][  0]LogConfig: Setting CVar [[s.WarnIfTimeLimitExceeded:0]]
[2024.03.18-09.29.37:634][  0]LogConfig: Setting CVar [[s.TimeLimitExceededMultiplier:1.5]]
[2024.03.18-09.29.37:634][  0]LogConfig: Setting CVar [[s.TimeLimitExceededMinTime:0.005]]
[2024.03.18-09.29.37:634][  0]LogConfig: Setting CVar [[s.UseBackgroundLevelStreaming:1]]
[2024.03.18-09.29.37:634][  0]LogConfig: Setting CVar [[s.PriorityAsyncLoadingExtraTime:15.0]]
[2024.03.18-09.29.37:634][  0]LogConfig: Setting CVar [[s.LevelStreamingActorsUpdateTimeLimit:5.0]]
[2024.03.18-09.29.37:634][  0]LogConfig: Setting CVar [[s.PriorityLevelStreamingActorsUpdateExtraTime:5.0]]
[2024.03.18-09.29.37:634][  0]LogConfig: Setting CVar [[s.LevelStreamingComponentsRegistrationGranularity:10]]
[2024.03.18-09.29.37:634][  0]LogConfig: Setting CVar [[s.UnregisterComponentsTimeLimit:1.0]]
[2024.03.18-09.29.37:634][  0]LogConfig: Setting CVar [[s.LevelStreamingComponentsUnregistrationGranularity:5]]
[2024.03.18-09.29.37:634][  0]LogConfig: Setting CVar [[s.FlushStreamingOnExit:1]]
[2024.03.18-09.29.37:634][  0]LogConfig: Applying CVar settings from Section [/Script/Engine.GarbageCollectionSettings] File [D:/GitHub/NetShootRewrite/Saved/Config/Windows/Engine.ini]
[2024.03.18-09.29.37:634][  0]LogConfig: Setting CVar [[gc.MaxObjectsNotConsideredByGC:1]]
[2024.03.18-09.29.37:634][  0]LogConfig: Setting CVar [[gc.SizeOfPermanentObjectPool:0]]
[2024.03.18-09.29.37:634][  0]LogConfig: Setting CVar [[gc.FlushStreamingOnGC:0]]
[2024.03.18-09.29.37:634][  0]LogConfig: Setting CVar [[gc.NumRetriesBeforeForcingGC:10]]
[2024.03.18-09.29.37:634][  0]LogConfig: Setting CVar [[gc.AllowParallelGC:1]]
[2024.03.18-09.29.37:634][  0]LogConfig: Setting CVar [[gc.TimeBetweenPurgingPendingKillObjects:61.1]]
[2024.03.18-09.29.37:634][  0]LogConfig: Setting CVar [[gc.MaxObjectsInEditor:25165824]]
[2024.03.18-09.29.37:634][  0]LogConfig: Setting CVar [[gc.IncrementalBeginDestroyEnabled:1]]
[2024.03.18-09.29.37:634][  0]LogConfig: Setting CVar [[gc.CreateGCClusters:1]]
[2024.03.18-09.29.37:634][  0]LogConfig: Setting CVar [[gc.MinGCClusterSize:5]]
[2024.03.18-09.29.37:634][  0]LogConfig: Setting CVar [[gc.ActorClusteringEnabled:0]]
[2024.03.18-09.29.37:634][  0]LogConfig: Setting CVar [[gc.BlueprintClusteringEnabled:0]]
[2024.03.18-09.29.37:634][  0]LogConfig: Setting CVar [[gc.UseDisregardForGCOnDedicatedServers:0]]
[2024.03.18-09.29.37:634][  0]LogConfig: Setting CVar [[gc.MultithreadedDestructionEnabled:1]]
[2024.03.18-09.29.37:634][  0]LogConfig: Applying CVar settings from Section [/Script/Engine.NetworkSettings] File [D:/GitHub/NetShootRewrite/Saved/Config/Windows/Engine.ini]
[2024.03.18-09.29.37:634][  0]LogConfig: Applying CVar settings from Section [/Script/UnrealEd.CookerSettings] File [D:/GitHub/NetShootRewrite/Saved/Config/Windows/Engine.ini]
[2024.03.18-09.29.37:674][  0]LogConfig: Applying CVar settings from Section [ViewDistanceQuality@3] File [D:/GitHub/NetShootRewrite/Saved/Config/Windows/Scalability.ini]
[2024.03.18-09.29.37:674][  0]LogConfig: Setting CVar [[r.SkeletalMeshLODBias:0]]
[2024.03.18-09.29.37:674][  0]LogConfig: Setting CVar [[r.ViewDistanceScale:1.0]]
[2024.03.18-09.29.37:674][  0]LogConfig: Applying CVar settings from Section [AntiAliasingQuality@3] File [D:/GitHub/NetShootRewrite/Saved/Config/Windows/Scalability.ini]
[2024.03.18-09.29.37:674][  0]LogConfig: Setting CVar [[r.PostProcessAAQuality:4]]
[2024.03.18-09.29.37:674][  0]LogConfig: Applying CVar settings from Section [ShadowQuality@3] File [D:/GitHub/NetShootRewrite/Saved/Config/Windows/Scalability.ini]
[2024.03.18-09.29.37:674][  0]LogConfig: Setting CVar [[r.LightFunctionQuality:1]]
[2024.03.18-09.29.37:674][  0]LogConfig: Setting CVar [[r.ShadowQuality:5]]
[2024.03.18-09.29.37:674][  0]LogConfig: Setting CVar [[r.Shadow.CSM.MaxCascades:10]]
[2024.03.18-09.29.37:674][  0]LogConfig: Setting CVar [[r.Shadow.MaxResolution:2048]]
[2024.03.18-09.29.37:674][  0]LogConfig: Setting CVar [[r.Shadow.MaxCSMResolution:2048]]
[2024.03.18-09.29.37:674][  0]LogConfig: Setting CVar [[r.Shadow.RadiusThreshold:0.01]]
[2024.03.18-09.29.37:674][  0]LogConfig: Setting CVar [[r.Shadow.DistanceScale:1.0]]
[2024.03.18-09.29.37:674][  0]LogConfig: Setting CVar [[r.Shadow.CSM.TransitionScale:1.0]]
[2024.03.18-09.29.37:674][  0]LogConfig: Setting CVar [[r.Shadow.PreShadowResolutionFactor:1.0]]
[2024.03.18-09.29.37:674][  0]LogConfig: Setting CVar [[r.DistanceFieldShadowing:1]]
[2024.03.18-09.29.37:674][  0]LogConfig: Setting CVar [[r.DistanceFieldAO:1]]
[2024.03.18-09.29.37:674][  0]LogConfig: Setting CVar [[r.AOQuality:2]]
[2024.03.18-09.29.37:674][  0]LogConfig: Setting CVar [[r.VolumetricFog:1]]
[2024.03.18-09.29.37:674][  0]LogConfig: Setting CVar [[r.VolumetricFog.GridPixelSize:8]]
[2024.03.18-09.29.37:674][  0]LogConfig: Setting CVar [[r.VolumetricFog.GridSizeZ:128]]
[2024.03.18-09.29.37:674][  0]LogConfig: Setting CVar [[r.VolumetricFog.HistoryMissSupersampleCount:4]]
[2024.03.18-09.29.37:674][  0]LogConfig: Setting CVar [[r.LightMaxDrawDistanceScale:1]]
[2024.03.18-09.29.37:674][  0]LogConfig: Setting CVar [[r.CapsuleShadows:1]]
[2024.03.18-09.29.37:674][  0]LogConfig: Applying CVar settings from Section [PostProcessQuality@3] File [D:/GitHub/NetShootRewrite/Saved/Config/Windows/Scalability.ini]
[2024.03.18-09.29.37:674][  0]LogConfig: Setting CVar [[r.MotionBlurQuality:4]]
[2024.03.18-09.29.37:674][  0]LogConfig: Setting CVar [[r.AmbientOcclusionMipLevelFactor:0.4]]
[2024.03.18-09.29.37:674][  0]LogConfig: Setting CVar [[r.AmbientOcclusionMaxQuality:100]]
[2024.03.18-09.29.37:674][  0]LogConfig: Setting CVar [[r.AmbientOcclusionLevels:-1]]
[2024.03.18-09.29.37:674][  0]LogConfig: Setting CVar [[r.AmbientOcclusionRadiusScale:1.0]]
[2024.03.18-09.29.37:674][  0]LogConfig: Setting CVar [[r.DepthOfFieldQuality:2]]
[2024.03.18-09.29.37:674][  0]LogConfig: Setting CVar [[r.RenderTargetPoolMin:400]]
[2024.03.18-09.29.37:674][  0]LogConfig: Setting CVar [[r.LensFlareQuality:2]]
[2024.03.18-09.29.37:674][  0]LogConfig: Setting CVar [[r.SceneColorFringeQuality:1]]
[2024.03.18-09.29.37:675][  0]LogConfig: Setting CVar [[r.EyeAdaptationQuality:2]]
[2024.03.18-09.29.37:675][  0]LogConfig: Setting CVar [[r.BloomQuality:5]]
[2024.03.18-09.29.37:675][  0]LogConfig: Setting CVar [[r.FastBlurThreshold:100]]
[2024.03.18-09.29.37:675][  0]LogConfig: Setting CVar [[r.Upscale.Quality:3]]
[2024.03.18-09.29.37:675][  0]LogConfig: Setting CVar [[r.Tonemapper.GrainQuantization:1]]
[2024.03.18-09.29.37:675][  0]LogConfig: Setting CVar [[r.LightShaftQuality:1]]
[2024.03.18-09.29.37:675][  0]LogConfig: Setting CVar [[r.Filter.SizeScale:1]]
[2024.03.18-09.29.37:675][  0]LogConfig: Setting CVar [[r.Tonemapper.Quality:5]]
[2024.03.18-09.29.37:675][  0]LogConfig: Setting CVar [[r.DOF.Gather.AccumulatorQuality:1        ; higher gathering accumulator quality]]
[2024.03.18-09.29.37:675][  0]LogConfig: Setting CVar [[r.DOF.Gather.PostfilterMethod:1          ; Median3x3 postfilering method]]
[2024.03.18-09.29.37:675][  0]LogConfig: Setting CVar [[r.DOF.Gather.EnableBokehSettings:0       ; no bokeh simulation when gathering]]
[2024.03.18-09.29.37:675][  0]LogConfig: Setting CVar [[r.DOF.Gather.RingCount:4                 ; medium number of samples when gathering]]
[2024.03.18-09.29.37:675][  0]LogConfig: Setting CVar [[r.DOF.Scatter.ForegroundCompositing:1    ; additive foreground scattering]]
[2024.03.18-09.29.37:675][  0]LogConfig: Setting CVar [[r.DOF.Scatter.BackgroundCompositing:2    ; additive background scattering]]
[2024.03.18-09.29.37:675][  0]LogConfig: Setting CVar [[r.DOF.Scatter.EnableBokehSettings:1      ; bokeh simulation when scattering]]
[2024.03.18-09.29.37:675][  0]LogConfig: Setting CVar [[r.DOF.Scatter.MaxSpriteRatio:0.1         ; only a maximum of 10% of scattered bokeh]]
[2024.03.18-09.29.37:675][  0]LogConfig: Setting CVar [[r.DOF.Recombine.Quality:1                ; cheap slight out of focus]]
[2024.03.18-09.29.37:675][  0]LogConfig: Setting CVar [[r.DOF.Recombine.EnableBokehSettings:0    ; no bokeh simulation on slight out of focus]]
[2024.03.18-09.29.37:675][  0]LogConfig: Setting CVar [[r.DOF.TemporalAAQuality:1                ; more stable temporal accumulation]]
[2024.03.18-09.29.37:675][  0]LogConfig: Setting CVar [[r.DOF.Kernel.MaxForegroundRadius:0.025]]
[2024.03.18-09.29.37:675][  0]LogConfig: Setting CVar [[r.DOF.Kernel.MaxBackgroundRadius:0.025]]
[2024.03.18-09.29.37:675][  0]LogConfig: Applying CVar settings from Section [TextureQuality@3] File [D:/GitHub/NetShootRewrite/Saved/Config/Windows/Scalability.ini]
[2024.03.18-09.29.37:675][  0]LogConfig: Setting CVar [[r.Streaming.MipBias:0]]
[2024.03.18-09.29.37:675][  0]LogConfig: Setting CVar [[r.Streaming.AmortizeCPUToGPUCopy:0]]
[2024.03.18-09.29.37:675][  0]LogConfig: Setting CVar [[r.Streaming.MaxNumTexturesToStreamPerFrame:0]]
[2024.03.18-09.29.37:675][  0]LogConfig: Setting CVar [[r.Streaming.Boost:1]]
[2024.03.18-09.29.37:675][  0]LogConfig: Setting CVar [[r.MaxAnisotropy:8]]
[2024.03.18-09.29.37:675][  0]LogConfig: Setting CVar [[r.VT.MaxAnisotropy:8]]
[2024.03.18-09.29.37:675][  0]LogConfig: Setting CVar [[r.Streaming.LimitPoolSizeToVRAM:0]]
[2024.03.18-09.29.37:675][  0]LogConfig: Setting CVar [[r.Streaming.PoolSize:1000]]
[2024.03.18-09.29.37:675][  0]LogConfig: Setting CVar [[r.Streaming.MaxEffectiveScreenSize:0]]
[2024.03.18-09.29.37:675][  0]LogConfig: Applying CVar settings from Section [EffectsQuality@3] File [D:/GitHub/NetShootRewrite/Saved/Config/Windows/Scalability.ini]
[2024.03.18-09.29.37:675][  0]LogConfig: Setting CVar [[r.TranslucencyLightingVolumeDim:64]]
[2024.03.18-09.29.37:675][  0]LogConfig: Setting CVar [[r.RefractionQuality:2]]
[2024.03.18-09.29.37:675][  0]LogConfig: Setting CVar [[r.SSR.Quality:3]]
[2024.03.18-09.29.37:675][  0]LogConfig: Setting CVar [[r.SSR.HalfResSceneColor:0]]
[2024.03.18-09.29.37:675][  0]LogConfig: Setting CVar [[r.SceneColorFormat:4]]
[2024.03.18-09.29.37:675][  0]LogConfig: Setting CVar [[r.DetailMode:2]]
[2024.03.18-09.29.37:675][  0]LogConfig: Setting CVar [[r.TranslucencyVolumeBlur:1]]
[2024.03.18-09.29.37:675][  0]LogConfig: Setting CVar [[r.MaterialQualityLevel:1 ; High quality]]
[2024.03.18-09.29.37:675][  0]LogConfig: Setting CVar [[r.AnisotropicMaterials:1]]
[2024.03.18-09.29.37:675][  0]LogConfig: Setting CVar [[r.SSS.Scale:1]]
[2024.03.18-09.29.37:675][  0]LogConfig: Setting CVar [[r.SSS.SampleSet:2]]
[2024.03.18-09.29.37:675][  0]LogConfig: Setting CVar [[r.SSS.Quality:1]]
[2024.03.18-09.29.37:675][  0]LogConfig: Setting CVar [[r.SSS.HalfRes:0]]
[2024.03.18-09.29.37:675][  0]LogConfig: Setting CVar [[r.SSGI.Quality:3]]
[2024.03.18-09.29.37:675][  0]LogConfig: Setting CVar [[r.EmitterSpawnRateScale:1.0]]
[2024.03.18-09.29.37:675][  0]LogConfig: Setting CVar [[r.ParticleLightQuality:2]]
[2024.03.18-09.29.37:675][  0]LogConfig: Setting CVar [[r.SkyAtmosphere.AerialPerspectiveLUT.FastApplyOnOpaque:1 ; Always have FastSkyLUT 1 in this case to avoid wrong sky]]
[2024.03.18-09.29.37:675][  0]LogConfig: Setting CVar [[r.SkyAtmosphere.AerialPerspectiveLUT.SampleCountMaxPerSlice:4]]
[2024.03.18-09.29.37:675][  0]LogConfig: Setting CVar [[r.SkyAtmosphere.AerialPerspectiveLUT.DepthResolution:16.0]]
[2024.03.18-09.29.37:675][  0]LogConfig: Setting CVar [[r.SkyAtmosphere.FastSkyLUT:1]]
[2024.03.18-09.29.37:675][  0]LogConfig: Setting CVar [[r.SkyAtmosphere.FastSkyLUT.SampleCountMin:4.0]]
[2024.03.18-09.29.37:675][  0]LogConfig: Setting CVar [[r.SkyAtmosphere.FastSkyLUT.SampleCountMax:128.0]]
[2024.03.18-09.29.37:675][  0]LogConfig: Setting CVar [[r.SkyAtmosphere.SampleCountMin:4.0]]
[2024.03.18-09.29.37:675][  0]LogConfig: Setting CVar [[r.SkyAtmosphere.SampleCountMax:128.0]]
[2024.03.18-09.29.37:675][  0]LogConfig: Setting CVar [[r.SkyAtmosphere.TransmittanceLUT.UseSmallFormat:0]]
[2024.03.18-09.29.37:675][  0]LogConfig: Setting CVar [[r.SkyAtmosphere.TransmittanceLUT.SampleCount:10.0]]
[2024.03.18-09.29.37:675][  0]LogConfig: Setting CVar [[r.SkyAtmosphere.MultiScatteringLUT.SampleCount:15.0]]
[2024.03.18-09.29.37:675][  0]LogConfig: Setting CVar [[r.SkyLight.RealTimeReflectionCapture:1]]
[2024.03.18-09.29.37:675][  0]LogConfig: Applying CVar settings from Section [FoliageQuality@3] File [D:/GitHub/NetShootRewrite/Saved/Config/Windows/Scalability.ini]
[2024.03.18-09.29.37:675][  0]LogConfig: Setting CVar [[foliage.DensityScale:1.0]]
[2024.03.18-09.29.37:675][  0]LogConfig: Setting CVar [[grass.DensityScale:1.0]]
[2024.03.18-09.29.37:675][  0]LogConfig: Applying CVar settings from Section [ShadingQuality@3] File [D:/GitHub/NetShootRewrite/Saved/Config/Windows/Scalability.ini]
[2024.03.18-09.29.37:675][  0]LogConfig: Setting CVar [[r.HairStrands.SkyLighting.IntegrationType:2]]
[2024.03.18-09.29.37:675][  0]LogConfig: Setting CVar [[r.HairStrands.SkyAO.SampleCount:4]]
[2024.03.18-09.29.37:675][  0]LogConfig: Setting CVar [[r.HairStrands.Visibility.MSAA.SamplePerPixel:4]]
[2024.03.18-09.29.37:676][  0]LogInit: Selected Device Profile: [Windows]
[2024.03.18-09.29.37:676][  0]LogInit: Applying CVar settings loaded from the selected device profile: [Windows]
[2024.03.18-09.29.37:676][  0]LogHAL: Display: Platform has ~ 16 GB [17105735680 / 17179869184 / 16], which maps to Larger [LargestMinGB=32, LargerMinGB=12, DefaultMinGB=8, SmallerMinGB=6, SmallestMinGB=0)
[2024.03.18-09.29.37:676][  0]LogInit: Going up to parent DeviceProfile []
[2024.03.18-09.29.37:677][  0]LogConfig: Applying CVar settings from Section [ViewDistanceQuality@3] File [D:/GitHub/NetShootRewrite/Saved/Config/Windows/Scalability.ini]
[2024.03.18-09.29.37:677][  0]LogConfig: Setting CVar [[r.SkeletalMeshLODBias:0]]
[2024.03.18-09.29.37:677][  0]LogConfig: Setting CVar [[r.ViewDistanceScale:1.0]]
[2024.03.18-09.29.37:677][  0]LogConfig: Applying CVar settings from Section [AntiAliasingQuality@3] File [D:/GitHub/NetShootRewrite/Saved/Config/Windows/Scalability.ini]
[2024.03.18-09.29.37:677][  0]LogConfig: Setting CVar [[r.PostProcessAAQuality:4]]
[2024.03.18-09.29.37:677][  0]LogConfig: Applying CVar settings from Section [ShadowQuality@3] File [D:/GitHub/NetShootRewrite/Saved/Config/Windows/Scalability.ini]
[2024.03.18-09.29.37:677][  0]LogConfig: Setting CVar [[r.LightFunctionQuality:1]]
[2024.03.18-09.29.37:677][  0]LogConfig: Setting CVar [[r.ShadowQuality:5]]
[2024.03.18-09.29.37:677][  0]LogConfig: Setting CVar [[r.Shadow.CSM.MaxCascades:10]]
[2024.03.18-09.29.37:677][  0]LogConfig: Setting CVar [[r.Shadow.MaxResolution:2048]]
[2024.03.18-09.29.37:677][  0]LogConfig: Setting CVar [[r.Shadow.MaxCSMResolution:2048]]
[2024.03.18-09.29.37:677][  0]LogConfig: Setting CVar [[r.Shadow.RadiusThreshold:0.01]]
[2024.03.18-09.29.37:677][  0]LogConfig: Setting CVar [[r.Shadow.DistanceScale:1.0]]
[2024.03.18-09.29.37:677][  0]LogConfig: Setting CVar [[r.Shadow.CSM.TransitionScale:1.0]]
[2024.03.18-09.29.37:677][  0]LogConfig: Setting CVar [[r.Shadow.PreShadowResolutionFactor:1.0]]
[2024.03.18-09.29.37:677][  0]LogConfig: Setting CVar [[r.DistanceFieldShadowing:1]]
[2024.03.18-09.29.37:677][  0]LogConfig: Setting CVar [[r.DistanceFieldAO:1]]
[2024.03.18-09.29.37:677][  0]LogConfig: Setting CVar [[r.AOQuality:2]]
[2024.03.18-09.29.37:677][  0]LogConfig: Setting CVar [[r.VolumetricFog:1]]
[2024.03.18-09.29.37:677][  0]LogConfig: Setting CVar [[r.VolumetricFog.GridPixelSize:8]]
[2024.03.18-09.29.37:677][  0]LogConfig: Setting CVar [[r.VolumetricFog.GridSizeZ:128]]
[2024.03.18-09.29.37:677][  0]LogConfig: Setting CVar [[r.VolumetricFog.HistoryMissSupersampleCount:4]]
[2024.03.18-09.29.37:677][  0]LogConfig: Setting CVar [[r.LightMaxDrawDistanceScale:1]]
[2024.03.18-09.29.37:677][  0]LogConfig: Setting CVar [[r.CapsuleShadows:1]]
[2024.03.18-09.29.37:677][  0]LogConfig: Applying CVar settings from Section [PostProcessQuality@3] File [D:/GitHub/NetShootRewrite/Saved/Config/Windows/Scalability.ini]
[2024.03.18-09.29.37:677][  0]LogConfig: Setting CVar [[r.MotionBlurQuality:4]]
[2024.03.18-09.29.37:677][  0]LogConfig: Setting CVar [[r.AmbientOcclusionMipLevelFactor:0.4]]
[2024.03.18-09.29.37:677][  0]LogConfig: Setting CVar [[r.AmbientOcclusionMaxQuality:100]]
[2024.03.18-09.29.37:677][  0]LogConfig: Setting CVar [[r.AmbientOcclusionLevels:-1]]
[2024.03.18-09.29.37:677][  0]LogConfig: Setting CVar [[r.AmbientOcclusionRadiusScale:1.0]]
[2024.03.18-09.29.37:677][  0]LogConfig: Setting CVar [[r.DepthOfFieldQuality:2]]
[2024.03.18-09.29.37:677][  0]LogConfig: Setting CVar [[r.RenderTargetPoolMin:400]]
[2024.03.18-09.29.37:677][  0]LogConfig: Setting CVar [[r.LensFlareQuality:2]]
[2024.03.18-09.29.37:677][  0]LogConfig: Setting CVar [[r.SceneColorFringeQuality:1]]
[2024.03.18-09.29.37:677][  0]LogConfig: Setting CVar [[r.EyeAdaptationQuality:2]]
[2024.03.18-09.29.37:677][  0]LogConfig: Setting CVar [[r.BloomQuality:5]]
[2024.03.18-09.29.37:677][  0]LogConfig: Setting CVar [[r.FastBlurThreshold:100]]
[2024.03.18-09.29.37:677][  0]LogConfig: Setting CVar [[r.Upscale.Quality:3]]
[2024.03.18-09.29.37:677][  0]LogConfig: Setting CVar [[r.Tonemapper.GrainQuantization:1]]
[2024.03.18-09.29.37:677][  0]LogConfig: Setting CVar [[r.LightShaftQuality:1]]
[2024.03.18-09.29.37:677][  0]LogConfig: Setting CVar [[r.Filter.SizeScale:1]]
[2024.03.18-09.29.37:677][  0]LogConfig: Setting CVar [[r.Tonemapper.Quality:5]]
[2024.03.18-09.29.37:677][  0]LogConfig: Setting CVar [[r.DOF.Gather.AccumulatorQuality:1        ; higher gathering accumulator quality]]
[2024.03.18-09.29.37:677][  0]LogConfig: Setting CVar [[r.DOF.Gather.PostfilterMethod:1          ; Median3x3 postfilering method]]
[2024.03.18-09.29.37:677][  0]LogConfig: Setting CVar [[r.DOF.Gather.EnableBokehSettings:0       ; no bokeh simulation when gathering]]
[2024.03.18-09.29.37:677][  0]LogConfig: Setting CVar [[r.DOF.Gather.RingCount:4                 ; medium number of samples when gathering]]
[2024.03.18-09.29.37:677][  0]LogConfig: Setting CVar [[r.DOF.Scatter.ForegroundCompositing:1    ; additive foreground scattering]]
[2024.03.18-09.29.37:677][  0]LogConfig: Setting CVar [[r.DOF.Scatter.BackgroundCompositing:2    ; additive background scattering]]
[2024.03.18-09.29.37:677][  0]LogConfig: Setting CVar [[r.DOF.Scatter.EnableBokehSettings:1      ; bokeh simulation when scattering]]
[2024.03.18-09.29.37:677][  0]LogConfig: Setting CVar [[r.DOF.Scatter.MaxSpriteRatio:0.1         ; only a maximum of 10% of scattered bokeh]]
[2024.03.18-09.29.37:677][  0]LogConfig: Setting CVar [[r.DOF.Recombine.Quality:1                ; cheap slight out of focus]]
[2024.03.18-09.29.37:677][  0]LogConfig: Setting CVar [[r.DOF.Recombine.EnableBokehSettings:0    ; no bokeh simulation on slight out of focus]]
[2024.03.18-09.29.37:677][  0]LogConfig: Setting CVar [[r.DOF.TemporalAAQuality:1                ; more stable temporal accumulation]]
[2024.03.18-09.29.37:677][  0]LogConfig: Setting CVar [[r.DOF.Kernel.MaxForegroundRadius:0.025]]
[2024.03.18-09.29.37:677][  0]LogConfig: Setting CVar [[r.DOF.Kernel.MaxBackgroundRadius:0.025]]
[2024.03.18-09.29.37:677][  0]LogConfig: Applying CVar settings from Section [TextureQuality@3] File [D:/GitHub/NetShootRewrite/Saved/Config/Windows/Scalability.ini]
[2024.03.18-09.29.37:677][  0]LogConfig: Setting CVar [[r.Streaming.MipBias:0]]
[2024.03.18-09.29.37:677][  0]LogConfig: Setting CVar [[r.Streaming.AmortizeCPUToGPUCopy:0]]
[2024.03.18-09.29.37:677][  0]LogConfig: Setting CVar [[r.Streaming.MaxNumTexturesToStreamPerFrame:0]]
[2024.03.18-09.29.37:677][  0]LogConfig: Setting CVar [[r.Streaming.Boost:1]]
[2024.03.18-09.29.37:677][  0]LogConfig: Setting CVar [[r.MaxAnisotropy:8]]
[2024.03.18-09.29.37:677][  0]LogConfig: Setting CVar [[r.VT.MaxAnisotropy:8]]
[2024.03.18-09.29.37:677][  0]LogConfig: Setting CVar [[r.Streaming.LimitPoolSizeToVRAM:0]]
[2024.03.18-09.29.37:677][  0]LogConfig: Setting CVar [[r.Streaming.PoolSize:1000]]
[2024.03.18-09.29.37:678][  0]LogConfig: Setting CVar [[r.Streaming.MaxEffectiveScreenSize:0]]
[2024.03.18-09.29.37:678][  0]LogConfig: Applying CVar settings from Section [EffectsQuality@3] File [D:/GitHub/NetShootRewrite/Saved/Config/Windows/Scalability.ini]
[2024.03.18-09.29.37:678][  0]LogConfig: Setting CVar [[r.TranslucencyLightingVolumeDim:64]]
[2024.03.18-09.29.37:678][  0]LogConfig: Setting CVar [[r.RefractionQuality:2]]
[2024.03.18-09.29.37:678][  0]LogConfig: Setting CVar [[r.SSR.Quality:3]]
[2024.03.18-09.29.37:678][  0]LogConfig: Setting CVar [[r.SSR.HalfResSceneColor:0]]
[2024.03.18-09.29.37:678][  0]LogConfig: Setting CVar [[r.SceneColorFormat:4]]
[2024.03.18-09.29.37:678][  0]LogConfig: Setting CVar [[r.DetailMode:2]]
[2024.03.18-09.29.37:678][  0]LogConfig: Setting CVar [[r.TranslucencyVolumeBlur:1]]
[2024.03.18-09.29.37:678][  0]LogConfig: Setting CVar [[r.MaterialQualityLevel:1 ; High quality]]
[2024.03.18-09.29.37:678][  0]LogConfig: Setting CVar [[r.AnisotropicMaterials:1]]
[2024.03.18-09.29.37:678][  0]LogConfig: Setting CVar [[r.SSS.Scale:1]]
[2024.03.18-09.29.37:678][  0]LogConfig: Setting CVar [[r.SSS.SampleSet:2]]
[2024.03.18-09.29.37:678][  0]LogConfig: Setting CVar [[r.SSS.Quality:1]]
[2024.03.18-09.29.37:678][  0]LogConfig: Setting CVar [[r.SSS.HalfRes:0]]
[2024.03.18-09.29.37:678][  0]LogConfig: Setting CVar [[r.SSGI.Quality:3]]
[2024.03.18-09.29.37:678][  0]LogConfig: Setting CVar [[r.EmitterSpawnRateScale:1.0]]
[2024.03.18-09.29.37:678][  0]LogConfig: Setting CVar [[r.ParticleLightQuality:2]]
[2024.03.18-09.29.37:678][  0]LogConfig: Setting CVar [[r.SkyAtmosphere.AerialPerspectiveLUT.FastApplyOnOpaque:1 ; Always have FastSkyLUT 1 in this case to avoid wrong sky]]
[2024.03.18-09.29.37:678][  0]LogConfig: Setting CVar [[r.SkyAtmosphere.AerialPerspectiveLUT.SampleCountMaxPerSlice:4]]
[2024.03.18-09.29.37:678][  0]LogConfig: Setting CVar [[r.SkyAtmosphere.AerialPerspectiveLUT.DepthResolution:16.0]]
[2024.03.18-09.29.37:678][  0]LogConfig: Setting CVar [[r.SkyAtmosphere.FastSkyLUT:1]]
[2024.03.18-09.29.37:678][  0]LogConfig: Setting CVar [[r.SkyAtmosphere.FastSkyLUT.SampleCountMin:4.0]]
[2024.03.18-09.29.37:678][  0]LogConfig: Setting CVar [[r.SkyAtmosphere.FastSkyLUT.SampleCountMax:128.0]]
[2024.03.18-09.29.37:678][  0]LogConfig: Setting CVar [[r.SkyAtmosphere.SampleCountMin:4.0]]
[2024.03.18-09.29.37:678][  0]LogConfig: Setting CVar [[r.SkyAtmosphere.SampleCountMax:128.0]]
[2024.03.18-09.29.37:678][  0]LogConfig: Setting CVar [[r.SkyAtmosphere.TransmittanceLUT.UseSmallFormat:0]]
[2024.03.18-09.29.37:678][  0]LogConfig: Setting CVar [[r.SkyAtmosphere.TransmittanceLUT.SampleCount:10.0]]
[2024.03.18-09.29.37:678][  0]LogConfig: Setting CVar [[r.SkyAtmosphere.MultiScatteringLUT.SampleCount:15.0]]
[2024.03.18-09.29.37:678][  0]LogConfig: Setting CVar [[r.SkyLight.RealTimeReflectionCapture:1]]
[2024.03.18-09.29.37:678][  0]LogConfig: Applying CVar settings from Section [FoliageQuality@3] File [D:/GitHub/NetShootRewrite/Saved/Config/Windows/Scalability.ini]
[2024.03.18-09.29.37:678][  0]LogConfig: Setting CVar [[foliage.DensityScale:1.0]]
[2024.03.18-09.29.37:678][  0]LogConfig: Setting CVar [[grass.DensityScale:1.0]]
[2024.03.18-09.29.37:678][  0]LogConfig: Applying CVar settings from Section [ShadingQuality@3] File [D:/GitHub/NetShootRewrite/Saved/Config/Windows/Scalability.ini]
[2024.03.18-09.29.37:678][  0]LogConfig: Setting CVar [[r.HairStrands.SkyLighting.IntegrationType:2]]
[2024.03.18-09.29.37:678][  0]LogConfig: Setting CVar [[r.HairStrands.SkyAO.SampleCount:4]]
[2024.03.18-09.29.37:678][  0]LogConfig: Setting CVar [[r.HairStrands.Visibility.MSAA.SamplePerPixel:4]]
[2024.03.18-09.29.37:678][  0]LogConfig: Applying CVar settings from Section [Startup] File [../../../Engine/Config/ConsoleVariables.ini]
[2024.03.18-09.29.37:679][  0]LogConfig: Setting CVar [[net.UseAdaptiveNetUpdateFrequency:0]]
[2024.03.18-09.29.37:679][  0]LogConfig: Setting CVar [[p.chaos.AllowCreatePhysxBodies:1]]
[2024.03.18-09.29.37:679][  0]LogConfig: Setting CVar [[fx.SkipVectorVMBackendOptimizations:1]]
[2024.03.18-09.29.37:679][  0]LogConfig: Applying CVar settings from Section [ConsoleVariables] File [D:/GitHub/NetShootRewrite/Saved/Config/Windows/Engine.ini]
[2024.03.18-09.29.37:679][  0]LogConfig: Applying CVar settings from Section [ConsoleVariables] File [D:/GitHub/NetShootRewrite/Saved/Config/Windows/Editor.ini]
[2024.03.18-09.29.37:679][  0]LogInit: Computer: DESKTOP-6POMQQ5
[2024.03.18-09.29.37:679][  0]LogInit: User: ZTT
[2024.03.18-09.29.37:679][  0]LogInit: CPU Page size=4096, Cores=6
[2024.03.18-09.29.37:679][  0]LogInit: High frequency timer resolution =10.000000 MHz
[2024.03.18-09.29.37:679][  0]LogMemory: Memory total: Physical=15.9GB (16GB approx)
[2024.03.18-09.29.37:679][  0]LogMemory: Platform Memory Stats for Windows
[2024.03.18-09.29.37:679][  0]LogMemory: Process Physical Memory: 144.23 MB used, 144.24 MB peak
[2024.03.18-09.29.37:679][  0]LogMemory: Process Virtual Memory: 119.50 MB used, 119.50 MB peak
[2024.03.18-09.29.37:679][  0]LogMemory: Physical Memory: 13615.82 MB used,  2697.48 MB free, 16313.30 MB total
[2024.03.18-09.29.37:679][  0]LogMemory: Virtual Memory: 134210832.00 MB used,  6893.93 MB free, 134217728.00 MB total
[2024.03.18-09.29.37:687][  0]LogWindows: WindowsPlatformFeatures enabled
[2024.03.18-09.29.37:775][  0]LogInit: Physics initialised using underlying interface: PhysX
[2024.03.18-09.29.37:777][  0]LogInit: Overriding language with editor language configuration option (zh-Hans).
[2024.03.18-09.29.37:777][  0]LogInit: Using OS detected locale (zh-CN).
[2024.03.18-09.29.37:997][  0]LogTextLocalizationResource: LocRes '../../../Engine/Content/Localization/Editor/zh/Editor.locres' could not be opened for reading!
[2024.03.18-09.29.37:997][  0]LogTextLocalizationResource: LocRes '../../../Engine/Content/Localization/EditorTutorials/zh/EditorTutorials.locres' could not be opened for reading!
[2024.03.18-09.29.37:997][  0]LogTextLocalizationResource: LocRes '../../../Engine/Content/Localization/Keywords/zh/Keywords.locres' could not be opened for reading!
[2024.03.18-09.29.37:997][  0]LogTextLocalizationResource: LocRes '../../../Engine/Content/Localization/Category/zh/Category.locres' could not be opened for reading!
[2024.03.18-09.29.37:997][  0]LogTextLocalizationResource: LocRes '../../../Engine/Content/Localization/ToolTips/zh/ToolTips.locres' could not be opened for reading!
[2024.03.18-09.29.37:998][  0]LogTextLocalizationResource: LocRes '../../../Engine/Content/Localization/PropertyNames/zh/PropertyNames.locres' could not be opened for reading!
[2024.03.18-09.29.37:998][  0]LogTextLocalizationResource: LocRes '../../../Engine/Content/Localization/Engine/zh/Engine.locres' could not be opened for reading!
[2024.03.18-09.29.37:998][  0]LogTextLocalizationResource: LocRes '../../../Engine/Plugins/Online/OnlineSubsystem/Content/Localization/OnlineSubsystem/zh/OnlineSubsystem.locres' could not be opened for reading!
[2024.03.18-09.29.37:998][  0]LogTextLocalizationResource: LocRes '../../../Engine/Plugins/Online/OnlineSubsystemUtils/Content/Localization/OnlineSubsystemUtils/zh/OnlineSubsystemUtils.locres' could not be opened for reading!
[2024.03.18-09.29.37:998][  0]LogTextLocalizationResource: LocRes '../../../Engine/Plugins/Online/IOS/OnlineSubsystemIOS/Content/Localization/OnlineSubsystemIOS/zh/OnlineSubsystemIOS.locres' could not be opened for reading!
[2024.03.18-09.29.37:999][  0]LogTextLocalizationResource: LocRes '../../../Engine/Plugins/Online/Android/OnlineSubsystemGooglePlay/Content/Localization/OnlineSubsystemGooglePlay/zh/OnlineSubsystemGooglePlay.locres' could not be opened for reading!
[2024.03.18-09.29.38:045][  0]LogInit: Setting process to per monitor DPI aware
[2024.03.18-09.29.38:062][  0]LogWindowsTextInputMethodSystem: Display: IME system deactivated.
[2024.03.18-09.29.38:088][  0]LogSlate: New Slate User Created.  User Index 0, Is Virtual User: 0
[2024.03.18-09.29.38:088][  0]LogSlate: Slate User Registered.  User Index 0, Is Virtual User: 0
[2024.03.18-09.29.38:467][  0]LogD3D11RHI: Loaded GFSDK_Aftermath_Lib.x64.dll
[2024.03.18-09.29.38:473][  0]LogHMD: Failed to initialize OpenVR with code 110
[2024.03.18-09.29.38:473][  0]LogD3D11RHI: D3D11 min allowed feature level: 11_0
[2024.03.18-09.29.38:473][  0]LogD3D11RHI: D3D11 max allowed feature level: 11_0
[2024.03.18-09.29.38:473][  0]LogD3D11RHI: D3D11 adapters:
[2024.03.18-09.29.38:716][  0]LogD3D11RHI:    0. 'NVIDIA GeForce GTX 1660 Ti' (Feature Level 11_0)
[2024.03.18-09.29.38:716][  0]LogD3D11RHI:       5979/0/8156 MB DedicatedVideo/DedicatedSystem/SharedSystem, Outputs:1, VendorId:0x10de
[2024.03.18-09.29.38:720][  0]LogD3D11RHI:    1. 'Microsoft Basic Render Driver' (Feature Level 11_0)
[2024.03.18-09.29.38:720][  0]LogD3D11RHI:       0/0/8156 MB DedicatedVideo/DedicatedSystem/SharedSystem, Outputs:0, VendorId:0x1414
[2024.03.18-09.29.38:849][  0]LogD3D11RHI:    2. 'NVIDIA GeForce GTX 1660 Ti' (Feature Level 11_0)
[2024.03.18-09.29.38:849][  0]LogD3D11RHI:       5979/0/8156 MB DedicatedVideo/DedicatedSystem/SharedSystem, Outputs:0, VendorId:0x10de
[2024.03.18-09.29.38:849][  0]LogD3D11RHI: Chosen D3D11 Adapter:
[2024.03.18-09.29.38:849][  0]LogD3D11RHI:     Description : NVIDIA GeForce GTX 1660 Ti
[2024.03.18-09.29.38:849][  0]LogD3D11RHI:     VendorId    : 10de
[2024.03.18-09.29.38:849][  0]LogD3D11RHI:     DeviceId    : 2182
[2024.03.18-09.29.38:849][  0]LogD3D11RHI:     SubSysId    : 3fbe1458
[2024.03.18-09.29.38:849][  0]LogD3D11RHI:     Revision    : 00a1
[2024.03.18-09.29.38:849][  0]LogD3D11RHI:     DedicatedVideoMemory : 6269435904 bytes
[2024.03.18-09.29.38:849][  0]LogD3D11RHI:     DedicatedSystemMemory : 0 bytes
[2024.03.18-09.29.38:849][  0]LogD3D11RHI:     SharedSystemMemory : 8552867840 bytes
[2024.03.18-09.29.38:849][  0]LogD3D11RHI:     AdapterLuid : 0 50912
[2024.03.18-09.29.38:855][  0]LogD3D11RHI: Creating new Direct3DDevice
[2024.03.18-09.29.38:855][  0]LogD3D11RHI:     GPU DeviceId: 0x2182 (for the marketing name, search the web for "GPU Device Id")
[2024.03.18-09.29.38:855][  0]LogWindows: EnumDisplayDevices:
[2024.03.18-09.29.38:855][  0]LogWindows:    0. 'NVIDIA GeForce GTX 1660 Ti' (P:1 D:1)
[2024.03.18-09.29.38:856][  0]LogWindows:    1. 'NVIDIA GeForce GTX 1660 Ti' (P:0 D:0)
[2024.03.18-09.29.38:856][  0]LogWindows:    2. 'NVIDIA GeForce GTX 1660 Ti' (P:0 D:0)
[2024.03.18-09.29.38:857][  0]LogWindows:    3. 'NVIDIA GeForce GTX 1660 Ti' (P:0 D:0)
[2024.03.18-09.29.38:857][  0]LogWindows:    4. 'OrayIddDriver Device' (P:0 D:0)
[2024.03.18-09.29.38:857][  0]LogWindows:    5. 'OrayIddDriver Device' (P:0 D:0)
[2024.03.18-09.29.38:859][  0]LogWindows:    6. 'OrayIddDriver Device' (P:0 D:0)
[2024.03.18-09.29.38:859][  0]LogWindows:    7. 'OrayIddDriver Device' (P:0 D:0)
[2024.03.18-09.29.38:860][  0]LogWindows:    8. 'OrayIddDriver Device' (P:0 D:0)
[2024.03.18-09.29.38:860][  0]LogWindows: DebugString: GetVideoDriverDetailsInvalid PrimaryIsNotTheChoosenAdapter GetVideoDriverDetailsInvalid PrimaryIsNotTheChoosenAdapter GetVideoDriverDetailsInvalid PrimaryIsNotTheChoosenAdapter GetVideoDriverDetailsInvalid PrimaryIsNotTheChoosenAdapter GetVideoDriverDetailsInvalid PrimaryIsNotTheChoosenAdapter FoundDriverCount:4 
[2024.03.18-09.29.38:860][  0]LogD3D11RHI:     Adapter Name: NVIDIA GeForce GTX 1660 Ti
[2024.03.18-09.29.38:860][  0]LogD3D11RHI:   Driver Version: 536.23 (internal:31.0.15.3623, unified:536.23)
[2024.03.18-09.29.38:860][  0]LogD3D11RHI:      Driver Date: 6-8-2023
[2024.03.18-09.29.38:860][  0]LogRHI: Texture pool is 4185 MB (70% of 5979 MB)
[2024.03.18-09.29.38:860][  0]LogD3D11RHI: Creating D3DDevice using adapter:
[2024.03.18-09.29.38:860][  0]LogD3D11RHI:     Description : NVIDIA GeForce GTX 1660 Ti
[2024.03.18-09.29.38:860][  0]LogD3D11RHI:     VendorId    : 10de
[2024.03.18-09.29.38:860][  0]LogD3D11RHI:     DeviceId    : 2182
[2024.03.18-09.29.38:860][  0]LogD3D11RHI:     SubSysId    : 3fbe1458
[2024.03.18-09.29.38:860][  0]LogD3D11RHI:     Revision    : 00a1
[2024.03.18-09.29.38:860][  0]LogD3D11RHI:     DedicatedVideoMemory : 6269435904 bytes
[2024.03.18-09.29.38:860][  0]LogD3D11RHI:     DedicatedSystemMemory : 0 bytes
[2024.03.18-09.29.38:860][  0]LogD3D11RHI:     SharedSystemMemory : 8552867840 bytes
[2024.03.18-09.29.38:860][  0]LogD3D11RHI:     AdapterLuid : 0 50912
[2024.03.18-09.29.38:959][  0]LogD3D11RHI: RHI has support for 64 bit atomics
[2024.03.18-09.29.38:959][  0]LogD3D11RHI: Async texture creation enabled
[2024.03.18-09.29.38:959][  0]LogD3D11RHI: Array index from any shader is supported
[2024.03.18-09.29.38:962][  0]LogD3D11RHI: HDR output is supported on display 0 (NvId: 0x80061086).
[2024.03.18-09.29.38:988][  0]LogD3D11RHI: GPU Timing Frequency: 1000.000000 (Debug: 2 1)
[2024.03.18-09.29.39:064][  0]LogRHI: GeForceNow SDK initialized: 1
[2024.03.18-09.29.39:306][  0]LogTargetPlatformManager: Display: Loaded TargetPlatform 'AllDesktop'
[2024.03.18-09.29.39:328][  0]LogTargetPlatformManager: Display: Loaded TargetPlatform 'Android'
[2024.03.18-09.29.39:328][  0]LogTargetPlatformManager: Display: Loaded TargetPlatform 'Android_ASTC'
[2024.03.18-09.29.39:328][  0]LogTargetPlatformManager: Display: Loaded TargetPlatform 'Android_DXT'
[2024.03.18-09.29.39:328][  0]LogTargetPlatformManager: Display: Loaded TargetPlatform 'Android_ETC2'
[2024.03.18-09.29.39:328][  0]LogTargetPlatformManager: Display: Loaded TargetPlatform 'AndroidClient'
[2024.03.18-09.29.39:328][  0]LogTargetPlatformManager: Display: Loaded TargetPlatform 'Android_ASTCClient'
[2024.03.18-09.29.39:328][  0]LogTargetPlatformManager: Display: Loaded TargetPlatform 'Android_DXTClient'
[2024.03.18-09.29.39:328][  0]LogTargetPlatformManager: Display: Loaded TargetPlatform 'Android_ETC2Client'
[2024.03.18-09.29.39:328][  0]LogTargetPlatformManager: Display: Loaded TargetPlatform 'Android_Multi'
[2024.03.18-09.29.39:328][  0]LogTargetPlatformManager: Display: Loaded TargetPlatform 'Android_MultiClient'
[2024.03.18-09.29.39:350][  0]LogTargetPlatformManager: Display: Loaded TargetPlatform 'IOSClient'
[2024.03.18-09.29.39:350][  0]LogTargetPlatformManager: Display: Loaded TargetPlatform 'IOS'
[2024.03.18-09.29.39:375][  0]LogTargetPlatformManager: Display: Loaded TargetPlatform 'Lumin'
[2024.03.18-09.29.39:375][  0]LogTargetPlatformManager: Display: Loaded TargetPlatform 'LuminClient'
[2024.03.18-09.29.39:385][  0]LogTargetPlatformManager: Display: Loaded TargetPlatform 'MacNoEditor'
[2024.03.18-09.29.39:390][  0]LogTargetPlatformManager: Display: Loaded TargetPlatform 'Mac'
[2024.03.18-09.29.39:395][  0]LogTargetPlatformManager: Display: Loaded TargetPlatform 'MacClient'
[2024.03.18-09.29.39:400][  0]LogTargetPlatformManager: Display: Loaded TargetPlatform 'MacServer'
[2024.03.18-09.29.39:411][  0]LogTargetPlatformManager: Display: Loaded TargetPlatform 'TVOSClient'
[2024.03.18-09.29.39:411][  0]LogTargetPlatformManager: Display: Loaded TargetPlatform 'TVOS'
[2024.03.18-09.29.39:421][  0]LogTargetPlatformManager: Display: Loaded TargetPlatform 'WindowsNoEditor'
[2024.03.18-09.29.39:427][  0]LogTargetPlatformManager: Display: Loaded TargetPlatform 'Windows'
[2024.03.18-09.29.39:433][  0]LogTargetPlatformManager: Display: Loaded TargetPlatform 'WindowsClient'
[2024.03.18-09.29.39:439][  0]LogTargetPlatformManager: Display: Loaded TargetPlatform 'WindowsServer'
[2024.03.18-09.29.39:439][  0]LogTargetPlatformManager: Display: Building Assets For Windows
[2024.03.18-09.29.39:451][  0]LogAudioDebug: Display: Lib vorbis DLL was dynamically loaded.
[2024.03.18-09.29.39:519][  0]LogTextureFormatOodle: Display: Oodle Texture 2.9.0 init RDO Off
[2024.03.18-09.29.39:613][  0]LogRendererCore: Ray tracing is disabled. Reason: r.RayTracing=0.
[2024.03.18-09.29.39:614][  0]LogShaderCompilers: Guid format shader working directory is 19 characters bigger than the processId version (D:/GitHub/NetShootRewrite/Intermediate/Shaders/WorkingDirectory/7444/).
[2024.03.18-09.29.39:614][  0]LogShaderCompilers: Cleaned the shader compiler working directory 'C:/Users/ZTT/AppData/Local/Temp/UnrealShaderWorkingDir/F840C88B4C2BC6DCDE4788BB35AC0DF8/'.
[2024.03.18-09.29.39:616][  0]LogShaderCompilers: Display: Using XGE Controller for Shader Compilation.
[2024.03.18-09.29.40:429][  0]LogDerivedDataCache: Display: Max Cache Size: 512 MB
[2024.03.18-09.29.41:665][  0]LogDerivedDataCache: Loaded boot cache 1.24s 94MB D:/GitHub/NetShootRewrite/DerivedDataCache/Boot.ddc.
[2024.03.18-09.29.41:665][  0]LogDerivedDataCache: Display: Loaded Boot cache: D:/GitHub/NetShootRewrite/DerivedDataCache/Boot.ddc
[2024.03.18-09.29.41:665][  0]LogDerivedDataCache: FDerivedDataBackendGraph:  Pak pak cache file D:/GitHub/NetShootRewrite/DerivedDataCache/DDC.ddp not found, will not use a pak cache.
[2024.03.18-09.29.41:665][  0]LogDerivedDataCache: Unable to find inner node Pak for hierarchical cache Hierarchy.
[2024.03.18-09.29.41:665][  0]LogDerivedDataCache: FDerivedDataBackendGraph:  EnginePak pak cache file ../../../Engine/DerivedDataCache/DDC.ddp not found, will not use a pak cache.
[2024.03.18-09.29.41:665][  0]LogDerivedDataCache: Unable to find inner node EnginePak for hierarchical cache Hierarchy.
[2024.03.18-09.29.41:690][  0]LogDerivedDataCache: Speed tests for ../../../Engine/DerivedDataCache took 0.02 seconds
[2024.03.18-09.29.41:690][  0]LogDerivedDataCache: Display: Performance to ../../../Engine/DerivedDataCache: Latency=0.17ms. RandomReadSpeed=60.14MBs, RandomWriteSpeed=126.03MBs. Assigned SpeedClass 'Local'
[2024.03.18-09.29.41:690][  0]LogDerivedDataCache: Using Local data cache path ../../../Engine/DerivedDataCache: Writable
[2024.03.18-09.29.41:690][  0]LogDerivedDataCache: Shared data cache path not found in *engine.ini, will not use an Shared cache.
[2024.03.18-09.29.41:690][  0]LogDerivedDataCache: Unable to find inner node Shared for hierarchical cache Hierarchy.
[2024.03.18-09.29.41:736][  0]LogSlate: Using FreeType 2.10.0
[2024.03.18-09.29.41:738][  0]LogSlate: SlateFontServices - WITH_FREETYPE: 1, WITH_HARFBUZZ: 1
[2024.03.18-09.29.41:792][  0]LogAssetRegistry: FAssetRegistry took 0.0031 seconds to start up
[2024.03.18-09.29.42:133][  0]LogInit: Selected Device Profile: [Windows]
[2024.03.18-09.29.42:133][  0]LogInit: Active device profile: [0000017B493F2D00][0000017B488D3AC0 49] Windows
[2024.03.18-09.29.42:133][  0]LogInit: Profiles: [0000017B493F2D00][0000017B488D3AC0 49] Windows, [0000017B493A5600][0000017B488CFC00 49] WindowsNoEditor, [0000017B493F1500][0000017B488D61C0 49] WindowsServer, [0000017B493A6B00][0000017B488DA300 49] WindowsClient, [0000017B493F2A00][0000017B488E2480 49] IOS, [0000017B493A5A00][0000017B488E6600 49] iPadAir, [0000017B493F1900][0000017B488EA780 49] iPadAir2, [0000017B4934BC00][0000017B488F2A40 49] IPadPro, [0000017B4934BD00][0000017B488EEA80 49] iPadAir3, [0000017B493F2F00][0000017B488F6C00 49] iPadAir4, [0000017B49349900][0000017B488FAD80 49] iPadMini2, [0000017B493F1300][0000017B488FEF00 49] iPadMini3, [0000017B49348D00][0000017B48903080 49] iPadMini4, [0000017B493F0900][0000017B48907200 49] iPadMini5, [0000017B4938F500][0000017B49B174C0 49] iPhone6, [0000017B4938F600][0000017B4890B500 49] iPodTouch6, [0000017B49348700][0000017B49B1F7C0 49] iPhone7, [0000017B49348600][0000017B49B1B800 49] iPodTouch7, [0000017B4938D800][0000017B49B23980 49] iPhone5S, [0000017B4934B600][0000017B49B27B00 49] iPhone6Plus, [0000017B4938F800][0000017B49B2A100 49] iPhone6S, [0000017B49349B00][0000017B488DE240 49] iPhone6SPlus, [0000017B4938D700][0000017B49B2E380 49] iPhone7Plus, [0000017B4934B100][0000017B49B324C0 49] iPhoneSE, [0000017B4938E500][0000017B49B3A640 49] iPhone8, [0000017B49349500][0000017B49B3E7C0 49] iPhone8Plus, [0000017B4938DE00][0000017B49B42940 49] iPhoneX, [0000017B49349000][0000017B49B46AC0 49] iPhoneXS, [0000017B4938E200][0000017B49B4AC40 49] iPhoneXSMax, [0000017B49348500][0000017B49B4EDC0 49] iPhoneXR, [0000017B4938E100][0000017B49B52F40 49] iPhone11, [0000017B4934AD00][0000017B49B570C0 49] iPhone11Pro, [0000017B4938D600][0000017B49B5B240 49] iPhone11ProMax, [0000017B49349D00][0000017B49B5F3C0 49] iPhoneSE2, [0000017B4938F200][0000017B49B63540 49] iPhone12Mini, [0000017B49349E00][0000017B49B676C0 49] iPhone12, [0000017B4938C300][0000017B49B6B840 49] iPhone12Pro, [0000017B4934B500][0000017B49B6F9C0 49] iPhone12ProMax, [0000017B4938FC00][0000017B49B73B40 49] iPadPro105, [0000017B49348200][0000017B49B76140 49] iPadPro129, [0000017B4938CE00][0000017B49B7A2C0 49] iPadPro97, [0000017B49348100][0000017B49B36400 49] iPadPro2_129, [0000017B4938FF00][0000017B49B7E540 49] iPad5, [0000017B49348900][0000017B49B82680 49] iPad6, [0000017B4938FB00][0000017B49B867C0 49] iPad7, [0000017B4934AA00][0000017B49B8E940 49] iPad8, [0000017B4938E800][0000017B49B92AC0 49] iPadPro11, [0000017B49348A00][0000017B49B96C40 49] iPadPro2_11, [0000017B4938C700][0000017B49B9ADC0 49] iPadPro3_129, [0000017B4934B200][0000017B49B9EF40 49] iPadPro4_129, [0000017B4938FA00][0000017B49BA30C0 49] AppleTV, [0000017B49348C00][0000017B49BA7240 49] AppleTV4K, [0000017B4938EC00][0000017B49BAB3C0 49] TVOS, [0000017B4934B000][0000017B49BAF540 49] Mac, [0000017B493A4E00][0000017B49BB36C0 49] MacClient, [0000017B49438800][0000017B49BB7840 49] MacNoEditor, [0000017B493A5500][0000017B49BBB9C0 49] MacServer, [0000017B49438300][0000017B49BBFB40 49] Linux, [0000017B493A6D00][0000017B49BC2140 49] LinuxAArch64, [0000017B49438B00][0000017B49BC62C0 49] LinuxNoEditor, [0000017B493A5D00][0000017B49BCA440 49] LinuxAArch64NoEditor, [0000017B49439500][0000017B49B8A580 49] LinuxClient, [0000017B493A4500][0000017B49BCE6C0 49] LinuxAArch64Client, [0000017B49439100][0000017B49BD2800 49] LinuxServer, [0000017B493A7600][0000017B49BD6940 49] LinuxAArch64Server, [0000017B49439200][0000017B49BDEAC0 49] Android, [0000017B493A4400][0000017B49BE2C40 49] Android_Low, [0000017B49438C00][0000017B49BE6DC0 49] Android_Mid, [0000017B493A4D00][0000017B49BEAF40 49] Android_High, [0000017B49439300][0000017B49BEF0C0 49] Android_Default, [0000017B493A4300][0000017B49BF3240 49] Android_Adreno4xx, [0000017B49439900][0000017B49BF73C0 49] Android_Adreno5xx_Low, [0000017B493A7700][0000017B49BFB540 49] Android_Adreno5xx, [0000017B49438900][0000017B49BFF6C0 49] Android_Adreno6xx, [0000017B493A6200][0000017B49C03840 49] Android_Adreno6xx_Vulkan, [0000017B49438F00][0000017B49C079C0 49] Android_Mali_T6xx, [0000017B4934BE00][0000017B49C0BB40 49] Android_Mali_T7xx, [0000017B4938D100][0000017B49C0E140 49] Android_Mali_T8xx, [0000017B4934A700][0000017B49C122C0 49] Android_Mali_G71, [0000017B4938F300][0000017B49C16440 49] Android_Mali_G72, [0000017B4934A000][0000017B49C1A5C0 49] Android_Mali_G72_Vulkan, [0000017B4938F900][0000017B49C1E740 49] Android_Mali_G76, [0000017B49348300][0000017B49BDA880 49] Android_Mali_G76_Vulkan, [0000017B4938DF00][0000017B49C229C0 49] Android_Mali_G77, [0000017B49349700][0000017B49C26B00 49] Android_Mali_G77_Vulkan, [0000017B4938E400][0000017B49C2EC80 49] Android_Mali_G78, [0000017B4934A400][0000017B49C32E00 49] Android_Mali_G78_Vulkan, [0000017B4938E700][0000017B49C36F80 49] Android_Mali_G710, [0000017B4934B800][0000017B49C3B100 49] Android_Mali_G710_Vulkan, [0000017B4938C900][0000017B49C3F280 49] Android_Vulkan_SM5, [0000017B49348F00][0000017B49C43400 49] Android_PowerVR_G6xxx, [0000017B4938C400][0000017B49C47580 49] Android_PowerVR_GT7xxx, [0000017B49348E00][0000017B49C4B700 49] Android_PowerVR_GE8xxx, [0000017B4938DA00][0000017B49C4F880 49] Android_PowerVR_GM9xxx, [0000017B49349300][0000017B49C53A00 49] Android_PowerVR_GM9xxx_Vulkan, [0000017B4938D000][0000017B49C57B80 49] Android_TegraK1, [0000017B49349F00][0000017B49C5A180 49] Android_Unknown_Vulkan, [0000017B4938D400][0000017B49C5E300 49] Lumin, [0000017B4934A600][0000017B49C62480 49] Lumin_Desktop, [0000017B493F1400][0000017B49C66600 49] HoloLens, 
[2024.03.18-09.29.42:315][  0]LogMeshReduction: Using QuadricMeshReduction for automatic static mesh reduction
[2024.03.18-09.29.42:315][  0]LogMeshReduction: Using SimplygonMeshReduction for automatic skeletal mesh reduction
[2024.03.18-09.29.42:315][  0]LogMeshReduction: Using ProxyLODMeshReduction for automatic mesh merging
[2024.03.18-09.29.42:315][  0]LogMeshReduction: No distributed automatic mesh merging module available
[2024.03.18-09.29.42:316][  0]LogMeshMerging: No distributed automatic mesh merging module available
[2024.03.18-09.29.42:341][  0]LogNetVersion: NetShootRewrite 1.0.0, NetCL: 0, EngineNetVer: 17, GameNetVer: 0 (Checksum: 1486698656)
[2024.03.18-09.29.42:960][  0]LogTexture: Default maximum texture size for cubemaps generated from long-lat sources has been changed from 512 to unlimited. In order to preserve old behaiour for '/Engine/MapTemplates/Sky/DaylightAmbientCubemap.DaylightAmbientCubemap', its maximum texture size has been explicitly set to 512.
[2024.03.18-09.29.43:027][  0]LogHMD: PokeAHoleMaterial loaded successfully
[2024.03.18-09.29.43:033][  0]LogUObjectArray: 17164 objects as part of root set at end of initial load.
[2024.03.18-09.29.43:033][  0]LogUObjectAllocator: 4298528 out of 0 bytes used by permanent object pool.
[2024.03.18-09.29.43:033][  0]LogUObjectArray: CloseDisregardForGC: 0/0 objects in disregard for GC pool
[2024.03.18-09.29.43:559][  0]LogPython: Using Python 3.7.7
[2024.03.18-09.29.44:146][  0]LogNiagaraDebuggerClient: Niagara Debugger Client Initialized | Session: B13115694FFFA92D2B2AB683E9492285 | Instance: 7BA3220E4A7B36E200FA058C5F02CA98 (DESKTOP-6POMQQ5-7444).
[2024.03.18-09.29.44:421][  0]LogTcpMessaging: Initializing TcpMessaging bridge
[2024.03.18-09.29.44:428][  0]LogUdpMessaging: Initializing bridge on interface 0.0.0.0:0 to multicast group 230.0.0.1:6666.
[2024.03.18-09.29.44:526][  0]LogActor: Warning: SetReplicates called on non-initialized actor Default__WeaponServerBase. Directly setting bReplicates is the correct procedure for pre-init actors.
[2024.03.18-09.29.44:750][  0]SourceControl: 源码管理已禁用
[2024.03.18-09.29.44:750][  0]SourceControl: 源码管理已禁用
[2024.03.18-09.29.44:760][  0]SourceControl: 源码管理已禁用
[2024.03.18-09.29.44:766][  0]SourceControl: 源码管理已禁用
[2024.03.18-09.29.44:810][  0]SourceControl: 源码管理已禁用
[2024.03.18-09.29.44:821][  0]LogUProjectInfo: Found projects:
[2024.03.18-09.29.45:159][  0]LogOpenImageDenoise: OIDN starting up
[2024.03.18-09.29.45:252][  0]LogAndroidPermission: UAndroidPermissionCallbackProxy::GetInstance
[2024.03.18-09.29.45:284][  0]LogAudioCaptureCore: Display: No Audio Capture implementations found. Audio input will be silent.
[2024.03.18-09.29.45:284][  0]LogAudioCaptureCore: Display: No Audio Capture implementations found. Audio input will be silent.
[2024.03.18-09.29.45:467][  0]LogCollectionManager: Loaded 0 collections in 0.002560 seconds
[2024.03.18-09.29.45:515][  0]LogFileCache: Scanning file cache for directory 'D:/GitHub/NetShootRewrite/Saved/Collections/' took 0.00s
[2024.03.18-09.29.45:516][  0]LogFileCache: Scanning file cache for directory 'D:/GitHub/NetShootRewrite/Content/Developers/ZTT/Collections/' took 0.00s
[2024.03.18-09.29.45:516][  0]LogFileCache: Scanning file cache for directory 'D:/GitHub/NetShootRewrite/Content/Collections/' took 0.00s
[2024.03.18-09.29.45:516][  0]LogOcInput: OculusInput pre-init called
[2024.03.18-09.29.45:828][  0]LogEngine: Initializing Engine...
[2024.03.18-09.29.45:838][  0]LogHMD: Failed to enumerate extensions. Please check that you have a valid OpenXR runtime installed.
[2024.03.18-09.29.45:839][  0]LogHMD: Failed to initialize OpenVR with code 110
[2024.03.18-09.29.45:839][  0]LogMagicLeap: Warning: VR disabled because ZI is not enabled.  To enable, in the editor, Edit -> Project Settings -> Plugins -> Magic Leap Plugin -> Enable Zero Iteration
[2024.03.18-09.29.45:841][  0]LogStats: UGameplayTagsManager::InitializeManager -  0.001 s
[2024.03.18-09.29.45:972][  0]LogInit: Initializing FReadOnlyCVARCache
[2024.03.18-09.29.45:987][  0]LogAIModule: Creating AISystem for world Untitled
[2024.03.18-09.29.45:991][  0]LogAudio: Display: Initializing Audio Device Manager...
[2024.03.18-09.29.45:997][  0]LogAudio: Display: Loading Default Audio Settings Objects...
[2024.03.18-09.29.45:998][  0]LogAudio: Display: No default SoundConcurrencyObject specified (or failed to load).
[2024.03.18-09.29.45:999][  0]LogAudio: Display: Audio Device Manager Initialized
[2024.03.18-09.29.45:999][  0]LogAudio: Display: Creating Audio Device:                 Id: 1, Scope: Shared, Realtime: True
[2024.03.18-09.29.45:999][  0]LogAudioMixer: Display: Audio Mixer Platform Settings:
[2024.03.18-09.29.45:999][  0]LogAudioMixer: Display: 	Sample Rate:						  48000
[2024.03.18-09.29.45:999][  0]LogAudioMixer: Display: 	Callback Buffer Frame Size Requested: 1024
[2024.03.18-09.29.45:999][  0]LogAudioMixer: Display: 	Callback Buffer Frame Size To Use:	  1024
[2024.03.18-09.29.45:999][  0]LogAudioMixer: Display: 	Number of buffers to queue:			  2
[2024.03.18-09.29.45:999][  0]LogAudioMixer: Display: 	Max Channels (voices):				  32
[2024.03.18-09.29.45:999][  0]LogAudioMixer: Display: 	Number of Async Source Workers:		  0
[2024.03.18-09.29.45:999][  0]LogAudio: Display: AudioDevice MaxSources: 32
[2024.03.18-09.29.45:999][  0]LogAudio: Display: Audio Spatialization Plugin: None (built-in).
[2024.03.18-09.29.45:999][  0]LogAudio: Display: Audio Reverb Plugin: None (built-in).
[2024.03.18-09.29.45:999][  0]LogAudio: Display: Audio Occlusion Plugin: None (built-in).
[2024.03.18-09.29.45:999][  0]LogAudioMixer: Display: Initializing audio mixer.
[2024.03.18-09.29.46:026][  0]LogAudioMixer: Display: 0: FrontLeft
[2024.03.18-09.29.46:026][  0]LogAudioMixer: Display: 1: FrontRight
[2024.03.18-09.29.46:042][  0]LogAudioMixer: Display: Using Audio Device 扬声器 (Realtek High Definition Audio)
[2024.03.18-09.29.46:045][  0]LogAudioMixer: Display: Initializing Sound Submixes...
[2024.03.18-09.29.46:049][  0]LogAudioMixer: Display: Creating Master Submix 'MasterSubmixDefault'
[2024.03.18-09.29.46:050][  0]LogAudioMixer: Display: Creating Master Submix 'MasterReverbSubmixDefault'
[2024.03.18-09.29.46:050][  0]LogAudioMixer: Display: Creating Master Submix 'MasterEQSubmixDefault'
[2024.03.18-09.29.46:050][  0]LogAudioMixer: FMixerPlatformXAudio2::StartAudioStream() called
[2024.03.18-09.29.46:050][  0]LogAudioMixer: Display: Output buffers initialized: Frames=1024, Channels=2, Samples=2048
[2024.03.18-09.29.46:051][  0]LogAudioMixer: Display: Starting AudioMixerPlatformInterface::RunInternal()
[2024.03.18-09.29.46:051][  0]LogAudioMixer: Display: FMixerPlatformXAudio2::SubmitBuffer() called for the first time
[2024.03.18-09.29.46:051][  0]LogInit: FAudioDevice initialized.
[2024.03.18-09.29.46:051][  0]LogAudio: Display: Audio Device (ID: 1) registered with world 'Untitled'.
[2024.03.18-09.29.46:051][  0]LogNetVersion: Set ProjectVersion to 1.0.0.0. Version Checksum will be recalculated on next use.
[2024.03.18-09.29.46:164][  0]LogDerivedDataCache: Saved boot cache 0.11s 94MB D:/GitHub/NetShootRewrite/DerivedDataCache/Boot.ddc.
[2024.03.18-09.29.46:164][  0]LogInit: Texture streaming: Enabled
[2024.03.18-09.29.46:180][  0]LogAnalytics: Display: [UEEditor.UnrealEngine.Release] APIServer = https://datarouter.ol.epicgames.com/. AppVersion = 4.27.2-0+++UE4+Release-4.27
[2024.03.18-09.29.46:188][  0]LogEngineSessionManager: EngineSessionManager initialized
[2024.03.18-09.29.46:188][  0]LogEngineSessionManager: EngineSessionManager sent abnormal shutdown report. Type=AbnormalShutdown, SessionId={94A8CEAE-44A1-1D79-256D-7E89536D0E8B}
[2024.03.18-09.29.46:188][  0]LogEditorSessionSummary: Verbose: Initializing EditorSessionSummaryWriter for editor session tracking
[2024.03.18-09.29.46:194][  0]LogEditorSessionSummary: EditorSessionSummaryWriter initialized
[2024.03.18-09.29.46:232][  0]LogInit: Transaction tracking system initialized
[2024.03.18-09.29.46:273][  0]BlueprintLog: New page: 编辑器加载
[2024.03.18-09.29.46:382][  0]LocalizationService: 本地化服务已禁用
[2024.03.18-09.29.46:532][  0]TimingProfiler: Initialize
[2024.03.18-09.29.46:533][  0]TimingProfiler: OnSessionChanged
[2024.03.18-09.29.46:533][  0]LoadingProfiler: Initialize
[2024.03.18-09.29.46:534][  0]LoadingProfiler: OnSessionChanged
[2024.03.18-09.29.46:534][  0]NetworkingProfiler: Initialize
[2024.03.18-09.29.46:534][  0]NetworkingProfiler: OnSessionChanged
[2024.03.18-09.29.46:534][  0]MemoryProfiler: Initialize
[2024.03.18-09.29.46:534][  0]MemoryProfiler: OnSessionChanged
[2024.03.18-09.29.46:809][  0]LogCook: Display: CookSettings for Memory: MemoryMaxUsedVirtual 0MiB, MemoryMaxUsedPhysical 16384MiB, MemoryMinFreeVirtual 0MiB, MemoryMinFreePhysical 1024MiB
[2024.03.18-09.29.46:809][  0]LogCook: Display: Mobile HDR setting 1
[2024.03.18-09.29.47:138][  0]LogFileCache: Scanning file cache for directory 'D:/GitHub/NetShootRewrite/Content/' took 0.01s
[2024.03.18-09.29.47:348][  0]LogInit: Display: Engine is initialized. Leaving FEngineLoop::Init()
[2024.03.18-09.29.47:356][  0]SourceControl: 源码管理已禁用
[2024.03.18-09.29.47:356][  0]LogUnrealEdMisc: Loading editor; pre map load, took 11.993
[2024.03.18-09.29.47:357][  0]Cmd: MAP LOAD FILE="D:/GitHub/NetShootRewrite/Content/FirstPersonCPP/Maps/FirstPersonExampleMap.umap" TEMPLATE=0 SHOWPROGRESS=1 FEATURELEVEL=3
[2024.03.18-09.29.47:371][  0]LightingResults: New page: 光照构建
[2024.03.18-09.29.47:375][  0]LogWorld: UWorld::CleanupWorld for Untitled, bSessionEnded=true, bCleanupResources=true
[2024.03.18-09.29.47:375][  0]LogSlate: InvalidateAllWidgets triggered.  All widgets were invalidated
[2024.03.18-09.29.47:375][  0]MapCheck: New page: 地图检测
[2024.03.18-09.29.47:375][  0]LightingResults: New page: 光照构建
[2024.03.18-09.29.47:379][  0]LogAudio: Display: Audio Device unregistered from world 'None'.
[2024.03.18-09.29.47:382][  0]LogUObjectHash: Compacting FUObjectHashTables data took   0.66ms
[2024.03.18-09.29.48:779][  0]LogActor: Warning: SetReplicates called on non-initialized actor Default__BP_ServerWeaponBase_C. Directly setting bReplicates is the correct procedure for pre-init actors.
[2024.03.18-09.29.48:780][  0]LogActor: Warning: SetReplicates called on non-initialized actor Default__SKEL_BP_ServerWeaponBase_C. Directly setting bReplicates is the correct procedure for pre-init actors.
[2024.03.18-09.29.48:852][  0]LogActor: Warning: SetReplicates called on non-initialized actor BP_ServerWeaponBase_2. Directly setting bReplicates is the correct procedure for pre-init actors.
[2024.03.18-09.29.49:247][  0]LogAudio: Display: Audio Device (ID: 1) registered with world 'FirstPersonExampleMap'.
[2024.03.18-09.29.49:248][  0]LogAIModule: Creating AISystem for world FirstPersonExampleMap
[2024.03.18-09.29.49:256][  0]LogEditorServer: Finished looking for orphan Actors (0.000 secs)
[2024.03.18-09.29.49:263][  0]LogUObjectHash: Compacting FUObjectHashTables data took   0.72ms
[2024.03.18-09.29.49:264][  0]Cmd: MAP CHECKDEP NOCLEARLOG
[2024.03.18-09.29.49:264][  0]MapCheck: 地图检测完成：0个错误、0个警告、完成用时0.108毫秒。
[2024.03.18-09.29.49:264][  0]LogFileHelpers: Loading map 'FirstPersonExampleMap' took 1.907
[2024.03.18-09.29.49:267][  0]LogUnrealEdMisc: Total Editor Startup Time, took 13.903
[2024.03.18-09.29.49:335][  0]LogWindowsTextInputMethodSystem: Display: IME system activated using TSF (微软拼音).
[2024.03.18-09.29.49:391][  0]LogSlate: Updating window title bar state: overlay mode, drag disabled, window buttons hidden, title bar hidden
[2024.03.18-09.29.49:397][  0]LogSlate: Updating window title bar state: overlay mode, drag disabled, window buttons hidden, title bar hidden
[2024.03.18-09.29.49:402][  0]LogSlate: Updating window title bar state: overlay mode, drag disabled, window buttons hidden, title bar hidden
[2024.03.18-09.29.49:407][  0]LogSlate: Updating window title bar state: overlay mode, drag disabled, window buttons hidden, title bar hidden
[2024.03.18-09.29.49:429][  0]LogNativeClassHierarchy: Verbose: Native class hierarchy populated in 0.0079 seconds. Added 3824 classes and 928 folders.
[2024.03.18-09.29.49:435][  0]LogNativeClassHierarchy: Verbose: Native class hierarchy updated for 'WidgetCarousel' in 0.0002 seconds. Added 0 classes and 0 folders.
[2024.03.18-09.29.49:442][  0]LogShaderLibrary: Display: ShaderCodeLibraryPakFileMountedCallback: PakFile 'C:/Program Files (x86)/UE4.27/UnrealEngine-4.27/FeaturePacks/FP_FirstPerson.upack' (chunk index -1, root 'root:/') mounted
[2024.03.18-09.29.49:442][  0]LogShaderLibrary: Display: ShaderCodeLibraryPakFileMountedCallback: pending pak file info (ChunkID:-1 Root:root:/ File:C:/Program Files (x86)/UE4.27/UnrealEngine-4.27/FeaturePacks/FP_FirstPerson.upack)
[2024.03.18-09.29.49:442][  0]LogPakFile: OnPakFileMounted2Time == 0.000468
[2024.03.18-09.29.49:445][  0]LogShaderLibrary: Display: ShaderCodeLibraryPakFileMountedCallback: PakFile 'C:/Program Files (x86)/UE4.27/UnrealEngine-4.27/FeaturePacks/FP_FirstPersonBP.upack' (chunk index -1, root 'root:/') mounted
[2024.03.18-09.29.49:445][  0]LogShaderLibrary: Display: ShaderCodeLibraryPakFileMountedCallback: pending pak file info (ChunkID:-1 Root:root:/ File:C:/Program Files (x86)/UE4.27/UnrealEngine-4.27/FeaturePacks/FP_FirstPersonBP.upack)
[2024.03.18-09.29.49:445][  0]LogPakFile: OnPakFileMounted2Time == 0.000065
[2024.03.18-09.29.49:446][  0]LogShaderLibrary: Display: ShaderCodeLibraryPakFileMountedCallback: PakFile 'C:/Program Files (x86)/UE4.27/UnrealEngine-4.27/FeaturePacks/MobileStarterContent.upack' (chunk index -1, root 'root:/') mounted
[2024.03.18-09.29.49:447][  0]LogShaderLibrary: Display: ShaderCodeLibraryPakFileMountedCallback: pending pak file info (ChunkID:-1 Root:root:/ File:C:/Program Files (x86)/UE4.27/UnrealEngine-4.27/FeaturePacks/MobileStarterContent.upack)
[2024.03.18-09.29.49:447][  0]LogPakFile: OnPakFileMounted2Time == 0.000065
[2024.03.18-09.29.49:448][  0]LogShaderLibrary: Display: ShaderCodeLibraryPakFileMountedCallback: PakFile 'C:/Program Files (x86)/UE4.27/UnrealEngine-4.27/FeaturePacks/StarterContent.upack' (chunk index -1, root 'root:/') mounted
[2024.03.18-09.29.49:448][  0]LogShaderLibrary: Display: ShaderCodeLibraryPakFileMountedCallback: pending pak file info (ChunkID:-1 Root:root:/ File:C:/Program Files (x86)/UE4.27/UnrealEngine-4.27/FeaturePacks/StarterContent.upack)
[2024.03.18-09.29.49:448][  0]LogPakFile: OnPakFileMounted2Time == 0.000057
[2024.03.18-09.29.49:450][  0]LogShaderLibrary: Display: ShaderCodeLibraryPakFileMountedCallback: PakFile 'C:/Program Files (x86)/UE4.27/UnrealEngine-4.27/FeaturePacks/TP_2DSideScroller.upack' (chunk index -1, root 'root:/') mounted
[2024.03.18-09.29.49:450][  0]LogShaderLibrary: Display: ShaderCodeLibraryPakFileMountedCallback: pending pak file info (ChunkID:-1 Root:root:/ File:C:/Program Files (x86)/UE4.27/UnrealEngine-4.27/FeaturePacks/TP_2DSideScroller.upack)
[2024.03.18-09.29.49:450][  0]LogPakFile: OnPakFileMounted2Time == 0.000055
[2024.03.18-09.29.49:452][  0]LogShaderLibrary: Display: ShaderCodeLibraryPakFileMountedCallback: PakFile 'C:/Program Files (x86)/UE4.27/UnrealEngine-4.27/FeaturePacks/TP_2DSideScrollerBP.upack' (chunk index -1, root 'root:/') mounted
[2024.03.18-09.29.49:452][  0]LogShaderLibrary: Display: ShaderCodeLibraryPakFileMountedCallback: pending pak file info (ChunkID:-1 Root:root:/ File:C:/Program Files (x86)/UE4.27/UnrealEngine-4.27/FeaturePacks/TP_2DSideScrollerBP.upack)
[2024.03.18-09.29.49:452][  0]LogPakFile: OnPakFileMounted2Time == 0.000054
[2024.03.18-09.29.49:454][  0]LogShaderLibrary: Display: ShaderCodeLibraryPakFileMountedCallback: PakFile 'C:/Program Files (x86)/UE4.27/UnrealEngine-4.27/FeaturePacks/TP_Flying.upack' (chunk index -1, root 'root:/') mounted
[2024.03.18-09.29.49:454][  0]LogShaderLibrary: Display: ShaderCodeLibraryPakFileMountedCallback: pending pak file info (ChunkID:-1 Root:root:/ File:C:/Program Files (x86)/UE4.27/UnrealEngine-4.27/FeaturePacks/TP_Flying.upack)
[2024.03.18-09.29.49:454][  0]LogPakFile: OnPakFileMounted2Time == 0.000059
[2024.03.18-09.29.49:456][  0]LogShaderLibrary: Display: ShaderCodeLibraryPakFileMountedCallback: PakFile 'C:/Program Files (x86)/UE4.27/UnrealEngine-4.27/FeaturePacks/TP_FlyingBP.upack' (chunk index -1, root 'root:/') mounted
[2024.03.18-09.29.49:456][  0]LogShaderLibrary: Display: ShaderCodeLibraryPakFileMountedCallback: pending pak file info (ChunkID:-1 Root:root:/ File:C:/Program Files (x86)/UE4.27/UnrealEngine-4.27/FeaturePacks/TP_FlyingBP.upack)
[2024.03.18-09.29.49:456][  0]LogPakFile: OnPakFileMounted2Time == 0.000056
[2024.03.18-09.29.49:457][  0]LogShaderLibrary: Display: ShaderCodeLibraryPakFileMountedCallback: PakFile 'C:/Program Files (x86)/UE4.27/UnrealEngine-4.27/FeaturePacks/TP_Puzzle.upack' (chunk index -1, root 'root:/') mounted
[2024.03.18-09.29.49:457][  0]LogShaderLibrary: Display: ShaderCodeLibraryPakFileMountedCallback: pending pak file info (ChunkID:-1 Root:root:/ File:C:/Program Files (x86)/UE4.27/UnrealEngine-4.27/FeaturePacks/TP_Puzzle.upack)
[2024.03.18-09.29.49:457][  0]LogPakFile: OnPakFileMounted2Time == 0.000062
[2024.03.18-09.29.49:459][  0]LogShaderLibrary: Display: ShaderCodeLibraryPakFileMountedCallback: PakFile 'C:/Program Files (x86)/UE4.27/UnrealEngine-4.27/FeaturePacks/TP_PuzzleBP.upack' (chunk index -1, root 'root:/') mounted
[2024.03.18-09.29.49:459][  0]LogShaderLibrary: Display: ShaderCodeLibraryPakFileMountedCallback: pending pak file info (ChunkID:-1 Root:root:/ File:C:/Program Files (x86)/UE4.27/UnrealEngine-4.27/FeaturePacks/TP_PuzzleBP.upack)
[2024.03.18-09.29.49:459][  0]LogPakFile: OnPakFileMounted2Time == 0.000057
[2024.03.18-09.29.49:461][  0]LogShaderLibrary: Display: ShaderCodeLibraryPakFileMountedCallback: PakFile 'C:/Program Files (x86)/UE4.27/UnrealEngine-4.27/FeaturePacks/TP_Rolling.upack' (chunk index -1, root 'root:/') mounted
[2024.03.18-09.29.49:461][  0]LogShaderLibrary: Display: ShaderCodeLibraryPakFileMountedCallback: pending pak file info (ChunkID:-1 Root:root:/ File:C:/Program Files (x86)/UE4.27/UnrealEngine-4.27/FeaturePacks/TP_Rolling.upack)
[2024.03.18-09.29.49:461][  0]LogPakFile: OnPakFileMounted2Time == 0.000051
[2024.03.18-09.29.49:463][  0]LogShaderLibrary: Display: ShaderCodeLibraryPakFileMountedCallback: PakFile 'C:/Program Files (x86)/UE4.27/UnrealEngine-4.27/FeaturePacks/TP_RollingBP.upack' (chunk index -1, root 'root:/') mounted
[2024.03.18-09.29.49:463][  0]LogShaderLibrary: Display: ShaderCodeLibraryPakFileMountedCallback: pending pak file info (ChunkID:-1 Root:root:/ File:C:/Program Files (x86)/UE4.27/UnrealEngine-4.27/FeaturePacks/TP_RollingBP.upack)
[2024.03.18-09.29.49:463][  0]LogPakFile: OnPakFileMounted2Time == 0.000069
[2024.03.18-09.29.49:465][  0]LogShaderLibrary: Display: ShaderCodeLibraryPakFileMountedCallback: PakFile 'C:/Program Files (x86)/UE4.27/UnrealEngine-4.27/FeaturePacks/TP_SideScroller.upack' (chunk index -1, root 'root:/') mounted
[2024.03.18-09.29.49:465][  0]LogShaderLibrary: Display: ShaderCodeLibraryPakFileMountedCallback: pending pak file info (ChunkID:-1 Root:root:/ File:C:/Program Files (x86)/UE4.27/UnrealEngine-4.27/FeaturePacks/TP_SideScroller.upack)
[2024.03.18-09.29.49:465][  0]LogPakFile: OnPakFileMounted2Time == 0.000069
[2024.03.18-09.29.49:467][  0]LogShaderLibrary: Display: ShaderCodeLibraryPakFileMountedCallback: PakFile 'C:/Program Files (x86)/UE4.27/UnrealEngine-4.27/FeaturePacks/TP_SideScrollerBP.upack' (chunk index -1, root 'root:/') mounted
[2024.03.18-09.29.49:467][  0]LogShaderLibrary: Display: ShaderCodeLibraryPakFileMountedCallback: pending pak file info (ChunkID:-1 Root:root:/ File:C:/Program Files (x86)/UE4.27/UnrealEngine-4.27/FeaturePacks/TP_SideScrollerBP.upack)
[2024.03.18-09.29.49:467][  0]LogPakFile: OnPakFileMounted2Time == 0.000066
[2024.03.18-09.29.49:469][  0]LogShaderLibrary: Display: ShaderCodeLibraryPakFileMountedCallback: PakFile 'C:/Program Files (x86)/UE4.27/UnrealEngine-4.27/FeaturePacks/TP_ThirdPerson.upack' (chunk index -1, root 'root:/') mounted
[2024.03.18-09.29.49:469][  0]LogShaderLibrary: Display: ShaderCodeLibraryPakFileMountedCallback: pending pak file info (ChunkID:-1 Root:root:/ File:C:/Program Files (x86)/UE4.27/UnrealEngine-4.27/FeaturePacks/TP_ThirdPerson.upack)
[2024.03.18-09.29.49:469][  0]LogPakFile: OnPakFileMounted2Time == 0.000065
[2024.03.18-09.29.49:470][  0]LogShaderLibrary: Display: ShaderCodeLibraryPakFileMountedCallback: PakFile 'C:/Program Files (x86)/UE4.27/UnrealEngine-4.27/FeaturePacks/TP_ThirdPersonBP.upack' (chunk index -1, root 'root:/') mounted
[2024.03.18-09.29.49:470][  0]LogShaderLibrary: Display: ShaderCodeLibraryPakFileMountedCallback: pending pak file info (ChunkID:-1 Root:root:/ File:C:/Program Files (x86)/UE4.27/UnrealEngine-4.27/FeaturePacks/TP_ThirdPersonBP.upack)
[2024.03.18-09.29.49:470][  0]LogPakFile: OnPakFileMounted2Time == 0.000055
[2024.03.18-09.29.49:472][  0]LogShaderLibrary: Display: ShaderCodeLibraryPakFileMountedCallback: PakFile 'C:/Program Files (x86)/UE4.27/UnrealEngine-4.27/FeaturePacks/TP_TopDown.upack' (chunk index -1, root 'root:/') mounted
[2024.03.18-09.29.49:472][  0]LogShaderLibrary: Display: ShaderCodeLibraryPakFileMountedCallback: pending pak file info (ChunkID:-1 Root:root:/ File:C:/Program Files (x86)/UE4.27/UnrealEngine-4.27/FeaturePacks/TP_TopDown.upack)
[2024.03.18-09.29.49:472][  0]LogPakFile: OnPakFileMounted2Time == 0.000060
[2024.03.18-09.29.49:474][  0]LogShaderLibrary: Display: ShaderCodeLibraryPakFileMountedCallback: PakFile 'C:/Program Files (x86)/UE4.27/UnrealEngine-4.27/FeaturePacks/TP_TopDownBP.upack' (chunk index -1, root 'root:/') mounted
[2024.03.18-09.29.49:474][  0]LogShaderLibrary: Display: ShaderCodeLibraryPakFileMountedCallback: pending pak file info (ChunkID:-1 Root:root:/ File:C:/Program Files (x86)/UE4.27/UnrealEngine-4.27/FeaturePacks/TP_TopDownBP.upack)
[2024.03.18-09.29.49:474][  0]LogPakFile: OnPakFileMounted2Time == 0.000060
[2024.03.18-09.29.49:475][  0]LogShaderLibrary: Display: ShaderCodeLibraryPakFileMountedCallback: PakFile 'C:/Program Files (x86)/UE4.27/UnrealEngine-4.27/FeaturePacks/TP_TwinStick.upack' (chunk index -1, root 'root:/') mounted
[2024.03.18-09.29.49:475][  0]LogShaderLibrary: Display: ShaderCodeLibraryPakFileMountedCallback: pending pak file info (ChunkID:-1 Root:root:/ File:C:/Program Files (x86)/UE4.27/UnrealEngine-4.27/FeaturePacks/TP_TwinStick.upack)
[2024.03.18-09.29.49:475][  0]LogPakFile: OnPakFileMounted2Time == 0.000062
[2024.03.18-09.29.49:477][  0]LogShaderLibrary: Display: ShaderCodeLibraryPakFileMountedCallback: PakFile 'C:/Program Files (x86)/UE4.27/UnrealEngine-4.27/FeaturePacks/TP_TwinStickBP.upack' (chunk index -1, root 'root:/') mounted
[2024.03.18-09.29.49:477][  0]LogShaderLibrary: Display: ShaderCodeLibraryPakFileMountedCallback: pending pak file info (ChunkID:-1 Root:root:/ File:C:/Program Files (x86)/UE4.27/UnrealEngine-4.27/FeaturePacks/TP_TwinStickBP.upack)
[2024.03.18-09.29.49:477][  0]LogPakFile: OnPakFileMounted2Time == 0.000053
[2024.03.18-09.29.49:479][  0]LogShaderLibrary: Display: ShaderCodeLibraryPakFileMountedCallback: PakFile 'C:/Program Files (x86)/UE4.27/UnrealEngine-4.27/FeaturePacks/TP_Vehicle.upack' (chunk index -1, root 'root:/') mounted
[2024.03.18-09.29.49:479][  0]LogShaderLibrary: Display: ShaderCodeLibraryPakFileMountedCallback: pending pak file info (ChunkID:-1 Root:root:/ File:C:/Program Files (x86)/UE4.27/UnrealEngine-4.27/FeaturePacks/TP_Vehicle.upack)
[2024.03.18-09.29.49:479][  0]LogPakFile: OnPakFileMounted2Time == 0.000066
[2024.03.18-09.29.49:481][  0]LogShaderLibrary: Display: ShaderCodeLibraryPakFileMountedCallback: PakFile 'C:/Program Files (x86)/UE4.27/UnrealEngine-4.27/FeaturePacks/TP_VehicleAdv.upack' (chunk index -1, root 'root:/') mounted
[2024.03.18-09.29.49:481][  0]LogShaderLibrary: Display: ShaderCodeLibraryPakFileMountedCallback: pending pak file info (ChunkID:-1 Root:root:/ File:C:/Program Files (x86)/UE4.27/UnrealEngine-4.27/FeaturePacks/TP_VehicleAdv.upack)
[2024.03.18-09.29.49:481][  0]LogPakFile: OnPakFileMounted2Time == 0.000064
[2024.03.18-09.29.49:483][  0]LogShaderLibrary: Display: ShaderCodeLibraryPakFileMountedCallback: PakFile 'C:/Program Files (x86)/UE4.27/UnrealEngine-4.27/FeaturePacks/TP_VehicleAdvBP.upack' (chunk index -1, root 'root:/') mounted
[2024.03.18-09.29.49:483][  0]LogShaderLibrary: Display: ShaderCodeLibraryPakFileMountedCallback: pending pak file info (ChunkID:-1 Root:root:/ File:C:/Program Files (x86)/UE4.27/UnrealEngine-4.27/FeaturePacks/TP_VehicleAdvBP.upack)
[2024.03.18-09.29.49:483][  0]LogPakFile: OnPakFileMounted2Time == 0.000094
[2024.03.18-09.29.49:485][  0]LogShaderLibrary: Display: ShaderCodeLibraryPakFileMountedCallback: PakFile 'C:/Program Files (x86)/UE4.27/UnrealEngine-4.27/FeaturePacks/TP_VehicleBP.upack' (chunk index -1, root 'root:/') mounted
[2024.03.18-09.29.49:485][  0]LogShaderLibrary: Display: ShaderCodeLibraryPakFileMountedCallback: pending pak file info (ChunkID:-1 Root:root:/ File:C:/Program Files (x86)/UE4.27/UnrealEngine-4.27/FeaturePacks/TP_VehicleBP.upack)
[2024.03.18-09.29.49:485][  0]LogPakFile: OnPakFileMounted2Time == 0.000053
[2024.03.18-09.29.49:487][  0]LogPakFile: PakFile PrimaryIndexSize=192
[2024.03.18-09.29.49:487][  0]LogPakFile: PakFile PathHashIndexSize=101
[2024.03.18-09.29.49:487][  0]LogPakFile: PakFile FullDirectoryIndexSize=158
[2024.03.18-09.29.49:487][  0]LogShaderLibrary: Display: ShaderCodeLibraryPakFileMountedCallback: PakFile 'C:/Program Files (x86)/UE4.27/UnrealEngine-4.27/FeaturePacks/TP_VirtualRealityBP.upack' (chunk index -1, root 'root:/') mounted
[2024.03.18-09.29.49:487][  0]LogShaderLibrary: Display: ShaderCodeLibraryPakFileMountedCallback: pending pak file info (ChunkID:-1 Root:root:/ File:C:/Program Files (x86)/UE4.27/UnrealEngine-4.27/FeaturePacks/TP_VirtualRealityBP.upack)
[2024.03.18-09.29.49:487][  0]LogPakFile: OnPakFileMounted2Time == 0.000034
[2024.03.18-09.29.49:643][  0]LogNativeClassHierarchy: Verbose: Native class hierarchy updated for 'AddContentDialog' in 0.0002 seconds. Added 0 classes and 0 folders.
[2024.03.18-09.29.49:648][  0]LogNativeClassHierarchy: Verbose: Native class hierarchy updated for 'SceneOutliner' in 0.0002 seconds. Added 2 classes and 0 folders.
[2024.03.18-09.29.49:817][  0]LogSlate: Took 0.000753 seconds to synchronously load lazily loaded font '../../../Engine/Content/Slate/Fonts/Roboto-Regular.ttf' (155K)
[2024.03.18-09.29.49:826][  0]LogSlate: Took 0.008243 seconds to synchronously load lazily loaded font '../../../Engine/Content/Slate/Fonts/DroidSansFallback.ttf' (3848K)
[2024.03.18-09.29.50:298][  0]LogNativeClassHierarchy: Verbose: Native class hierarchy updated for 'HierarchicalLODOutliner' in 0.0003 seconds. Added 0 classes and 0 folders.
[2024.03.18-09.29.50:298][  0]LogLoad: (Engine Initialization) Total time: 14.93 seconds
[2024.03.18-09.29.50:299][  0]LogLoad: (Engine Initialization) Total Blueprint compile time: 0.00 seconds
[2024.03.18-09.29.50:344][  0]LogAssetRegistry: Asset discovery search completed in 8.5544 seconds
[2024.03.18-09.29.50:354][  0]LogCollectionManager: Fixed up redirectors for 0 collections in 0.000004 seconds (updated 0 objects)
[2024.03.18-09.29.50:356][  0]LogContentStreaming: Texture pool size now 1000 MB
[2024.03.18-09.29.50:362][  0]LogSlate: Took 0.000645 seconds to synchronously load lazily loaded font '../../../Engine/Content/Editor/Slate/Fonts/FontAwesome.ttf' (139K)
[2024.03.18-09.29.50:364][  0]LogSlate: Took 0.000673 seconds to synchronously load lazily loaded font '../../../Engine/Content/Slate/Fonts/Roboto-Bold.ttf' (160K)
[2024.03.18-09.29.50:367][  0]LogSlate: Took 0.000547 seconds to synchronously load lazily loaded font '../../../Engine/Content/Slate/Fonts/DroidSansMono.ttf' (77K)
[2024.03.18-09.29.50:581][  0]LogRenderer: Reallocating scene render targets to support 1104x492 Format 10 NumSamples 1 (Frame:1).
[2024.03.18-09.29.50:581][  0]LogSlate: Took 0.000745 seconds to synchronously load lazily loaded font '../../../Engine/Content/Slate/Fonts/Roboto-Light.ttf' (167K)
[2024.03.18-09.29.50:795][  2]LogActor: Warning: SetReplicates called on non-initialized actor BP_ServerWeaponBase_C_0. Directly setting bReplicates is the correct procedure for pre-init actors.
[2024.03.18-09.29.51:314][ 62]LogSlate: Took 0.000256 seconds to synchronously load lazily loaded font '../../../Engine/Content/Slate/Fonts/Roboto-Light.ttf' (167K)
