Log file open, 03/17/24 23:39:58
LogWindows: Failed to load 'aqProf.dll' (GetLastError=126)
LogWindows: File 'aqProf.dll' does not exist
LogWindows: Failed to load 'VtuneApi.dll' (GetLastError=126)
LogWindows: File 'VtuneApi.dll' does not exist
LogWindows: Failed to load 'VtuneApi32e.dll' (GetLastError=126)
LogWindows: File 'VtuneApi32e.dll' does not exist
LogConsoleResponse: Display: Failed to find resolution value strings in scalability ini. Falling back to default.
LogConsoleResponse: Display: Failed to find resolution value strings in scalability ini. Falling back to default.
LogInit: Display: Running engine for game: NetShootRewrite
LogPlatformFile: Not using cached read wrapper
LogTaskGraph: Started task graph with 5 named threads and 35 total threads with 3 sets of task threads.
LogStats: Stats thread started at 0.133074
LogICUInternationalization: ICU TimeZone Detection - Raw Offset: +8:00, Platform Override: ''
LogInit: Display: Loading text-based GConfig....
LogPluginManager: Mounting plugin MeshPainting
LogPluginManager: Mounting plugin XGEController
LogPluginManager: Mounting plugin Paper2D
LogPluginManager: Mounting plugin LightPropagationVolume
LogPluginManager: Mounting plugin AISupport
LogPluginManager: Mounting plugin EnvironmentQueryEditor
LogPluginManager: Mounting plugin LiveLink
LogPluginManager: Mounting plugin OodleData
LogPluginManager: Mounting plugin OodleNetwork
LogPluginManager: Mounting plugin AssetManagerEditor
LogPluginManager: Mounting plugin CryptoKeys
LogPluginManager: Mounting plugin CurveEditorTools
LogPluginManager: Mounting plugin DataValidation
LogPluginManager: Mounting plugin FacialAnimation
LogPluginManager: Mounting plugin GameplayTagsEditor
LogPluginManager: Mounting plugin GeometryMode
LogPluginManager: Mounting plugin AnimationSharing
LogPluginManager: Mounting plugin CLionSourceCodeAccess
LogPluginManager: Mounting plugin MacGraphicsSwitching
LogPluginManager: Mounting plugin MaterialAnalyzer
LogPluginManager: Mounting plugin MobileLauncherProfileWizard
LogPluginManager: Mounting plugin PluginBrowser
LogPluginManager: Mounting plugin SpeedTreeImporter
LogPluginManager: Mounting plugin CodeLiteSourceCodeAccess
LogPluginManager: Mounting plugin GitSourceControl
LogPluginManager: Mounting plugin KDevelopSourceCodeAccess
LogPluginManager: Mounting plugin NullSourceCodeAccess
LogPluginManager: Mounting plugin PerforceSourceControl
LogPluginManager: Mounting plugin PixWinPlugin
LogPluginManager: Mounting plugin PlasticSourceControl
LogPluginManager: Mounting plugin PluginUtils
LogPluginManager: Mounting plugin PropertyAccessNode
LogPluginManager: Mounting plugin RiderSourceCodeAccess
LogPluginManager: Mounting plugin SubversionSourceControl
LogPluginManager: Mounting plugin TextureFormatOodle
LogPluginManager: Mounting plugin UObjectPlugin
LogPluginManager: Mounting plugin VisualStudioCodeSourceCodeAccess
LogPluginManager: Mounting plugin VisualStudioSourceCodeAccess
LogPluginManager: Mounting plugin DatasmithContent
LogPluginManager: Mounting plugin XCodeSourceCodeAccess
LogPluginManager: Mounting plugin AlembicImporter
LogPluginManager: Mounting plugin AutomationUtils
LogPluginManager: Mounting plugin VariantManagerContent
LogPluginManager: Mounting plugin BackChannel
LogPluginManager: Mounting plugin ChaosCloth
LogPluginManager: Mounting plugin ChaosClothEditor
LogPluginManager: Mounting plugin ChaosEditor
LogPluginManager: Mounting plugin ChaosNiagara
LogPluginManager: Mounting plugin ChaosSolverPlugin
LogPluginManager: Mounting plugin CharacterAI
LogPluginManager: Mounting plugin GeometryCache
LogPluginManager: Mounting plugin GeometryCollectionPlugin
LogPluginManager: Mounting plugin Niagara
LogPluginManager: Mounting plugin GeometryProcessing
LogPluginManager: Mounting plugin MotoSynth
LogPluginManager: Mounting plugin OpenImageDenoise
LogPluginManager: Mounting plugin PlanarCut
LogPluginManager: Mounting plugin PlatformCrypto
LogPluginManager: Mounting plugin ProxyLODPlugin
LogPluginManager: Mounting plugin PythonScriptPlugin
LogPluginManager: Mounting plugin LuminPlatformFeatures
LogPluginManager: Mounting plugin MagicLeap
LogPluginManager: Mounting plugin SkeletalReduction
LogPluginManager: Mounting plugin MagicLeapLightEstimation
LogPluginManager: Mounting plugin MagicLeapMedia
LogPluginManager: Mounting plugin MagicLeapPassableWorld
LogPluginManager: Mounting plugin MLSDK
LogPluginManager: Mounting plugin AndroidMedia
LogPluginManager: Mounting plugin AvfMedia
LogPluginManager: Mounting plugin ImgMedia
LogPluginManager: Mounting plugin MediaCompositing
LogPluginManager: Mounting plugin MediaPlayerEditor
LogPluginManager: Mounting plugin WebMMedia
LogPluginManager: Mounting plugin WmfMedia
LogPluginManager: Mounting plugin TcpMessaging
LogPluginManager: Mounting plugin UdpMessaging
LogPluginManager: Mounting plugin ActorSequence
LogPluginManager: Mounting plugin LevelSequenceEditor
LogPluginManager: Mounting plugin MatineeToLevelSequence
LogPluginManager: Mounting plugin TemplateSequence
LogPluginManager: Mounting plugin OnlineSubsystem
LogPluginManager: Mounting plugin OnlineSubsystemNull
LogPluginManager: Mounting plugin OnlineSubsystemUtils
LogPluginManager: Mounting plugin ActorLayerUtilities
LogPluginManager: Mounting plugin AndroidDeviceProfileSelector
LogPluginManager: Mounting plugin AndroidMoviePlayer
LogPluginManager: Mounting plugin AndroidPermission
LogPluginManager: Mounting plugin AppleImageUtils
LogPluginManager: Mounting plugin AppleMoviePlayer
LogPluginManager: Mounting plugin ArchVisCharacter
LogPluginManager: Mounting plugin AssetTags
LogPluginManager: Mounting plugin AudioCapture
LogPluginManager: Mounting plugin AudioSynesthesia
LogPluginManager: Mounting plugin CableComponent
LogPluginManager: Mounting plugin ChunkDownloader
LogPluginManager: Mounting plugin CustomMeshComponent
LogPluginManager: Mounting plugin EditableMesh
LogPluginManager: Mounting plugin ExampleDeviceProfileSelector
LogPluginManager: Mounting plugin LauncherChunkInstaller
LogPluginManager: Mounting plugin GoogleCloudMessaging
LogPluginManager: Mounting plugin GooglePAD
LogPluginManager: Mounting plugin IOSDeviceProfileSelector
LogPluginManager: Mounting plugin LinuxDeviceProfileSelector
LogPluginManager: Mounting plugin LocationServicesBPLibrary
LogPluginManager: Mounting plugin MobilePatchingUtils
LogPluginManager: Mounting plugin OpenXR
LogPluginManager: Mounting plugin OpenXREyeTracker
LogPluginManager: Mounting plugin OpenXRHandTracking
LogPluginManager: Mounting plugin PhysXVehicles
LogPluginManager: Mounting plugin PostSplashScreen
LogPluginManager: Mounting plugin ProceduralMeshComponent
LogPluginManager: Mounting plugin PropertyAccessEditor
LogPluginManager: Mounting plugin RuntimePhysXCooking
LogPluginManager: Mounting plugin SignificanceManager
LogPluginManager: Mounting plugin SoundFields
LogPluginManager: Mounting plugin Synthesis
LogPluginManager: Mounting plugin WebMMoviePlayer
LogPluginManager: Mounting plugin WindowsMoviePlayer
LogPluginManager: Mounting plugin ScreenshotTools
LogPluginManager: Mounting plugin Takes
LogPluginManager: Mounting plugin CameraShakePreviewer
LogPluginManager: Mounting plugin GameplayCameras
LogPluginManager: Mounting plugin ContentBrowserAssetDataSource
LogPluginManager: Mounting plugin ContentBrowserFileDataSource
LogPluginManager: Mounting plugin ContentBrowserClassDataSource
LogPluginManager: Mounting plugin RiderLink
LogPluginManager: Mounting plugin OnlineSubsystemGooglePlay
LogPluginManager: Mounting plugin OnlineSubsystemIOS
LogPluginManager: Mounting plugin OculusVR
LogPluginManager: Mounting plugin SteamVR
PixWinPlugin: PIX capture plugin failed to initialize! Check that the process is launched from PIX.
LogInit: Using libcurl 7.55.1-DEV
LogInit:  - built for x86_64-pc-win32
LogInit:  - supports SSL with OpenSSL/1.1.1
LogInit:  - supports HTTP deflate (compression) using libz 1.2.8
LogInit:  - other features:
LogInit:      CURL_VERSION_SSL
LogInit:      CURL_VERSION_LIBZ
LogInit:      CURL_VERSION_IPV6
LogInit:      CURL_VERSION_ASYNCHDNS
LogInit:      CURL_VERSION_LARGEFILE
LogInit:      CURL_VERSION_IDN
LogInit:  CurlRequestOptions (configurable via config and command line):
LogInit:  - bVerifyPeer = true  - Libcurl will verify peer certificate
LogInit:  - bUseHttpProxy = false  - Libcurl will NOT use HTTP proxy
LogInit:  - bDontReuseConnections = false  - Libcurl will reuse connections
LogInit:  - MaxHostConnections = 16  - Libcurl will limit the number of connections to a host
LogInit:  - LocalHostAddr = Default
LogInit:  - BufferSize = 65536
LogOnline: OSS: Creating online subsystem instance for: NULL
LogInit: WinSock: version 1.1 (2.2), MaxSocks=32767, MaxUdp=65467
LogOnline: OSS: TryLoadSubsystemAndSetDefault: Loaded subsystem for module [NULL]
LogOculusPluginWrapper: OculusPlugin initialized successfully
LogHMD: Failed initializing OVRPlugin 1.59.0
LogInit: Build: ++UE4+Release-4.27-CL-0
LogInit: Engine Version: 4.27.2-0+++UE4+Release-4.27
LogInit: Compatible Engine Version: 4.27.0-0+++UE4+Release-4.27
LogInit: Net CL: 0
LogInit: OS: Windows 10 (Release 2009) (), CPU: Intel(R) Core(TM) i7-8700 CPU @ 3.20GHz, GPU: NVIDIA GeForce GTX 1660 Ti
LogInit: Compiled (64-bit): Mar 12 2024 21:46:05
LogInit: Compiled with Visual C++: 19.39.33521.00
LogInit: Build Configuration: Development
LogInit: Branch Name: ++UE4+Release-4.27
LogInit: Command Line: 
LogInit: Base Directory: C:/Program Files (x86)/UE4.27/UnrealEngine-4.27/Engine/Binaries/Win64/
LogInit: Allocator: TBB
LogInit: Installed Engine Build: 0
LogDevObjectVersion: Number of dev versions registered: 29
LogDevObjectVersion:   Dev-Blueprints (B0D832E4-1F89-4F0D-ACCF-7EB736FD4AA2): 10
LogDevObjectVersion:   Dev-Build (E1C64328-A22C-4D53-A36C-8E866417BD8C): 0
LogDevObjectVersion:   Dev-Core (375EC13C-06E4-48FB-B500-84F0262A717E): 4
LogDevObjectVersion:   Dev-Editor (E4B068ED-F494-42E9-A231-DA0B2E46BB41): 40
LogDevObjectVersion:   Dev-Framework (CFFC743F-43B0-4480-9391-14DF171D2073): 37
LogDevObjectVersion:   Dev-Mobile (B02B49B5-BB20-44E9-A304-32B752E40360): 3
LogDevObjectVersion:   Dev-Networking (A4E4105C-59A1-49B5-A7C5-40C4547EDFEE): 0
LogDevObjectVersion:   Dev-Online (39C831C9-5AE6-47DC-9A44-9C173E1C8E7C): 0
LogDevObjectVersion:   Dev-Physics (78F01B33-EBEA-4F98-B9B4-84EACCB95AA2): 14
LogDevObjectVersion:   Dev-Platform (6631380F-2D4D-43E0-8009-CF276956A95A): 0
LogDevObjectVersion:   Dev-Rendering (12F88B9F-8875-4AFC-A67C-D90C383ABD29): 45
LogDevObjectVersion:   Dev-Sequencer (7B5AE74C-D270-4C10-A958-57980B212A5A): 13
LogDevObjectVersion:   Dev-VR (D7296918-1DD6-4BDD-9DE2-64A83CC13884): 3
LogDevObjectVersion:   Dev-LoadTimes (C2A15278-BFE7-4AFE-6C17-90FF531DF755): 1
LogDevObjectVersion:   Private-Geometry (6EACA3D4-40EC-4CC1-B786-8BED09428FC5): 3
LogDevObjectVersion:   Dev-AnimPhys (29E575DD-E0A3-4627-9D10-D276232CDCEA): 17
LogDevObjectVersion:   Dev-Anim (AF43A65D-7FD3-4947-9873-3E8ED9C1BB05): 15
LogDevObjectVersion:   Dev-ReflectionCapture (6B266CEC-1EC7-4B8F-A30B-E4D90942FC07): 1
LogDevObjectVersion:   Dev-Automation (0DF73D61-A23F-47EA-B727-89E90C41499A): 1
LogDevObjectVersion:   FortniteMain (601D1886-AC64-4F84-AA16-D3DE0DEAC7D6): 47
LogDevObjectVersion:   FortniteRelease (E7086368-6B23-4C58-8439-1B7016265E91): 1
LogDevObjectVersion:   Dev-Enterprise (9DFFBCD6-494F-0158-E221-12823C92A888): 10
LogDevObjectVersion:   Dev-Niagara (F2AED0AC-9AFE-416F-8664-AA7FFA26D6FC): 1
LogDevObjectVersion:   Dev-Destruction (174F1F0B-B4C6-45A5-B13F-2EE8D0FB917D): 10
LogDevObjectVersion:   Dev-Physics-Ext (35F94A83-E258-406C-A318-09F59610247C): 41
LogDevObjectVersion:   Dev-PhysicsMaterial-Chaos (B68FC16E-8B1B-42E2-B453-215C058844FE): 1
LogDevObjectVersion:   Dev-CineCamera (B2E18506-4273-CFC2-A54E-F4BB758BBA07): 1
LogDevObjectVersion:   Dev-VirtualProduction (64F58936-FD1B-42BA-BA96-7289D5D0FA4E): 1
LogDevObjectVersion:   Dev-MediaFramework (6F0ED827-A609-4895-9C91-998D90180EA4): 2
LogInit: Presizing for max 25165824 objects, including 0 objects not considered by GC, pre-allocating 0 bytes for permanent pool.
LogConfig: Applying CVar settings from Section [/Script/Engine.StreamingSettings] File [D:/GitHub/NetShootRewrite/Saved/Config/Windows/Engine.ini]
LogConfig: Setting CVar [[s.MinBulkDataSizeForAsyncLoading:131072]]
LogConfig: Setting CVar [[s.AsyncLoadingThreadEnabled:0]]
LogConfig: Setting CVar [[s.EventDrivenLoaderEnabled:1]]
LogConfig: Setting CVar [[s.WarnIfTimeLimitExceeded:0]]
LogConfig: Setting CVar [[s.TimeLimitExceededMultiplier:1.5]]
LogConfig: Setting CVar [[s.TimeLimitExceededMinTime:0.005]]
LogConfig: Setting CVar [[s.UseBackgroundLevelStreaming:1]]
LogConfig: Setting CVar [[s.PriorityAsyncLoadingExtraTime:15.0]]
LogConfig: Setting CVar [[s.LevelStreamingActorsUpdateTimeLimit:5.0]]
LogConfig: Setting CVar [[s.PriorityLevelStreamingActorsUpdateExtraTime:5.0]]
LogConfig: Setting CVar [[s.LevelStreamingComponentsRegistrationGranularity:10]]
LogConfig: Setting CVar [[s.UnregisterComponentsTimeLimit:1.0]]
LogConfig: Setting CVar [[s.LevelStreamingComponentsUnregistrationGranularity:5]]
LogConfig: Setting CVar [[s.FlushStreamingOnExit:1]]
LogInit: Object subsystem initialized
LogConfig: Setting CVar [[con.DebugEarlyDefault:1]]
LogConfig: Setting CVar [[r.setres:1280x720]]
[2024.03.17-15.39.58:976][  0]LogConfig: Setting CVar [[r.VSync:0]]
[2024.03.17-15.39.58:976][  0]LogConfig: Setting CVar [[r.RHICmdBypass:0]]
[2024.03.17-15.39.58:976][  0]LogConfig: Applying CVar settings from Section [/Script/Engine.RendererSettings] File [D:/GitHub/NetShootRewrite/Saved/Config/Windows/Engine.ini]
[2024.03.17-15.39.58:976][  0]LogConfig: Setting CVar [[r.GPUCrashDebugging:0]]
[2024.03.17-15.39.58:976][  0]LogConfig: Applying CVar settings from Section [/Script/Engine.RendererOverrideSettings] File [D:/GitHub/NetShootRewrite/Saved/Config/Windows/Engine.ini]
[2024.03.17-15.39.58:976][  0]LogConfig: Applying CVar settings from Section [/Script/Engine.StreamingSettings] File [D:/GitHub/NetShootRewrite/Saved/Config/Windows/Engine.ini]
[2024.03.17-15.39.58:976][  0]LogConfig: Setting CVar [[s.MinBulkDataSizeForAsyncLoading:131072]]
[2024.03.17-15.39.58:976][  0]LogConfig: Setting CVar [[s.AsyncLoadingThreadEnabled:0]]
[2024.03.17-15.39.58:976][  0]LogConfig: Setting CVar [[s.EventDrivenLoaderEnabled:1]]
[2024.03.17-15.39.58:976][  0]LogConfig: Setting CVar [[s.WarnIfTimeLimitExceeded:0]]
[2024.03.17-15.39.58:976][  0]LogConfig: Setting CVar [[s.TimeLimitExceededMultiplier:1.5]]
[2024.03.17-15.39.58:976][  0]LogConfig: Setting CVar [[s.TimeLimitExceededMinTime:0.005]]
[2024.03.17-15.39.58:976][  0]LogConfig: Setting CVar [[s.UseBackgroundLevelStreaming:1]]
[2024.03.17-15.39.58:976][  0]LogConfig: Setting CVar [[s.PriorityAsyncLoadingExtraTime:15.0]]
[2024.03.17-15.39.58:976][  0]LogConfig: Setting CVar [[s.LevelStreamingActorsUpdateTimeLimit:5.0]]
[2024.03.17-15.39.58:976][  0]LogConfig: Setting CVar [[s.PriorityLevelStreamingActorsUpdateExtraTime:5.0]]
[2024.03.17-15.39.58:976][  0]LogConfig: Setting CVar [[s.LevelStreamingComponentsRegistrationGranularity:10]]
[2024.03.17-15.39.58:976][  0]LogConfig: Setting CVar [[s.UnregisterComponentsTimeLimit:1.0]]
[2024.03.17-15.39.58:976][  0]LogConfig: Setting CVar [[s.LevelStreamingComponentsUnregistrationGranularity:5]]
[2024.03.17-15.39.58:976][  0]LogConfig: Setting CVar [[s.FlushStreamingOnExit:1]]
[2024.03.17-15.39.58:976][  0]LogConfig: Applying CVar settings from Section [/Script/Engine.GarbageCollectionSettings] File [D:/GitHub/NetShootRewrite/Saved/Config/Windows/Engine.ini]
[2024.03.17-15.39.58:976][  0]LogConfig: Setting CVar [[gc.MaxObjectsNotConsideredByGC:1]]
[2024.03.17-15.39.58:976][  0]LogConfig: Setting CVar [[gc.SizeOfPermanentObjectPool:0]]
[2024.03.17-15.39.58:976][  0]LogConfig: Setting CVar [[gc.FlushStreamingOnGC:0]]
[2024.03.17-15.39.58:976][  0]LogConfig: Setting CVar [[gc.NumRetriesBeforeForcingGC:10]]
[2024.03.17-15.39.58:976][  0]LogConfig: Setting CVar [[gc.AllowParallelGC:1]]
[2024.03.17-15.39.58:976][  0]LogConfig: Setting CVar [[gc.TimeBetweenPurgingPendingKillObjects:61.1]]
[2024.03.17-15.39.58:976][  0]LogConfig: Setting CVar [[gc.MaxObjectsInEditor:25165824]]
[2024.03.17-15.39.58:976][  0]LogConfig: Setting CVar [[gc.IncrementalBeginDestroyEnabled:1]]
[2024.03.17-15.39.58:976][  0]LogConfig: Setting CVar [[gc.CreateGCClusters:1]]
[2024.03.17-15.39.58:976][  0]LogConfig: Setting CVar [[gc.MinGCClusterSize:5]]
[2024.03.17-15.39.58:976][  0]LogConfig: Setting CVar [[gc.ActorClusteringEnabled:0]]
[2024.03.17-15.39.58:976][  0]LogConfig: Setting CVar [[gc.BlueprintClusteringEnabled:0]]
[2024.03.17-15.39.58:976][  0]LogConfig: Setting CVar [[gc.UseDisregardForGCOnDedicatedServers:0]]
[2024.03.17-15.39.58:976][  0]LogConfig: Setting CVar [[gc.MultithreadedDestructionEnabled:1]]
[2024.03.17-15.39.58:977][  0]LogConfig: Applying CVar settings from Section [/Script/Engine.NetworkSettings] File [D:/GitHub/NetShootRewrite/Saved/Config/Windows/Engine.ini]
[2024.03.17-15.39.58:977][  0]LogConfig: Applying CVar settings from Section [/Script/UnrealEd.CookerSettings] File [D:/GitHub/NetShootRewrite/Saved/Config/Windows/Engine.ini]
[2024.03.17-15.39.59:013][  0]LogConfig: Applying CVar settings from Section [ViewDistanceQuality@3] File [D:/GitHub/NetShootRewrite/Saved/Config/Windows/Scalability.ini]
[2024.03.17-15.39.59:013][  0]LogConfig: Setting CVar [[r.SkeletalMeshLODBias:0]]
[2024.03.17-15.39.59:013][  0]LogConfig: Setting CVar [[r.ViewDistanceScale:1.0]]
[2024.03.17-15.39.59:013][  0]LogConfig: Applying CVar settings from Section [AntiAliasingQuality@3] File [D:/GitHub/NetShootRewrite/Saved/Config/Windows/Scalability.ini]
[2024.03.17-15.39.59:013][  0]LogConfig: Setting CVar [[r.PostProcessAAQuality:4]]
[2024.03.17-15.39.59:013][  0]LogConfig: Applying CVar settings from Section [ShadowQuality@3] File [D:/GitHub/NetShootRewrite/Saved/Config/Windows/Scalability.ini]
[2024.03.17-15.39.59:013][  0]LogConfig: Setting CVar [[r.LightFunctionQuality:1]]
[2024.03.17-15.39.59:013][  0]LogConfig: Setting CVar [[r.ShadowQuality:5]]
[2024.03.17-15.39.59:013][  0]LogConfig: Setting CVar [[r.Shadow.CSM.MaxCascades:10]]
[2024.03.17-15.39.59:013][  0]LogConfig: Setting CVar [[r.Shadow.MaxResolution:2048]]
[2024.03.17-15.39.59:013][  0]LogConfig: Setting CVar [[r.Shadow.MaxCSMResolution:2048]]
[2024.03.17-15.39.59:013][  0]LogConfig: Setting CVar [[r.Shadow.RadiusThreshold:0.01]]
[2024.03.17-15.39.59:013][  0]LogConfig: Setting CVar [[r.Shadow.DistanceScale:1.0]]
[2024.03.17-15.39.59:013][  0]LogConfig: Setting CVar [[r.Shadow.CSM.TransitionScale:1.0]]
[2024.03.17-15.39.59:013][  0]LogConfig: Setting CVar [[r.Shadow.PreShadowResolutionFactor:1.0]]
[2024.03.17-15.39.59:013][  0]LogConfig: Setting CVar [[r.DistanceFieldShadowing:1]]
[2024.03.17-15.39.59:013][  0]LogConfig: Setting CVar [[r.DistanceFieldAO:1]]
[2024.03.17-15.39.59:013][  0]LogConfig: Setting CVar [[r.AOQuality:2]]
[2024.03.17-15.39.59:013][  0]LogConfig: Setting CVar [[r.VolumetricFog:1]]
[2024.03.17-15.39.59:013][  0]LogConfig: Setting CVar [[r.VolumetricFog.GridPixelSize:8]]
[2024.03.17-15.39.59:013][  0]LogConfig: Setting CVar [[r.VolumetricFog.GridSizeZ:128]]
[2024.03.17-15.39.59:013][  0]LogConfig: Setting CVar [[r.VolumetricFog.HistoryMissSupersampleCount:4]]
[2024.03.17-15.39.59:013][  0]LogConfig: Setting CVar [[r.LightMaxDrawDistanceScale:1]]
[2024.03.17-15.39.59:013][  0]LogConfig: Setting CVar [[r.CapsuleShadows:1]]
[2024.03.17-15.39.59:013][  0]LogConfig: Applying CVar settings from Section [PostProcessQuality@3] File [D:/GitHub/NetShootRewrite/Saved/Config/Windows/Scalability.ini]
[2024.03.17-15.39.59:013][  0]LogConfig: Setting CVar [[r.MotionBlurQuality:4]]
[2024.03.17-15.39.59:013][  0]LogConfig: Setting CVar [[r.AmbientOcclusionMipLevelFactor:0.4]]
[2024.03.17-15.39.59:013][  0]LogConfig: Setting CVar [[r.AmbientOcclusionMaxQuality:100]]
[2024.03.17-15.39.59:013][  0]LogConfig: Setting CVar [[r.AmbientOcclusionLevels:-1]]
[2024.03.17-15.39.59:013][  0]LogConfig: Setting CVar [[r.AmbientOcclusionRadiusScale:1.0]]
[2024.03.17-15.39.59:013][  0]LogConfig: Setting CVar [[r.DepthOfFieldQuality:2]]
[2024.03.17-15.39.59:013][  0]LogConfig: Setting CVar [[r.RenderTargetPoolMin:400]]
[2024.03.17-15.39.59:013][  0]LogConfig: Setting CVar [[r.LensFlareQuality:2]]
[2024.03.17-15.39.59:013][  0]LogConfig: Setting CVar [[r.SceneColorFringeQuality:1]]
[2024.03.17-15.39.59:013][  0]LogConfig: Setting CVar [[r.EyeAdaptationQuality:2]]
[2024.03.17-15.39.59:013][  0]LogConfig: Setting CVar [[r.BloomQuality:5]]
[2024.03.17-15.39.59:013][  0]LogConfig: Setting CVar [[r.FastBlurThreshold:100]]
[2024.03.17-15.39.59:013][  0]LogConfig: Setting CVar [[r.Upscale.Quality:3]]
[2024.03.17-15.39.59:013][  0]LogConfig: Setting CVar [[r.Tonemapper.GrainQuantization:1]]
[2024.03.17-15.39.59:013][  0]LogConfig: Setting CVar [[r.LightShaftQuality:1]]
[2024.03.17-15.39.59:014][  0]LogConfig: Setting CVar [[r.Filter.SizeScale:1]]
[2024.03.17-15.39.59:014][  0]LogConfig: Setting CVar [[r.Tonemapper.Quality:5]]
[2024.03.17-15.39.59:014][  0]LogConfig: Setting CVar [[r.DOF.Gather.AccumulatorQuality:1        ; higher gathering accumulator quality]]
[2024.03.17-15.39.59:014][  0]LogConfig: Setting CVar [[r.DOF.Gather.PostfilterMethod:1          ; Median3x3 postfilering method]]
[2024.03.17-15.39.59:014][  0]LogConfig: Setting CVar [[r.DOF.Gather.EnableBokehSettings:0       ; no bokeh simulation when gathering]]
[2024.03.17-15.39.59:014][  0]LogConfig: Setting CVar [[r.DOF.Gather.RingCount:4                 ; medium number of samples when gathering]]
[2024.03.17-15.39.59:014][  0]LogConfig: Setting CVar [[r.DOF.Scatter.ForegroundCompositing:1    ; additive foreground scattering]]
[2024.03.17-15.39.59:014][  0]LogConfig: Setting CVar [[r.DOF.Scatter.BackgroundCompositing:2    ; additive background scattering]]
[2024.03.17-15.39.59:014][  0]LogConfig: Setting CVar [[r.DOF.Scatter.EnableBokehSettings:1      ; bokeh simulation when scattering]]
[2024.03.17-15.39.59:014][  0]LogConfig: Setting CVar [[r.DOF.Scatter.MaxSpriteRatio:0.1         ; only a maximum of 10% of scattered bokeh]]
[2024.03.17-15.39.59:014][  0]LogConfig: Setting CVar [[r.DOF.Recombine.Quality:1                ; cheap slight out of focus]]
[2024.03.17-15.39.59:014][  0]LogConfig: Setting CVar [[r.DOF.Recombine.EnableBokehSettings:0    ; no bokeh simulation on slight out of focus]]
[2024.03.17-15.39.59:014][  0]LogConfig: Setting CVar [[r.DOF.TemporalAAQuality:1                ; more stable temporal accumulation]]
[2024.03.17-15.39.59:014][  0]LogConfig: Setting CVar [[r.DOF.Kernel.MaxForegroundRadius:0.025]]
[2024.03.17-15.39.59:014][  0]LogConfig: Setting CVar [[r.DOF.Kernel.MaxBackgroundRadius:0.025]]
[2024.03.17-15.39.59:014][  0]LogConfig: Applying CVar settings from Section [TextureQuality@3] File [D:/GitHub/NetShootRewrite/Saved/Config/Windows/Scalability.ini]
[2024.03.17-15.39.59:014][  0]LogConfig: Setting CVar [[r.Streaming.MipBias:0]]
[2024.03.17-15.39.59:014][  0]LogConfig: Setting CVar [[r.Streaming.AmortizeCPUToGPUCopy:0]]
[2024.03.17-15.39.59:014][  0]LogConfig: Setting CVar [[r.Streaming.MaxNumTexturesToStreamPerFrame:0]]
[2024.03.17-15.39.59:014][  0]LogConfig: Setting CVar [[r.Streaming.Boost:1]]
[2024.03.17-15.39.59:014][  0]LogConfig: Setting CVar [[r.MaxAnisotropy:8]]
[2024.03.17-15.39.59:014][  0]LogConfig: Setting CVar [[r.VT.MaxAnisotropy:8]]
[2024.03.17-15.39.59:014][  0]LogConfig: Setting CVar [[r.Streaming.LimitPoolSizeToVRAM:0]]
[2024.03.17-15.39.59:014][  0]LogConfig: Setting CVar [[r.Streaming.PoolSize:1000]]
[2024.03.17-15.39.59:014][  0]LogConfig: Setting CVar [[r.Streaming.MaxEffectiveScreenSize:0]]
[2024.03.17-15.39.59:014][  0]LogConfig: Applying CVar settings from Section [EffectsQuality@3] File [D:/GitHub/NetShootRewrite/Saved/Config/Windows/Scalability.ini]
[2024.03.17-15.39.59:014][  0]LogConfig: Setting CVar [[r.TranslucencyLightingVolumeDim:64]]
[2024.03.17-15.39.59:014][  0]LogConfig: Setting CVar [[r.RefractionQuality:2]]
[2024.03.17-15.39.59:014][  0]LogConfig: Setting CVar [[r.SSR.Quality:3]]
[2024.03.17-15.39.59:014][  0]LogConfig: Setting CVar [[r.SSR.HalfResSceneColor:0]]
[2024.03.17-15.39.59:014][  0]LogConfig: Setting CVar [[r.SceneColorFormat:4]]
[2024.03.17-15.39.59:014][  0]LogConfig: Setting CVar [[r.DetailMode:2]]
[2024.03.17-15.39.59:014][  0]LogConfig: Setting CVar [[r.TranslucencyVolumeBlur:1]]
[2024.03.17-15.39.59:014][  0]LogConfig: Setting CVar [[r.MaterialQualityLevel:1 ; High quality]]
[2024.03.17-15.39.59:014][  0]LogConfig: Setting CVar [[r.AnisotropicMaterials:1]]
[2024.03.17-15.39.59:014][  0]LogConfig: Setting CVar [[r.SSS.Scale:1]]
[2024.03.17-15.39.59:014][  0]LogConfig: Setting CVar [[r.SSS.SampleSet:2]]
[2024.03.17-15.39.59:014][  0]LogConfig: Setting CVar [[r.SSS.Quality:1]]
[2024.03.17-15.39.59:014][  0]LogConfig: Setting CVar [[r.SSS.HalfRes:0]]
[2024.03.17-15.39.59:014][  0]LogConfig: Setting CVar [[r.SSGI.Quality:3]]
[2024.03.17-15.39.59:014][  0]LogConfig: Setting CVar [[r.EmitterSpawnRateScale:1.0]]
[2024.03.17-15.39.59:014][  0]LogConfig: Setting CVar [[r.ParticleLightQuality:2]]
[2024.03.17-15.39.59:014][  0]LogConfig: Setting CVar [[r.SkyAtmosphere.AerialPerspectiveLUT.FastApplyOnOpaque:1 ; Always have FastSkyLUT 1 in this case to avoid wrong sky]]
[2024.03.17-15.39.59:014][  0]LogConfig: Setting CVar [[r.SkyAtmosphere.AerialPerspectiveLUT.SampleCountMaxPerSlice:4]]
[2024.03.17-15.39.59:014][  0]LogConfig: Setting CVar [[r.SkyAtmosphere.AerialPerspectiveLUT.DepthResolution:16.0]]
[2024.03.17-15.39.59:014][  0]LogConfig: Setting CVar [[r.SkyAtmosphere.FastSkyLUT:1]]
[2024.03.17-15.39.59:014][  0]LogConfig: Setting CVar [[r.SkyAtmosphere.FastSkyLUT.SampleCountMin:4.0]]
[2024.03.17-15.39.59:014][  0]LogConfig: Setting CVar [[r.SkyAtmosphere.FastSkyLUT.SampleCountMax:128.0]]
[2024.03.17-15.39.59:014][  0]LogConfig: Setting CVar [[r.SkyAtmosphere.SampleCountMin:4.0]]
[2024.03.17-15.39.59:014][  0]LogConfig: Setting CVar [[r.SkyAtmosphere.SampleCountMax:128.0]]
[2024.03.17-15.39.59:014][  0]LogConfig: Setting CVar [[r.SkyAtmosphere.TransmittanceLUT.UseSmallFormat:0]]
[2024.03.17-15.39.59:014][  0]LogConfig: Setting CVar [[r.SkyAtmosphere.TransmittanceLUT.SampleCount:10.0]]
[2024.03.17-15.39.59:014][  0]LogConfig: Setting CVar [[r.SkyAtmosphere.MultiScatteringLUT.SampleCount:15.0]]
[2024.03.17-15.39.59:014][  0]LogConfig: Setting CVar [[r.SkyLight.RealTimeReflectionCapture:1]]
[2024.03.17-15.39.59:014][  0]LogConfig: Applying CVar settings from Section [FoliageQuality@3] File [D:/GitHub/NetShootRewrite/Saved/Config/Windows/Scalability.ini]
[2024.03.17-15.39.59:014][  0]LogConfig: Setting CVar [[foliage.DensityScale:1.0]]
[2024.03.17-15.39.59:014][  0]LogConfig: Setting CVar [[grass.DensityScale:1.0]]
[2024.03.17-15.39.59:014][  0]LogConfig: Applying CVar settings from Section [ShadingQuality@3] File [D:/GitHub/NetShootRewrite/Saved/Config/Windows/Scalability.ini]
[2024.03.17-15.39.59:014][  0]LogConfig: Setting CVar [[r.HairStrands.SkyLighting.IntegrationType:2]]
[2024.03.17-15.39.59:014][  0]LogConfig: Setting CVar [[r.HairStrands.SkyAO.SampleCount:4]]
[2024.03.17-15.39.59:014][  0]LogConfig: Setting CVar [[r.HairStrands.Visibility.MSAA.SamplePerPixel:4]]
[2024.03.17-15.39.59:014][  0]LogInit: Selected Device Profile: [Windows]
[2024.03.17-15.39.59:014][  0]LogInit: Applying CVar settings loaded from the selected device profile: [Windows]
[2024.03.17-15.39.59:014][  0]LogHAL: Display: Platform has ~ 16 GB [17105735680 / 17179869184 / 16], which maps to Larger [LargestMinGB=32, LargerMinGB=12, DefaultMinGB=8, SmallerMinGB=6, SmallestMinGB=0)
[2024.03.17-15.39.59:014][  0]LogInit: Going up to parent DeviceProfile []
[2024.03.17-15.39.59:014][  0]LogConfig: Applying CVar settings from Section [ViewDistanceQuality@3] File [D:/GitHub/NetShootRewrite/Saved/Config/Windows/Scalability.ini]
[2024.03.17-15.39.59:014][  0]LogConfig: Setting CVar [[r.SkeletalMeshLODBias:0]]
[2024.03.17-15.39.59:014][  0]LogConfig: Setting CVar [[r.ViewDistanceScale:1.0]]
[2024.03.17-15.39.59:014][  0]LogConfig: Applying CVar settings from Section [AntiAliasingQuality@3] File [D:/GitHub/NetShootRewrite/Saved/Config/Windows/Scalability.ini]
[2024.03.17-15.39.59:014][  0]LogConfig: Setting CVar [[r.PostProcessAAQuality:4]]
[2024.03.17-15.39.59:014][  0]LogConfig: Applying CVar settings from Section [ShadowQuality@3] File [D:/GitHub/NetShootRewrite/Saved/Config/Windows/Scalability.ini]
[2024.03.17-15.39.59:014][  0]LogConfig: Setting CVar [[r.LightFunctionQuality:1]]
[2024.03.17-15.39.59:014][  0]LogConfig: Setting CVar [[r.ShadowQuality:5]]
[2024.03.17-15.39.59:014][  0]LogConfig: Setting CVar [[r.Shadow.CSM.MaxCascades:10]]
[2024.03.17-15.39.59:014][  0]LogConfig: Setting CVar [[r.Shadow.MaxResolution:2048]]
[2024.03.17-15.39.59:014][  0]LogConfig: Setting CVar [[r.Shadow.MaxCSMResolution:2048]]
[2024.03.17-15.39.59:014][  0]LogConfig: Setting CVar [[r.Shadow.RadiusThreshold:0.01]]
[2024.03.17-15.39.59:014][  0]LogConfig: Setting CVar [[r.Shadow.DistanceScale:1.0]]
[2024.03.17-15.39.59:014][  0]LogConfig: Setting CVar [[r.Shadow.CSM.TransitionScale:1.0]]
[2024.03.17-15.39.59:014][  0]LogConfig: Setting CVar [[r.Shadow.PreShadowResolutionFactor:1.0]]
[2024.03.17-15.39.59:015][  0]LogConfig: Setting CVar [[r.DistanceFieldShadowing:1]]
[2024.03.17-15.39.59:015][  0]LogConfig: Setting CVar [[r.DistanceFieldAO:1]]
[2024.03.17-15.39.59:015][  0]LogConfig: Setting CVar [[r.AOQuality:2]]
[2024.03.17-15.39.59:015][  0]LogConfig: Setting CVar [[r.VolumetricFog:1]]
[2024.03.17-15.39.59:015][  0]LogConfig: Setting CVar [[r.VolumetricFog.GridPixelSize:8]]
[2024.03.17-15.39.59:015][  0]LogConfig: Setting CVar [[r.VolumetricFog.GridSizeZ:128]]
[2024.03.17-15.39.59:015][  0]LogConfig: Setting CVar [[r.VolumetricFog.HistoryMissSupersampleCount:4]]
[2024.03.17-15.39.59:015][  0]LogConfig: Setting CVar [[r.LightMaxDrawDistanceScale:1]]
[2024.03.17-15.39.59:015][  0]LogConfig: Setting CVar [[r.CapsuleShadows:1]]
[2024.03.17-15.39.59:015][  0]LogConfig: Applying CVar settings from Section [PostProcessQuality@3] File [D:/GitHub/NetShootRewrite/Saved/Config/Windows/Scalability.ini]
[2024.03.17-15.39.59:015][  0]LogConfig: Setting CVar [[r.MotionBlurQuality:4]]
[2024.03.17-15.39.59:015][  0]LogConfig: Setting CVar [[r.AmbientOcclusionMipLevelFactor:0.4]]
[2024.03.17-15.39.59:015][  0]LogConfig: Setting CVar [[r.AmbientOcclusionMaxQuality:100]]
[2024.03.17-15.39.59:015][  0]LogConfig: Setting CVar [[r.AmbientOcclusionLevels:-1]]
[2024.03.17-15.39.59:015][  0]LogConfig: Setting CVar [[r.AmbientOcclusionRadiusScale:1.0]]
[2024.03.17-15.39.59:015][  0]LogConfig: Setting CVar [[r.DepthOfFieldQuality:2]]
[2024.03.17-15.39.59:015][  0]LogConfig: Setting CVar [[r.RenderTargetPoolMin:400]]
[2024.03.17-15.39.59:015][  0]LogConfig: Setting CVar [[r.LensFlareQuality:2]]
[2024.03.17-15.39.59:015][  0]LogConfig: Setting CVar [[r.SceneColorFringeQuality:1]]
[2024.03.17-15.39.59:015][  0]LogConfig: Setting CVar [[r.EyeAdaptationQuality:2]]
[2024.03.17-15.39.59:015][  0]LogConfig: Setting CVar [[r.BloomQuality:5]]
[2024.03.17-15.39.59:015][  0]LogConfig: Setting CVar [[r.FastBlurThreshold:100]]
[2024.03.17-15.39.59:015][  0]LogConfig: Setting CVar [[r.Upscale.Quality:3]]
[2024.03.17-15.39.59:015][  0]LogConfig: Setting CVar [[r.Tonemapper.GrainQuantization:1]]
[2024.03.17-15.39.59:015][  0]LogConfig: Setting CVar [[r.LightShaftQuality:1]]
[2024.03.17-15.39.59:015][  0]LogConfig: Setting CVar [[r.Filter.SizeScale:1]]
[2024.03.17-15.39.59:015][  0]LogConfig: Setting CVar [[r.Tonemapper.Quality:5]]
[2024.03.17-15.39.59:015][  0]LogConfig: Setting CVar [[r.DOF.Gather.AccumulatorQuality:1        ; higher gathering accumulator quality]]
[2024.03.17-15.39.59:015][  0]LogConfig: Setting CVar [[r.DOF.Gather.PostfilterMethod:1          ; Median3x3 postfilering method]]
[2024.03.17-15.39.59:015][  0]LogConfig: Setting CVar [[r.DOF.Gather.EnableBokehSettings:0       ; no bokeh simulation when gathering]]
[2024.03.17-15.39.59:015][  0]LogConfig: Setting CVar [[r.DOF.Gather.RingCount:4                 ; medium number of samples when gathering]]
[2024.03.17-15.39.59:015][  0]LogConfig: Setting CVar [[r.DOF.Scatter.ForegroundCompositing:1    ; additive foreground scattering]]
[2024.03.17-15.39.59:015][  0]LogConfig: Setting CVar [[r.DOF.Scatter.BackgroundCompositing:2    ; additive background scattering]]
[2024.03.17-15.39.59:015][  0]LogConfig: Setting CVar [[r.DOF.Scatter.EnableBokehSettings:1      ; bokeh simulation when scattering]]
[2024.03.17-15.39.59:015][  0]LogConfig: Setting CVar [[r.DOF.Scatter.MaxSpriteRatio:0.1         ; only a maximum of 10% of scattered bokeh]]
[2024.03.17-15.39.59:015][  0]LogConfig: Setting CVar [[r.DOF.Recombine.Quality:1                ; cheap slight out of focus]]
[2024.03.17-15.39.59:015][  0]LogConfig: Setting CVar [[r.DOF.Recombine.EnableBokehSettings:0    ; no bokeh simulation on slight out of focus]]
[2024.03.17-15.39.59:015][  0]LogConfig: Setting CVar [[r.DOF.TemporalAAQuality:1                ; more stable temporal accumulation]]
[2024.03.17-15.39.59:015][  0]LogConfig: Setting CVar [[r.DOF.Kernel.MaxForegroundRadius:0.025]]
[2024.03.17-15.39.59:015][  0]LogConfig: Setting CVar [[r.DOF.Kernel.MaxBackgroundRadius:0.025]]
[2024.03.17-15.39.59:015][  0]LogConfig: Applying CVar settings from Section [TextureQuality@3] File [D:/GitHub/NetShootRewrite/Saved/Config/Windows/Scalability.ini]
[2024.03.17-15.39.59:015][  0]LogConfig: Setting CVar [[r.Streaming.MipBias:0]]
[2024.03.17-15.39.59:015][  0]LogConfig: Setting CVar [[r.Streaming.AmortizeCPUToGPUCopy:0]]
[2024.03.17-15.39.59:015][  0]LogConfig: Setting CVar [[r.Streaming.MaxNumTexturesToStreamPerFrame:0]]
[2024.03.17-15.39.59:015][  0]LogConfig: Setting CVar [[r.Streaming.Boost:1]]
[2024.03.17-15.39.59:015][  0]LogConfig: Setting CVar [[r.MaxAnisotropy:8]]
[2024.03.17-15.39.59:015][  0]LogConfig: Setting CVar [[r.VT.MaxAnisotropy:8]]
[2024.03.17-15.39.59:015][  0]LogConfig: Setting CVar [[r.Streaming.LimitPoolSizeToVRAM:0]]
[2024.03.17-15.39.59:015][  0]LogConfig: Setting CVar [[r.Streaming.PoolSize:1000]]
[2024.03.17-15.39.59:015][  0]LogConfig: Setting CVar [[r.Streaming.MaxEffectiveScreenSize:0]]
[2024.03.17-15.39.59:015][  0]LogConfig: Applying CVar settings from Section [EffectsQuality@3] File [D:/GitHub/NetShootRewrite/Saved/Config/Windows/Scalability.ini]
[2024.03.17-15.39.59:015][  0]LogConfig: Setting CVar [[r.TranslucencyLightingVolumeDim:64]]
[2024.03.17-15.39.59:015][  0]LogConfig: Setting CVar [[r.RefractionQuality:2]]
[2024.03.17-15.39.59:015][  0]LogConfig: Setting CVar [[r.SSR.Quality:3]]
[2024.03.17-15.39.59:015][  0]LogConfig: Setting CVar [[r.SSR.HalfResSceneColor:0]]
[2024.03.17-15.39.59:015][  0]LogConfig: Setting CVar [[r.SceneColorFormat:4]]
[2024.03.17-15.39.59:015][  0]LogConfig: Setting CVar [[r.DetailMode:2]]
[2024.03.17-15.39.59:015][  0]LogConfig: Setting CVar [[r.TranslucencyVolumeBlur:1]]
[2024.03.17-15.39.59:015][  0]LogConfig: Setting CVar [[r.MaterialQualityLevel:1 ; High quality]]
[2024.03.17-15.39.59:015][  0]LogConfig: Setting CVar [[r.AnisotropicMaterials:1]]
[2024.03.17-15.39.59:015][  0]LogConfig: Setting CVar [[r.SSS.Scale:1]]
[2024.03.17-15.39.59:015][  0]LogConfig: Setting CVar [[r.SSS.SampleSet:2]]
[2024.03.17-15.39.59:015][  0]LogConfig: Setting CVar [[r.SSS.Quality:1]]
[2024.03.17-15.39.59:015][  0]LogConfig: Setting CVar [[r.SSS.HalfRes:0]]
[2024.03.17-15.39.59:015][  0]LogConfig: Setting CVar [[r.SSGI.Quality:3]]
[2024.03.17-15.39.59:015][  0]LogConfig: Setting CVar [[r.EmitterSpawnRateScale:1.0]]
[2024.03.17-15.39.59:015][  0]LogConfig: Setting CVar [[r.ParticleLightQuality:2]]
[2024.03.17-15.39.59:015][  0]LogConfig: Setting CVar [[r.SkyAtmosphere.AerialPerspectiveLUT.FastApplyOnOpaque:1 ; Always have FastSkyLUT 1 in this case to avoid wrong sky]]
[2024.03.17-15.39.59:015][  0]LogConfig: Setting CVar [[r.SkyAtmosphere.AerialPerspectiveLUT.SampleCountMaxPerSlice:4]]
[2024.03.17-15.39.59:015][  0]LogConfig: Setting CVar [[r.SkyAtmosphere.AerialPerspectiveLUT.DepthResolution:16.0]]
[2024.03.17-15.39.59:015][  0]LogConfig: Setting CVar [[r.SkyAtmosphere.FastSkyLUT:1]]
[2024.03.17-15.39.59:015][  0]LogConfig: Setting CVar [[r.SkyAtmosphere.FastSkyLUT.SampleCountMin:4.0]]
[2024.03.17-15.39.59:015][  0]LogConfig: Setting CVar [[r.SkyAtmosphere.FastSkyLUT.SampleCountMax:128.0]]
[2024.03.17-15.39.59:015][  0]LogConfig: Setting CVar [[r.SkyAtmosphere.SampleCountMin:4.0]]
[2024.03.17-15.39.59:015][  0]LogConfig: Setting CVar [[r.SkyAtmosphere.SampleCountMax:128.0]]
[2024.03.17-15.39.59:015][  0]LogConfig: Setting CVar [[r.SkyAtmosphere.TransmittanceLUT.UseSmallFormat:0]]
[2024.03.17-15.39.59:015][  0]LogConfig: Setting CVar [[r.SkyAtmosphere.TransmittanceLUT.SampleCount:10.0]]
[2024.03.17-15.39.59:015][  0]LogConfig: Setting CVar [[r.SkyAtmosphere.MultiScatteringLUT.SampleCount:15.0]]
[2024.03.17-15.39.59:015][  0]LogConfig: Setting CVar [[r.SkyLight.RealTimeReflectionCapture:1]]
[2024.03.17-15.39.59:015][  0]LogConfig: Applying CVar settings from Section [FoliageQuality@3] File [D:/GitHub/NetShootRewrite/Saved/Config/Windows/Scalability.ini]
[2024.03.17-15.39.59:015][  0]LogConfig: Setting CVar [[foliage.DensityScale:1.0]]
[2024.03.17-15.39.59:015][  0]LogConfig: Setting CVar [[grass.DensityScale:1.0]]
[2024.03.17-15.39.59:015][  0]LogConfig: Applying CVar settings from Section [ShadingQuality@3] File [D:/GitHub/NetShootRewrite/Saved/Config/Windows/Scalability.ini]
[2024.03.17-15.39.59:015][  0]LogConfig: Setting CVar [[r.HairStrands.SkyLighting.IntegrationType:2]]
[2024.03.17-15.39.59:015][  0]LogConfig: Setting CVar [[r.HairStrands.SkyAO.SampleCount:4]]
[2024.03.17-15.39.59:015][  0]LogConfig: Setting CVar [[r.HairStrands.Visibility.MSAA.SamplePerPixel:4]]
[2024.03.17-15.39.59:015][  0]LogConfig: Applying CVar settings from Section [Startup] File [../../../Engine/Config/ConsoleVariables.ini]
[2024.03.17-15.39.59:016][  0]LogConfig: Setting CVar [[net.UseAdaptiveNetUpdateFrequency:0]]
[2024.03.17-15.39.59:016][  0]LogConfig: Setting CVar [[p.chaos.AllowCreatePhysxBodies:1]]
[2024.03.17-15.39.59:016][  0]LogConfig: Setting CVar [[fx.SkipVectorVMBackendOptimizations:1]]
[2024.03.17-15.39.59:016][  0]LogConfig: Applying CVar settings from Section [ConsoleVariables] File [D:/GitHub/NetShootRewrite/Saved/Config/Windows/Engine.ini]
[2024.03.17-15.39.59:016][  0]LogConfig: Applying CVar settings from Section [ConsoleVariables] File [D:/GitHub/NetShootRewrite/Saved/Config/Windows/Editor.ini]
[2024.03.17-15.39.59:016][  0]LogInit: Computer: DESKTOP-6POMQQ5
[2024.03.17-15.39.59:016][  0]LogInit: User: ZTT
[2024.03.17-15.39.59:016][  0]LogInit: CPU Page size=4096, Cores=6
[2024.03.17-15.39.59:016][  0]LogInit: High frequency timer resolution =10.000000 MHz
[2024.03.17-15.39.59:016][  0]LogMemory: Memory total: Physical=15.9GB (16GB approx)
[2024.03.17-15.39.59:016][  0]LogMemory: Platform Memory Stats for Windows
[2024.03.17-15.39.59:016][  0]LogMemory: Process Physical Memory: 143.76 MB used, 143.76 MB peak
[2024.03.17-15.39.59:016][  0]LogMemory: Process Virtual Memory: 112.36 MB used, 112.36 MB peak
[2024.03.17-15.39.59:016][  0]LogMemory: Physical Memory: 14809.32 MB used,  1503.98 MB free, 16313.30 MB total
[2024.03.17-15.39.59:016][  0]LogMemory: Virtual Memory: 134205736.00 MB used,  11993.73 MB free, 134217728.00 MB total
[2024.03.17-15.39.59:022][  0]LogWindows: WindowsPlatformFeatures enabled
[2024.03.17-15.39.59:050][  0]LogInit: Physics initialised using underlying interface: PhysX
[2024.03.17-15.39.59:051][  0]LogInit: Overriding language with editor language configuration option (zh-Hans).
[2024.03.17-15.39.59:051][  0]LogInit: Using OS detected locale (zh-CN).
[2024.03.17-15.39.59:122][  0]LogTextLocalizationResource: LocRes '../../../Engine/Content/Localization/Editor/zh/Editor.locres' could not be opened for reading!
[2024.03.17-15.39.59:122][  0]LogTextLocalizationResource: LocRes '../../../Engine/Content/Localization/EditorTutorials/zh/EditorTutorials.locres' could not be opened for reading!
[2024.03.17-15.39.59:122][  0]LogTextLocalizationResource: LocRes '../../../Engine/Content/Localization/Keywords/zh/Keywords.locres' could not be opened for reading!
[2024.03.17-15.39.59:122][  0]LogTextLocalizationResource: LocRes '../../../Engine/Content/Localization/Category/zh/Category.locres' could not be opened for reading!
[2024.03.17-15.39.59:123][  0]LogTextLocalizationResource: LocRes '../../../Engine/Content/Localization/ToolTips/zh/ToolTips.locres' could not be opened for reading!
[2024.03.17-15.39.59:123][  0]LogTextLocalizationResource: LocRes '../../../Engine/Content/Localization/Engine/zh/Engine.locres' could not be opened for reading!
[2024.03.17-15.39.59:123][  0]LogTextLocalizationResource: LocRes '../../../Engine/Plugins/Online/OnlineSubsystem/Content/Localization/OnlineSubsystem/zh/OnlineSubsystem.locres' could not be opened for reading!
[2024.03.17-15.39.59:123][  0]LogTextLocalizationResource: LocRes '../../../Engine/Plugins/Online/OnlineSubsystemUtils/Content/Localization/OnlineSubsystemUtils/zh/OnlineSubsystemUtils.locres' could not be opened for reading!
[2024.03.17-15.39.59:123][  0]LogTextLocalizationResource: LocRes '../../../Engine/Plugins/Online/Android/OnlineSubsystemGooglePlay/Content/Localization/OnlineSubsystemGooglePlay/zh/OnlineSubsystemGooglePlay.locres' could not be opened for reading!
[2024.03.17-15.39.59:123][  0]LogTextLocalizationResource: LocRes '../../../Engine/Plugins/Online/IOS/OnlineSubsystemIOS/Content/Localization/OnlineSubsystemIOS/zh/OnlineSubsystemIOS.locres' could not be opened for reading!
[2024.03.17-15.39.59:150][  0]LogInit: Setting process to per monitor DPI aware
[2024.03.17-15.39.59:247][  0]LogWindowsTextInputMethodSystem: Display: IME system deactivated.
[2024.03.17-15.39.59:262][  0]LogSlate: New Slate User Created.  User Index 0, Is Virtual User: 0
[2024.03.17-15.39.59:262][  0]LogSlate: Slate User Registered.  User Index 0, Is Virtual User: 0
[2024.03.17-15.39.59:466][  0]LogD3D11RHI: Loaded GFSDK_Aftermath_Lib.x64.dll
[2024.03.17-15.39.59:470][  0]LogHMD: Failed to initialize OpenVR with code 110
[2024.03.17-15.39.59:470][  0]LogD3D11RHI: D3D11 min allowed feature level: 11_0
[2024.03.17-15.39.59:470][  0]LogD3D11RHI: D3D11 max allowed feature level: 11_0
[2024.03.17-15.39.59:470][  0]LogD3D11RHI: D3D11 adapters:
[2024.03.17-15.39.59:708][  0]LogD3D11RHI:    0. 'NVIDIA GeForce GTX 1660 Ti' (Feature Level 11_0)
[2024.03.17-15.39.59:708][  0]LogD3D11RHI:       5979/0/8156 MB DedicatedVideo/DedicatedSystem/SharedSystem, Outputs:1, VendorId:0x10de
[2024.03.17-15.39.59:711][  0]LogD3D11RHI:    1. 'Microsoft Basic Render Driver' (Feature Level 11_0)
[2024.03.17-15.39.59:711][  0]LogD3D11RHI:       0/0/8156 MB DedicatedVideo/DedicatedSystem/SharedSystem, Outputs:0, VendorId:0x1414
[2024.03.17-15.39.59:844][  0]LogD3D11RHI:    2. 'NVIDIA GeForce GTX 1660 Ti' (Feature Level 11_0)
[2024.03.17-15.39.59:844][  0]LogD3D11RHI:       5979/0/8156 MB DedicatedVideo/DedicatedSystem/SharedSystem, Outputs:0, VendorId:0x10de
[2024.03.17-15.39.59:844][  0]LogD3D11RHI: Chosen D3D11 Adapter:
[2024.03.17-15.39.59:844][  0]LogD3D11RHI:     Description : NVIDIA GeForce GTX 1660 Ti
[2024.03.17-15.39.59:844][  0]LogD3D11RHI:     VendorId    : 10de
[2024.03.17-15.39.59:844][  0]LogD3D11RHI:     DeviceId    : 2182
[2024.03.17-15.39.59:844][  0]LogD3D11RHI:     SubSysId    : 3fbe1458
[2024.03.17-15.39.59:844][  0]LogD3D11RHI:     Revision    : 00a1
[2024.03.17-15.39.59:844][  0]LogD3D11RHI:     DedicatedVideoMemory : 6269435904 bytes
[2024.03.17-15.39.59:844][  0]LogD3D11RHI:     DedicatedSystemMemory : 0 bytes
[2024.03.17-15.39.59:844][  0]LogD3D11RHI:     SharedSystemMemory : 8552867840 bytes
[2024.03.17-15.39.59:844][  0]LogD3D11RHI:     AdapterLuid : 0 51604
[2024.03.17-15.39.59:850][  0]LogD3D11RHI: Creating new Direct3DDevice
[2024.03.17-15.39.59:850][  0]LogD3D11RHI:     GPU DeviceId: 0x2182 (for the marketing name, search the web for "GPU Device Id")
[2024.03.17-15.39.59:850][  0]LogWindows: EnumDisplayDevices:
[2024.03.17-15.39.59:851][  0]LogWindows:    0. 'NVIDIA GeForce GTX 1660 Ti' (P:1 D:1)
[2024.03.17-15.39.59:851][  0]LogWindows:    1. 'NVIDIA GeForce GTX 1660 Ti' (P:0 D:0)
[2024.03.17-15.39.59:852][  0]LogWindows:    2. 'NVIDIA GeForce GTX 1660 Ti' (P:0 D:0)
[2024.03.17-15.39.59:852][  0]LogWindows:    3. 'NVIDIA GeForce GTX 1660 Ti' (P:0 D:0)
[2024.03.17-15.39.59:853][  0]LogWindows:    4. 'OrayIddDriver Device' (P:0 D:0)
[2024.03.17-15.39.59:853][  0]LogWindows:    5. 'OrayIddDriver Device' (P:0 D:0)
[2024.03.17-15.39.59:854][  0]LogWindows:    6. 'OrayIddDriver Device' (P:0 D:0)
[2024.03.17-15.39.59:855][  0]LogWindows:    7. 'OrayIddDriver Device' (P:0 D:0)
[2024.03.17-15.39.59:855][  0]LogWindows:    8. 'OrayIddDriver Device' (P:0 D:0)
[2024.03.17-15.39.59:855][  0]LogWindows: DebugString: GetVideoDriverDetailsInvalid PrimaryIsNotTheChoosenAdapter GetVideoDriverDetailsInvalid PrimaryIsNotTheChoosenAdapter GetVideoDriverDetailsInvalid PrimaryIsNotTheChoosenAdapter GetVideoDriverDetailsInvalid PrimaryIsNotTheChoosenAdapter GetVideoDriverDetailsInvalid PrimaryIsNotTheChoosenAdapter FoundDriverCount:4 
[2024.03.17-15.39.59:855][  0]LogD3D11RHI:     Adapter Name: NVIDIA GeForce GTX 1660 Ti
[2024.03.17-15.39.59:856][  0]LogD3D11RHI:   Driver Version: 536.23 (internal:31.0.15.3623, unified:536.23)
[2024.03.17-15.39.59:856][  0]LogD3D11RHI:      Driver Date: 6-8-2023
[2024.03.17-15.39.59:856][  0]LogRHI: Texture pool is 4185 MB (70% of 5979 MB)
[2024.03.17-15.39.59:856][  0]LogD3D11RHI: Creating D3DDevice using adapter:
[2024.03.17-15.39.59:856][  0]LogD3D11RHI:     Description : NVIDIA GeForce GTX 1660 Ti
[2024.03.17-15.39.59:856][  0]LogD3D11RHI:     VendorId    : 10de
[2024.03.17-15.39.59:856][  0]LogD3D11RHI:     DeviceId    : 2182
[2024.03.17-15.39.59:856][  0]LogD3D11RHI:     SubSysId    : 3fbe1458
[2024.03.17-15.39.59:856][  0]LogD3D11RHI:     Revision    : 00a1
[2024.03.17-15.39.59:856][  0]LogD3D11RHI:     DedicatedVideoMemory : 6269435904 bytes
[2024.03.17-15.39.59:856][  0]LogD3D11RHI:     DedicatedSystemMemory : 0 bytes
[2024.03.17-15.39.59:856][  0]LogD3D11RHI:     SharedSystemMemory : 8552867840 bytes
[2024.03.17-15.39.59:856][  0]LogD3D11RHI:     AdapterLuid : 0 51604
[2024.03.17-15.39.59:970][  0]LogD3D11RHI: RHI has support for 64 bit atomics
[2024.03.17-15.39.59:970][  0]LogD3D11RHI: Async texture creation enabled
[2024.03.17-15.39.59:970][  0]LogD3D11RHI: Array index from any shader is supported
[2024.03.17-15.39.59:972][  0]LogD3D11RHI: HDR output is supported on display 0 (NvId: 0x80061086).
[2024.03.17-15.39.59:987][  0]LogD3D11RHI: GPU Timing Frequency: 1000.000000 (Debug: 2 1)
[2024.03.17-15.40.00:054][  0]LogRHI: GeForceNow SDK initialized: 1
[2024.03.17-15.40.00:368][  0]LogTargetPlatformManager: Display: Loaded TargetPlatform 'AllDesktop'
[2024.03.17-15.40.00:388][  0]LogTargetPlatformManager: Display: Loaded TargetPlatform 'Android'
[2024.03.17-15.40.00:388][  0]LogTargetPlatformManager: Display: Loaded TargetPlatform 'Android_ASTC'
[2024.03.17-15.40.00:388][  0]LogTargetPlatformManager: Display: Loaded TargetPlatform 'Android_DXT'
[2024.03.17-15.40.00:388][  0]LogTargetPlatformManager: Display: Loaded TargetPlatform 'Android_ETC2'
[2024.03.17-15.40.00:388][  0]LogTargetPlatformManager: Display: Loaded TargetPlatform 'AndroidClient'
[2024.03.17-15.40.00:388][  0]LogTargetPlatformManager: Display: Loaded TargetPlatform 'Android_ASTCClient'
[2024.03.17-15.40.00:388][  0]LogTargetPlatformManager: Display: Loaded TargetPlatform 'Android_DXTClient'
[2024.03.17-15.40.00:388][  0]LogTargetPlatformManager: Display: Loaded TargetPlatform 'Android_ETC2Client'
[2024.03.17-15.40.00:388][  0]LogTargetPlatformManager: Display: Loaded TargetPlatform 'Android_Multi'
[2024.03.17-15.40.00:388][  0]LogTargetPlatformManager: Display: Loaded TargetPlatform 'Android_MultiClient'
[2024.03.17-15.40.00:405][  0]LogTargetPlatformManager: Display: Loaded TargetPlatform 'IOSClient'
[2024.03.17-15.40.00:405][  0]LogTargetPlatformManager: Display: Loaded TargetPlatform 'IOS'
[2024.03.17-15.40.00:429][  0]LogTargetPlatformManager: Display: Loaded TargetPlatform 'Lumin'
[2024.03.17-15.40.00:429][  0]LogTargetPlatformManager: Display: Loaded TargetPlatform 'LuminClient'
[2024.03.17-15.40.00:438][  0]LogTargetPlatformManager: Display: Loaded TargetPlatform 'MacNoEditor'
[2024.03.17-15.40.00:442][  0]LogTargetPlatformManager: Display: Loaded TargetPlatform 'Mac'
[2024.03.17-15.40.00:447][  0]LogTargetPlatformManager: Display: Loaded TargetPlatform 'MacClient'
[2024.03.17-15.40.00:452][  0]LogTargetPlatformManager: Display: Loaded TargetPlatform 'MacServer'
[2024.03.17-15.40.00:461][  0]LogTargetPlatformManager: Display: Loaded TargetPlatform 'TVOSClient'
[2024.03.17-15.40.00:461][  0]LogTargetPlatformManager: Display: Loaded TargetPlatform 'TVOS'
[2024.03.17-15.40.00:471][  0]LogTargetPlatformManager: Display: Loaded TargetPlatform 'WindowsNoEditor'
[2024.03.17-15.40.00:476][  0]LogTargetPlatformManager: Display: Loaded TargetPlatform 'Windows'
[2024.03.17-15.40.00:480][  0]LogTargetPlatformManager: Display: Loaded TargetPlatform 'WindowsClient'
[2024.03.17-15.40.00:485][  0]LogTargetPlatformManager: Display: Loaded TargetPlatform 'WindowsServer'
[2024.03.17-15.40.00:485][  0]LogTargetPlatformManager: Display: Building Assets For Windows
[2024.03.17-15.40.00:493][  0]LogAudioDebug: Display: Lib vorbis DLL was dynamically loaded.
[2024.03.17-15.40.00:543][  0]LogTextureFormatOodle: Display: Oodle Texture 2.9.0 init RDO Off
[2024.03.17-15.40.00:578][  0]LogRendererCore: Ray tracing is disabled. Reason: r.RayTracing=0.
[2024.03.17-15.40.00:578][  0]LogShaderCompilers: Guid format shader working directory is 19 characters bigger than the processId version (D:/GitHub/NetShootRewrite/Intermediate/Shaders/WorkingDirectory/5380/).
[2024.03.17-15.40.00:578][  0]LogShaderCompilers: Cleaned the shader compiler working directory 'C:/Users/ZTT/AppData/Local/Temp/UnrealShaderWorkingDir/2736F3694A0D74BEDD81D8A4109B922A/'.
[2024.03.17-15.40.00:579][  0]LogShaderCompilers: Display: Using XGE Controller for Shader Compilation.
[2024.03.17-15.40.01:238][  0]LogDerivedDataCache: Display: Max Cache Size: 512 MB
[2024.03.17-15.40.01:287][  0]LogDerivedDataCache: Loaded boot cache 0.05s 94MB D:/GitHub/NetShootRewrite/DerivedDataCache/Boot.ddc.
[2024.03.17-15.40.01:287][  0]LogDerivedDataCache: Display: Loaded Boot cache: D:/GitHub/NetShootRewrite/DerivedDataCache/Boot.ddc
[2024.03.17-15.40.01:287][  0]LogDerivedDataCache: FDerivedDataBackendGraph:  Pak pak cache file D:/GitHub/NetShootRewrite/DerivedDataCache/DDC.ddp not found, will not use a pak cache.
[2024.03.17-15.40.01:287][  0]LogDerivedDataCache: Unable to find inner node Pak for hierarchical cache Hierarchy.
[2024.03.17-15.40.01:287][  0]LogDerivedDataCache: FDerivedDataBackendGraph:  EnginePak pak cache file ../../../Engine/DerivedDataCache/DDC.ddp not found, will not use a pak cache.
[2024.03.17-15.40.01:287][  0]LogDerivedDataCache: Unable to find inner node EnginePak for hierarchical cache Hierarchy.
[2024.03.17-15.40.01:295][  0]LogDerivedDataCache: Speed tests for ../../../Engine/DerivedDataCache took 0.01 seconds
[2024.03.17-15.40.01:295][  0]LogDerivedDataCache: Display: Performance to ../../../Engine/DerivedDataCache: Latency=0.07ms. RandomReadSpeed=722.26MBs, RandomWriteSpeed=161.81MBs. Assigned SpeedClass 'Local'
[2024.03.17-15.40.01:296][  0]LogDerivedDataCache: Using Local data cache path ../../../Engine/DerivedDataCache: Writable
[2024.03.17-15.40.01:296][  0]LogDerivedDataCache: Shared data cache path not found in *engine.ini, will not use an Shared cache.
[2024.03.17-15.40.01:296][  0]LogDerivedDataCache: Unable to find inner node Shared for hierarchical cache Hierarchy.
[2024.03.17-15.40.01:338][  0]LogSlate: Using FreeType 2.10.0
[2024.03.17-15.40.01:339][  0]LogSlate: SlateFontServices - WITH_FREETYPE: 1, WITH_HARFBUZZ: 1
[2024.03.17-15.40.01:366][  0]LogAssetRegistry: FAssetRegistry took 0.0025 seconds to start up
[2024.03.17-15.40.01:597][  0]LogInit: Selected Device Profile: [Windows]
[2024.03.17-15.40.01:597][  0]LogInit: Active device profile: [00000214840E2D00][00000214F9C3A0C0 49] Windows
[2024.03.17-15.40.01:597][  0]LogInit: Profiles: [00000214840E2D00][00000214F9C3A0C0 49] Windows, [0000021484089600][0000021484FF2200 49] WindowsNoEditor, [00000214840E1500][0000021484FF6340 49] WindowsServer, [000002148408AB00][0000021484FFE4C0 49] WindowsClient, [00000214840E2A00][0000021485002640 49] IOS, [0000021484089A00][00000214850067C0 49] iPadAir, [00000214840E1900][000002148500A940 49] iPadAir2, [0000021483FE3C00][0000021485024C00 49] IPadPro, [0000021483FE3D00][0000021485020C40 49] iPadAir3, [00000214840E2F00][0000021485028DC0 49] iPadAir4, [0000021483FE1900][000002148502CF40 49] iPadMini2, [00000214840E1300][00000214850310C0 49] iPadMini3, [0000021483FE0D00][0000021485035240 49] iPadMini4, [00000214840E0900][00000214850393C0 49] iPadMini5, [000002148404B500][0000021485041680 49] iPhone6, [000002148404B600][000002148503D6C0 49] iPodTouch6, [0000021483FE0700][0000021485049980 49] iPhone7, [0000021483FE0600][00000214850459C0 49] iPodTouch7, [0000021484049800][000002148504DB40 49] iPhone5S, [0000021483FE3600][0000021485050140 49] iPhone6Plus, [000002148404B800][0000021484FFA280 49] iPhone6S, [0000021483FE1B00][00000214850543C0 49] iPhone6SPlus, [0000021484049700][0000021485058500 49] iPhone7Plus, [0000021483FE3100][0000021485060680 49] iPhoneSE, [000002148404A500][0000021485064800 49] iPhone8, [0000021483FE1500][0000021485068980 49] iPhone8Plus, [0000021484049E00][000002148506CB00 49] iPhoneX, [0000021483FE1000][0000021485070C80 49] iPhoneXS, [000002148404A200][0000021485074E00 49] iPhoneXSMax, [0000021483FE0500][0000021485078F80 49] iPhoneXR, [000002148404A100][000002148507D100 49] iPhone11, [0000021483FE2D00][0000021485081280 49] iPhone11Pro, [0000021484049600][0000021485085400 49] iPhone11ProMax, [0000021483FE1D00][0000021485089580 49] iPhoneSE2, [000002148404B200][000002148508D700 49] iPhone12Mini, [0000021483FE1E00][0000021485091880 49] iPhone12, [0000021484048300][0000021485095A00 49] iPhone12Pro, [0000021483FE3500][0000021485099B80 49] iPhone12ProMax, [000002148404BC00][000002148509C180 49] iPadPro105, [0000021483FE0200][00000214850A0300 49] iPadPro129, [0000021484048E00][000002148505C440 49] iPadPro97, [0000021483FE0100][00000214850A4580 49] iPadPro2_129, [000002148404BF00][00000214850A86C0 49] iPad5, [0000021483FE0900][00000214850D0840 49] iPad6, [000002148404BB00][00000214850F49C0 49] iPad7, [0000021483FE2A00][00000214850F8B40 49] iPad8, [000002148404A800][00000214850FCCC0 49] iPadPro11, [0000021483FE0A00][0000021485100E40 49] iPadPro2_11, [0000021484048700][000002148513EFC0 49] iPadPro3_129, [0000021483FE3200][0000021485143140 49] iPadPro4_129, [000002148404BA00][00000214851472C0 49] AppleTV, [0000021483FE0C00][000002148514B440 49] AppleTV4K, [000002148404AC00][000002148514F5C0 49] TVOS, [0000021483FE3000][0000021485153740 49] Mac, [0000021484088E00][00000214851578C0 49] MacClient, [0000021484128800][000002148515BA40 49] MacNoEditor, [0000021484089500][000002148515FBC0 49] MacServer, [0000021484128300][00000214851621C0 49] Linux, [000002148408AD00][0000021485166340 49] LinuxAArch64, [0000021484128B00][000002148516A4C0 49] LinuxNoEditor, [0000021484089D00][00000214850CC600 49] LinuxAArch64NoEditor, [0000021484129500][000002148516E740 49] LinuxClient, [0000021484088500][0000021485172880 49] LinuxAArch64Client, [0000021484129100][00000214851769C0 49] LinuxServer, [000002148408B600][000002148517EB40 49] LinuxAArch64Server, [0000021484129200][0000021485182CC0 49] Android, [0000021484088400][0000021485186E40 49] Android_Low, [0000021484128C00][000002148518AFC0 49] Android_Mid, [0000021484088D00][000002148518F140 49] Android_High, [0000021484129300][00000214851932C0 49] Android_Default, [0000021484088300][0000021485197440 49] Android_Adreno4xx, [0000021484129900][000002148519B5C0 49] Android_Adreno5xx_Low, [000002148408B700][000002148519F740 49] Android_Adreno5xx, [0000021484128900][00000214851A38C0 49] Android_Adreno6xx, [000002148408A200][00000214851A7A40 49] Android_Adreno6xx_Vulkan, [0000021484128F00][00000214851ABBC0 49] Android_Mali_T6xx, [0000021483FE3E00][00000214851AE1C0 49] Android_Mali_T7xx, [0000021484049100][00000214851B2340 49] Android_Mali_T8xx, [0000021483FE2700][00000214851B64C0 49] Android_Mali_G71, [000002148404B300][00000214851BA640 49] Android_Mali_G72, [0000021483FE2000][000002148517A780 49] Android_Mali_G72_Vulkan, [000002148404B900][00000214851BE8C0 49] Android_Mali_G76, [0000021483FE0300][00000214851C2A00 49] Android_Mali_G76_Vulkan, [0000021484049F00][00000214851C6B40 49] Android_Mali_G77, [0000021483FE1700][00000214851CECC0 49] Android_Mali_G77_Vulkan, [000002148404A400][00000214851D2E40 49] Android_Mali_G78, [0000021483FE2400][00000214851D6FC0 49] Android_Mali_G78_Vulkan, [000002148404A700][00000214851DB140 49] Android_Mali_G710, [0000021483FE3800][00000214851DF2C0 49] Android_Mali_G710_Vulkan, [0000021484048900][00000214851E3440 49] Android_Vulkan_SM5, [0000021483FE0F00][00000214851E75C0 49] Android_PowerVR_G6xxx, [0000021484048400][00000214851EB740 49] Android_PowerVR_GT7xxx, [0000021483FE0E00][00000214851EF8C0 49] Android_PowerVR_GE8xxx, [0000021484049A00][00000214851F3A40 49] Android_PowerVR_GM9xxx, [0000021483FE1300][00000214851F7BC0 49] Android_PowerVR_GM9xxx_Vulkan, [0000021484049000][00000214851FA1C0 49] Android_TegraK1, [0000021483FE1F00][00000214851FE340 49] Android_Unknown_Vulkan, [0000021484049400][00000214852024C0 49] Lumin, [0000021483FE2600][0000021485206640 49] Lumin_Desktop, [00000214840E1400][000002148520A7C0 49] HoloLens, 
[2024.03.17-15.40.01:745][  0]LogMeshReduction: Using QuadricMeshReduction for automatic static mesh reduction
[2024.03.17-15.40.01:745][  0]LogMeshReduction: Using SimplygonMeshReduction for automatic skeletal mesh reduction
[2024.03.17-15.40.01:745][  0]LogMeshReduction: Using ProxyLODMeshReduction for automatic mesh merging
[2024.03.17-15.40.01:745][  0]LogMeshReduction: No distributed automatic mesh merging module available
[2024.03.17-15.40.01:745][  0]LogMeshMerging: No distributed automatic mesh merging module available
[2024.03.17-15.40.01:765][  0]LogNetVersion: NetShootRewrite 1.0.0, NetCL: 0, EngineNetVer: 17, GameNetVer: 0 (Checksum: 1486698656)
[2024.03.17-15.40.02:177][  0]LogTexture: Default maximum texture size for cubemaps generated from long-lat sources has been changed from 512 to unlimited. In order to preserve old behaiour for '/Engine/MapTemplates/Sky/DaylightAmbientCubemap.DaylightAmbientCubemap', its maximum texture size has been explicitly set to 512.
[2024.03.17-15.40.02:230][  0]LogHMD: PokeAHoleMaterial loaded successfully
[2024.03.17-15.40.02:236][  0]LogUObjectArray: 17164 objects as part of root set at end of initial load.
[2024.03.17-15.40.02:236][  0]LogUObjectAllocator: 4298528 out of 0 bytes used by permanent object pool.
[2024.03.17-15.40.02:236][  0]LogUObjectArray: CloseDisregardForGC: 0/0 objects in disregard for GC pool
[2024.03.17-15.40.02:543][  0]LogNiagaraDebuggerClient: Niagara Debugger Client Initialized | Session: 4ABE6AEE4F6E2B9B47A4E189468DEBE4 | Instance: 33B400AC4D491C61DAAB0387CF1CB16E (DESKTOP-6POMQQ5-5380).
[2024.03.17-15.40.02:579][  0]LogPython: Using Python 3.7.7
[2024.03.17-15.40.03:129][  0]LogTcpMessaging: Initializing TcpMessaging bridge
[2024.03.17-15.40.03:134][  0]LogUdpMessaging: Initializing bridge on interface 0.0.0.0:0 to multicast group 230.0.0.1:6666.
[2024.03.17-15.40.03:443][  0]SourceControl: 源码管理已禁用
[2024.03.17-15.40.03:443][  0]SourceControl: 源码管理已禁用
[2024.03.17-15.40.03:447][  0]SourceControl: 源码管理已禁用
[2024.03.17-15.40.03:450][  0]SourceControl: 源码管理已禁用
[2024.03.17-15.40.03:460][  0]SourceControl: 源码管理已禁用
[2024.03.17-15.40.03:468][  0]LogUProjectInfo: Found projects:
[2024.03.17-15.40.03:650][  0]LogOpenImageDenoise: OIDN starting up
[2024.03.17-15.40.03:703][  0]LogAndroidPermission: UAndroidPermissionCallbackProxy::GetInstance
[2024.03.17-15.40.03:726][  0]LogAudioCaptureCore: Display: No Audio Capture implementations found. Audio input will be silent.
[2024.03.17-15.40.03:726][  0]LogAudioCaptureCore: Display: No Audio Capture implementations found. Audio input will be silent.
[2024.03.17-15.40.03:847][  0]LogCollectionManager: Loaded 0 collections in 0.001976 seconds
[2024.03.17-15.40.03:880][  0]LogFileCache: Scanning file cache for directory 'D:/GitHub/NetShootRewrite/Saved/Collections/' took 0.00s
[2024.03.17-15.40.03:880][  0]LogFileCache: Scanning file cache for directory 'D:/GitHub/NetShootRewrite/Content/Developers/ZTT/Collections/' took 0.00s
[2024.03.17-15.40.03:880][  0]LogFileCache: Scanning file cache for directory 'D:/GitHub/NetShootRewrite/Content/Collections/' took 0.00s
[2024.03.17-15.40.03:880][  0]LogOcInput: OculusInput pre-init called
[2024.03.17-15.40.04:135][  0]LogEngine: Initializing Engine...
[2024.03.17-15.40.04:162][  0]LogHMD: Failed to enumerate extensions. Please check that you have a valid OpenXR runtime installed.
[2024.03.17-15.40.04:164][  0]LogHMD: Failed to initialize OpenVR with code 110
[2024.03.17-15.40.04:165][  0]LogMagicLeap: Warning: VR disabled because ZI is not enabled.  To enable, in the editor, Edit -> Project Settings -> Plugins -> Magic Leap Plugin -> Enable Zero Iteration
[2024.03.17-15.40.04:168][  0]LogStats: UGameplayTagsManager::InitializeManager -  0.000 s
[2024.03.17-15.40.04:296][  0]LogInit: Initializing FReadOnlyCVARCache
[2024.03.17-15.40.04:305][  0]LogAIModule: Creating AISystem for world Untitled
[2024.03.17-15.40.04:315][  0]LogAudio: Display: Initializing Audio Device Manager...
[2024.03.17-15.40.04:319][  0]LogAudio: Display: Loading Default Audio Settings Objects...
[2024.03.17-15.40.04:320][  0]LogAudio: Display: No default SoundConcurrencyObject specified (or failed to load).
[2024.03.17-15.40.04:320][  0]LogAudio: Display: Audio Device Manager Initialized
[2024.03.17-15.40.04:320][  0]LogAudio: Display: Creating Audio Device:                 Id: 1, Scope: Shared, Realtime: True
[2024.03.17-15.40.04:320][  0]LogAudioMixer: Display: Audio Mixer Platform Settings:
[2024.03.17-15.40.04:320][  0]LogAudioMixer: Display: 	Sample Rate:						  48000
[2024.03.17-15.40.04:320][  0]LogAudioMixer: Display: 	Callback Buffer Frame Size Requested: 1024
[2024.03.17-15.40.04:320][  0]LogAudioMixer: Display: 	Callback Buffer Frame Size To Use:	  1024
[2024.03.17-15.40.04:320][  0]LogAudioMixer: Display: 	Number of buffers to queue:			  2
[2024.03.17-15.40.04:320][  0]LogAudioMixer: Display: 	Max Channels (voices):				  32
[2024.03.17-15.40.04:320][  0]LogAudioMixer: Display: 	Number of Async Source Workers:		  0
[2024.03.17-15.40.04:320][  0]LogAudio: Display: AudioDevice MaxSources: 32
[2024.03.17-15.40.04:321][  0]LogAudio: Display: Audio Spatialization Plugin: None (built-in).
[2024.03.17-15.40.04:321][  0]LogAudio: Display: Audio Reverb Plugin: None (built-in).
[2024.03.17-15.40.04:321][  0]LogAudio: Display: Audio Occlusion Plugin: None (built-in).
[2024.03.17-15.40.04:321][  0]LogAudioMixer: Display: Initializing audio mixer.
[2024.03.17-15.40.04:343][  0]LogAudioMixer: Display: 0: FrontLeft
[2024.03.17-15.40.04:343][  0]LogAudioMixer: Display: 1: FrontRight
[2024.03.17-15.40.04:374][  0]LogAudioMixer: Display: Using Audio Device 扬声器 (Realtek High Definition Audio)
[2024.03.17-15.40.04:376][  0]LogAudioMixer: Display: Initializing Sound Submixes...
[2024.03.17-15.40.04:379][  0]LogAudioMixer: Display: Creating Master Submix 'MasterSubmixDefault'
[2024.03.17-15.40.04:379][  0]LogAudioMixer: Display: Creating Master Submix 'MasterReverbSubmixDefault'
[2024.03.17-15.40.04:380][  0]LogAudioMixer: Display: Creating Master Submix 'MasterEQSubmixDefault'
[2024.03.17-15.40.04:380][  0]LogAudioMixer: FMixerPlatformXAudio2::StartAudioStream() called
[2024.03.17-15.40.04:380][  0]LogAudioMixer: Display: Output buffers initialized: Frames=1024, Channels=2, Samples=2048
[2024.03.17-15.40.04:381][  0]LogAudioMixer: Display: Starting AudioMixerPlatformInterface::RunInternal()
[2024.03.17-15.40.04:381][  0]LogAudioMixer: Display: FMixerPlatformXAudio2::SubmitBuffer() called for the first time
[2024.03.17-15.40.04:381][  0]LogInit: FAudioDevice initialized.
[2024.03.17-15.40.04:381][  0]LogAudio: Display: Audio Device (ID: 1) registered with world 'Untitled'.
[2024.03.17-15.40.04:381][  0]LogNetVersion: Set ProjectVersion to 1.0.0.0. Version Checksum will be recalculated on next use.
[2024.03.17-15.40.06:083][  0]LogDerivedDataCache: Saved boot cache 1.70s 94MB D:/GitHub/NetShootRewrite/DerivedDataCache/Boot.ddc.
[2024.03.17-15.40.06:084][  0]LogInit: Texture streaming: Enabled
[2024.03.17-15.40.06:097][  0]LogAnalytics: Display: [UEEditor.UnrealEngine.Release] APIServer = https://datarouter.ol.epicgames.com/. AppVersion = 4.27.2-0+++UE4+Release-4.27
[2024.03.17-15.40.06:103][  0]LogEngineSessionManager: EngineSessionManager initialized
[2024.03.17-15.40.06:103][  0]LogEditorSessionSummary: Verbose: Initializing EditorSessionSummaryWriter for editor session tracking
[2024.03.17-15.40.06:109][  0]LogEditorSessionSummary: EditorSessionSummaryWriter initialized
[2024.03.17-15.40.06:264][  0]LogInit: Transaction tracking system initialized
[2024.03.17-15.40.06:286][  0]BlueprintLog: New page: 编辑器加载
[2024.03.17-15.40.06:351][  0]LocalizationService: 本地化服务已禁用
[2024.03.17-15.40.06:375][  0]TimingProfiler: Initialize
[2024.03.17-15.40.06:375][  0]TimingProfiler: OnSessionChanged
[2024.03.17-15.40.06:375][  0]LoadingProfiler: Initialize
[2024.03.17-15.40.06:375][  0]LoadingProfiler: OnSessionChanged
[2024.03.17-15.40.06:375][  0]NetworkingProfiler: Initialize
[2024.03.17-15.40.06:375][  0]NetworkingProfiler: OnSessionChanged
[2024.03.17-15.40.06:375][  0]MemoryProfiler: Initialize
[2024.03.17-15.40.06:375][  0]MemoryProfiler: OnSessionChanged
[2024.03.17-15.40.06:538][  0]LogCook: Display: CookSettings for Memory: MemoryMaxUsedVirtual 0MiB, MemoryMaxUsedPhysical 16384MiB, MemoryMinFreeVirtual 0MiB, MemoryMinFreePhysical 1024MiB
[2024.03.17-15.40.06:538][  0]LogCook: Display: Mobile HDR setting 1
[2024.03.17-15.40.06:741][  0]LogFileCache: Scanning file cache for directory 'D:/GitHub/NetShootRewrite/Content/' took 0.01s
[2024.03.17-15.40.06:947][  0]LogInit: Display: Engine is initialized. Leaving FEngineLoop::Init()
[2024.03.17-15.40.06:952][  0]SourceControl: 源码管理已禁用
[2024.03.17-15.40.06:952][  0]LogUnrealEdMisc: Loading editor; pre map load, took 9.146
[2024.03.17-15.40.06:952][  0]Cmd: MAP LOAD FILE="D:/GitHub/NetShootRewrite/Content/FirstPersonCPP/Maps/FirstPersonExampleMap.umap" TEMPLATE=0 SHOWPROGRESS=1 FEATURELEVEL=3
[2024.03.17-15.40.06:953][  0]LightingResults: New page: 光照构建
[2024.03.17-15.40.06:954][  0]LogWorld: UWorld::CleanupWorld for Untitled, bSessionEnded=true, bCleanupResources=true
[2024.03.17-15.40.06:954][  0]LogSlate: InvalidateAllWidgets triggered.  All widgets were invalidated
[2024.03.17-15.40.06:954][  0]MapCheck: New page: 地图检测
[2024.03.17-15.40.06:954][  0]LightingResults: New page: 光照构建
[2024.03.17-15.40.07:478][  0]LogAudio: Display: Audio Device unregistered from world 'None'.
[2024.03.17-15.40.07:480][  0]LogUObjectHash: Compacting FUObjectHashTables data took   0.71ms
[2024.03.17-15.40.09:899][  0]LogAudio: Display: Audio Device (ID: 1) registered with world 'FirstPersonExampleMap'.
[2024.03.17-15.40.09:901][  0]LogAIModule: Creating AISystem for world FirstPersonExampleMap
[2024.03.17-15.40.09:912][  0]LogEditorServer: Finished looking for orphan Actors (0.000 secs)
[2024.03.17-15.40.09:921][  0]LogUObjectHash: Compacting FUObjectHashTables data took   0.90ms
[2024.03.17-15.40.09:921][  0]Cmd: MAP CHECKDEP NOCLEARLOG
[2024.03.17-15.40.09:922][  0]MapCheck: 地图检测完成：0个错误、0个警告、完成用时0.111毫秒。
[2024.03.17-15.40.09:922][  0]LogFileHelpers: Loading map 'FirstPersonExampleMap' took 2.969
[2024.03.17-15.40.09:925][  0]LogUnrealEdMisc: Total Editor Startup Time, took 12.118
[2024.03.17-15.40.10:125][  0]LogSlate: Updating window title bar state: overlay mode, drag disabled, window buttons hidden, title bar hidden
[2024.03.17-15.40.10:135][  0]LogSlate: Updating window title bar state: overlay mode, drag disabled, window buttons hidden, title bar hidden
[2024.03.17-15.40.10:141][  0]LogSlate: Updating window title bar state: overlay mode, drag disabled, window buttons hidden, title bar hidden
[2024.03.17-15.40.10:146][  0]LogSlate: Updating window title bar state: overlay mode, drag disabled, window buttons hidden, title bar hidden
[2024.03.17-15.40.10:188][  0]LogNativeClassHierarchy: Verbose: Native class hierarchy populated in 0.0084 seconds. Added 3822 classes and 928 folders.
[2024.03.17-15.40.10:198][  0]LogNativeClassHierarchy: Verbose: Native class hierarchy updated for 'WidgetCarousel' in 0.0003 seconds. Added 0 classes and 0 folders.
[2024.03.17-15.40.10:206][  0]LogShaderLibrary: Display: ShaderCodeLibraryPakFileMountedCallback: PakFile 'C:/Program Files (x86)/UE4.27/UnrealEngine-4.27/FeaturePacks/FP_FirstPerson.upack' (chunk index -1, root 'root:/') mounted
[2024.03.17-15.40.10:206][  0]LogShaderLibrary: Display: ShaderCodeLibraryPakFileMountedCallback: pending pak file info (ChunkID:-1 Root:root:/ File:C:/Program Files (x86)/UE4.27/UnrealEngine-4.27/FeaturePacks/FP_FirstPerson.upack)
[2024.03.17-15.40.10:207][  0]LogPakFile: OnPakFileMounted2Time == 0.000801
[2024.03.17-15.40.10:209][  0]LogShaderLibrary: Display: ShaderCodeLibraryPakFileMountedCallback: PakFile 'C:/Program Files (x86)/UE4.27/UnrealEngine-4.27/FeaturePacks/FP_FirstPersonBP.upack' (chunk index -1, root 'root:/') mounted
[2024.03.17-15.40.10:210][  0]LogShaderLibrary: Display: ShaderCodeLibraryPakFileMountedCallback: pending pak file info (ChunkID:-1 Root:root:/ File:C:/Program Files (x86)/UE4.27/UnrealEngine-4.27/FeaturePacks/FP_FirstPersonBP.upack)
[2024.03.17-15.40.10:210][  0]LogPakFile: OnPakFileMounted2Time == 0.000095
[2024.03.17-15.40.10:211][  0]LogShaderLibrary: Display: ShaderCodeLibraryPakFileMountedCallback: PakFile 'C:/Program Files (x86)/UE4.27/UnrealEngine-4.27/FeaturePacks/MobileStarterContent.upack' (chunk index -1, root 'root:/') mounted
[2024.03.17-15.40.10:211][  0]LogShaderLibrary: Display: ShaderCodeLibraryPakFileMountedCallback: pending pak file info (ChunkID:-1 Root:root:/ File:C:/Program Files (x86)/UE4.27/UnrealEngine-4.27/FeaturePacks/MobileStarterContent.upack)
[2024.03.17-15.40.10:211][  0]LogPakFile: OnPakFileMounted2Time == 0.000053
[2024.03.17-15.40.10:213][  0]LogShaderLibrary: Display: ShaderCodeLibraryPakFileMountedCallback: PakFile 'C:/Program Files (x86)/UE4.27/UnrealEngine-4.27/FeaturePacks/StarterContent.upack' (chunk index -1, root 'root:/') mounted
[2024.03.17-15.40.10:213][  0]LogShaderLibrary: Display: ShaderCodeLibraryPakFileMountedCallback: pending pak file info (ChunkID:-1 Root:root:/ File:C:/Program Files (x86)/UE4.27/UnrealEngine-4.27/FeaturePacks/StarterContent.upack)
[2024.03.17-15.40.10:213][  0]LogPakFile: OnPakFileMounted2Time == 0.000056
[2024.03.17-15.40.10:215][  0]LogShaderLibrary: Display: ShaderCodeLibraryPakFileMountedCallback: PakFile 'C:/Program Files (x86)/UE4.27/UnrealEngine-4.27/FeaturePacks/TP_2DSideScroller.upack' (chunk index -1, root 'root:/') mounted
[2024.03.17-15.40.10:215][  0]LogShaderLibrary: Display: ShaderCodeLibraryPakFileMountedCallback: pending pak file info (ChunkID:-1 Root:root:/ File:C:/Program Files (x86)/UE4.27/UnrealEngine-4.27/FeaturePacks/TP_2DSideScroller.upack)
[2024.03.17-15.40.10:215][  0]LogPakFile: OnPakFileMounted2Time == 0.000059
[2024.03.17-15.40.10:217][  0]LogShaderLibrary: Display: ShaderCodeLibraryPakFileMountedCallback: PakFile 'C:/Program Files (x86)/UE4.27/UnrealEngine-4.27/FeaturePacks/TP_2DSideScrollerBP.upack' (chunk index -1, root 'root:/') mounted
[2024.03.17-15.40.10:217][  0]LogShaderLibrary: Display: ShaderCodeLibraryPakFileMountedCallback: pending pak file info (ChunkID:-1 Root:root:/ File:C:/Program Files (x86)/UE4.27/UnrealEngine-4.27/FeaturePacks/TP_2DSideScrollerBP.upack)
[2024.03.17-15.40.10:217][  0]LogPakFile: OnPakFileMounted2Time == 0.000053
[2024.03.17-15.40.10:218][  0]LogShaderLibrary: Display: ShaderCodeLibraryPakFileMountedCallback: PakFile 'C:/Program Files (x86)/UE4.27/UnrealEngine-4.27/FeaturePacks/TP_Flying.upack' (chunk index -1, root 'root:/') mounted
[2024.03.17-15.40.10:218][  0]LogShaderLibrary: Display: ShaderCodeLibraryPakFileMountedCallback: pending pak file info (ChunkID:-1 Root:root:/ File:C:/Program Files (x86)/UE4.27/UnrealEngine-4.27/FeaturePacks/TP_Flying.upack)
[2024.03.17-15.40.10:218][  0]LogPakFile: OnPakFileMounted2Time == 0.000052
[2024.03.17-15.40.10:220][  0]LogShaderLibrary: Display: ShaderCodeLibraryPakFileMountedCallback: PakFile 'C:/Program Files (x86)/UE4.27/UnrealEngine-4.27/FeaturePacks/TP_FlyingBP.upack' (chunk index -1, root 'root:/') mounted
[2024.03.17-15.40.10:220][  0]LogShaderLibrary: Display: ShaderCodeLibraryPakFileMountedCallback: pending pak file info (ChunkID:-1 Root:root:/ File:C:/Program Files (x86)/UE4.27/UnrealEngine-4.27/FeaturePacks/TP_FlyingBP.upack)
[2024.03.17-15.40.10:220][  0]LogPakFile: OnPakFileMounted2Time == 0.000051
[2024.03.17-15.40.10:222][  0]LogShaderLibrary: Display: ShaderCodeLibraryPakFileMountedCallback: PakFile 'C:/Program Files (x86)/UE4.27/UnrealEngine-4.27/FeaturePacks/TP_Puzzle.upack' (chunk index -1, root 'root:/') mounted
[2024.03.17-15.40.10:222][  0]LogShaderLibrary: Display: ShaderCodeLibraryPakFileMountedCallback: pending pak file info (ChunkID:-1 Root:root:/ File:C:/Program Files (x86)/UE4.27/UnrealEngine-4.27/FeaturePacks/TP_Puzzle.upack)
[2024.03.17-15.40.10:222][  0]LogPakFile: OnPakFileMounted2Time == 0.000067
[2024.03.17-15.40.10:224][  0]LogShaderLibrary: Display: ShaderCodeLibraryPakFileMountedCallback: PakFile 'C:/Program Files (x86)/UE4.27/UnrealEngine-4.27/FeaturePacks/TP_PuzzleBP.upack' (chunk index -1, root 'root:/') mounted
[2024.03.17-15.40.10:224][  0]LogShaderLibrary: Display: ShaderCodeLibraryPakFileMountedCallback: pending pak file info (ChunkID:-1 Root:root:/ File:C:/Program Files (x86)/UE4.27/UnrealEngine-4.27/FeaturePacks/TP_PuzzleBP.upack)
[2024.03.17-15.40.10:224][  0]LogPakFile: OnPakFileMounted2Time == 0.000072
[2024.03.17-15.40.10:225][  0]LogShaderLibrary: Display: ShaderCodeLibraryPakFileMountedCallback: PakFile 'C:/Program Files (x86)/UE4.27/UnrealEngine-4.27/FeaturePacks/TP_Rolling.upack' (chunk index -1, root 'root:/') mounted
[2024.03.17-15.40.10:226][  0]LogShaderLibrary: Display: ShaderCodeLibraryPakFileMountedCallback: pending pak file info (ChunkID:-1 Root:root:/ File:C:/Program Files (x86)/UE4.27/UnrealEngine-4.27/FeaturePacks/TP_Rolling.upack)
[2024.03.17-15.40.10:226][  0]LogPakFile: OnPakFileMounted2Time == 0.000068
[2024.03.17-15.40.10:227][  0]LogShaderLibrary: Display: ShaderCodeLibraryPakFileMountedCallback: PakFile 'C:/Program Files (x86)/UE4.27/UnrealEngine-4.27/FeaturePacks/TP_RollingBP.upack' (chunk index -1, root 'root:/') mounted
[2024.03.17-15.40.10:227][  0]LogShaderLibrary: Display: ShaderCodeLibraryPakFileMountedCallback: pending pak file info (ChunkID:-1 Root:root:/ File:C:/Program Files (x86)/UE4.27/UnrealEngine-4.27/FeaturePacks/TP_RollingBP.upack)
[2024.03.17-15.40.10:227][  0]LogPakFile: OnPakFileMounted2Time == 0.000062
[2024.03.17-15.40.10:229][  0]LogShaderLibrary: Display: ShaderCodeLibraryPakFileMountedCallback: PakFile 'C:/Program Files (x86)/UE4.27/UnrealEngine-4.27/FeaturePacks/TP_SideScroller.upack' (chunk index -1, root 'root:/') mounted
[2024.03.17-15.40.10:229][  0]LogShaderLibrary: Display: ShaderCodeLibraryPakFileMountedCallback: pending pak file info (ChunkID:-1 Root:root:/ File:C:/Program Files (x86)/UE4.27/UnrealEngine-4.27/FeaturePacks/TP_SideScroller.upack)
[2024.03.17-15.40.10:229][  0]LogPakFile: OnPakFileMounted2Time == 0.000056
[2024.03.17-15.40.10:231][  0]LogShaderLibrary: Display: ShaderCodeLibraryPakFileMountedCallback: PakFile 'C:/Program Files (x86)/UE4.27/UnrealEngine-4.27/FeaturePacks/TP_SideScrollerBP.upack' (chunk index -1, root 'root:/') mounted
[2024.03.17-15.40.10:231][  0]LogShaderLibrary: Display: ShaderCodeLibraryPakFileMountedCallback: pending pak file info (ChunkID:-1 Root:root:/ File:C:/Program Files (x86)/UE4.27/UnrealEngine-4.27/FeaturePacks/TP_SideScrollerBP.upack)
[2024.03.17-15.40.10:231][  0]LogPakFile: OnPakFileMounted2Time == 0.000054
[2024.03.17-15.40.10:233][  0]LogShaderLibrary: Display: ShaderCodeLibraryPakFileMountedCallback: PakFile 'C:/Program Files (x86)/UE4.27/UnrealEngine-4.27/FeaturePacks/TP_ThirdPerson.upack' (chunk index -1, root 'root:/') mounted
[2024.03.17-15.40.10:233][  0]LogShaderLibrary: Display: ShaderCodeLibraryPakFileMountedCallback: pending pak file info (ChunkID:-1 Root:root:/ File:C:/Program Files (x86)/UE4.27/UnrealEngine-4.27/FeaturePacks/TP_ThirdPerson.upack)
[2024.03.17-15.40.10:233][  0]LogPakFile: OnPakFileMounted2Time == 0.000057
[2024.03.17-15.40.10:235][  0]LogShaderLibrary: Display: ShaderCodeLibraryPakFileMountedCallback: PakFile 'C:/Program Files (x86)/UE4.27/UnrealEngine-4.27/FeaturePacks/TP_ThirdPersonBP.upack' (chunk index -1, root 'root:/') mounted
[2024.03.17-15.40.10:235][  0]LogShaderLibrary: Display: ShaderCodeLibraryPakFileMountedCallback: pending pak file info (ChunkID:-1 Root:root:/ File:C:/Program Files (x86)/UE4.27/UnrealEngine-4.27/FeaturePacks/TP_ThirdPersonBP.upack)
[2024.03.17-15.40.10:235][  0]LogPakFile: OnPakFileMounted2Time == 0.000055
[2024.03.17-15.40.10:236][  0]LogShaderLibrary: Display: ShaderCodeLibraryPakFileMountedCallback: PakFile 'C:/Program Files (x86)/UE4.27/UnrealEngine-4.27/FeaturePacks/TP_TopDown.upack' (chunk index -1, root 'root:/') mounted
[2024.03.17-15.40.10:236][  0]LogShaderLibrary: Display: ShaderCodeLibraryPakFileMountedCallback: pending pak file info (ChunkID:-1 Root:root:/ File:C:/Program Files (x86)/UE4.27/UnrealEngine-4.27/FeaturePacks/TP_TopDown.upack)
[2024.03.17-15.40.10:236][  0]LogPakFile: OnPakFileMounted2Time == 0.000059
[2024.03.17-15.40.10:238][  0]LogShaderLibrary: Display: ShaderCodeLibraryPakFileMountedCallback: PakFile 'C:/Program Files (x86)/UE4.27/UnrealEngine-4.27/FeaturePacks/TP_TopDownBP.upack' (chunk index -1, root 'root:/') mounted
[2024.03.17-15.40.10:238][  0]LogShaderLibrary: Display: ShaderCodeLibraryPakFileMountedCallback: pending pak file info (ChunkID:-1 Root:root:/ File:C:/Program Files (x86)/UE4.27/UnrealEngine-4.27/FeaturePacks/TP_TopDownBP.upack)
[2024.03.17-15.40.10:238][  0]LogPakFile: OnPakFileMounted2Time == 0.000072
[2024.03.17-15.40.10:240][  0]LogShaderLibrary: Display: ShaderCodeLibraryPakFileMountedCallback: PakFile 'C:/Program Files (x86)/UE4.27/UnrealEngine-4.27/FeaturePacks/TP_TwinStick.upack' (chunk index -1, root 'root:/') mounted
[2024.03.17-15.40.10:240][  0]LogShaderLibrary: Display: ShaderCodeLibraryPakFileMountedCallback: pending pak file info (ChunkID:-1 Root:root:/ File:C:/Program Files (x86)/UE4.27/UnrealEngine-4.27/FeaturePacks/TP_TwinStick.upack)
[2024.03.17-15.40.10:240][  0]LogPakFile: OnPakFileMounted2Time == 0.000056
[2024.03.17-15.40.10:241][  0]LogShaderLibrary: Display: ShaderCodeLibraryPakFileMountedCallback: PakFile 'C:/Program Files (x86)/UE4.27/UnrealEngine-4.27/FeaturePacks/TP_TwinStickBP.upack' (chunk index -1, root 'root:/') mounted
[2024.03.17-15.40.10:241][  0]LogShaderLibrary: Display: ShaderCodeLibraryPakFileMountedCallback: pending pak file info (ChunkID:-1 Root:root:/ File:C:/Program Files (x86)/UE4.27/UnrealEngine-4.27/FeaturePacks/TP_TwinStickBP.upack)
[2024.03.17-15.40.10:241][  0]LogPakFile: OnPakFileMounted2Time == 0.000055
[2024.03.17-15.40.10:243][  0]LogShaderLibrary: Display: ShaderCodeLibraryPakFileMountedCallback: PakFile 'C:/Program Files (x86)/UE4.27/UnrealEngine-4.27/FeaturePacks/TP_Vehicle.upack' (chunk index -1, root 'root:/') mounted
[2024.03.17-15.40.10:243][  0]LogShaderLibrary: Display: ShaderCodeLibraryPakFileMountedCallback: pending pak file info (ChunkID:-1 Root:root:/ File:C:/Program Files (x86)/UE4.27/UnrealEngine-4.27/FeaturePacks/TP_Vehicle.upack)
[2024.03.17-15.40.10:243][  0]LogPakFile: OnPakFileMounted2Time == 0.000051
[2024.03.17-15.40.10:245][  0]LogShaderLibrary: Display: ShaderCodeLibraryPakFileMountedCallback: PakFile 'C:/Program Files (x86)/UE4.27/UnrealEngine-4.27/FeaturePacks/TP_VehicleAdv.upack' (chunk index -1, root 'root:/') mounted
[2024.03.17-15.40.10:245][  0]LogShaderLibrary: Display: ShaderCodeLibraryPakFileMountedCallback: pending pak file info (ChunkID:-1 Root:root:/ File:C:/Program Files (x86)/UE4.27/UnrealEngine-4.27/FeaturePacks/TP_VehicleAdv.upack)
[2024.03.17-15.40.10:245][  0]LogPakFile: OnPakFileMounted2Time == 0.000052
[2024.03.17-15.40.10:247][  0]LogShaderLibrary: Display: ShaderCodeLibraryPakFileMountedCallback: PakFile 'C:/Program Files (x86)/UE4.27/UnrealEngine-4.27/FeaturePacks/TP_VehicleAdvBP.upack' (chunk index -1, root 'root:/') mounted
[2024.03.17-15.40.10:247][  0]LogShaderLibrary: Display: ShaderCodeLibraryPakFileMountedCallback: pending pak file info (ChunkID:-1 Root:root:/ File:C:/Program Files (x86)/UE4.27/UnrealEngine-4.27/FeaturePacks/TP_VehicleAdvBP.upack)
[2024.03.17-15.40.10:247][  0]LogPakFile: OnPakFileMounted2Time == 0.000056
[2024.03.17-15.40.10:249][  0]LogShaderLibrary: Display: ShaderCodeLibraryPakFileMountedCallback: PakFile 'C:/Program Files (x86)/UE4.27/UnrealEngine-4.27/FeaturePacks/TP_VehicleBP.upack' (chunk index -1, root 'root:/') mounted
[2024.03.17-15.40.10:249][  0]LogShaderLibrary: Display: ShaderCodeLibraryPakFileMountedCallback: pending pak file info (ChunkID:-1 Root:root:/ File:C:/Program Files (x86)/UE4.27/UnrealEngine-4.27/FeaturePacks/TP_VehicleBP.upack)
[2024.03.17-15.40.10:249][  0]LogPakFile: OnPakFileMounted2Time == 0.000052
[2024.03.17-15.40.10:251][  0]LogPakFile: PakFile PrimaryIndexSize=192
[2024.03.17-15.40.10:251][  0]LogPakFile: PakFile PathHashIndexSize=101
[2024.03.17-15.40.10:251][  0]LogPakFile: PakFile FullDirectoryIndexSize=158
[2024.03.17-15.40.10:251][  0]LogShaderLibrary: Display: ShaderCodeLibraryPakFileMountedCallback: PakFile 'C:/Program Files (x86)/UE4.27/UnrealEngine-4.27/FeaturePacks/TP_VirtualRealityBP.upack' (chunk index -1, root 'root:/') mounted
[2024.03.17-15.40.10:251][  0]LogShaderLibrary: Display: ShaderCodeLibraryPakFileMountedCallback: pending pak file info (ChunkID:-1 Root:root:/ File:C:/Program Files (x86)/UE4.27/UnrealEngine-4.27/FeaturePacks/TP_VirtualRealityBP.upack)
[2024.03.17-15.40.10:251][  0]LogPakFile: OnPakFileMounted2Time == 0.000043
[2024.03.17-15.40.10:445][  0]LogNativeClassHierarchy: Verbose: Native class hierarchy updated for 'AddContentDialog' in 0.0003 seconds. Added 0 classes and 0 folders.
[2024.03.17-15.40.10:456][  0]LogNativeClassHierarchy: Verbose: Native class hierarchy updated for 'SceneOutliner' in 0.0003 seconds. Added 2 classes and 0 folders.
[2024.03.17-15.40.11:134][  0]LogSlate: Only BGRA pngs, bmps or icos are supported in by External Image Picker
[2024.03.17-15.40.11:232][  0]LogNativeClassHierarchy: Verbose: Native class hierarchy updated for 'HierarchicalLODOutliner' in 0.0002 seconds. Added 0 classes and 0 folders.
[2024.03.17-15.40.11:232][  0]LogLoad: (Engine Initialization) Total time: 13.43 seconds
[2024.03.17-15.40.11:232][  0]LogLoad: (Engine Initialization) Total Blueprint compile time: 0.00 seconds
[2024.03.17-15.40.11:278][  0]LogAssetRegistry: Asset discovery search completed in 9.9121 seconds
[2024.03.17-15.40.11:285][  0]LogCollectionManager: Fixed up redirectors for 0 collections in 0.000004 seconds (updated 0 objects)
[2024.03.17-15.40.11:288][  0]LogContentStreaming: Texture pool size now 1000 MB
[2024.03.17-15.40.11:294][  0]LogSlate: Took 0.000693 seconds to synchronously load lazily loaded font '../../../Engine/Content/Slate/Fonts/Roboto-Regular.ttf' (155K)
[2024.03.17-15.40.11:304][  0]LogSlate: Took 0.009010 seconds to synchronously load lazily loaded font '../../../Engine/Content/Slate/Fonts/DroidSansFallback.ttf' (3848K)
[2024.03.17-15.40.11:305][  0]LogSlate: Took 0.000603 seconds to synchronously load lazily loaded font '../../../Engine/Content/Editor/Slate/Fonts/FontAwesome.ttf' (139K)
[2024.03.17-15.40.11:307][  0]LogSlate: Took 0.000750 seconds to synchronously load lazily loaded font '../../../Engine/Content/Slate/Fonts/Roboto-Bold.ttf' (160K)
[2024.03.17-15.40.11:311][  0]LogSlate: Took 0.000681 seconds to synchronously load lazily loaded font '../../../Engine/Content/Slate/Fonts/DroidSansMono.ttf' (77K)
[2024.03.17-15.40.11:517][  0]LogRenderer: Reallocating scene render targets to support 1228x688 Format 10 NumSamples 1 (Frame:1).
[2024.03.17-15.40.11:983][ 26]LogSlate: Took 0.002082 seconds to synchronously load lazily loaded font '../../../Engine/Content/Slate/Fonts/Roboto-Italic.ttf' (157K)
[2024.03.17-15.40.12:256][ 53]LogSlate: Took 0.000809 seconds to synchronously load lazily loaded font '../../../Engine/Content/Slate/Fonts/Roboto-Light.ttf' (167K)
[2024.03.17-15.41.24:295][999]LogHotReload: New module detected: UE4Editor-NetShootRewrite-0001.dll
[2024.03.17-15.41.27:326][  9]LogHotReload: Starting Hot-Reload from IDE
[2024.03.17-15.41.27:363][  9]LogClass: Could not find existing class NetshootCharacterBase in package /Script/NetShootRewrite for HotReload, assuming new class
[2024.03.17-15.41.27:363][  9]LogClass: Function MoveForward is new.
[2024.03.17-15.41.27:370][  9]LogHotReload: Re-instancing NetshootCharacterBase after hot-reload.
[2024.03.17-15.41.27:395][  9]LogNativeClassHierarchy: Verbose: Native class hierarchy updated for 'NetShootRewrite' in 0.0003 seconds. Added 1 classes and 2 folders.
[2024.03.17-15.41.27:399][  9]Display: HotReload successful (0 functions remapped  0 scriptstructs remapped)
[2024.03.17-15.41.27:416][  9]LogNativeClassHierarchy: Verbose: Native class hierarchy populated in 0.0117 seconds. Added 3822 classes and 928 folders.
[2024.03.17-15.41.27:437][  9]Display: HotReload took  0.1s.
[2024.03.17-15.43.06:600][305]LogHttp: Warning: 00000214F9559D00: invalid HTTP response code received. URL: https://datarouter.ol.epicgames.com/datarouter/api/v1/public/data?SessionID=%7BAAE3E20A-4C86-FB59-A567-86A2730DBAE3%7D&AppID=UEEditor.UnrealEngine.Release&AppVersion=4.27.2-0%2B%2B%2BUE4%2BRelease-4.27&UserID=f61cec974bbe29c05ec7b2ba0361775e%7C4908a8cb310042098503c39bd6fc1007%7Cd12d3385-9d43-4bbc-8627-fc5be8e0e98f&AppEnvironment=datacollector-binary&UploadType=eteventstream, HTTP code: 0, content length: 0, actual payload size: 0
[2024.03.17-15.43.06:600][305]LogHttp: Warning: 00000214F9559D00: request failed, libcurl error: 0 (No error)
[2024.03.17-15.43.06:600][305]LogHttp: Warning: 00000214F9559D00: libcurl info message cache 0 (Found bundle for host datarouter.ol.epicgames.com: 0x214dc8dfeb0 [can pipeline])
[2024.03.17-15.43.06:600][305]LogHttp: Warning: 00000214F9559D00: libcurl info message cache 1 (Re-using existing connection! (#0) with host datarouter.ol.epicgames.com)
[2024.03.17-15.43.06:600][305]LogHttp: Warning: 00000214F9559D00: libcurl info message cache 2 (Connected to datarouter.ol.epicgames.com (52.73.66.167) port 443 (#0))
[2024.03.17-15.43.06:600][305]LogHttp: Warning: 00000214F9559D00: libcurl info message cache 3 (We are completely uploaded and fine)
[2024.03.17-15.43.06:600][305]LogHttp: Warning: 00000214F9559D00: libcurl info message cache 4 (TLSv1.2 (IN), TLS alert, Client hello (1):)
[2024.03.17-15.43.06:600][305]LogHttp: Warning: 00000214F9559D00: libcurl info message cache 5 (Connection died, retrying a fresh connect)
[2024.03.17-15.43.06:600][305]LogHttp: Warning: 00000214F9559D00: libcurl info message cache 6 (necessary data rewind wasn't possible)
[2024.03.17-15.43.06:600][305]LogHttp: Warning: 00000214F9559D00: libcurl info message cache 7 (Closing connection 0)
[2024.03.17-15.43.06:600][305]LogHttp: Warning: 00000214F9559D00: libcurl info message cache 8 (TLSv1.2 (OUT), TLS alert, Client hello (1):)
[2024.03.17-15.43.06:932][306]LogHttp: Warning: Retry exhausted on https://datarouter.ol.epicgames.com/datarouter/api/v1/public/data?SessionID=%7BAAE3E20A-4C86-FB59-A567-86A2730DBAE3%7D&AppID=UEEditor.UnrealEngine.Release&AppVersion=4.27.2-0%2B%2B%2BUE4%2BRelease-4.27&UserID=f61cec974bbe29c05ec7b2ba0361775e%7C4908a8cb310042098503c39bd6fc1007%7Cd12d3385-9d43-4bbc-8627-fc5be8e0e98f&AppEnvironment=datacollector-binary&UploadType=eteventstream
[2024.03.17-15.45.43:721][772]LogHotReload: New module detected: UE4Editor-NetShootRewrite-0002.dll
[2024.03.17-15.45.45:079][777]LogHotReload: Starting Hot-Reload from IDE
[2024.03.17-15.45.45:116][777]LogClass: Could not find existing class NetshootCharacterBase in package /Script/NetShootRewrite for HotReload, assuming new class
[2024.03.17-15.45.45:123][777]LogHotReload: Re-instancing NetshootCharacterBase after hot-reload.
[2024.03.17-15.45.45:141][777]LogNativeClassHierarchy: Verbose: Native class hierarchy updated for 'NetShootRewrite' in 0.0004 seconds. Added 1 classes and 2 folders.
[2024.03.17-15.45.45:144][777]Display: HotReload successful (0 functions remapped  0 scriptstructs remapped)
[2024.03.17-15.45.45:159][777]LogNativeClassHierarchy: Verbose: Native class hierarchy populated in 0.0111 seconds. Added 3822 classes and 928 folders.
[2024.03.17-15.45.45:165][777]Display: HotReload took  0.1s.
[2024.03.17-15.46.11:874][856]LogAnalytics: Display: [UEEditor.UnrealEngine.Release] APIServer = https://datarouter.ol.epicgames.com/. AppVersion = 4.27.2-0+++UE4+Release-4.27
[2024.03.17-15.46.12:179][856]LogEditorSessionSummary: EditorSessionSummary sent report. Type=AbnormalShutdown, SessionId={7EBCA5C8-4A1F-4484-E406-D39E42EEF96F}
[2024.03.17-15.48.06:571][199]LogHttp: Warning: 00000214F9447900: invalid HTTP response code received. URL: https://datarouter.ol.epicgames.com/datarouter/api/v1/public/data?SessionID=%7BAAE3E20A-4C86-FB59-A567-86A2730DBAE3%7D&AppID=UEEditor.UnrealEngine.Release&AppVersion=4.27.2-0%2B%2B%2BUE4%2BRelease-4.27&UserID=f61cec974bbe29c05ec7b2ba0361775e%7C4908a8cb310042098503c39bd6fc1007%7Cd12d3385-9d43-4bbc-8627-fc5be8e0e98f&AppEnvironment=datacollector-binary&UploadType=eteventstream, HTTP code: 0, content length: 0, actual payload size: 0
[2024.03.17-15.48.06:571][199]LogHttp: Warning: 00000214F9447900: request failed, libcurl error: 0 (No error)
[2024.03.17-15.48.06:571][199]LogHttp: Warning: 00000214F9447900: libcurl info message cache 0 (Found bundle for host datarouter.ol.epicgames.com: 0x214dc8dfa90 [can pipeline])
[2024.03.17-15.48.06:571][199]LogHttp: Warning: 00000214F9447900: libcurl info message cache 1 (Re-using existing connection! (#1) with host datarouter.ol.epicgames.com)
[2024.03.17-15.48.06:571][199]LogHttp: Warning: 00000214F9447900: libcurl info message cache 2 (Connected to datarouter.ol.epicgames.com (54.81.45.253) port 443 (#1))
[2024.03.17-15.48.06:571][199]LogHttp: Warning: 00000214F9447900: libcurl info message cache 3 (We are completely uploaded and fine)
[2024.03.17-15.48.06:571][199]LogHttp: Warning: 00000214F9447900: libcurl info message cache 4 (TLSv1.2 (IN), TLS alert, Client hello (1):)
[2024.03.17-15.48.06:571][199]LogHttp: Warning: 00000214F9447900: libcurl info message cache 5 (Connection died, retrying a fresh connect)
[2024.03.17-15.48.06:571][199]LogHttp: Warning: 00000214F9447900: libcurl info message cache 6 (necessary data rewind wasn't possible)
[2024.03.17-15.48.06:571][199]LogHttp: Warning: 00000214F9447900: libcurl info message cache 7 (Closing connection 1)
[2024.03.17-15.48.06:571][199]LogHttp: Warning: 00000214F9447900: libcurl info message cache 8 (TLSv1.2 (OUT), TLS alert, Client hello (1):)
[2024.03.17-15.48.06:903][200]LogHttp: Warning: Retry exhausted on https://datarouter.ol.epicgames.com/datarouter/api/v1/public/data?SessionID=%7BAAE3E20A-4C86-FB59-A567-86A2730DBAE3%7D&AppID=UEEditor.UnrealEngine.Release&AppVersion=4.27.2-0%2B%2B%2BUE4%2BRelease-4.27&UserID=f61cec974bbe29c05ec7b2ba0361775e%7C4908a8cb310042098503c39bd6fc1007%7Cd12d3385-9d43-4bbc-8627-fc5be8e0e98f&AppEnvironment=datacollector-binary&UploadType=eteventstream
[2024.03.17-15.48.41:783][303]LogHotReload: New module detected: UE4Editor-NetShootRewrite-0003.dll
[2024.03.17-15.48.43:138][308]LogHotReload: Starting Hot-Reload from IDE
[2024.03.17-15.48.43:220][308]LogNativeClassHierarchy: Verbose: Native class hierarchy updated for 'NetShootRewrite' in 0.0003 seconds. Added 1 classes and 2 folders.
[2024.03.17-15.48.43:222][308]Display: HotReload successful (0 functions remapped  0 scriptstructs remapped)
[2024.03.17-15.48.43:344][308]LogNativeClassHierarchy: Verbose: Native class hierarchy populated in 0.0154 seconds. Added 3822 classes and 928 folders.
[2024.03.17-15.48.43:354][308]Display: HotReload took  0.2s.
