Log file open, 03/17/24 23:38:52
LogWindows: Failed to load 'aqProf.dll' (GetLastError=126)
LogWindows: File 'aqProf.dll' does not exist
LogWindows: Failed to load 'VtuneApi.dll' (GetLastError=126)
LogWindows: File 'VtuneApi.dll' does not exist
LogWindows: Failed to load 'VtuneApi32e.dll' (GetLastError=126)
LogWindows: File 'VtuneApi32e.dll' does not exist
LogConsoleResponse: Display: Failed to find resolution value strings in scalability ini. Falling back to default.
LogConsoleResponse: Display: Failed to find resolution value strings in scalability ini. Falling back to default.
LogInit: Display: Running engine for game: NetShootRewrite
LogPlatformFile: Not using cached read wrapper
LogTaskGraph: Started task graph with 5 named threads and 35 total threads with 3 sets of task threads.
LogStats: Stats thread started at 0.174515
LogICUInternationalization: ICU TimeZone Detection - Raw Offset: +8:00, Platform Override: ''
LogInit: Display: Loading text-based GConfig....
LogPluginManager: Mounting plugin MeshPainting
LogPluginManager: Mounting plugin XGEController
LogPluginManager: Mounting plugin Paper2D
LogPluginManager: Mounting plugin AISupport
LogPluginManager: Mounting plugin EnvironmentQueryEditor
LogPluginManager: Mounting plugin GameplayCameras
LogPluginManager: Mounting plugin OodleData
LogPluginManager: Mounting plugin OodleNetwork
LogPluginManager: Mounting plugin LiveLink
LogPluginManager: Mounting plugin AnimationSharing
LogPluginManager: Mounting plugin CLionSourceCodeAccess
LogPluginManager: Mounting plugin CodeLiteSourceCodeAccess
LogPluginManager: Mounting plugin CameraShakePreviewer
LogPluginManager: Mounting plugin GitSourceControl
LogPluginManager: Mounting plugin KDevelopSourceCodeAccess
LogPluginManager: Mounting plugin NullSourceCodeAccess
LogPluginManager: Mounting plugin PixWinPlugin
LogPluginManager: Mounting plugin PluginUtils
LogPluginManager: Mounting plugin PropertyAccessNode
LogPluginManager: Mounting plugin SubversionSourceControl
LogPluginManager: Mounting plugin PlasticSourceControl
LogPluginManager: Mounting plugin RiderSourceCodeAccess
LogPluginManager: Mounting plugin VisualStudioSourceCodeAccess
LogPluginManager: Mounting plugin UObjectPlugin
LogPluginManager: Mounting plugin XCodeSourceCodeAccess
LogPluginManager: Mounting plugin PerforceSourceControl
LogPluginManager: Mounting plugin DatasmithContent
LogPluginManager: Mounting plugin AlembicImporter
LogPluginManager: Mounting plugin AutomationUtils
LogPluginManager: Mounting plugin BackChannel
LogPluginManager: Mounting plugin VariantManagerContent
LogPluginManager: Mounting plugin ChaosCloth
LogPluginManager: Mounting plugin ChaosClothEditor
LogPluginManager: Mounting plugin ChaosEditor
LogPluginManager: Mounting plugin ChaosNiagara
LogPluginManager: Mounting plugin ChaosSolverPlugin
LogPluginManager: Mounting plugin CharacterAI
LogPluginManager: Mounting plugin VisualStudioCodeSourceCodeAccess
LogPluginManager: Mounting plugin GeometryCache
LogPluginManager: Mounting plugin GeometryProcessing
LogPluginManager: Mounting plugin MotoSynth
LogPluginManager: Mounting plugin OpenImageDenoise
LogPluginManager: Mounting plugin PlanarCut
LogPluginManager: Mounting plugin PlatformCrypto
LogPluginManager: Mounting plugin ProxyLODPlugin
LogPluginManager: Mounting plugin PythonScriptPlugin
LogPluginManager: Mounting plugin SkeletalReduction
LogPluginManager: Mounting plugin LuminPlatformFeatures
LogPluginManager: Mounting plugin MagicLeap
LogPluginManager: Mounting plugin MagicLeapLightEstimation
LogPluginManager: Mounting plugin MagicLeapMedia
LogPluginManager: Mounting plugin MagicLeapPassableWorld
LogPluginManager: Mounting plugin MLSDK
LogPluginManager: Mounting plugin AndroidMedia
LogPluginManager: Mounting plugin AvfMedia
LogPluginManager: Mounting plugin ImgMedia
LogPluginManager: Mounting plugin MediaCompositing
LogPluginManager: Mounting plugin MediaPlayerEditor
LogPluginManager: Mounting plugin WebMMedia
LogPluginManager: Mounting plugin WmfMedia
LogPluginManager: Mounting plugin TcpMessaging
LogPluginManager: Mounting plugin UdpMessaging
LogPluginManager: Mounting plugin ActorSequence
LogPluginManager: Mounting plugin LevelSequenceEditor
LogPluginManager: Mounting plugin MatineeToLevelSequence
LogPluginManager: Mounting plugin TemplateSequence
LogPluginManager: Mounting plugin GeometryCollectionPlugin
LogPluginManager: Mounting plugin OnlineSubsystem
LogPluginManager: Mounting plugin OnlineSubsystemNull
LogPluginManager: Mounting plugin OnlineSubsystemUtils
LogPluginManager: Mounting plugin LauncherChunkInstaller
LogPluginManager: Mounting plugin ActorLayerUtilities
LogPluginManager: Mounting plugin AndroidDeviceProfileSelector
LogPluginManager: Mounting plugin AndroidMoviePlayer
LogPluginManager: Mounting plugin AndroidPermission
LogPluginManager: Mounting plugin AppleImageUtils
LogPluginManager: Mounting plugin ArchVisCharacter
LogPluginManager: Mounting plugin AssetTags
LogPluginManager: Mounting plugin AudioCapture
LogPluginManager: Mounting plugin AppleMoviePlayer
LogPluginManager: Mounting plugin ChunkDownloader
LogPluginManager: Mounting plugin CableComponent
LogPluginManager: Mounting plugin EditableMesh
LogPluginManager: Mounting plugin ExampleDeviceProfileSelector
LogPluginManager: Mounting plugin AudioSynesthesia
LogPluginManager: Mounting plugin GoogleCloudMessaging
LogPluginManager: Mounting plugin CustomMeshComponent
LogPluginManager: Mounting plugin GooglePAD
LogPluginManager: Mounting plugin ScreenshotTools
LogPluginManager: Mounting plugin TextureFormatOodle
LogPluginManager: Mounting plugin IOSDeviceProfileSelector
LogPluginManager: Mounting plugin LinuxDeviceProfileSelector
LogPluginManager: Mounting plugin LocationServicesBPLibrary
LogPluginManager: Mounting plugin Niagara
LogPluginManager: Mounting plugin MobilePatchingUtils
LogPluginManager: Mounting plugin OpenXR
LogPluginManager: Mounting plugin OpenXREyeTracker
LogPluginManager: Mounting plugin PostSplashScreen
LogPluginManager: Mounting plugin PhysXVehicles
LogPluginManager: Mounting plugin ProceduralMeshComponent
LogPluginManager: Mounting plugin PropertyAccessEditor
LogPluginManager: Mounting plugin RuntimePhysXCooking
LogPluginManager: Mounting plugin SignificanceManager
LogPluginManager: Mounting plugin SoundFields
LogPluginManager: Mounting plugin Synthesis
LogPluginManager: Mounting plugin WebMMoviePlayer
LogPluginManager: Mounting plugin OpenXRHandTracking
LogPluginManager: Mounting plugin WindowsMoviePlayer
LogPluginManager: Mounting plugin LightPropagationVolume
LogPluginManager: Mounting plugin AssetManagerEditor
LogPluginManager: Mounting plugin Takes
LogPluginManager: Mounting plugin CryptoKeys
LogPluginManager: Mounting plugin CurveEditorTools
LogPluginManager: Mounting plugin DataValidation
LogPluginManager: Mounting plugin FacialAnimation
LogPluginManager: Mounting plugin GeometryMode
LogPluginManager: Mounting plugin MacGraphicsSwitching
LogPluginManager: Mounting plugin MobileLauncherProfileWizard
LogPluginManager: Mounting plugin MaterialAnalyzer
LogPluginManager: Mounting plugin GameplayTagsEditor
LogPluginManager: Mounting plugin PluginBrowser
LogPluginManager: Mounting plugin SpeedTreeImporter
LogPluginManager: Mounting plugin RiderLink
LogPluginManager: Mounting plugin OnlineSubsystemGooglePlay
LogPluginManager: Mounting plugin OnlineSubsystemIOS
LogPluginManager: Mounting plugin OculusVR
LogPluginManager: Mounting plugin SteamVR
LogPluginManager: Mounting plugin ContentBrowserAssetDataSource
LogPluginManager: Mounting plugin ContentBrowserClassDataSource
LogPluginManager: Mounting plugin ContentBrowserFileDataSource
PixWinPlugin: PIX capture plugin failed to initialize! Check that the process is launched from PIX.
LogInit: Using libcurl 7.55.1-DEV
LogInit:  - built for x86_64-pc-win32
LogInit:  - supports SSL with OpenSSL/1.1.1
LogInit:  - supports HTTP deflate (compression) using libz 1.2.8
LogInit:  - other features:
LogInit:      CURL_VERSION_SSL
LogInit:      CURL_VERSION_LIBZ
LogInit:      CURL_VERSION_IPV6
LogInit:      CURL_VERSION_ASYNCHDNS
LogInit:      CURL_VERSION_LARGEFILE
LogInit:      CURL_VERSION_IDN
LogInit:  CurlRequestOptions (configurable via config and command line):
LogInit:  - bVerifyPeer = true  - Libcurl will verify peer certificate
LogInit:  - bUseHttpProxy = false  - Libcurl will NOT use HTTP proxy
LogInit:  - bDontReuseConnections = false  - Libcurl will reuse connections
LogInit:  - MaxHostConnections = 16  - Libcurl will limit the number of connections to a host
LogInit:  - LocalHostAddr = Default
LogInit:  - BufferSize = 65536
LogOnline: OSS: Creating online subsystem instance for: NULL
LogInit: WinSock: version 1.1 (2.2), MaxSocks=32767, MaxUdp=65467
LogOnline: OSS: TryLoadSubsystemAndSetDefault: Loaded subsystem for module [NULL]
LogOculusPluginWrapper: OculusPlugin initialized successfully
LogHMD: Failed initializing OVRPlugin 1.59.0
LogInit: Build: ++UE4+Release-4.27-CL-0
LogInit: Engine Version: 4.27.2-0+++UE4+Release-4.27
LogInit: Compatible Engine Version: 4.27.0-0+++UE4+Release-4.27
LogInit: Net CL: 0
LogInit: OS: Windows 10 (Release 2009) (), CPU: Intel(R) Core(TM) i7-8700 CPU @ 3.20GHz, GPU: NVIDIA GeForce GTX 1660 Ti
LogInit: Compiled (64-bit): Mar 12 2024 21:46:05
LogInit: Compiled with Visual C++: 19.39.33521.00
LogInit: Build Configuration: Development
LogInit: Branch Name: ++UE4+Release-4.27
LogInit: Command Line:  -skipcompile
LogInit: Base Directory: C:/Program Files (x86)/UE4.27/UnrealEngine-4.27/Engine/Binaries/Win64/
LogInit: Allocator: TBB
LogInit: Installed Engine Build: 0
LogDevObjectVersion: Number of dev versions registered: 29
LogDevObjectVersion:   Dev-Blueprints (B0D832E4-1F89-4F0D-ACCF-7EB736FD4AA2): 10
LogDevObjectVersion:   Dev-Build (E1C64328-A22C-4D53-A36C-8E866417BD8C): 0
LogDevObjectVersion:   Dev-Core (375EC13C-06E4-48FB-B500-84F0262A717E): 4
LogDevObjectVersion:   Dev-Editor (E4B068ED-F494-42E9-A231-DA0B2E46BB41): 40
LogDevObjectVersion:   Dev-Framework (CFFC743F-43B0-4480-9391-14DF171D2073): 37
LogDevObjectVersion:   Dev-Mobile (B02B49B5-BB20-44E9-A304-32B752E40360): 3
LogDevObjectVersion:   Dev-Networking (A4E4105C-59A1-49B5-A7C5-40C4547EDFEE): 0
LogDevObjectVersion:   Dev-Online (39C831C9-5AE6-47DC-9A44-9C173E1C8E7C): 0
LogDevObjectVersion:   Dev-Physics (78F01B33-EBEA-4F98-B9B4-84EACCB95AA2): 14
LogDevObjectVersion:   Dev-Platform (6631380F-2D4D-43E0-8009-CF276956A95A): 0
LogDevObjectVersion:   Dev-Rendering (12F88B9F-8875-4AFC-A67C-D90C383ABD29): 45
LogDevObjectVersion:   Dev-Sequencer (7B5AE74C-D270-4C10-A958-57980B212A5A): 13
LogDevObjectVersion:   Dev-VR (D7296918-1DD6-4BDD-9DE2-64A83CC13884): 3
LogDevObjectVersion:   Dev-LoadTimes (C2A15278-BFE7-4AFE-6C17-90FF531DF755): 1
LogDevObjectVersion:   Private-Geometry (6EACA3D4-40EC-4CC1-B786-8BED09428FC5): 3
LogDevObjectVersion:   Dev-AnimPhys (29E575DD-E0A3-4627-9D10-D276232CDCEA): 17
LogDevObjectVersion:   Dev-Anim (AF43A65D-7FD3-4947-9873-3E8ED9C1BB05): 15
LogDevObjectVersion:   Dev-ReflectionCapture (6B266CEC-1EC7-4B8F-A30B-E4D90942FC07): 1
LogDevObjectVersion:   Dev-Automation (0DF73D61-A23F-47EA-B727-89E90C41499A): 1
LogDevObjectVersion:   FortniteMain (601D1886-AC64-4F84-AA16-D3DE0DEAC7D6): 47
LogDevObjectVersion:   FortniteRelease (E7086368-6B23-4C58-8439-1B7016265E91): 1
LogDevObjectVersion:   Dev-Enterprise (9DFFBCD6-494F-0158-E221-12823C92A888): 10
LogDevObjectVersion:   Dev-Niagara (F2AED0AC-9AFE-416F-8664-AA7FFA26D6FC): 1
LogDevObjectVersion:   Dev-Destruction (174F1F0B-B4C6-45A5-B13F-2EE8D0FB917D): 10
LogDevObjectVersion:   Dev-Physics-Ext (35F94A83-E258-406C-A318-09F59610247C): 41
LogDevObjectVersion:   Dev-PhysicsMaterial-Chaos (B68FC16E-8B1B-42E2-B453-215C058844FE): 1
LogDevObjectVersion:   Dev-CineCamera (B2E18506-4273-CFC2-A54E-F4BB758BBA07): 1
LogDevObjectVersion:   Dev-VirtualProduction (64F58936-FD1B-42BA-BA96-7289D5D0FA4E): 1
LogDevObjectVersion:   Dev-MediaFramework (6F0ED827-A609-4895-9C91-998D90180EA4): 2
LogInit: Presizing for max 25165824 objects, including 0 objects not considered by GC, pre-allocating 0 bytes for permanent pool.
LogConfig: Applying CVar settings from Section [/Script/Engine.StreamingSettings] File [D:/GitHub/NetShootRewrite/Saved/Config/Windows/Engine.ini]
LogConfig: Setting CVar [[s.MinBulkDataSizeForAsyncLoading:131072]]
LogConfig: Setting CVar [[s.AsyncLoadingThreadEnabled:0]]
LogConfig: Setting CVar [[s.EventDrivenLoaderEnabled:1]]
LogConfig: Setting CVar [[s.WarnIfTimeLimitExceeded:0]]
LogConfig: Setting CVar [[s.TimeLimitExceededMultiplier:1.5]]
LogConfig: Setting CVar [[s.TimeLimitExceededMinTime:0.005]]
LogConfig: Setting CVar [[s.UseBackgroundLevelStreaming:1]]
LogConfig: Setting CVar [[s.PriorityAsyncLoadingExtraTime:15.0]]
LogConfig: Setting CVar [[s.LevelStreamingActorsUpdateTimeLimit:5.0]]
LogConfig: Setting CVar [[s.PriorityLevelStreamingActorsUpdateExtraTime:5.0]]
LogConfig: Setting CVar [[s.LevelStreamingComponentsRegistrationGranularity:10]]
LogConfig: Setting CVar [[s.UnregisterComponentsTimeLimit:1.0]]
LogConfig: Setting CVar [[s.LevelStreamingComponentsUnregistrationGranularity:5]]
LogConfig: Setting CVar [[s.FlushStreamingOnExit:1]]
LogInit: Object subsystem initialized
LogConfig: Setting CVar [[con.DebugEarlyDefault:1]]
LogConfig: Setting CVar [[r.setres:1280x720]]
[2024.03.17-15.38.53:211][  0]LogConfig: Setting CVar [[r.VSync:0]]
[2024.03.17-15.38.53:211][  0]LogConfig: Setting CVar [[r.RHICmdBypass:0]]
[2024.03.17-15.38.53:212][  0]LogConfig: Applying CVar settings from Section [/Script/Engine.RendererSettings] File [D:/GitHub/NetShootRewrite/Saved/Config/Windows/Engine.ini]
[2024.03.17-15.38.53:212][  0]LogConfig: Setting CVar [[r.GPUCrashDebugging:0]]
[2024.03.17-15.38.53:212][  0]LogConfig: Applying CVar settings from Section [/Script/Engine.RendererOverrideSettings] File [D:/GitHub/NetShootRewrite/Saved/Config/Windows/Engine.ini]
[2024.03.17-15.38.53:212][  0]LogConfig: Applying CVar settings from Section [/Script/Engine.StreamingSettings] File [D:/GitHub/NetShootRewrite/Saved/Config/Windows/Engine.ini]
[2024.03.17-15.38.53:212][  0]LogConfig: Setting CVar [[s.MinBulkDataSizeForAsyncLoading:131072]]
[2024.03.17-15.38.53:212][  0]LogConfig: Setting CVar [[s.AsyncLoadingThreadEnabled:0]]
[2024.03.17-15.38.53:212][  0]LogConfig: Setting CVar [[s.EventDrivenLoaderEnabled:1]]
[2024.03.17-15.38.53:212][  0]LogConfig: Setting CVar [[s.WarnIfTimeLimitExceeded:0]]
[2024.03.17-15.38.53:212][  0]LogConfig: Setting CVar [[s.TimeLimitExceededMultiplier:1.5]]
[2024.03.17-15.38.53:212][  0]LogConfig: Setting CVar [[s.TimeLimitExceededMinTime:0.005]]
[2024.03.17-15.38.53:212][  0]LogConfig: Setting CVar [[s.UseBackgroundLevelStreaming:1]]
[2024.03.17-15.38.53:212][  0]LogConfig: Setting CVar [[s.PriorityAsyncLoadingExtraTime:15.0]]
[2024.03.17-15.38.53:212][  0]LogConfig: Setting CVar [[s.LevelStreamingActorsUpdateTimeLimit:5.0]]
[2024.03.17-15.38.53:212][  0]LogConfig: Setting CVar [[s.PriorityLevelStreamingActorsUpdateExtraTime:5.0]]
[2024.03.17-15.38.53:212][  0]LogConfig: Setting CVar [[s.LevelStreamingComponentsRegistrationGranularity:10]]
[2024.03.17-15.38.53:212][  0]LogConfig: Setting CVar [[s.UnregisterComponentsTimeLimit:1.0]]
[2024.03.17-15.38.53:212][  0]LogConfig: Setting CVar [[s.LevelStreamingComponentsUnregistrationGranularity:5]]
[2024.03.17-15.38.53:212][  0]LogConfig: Setting CVar [[s.FlushStreamingOnExit:1]]
[2024.03.17-15.38.53:212][  0]LogConfig: Applying CVar settings from Section [/Script/Engine.GarbageCollectionSettings] File [D:/GitHub/NetShootRewrite/Saved/Config/Windows/Engine.ini]
[2024.03.17-15.38.53:212][  0]LogConfig: Setting CVar [[gc.MaxObjectsNotConsideredByGC:1]]
[2024.03.17-15.38.53:212][  0]LogConfig: Setting CVar [[gc.SizeOfPermanentObjectPool:0]]
[2024.03.17-15.38.53:212][  0]LogConfig: Setting CVar [[gc.FlushStreamingOnGC:0]]
[2024.03.17-15.38.53:212][  0]LogConfig: Setting CVar [[gc.NumRetriesBeforeForcingGC:10]]
[2024.03.17-15.38.53:212][  0]LogConfig: Setting CVar [[gc.AllowParallelGC:1]]
[2024.03.17-15.38.53:212][  0]LogConfig: Setting CVar [[gc.TimeBetweenPurgingPendingKillObjects:61.1]]
[2024.03.17-15.38.53:212][  0]LogConfig: Setting CVar [[gc.MaxObjectsInEditor:25165824]]
[2024.03.17-15.38.53:212][  0]LogConfig: Setting CVar [[gc.IncrementalBeginDestroyEnabled:1]]
[2024.03.17-15.38.53:212][  0]LogConfig: Setting CVar [[gc.CreateGCClusters:1]]
[2024.03.17-15.38.53:212][  0]LogConfig: Setting CVar [[gc.MinGCClusterSize:5]]
[2024.03.17-15.38.53:212][  0]LogConfig: Setting CVar [[gc.ActorClusteringEnabled:0]]
[2024.03.17-15.38.53:212][  0]LogConfig: Setting CVar [[gc.BlueprintClusteringEnabled:0]]
[2024.03.17-15.38.53:212][  0]LogConfig: Setting CVar [[gc.UseDisregardForGCOnDedicatedServers:0]]
[2024.03.17-15.38.53:212][  0]LogConfig: Setting CVar [[gc.MultithreadedDestructionEnabled:1]]
[2024.03.17-15.38.53:212][  0]LogConfig: Applying CVar settings from Section [/Script/Engine.NetworkSettings] File [D:/GitHub/NetShootRewrite/Saved/Config/Windows/Engine.ini]
[2024.03.17-15.38.53:212][  0]LogConfig: Applying CVar settings from Section [/Script/UnrealEd.CookerSettings] File [D:/GitHub/NetShootRewrite/Saved/Config/Windows/Engine.ini]
[2024.03.17-15.38.53:254][  0]LogConfig: Applying CVar settings from Section [ViewDistanceQuality@3] File [D:/GitHub/NetShootRewrite/Saved/Config/Windows/Scalability.ini]
[2024.03.17-15.38.53:254][  0]LogConfig: Setting CVar [[r.SkeletalMeshLODBias:0]]
[2024.03.17-15.38.53:254][  0]LogConfig: Setting CVar [[r.ViewDistanceScale:1.0]]
[2024.03.17-15.38.53:254][  0]LogConfig: Applying CVar settings from Section [AntiAliasingQuality@3] File [D:/GitHub/NetShootRewrite/Saved/Config/Windows/Scalability.ini]
[2024.03.17-15.38.53:254][  0]LogConfig: Setting CVar [[r.PostProcessAAQuality:4]]
[2024.03.17-15.38.53:254][  0]LogConfig: Applying CVar settings from Section [ShadowQuality@3] File [D:/GitHub/NetShootRewrite/Saved/Config/Windows/Scalability.ini]
[2024.03.17-15.38.53:254][  0]LogConfig: Setting CVar [[r.LightFunctionQuality:1]]
[2024.03.17-15.38.53:254][  0]LogConfig: Setting CVar [[r.ShadowQuality:5]]
[2024.03.17-15.38.53:254][  0]LogConfig: Setting CVar [[r.Shadow.CSM.MaxCascades:10]]
[2024.03.17-15.38.53:254][  0]LogConfig: Setting CVar [[r.Shadow.MaxResolution:2048]]
[2024.03.17-15.38.53:254][  0]LogConfig: Setting CVar [[r.Shadow.MaxCSMResolution:2048]]
[2024.03.17-15.38.53:254][  0]LogConfig: Setting CVar [[r.Shadow.RadiusThreshold:0.01]]
[2024.03.17-15.38.53:254][  0]LogConfig: Setting CVar [[r.Shadow.DistanceScale:1.0]]
[2024.03.17-15.38.53:254][  0]LogConfig: Setting CVar [[r.Shadow.CSM.TransitionScale:1.0]]
[2024.03.17-15.38.53:254][  0]LogConfig: Setting CVar [[r.Shadow.PreShadowResolutionFactor:1.0]]
[2024.03.17-15.38.53:254][  0]LogConfig: Setting CVar [[r.DistanceFieldShadowing:1]]
[2024.03.17-15.38.53:254][  0]LogConfig: Setting CVar [[r.DistanceFieldAO:1]]
[2024.03.17-15.38.53:254][  0]LogConfig: Setting CVar [[r.AOQuality:2]]
[2024.03.17-15.38.53:254][  0]LogConfig: Setting CVar [[r.VolumetricFog:1]]
[2024.03.17-15.38.53:254][  0]LogConfig: Setting CVar [[r.VolumetricFog.GridPixelSize:8]]
[2024.03.17-15.38.53:254][  0]LogConfig: Setting CVar [[r.VolumetricFog.GridSizeZ:128]]
[2024.03.17-15.38.53:254][  0]LogConfig: Setting CVar [[r.VolumetricFog.HistoryMissSupersampleCount:4]]
[2024.03.17-15.38.53:254][  0]LogConfig: Setting CVar [[r.LightMaxDrawDistanceScale:1]]
[2024.03.17-15.38.53:254][  0]LogConfig: Setting CVar [[r.CapsuleShadows:1]]
[2024.03.17-15.38.53:254][  0]LogConfig: Applying CVar settings from Section [PostProcessQuality@3] File [D:/GitHub/NetShootRewrite/Saved/Config/Windows/Scalability.ini]
[2024.03.17-15.38.53:254][  0]LogConfig: Setting CVar [[r.MotionBlurQuality:4]]
[2024.03.17-15.38.53:254][  0]LogConfig: Setting CVar [[r.AmbientOcclusionMipLevelFactor:0.4]]
[2024.03.17-15.38.53:254][  0]LogConfig: Setting CVar [[r.AmbientOcclusionMaxQuality:100]]
[2024.03.17-15.38.53:254][  0]LogConfig: Setting CVar [[r.AmbientOcclusionLevels:-1]]
[2024.03.17-15.38.53:254][  0]LogConfig: Setting CVar [[r.AmbientOcclusionRadiusScale:1.0]]
[2024.03.17-15.38.53:254][  0]LogConfig: Setting CVar [[r.DepthOfFieldQuality:2]]
[2024.03.17-15.38.53:254][  0]LogConfig: Setting CVar [[r.RenderTargetPoolMin:400]]
[2024.03.17-15.38.53:254][  0]LogConfig: Setting CVar [[r.LensFlareQuality:2]]
[2024.03.17-15.38.53:254][  0]LogConfig: Setting CVar [[r.SceneColorFringeQuality:1]]
[2024.03.17-15.38.53:254][  0]LogConfig: Setting CVar [[r.EyeAdaptationQuality:2]]
[2024.03.17-15.38.53:255][  0]LogConfig: Setting CVar [[r.BloomQuality:5]]
[2024.03.17-15.38.53:255][  0]LogConfig: Setting CVar [[r.FastBlurThreshold:100]]
[2024.03.17-15.38.53:255][  0]LogConfig: Setting CVar [[r.Upscale.Quality:3]]
[2024.03.17-15.38.53:255][  0]LogConfig: Setting CVar [[r.Tonemapper.GrainQuantization:1]]
[2024.03.17-15.38.53:255][  0]LogConfig: Setting CVar [[r.LightShaftQuality:1]]
[2024.03.17-15.38.53:255][  0]LogConfig: Setting CVar [[r.Filter.SizeScale:1]]
[2024.03.17-15.38.53:255][  0]LogConfig: Setting CVar [[r.Tonemapper.Quality:5]]
[2024.03.17-15.38.53:255][  0]LogConfig: Setting CVar [[r.DOF.Gather.AccumulatorQuality:1        ; higher gathering accumulator quality]]
[2024.03.17-15.38.53:255][  0]LogConfig: Setting CVar [[r.DOF.Gather.PostfilterMethod:1          ; Median3x3 postfilering method]]
[2024.03.17-15.38.53:255][  0]LogConfig: Setting CVar [[r.DOF.Gather.EnableBokehSettings:0       ; no bokeh simulation when gathering]]
[2024.03.17-15.38.53:255][  0]LogConfig: Setting CVar [[r.DOF.Gather.RingCount:4                 ; medium number of samples when gathering]]
[2024.03.17-15.38.53:255][  0]LogConfig: Setting CVar [[r.DOF.Scatter.ForegroundCompositing:1    ; additive foreground scattering]]
[2024.03.17-15.38.53:255][  0]LogConfig: Setting CVar [[r.DOF.Scatter.BackgroundCompositing:2    ; additive background scattering]]
[2024.03.17-15.38.53:255][  0]LogConfig: Setting CVar [[r.DOF.Scatter.EnableBokehSettings:1      ; bokeh simulation when scattering]]
[2024.03.17-15.38.53:255][  0]LogConfig: Setting CVar [[r.DOF.Scatter.MaxSpriteRatio:0.1         ; only a maximum of 10% of scattered bokeh]]
[2024.03.17-15.38.53:255][  0]LogConfig: Setting CVar [[r.DOF.Recombine.Quality:1                ; cheap slight out of focus]]
[2024.03.17-15.38.53:255][  0]LogConfig: Setting CVar [[r.DOF.Recombine.EnableBokehSettings:0    ; no bokeh simulation on slight out of focus]]
[2024.03.17-15.38.53:255][  0]LogConfig: Setting CVar [[r.DOF.TemporalAAQuality:1                ; more stable temporal accumulation]]
[2024.03.17-15.38.53:255][  0]LogConfig: Setting CVar [[r.DOF.Kernel.MaxForegroundRadius:0.025]]
[2024.03.17-15.38.53:255][  0]LogConfig: Setting CVar [[r.DOF.Kernel.MaxBackgroundRadius:0.025]]
[2024.03.17-15.38.53:255][  0]LogConfig: Applying CVar settings from Section [TextureQuality@3] File [D:/GitHub/NetShootRewrite/Saved/Config/Windows/Scalability.ini]
[2024.03.17-15.38.53:255][  0]LogConfig: Setting CVar [[r.Streaming.MipBias:0]]
[2024.03.17-15.38.53:255][  0]LogConfig: Setting CVar [[r.Streaming.AmortizeCPUToGPUCopy:0]]
[2024.03.17-15.38.53:255][  0]LogConfig: Setting CVar [[r.Streaming.MaxNumTexturesToStreamPerFrame:0]]
[2024.03.17-15.38.53:255][  0]LogConfig: Setting CVar [[r.Streaming.Boost:1]]
[2024.03.17-15.38.53:255][  0]LogConfig: Setting CVar [[r.MaxAnisotropy:8]]
[2024.03.17-15.38.53:255][  0]LogConfig: Setting CVar [[r.VT.MaxAnisotropy:8]]
[2024.03.17-15.38.53:255][  0]LogConfig: Setting CVar [[r.Streaming.LimitPoolSizeToVRAM:0]]
[2024.03.17-15.38.53:255][  0]LogConfig: Setting CVar [[r.Streaming.PoolSize:1000]]
[2024.03.17-15.38.53:255][  0]LogConfig: Setting CVar [[r.Streaming.MaxEffectiveScreenSize:0]]
[2024.03.17-15.38.53:255][  0]LogConfig: Applying CVar settings from Section [EffectsQuality@3] File [D:/GitHub/NetShootRewrite/Saved/Config/Windows/Scalability.ini]
[2024.03.17-15.38.53:255][  0]LogConfig: Setting CVar [[r.TranslucencyLightingVolumeDim:64]]
[2024.03.17-15.38.53:255][  0]LogConfig: Setting CVar [[r.RefractionQuality:2]]
[2024.03.17-15.38.53:255][  0]LogConfig: Setting CVar [[r.SSR.Quality:3]]
[2024.03.17-15.38.53:255][  0]LogConfig: Setting CVar [[r.SSR.HalfResSceneColor:0]]
[2024.03.17-15.38.53:255][  0]LogConfig: Setting CVar [[r.SceneColorFormat:4]]
[2024.03.17-15.38.53:255][  0]LogConfig: Setting CVar [[r.DetailMode:2]]
[2024.03.17-15.38.53:255][  0]LogConfig: Setting CVar [[r.TranslucencyVolumeBlur:1]]
[2024.03.17-15.38.53:255][  0]LogConfig: Setting CVar [[r.MaterialQualityLevel:1 ; High quality]]
[2024.03.17-15.38.53:255][  0]LogConfig: Setting CVar [[r.AnisotropicMaterials:1]]
[2024.03.17-15.38.53:255][  0]LogConfig: Setting CVar [[r.SSS.Scale:1]]
[2024.03.17-15.38.53:255][  0]LogConfig: Setting CVar [[r.SSS.SampleSet:2]]
[2024.03.17-15.38.53:255][  0]LogConfig: Setting CVar [[r.SSS.Quality:1]]
[2024.03.17-15.38.53:255][  0]LogConfig: Setting CVar [[r.SSS.HalfRes:0]]
[2024.03.17-15.38.53:255][  0]LogConfig: Setting CVar [[r.SSGI.Quality:3]]
[2024.03.17-15.38.53:255][  0]LogConfig: Setting CVar [[r.EmitterSpawnRateScale:1.0]]
[2024.03.17-15.38.53:255][  0]LogConfig: Setting CVar [[r.ParticleLightQuality:2]]
[2024.03.17-15.38.53:255][  0]LogConfig: Setting CVar [[r.SkyAtmosphere.AerialPerspectiveLUT.FastApplyOnOpaque:1 ; Always have FastSkyLUT 1 in this case to avoid wrong sky]]
[2024.03.17-15.38.53:255][  0]LogConfig: Setting CVar [[r.SkyAtmosphere.AerialPerspectiveLUT.SampleCountMaxPerSlice:4]]
[2024.03.17-15.38.53:255][  0]LogConfig: Setting CVar [[r.SkyAtmosphere.AerialPerspectiveLUT.DepthResolution:16.0]]
[2024.03.17-15.38.53:255][  0]LogConfig: Setting CVar [[r.SkyAtmosphere.FastSkyLUT:1]]
[2024.03.17-15.38.53:255][  0]LogConfig: Setting CVar [[r.SkyAtmosphere.FastSkyLUT.SampleCountMin:4.0]]
[2024.03.17-15.38.53:255][  0]LogConfig: Setting CVar [[r.SkyAtmosphere.FastSkyLUT.SampleCountMax:128.0]]
[2024.03.17-15.38.53:255][  0]LogConfig: Setting CVar [[r.SkyAtmosphere.SampleCountMin:4.0]]
[2024.03.17-15.38.53:255][  0]LogConfig: Setting CVar [[r.SkyAtmosphere.SampleCountMax:128.0]]
[2024.03.17-15.38.53:255][  0]LogConfig: Setting CVar [[r.SkyAtmosphere.TransmittanceLUT.UseSmallFormat:0]]
[2024.03.17-15.38.53:255][  0]LogConfig: Setting CVar [[r.SkyAtmosphere.TransmittanceLUT.SampleCount:10.0]]
[2024.03.17-15.38.53:255][  0]LogConfig: Setting CVar [[r.SkyAtmosphere.MultiScatteringLUT.SampleCount:15.0]]
[2024.03.17-15.38.53:255][  0]LogConfig: Setting CVar [[r.SkyLight.RealTimeReflectionCapture:1]]
[2024.03.17-15.38.53:255][  0]LogConfig: Applying CVar settings from Section [FoliageQuality@3] File [D:/GitHub/NetShootRewrite/Saved/Config/Windows/Scalability.ini]
[2024.03.17-15.38.53:255][  0]LogConfig: Setting CVar [[foliage.DensityScale:1.0]]
[2024.03.17-15.38.53:255][  0]LogConfig: Setting CVar [[grass.DensityScale:1.0]]
[2024.03.17-15.38.53:255][  0]LogConfig: Applying CVar settings from Section [ShadingQuality@3] File [D:/GitHub/NetShootRewrite/Saved/Config/Windows/Scalability.ini]
[2024.03.17-15.38.53:255][  0]LogConfig: Setting CVar [[r.HairStrands.SkyLighting.IntegrationType:2]]
[2024.03.17-15.38.53:255][  0]LogConfig: Setting CVar [[r.HairStrands.SkyAO.SampleCount:4]]
[2024.03.17-15.38.53:255][  0]LogConfig: Setting CVar [[r.HairStrands.Visibility.MSAA.SamplePerPixel:4]]
[2024.03.17-15.38.53:256][  0]LogInit: Selected Device Profile: [Windows]
[2024.03.17-15.38.53:256][  0]LogInit: Applying CVar settings loaded from the selected device profile: [Windows]
[2024.03.17-15.38.53:257][  0]LogHAL: Display: Platform has ~ 16 GB [17105735680 / 17179869184 / 16], which maps to Larger [LargestMinGB=32, LargerMinGB=12, DefaultMinGB=8, SmallerMinGB=6, SmallestMinGB=0)
[2024.03.17-15.38.53:257][  0]LogInit: Going up to parent DeviceProfile []
[2024.03.17-15.38.53:257][  0]LogConfig: Applying CVar settings from Section [ViewDistanceQuality@3] File [D:/GitHub/NetShootRewrite/Saved/Config/Windows/Scalability.ini]
[2024.03.17-15.38.53:257][  0]LogConfig: Setting CVar [[r.SkeletalMeshLODBias:0]]
[2024.03.17-15.38.53:257][  0]LogConfig: Setting CVar [[r.ViewDistanceScale:1.0]]
[2024.03.17-15.38.53:257][  0]LogConfig: Applying CVar settings from Section [AntiAliasingQuality@3] File [D:/GitHub/NetShootRewrite/Saved/Config/Windows/Scalability.ini]
[2024.03.17-15.38.53:257][  0]LogConfig: Setting CVar [[r.PostProcessAAQuality:4]]
[2024.03.17-15.38.53:257][  0]LogConfig: Applying CVar settings from Section [ShadowQuality@3] File [D:/GitHub/NetShootRewrite/Saved/Config/Windows/Scalability.ini]
[2024.03.17-15.38.53:257][  0]LogConfig: Setting CVar [[r.LightFunctionQuality:1]]
[2024.03.17-15.38.53:257][  0]LogConfig: Setting CVar [[r.ShadowQuality:5]]
[2024.03.17-15.38.53:258][  0]LogConfig: Setting CVar [[r.Shadow.CSM.MaxCascades:10]]
[2024.03.17-15.38.53:258][  0]LogConfig: Setting CVar [[r.Shadow.MaxResolution:2048]]
[2024.03.17-15.38.53:258][  0]LogConfig: Setting CVar [[r.Shadow.MaxCSMResolution:2048]]
[2024.03.17-15.38.53:258][  0]LogConfig: Setting CVar [[r.Shadow.RadiusThreshold:0.01]]
[2024.03.17-15.38.53:258][  0]LogConfig: Setting CVar [[r.Shadow.DistanceScale:1.0]]
[2024.03.17-15.38.53:258][  0]LogConfig: Setting CVar [[r.Shadow.CSM.TransitionScale:1.0]]
[2024.03.17-15.38.53:258][  0]LogConfig: Setting CVar [[r.Shadow.PreShadowResolutionFactor:1.0]]
[2024.03.17-15.38.53:258][  0]LogConfig: Setting CVar [[r.DistanceFieldShadowing:1]]
[2024.03.17-15.38.53:258][  0]LogConfig: Setting CVar [[r.DistanceFieldAO:1]]
[2024.03.17-15.38.53:258][  0]LogConfig: Setting CVar [[r.AOQuality:2]]
[2024.03.17-15.38.53:258][  0]LogConfig: Setting CVar [[r.VolumetricFog:1]]
[2024.03.17-15.38.53:258][  0]LogConfig: Setting CVar [[r.VolumetricFog.GridPixelSize:8]]
[2024.03.17-15.38.53:258][  0]LogConfig: Setting CVar [[r.VolumetricFog.GridSizeZ:128]]
[2024.03.17-15.38.53:258][  0]LogConfig: Setting CVar [[r.VolumetricFog.HistoryMissSupersampleCount:4]]
[2024.03.17-15.38.53:258][  0]LogConfig: Setting CVar [[r.LightMaxDrawDistanceScale:1]]
[2024.03.17-15.38.53:258][  0]LogConfig: Setting CVar [[r.CapsuleShadows:1]]
[2024.03.17-15.38.53:258][  0]LogConfig: Applying CVar settings from Section [PostProcessQuality@3] File [D:/GitHub/NetShootRewrite/Saved/Config/Windows/Scalability.ini]
[2024.03.17-15.38.53:258][  0]LogConfig: Setting CVar [[r.MotionBlurQuality:4]]
[2024.03.17-15.38.53:258][  0]LogConfig: Setting CVar [[r.AmbientOcclusionMipLevelFactor:0.4]]
[2024.03.17-15.38.53:258][  0]LogConfig: Setting CVar [[r.AmbientOcclusionMaxQuality:100]]
[2024.03.17-15.38.53:258][  0]LogConfig: Setting CVar [[r.AmbientOcclusionLevels:-1]]
[2024.03.17-15.38.53:258][  0]LogConfig: Setting CVar [[r.AmbientOcclusionRadiusScale:1.0]]
[2024.03.17-15.38.53:258][  0]LogConfig: Setting CVar [[r.DepthOfFieldQuality:2]]
[2024.03.17-15.38.53:258][  0]LogConfig: Setting CVar [[r.RenderTargetPoolMin:400]]
[2024.03.17-15.38.53:258][  0]LogConfig: Setting CVar [[r.LensFlareQuality:2]]
[2024.03.17-15.38.53:258][  0]LogConfig: Setting CVar [[r.SceneColorFringeQuality:1]]
[2024.03.17-15.38.53:258][  0]LogConfig: Setting CVar [[r.EyeAdaptationQuality:2]]
[2024.03.17-15.38.53:258][  0]LogConfig: Setting CVar [[r.BloomQuality:5]]
[2024.03.17-15.38.53:258][  0]LogConfig: Setting CVar [[r.FastBlurThreshold:100]]
[2024.03.17-15.38.53:258][  0]LogConfig: Setting CVar [[r.Upscale.Quality:3]]
[2024.03.17-15.38.53:258][  0]LogConfig: Setting CVar [[r.Tonemapper.GrainQuantization:1]]
[2024.03.17-15.38.53:258][  0]LogConfig: Setting CVar [[r.LightShaftQuality:1]]
[2024.03.17-15.38.53:258][  0]LogConfig: Setting CVar [[r.Filter.SizeScale:1]]
[2024.03.17-15.38.53:258][  0]LogConfig: Setting CVar [[r.Tonemapper.Quality:5]]
[2024.03.17-15.38.53:258][  0]LogConfig: Setting CVar [[r.DOF.Gather.AccumulatorQuality:1        ; higher gathering accumulator quality]]
[2024.03.17-15.38.53:258][  0]LogConfig: Setting CVar [[r.DOF.Gather.PostfilterMethod:1          ; Median3x3 postfilering method]]
[2024.03.17-15.38.53:258][  0]LogConfig: Setting CVar [[r.DOF.Gather.EnableBokehSettings:0       ; no bokeh simulation when gathering]]
[2024.03.17-15.38.53:258][  0]LogConfig: Setting CVar [[r.DOF.Gather.RingCount:4                 ; medium number of samples when gathering]]
[2024.03.17-15.38.53:258][  0]LogConfig: Setting CVar [[r.DOF.Scatter.ForegroundCompositing:1    ; additive foreground scattering]]
[2024.03.17-15.38.53:258][  0]LogConfig: Setting CVar [[r.DOF.Scatter.BackgroundCompositing:2    ; additive background scattering]]
[2024.03.17-15.38.53:258][  0]LogConfig: Setting CVar [[r.DOF.Scatter.EnableBokehSettings:1      ; bokeh simulation when scattering]]
[2024.03.17-15.38.53:258][  0]LogConfig: Setting CVar [[r.DOF.Scatter.MaxSpriteRatio:0.1         ; only a maximum of 10% of scattered bokeh]]
[2024.03.17-15.38.53:258][  0]LogConfig: Setting CVar [[r.DOF.Recombine.Quality:1                ; cheap slight out of focus]]
[2024.03.17-15.38.53:258][  0]LogConfig: Setting CVar [[r.DOF.Recombine.EnableBokehSettings:0    ; no bokeh simulation on slight out of focus]]
[2024.03.17-15.38.53:258][  0]LogConfig: Setting CVar [[r.DOF.TemporalAAQuality:1                ; more stable temporal accumulation]]
[2024.03.17-15.38.53:258][  0]LogConfig: Setting CVar [[r.DOF.Kernel.MaxForegroundRadius:0.025]]
[2024.03.17-15.38.53:258][  0]LogConfig: Setting CVar [[r.DOF.Kernel.MaxBackgroundRadius:0.025]]
[2024.03.17-15.38.53:258][  0]LogConfig: Applying CVar settings from Section [TextureQuality@3] File [D:/GitHub/NetShootRewrite/Saved/Config/Windows/Scalability.ini]
[2024.03.17-15.38.53:258][  0]LogConfig: Setting CVar [[r.Streaming.MipBias:0]]
[2024.03.17-15.38.53:258][  0]LogConfig: Setting CVar [[r.Streaming.AmortizeCPUToGPUCopy:0]]
[2024.03.17-15.38.53:258][  0]LogConfig: Setting CVar [[r.Streaming.MaxNumTexturesToStreamPerFrame:0]]
[2024.03.17-15.38.53:258][  0]LogConfig: Setting CVar [[r.Streaming.Boost:1]]
[2024.03.17-15.38.53:258][  0]LogConfig: Setting CVar [[r.MaxAnisotropy:8]]
[2024.03.17-15.38.53:258][  0]LogConfig: Setting CVar [[r.VT.MaxAnisotropy:8]]
[2024.03.17-15.38.53:258][  0]LogConfig: Setting CVar [[r.Streaming.LimitPoolSizeToVRAM:0]]
[2024.03.17-15.38.53:258][  0]LogConfig: Setting CVar [[r.Streaming.PoolSize:1000]]
[2024.03.17-15.38.53:258][  0]LogConfig: Setting CVar [[r.Streaming.MaxEffectiveScreenSize:0]]
[2024.03.17-15.38.53:258][  0]LogConfig: Applying CVar settings from Section [EffectsQuality@3] File [D:/GitHub/NetShootRewrite/Saved/Config/Windows/Scalability.ini]
[2024.03.17-15.38.53:258][  0]LogConfig: Setting CVar [[r.TranslucencyLightingVolumeDim:64]]
[2024.03.17-15.38.53:258][  0]LogConfig: Setting CVar [[r.RefractionQuality:2]]
[2024.03.17-15.38.53:258][  0]LogConfig: Setting CVar [[r.SSR.Quality:3]]
[2024.03.17-15.38.53:258][  0]LogConfig: Setting CVar [[r.SSR.HalfResSceneColor:0]]
[2024.03.17-15.38.53:258][  0]LogConfig: Setting CVar [[r.SceneColorFormat:4]]
[2024.03.17-15.38.53:258][  0]LogConfig: Setting CVar [[r.DetailMode:2]]
[2024.03.17-15.38.53:258][  0]LogConfig: Setting CVar [[r.TranslucencyVolumeBlur:1]]
[2024.03.17-15.38.53:258][  0]LogConfig: Setting CVar [[r.MaterialQualityLevel:1 ; High quality]]
[2024.03.17-15.38.53:258][  0]LogConfig: Setting CVar [[r.AnisotropicMaterials:1]]
[2024.03.17-15.38.53:258][  0]LogConfig: Setting CVar [[r.SSS.Scale:1]]
[2024.03.17-15.38.53:258][  0]LogConfig: Setting CVar [[r.SSS.SampleSet:2]]
[2024.03.17-15.38.53:258][  0]LogConfig: Setting CVar [[r.SSS.Quality:1]]
[2024.03.17-15.38.53:258][  0]LogConfig: Setting CVar [[r.SSS.HalfRes:0]]
[2024.03.17-15.38.53:258][  0]LogConfig: Setting CVar [[r.SSGI.Quality:3]]
[2024.03.17-15.38.53:258][  0]LogConfig: Setting CVar [[r.EmitterSpawnRateScale:1.0]]
[2024.03.17-15.38.53:258][  0]LogConfig: Setting CVar [[r.ParticleLightQuality:2]]
[2024.03.17-15.38.53:258][  0]LogConfig: Setting CVar [[r.SkyAtmosphere.AerialPerspectiveLUT.FastApplyOnOpaque:1 ; Always have FastSkyLUT 1 in this case to avoid wrong sky]]
[2024.03.17-15.38.53:258][  0]LogConfig: Setting CVar [[r.SkyAtmosphere.AerialPerspectiveLUT.SampleCountMaxPerSlice:4]]
[2024.03.17-15.38.53:258][  0]LogConfig: Setting CVar [[r.SkyAtmosphere.AerialPerspectiveLUT.DepthResolution:16.0]]
[2024.03.17-15.38.53:258][  0]LogConfig: Setting CVar [[r.SkyAtmosphere.FastSkyLUT:1]]
[2024.03.17-15.38.53:258][  0]LogConfig: Setting CVar [[r.SkyAtmosphere.FastSkyLUT.SampleCountMin:4.0]]
[2024.03.17-15.38.53:258][  0]LogConfig: Setting CVar [[r.SkyAtmosphere.FastSkyLUT.SampleCountMax:128.0]]
[2024.03.17-15.38.53:258][  0]LogConfig: Setting CVar [[r.SkyAtmosphere.SampleCountMin:4.0]]
[2024.03.17-15.38.53:258][  0]LogConfig: Setting CVar [[r.SkyAtmosphere.SampleCountMax:128.0]]
[2024.03.17-15.38.53:258][  0]LogConfig: Setting CVar [[r.SkyAtmosphere.TransmittanceLUT.UseSmallFormat:0]]
[2024.03.17-15.38.53:258][  0]LogConfig: Setting CVar [[r.SkyAtmosphere.TransmittanceLUT.SampleCount:10.0]]
[2024.03.17-15.38.53:258][  0]LogConfig: Setting CVar [[r.SkyAtmosphere.MultiScatteringLUT.SampleCount:15.0]]
[2024.03.17-15.38.53:258][  0]LogConfig: Setting CVar [[r.SkyLight.RealTimeReflectionCapture:1]]
[2024.03.17-15.38.53:258][  0]LogConfig: Applying CVar settings from Section [FoliageQuality@3] File [D:/GitHub/NetShootRewrite/Saved/Config/Windows/Scalability.ini]
[2024.03.17-15.38.53:258][  0]LogConfig: Setting CVar [[foliage.DensityScale:1.0]]
[2024.03.17-15.38.53:258][  0]LogConfig: Setting CVar [[grass.DensityScale:1.0]]
[2024.03.17-15.38.53:258][  0]LogConfig: Applying CVar settings from Section [ShadingQuality@3] File [D:/GitHub/NetShootRewrite/Saved/Config/Windows/Scalability.ini]
[2024.03.17-15.38.53:258][  0]LogConfig: Setting CVar [[r.HairStrands.SkyLighting.IntegrationType:2]]
[2024.03.17-15.38.53:259][  0]LogConfig: Setting CVar [[r.HairStrands.SkyAO.SampleCount:4]]
[2024.03.17-15.38.53:259][  0]LogConfig: Setting CVar [[r.HairStrands.Visibility.MSAA.SamplePerPixel:4]]
[2024.03.17-15.38.53:259][  0]LogConfig: Applying CVar settings from Section [Startup] File [../../../Engine/Config/ConsoleVariables.ini]
[2024.03.17-15.38.53:259][  0]LogConfig: Setting CVar [[net.UseAdaptiveNetUpdateFrequency:0]]
[2024.03.17-15.38.53:259][  0]LogConfig: Setting CVar [[p.chaos.AllowCreatePhysxBodies:1]]
[2024.03.17-15.38.53:259][  0]LogConfig: Setting CVar [[fx.SkipVectorVMBackendOptimizations:1]]
[2024.03.17-15.38.53:259][  0]LogConfig: Applying CVar settings from Section [ConsoleVariables] File [D:/GitHub/NetShootRewrite/Saved/Config/Windows/Engine.ini]
[2024.03.17-15.38.53:259][  0]LogConfig: Applying CVar settings from Section [ConsoleVariables] File [D:/GitHub/NetShootRewrite/Saved/Config/Windows/Editor.ini]
[2024.03.17-15.38.53:260][  0]LogInit: Computer: DESKTOP-6POMQQ5
[2024.03.17-15.38.53:260][  0]LogInit: User: ZTT
[2024.03.17-15.38.53:260][  0]LogInit: CPU Page size=4096, Cores=6
[2024.03.17-15.38.53:260][  0]LogInit: High frequency timer resolution =10.000000 MHz
[2024.03.17-15.38.53:260][  0]LogMemory: Memory total: Physical=15.9GB (16GB approx)
[2024.03.17-15.38.53:260][  0]LogMemory: Platform Memory Stats for Windows
[2024.03.17-15.38.53:260][  0]LogMemory: Process Physical Memory: 143.68 MB used, 143.69 MB peak
[2024.03.17-15.38.53:260][  0]LogMemory: Process Virtual Memory: 112.37 MB used, 112.37 MB peak
[2024.03.17-15.38.53:260][  0]LogMemory: Physical Memory: 13218.62 MB used,  3094.68 MB free, 16313.30 MB total
[2024.03.17-15.38.53:260][  0]LogMemory: Virtual Memory: 134203832.00 MB used,  13894.18 MB free, 134217728.00 MB total
[2024.03.17-15.38.53:267][  0]LogWindows: WindowsPlatformFeatures enabled
[2024.03.17-15.38.53:371][  0]LogInit: Physics initialised using underlying interface: PhysX
[2024.03.17-15.38.53:375][  0]LogInit: Overriding language with editor language configuration option (zh-Hans).
[2024.03.17-15.38.53:375][  0]LogInit: Using OS detected locale (zh-CN).
[2024.03.17-15.38.53:511][  0]LogTextLocalizationResource: LocRes '../../../Engine/Content/Localization/Editor/zh/Editor.locres' could not be opened for reading!
[2024.03.17-15.38.53:511][  0]LogTextLocalizationResource: LocRes '../../../Engine/Content/Localization/EditorTutorials/zh/EditorTutorials.locres' could not be opened for reading!
[2024.03.17-15.38.53:511][  0]LogTextLocalizationResource: LocRes '../../../Engine/Content/Localization/Keywords/zh/Keywords.locres' could not be opened for reading!
[2024.03.17-15.38.53:511][  0]LogTextLocalizationResource: LocRes '../../../Engine/Content/Localization/Category/zh/Category.locres' could not be opened for reading!
[2024.03.17-15.38.53:512][  0]LogTextLocalizationResource: LocRes '../../../Engine/Content/Localization/ToolTips/zh/ToolTips.locres' could not be opened for reading!
[2024.03.17-15.38.53:512][  0]LogTextLocalizationResource: LocRes '../../../Engine/Content/Localization/Engine/zh/Engine.locres' could not be opened for reading!
[2024.03.17-15.38.53:512][  0]LogTextLocalizationResource: LocRes '../../../Engine/Plugins/Online/OnlineSubsystem/Content/Localization/OnlineSubsystem/zh/OnlineSubsystem.locres' could not be opened for reading!
[2024.03.17-15.38.53:512][  0]LogTextLocalizationResource: LocRes '../../../Engine/Plugins/Online/OnlineSubsystemUtils/Content/Localization/OnlineSubsystemUtils/zh/OnlineSubsystemUtils.locres' could not be opened for reading!
[2024.03.17-15.38.53:512][  0]LogTextLocalizationResource: LocRes '../../../Engine/Plugins/Online/Android/OnlineSubsystemGooglePlay/Content/Localization/OnlineSubsystemGooglePlay/zh/OnlineSubsystemGooglePlay.locres' could not be opened for reading!
[2024.03.17-15.38.53:512][  0]LogTextLocalizationResource: LocRes '../../../Engine/Plugins/Online/IOS/OnlineSubsystemIOS/Content/Localization/OnlineSubsystemIOS/zh/OnlineSubsystemIOS.locres' could not be opened for reading!
[2024.03.17-15.38.53:537][  0]LogInit: Setting process to per monitor DPI aware
[2024.03.17-15.38.53:634][  0]LogWindowsTextInputMethodSystem: Display: IME system deactivated.
[2024.03.17-15.38.53:682][  0]LogSlate: New Slate User Created.  User Index 0, Is Virtual User: 0
[2024.03.17-15.38.53:682][  0]LogSlate: Slate User Registered.  User Index 0, Is Virtual User: 0
[2024.03.17-15.38.54:079][  0]LogD3D11RHI: Loaded GFSDK_Aftermath_Lib.x64.dll
[2024.03.17-15.38.54:085][  0]LogHMD: Failed to initialize OpenVR with code 110
[2024.03.17-15.38.54:085][  0]LogD3D11RHI: D3D11 min allowed feature level: 11_0
[2024.03.17-15.38.54:085][  0]LogD3D11RHI: D3D11 max allowed feature level: 11_0
[2024.03.17-15.38.54:085][  0]LogD3D11RHI: D3D11 adapters:
[2024.03.17-15.38.54:315][  0]LogD3D11RHI:    0. 'NVIDIA GeForce GTX 1660 Ti' (Feature Level 11_0)
[2024.03.17-15.38.54:315][  0]LogD3D11RHI:       5979/0/8156 MB DedicatedVideo/DedicatedSystem/SharedSystem, Outputs:1, VendorId:0x10de
[2024.03.17-15.38.54:318][  0]LogD3D11RHI:    1. 'Microsoft Basic Render Driver' (Feature Level 11_0)
[2024.03.17-15.38.54:318][  0]LogD3D11RHI:       0/0/8156 MB DedicatedVideo/DedicatedSystem/SharedSystem, Outputs:0, VendorId:0x1414
[2024.03.17-15.38.54:415][  0]LogD3D11RHI:    2. 'NVIDIA GeForce GTX 1660 Ti' (Feature Level 11_0)
[2024.03.17-15.38.54:415][  0]LogD3D11RHI:       5979/0/8156 MB DedicatedVideo/DedicatedSystem/SharedSystem, Outputs:0, VendorId:0x10de
[2024.03.17-15.38.54:415][  0]LogD3D11RHI: Chosen D3D11 Adapter:
[2024.03.17-15.38.54:415][  0]LogD3D11RHI:     Description : NVIDIA GeForce GTX 1660 Ti
[2024.03.17-15.38.54:415][  0]LogD3D11RHI:     VendorId    : 10de
[2024.03.17-15.38.54:415][  0]LogD3D11RHI:     DeviceId    : 2182
[2024.03.17-15.38.54:415][  0]LogD3D11RHI:     SubSysId    : 3fbe1458
[2024.03.17-15.38.54:415][  0]LogD3D11RHI:     Revision    : 00a1
[2024.03.17-15.38.54:415][  0]LogD3D11RHI:     DedicatedVideoMemory : 6269435904 bytes
[2024.03.17-15.38.54:415][  0]LogD3D11RHI:     DedicatedSystemMemory : 0 bytes
[2024.03.17-15.38.54:415][  0]LogD3D11RHI:     SharedSystemMemory : 8552867840 bytes
[2024.03.17-15.38.54:415][  0]LogD3D11RHI:     AdapterLuid : 0 51604
[2024.03.17-15.38.54:422][  0]LogD3D11RHI: Creating new Direct3DDevice
[2024.03.17-15.38.54:422][  0]LogD3D11RHI:     GPU DeviceId: 0x2182 (for the marketing name, search the web for "GPU Device Id")
[2024.03.17-15.38.54:422][  0]LogWindows: EnumDisplayDevices:
[2024.03.17-15.38.54:422][  0]LogWindows:    0. 'NVIDIA GeForce GTX 1660 Ti' (P:1 D:1)
[2024.03.17-15.38.54:423][  0]LogWindows:    1. 'NVIDIA GeForce GTX 1660 Ti' (P:0 D:0)
[2024.03.17-15.38.54:423][  0]LogWindows:    2. 'NVIDIA GeForce GTX 1660 Ti' (P:0 D:0)
[2024.03.17-15.38.54:424][  0]LogWindows:    3. 'NVIDIA GeForce GTX 1660 Ti' (P:0 D:0)
[2024.03.17-15.38.54:425][  0]LogWindows:    4. 'OrayIddDriver Device' (P:0 D:0)
[2024.03.17-15.38.54:425][  0]LogWindows:    5. 'OrayIddDriver Device' (P:0 D:0)
[2024.03.17-15.38.54:426][  0]LogWindows:    6. 'OrayIddDriver Device' (P:0 D:0)
[2024.03.17-15.38.54:426][  0]LogWindows:    7. 'OrayIddDriver Device' (P:0 D:0)
[2024.03.17-15.38.54:427][  0]LogWindows:    8. 'OrayIddDriver Device' (P:0 D:0)
[2024.03.17-15.38.54:427][  0]LogWindows: DebugString: GetVideoDriverDetailsInvalid PrimaryIsNotTheChoosenAdapter GetVideoDriverDetailsInvalid PrimaryIsNotTheChoosenAdapter GetVideoDriverDetailsInvalid PrimaryIsNotTheChoosenAdapter GetVideoDriverDetailsInvalid PrimaryIsNotTheChoosenAdapter GetVideoDriverDetailsInvalid PrimaryIsNotTheChoosenAdapter FoundDriverCount:4 
[2024.03.17-15.38.54:427][  0]LogD3D11RHI:     Adapter Name: NVIDIA GeForce GTX 1660 Ti
[2024.03.17-15.38.54:427][  0]LogD3D11RHI:   Driver Version: 536.23 (internal:31.0.15.3623, unified:536.23)
[2024.03.17-15.38.54:427][  0]LogD3D11RHI:      Driver Date: 6-8-2023
[2024.03.17-15.38.54:428][  0]LogRHI: Texture pool is 4185 MB (70% of 5979 MB)
[2024.03.17-15.38.54:428][  0]LogD3D11RHI: Creating D3DDevice using adapter:
[2024.03.17-15.38.54:428][  0]LogD3D11RHI:     Description : NVIDIA GeForce GTX 1660 Ti
[2024.03.17-15.38.54:428][  0]LogD3D11RHI:     VendorId    : 10de
[2024.03.17-15.38.54:428][  0]LogD3D11RHI:     DeviceId    : 2182
[2024.03.17-15.38.54:428][  0]LogD3D11RHI:     SubSysId    : 3fbe1458
[2024.03.17-15.38.54:428][  0]LogD3D11RHI:     Revision    : 00a1
[2024.03.17-15.38.54:428][  0]LogD3D11RHI:     DedicatedVideoMemory : 6269435904 bytes
[2024.03.17-15.38.54:428][  0]LogD3D11RHI:     DedicatedSystemMemory : 0 bytes
[2024.03.17-15.38.54:428][  0]LogD3D11RHI:     SharedSystemMemory : 8552867840 bytes
[2024.03.17-15.38.54:428][  0]LogD3D11RHI:     AdapterLuid : 0 51604
[2024.03.17-15.38.54:547][  0]LogD3D11RHI: RHI has support for 64 bit atomics
[2024.03.17-15.38.54:547][  0]LogD3D11RHI: Async texture creation enabled
[2024.03.17-15.38.54:547][  0]LogD3D11RHI: Array index from any shader is supported
[2024.03.17-15.38.54:550][  0]LogD3D11RHI: HDR output is supported on display 0 (NvId: 0x80061086).
[2024.03.17-15.38.54:596][  0]LogD3D11RHI: GPU Timing Frequency: 1000.000000 (Debug: 2 1)
[2024.03.17-15.38.54:675][  0]LogRHI: GeForceNow SDK initialized: 1
[2024.03.17-15.38.54:933][  0]LogTargetPlatformManager: Display: Loaded TargetPlatform 'AllDesktop'
[2024.03.17-15.38.54:956][  0]LogTargetPlatformManager: Display: Loaded TargetPlatform 'Android'
[2024.03.17-15.38.54:956][  0]LogTargetPlatformManager: Display: Loaded TargetPlatform 'Android_ASTC'
[2024.03.17-15.38.54:956][  0]LogTargetPlatformManager: Display: Loaded TargetPlatform 'Android_DXT'
[2024.03.17-15.38.54:956][  0]LogTargetPlatformManager: Display: Loaded TargetPlatform 'Android_ETC2'
[2024.03.17-15.38.54:956][  0]LogTargetPlatformManager: Display: Loaded TargetPlatform 'AndroidClient'
[2024.03.17-15.38.54:956][  0]LogTargetPlatformManager: Display: Loaded TargetPlatform 'Android_ASTCClient'
[2024.03.17-15.38.54:956][  0]LogTargetPlatformManager: Display: Loaded TargetPlatform 'Android_DXTClient'
[2024.03.17-15.38.54:956][  0]LogTargetPlatformManager: Display: Loaded TargetPlatform 'Android_ETC2Client'
[2024.03.17-15.38.54:956][  0]LogTargetPlatformManager: Display: Loaded TargetPlatform 'Android_Multi'
[2024.03.17-15.38.54:956][  0]LogTargetPlatformManager: Display: Loaded TargetPlatform 'Android_MultiClient'
[2024.03.17-15.38.54:979][  0]LogTargetPlatformManager: Display: Loaded TargetPlatform 'IOSClient'
[2024.03.17-15.38.54:979][  0]LogTargetPlatformManager: Display: Loaded TargetPlatform 'IOS'
[2024.03.17-15.38.55:004][  0]LogTargetPlatformManager: Display: Loaded TargetPlatform 'Lumin'
[2024.03.17-15.38.55:004][  0]LogTargetPlatformManager: Display: Loaded TargetPlatform 'LuminClient'
[2024.03.17-15.38.55:015][  0]LogTargetPlatformManager: Display: Loaded TargetPlatform 'MacNoEditor'
[2024.03.17-15.38.55:021][  0]LogTargetPlatformManager: Display: Loaded TargetPlatform 'Mac'
[2024.03.17-15.38.55:027][  0]LogTargetPlatformManager: Display: Loaded TargetPlatform 'MacClient'
[2024.03.17-15.38.55:033][  0]LogTargetPlatformManager: Display: Loaded TargetPlatform 'MacServer'
[2024.03.17-15.38.55:043][  0]LogTargetPlatformManager: Display: Loaded TargetPlatform 'TVOSClient'
[2024.03.17-15.38.55:043][  0]LogTargetPlatformManager: Display: Loaded TargetPlatform 'TVOS'
[2024.03.17-15.38.55:054][  0]LogTargetPlatformManager: Display: Loaded TargetPlatform 'WindowsNoEditor'
[2024.03.17-15.38.55:060][  0]LogTargetPlatformManager: Display: Loaded TargetPlatform 'Windows'
[2024.03.17-15.38.55:066][  0]LogTargetPlatformManager: Display: Loaded TargetPlatform 'WindowsClient'
[2024.03.17-15.38.55:072][  0]LogTargetPlatformManager: Display: Loaded TargetPlatform 'WindowsServer'
[2024.03.17-15.38.55:072][  0]LogTargetPlatformManager: Display: Building Assets For Windows
[2024.03.17-15.38.55:089][  0]LogAudioDebug: Display: Lib vorbis DLL was dynamically loaded.
[2024.03.17-15.38.55:162][  0]LogTextureFormatOodle: Display: Oodle Texture 2.9.0 init RDO Off
[2024.03.17-15.38.55:270][  0]LogRendererCore: Ray tracing is disabled. Reason: r.RayTracing=0.
[2024.03.17-15.38.55:272][  0]LogShaderCompilers: Guid format shader working directory is 19 characters bigger than the processId version (D:/GitHub/NetShootRewrite/Intermediate/Shaders/WorkingDirectory/7648/).
[2024.03.17-15.38.55:272][  0]LogShaderCompilers: Cleaned the shader compiler working directory 'C:/Users/ZTT/AppData/Local/Temp/UnrealShaderWorkingDir/733639E34A02895E07B82A9064246CDA/'.
[2024.03.17-15.38.55:275][  0]LogXGEController: Cleaning working directory: C:/Users/ZTT/AppData/Local/Temp/UnrealXGEWorkingDir/
[2024.03.17-15.38.55:276][  0]LogShaderCompilers: Display: Using XGE Controller for Shader Compilation.
[2024.03.17-15.38.56:096][  0]LogDerivedDataCache: Display: Max Cache Size: 512 MB
[2024.03.17-15.38.57:660][  0]LogDerivedDataCache: Loaded boot cache 1.56s 94MB D:/GitHub/NetShootRewrite/DerivedDataCache/Boot.ddc.
[2024.03.17-15.38.57:661][  0]LogDerivedDataCache: Display: Loaded Boot cache: D:/GitHub/NetShootRewrite/DerivedDataCache/Boot.ddc
[2024.03.17-15.38.57:661][  0]LogDerivedDataCache: FDerivedDataBackendGraph:  Pak pak cache file D:/GitHub/NetShootRewrite/DerivedDataCache/DDC.ddp not found, will not use a pak cache.
[2024.03.17-15.38.57:661][  0]LogDerivedDataCache: Unable to find inner node Pak for hierarchical cache Hierarchy.
[2024.03.17-15.38.57:661][  0]LogDerivedDataCache: FDerivedDataBackendGraph:  EnginePak pak cache file ../../../Engine/DerivedDataCache/DDC.ddp not found, will not use a pak cache.
[2024.03.17-15.38.57:661][  0]LogDerivedDataCache: Unable to find inner node EnginePak for hierarchical cache Hierarchy.
[2024.03.17-15.38.57:676][  0]LogDerivedDataCache: Speed tests for ../../../Engine/DerivedDataCache took 0.02 seconds
[2024.03.17-15.38.57:676][  0]LogDerivedDataCache: Display: Performance to ../../../Engine/DerivedDataCache: Latency=0.20ms. RandomReadSpeed=176.12MBs, RandomWriteSpeed=125.34MBs. Assigned SpeedClass 'Local'
[2024.03.17-15.38.57:677][  0]LogDerivedDataCache: Using Local data cache path ../../../Engine/DerivedDataCache: Writable
[2024.03.17-15.38.57:677][  0]LogDerivedDataCache: Shared data cache path not found in *engine.ini, will not use an Shared cache.
[2024.03.17-15.38.57:677][  0]LogDerivedDataCache: Unable to find inner node Shared for hierarchical cache Hierarchy.
[2024.03.17-15.38.57:726][  0]LogSlate: Using FreeType 2.10.0
[2024.03.17-15.38.57:728][  0]LogSlate: SlateFontServices - WITH_FREETYPE: 1, WITH_HARFBUZZ: 1
[2024.03.17-15.38.57:770][  0]LogAssetRegistry: FAssetRegistry took 0.0057 seconds to start up
[2024.03.17-15.38.58:179][  0]LogInit: Selected Device Profile: [Windows]
[2024.03.17-15.38.58:179][  0]LogInit: Active device profile: [000001C3AD7CED00][000001C3ABB5C380 49] Windows
[2024.03.17-15.38.58:179][  0]LogInit: Profiles: [000001C3AD7CED00][000001C3ABB5C380 49] Windows, [000001C3AE781600][000001C39F012500 49] WindowsNoEditor, [000001C3AD7CD500][000001C39F016680 49] WindowsServer, [000001C3AE782B00][000001C39F01A800 49] WindowsClient, [000001C3AD7CEA00][000001C39F01E980 49] IOS, [000001C3AE781A00][000001C3AC602B00 49] iPadAir, [000001C3AD7CD900][000001C3AC606C80 49] iPadAir2, [000001C3AE727C00][000001C3AC60EF40 49] IPadPro, [000001C3AE727D00][000001C3AC60AF80 49] iPadAir3, [000001C3AD7CEF00][000001C3AC613100 49] iPadAir4, [000001C3AE725900][000001C3AC617280 49] iPadMini2, [000001C3AD7CD300][000001C3AC61B400 49] iPadMini3, [000001C3AE724D00][000001C3AC61F580 49] iPadMini4, [000001C3AD7CC900][000001C3AC623700 49] iPadMini5, [000001C3AE767500][000001C3AC62B9C0 49] iPhone6, [000001C3AE767600][000001C3AC627A00 49] iPodTouch6, [000001C3AE724700][000001C3AC632140 49] iPhone7, [000001C3AE724600][000001C3AC62E180 49] iPodTouch7, [000001C3AE765800][000001C39F00E2C0 49] iPhone5S, [000001C3AE727600][000001C3AC636400 49] iPhone6Plus, [000001C3AE767800][000001C3AC63A540 49] iPhone6S, [000001C3AE725B00][000001C3AC6426C0 49] iPhone6SPlus, [000001C3AE765700][000001C3AC646840 49] iPhone7Plus, [000001C3AE727100][000001C3AC64A9C0 49] iPhoneSE, [000001C3AE766500][000001C3AC64EB40 49] iPhone8, [000001C3AE725500][000001C3AC652CC0 49] iPhone8Plus, [000001C3AE765E00][000001C3AC656E40 49] iPhoneX, [000001C3AE725000][000001C3AC65AFC0 49] iPhoneXS, [000001C3AE766200][000001C3AC65F140 49] iPhoneXSMax, [000001C3AE724500][000001C3AC6632C0 49] iPhoneXR, [000001C3AE766100][000001C3AC667440 49] iPhone11, [000001C3AE726D00][000001C3AC66B5C0 49] iPhone11Pro, [000001C3AE765600][000001C3AC66F740 49] iPhone11ProMax, [000001C3AE725D00][000001C3AC6738C0 49] iPhoneSE2, [000001C3AE767200][000001C3AC677A40 49] iPhone12Mini, [000001C3AE725E00][000001C3AC67BBC0 49] iPhone12, [000001C3AE764300][000001C3AC67E1C0 49] iPhone12Pro, [000001C3AE727500][000001C3AC682340 49] iPhone12ProMax, [000001C3AE767C00][000001C3AC63E480 49] iPadPro105, [000001C3AE724200][000001C3AC6865C0 49] iPadPro129, [000001C3AE764E00][000001C3AC68A700 49] iPadPro97, [000001C3AE724100][000001C3AC692880 49] iPadPro2_129, [000001C3AE767F00][000001C3AC696A00 49] iPad5, [000001C3AE724900][000001C3AC69AB80 49] iPad6, [000001C3AE767B00][000001C3AC69ED00 49] iPad7, [000001C3AE726A00][000001C3AC6A2E80 49] iPad8, [000001C3AE766800][000001C3AC6A7000 49] iPadPro11, [000001C3AE724A00][000001C3AC6AB180 49] iPadPro2_11, [000001C3AE764700][000001C3AC6AF300 49] iPadPro3_129, [000001C3AE727200][000001C3AC6B3480 49] iPadPro4_129, [000001C3AE767A00][000001C3AC6B7600 49] AppleTV, [000001C3AE724C00][000001C3AC6BB780 49] AppleTV4K, [000001C3AE766C00][000001C3AC6BF900 49] TVOS, [000001C3AE727000][000001C3AC6C3A80 49] Mac, [000001C3AE780E00][000001C3AC6C7C00 49] MacClient, [000001C3AD810800][000001C3AC6CA200 49] MacNoEditor, [000001C3AE781500][000001C3AC6CE380 49] MacServer, [000001C3AD810300][000001C3AC6D2500 49] Linux, [000001C3AE782D00][000001C3AC68E640 49] LinuxAArch64, [000001C3AD810B00][000001C3AC6D6780 49] LinuxNoEditor, [000001C3AE781D00][000001C3AC6DA8C0 49] LinuxAArch64NoEditor, [000001C3AD811500][000001C3AC6E2A40 49] LinuxClient, [000001C3AE780500][000001C3AC6E6BC0 49] LinuxAArch64Client, [000001C3AD811100][000001C3AC6EAD40 49] LinuxServer, [000001C3AE783600][000001C3AC6EEEC0 49] LinuxAArch64Server, [000001C3AD811200][000001C3AC6F3040 49] Android, [000001C3AE780400][000001C3AC6F71C0 49] Android_Low, [000001C3AD810C00][000001C3AC6FB340 49] Android_Mid, [000001C3AE780D00][000001C3AC6FF4C0 49] Android_High, [000001C3AD811300][000001C3AC703640 49] Android_Default, [000001C3AE780300][000001C3AC7077C0 49] Android_Adreno4xx, [000001C3AD811900][000001C3AC70B940 49] Android_Adreno5xx_Low, [000001C3AE783700][000001C3AC70FAC0 49] Android_Adreno5xx, [000001C3AD810900][000001C3AC7120C0 49] Android_Adreno6xx, [000001C3AE782200][000001C3AC716240 49] Android_Adreno6xx_Vulkan, [000001C3AD810F00][000001C3AC71A3C0 49] Android_Mali_T6xx, [000001C3AE727E00][000001C3AC71E540 49] Android_Mali_T7xx, [000001C3AE765100][000001C3AC7226C0 49] Android_Mali_T8xx, [000001C3AE726700][000001C3AC6DE800 49] Android_Mali_G71, [000001C3AE767300][000001C3AC726940 49] Android_Mali_G72, [000001C3AE726000][000001C3AC72AA80 49] Android_Mali_G72_Vulkan, [000001C3AE767900][000001C3AC72EBC0 49] Android_Mali_G76, [000001C3AE724300][000001C3AC736D40 49] Android_Mali_G76_Vulkan, [000001C3AE765F00][000001C3AC73AEC0 49] Android_Mali_G77, [000001C3AE725700][000001C3AC73F040 49] Android_Mali_G77_Vulkan, [000001C3AE766400][000001C3AC7431C0 49] Android_Mali_G78, [000001C3AE726400][000001C3AC747340 49] Android_Mali_G78_Vulkan, [000001C3AE766700][000001C3AC74B4C0 49] Android_Mali_G710, [000001C3AE727800][000001C3AC74F640 49] Android_Mali_G710_Vulkan, [000001C3AE764900][000001C3AC7537C0 49] Android_Vulkan_SM5, [000001C3AE724F00][000001C3AC757940 49] Android_PowerVR_G6xxx, [000001C3AE764400][000001C3AC75BAC0 49] Android_PowerVR_GT7xxx, [000001C3AE724E00][000001C3AC75E0C0 49] Android_PowerVR_GE8xxx, [000001C3AE765A00][000001C3AC762240 49] Android_PowerVR_GM9xxx, [000001C3AE725300][000001C3AC7663C0 49] Android_PowerVR_GM9xxx_Vulkan, [000001C3AE765000][000001C3AC76A540 49] Android_TegraK1, [000001C3AE725F00][000001C3AC76E6C0 49] Android_Unknown_Vulkan, [000001C3AE765400][000001C3AC78C840 49] Lumin, [000001C3AE726600][000001C3AC732980 49] Lumin_Desktop, [000001C3AD7CD400][000001C3ABF80AC0 49] HoloLens, 
