Log file open, 03/20/24 12:25:03
LogWindows: Failed to load 'aqProf.dll' (GetLastError=126)
LogWindows: File 'aqProf.dll' does not exist
LogWindows: Failed to load 'VtuneApi.dll' (GetLastError=126)
LogWindows: File 'VtuneApi.dll' does not exist
LogWindows: Failed to load 'VtuneApi32e.dll' (GetLastError=126)
LogWindows: File 'VtuneApi32e.dll' does not exist
LogConsoleResponse: Display: Failed to find resolution value strings in scalability ini. Falling back to default.
LogConsoleResponse: Display: Failed to find resolution value strings in scalability ini. Falling back to default.
LogInit: Display: Running engine for game: NetShootRewrite
LogPlatformFile: Not using cached read wrapper
LogTaskGraph: Started task graph with 5 named threads and 35 total threads with 3 sets of task threads.
LogStats: Stats thread started at 0.144534
LogICUInternationalization: ICU TimeZone Detection - Raw Offset: +8:00, Platform Override: ''
LogInit: Display: Loading text-based GConfig....
LogPluginManager: Mounting plugin MeshPainting
LogPluginManager: Mounting plugin XGEController
LogPluginManager: Mounting plugin Paper2D
LogPluginManager: Mounting plugin AISupport
LogPluginManager: Mounting plugin EnvironmentQueryEditor
LogPluginManager: Mounting plugin LightPropagationVolume
LogPluginManager: Mounting plugin LiveLink
LogPluginManager: Mounting plugin CameraShakePreviewer
LogPluginManager: Mounting plugin GameplayCameras
LogPluginManager: Mounting plugin OodleData
LogPluginManager: Mounting plugin OodleNetwork
LogPluginManager: Mounting plugin AnimationSharing
LogPluginManager: Mounting plugin CLionSourceCodeAccess
LogPluginManager: Mounting plugin CodeLiteSourceCodeAccess
LogPluginManager: Mounting plugin KDevelopSourceCodeAccess
LogPluginManager: Mounting plugin GitSourceControl
LogPluginManager: Mounting plugin NullSourceCodeAccess
LogPluginManager: Mounting plugin PixWinPlugin
LogPluginManager: Mounting plugin PerforceSourceControl
LogPluginManager: Mounting plugin PlasticSourceControl
LogPluginManager: Mounting plugin PluginUtils
LogPluginManager: Mounting plugin PropertyAccessNode
LogPluginManager: Mounting plugin RiderSourceCodeAccess
LogPluginManager: Mounting plugin SubversionSourceControl
LogPluginManager: Mounting plugin TextureFormatOodle
LogPluginManager: Mounting plugin UObjectPlugin
LogPluginManager: Mounting plugin VisualStudioSourceCodeAccess
LogPluginManager: Mounting plugin VisualStudioCodeSourceCodeAccess
LogPluginManager: Mounting plugin XCodeSourceCodeAccess
LogPluginManager: Mounting plugin DatasmithContent
LogPluginManager: Mounting plugin VariantManagerContent
LogPluginManager: Mounting plugin AssetManagerEditor
LogPluginManager: Mounting plugin CryptoKeys
LogPluginManager: Mounting plugin CurveEditorTools
LogPluginManager: Mounting plugin DataValidation
LogPluginManager: Mounting plugin GameplayTagsEditor
LogPluginManager: Mounting plugin FacialAnimation
LogPluginManager: Mounting plugin GeometryMode
LogPluginManager: Mounting plugin MacGraphicsSwitching
LogPluginManager: Mounting plugin MobileLauncherProfileWizard
LogPluginManager: Mounting plugin MaterialAnalyzer
LogPluginManager: Mounting plugin AlembicImporter
LogPluginManager: Mounting plugin PluginBrowser
LogPluginManager: Mounting plugin SpeedTreeImporter
LogPluginManager: Mounting plugin AutomationUtils
LogPluginManager: Mounting plugin BackChannel
LogPluginManager: Mounting plugin ChaosClothEditor
LogPluginManager: Mounting plugin ChaosCloth
LogPluginManager: Mounting plugin ChaosEditor
LogPluginManager: Mounting plugin ChaosNiagara
LogPluginManager: Mounting plugin ChaosSolverPlugin
LogPluginManager: Mounting plugin CharacterAI
LogPluginManager: Mounting plugin GeometryCache
LogPluginManager: Mounting plugin GeometryCollectionPlugin
LogPluginManager: Mounting plugin Niagara
LogPluginManager: Mounting plugin GeometryProcessing
LogPluginManager: Mounting plugin MotoSynth
LogPluginManager: Mounting plugin OpenImageDenoise
LogPluginManager: Mounting plugin PlanarCut
LogPluginManager: Mounting plugin PlatformCrypto
LogPluginManager: Mounting plugin ProxyLODPlugin
LogPluginManager: Mounting plugin PythonScriptPlugin
LogPluginManager: Mounting plugin SkeletalReduction
LogPluginManager: Mounting plugin LuminPlatformFeatures
LogPluginManager: Mounting plugin MagicLeap
LogPluginManager: Mounting plugin MagicLeapLightEstimation
LogPluginManager: Mounting plugin MagicLeapMedia
LogPluginManager: Mounting plugin MagicLeapPassableWorld
LogPluginManager: Mounting plugin AndroidMedia
LogPluginManager: Mounting plugin MLSDK
LogPluginManager: Mounting plugin AvfMedia
LogPluginManager: Mounting plugin ImgMedia
LogPluginManager: Mounting plugin MediaCompositing
LogPluginManager: Mounting plugin MediaPlayerEditor
LogPluginManager: Mounting plugin WebMMedia
LogPluginManager: Mounting plugin WmfMedia
LogPluginManager: Mounting plugin UdpMessaging
LogPluginManager: Mounting plugin TcpMessaging
LogPluginManager: Mounting plugin ActorSequence
LogPluginManager: Mounting plugin LevelSequenceEditor
LogPluginManager: Mounting plugin MatineeToLevelSequence
LogPluginManager: Mounting plugin TemplateSequence
LogPluginManager: Mounting plugin OnlineSubsystem
LogPluginManager: Mounting plugin OnlineSubsystemNull
LogPluginManager: Mounting plugin LauncherChunkInstaller
LogPluginManager: Mounting plugin ActorLayerUtilities
LogPluginManager: Mounting plugin OnlineSubsystemUtils
LogPluginManager: Mounting plugin AndroidDeviceProfileSelector
LogPluginManager: Mounting plugin AndroidMoviePlayer
LogPluginManager: Mounting plugin AndroidPermission
LogPluginManager: Mounting plugin AppleMoviePlayer
LogPluginManager: Mounting plugin AppleImageUtils
LogPluginManager: Mounting plugin ArchVisCharacter
LogPluginManager: Mounting plugin AssetTags
LogPluginManager: Mounting plugin AudioCapture
LogPluginManager: Mounting plugin AudioSynesthesia
LogPluginManager: Mounting plugin CableComponent
LogPluginManager: Mounting plugin CustomMeshComponent
LogPluginManager: Mounting plugin ChunkDownloader
LogPluginManager: Mounting plugin EditableMesh
LogPluginManager: Mounting plugin ExampleDeviceProfileSelector
LogPluginManager: Mounting plugin GoogleCloudMessaging
LogPluginManager: Mounting plugin GooglePAD
LogPluginManager: Mounting plugin IOSDeviceProfileSelector
LogPluginManager: Mounting plugin LinuxDeviceProfileSelector
LogPluginManager: Mounting plugin LocationServicesBPLibrary
LogPluginManager: Mounting plugin MobilePatchingUtils
LogPluginManager: Mounting plugin OpenXR
LogPluginManager: Mounting plugin OpenXRHandTracking
LogPluginManager: Mounting plugin PhysXVehicles
LogPluginManager: Mounting plugin PostSplashScreen
LogPluginManager: Mounting plugin OpenXREyeTracker
LogPluginManager: Mounting plugin ProceduralMeshComponent
LogPluginManager: Mounting plugin PropertyAccessEditor
LogPluginManager: Mounting plugin RuntimePhysXCooking
LogPluginManager: Mounting plugin SignificanceManager
LogPluginManager: Mounting plugin SoundFields
LogPluginManager: Mounting plugin Synthesis
LogPluginManager: Mounting plugin WebMMoviePlayer
LogPluginManager: Mounting plugin WindowsMoviePlayer
LogPluginManager: Mounting plugin ScreenshotTools
LogPluginManager: Mounting plugin Takes
LogPluginManager: Mounting plugin ContentBrowserAssetDataSource
LogPluginManager: Mounting plugin ContentBrowserClassDataSource
LogPluginManager: Mounting plugin ContentBrowserFileDataSource
LogPluginManager: Mounting plugin RiderLink
LogPluginManager: Mounting plugin OnlineSubsystemGooglePlay
LogPluginManager: Mounting plugin OnlineSubsystemIOS
LogPluginManager: Mounting plugin OculusVR
LogPluginManager: Mounting plugin SteamVR
PixWinPlugin: PIX capture plugin failed to initialize! Check that the process is launched from PIX.
LogInit: Using libcurl 7.55.1-DEV
LogInit:  - built for x86_64-pc-win32
LogInit:  - supports SSL with OpenSSL/1.1.1
LogInit:  - supports HTTP deflate (compression) using libz 1.2.8
LogInit:  - other features:
LogInit:      CURL_VERSION_SSL
LogInit:      CURL_VERSION_LIBZ
LogInit:      CURL_VERSION_IPV6
LogInit:      CURL_VERSION_ASYNCHDNS
LogInit:      CURL_VERSION_LARGEFILE
LogInit:      CURL_VERSION_IDN
LogInit:  CurlRequestOptions (configurable via config and command line):
LogInit:  - bVerifyPeer = true  - Libcurl will verify peer certificate
LogInit:  - bUseHttpProxy = false  - Libcurl will NOT use HTTP proxy
LogInit:  - bDontReuseConnections = false  - Libcurl will reuse connections
LogInit:  - MaxHostConnections = 16  - Libcurl will limit the number of connections to a host
LogInit:  - LocalHostAddr = Default
LogInit:  - BufferSize = 65536
LogOnline: OSS: Creating online subsystem instance for: NULL
LogInit: WinSock: version 1.1 (2.2), MaxSocks=32767, MaxUdp=65467
LogOnline: OSS: TryLoadSubsystemAndSetDefault: Loaded subsystem for module [NULL]
LogOculusPluginWrapper: OculusPlugin initialized successfully
LogHMD: Failed initializing OVRPlugin 1.59.0
LogInit: Build: ++UE4+Release-4.27-CL-0
LogInit: Engine Version: 4.27.2-0+++UE4+Release-4.27
LogInit: Compatible Engine Version: 4.27.0-0+++UE4+Release-4.27
LogInit: Net CL: 0
LogInit: OS: Windows 10 (Release 2009) (), CPU: Intel(R) Core(TM) i7-8700 CPU @ 3.20GHz, GPU: NVIDIA GeForce GTX 1660 Ti
LogInit: Compiled (64-bit): Mar 12 2024 21:46:05
LogInit: Compiled with Visual C++: 19.39.33521.00
LogInit: Build Configuration: Development
LogInit: Branch Name: ++UE4+Release-4.27
LogInit: Command Line:  -skipcompile
LogInit: Base Directory: C:/Program Files (x86)/UE4.27/UnrealEngine-4.27/Engine/Binaries/Win64/
LogInit: Allocator: TBB
LogInit: Installed Engine Build: 0
LogDevObjectVersion: Number of dev versions registered: 29
LogDevObjectVersion:   Dev-Blueprints (B0D832E4-1F89-4F0D-ACCF-7EB736FD4AA2): 10
LogDevObjectVersion:   Dev-Build (E1C64328-A22C-4D53-A36C-8E866417BD8C): 0
LogDevObjectVersion:   Dev-Core (375EC13C-06E4-48FB-B500-84F0262A717E): 4
LogDevObjectVersion:   Dev-Editor (E4B068ED-F494-42E9-A231-DA0B2E46BB41): 40
LogDevObjectVersion:   Dev-Framework (CFFC743F-43B0-4480-9391-14DF171D2073): 37
LogDevObjectVersion:   Dev-Mobile (B02B49B5-BB20-44E9-A304-32B752E40360): 3
LogDevObjectVersion:   Dev-Networking (A4E4105C-59A1-49B5-A7C5-40C4547EDFEE): 0
LogDevObjectVersion:   Dev-Online (39C831C9-5AE6-47DC-9A44-9C173E1C8E7C): 0
LogDevObjectVersion:   Dev-Physics (78F01B33-EBEA-4F98-B9B4-84EACCB95AA2): 14
LogDevObjectVersion:   Dev-Platform (6631380F-2D4D-43E0-8009-CF276956A95A): 0
LogDevObjectVersion:   Dev-Rendering (12F88B9F-8875-4AFC-A67C-D90C383ABD29): 45
LogDevObjectVersion:   Dev-Sequencer (7B5AE74C-D270-4C10-A958-57980B212A5A): 13
LogDevObjectVersion:   Dev-VR (D7296918-1DD6-4BDD-9DE2-64A83CC13884): 3
LogDevObjectVersion:   Dev-LoadTimes (C2A15278-BFE7-4AFE-6C17-90FF531DF755): 1
LogDevObjectVersion:   Private-Geometry (6EACA3D4-40EC-4CC1-B786-8BED09428FC5): 3
LogDevObjectVersion:   Dev-AnimPhys (29E575DD-E0A3-4627-9D10-D276232CDCEA): 17
LogDevObjectVersion:   Dev-Anim (AF43A65D-7FD3-4947-9873-3E8ED9C1BB05): 15
LogDevObjectVersion:   Dev-ReflectionCapture (6B266CEC-1EC7-4B8F-A30B-E4D90942FC07): 1
LogDevObjectVersion:   Dev-Automation (0DF73D61-A23F-47EA-B727-89E90C41499A): 1
LogDevObjectVersion:   FortniteMain (601D1886-AC64-4F84-AA16-D3DE0DEAC7D6): 47
LogDevObjectVersion:   FortniteRelease (E7086368-6B23-4C58-8439-1B7016265E91): 1
LogDevObjectVersion:   Dev-Enterprise (9DFFBCD6-494F-0158-E221-12823C92A888): 10
LogDevObjectVersion:   Dev-Niagara (F2AED0AC-9AFE-416F-8664-AA7FFA26D6FC): 1
LogDevObjectVersion:   Dev-Destruction (174F1F0B-B4C6-45A5-B13F-2EE8D0FB917D): 10
LogDevObjectVersion:   Dev-Physics-Ext (35F94A83-E258-406C-A318-09F59610247C): 41
LogDevObjectVersion:   Dev-PhysicsMaterial-Chaos (B68FC16E-8B1B-42E2-B453-215C058844FE): 1
LogDevObjectVersion:   Dev-CineCamera (B2E18506-4273-CFC2-A54E-F4BB758BBA07): 1
LogDevObjectVersion:   Dev-VirtualProduction (64F58936-FD1B-42BA-BA96-7289D5D0FA4E): 1
LogDevObjectVersion:   Dev-MediaFramework (6F0ED827-A609-4895-9C91-998D90180EA4): 2
LogInit: Presizing for max 25165824 objects, including 0 objects not considered by GC, pre-allocating 0 bytes for permanent pool.
LogConfig: Applying CVar settings from Section [/Script/Engine.StreamingSettings] File [D:/GitHub/NetShootRewrite/Saved/Config/Windows/Engine.ini]
LogConfig: Setting CVar [[s.MinBulkDataSizeForAsyncLoading:131072]]
LogConfig: Setting CVar [[s.AsyncLoadingThreadEnabled:0]]
LogConfig: Setting CVar [[s.EventDrivenLoaderEnabled:1]]
LogConfig: Setting CVar [[s.WarnIfTimeLimitExceeded:0]]
LogConfig: Setting CVar [[s.TimeLimitExceededMultiplier:1.5]]
LogConfig: Setting CVar [[s.TimeLimitExceededMinTime:0.005]]
LogConfig: Setting CVar [[s.UseBackgroundLevelStreaming:1]]
LogConfig: Setting CVar [[s.PriorityAsyncLoadingExtraTime:15.0]]
LogConfig: Setting CVar [[s.LevelStreamingActorsUpdateTimeLimit:5.0]]
LogConfig: Setting CVar [[s.PriorityLevelStreamingActorsUpdateExtraTime:5.0]]
LogConfig: Setting CVar [[s.LevelStreamingComponentsRegistrationGranularity:10]]
LogConfig: Setting CVar [[s.UnregisterComponentsTimeLimit:1.0]]
LogConfig: Setting CVar [[s.LevelStreamingComponentsUnregistrationGranularity:5]]
LogConfig: Setting CVar [[s.FlushStreamingOnExit:1]]
LogInit: Object subsystem initialized
LogConfig: Setting CVar [[con.DebugEarlyDefault:1]]
LogConfig: Setting CVar [[r.setres:1280x720]]
[2024.03.20-04.25.04:693][  0]LogConfig: Setting CVar [[r.VSync:0]]
[2024.03.20-04.25.04:693][  0]LogConfig: Setting CVar [[r.RHICmdBypass:0]]
[2024.03.20-04.25.04:693][  0]LogConfig: Applying CVar settings from Section [/Script/Engine.RendererSettings] File [D:/GitHub/NetShootRewrite/Saved/Config/Windows/Engine.ini]
[2024.03.20-04.25.04:693][  0]LogConfig: Setting CVar [[r.GPUCrashDebugging:0]]
[2024.03.20-04.25.04:693][  0]LogConfig: Applying CVar settings from Section [/Script/Engine.RendererOverrideSettings] File [D:/GitHub/NetShootRewrite/Saved/Config/Windows/Engine.ini]
[2024.03.20-04.25.04:693][  0]LogConfig: Applying CVar settings from Section [/Script/Engine.StreamingSettings] File [D:/GitHub/NetShootRewrite/Saved/Config/Windows/Engine.ini]
[2024.03.20-04.25.04:693][  0]LogConfig: Setting CVar [[s.MinBulkDataSizeForAsyncLoading:131072]]
[2024.03.20-04.25.04:693][  0]LogConfig: Setting CVar [[s.AsyncLoadingThreadEnabled:0]]
[2024.03.20-04.25.04:693][  0]LogConfig: Setting CVar [[s.EventDrivenLoaderEnabled:1]]
[2024.03.20-04.25.04:693][  0]LogConfig: Setting CVar [[s.WarnIfTimeLimitExceeded:0]]
[2024.03.20-04.25.04:693][  0]LogConfig: Setting CVar [[s.TimeLimitExceededMultiplier:1.5]]
[2024.03.20-04.25.04:693][  0]LogConfig: Setting CVar [[s.TimeLimitExceededMinTime:0.005]]
[2024.03.20-04.25.04:693][  0]LogConfig: Setting CVar [[s.UseBackgroundLevelStreaming:1]]
[2024.03.20-04.25.04:693][  0]LogConfig: Setting CVar [[s.PriorityAsyncLoadingExtraTime:15.0]]
[2024.03.20-04.25.04:693][  0]LogConfig: Setting CVar [[s.LevelStreamingActorsUpdateTimeLimit:5.0]]
[2024.03.20-04.25.04:693][  0]LogConfig: Setting CVar [[s.PriorityLevelStreamingActorsUpdateExtraTime:5.0]]
[2024.03.20-04.25.04:693][  0]LogConfig: Setting CVar [[s.LevelStreamingComponentsRegistrationGranularity:10]]
[2024.03.20-04.25.04:693][  0]LogConfig: Setting CVar [[s.UnregisterComponentsTimeLimit:1.0]]
[2024.03.20-04.25.04:693][  0]LogConfig: Setting CVar [[s.LevelStreamingComponentsUnregistrationGranularity:5]]
[2024.03.20-04.25.04:693][  0]LogConfig: Setting CVar [[s.FlushStreamingOnExit:1]]
[2024.03.20-04.25.04:693][  0]LogConfig: Applying CVar settings from Section [/Script/Engine.GarbageCollectionSettings] File [D:/GitHub/NetShootRewrite/Saved/Config/Windows/Engine.ini]
[2024.03.20-04.25.04:693][  0]LogConfig: Setting CVar [[gc.MaxObjectsNotConsideredByGC:1]]
[2024.03.20-04.25.04:694][  0]LogConfig: Setting CVar [[gc.SizeOfPermanentObjectPool:0]]
[2024.03.20-04.25.04:694][  0]LogConfig: Setting CVar [[gc.FlushStreamingOnGC:0]]
[2024.03.20-04.25.04:694][  0]LogConfig: Setting CVar [[gc.NumRetriesBeforeForcingGC:10]]
[2024.03.20-04.25.04:694][  0]LogConfig: Setting CVar [[gc.AllowParallelGC:1]]
[2024.03.20-04.25.04:694][  0]LogConfig: Setting CVar [[gc.TimeBetweenPurgingPendingKillObjects:61.1]]
[2024.03.20-04.25.04:694][  0]LogConfig: Setting CVar [[gc.MaxObjectsInEditor:25165824]]
[2024.03.20-04.25.04:694][  0]LogConfig: Setting CVar [[gc.IncrementalBeginDestroyEnabled:1]]
[2024.03.20-04.25.04:694][  0]LogConfig: Setting CVar [[gc.CreateGCClusters:1]]
[2024.03.20-04.25.04:694][  0]LogConfig: Setting CVar [[gc.MinGCClusterSize:5]]
[2024.03.20-04.25.04:694][  0]LogConfig: Setting CVar [[gc.ActorClusteringEnabled:0]]
[2024.03.20-04.25.04:694][  0]LogConfig: Setting CVar [[gc.BlueprintClusteringEnabled:0]]
[2024.03.20-04.25.04:694][  0]LogConfig: Setting CVar [[gc.UseDisregardForGCOnDedicatedServers:0]]
[2024.03.20-04.25.04:694][  0]LogConfig: Setting CVar [[gc.MultithreadedDestructionEnabled:1]]
[2024.03.20-04.25.04:694][  0]LogConfig: Applying CVar settings from Section [/Script/Engine.NetworkSettings] File [D:/GitHub/NetShootRewrite/Saved/Config/Windows/Engine.ini]
[2024.03.20-04.25.04:694][  0]LogConfig: Applying CVar settings from Section [/Script/UnrealEd.CookerSettings] File [D:/GitHub/NetShootRewrite/Saved/Config/Windows/Engine.ini]
[2024.03.20-04.25.04:734][  0]LogConfig: Applying CVar settings from Section [ViewDistanceQuality@3] File [D:/GitHub/NetShootRewrite/Saved/Config/Windows/Scalability.ini]
[2024.03.20-04.25.04:734][  0]LogConfig: Setting CVar [[r.SkeletalMeshLODBias:0]]
[2024.03.20-04.25.04:734][  0]LogConfig: Setting CVar [[r.ViewDistanceScale:1.0]]
[2024.03.20-04.25.04:734][  0]LogConfig: Applying CVar settings from Section [AntiAliasingQuality@3] File [D:/GitHub/NetShootRewrite/Saved/Config/Windows/Scalability.ini]
[2024.03.20-04.25.04:734][  0]LogConfig: Setting CVar [[r.PostProcessAAQuality:4]]
[2024.03.20-04.25.04:734][  0]LogConfig: Applying CVar settings from Section [ShadowQuality@3] File [D:/GitHub/NetShootRewrite/Saved/Config/Windows/Scalability.ini]
[2024.03.20-04.25.04:734][  0]LogConfig: Setting CVar [[r.LightFunctionQuality:1]]
[2024.03.20-04.25.04:734][  0]LogConfig: Setting CVar [[r.ShadowQuality:5]]
[2024.03.20-04.25.04:734][  0]LogConfig: Setting CVar [[r.Shadow.CSM.MaxCascades:10]]
[2024.03.20-04.25.04:734][  0]LogConfig: Setting CVar [[r.Shadow.MaxResolution:2048]]
[2024.03.20-04.25.04:734][  0]LogConfig: Setting CVar [[r.Shadow.MaxCSMResolution:2048]]
[2024.03.20-04.25.04:734][  0]LogConfig: Setting CVar [[r.Shadow.RadiusThreshold:0.01]]
[2024.03.20-04.25.04:734][  0]LogConfig: Setting CVar [[r.Shadow.DistanceScale:1.0]]
[2024.03.20-04.25.04:734][  0]LogConfig: Setting CVar [[r.Shadow.CSM.TransitionScale:1.0]]
[2024.03.20-04.25.04:734][  0]LogConfig: Setting CVar [[r.Shadow.PreShadowResolutionFactor:1.0]]
[2024.03.20-04.25.04:734][  0]LogConfig: Setting CVar [[r.DistanceFieldShadowing:1]]
[2024.03.20-04.25.04:734][  0]LogConfig: Setting CVar [[r.DistanceFieldAO:1]]
[2024.03.20-04.25.04:734][  0]LogConfig: Setting CVar [[r.AOQuality:2]]
[2024.03.20-04.25.04:734][  0]LogConfig: Setting CVar [[r.VolumetricFog:1]]
[2024.03.20-04.25.04:734][  0]LogConfig: Setting CVar [[r.VolumetricFog.GridPixelSize:8]]
[2024.03.20-04.25.04:734][  0]LogConfig: Setting CVar [[r.VolumetricFog.GridSizeZ:128]]
[2024.03.20-04.25.04:734][  0]LogConfig: Setting CVar [[r.VolumetricFog.HistoryMissSupersampleCount:4]]
[2024.03.20-04.25.04:734][  0]LogConfig: Setting CVar [[r.LightMaxDrawDistanceScale:1]]
[2024.03.20-04.25.04:734][  0]LogConfig: Setting CVar [[r.CapsuleShadows:1]]
[2024.03.20-04.25.04:734][  0]LogConfig: Applying CVar settings from Section [PostProcessQuality@3] File [D:/GitHub/NetShootRewrite/Saved/Config/Windows/Scalability.ini]
[2024.03.20-04.25.04:734][  0]LogConfig: Setting CVar [[r.MotionBlurQuality:4]]
[2024.03.20-04.25.04:734][  0]LogConfig: Setting CVar [[r.AmbientOcclusionMipLevelFactor:0.4]]
[2024.03.20-04.25.04:734][  0]LogConfig: Setting CVar [[r.AmbientOcclusionMaxQuality:100]]
[2024.03.20-04.25.04:734][  0]LogConfig: Setting CVar [[r.AmbientOcclusionLevels:-1]]
[2024.03.20-04.25.04:734][  0]LogConfig: Setting CVar [[r.AmbientOcclusionRadiusScale:1.0]]
[2024.03.20-04.25.04:734][  0]LogConfig: Setting CVar [[r.DepthOfFieldQuality:2]]
[2024.03.20-04.25.04:734][  0]LogConfig: Setting CVar [[r.RenderTargetPoolMin:400]]
[2024.03.20-04.25.04:734][  0]LogConfig: Setting CVar [[r.LensFlareQuality:2]]
[2024.03.20-04.25.04:734][  0]LogConfig: Setting CVar [[r.SceneColorFringeQuality:1]]
[2024.03.20-04.25.04:734][  0]LogConfig: Setting CVar [[r.EyeAdaptationQuality:2]]
[2024.03.20-04.25.04:734][  0]LogConfig: Setting CVar [[r.BloomQuality:5]]
[2024.03.20-04.25.04:734][  0]LogConfig: Setting CVar [[r.FastBlurThreshold:100]]
[2024.03.20-04.25.04:734][  0]LogConfig: Setting CVar [[r.Upscale.Quality:3]]
[2024.03.20-04.25.04:734][  0]LogConfig: Setting CVar [[r.Tonemapper.GrainQuantization:1]]
[2024.03.20-04.25.04:734][  0]LogConfig: Setting CVar [[r.LightShaftQuality:1]]
[2024.03.20-04.25.04:734][  0]LogConfig: Setting CVar [[r.Filter.SizeScale:1]]
[2024.03.20-04.25.04:734][  0]LogConfig: Setting CVar [[r.Tonemapper.Quality:5]]
[2024.03.20-04.25.04:734][  0]LogConfig: Setting CVar [[r.DOF.Gather.AccumulatorQuality:1        ; higher gathering accumulator quality]]
[2024.03.20-04.25.04:734][  0]LogConfig: Setting CVar [[r.DOF.Gather.PostfilterMethod:1          ; Median3x3 postfilering method]]
[2024.03.20-04.25.04:734][  0]LogConfig: Setting CVar [[r.DOF.Gather.EnableBokehSettings:0       ; no bokeh simulation when gathering]]
[2024.03.20-04.25.04:734][  0]LogConfig: Setting CVar [[r.DOF.Gather.RingCount:4                 ; medium number of samples when gathering]]
[2024.03.20-04.25.04:734][  0]LogConfig: Setting CVar [[r.DOF.Scatter.ForegroundCompositing:1    ; additive foreground scattering]]
[2024.03.20-04.25.04:734][  0]LogConfig: Setting CVar [[r.DOF.Scatter.BackgroundCompositing:2    ; additive background scattering]]
[2024.03.20-04.25.04:734][  0]LogConfig: Setting CVar [[r.DOF.Scatter.EnableBokehSettings:1      ; bokeh simulation when scattering]]
[2024.03.20-04.25.04:734][  0]LogConfig: Setting CVar [[r.DOF.Scatter.MaxSpriteRatio:0.1         ; only a maximum of 10% of scattered bokeh]]
[2024.03.20-04.25.04:734][  0]LogConfig: Setting CVar [[r.DOF.Recombine.Quality:1                ; cheap slight out of focus]]
[2024.03.20-04.25.04:734][  0]LogConfig: Setting CVar [[r.DOF.Recombine.EnableBokehSettings:0    ; no bokeh simulation on slight out of focus]]
[2024.03.20-04.25.04:734][  0]LogConfig: Setting CVar [[r.DOF.TemporalAAQuality:1                ; more stable temporal accumulation]]
[2024.03.20-04.25.04:734][  0]LogConfig: Setting CVar [[r.DOF.Kernel.MaxForegroundRadius:0.025]]
[2024.03.20-04.25.04:734][  0]LogConfig: Setting CVar [[r.DOF.Kernel.MaxBackgroundRadius:0.025]]
[2024.03.20-04.25.04:734][  0]LogConfig: Applying CVar settings from Section [TextureQuality@3] File [D:/GitHub/NetShootRewrite/Saved/Config/Windows/Scalability.ini]
[2024.03.20-04.25.04:734][  0]LogConfig: Setting CVar [[r.Streaming.MipBias:0]]
[2024.03.20-04.25.04:734][  0]LogConfig: Setting CVar [[r.Streaming.AmortizeCPUToGPUCopy:0]]
[2024.03.20-04.25.04:734][  0]LogConfig: Setting CVar [[r.Streaming.MaxNumTexturesToStreamPerFrame:0]]
[2024.03.20-04.25.04:734][  0]LogConfig: Setting CVar [[r.Streaming.Boost:1]]
[2024.03.20-04.25.04:734][  0]LogConfig: Setting CVar [[r.MaxAnisotropy:8]]
[2024.03.20-04.25.04:734][  0]LogConfig: Setting CVar [[r.VT.MaxAnisotropy:8]]
[2024.03.20-04.25.04:734][  0]LogConfig: Setting CVar [[r.Streaming.LimitPoolSizeToVRAM:0]]
[2024.03.20-04.25.04:734][  0]LogConfig: Setting CVar [[r.Streaming.PoolSize:1000]]
[2024.03.20-04.25.04:734][  0]LogConfig: Setting CVar [[r.Streaming.MaxEffectiveScreenSize:0]]
[2024.03.20-04.25.04:734][  0]LogConfig: Applying CVar settings from Section [EffectsQuality@3] File [D:/GitHub/NetShootRewrite/Saved/Config/Windows/Scalability.ini]
[2024.03.20-04.25.04:734][  0]LogConfig: Setting CVar [[r.TranslucencyLightingVolumeDim:64]]
[2024.03.20-04.25.04:734][  0]LogConfig: Setting CVar [[r.RefractionQuality:2]]
[2024.03.20-04.25.04:734][  0]LogConfig: Setting CVar [[r.SSR.Quality:3]]
[2024.03.20-04.25.04:734][  0]LogConfig: Setting CVar [[r.SSR.HalfResSceneColor:0]]
[2024.03.20-04.25.04:734][  0]LogConfig: Setting CVar [[r.SceneColorFormat:4]]
[2024.03.20-04.25.04:734][  0]LogConfig: Setting CVar [[r.DetailMode:2]]
[2024.03.20-04.25.04:734][  0]LogConfig: Setting CVar [[r.TranslucencyVolumeBlur:1]]
[2024.03.20-04.25.04:734][  0]LogConfig: Setting CVar [[r.MaterialQualityLevel:1 ; High quality]]
[2024.03.20-04.25.04:734][  0]LogConfig: Setting CVar [[r.AnisotropicMaterials:1]]
[2024.03.20-04.25.04:734][  0]LogConfig: Setting CVar [[r.SSS.Scale:1]]
[2024.03.20-04.25.04:734][  0]LogConfig: Setting CVar [[r.SSS.SampleSet:2]]
[2024.03.20-04.25.04:734][  0]LogConfig: Setting CVar [[r.SSS.Quality:1]]
[2024.03.20-04.25.04:734][  0]LogConfig: Setting CVar [[r.SSS.HalfRes:0]]
[2024.03.20-04.25.04:735][  0]LogConfig: Setting CVar [[r.SSGI.Quality:3]]
[2024.03.20-04.25.04:735][  0]LogConfig: Setting CVar [[r.EmitterSpawnRateScale:1.0]]
[2024.03.20-04.25.04:735][  0]LogConfig: Setting CVar [[r.ParticleLightQuality:2]]
[2024.03.20-04.25.04:735][  0]LogConfig: Setting CVar [[r.SkyAtmosphere.AerialPerspectiveLUT.FastApplyOnOpaque:1 ; Always have FastSkyLUT 1 in this case to avoid wrong sky]]
[2024.03.20-04.25.04:735][  0]LogConfig: Setting CVar [[r.SkyAtmosphere.AerialPerspectiveLUT.SampleCountMaxPerSlice:4]]
[2024.03.20-04.25.04:735][  0]LogConfig: Setting CVar [[r.SkyAtmosphere.AerialPerspectiveLUT.DepthResolution:16.0]]
[2024.03.20-04.25.04:735][  0]LogConfig: Setting CVar [[r.SkyAtmosphere.FastSkyLUT:1]]
[2024.03.20-04.25.04:735][  0]LogConfig: Setting CVar [[r.SkyAtmosphere.FastSkyLUT.SampleCountMin:4.0]]
[2024.03.20-04.25.04:735][  0]LogConfig: Setting CVar [[r.SkyAtmosphere.FastSkyLUT.SampleCountMax:128.0]]
[2024.03.20-04.25.04:735][  0]LogConfig: Setting CVar [[r.SkyAtmosphere.SampleCountMin:4.0]]
[2024.03.20-04.25.04:735][  0]LogConfig: Setting CVar [[r.SkyAtmosphere.SampleCountMax:128.0]]
[2024.03.20-04.25.04:735][  0]LogConfig: Setting CVar [[r.SkyAtmosphere.TransmittanceLUT.UseSmallFormat:0]]
[2024.03.20-04.25.04:735][  0]LogConfig: Setting CVar [[r.SkyAtmosphere.TransmittanceLUT.SampleCount:10.0]]
[2024.03.20-04.25.04:735][  0]LogConfig: Setting CVar [[r.SkyAtmosphere.MultiScatteringLUT.SampleCount:15.0]]
[2024.03.20-04.25.04:735][  0]LogConfig: Setting CVar [[r.SkyLight.RealTimeReflectionCapture:1]]
[2024.03.20-04.25.04:735][  0]LogConfig: Applying CVar settings from Section [FoliageQuality@3] File [D:/GitHub/NetShootRewrite/Saved/Config/Windows/Scalability.ini]
[2024.03.20-04.25.04:735][  0]LogConfig: Setting CVar [[foliage.DensityScale:1.0]]
[2024.03.20-04.25.04:735][  0]LogConfig: Setting CVar [[grass.DensityScale:1.0]]
[2024.03.20-04.25.04:735][  0]LogConfig: Applying CVar settings from Section [ShadingQuality@3] File [D:/GitHub/NetShootRewrite/Saved/Config/Windows/Scalability.ini]
[2024.03.20-04.25.04:735][  0]LogConfig: Setting CVar [[r.HairStrands.SkyLighting.IntegrationType:2]]
[2024.03.20-04.25.04:735][  0]LogConfig: Setting CVar [[r.HairStrands.SkyAO.SampleCount:4]]
[2024.03.20-04.25.04:735][  0]LogConfig: Setting CVar [[r.HairStrands.Visibility.MSAA.SamplePerPixel:4]]
[2024.03.20-04.25.04:735][  0]LogInit: Selected Device Profile: [Windows]
[2024.03.20-04.25.04:735][  0]LogInit: Applying CVar settings loaded from the selected device profile: [Windows]
[2024.03.20-04.25.04:735][  0]LogHAL: Display: Platform has ~ 16 GB [17105735680 / 17179869184 / 16], which maps to Larger [LargestMinGB=32, LargerMinGB=12, DefaultMinGB=8, SmallerMinGB=6, SmallestMinGB=0)
[2024.03.20-04.25.04:735][  0]LogInit: Going up to parent DeviceProfile []
[2024.03.20-04.25.04:735][  0]LogConfig: Applying CVar settings from Section [ViewDistanceQuality@3] File [D:/GitHub/NetShootRewrite/Saved/Config/Windows/Scalability.ini]
[2024.03.20-04.25.04:735][  0]LogConfig: Setting CVar [[r.SkeletalMeshLODBias:0]]
[2024.03.20-04.25.04:735][  0]LogConfig: Setting CVar [[r.ViewDistanceScale:1.0]]
[2024.03.20-04.25.04:735][  0]LogConfig: Applying CVar settings from Section [AntiAliasingQuality@3] File [D:/GitHub/NetShootRewrite/Saved/Config/Windows/Scalability.ini]
[2024.03.20-04.25.04:735][  0]LogConfig: Setting CVar [[r.PostProcessAAQuality:4]]
[2024.03.20-04.25.04:735][  0]LogConfig: Applying CVar settings from Section [ShadowQuality@3] File [D:/GitHub/NetShootRewrite/Saved/Config/Windows/Scalability.ini]
[2024.03.20-04.25.04:735][  0]LogConfig: Setting CVar [[r.LightFunctionQuality:1]]
[2024.03.20-04.25.04:735][  0]LogConfig: Setting CVar [[r.ShadowQuality:5]]
[2024.03.20-04.25.04:735][  0]LogConfig: Setting CVar [[r.Shadow.CSM.MaxCascades:10]]
[2024.03.20-04.25.04:735][  0]LogConfig: Setting CVar [[r.Shadow.MaxResolution:2048]]
[2024.03.20-04.25.04:735][  0]LogConfig: Setting CVar [[r.Shadow.MaxCSMResolution:2048]]
[2024.03.20-04.25.04:735][  0]LogConfig: Setting CVar [[r.Shadow.RadiusThreshold:0.01]]
[2024.03.20-04.25.04:735][  0]LogConfig: Setting CVar [[r.Shadow.DistanceScale:1.0]]
[2024.03.20-04.25.04:735][  0]LogConfig: Setting CVar [[r.Shadow.CSM.TransitionScale:1.0]]
[2024.03.20-04.25.04:735][  0]LogConfig: Setting CVar [[r.Shadow.PreShadowResolutionFactor:1.0]]
[2024.03.20-04.25.04:735][  0]LogConfig: Setting CVar [[r.DistanceFieldShadowing:1]]
[2024.03.20-04.25.04:735][  0]LogConfig: Setting CVar [[r.DistanceFieldAO:1]]
[2024.03.20-04.25.04:735][  0]LogConfig: Setting CVar [[r.AOQuality:2]]
[2024.03.20-04.25.04:735][  0]LogConfig: Setting CVar [[r.VolumetricFog:1]]
[2024.03.20-04.25.04:735][  0]LogConfig: Setting CVar [[r.VolumetricFog.GridPixelSize:8]]
[2024.03.20-04.25.04:735][  0]LogConfig: Setting CVar [[r.VolumetricFog.GridSizeZ:128]]
[2024.03.20-04.25.04:735][  0]LogConfig: Setting CVar [[r.VolumetricFog.HistoryMissSupersampleCount:4]]
[2024.03.20-04.25.04:735][  0]LogConfig: Setting CVar [[r.LightMaxDrawDistanceScale:1]]
[2024.03.20-04.25.04:735][  0]LogConfig: Setting CVar [[r.CapsuleShadows:1]]
[2024.03.20-04.25.04:735][  0]LogConfig: Applying CVar settings from Section [PostProcessQuality@3] File [D:/GitHub/NetShootRewrite/Saved/Config/Windows/Scalability.ini]
[2024.03.20-04.25.04:735][  0]LogConfig: Setting CVar [[r.MotionBlurQuality:4]]
[2024.03.20-04.25.04:735][  0]LogConfig: Setting CVar [[r.AmbientOcclusionMipLevelFactor:0.4]]
[2024.03.20-04.25.04:735][  0]LogConfig: Setting CVar [[r.AmbientOcclusionMaxQuality:100]]
[2024.03.20-04.25.04:735][  0]LogConfig: Setting CVar [[r.AmbientOcclusionLevels:-1]]
[2024.03.20-04.25.04:735][  0]LogConfig: Setting CVar [[r.AmbientOcclusionRadiusScale:1.0]]
[2024.03.20-04.25.04:735][  0]LogConfig: Setting CVar [[r.DepthOfFieldQuality:2]]
[2024.03.20-04.25.04:735][  0]LogConfig: Setting CVar [[r.RenderTargetPoolMin:400]]
[2024.03.20-04.25.04:735][  0]LogConfig: Setting CVar [[r.LensFlareQuality:2]]
[2024.03.20-04.25.04:735][  0]LogConfig: Setting CVar [[r.SceneColorFringeQuality:1]]
[2024.03.20-04.25.04:735][  0]LogConfig: Setting CVar [[r.EyeAdaptationQuality:2]]
[2024.03.20-04.25.04:735][  0]LogConfig: Setting CVar [[r.BloomQuality:5]]
[2024.03.20-04.25.04:735][  0]LogConfig: Setting CVar [[r.FastBlurThreshold:100]]
[2024.03.20-04.25.04:735][  0]LogConfig: Setting CVar [[r.Upscale.Quality:3]]
[2024.03.20-04.25.04:735][  0]LogConfig: Setting CVar [[r.Tonemapper.GrainQuantization:1]]
[2024.03.20-04.25.04:735][  0]LogConfig: Setting CVar [[r.LightShaftQuality:1]]
[2024.03.20-04.25.04:735][  0]LogConfig: Setting CVar [[r.Filter.SizeScale:1]]
[2024.03.20-04.25.04:735][  0]LogConfig: Setting CVar [[r.Tonemapper.Quality:5]]
[2024.03.20-04.25.04:735][  0]LogConfig: Setting CVar [[r.DOF.Gather.AccumulatorQuality:1        ; higher gathering accumulator quality]]
[2024.03.20-04.25.04:735][  0]LogConfig: Setting CVar [[r.DOF.Gather.PostfilterMethod:1          ; Median3x3 postfilering method]]
[2024.03.20-04.25.04:735][  0]LogConfig: Setting CVar [[r.DOF.Gather.EnableBokehSettings:0       ; no bokeh simulation when gathering]]
[2024.03.20-04.25.04:735][  0]LogConfig: Setting CVar [[r.DOF.Gather.RingCount:4                 ; medium number of samples when gathering]]
[2024.03.20-04.25.04:735][  0]LogConfig: Setting CVar [[r.DOF.Scatter.ForegroundCompositing:1    ; additive foreground scattering]]
[2024.03.20-04.25.04:735][  0]LogConfig: Setting CVar [[r.DOF.Scatter.BackgroundCompositing:2    ; additive background scattering]]
[2024.03.20-04.25.04:735][  0]LogConfig: Setting CVar [[r.DOF.Scatter.EnableBokehSettings:1      ; bokeh simulation when scattering]]
[2024.03.20-04.25.04:735][  0]LogConfig: Setting CVar [[r.DOF.Scatter.MaxSpriteRatio:0.1         ; only a maximum of 10% of scattered bokeh]]
[2024.03.20-04.25.04:736][  0]LogConfig: Setting CVar [[r.DOF.Recombine.Quality:1                ; cheap slight out of focus]]
[2024.03.20-04.25.04:736][  0]LogConfig: Setting CVar [[r.DOF.Recombine.EnableBokehSettings:0    ; no bokeh simulation on slight out of focus]]
[2024.03.20-04.25.04:736][  0]LogConfig: Setting CVar [[r.DOF.TemporalAAQuality:1                ; more stable temporal accumulation]]
[2024.03.20-04.25.04:736][  0]LogConfig: Setting CVar [[r.DOF.Kernel.MaxForegroundRadius:0.025]]
[2024.03.20-04.25.04:736][  0]LogConfig: Setting CVar [[r.DOF.Kernel.MaxBackgroundRadius:0.025]]
[2024.03.20-04.25.04:736][  0]LogConfig: Applying CVar settings from Section [TextureQuality@3] File [D:/GitHub/NetShootRewrite/Saved/Config/Windows/Scalability.ini]
[2024.03.20-04.25.04:736][  0]LogConfig: Setting CVar [[r.Streaming.MipBias:0]]
[2024.03.20-04.25.04:736][  0]LogConfig: Setting CVar [[r.Streaming.AmortizeCPUToGPUCopy:0]]
[2024.03.20-04.25.04:736][  0]LogConfig: Setting CVar [[r.Streaming.MaxNumTexturesToStreamPerFrame:0]]
[2024.03.20-04.25.04:736][  0]LogConfig: Setting CVar [[r.Streaming.Boost:1]]
[2024.03.20-04.25.04:736][  0]LogConfig: Setting CVar [[r.MaxAnisotropy:8]]
[2024.03.20-04.25.04:736][  0]LogConfig: Setting CVar [[r.VT.MaxAnisotropy:8]]
[2024.03.20-04.25.04:736][  0]LogConfig: Setting CVar [[r.Streaming.LimitPoolSizeToVRAM:0]]
[2024.03.20-04.25.04:736][  0]LogConfig: Setting CVar [[r.Streaming.PoolSize:1000]]
[2024.03.20-04.25.04:736][  0]LogConfig: Setting CVar [[r.Streaming.MaxEffectiveScreenSize:0]]
[2024.03.20-04.25.04:736][  0]LogConfig: Applying CVar settings from Section [EffectsQuality@3] File [D:/GitHub/NetShootRewrite/Saved/Config/Windows/Scalability.ini]
[2024.03.20-04.25.04:736][  0]LogConfig: Setting CVar [[r.TranslucencyLightingVolumeDim:64]]
[2024.03.20-04.25.04:736][  0]LogConfig: Setting CVar [[r.RefractionQuality:2]]
[2024.03.20-04.25.04:736][  0]LogConfig: Setting CVar [[r.SSR.Quality:3]]
[2024.03.20-04.25.04:736][  0]LogConfig: Setting CVar [[r.SSR.HalfResSceneColor:0]]
[2024.03.20-04.25.04:736][  0]LogConfig: Setting CVar [[r.SceneColorFormat:4]]
[2024.03.20-04.25.04:736][  0]LogConfig: Setting CVar [[r.DetailMode:2]]
[2024.03.20-04.25.04:736][  0]LogConfig: Setting CVar [[r.TranslucencyVolumeBlur:1]]
[2024.03.20-04.25.04:736][  0]LogConfig: Setting CVar [[r.MaterialQualityLevel:1 ; High quality]]
[2024.03.20-04.25.04:736][  0]LogConfig: Setting CVar [[r.AnisotropicMaterials:1]]
[2024.03.20-04.25.04:736][  0]LogConfig: Setting CVar [[r.SSS.Scale:1]]
[2024.03.20-04.25.04:736][  0]LogConfig: Setting CVar [[r.SSS.SampleSet:2]]
[2024.03.20-04.25.04:736][  0]LogConfig: Setting CVar [[r.SSS.Quality:1]]
[2024.03.20-04.25.04:736][  0]LogConfig: Setting CVar [[r.SSS.HalfRes:0]]
[2024.03.20-04.25.04:736][  0]LogConfig: Setting CVar [[r.SSGI.Quality:3]]
[2024.03.20-04.25.04:736][  0]LogConfig: Setting CVar [[r.EmitterSpawnRateScale:1.0]]
[2024.03.20-04.25.04:736][  0]LogConfig: Setting CVar [[r.ParticleLightQuality:2]]
[2024.03.20-04.25.04:736][  0]LogConfig: Setting CVar [[r.SkyAtmosphere.AerialPerspectiveLUT.FastApplyOnOpaque:1 ; Always have FastSkyLUT 1 in this case to avoid wrong sky]]
[2024.03.20-04.25.04:736][  0]LogConfig: Setting CVar [[r.SkyAtmosphere.AerialPerspectiveLUT.SampleCountMaxPerSlice:4]]
[2024.03.20-04.25.04:736][  0]LogConfig: Setting CVar [[r.SkyAtmosphere.AerialPerspectiveLUT.DepthResolution:16.0]]
[2024.03.20-04.25.04:736][  0]LogConfig: Setting CVar [[r.SkyAtmosphere.FastSkyLUT:1]]
[2024.03.20-04.25.04:736][  0]LogConfig: Setting CVar [[r.SkyAtmosphere.FastSkyLUT.SampleCountMin:4.0]]
[2024.03.20-04.25.04:736][  0]LogConfig: Setting CVar [[r.SkyAtmosphere.FastSkyLUT.SampleCountMax:128.0]]
[2024.03.20-04.25.04:736][  0]LogConfig: Setting CVar [[r.SkyAtmosphere.SampleCountMin:4.0]]
[2024.03.20-04.25.04:736][  0]LogConfig: Setting CVar [[r.SkyAtmosphere.SampleCountMax:128.0]]
[2024.03.20-04.25.04:736][  0]LogConfig: Setting CVar [[r.SkyAtmosphere.TransmittanceLUT.UseSmallFormat:0]]
[2024.03.20-04.25.04:736][  0]LogConfig: Setting CVar [[r.SkyAtmosphere.TransmittanceLUT.SampleCount:10.0]]
[2024.03.20-04.25.04:736][  0]LogConfig: Setting CVar [[r.SkyAtmosphere.MultiScatteringLUT.SampleCount:15.0]]
[2024.03.20-04.25.04:736][  0]LogConfig: Setting CVar [[r.SkyLight.RealTimeReflectionCapture:1]]
[2024.03.20-04.25.04:736][  0]LogConfig: Applying CVar settings from Section [FoliageQuality@3] File [D:/GitHub/NetShootRewrite/Saved/Config/Windows/Scalability.ini]
[2024.03.20-04.25.04:736][  0]LogConfig: Setting CVar [[foliage.DensityScale:1.0]]
[2024.03.20-04.25.04:736][  0]LogConfig: Setting CVar [[grass.DensityScale:1.0]]
[2024.03.20-04.25.04:736][  0]LogConfig: Applying CVar settings from Section [ShadingQuality@3] File [D:/GitHub/NetShootRewrite/Saved/Config/Windows/Scalability.ini]
[2024.03.20-04.25.04:736][  0]LogConfig: Setting CVar [[r.HairStrands.SkyLighting.IntegrationType:2]]
[2024.03.20-04.25.04:736][  0]LogConfig: Setting CVar [[r.HairStrands.SkyAO.SampleCount:4]]
[2024.03.20-04.25.04:736][  0]LogConfig: Setting CVar [[r.HairStrands.Visibility.MSAA.SamplePerPixel:4]]
[2024.03.20-04.25.04:736][  0]LogConfig: Applying CVar settings from Section [Startup] File [../../../Engine/Config/ConsoleVariables.ini]
[2024.03.20-04.25.04:736][  0]LogConfig: Setting CVar [[net.UseAdaptiveNetUpdateFrequency:0]]
[2024.03.20-04.25.04:736][  0]LogConfig: Setting CVar [[p.chaos.AllowCreatePhysxBodies:1]]
[2024.03.20-04.25.04:736][  0]LogConfig: Setting CVar [[fx.SkipVectorVMBackendOptimizations:1]]
[2024.03.20-04.25.04:736][  0]LogConfig: Applying CVar settings from Section [ConsoleVariables] File [D:/GitHub/NetShootRewrite/Saved/Config/Windows/Engine.ini]
[2024.03.20-04.25.04:736][  0]LogConfig: Applying CVar settings from Section [ConsoleVariables] File [D:/GitHub/NetShootRewrite/Saved/Config/Windows/Editor.ini]
[2024.03.20-04.25.04:737][  0]LogInit: Computer: DESKTOP-6POMQQ5
[2024.03.20-04.25.04:737][  0]LogInit: User: ZTT
[2024.03.20-04.25.04:737][  0]LogInit: CPU Page size=4096, Cores=6
[2024.03.20-04.25.04:737][  0]LogInit: High frequency timer resolution =10.000000 MHz
[2024.03.20-04.25.04:737][  0]LogMemory: Memory total: Physical=15.9GB (16GB approx)
[2024.03.20-04.25.04:737][  0]LogMemory: Platform Memory Stats for Windows
[2024.03.20-04.25.04:737][  0]LogMemory: Process Physical Memory: 144.50 MB used, 144.50 MB peak
[2024.03.20-04.25.04:737][  0]LogMemory: Process Virtual Memory: 111.92 MB used, 111.92 MB peak
[2024.03.20-04.25.04:737][  0]LogMemory: Physical Memory: 12923.18 MB used,  3390.12 MB free, 16313.30 MB total
[2024.03.20-04.25.04:737][  0]LogMemory: Virtual Memory: 134206984.00 MB used,  10740.80 MB free, 134217728.00 MB total
[2024.03.20-04.25.04:745][  0]LogWindows: WindowsPlatformFeatures enabled
[2024.03.20-04.25.04:781][  0]LogInit: Physics initialised using underlying interface: PhysX
[2024.03.20-04.25.04:782][  0]LogInit: Overriding language with editor language configuration option (zh-Hans).
[2024.03.20-04.25.04:782][  0]LogInit: Using OS detected locale (zh-CN).
[2024.03.20-04.25.04:993][  0]LogTextLocalizationResource: LocRes '../../../Engine/Content/Localization/Editor/zh/Editor.locres' could not be opened for reading!
[2024.03.20-04.25.04:993][  0]LogTextLocalizationResource: LocRes '../../../Engine/Content/Localization/EditorTutorials/zh/EditorTutorials.locres' could not be opened for reading!
[2024.03.20-04.25.04:993][  0]LogTextLocalizationResource: LocRes '../../../Engine/Content/Localization/Keywords/zh/Keywords.locres' could not be opened for reading!
[2024.03.20-04.25.04:993][  0]LogTextLocalizationResource: LocRes '../../../Engine/Content/Localization/Category/zh/Category.locres' could not be opened for reading!
[2024.03.20-04.25.04:994][  0]LogTextLocalizationResource: LocRes '../../../Engine/Content/Localization/ToolTips/zh/ToolTips.locres' could not be opened for reading!
[2024.03.20-04.25.04:994][  0]LogTextLocalizationResource: LocRes '../../../Engine/Content/Localization/PropertyNames/zh/PropertyNames.locres' could not be opened for reading!
[2024.03.20-04.25.04:994][  0]LogTextLocalizationResource: LocRes '../../../Engine/Content/Localization/Engine/zh/Engine.locres' could not be opened for reading!
[2024.03.20-04.25.04:994][  0]LogTextLocalizationResource: LocRes '../../../Engine/Plugins/Online/OnlineSubsystem/Content/Localization/OnlineSubsystem/zh/OnlineSubsystem.locres' could not be opened for reading!
[2024.03.20-04.25.04:994][  0]LogTextLocalizationResource: LocRes '../../../Engine/Plugins/Online/OnlineSubsystemUtils/Content/Localization/OnlineSubsystemUtils/zh/OnlineSubsystemUtils.locres' could not be opened for reading!
[2024.03.20-04.25.04:994][  0]LogTextLocalizationResource: LocRes '../../../Engine/Plugins/Online/Android/OnlineSubsystemGooglePlay/Content/Localization/OnlineSubsystemGooglePlay/zh/OnlineSubsystemGooglePlay.locres' could not be opened for reading!
[2024.03.20-04.25.04:995][  0]LogTextLocalizationResource: LocRes '../../../Engine/Plugins/Online/IOS/OnlineSubsystemIOS/Content/Localization/OnlineSubsystemIOS/zh/OnlineSubsystemIOS.locres' could not be opened for reading!
[2024.03.20-04.25.05:042][  0]LogInit: Setting process to per monitor DPI aware
[2024.03.20-04.25.05:179][  0]LogWindowsTextInputMethodSystem: Display: IME system deactivated.
[2024.03.20-04.25.05:195][  0]LogSlate: New Slate User Created.  User Index 0, Is Virtual User: 0
[2024.03.20-04.25.05:195][  0]LogSlate: Slate User Registered.  User Index 0, Is Virtual User: 0
[2024.03.20-04.25.05:633][  0]LogD3D11RHI: Loaded GFSDK_Aftermath_Lib.x64.dll
[2024.03.20-04.25.05:637][  0]LogHMD: Failed to initialize OpenVR with code 110
[2024.03.20-04.25.05:637][  0]LogD3D11RHI: D3D11 min allowed feature level: 11_0
[2024.03.20-04.25.05:637][  0]LogD3D11RHI: D3D11 max allowed feature level: 11_0
[2024.03.20-04.25.05:637][  0]LogD3D11RHI: D3D11 adapters:
[2024.03.20-04.25.05:864][  0]LogD3D11RHI:    0. 'NVIDIA GeForce GTX 1660 Ti' (Feature Level 11_0)
[2024.03.20-04.25.05:864][  0]LogD3D11RHI:       5979/0/8156 MB DedicatedVideo/DedicatedSystem/SharedSystem, Outputs:1, VendorId:0x10de
[2024.03.20-04.25.05:867][  0]LogD3D11RHI:    1. 'Microsoft Basic Render Driver' (Feature Level 11_0)
[2024.03.20-04.25.05:867][  0]LogD3D11RHI:       0/0/8156 MB DedicatedVideo/DedicatedSystem/SharedSystem, Outputs:0, VendorId:0x1414
[2024.03.20-04.25.05:984][  0]LogD3D11RHI:    2. 'NVIDIA GeForce GTX 1660 Ti' (Feature Level 11_0)
[2024.03.20-04.25.05:984][  0]LogD3D11RHI:       5979/0/8156 MB DedicatedVideo/DedicatedSystem/SharedSystem, Outputs:0, VendorId:0x10de
[2024.03.20-04.25.05:984][  0]LogD3D11RHI: Chosen D3D11 Adapter:
[2024.03.20-04.25.05:984][  0]LogD3D11RHI:     Description : NVIDIA GeForce GTX 1660 Ti
[2024.03.20-04.25.05:984][  0]LogD3D11RHI:     VendorId    : 10de
[2024.03.20-04.25.05:984][  0]LogD3D11RHI:     DeviceId    : 2182
[2024.03.20-04.25.05:984][  0]LogD3D11RHI:     SubSysId    : 3fbe1458
[2024.03.20-04.25.05:984][  0]LogD3D11RHI:     Revision    : 00a1
[2024.03.20-04.25.05:984][  0]LogD3D11RHI:     DedicatedVideoMemory : 6269435904 bytes
[2024.03.20-04.25.05:985][  0]LogD3D11RHI:     DedicatedSystemMemory : 0 bytes
[2024.03.20-04.25.05:985][  0]LogD3D11RHI:     SharedSystemMemory : 8552867840 bytes
[2024.03.20-04.25.05:985][  0]LogD3D11RHI:     AdapterLuid : 0 50802
[2024.03.20-04.25.05:990][  0]LogD3D11RHI: Creating new Direct3DDevice
[2024.03.20-04.25.05:990][  0]LogD3D11RHI:     GPU DeviceId: 0x2182 (for the marketing name, search the web for "GPU Device Id")
[2024.03.20-04.25.05:990][  0]LogWindows: EnumDisplayDevices:
[2024.03.20-04.25.05:990][  0]LogWindows:    0. 'NVIDIA GeForce GTX 1660 Ti' (P:1 D:1)
[2024.03.20-04.25.05:990][  0]LogWindows:    1. 'NVIDIA GeForce GTX 1660 Ti' (P:0 D:0)
[2024.03.20-04.25.05:991][  0]LogWindows:    2. 'NVIDIA GeForce GTX 1660 Ti' (P:0 D:0)
[2024.03.20-04.25.05:991][  0]LogWindows:    3. 'NVIDIA GeForce GTX 1660 Ti' (P:0 D:0)
[2024.03.20-04.25.05:992][  0]LogWindows:    4. 'OrayIddDriver Device' (P:0 D:0)
[2024.03.20-04.25.05:992][  0]LogWindows:    5. 'OrayIddDriver Device' (P:0 D:0)
[2024.03.20-04.25.05:993][  0]LogWindows:    6. 'OrayIddDriver Device' (P:0 D:0)
[2024.03.20-04.25.05:993][  0]LogWindows:    7. 'OrayIddDriver Device' (P:0 D:0)
[2024.03.20-04.25.05:994][  0]LogWindows:    8. 'OrayIddDriver Device' (P:0 D:0)
[2024.03.20-04.25.05:994][  0]LogWindows: DebugString: GetVideoDriverDetailsInvalid PrimaryIsNotTheChoosenAdapter GetVideoDriverDetailsInvalid PrimaryIsNotTheChoosenAdapter GetVideoDriverDetailsInvalid PrimaryIsNotTheChoosenAdapter GetVideoDriverDetailsInvalid PrimaryIsNotTheChoosenAdapter GetVideoDriverDetailsInvalid PrimaryIsNotTheChoosenAdapter FoundDriverCount:4 
[2024.03.20-04.25.05:994][  0]LogD3D11RHI:     Adapter Name: NVIDIA GeForce GTX 1660 Ti
[2024.03.20-04.25.05:994][  0]LogD3D11RHI:   Driver Version: 536.23 (internal:31.0.15.3623, unified:536.23)
[2024.03.20-04.25.05:994][  0]LogD3D11RHI:      Driver Date: 6-8-2023
[2024.03.20-04.25.05:994][  0]LogRHI: Texture pool is 4185 MB (70% of 5979 MB)
[2024.03.20-04.25.05:994][  0]LogD3D11RHI: Creating D3DDevice using adapter:
[2024.03.20-04.25.05:994][  0]LogD3D11RHI:     Description : NVIDIA GeForce GTX 1660 Ti
[2024.03.20-04.25.05:994][  0]LogD3D11RHI:     VendorId    : 10de
[2024.03.20-04.25.05:994][  0]LogD3D11RHI:     DeviceId    : 2182
[2024.03.20-04.25.05:994][  0]LogD3D11RHI:     SubSysId    : 3fbe1458
[2024.03.20-04.25.05:994][  0]LogD3D11RHI:     Revision    : 00a1
[2024.03.20-04.25.05:994][  0]LogD3D11RHI:     DedicatedVideoMemory : 6269435904 bytes
[2024.03.20-04.25.05:994][  0]LogD3D11RHI:     DedicatedSystemMemory : 0 bytes
[2024.03.20-04.25.05:994][  0]LogD3D11RHI:     SharedSystemMemory : 8552867840 bytes
[2024.03.20-04.25.05:994][  0]LogD3D11RHI:     AdapterLuid : 0 50802
[2024.03.20-04.25.06:089][  0]LogD3D11RHI: RHI has support for 64 bit atomics
[2024.03.20-04.25.06:089][  0]LogD3D11RHI: Async texture creation enabled
[2024.03.20-04.25.06:089][  0]LogD3D11RHI: Array index from any shader is supported
[2024.03.20-04.25.06:091][  0]LogD3D11RHI: HDR output is supported on display 0 (NvId: 0x80061086).
[2024.03.20-04.25.06:105][  0]LogD3D11RHI: GPU Timing Frequency: 1000.000000 (Debug: 2 1)
[2024.03.20-04.25.06:182][  0]LogRHI: GeForceNow SDK initialized: 1
[2024.03.20-04.25.06:421][  0]LogTargetPlatformManager: Display: Loaded TargetPlatform 'AllDesktop'
[2024.03.20-04.25.06:441][  0]LogTargetPlatformManager: Display: Loaded TargetPlatform 'Android'
[2024.03.20-04.25.06:441][  0]LogTargetPlatformManager: Display: Loaded TargetPlatform 'Android_ASTC'
[2024.03.20-04.25.06:441][  0]LogTargetPlatformManager: Display: Loaded TargetPlatform 'Android_DXT'
[2024.03.20-04.25.06:441][  0]LogTargetPlatformManager: Display: Loaded TargetPlatform 'Android_ETC2'
[2024.03.20-04.25.06:441][  0]LogTargetPlatformManager: Display: Loaded TargetPlatform 'AndroidClient'
[2024.03.20-04.25.06:441][  0]LogTargetPlatformManager: Display: Loaded TargetPlatform 'Android_ASTCClient'
[2024.03.20-04.25.06:441][  0]LogTargetPlatformManager: Display: Loaded TargetPlatform 'Android_DXTClient'
[2024.03.20-04.25.06:441][  0]LogTargetPlatformManager: Display: Loaded TargetPlatform 'Android_ETC2Client'
[2024.03.20-04.25.06:441][  0]LogTargetPlatformManager: Display: Loaded TargetPlatform 'Android_Multi'
[2024.03.20-04.25.06:441][  0]LogTargetPlatformManager: Display: Loaded TargetPlatform 'Android_MultiClient'
[2024.03.20-04.25.06:461][  0]LogTargetPlatformManager: Display: Loaded TargetPlatform 'IOSClient'
[2024.03.20-04.25.06:461][  0]LogTargetPlatformManager: Display: Loaded TargetPlatform 'IOS'
[2024.03.20-04.25.06:487][  0]LogTargetPlatformManager: Display: Loaded TargetPlatform 'Lumin'
[2024.03.20-04.25.06:487][  0]LogTargetPlatformManager: Display: Loaded TargetPlatform 'LuminClient'
[2024.03.20-04.25.06:496][  0]LogTargetPlatformManager: Display: Loaded TargetPlatform 'MacNoEditor'
[2024.03.20-04.25.06:501][  0]LogTargetPlatformManager: Display: Loaded TargetPlatform 'Mac'
[2024.03.20-04.25.06:506][  0]LogTargetPlatformManager: Display: Loaded TargetPlatform 'MacClient'
[2024.03.20-04.25.06:511][  0]LogTargetPlatformManager: Display: Loaded TargetPlatform 'MacServer'
[2024.03.20-04.25.06:521][  0]LogTargetPlatformManager: Display: Loaded TargetPlatform 'TVOSClient'
[2024.03.20-04.25.06:521][  0]LogTargetPlatformManager: Display: Loaded TargetPlatform 'TVOS'
[2024.03.20-04.25.06:531][  0]LogTargetPlatformManager: Display: Loaded TargetPlatform 'WindowsNoEditor'
[2024.03.20-04.25.06:537][  0]LogTargetPlatformManager: Display: Loaded TargetPlatform 'Windows'
[2024.03.20-04.25.06:542][  0]LogTargetPlatformManager: Display: Loaded TargetPlatform 'WindowsClient'
[2024.03.20-04.25.06:548][  0]LogTargetPlatformManager: Display: Loaded TargetPlatform 'WindowsServer'
[2024.03.20-04.25.06:548][  0]LogTargetPlatformManager: Display: Building Assets For Windows
[2024.03.20-04.25.06:559][  0]LogAudioDebug: Display: Lib vorbis DLL was dynamically loaded.
[2024.03.20-04.25.06:619][  0]LogTextureFormatOodle: Display: Oodle Texture 2.9.0 init RDO Off
[2024.03.20-04.25.06:662][  0]LogRendererCore: Ray tracing is disabled. Reason: r.RayTracing=0.
[2024.03.20-04.25.06:662][  0]LogShaderCompilers: Guid format shader working directory is 18 characters bigger than the processId version (D:/GitHub/NetShootRewrite/Intermediate/Shaders/WorkingDirectory/18136/).
[2024.03.20-04.25.06:662][  0]LogShaderCompilers: Cleaned the shader compiler working directory 'C:/Users/ZTT/AppData/Local/Temp/UnrealShaderWorkingDir/EB11322045F529BD22D8F988519F7A32/'.
[2024.03.20-04.25.06:663][  0]LogShaderCompilers: Display: Using XGE Controller for Shader Compilation.
[2024.03.20-04.25.07:434][  0]LogDerivedDataCache: Display: Max Cache Size: 512 MB
[2024.03.20-04.25.07:485][  0]LogDerivedDataCache: Loaded boot cache 0.05s 94MB D:/GitHub/NetShootRewrite/DerivedDataCache/Boot.ddc.
[2024.03.20-04.25.07:485][  0]LogDerivedDataCache: Display: Loaded Boot cache: D:/GitHub/NetShootRewrite/DerivedDataCache/Boot.ddc
[2024.03.20-04.25.07:486][  0]LogDerivedDataCache: FDerivedDataBackendGraph:  Pak pak cache file D:/GitHub/NetShootRewrite/DerivedDataCache/DDC.ddp not found, will not use a pak cache.
[2024.03.20-04.25.07:486][  0]LogDerivedDataCache: Unable to find inner node Pak for hierarchical cache Hierarchy.
[2024.03.20-04.25.07:486][  0]LogDerivedDataCache: FDerivedDataBackendGraph:  EnginePak pak cache file ../../../Engine/DerivedDataCache/DDC.ddp not found, will not use a pak cache.
[2024.03.20-04.25.07:486][  0]LogDerivedDataCache: Unable to find inner node EnginePak for hierarchical cache Hierarchy.
[2024.03.20-04.25.07:498][  0]LogDerivedDataCache: Speed tests for ../../../Engine/DerivedDataCache took 0.01 seconds
[2024.03.20-04.25.07:499][  0]LogDerivedDataCache: Display: Performance to ../../../Engine/DerivedDataCache: Latency=0.09ms. RandomReadSpeed=163.19MBs, RandomWriteSpeed=159.25MBs. Assigned SpeedClass 'Local'
[2024.03.20-04.25.07:499][  0]LogDerivedDataCache: Using Local data cache path ../../../Engine/DerivedDataCache: Writable
[2024.03.20-04.25.07:499][  0]LogDerivedDataCache: Shared data cache path not found in *engine.ini, will not use an Shared cache.
[2024.03.20-04.25.07:499][  0]LogDerivedDataCache: Unable to find inner node Shared for hierarchical cache Hierarchy.
[2024.03.20-04.25.07:538][  0]LogSlate: Using FreeType 2.10.0
[2024.03.20-04.25.07:539][  0]LogSlate: SlateFontServices - WITH_FREETYPE: 1, WITH_HARFBUZZ: 1
[2024.03.20-04.25.07:568][  0]LogAssetRegistry: FAssetRegistry took 0.0023 seconds to start up
[2024.03.20-04.25.07:773][  0]LogInit: Selected Device Profile: [Windows]
[2024.03.20-04.25.07:773][  0]LogInit: Active device profile: [000001DF3434AD00][000001DF332927C0 49] Windows
[2024.03.20-04.25.07:773][  0]LogInit: Profiles: [000001DF3434AD00][000001DF332927C0 49] Windows, [000001DF342FD600][000001DF3329A940 49] WindowsNoEditor, [000001DF34349500][000001DF3329EAC0 49] WindowsServer, [000001DF342FEB00][000001DF332A2C40 49] WindowsClient, [000001DF3434AA00][000001DF332A6DC0 49] IOS, [000001DF342FDA00][000001DF332AEF40 49] iPadAir, [000001DF34349900][000001DF332B70C0 49] iPadAir2, [000001DF3420BC00][000001DF332BF380 49] IPadPro, [000001DF3420BD00][000001DF332BB3C0 49] iPadAir3, [000001DF3434AF00][000001DF332C3540 49] iPadAir4, [000001DF34209900][000001DF332C76C0 49] iPadMini2, [000001DF34349300][000001DF332CB840 49] iPadMini3, [000001DF34208D00][000001DF332CF9C0 49] iPadMini4, [000001DF34348900][000001DF332D3B40 49] iPadMini5, [000001DF3426F500][000001DF33296240 49] iPhone6, [000001DF3426F600][000001DF332D6280 49] iPodTouch6, [000001DF34208700][000001DF332E24C0 49] iPhone7, [000001DF34208600][000001DF332DE500 49] iPodTouch7, [000001DF3426D800][000001DF332EA680 49] iPhone5S, [000001DF3420B600][000001DF332F6800 49] iPhone6Plus, [000001DF3426F800][000001DF332FE980 49] iPhone6S, [000001DF34209B00][000001DF33302B00 49] iPhone6SPlus, [000001DF3426D700][000001DF3330EC80 49] iPhone7Plus, [000001DF3420B100][000001DF33312E00 49] iPhoneSE, [000001DF3426E500][000001DF3331EF80 49] iPhone8, [000001DF34209500][000001DF33323100 49] iPhone8Plus, [000001DF3426DE00][000001DF3333F280 49] iPhoneX, [000001DF34209000][000001DF3336B400 49] iPhoneXS, [000001DF3426E200][000001DF33DD9580 49] iPhoneXSMax, [000001DF34208500][000001DF33DDD700 49] iPhoneXR, [000001DF3426E100][000001DF33DE1880 49] iPhone11, [000001DF3420AD00][000001DF33DE5A00 49] iPhone11Pro, [000001DF3426D600][000001DF33DE9B80 49] iPhone11ProMax, [000001DF34209D00][000001DF33DEC180 49] iPhoneSE2, [000001DF3426F200][000001DF33DF4300 49] iPhone12Mini, [000001DF34209E00][000001DF332E6440 49] iPhone12, [000001DF3426C300][000001DF33DFC580 49] iPhone12Pro, [000001DF3420B500][000001DF33E166C0 49] iPhone12ProMax, [000001DF3426FC00][000001DF33E4E840 49] iPadPro105, [000001DF34208200][000001DF33E569C0 49] iPadPro129, [000001DF3426CE00][000001DF33E8CB40 49] iPadPro97, [000001DF34208100][000001DF33ED4CC0 49] iPadPro2_129, [000001DF3426FF00][000001DF33ED8E40 49] iPad5, [000001DF34208900][000001DF33F8CFC0 49] iPad6, [000001DF3426FB00][000001DF33F91140 49] iPad7, [000001DF3420AA00][000001DF33F952C0 49] iPad8, [000001DF3426E800][000001DF33F99440 49] iPadPro11, [000001DF34208A00][000001DF33F9D5C0 49] iPadPro2_11, [000001DF3426C700][000001DF33791740 49] iPadPro3_129, [000001DF3420B200][000001DF337958C0 49] iPadPro4_129, [000001DF3426FA00][000001DF33799A40 49] AppleTV, [000001DF34208C00][000001DF3379DBC0 49] AppleTV4K, [000001DF3426EC00][000001DF337A01C0 49] TVOS, [000001DF3420B000][000001DF337A4340 49] Mac, [000001DF342FCE00][000001DF337A84C0 49] MacClient, [000001DF34390800][000001DF33E4A600 49] MacNoEditor, [000001DF342FD500][000001DF337AC740 49] MacServer, [000001DF34390300][000001DF337B0880 49] Linux, [000001DF342FED00][000001DF337B49C0 49] LinuxAArch64, [000001DF34390B00][000001DF337BCB40 49] LinuxNoEditor, [000001DF342FDD00][000001DF337C0CC0 49] LinuxAArch64NoEditor, [000001DF34391500][000001DF337C4E40 49] LinuxClient, [000001DF342FC500][000001DF337C8FC0 49] LinuxAArch64Client, [000001DF34391100][000001DF337CD140 49] LinuxServer, [000001DF342FF600][000001DF337D12C0 49] LinuxAArch64Server, [000001DF34391200][000001DF337D5440 49] Android, [000001DF342FC400][000001DF337D95C0 49] Android_Low, [000001DF34390C00][000001DF337DD740 49] Android_Mid, [000001DF342FCD00][000001DF337E18C0 49] Android_High, [000001DF34391300][000001DF337E5A40 49] Android_Default, [000001DF342FC300][000001DF337E9BC0 49] Android_Adreno4xx, [000001DF34391900][000001DF337EC1C0 49] Android_Adreno5xx_Low, [000001DF342FF700][000001DF337F0340 49] Android_Adreno5xx, [000001DF34390900][000001DF337F44C0 49] Android_Adreno6xx, [000001DF342FE200][000001DF337F8640 49] Android_Adreno6xx_Vulkan, [000001DF34390F00][000001DF337B8780 49] Android_Mali_T6xx, [000001DF3420BE00][000001DF337FC8C0 49] Android_Mali_T7xx, [000001DF3426D100][000001DF33800A00 49] Android_Mali_T8xx, [000001DF3420A700][000001DF33804B40 49] Android_Mali_G71, [000001DF3426F300][000001DF3380CCC0 49] Android_Mali_G72, [000001DF3420A000][000001DF33810E40 49] Android_Mali_G72_Vulkan, [000001DF3426F900][000001DF33814FC0 49] Android_Mali_G76, [000001DF34208300][000001DF33819140 49] Android_Mali_G76_Vulkan, [000001DF3426DF00][000001DF3381D2C0 49] Android_Mali_G77, [000001DF34209700][000001DF33821440 49] Android_Mali_G77_Vulkan, [000001DF3426E400][000001DF338255C0 49] Android_Mali_G78, [000001DF3420A400][000001DF33829740 49] Android_Mali_G78_Vulkan, [000001DF3426E700][000001DF3382D8C0 49] Android_Mali_G710, [000001DF3420B800][000001DF33831A40 49] Android_Mali_G710_Vulkan, [000001DF3426C900][000001DF33835BC0 49] Android_Vulkan_SM5, [000001DF34208F00][000001DF338381C0 49] Android_PowerVR_G6xxx, [000001DF3426C400][000001DF3383C340 49] Android_PowerVR_GT7xxx, [000001DF34208E00][000001DF338404C0 49] Android_PowerVR_GE8xxx, [000001DF3426DA00][000001DF33844640 49] Android_PowerVR_GM9xxx, [000001DF34209300][000001DF338487C0 49] Android_PowerVR_GM9xxx_Vulkan, [000001DF3426D000][000001DF3384C940 49] Android_TegraK1, [000001DF34209F00][000001DF33808A80 49] Android_Unknown_Vulkan, [000001DF3426D400][000001DF33850BC0 49] Lumin, [000001DF3420A600][000001DF33854D00 49] Lumin_Desktop, [000001DF34349400][000001DF3385CE80 49] HoloLens, 
[2024.03.20-04.25.07:915][  0]LogMeshReduction: Using QuadricMeshReduction for automatic static mesh reduction
[2024.03.20-04.25.07:915][  0]LogMeshReduction: Using SimplygonMeshReduction for automatic skeletal mesh reduction
[2024.03.20-04.25.07:915][  0]LogMeshReduction: Using ProxyLODMeshReduction for automatic mesh merging
[2024.03.20-04.25.07:915][  0]LogMeshReduction: No distributed automatic mesh merging module available
[2024.03.20-04.25.07:915][  0]LogMeshMerging: No distributed automatic mesh merging module available
[2024.03.20-04.25.07:936][  0]LogNetVersion: NetShootRewrite 1.0.0, NetCL: 0, EngineNetVer: 17, GameNetVer: 0 (Checksum: 1486698656)
[2024.03.20-04.25.08:440][  0]LogTexture: Default maximum texture size for cubemaps generated from long-lat sources has been changed from 512 to unlimited. In order to preserve old behaiour for '/Engine/MapTemplates/Sky/DaylightAmbientCubemap.DaylightAmbientCubemap', its maximum texture size has been explicitly set to 512.
[2024.03.20-04.25.08:501][  0]LogHMD: PokeAHoleMaterial loaded successfully
[2024.03.20-04.25.08:509][  0]LogUObjectArray: 17164 objects as part of root set at end of initial load.
[2024.03.20-04.25.08:509][  0]LogUObjectAllocator: 4298528 out of 0 bytes used by permanent object pool.
[2024.03.20-04.25.08:509][  0]LogUObjectArray: CloseDisregardForGC: 0/0 objects in disregard for GC pool
[2024.03.20-04.25.08:894][  0]LogNiagaraDebuggerClient: Niagara Debugger Client Initialized | Session: B8565BFB47114F7CA3BA058BD6A7A24A | Instance: E7B6644D465348F5DCA7AE98B7318D14 (DESKTOP-6POMQQ5-18136).
[2024.03.20-04.25.08:937][  0]LogPython: Using Python 3.7.7
[2024.03.20-04.25.09:522][  0]LogUdpMessaging: Initializing bridge on interface 0.0.0.0:0 to multicast group 230.0.0.1:6666.
[2024.03.20-04.25.09:529][  0]LogTcpMessaging: Initializing TcpMessaging bridge
[2024.03.20-04.25.09:609][  0]LogActor: Warning: SetReplicates called on non-initialized actor Default__WeaponServerBase. Directly setting bReplicates is the correct procedure for pre-init actors.
[2024.03.20-04.25.09:779][  0]SourceControl: 源码管理已禁用
[2024.03.20-04.25.09:779][  0]SourceControl: 源码管理已禁用
[2024.03.20-04.25.09:784][  0]SourceControl: 源码管理已禁用
[2024.03.20-04.25.09:788][  0]SourceControl: 源码管理已禁用
[2024.03.20-04.25.09:804][  0]SourceControl: 源码管理已禁用
[2024.03.20-04.25.09:814][  0]LogUProjectInfo: Found projects:
[2024.03.20-04.25.10:107][  0]LogOpenImageDenoise: OIDN starting up
[2024.03.20-04.25.10:170][  0]LogAndroidPermission: UAndroidPermissionCallbackProxy::GetInstance
[2024.03.20-04.25.10:198][  0]LogAudioCaptureCore: Display: No Audio Capture implementations found. Audio input will be silent.
[2024.03.20-04.25.10:198][  0]LogAudioCaptureCore: Display: No Audio Capture implementations found. Audio input will be silent.
[2024.03.20-04.25.10:400][  0]LogCollectionManager: Loaded 0 collections in 0.002228 seconds
[2024.03.20-04.25.10:439][  0]LogFileCache: Scanning file cache for directory 'D:/GitHub/NetShootRewrite/Saved/Collections/' took 0.00s
[2024.03.20-04.25.10:439][  0]LogFileCache: Scanning file cache for directory 'D:/GitHub/NetShootRewrite/Content/Developers/ZTT/Collections/' took 0.00s
[2024.03.20-04.25.10:439][  0]LogFileCache: Scanning file cache for directory 'D:/GitHub/NetShootRewrite/Content/Collections/' took 0.00s
[2024.03.20-04.25.10:439][  0]LogOcInput: OculusInput pre-init called
[2024.03.20-04.25.10:709][  0]LogEngine: Initializing Engine...
[2024.03.20-04.25.10:713][  0]LogHMD: Failed to enumerate extensions. Please check that you have a valid OpenXR runtime installed.
[2024.03.20-04.25.10:713][  0]LogHMD: Failed to initialize OpenVR with code 110
[2024.03.20-04.25.10:713][  0]LogMagicLeap: Warning: VR disabled because ZI is not enabled.  To enable, in the editor, Edit -> Project Settings -> Plugins -> Magic Leap Plugin -> Enable Zero Iteration
[2024.03.20-04.25.10:713][  0]LogStats: UGameplayTagsManager::InitializeManager -  0.000 s
[2024.03.20-04.25.10:857][  0]LogInit: Initializing FReadOnlyCVARCache
[2024.03.20-04.25.10:867][  0]LogAIModule: Creating AISystem for world Untitled
[2024.03.20-04.25.10:867][  0]LogAudio: Display: Initializing Audio Device Manager...
[2024.03.20-04.25.10:872][  0]LogAudio: Display: Loading Default Audio Settings Objects...
[2024.03.20-04.25.10:873][  0]LogAudio: Display: No default SoundConcurrencyObject specified (or failed to load).
[2024.03.20-04.25.10:874][  0]LogAudio: Display: Audio Device Manager Initialized
[2024.03.20-04.25.10:874][  0]LogAudio: Display: Creating Audio Device:                 Id: 1, Scope: Shared, Realtime: True
[2024.03.20-04.25.10:874][  0]LogAudioMixer: Display: Audio Mixer Platform Settings:
[2024.03.20-04.25.10:874][  0]LogAudioMixer: Display: 	Sample Rate:						  48000
[2024.03.20-04.25.10:874][  0]LogAudioMixer: Display: 	Callback Buffer Frame Size Requested: 1024
[2024.03.20-04.25.10:874][  0]LogAudioMixer: Display: 	Callback Buffer Frame Size To Use:	  1024
[2024.03.20-04.25.10:874][  0]LogAudioMixer: Display: 	Number of buffers to queue:			  2
[2024.03.20-04.25.10:874][  0]LogAudioMixer: Display: 	Max Channels (voices):				  32
[2024.03.20-04.25.10:874][  0]LogAudioMixer: Display: 	Number of Async Source Workers:		  0
[2024.03.20-04.25.10:874][  0]LogAudio: Display: AudioDevice MaxSources: 32
[2024.03.20-04.25.10:874][  0]LogAudio: Display: Audio Spatialization Plugin: None (built-in).
[2024.03.20-04.25.10:874][  0]LogAudio: Display: Audio Reverb Plugin: None (built-in).
[2024.03.20-04.25.10:874][  0]LogAudio: Display: Audio Occlusion Plugin: None (built-in).
[2024.03.20-04.25.10:874][  0]LogAudioMixer: Display: Initializing audio mixer.
[2024.03.20-04.25.10:899][  0]LogAudioMixer: Display: 0: FrontLeft
[2024.03.20-04.25.10:899][  0]LogAudioMixer: Display: 1: FrontRight
[2024.03.20-04.25.10:916][  0]LogAudioMixer: Display: Using Audio Device 扬声器 (Realtek High Definition Audio)
[2024.03.20-04.25.10:919][  0]LogAudioMixer: Display: Initializing Sound Submixes...
[2024.03.20-04.25.10:923][  0]LogAudioMixer: Display: Creating Master Submix 'MasterSubmixDefault'
[2024.03.20-04.25.10:923][  0]LogAudioMixer: Display: Creating Master Submix 'MasterReverbSubmixDefault'
[2024.03.20-04.25.10:924][  0]LogAudioMixer: Display: Creating Master Submix 'MasterEQSubmixDefault'
[2024.03.20-04.25.10:924][  0]LogAudioMixer: FMixerPlatformXAudio2::StartAudioStream() called
[2024.03.20-04.25.10:924][  0]LogAudioMixer: Display: Output buffers initialized: Frames=1024, Channels=2, Samples=2048
[2024.03.20-04.25.10:925][  0]LogAudioMixer: Display: Starting AudioMixerPlatformInterface::RunInternal()
[2024.03.20-04.25.10:925][  0]LogAudioMixer: Display: FMixerPlatformXAudio2::SubmitBuffer() called for the first time
[2024.03.20-04.25.10:925][  0]LogInit: FAudioDevice initialized.
[2024.03.20-04.25.10:925][  0]LogAudio: Display: Audio Device (ID: 1) registered with world 'Untitled'.
[2024.03.20-04.25.10:925][  0]LogNetVersion: Set ProjectVersion to 1.0.0.0. Version Checksum will be recalculated on next use.
[2024.03.20-04.25.11:184][  0]LogDerivedDataCache: Saved boot cache 0.26s 94MB D:/GitHub/NetShootRewrite/DerivedDataCache/Boot.ddc.
[2024.03.20-04.25.11:184][  0]LogInit: Texture streaming: Enabled
[2024.03.20-04.25.11:200][  0]LogAnalytics: Display: [UEEditor.UnrealEngine.Release] APIServer = https://datarouter.ol.epicgames.com/. AppVersion = 4.27.2-0+++UE4+Release-4.27
[2024.03.20-04.25.11:205][  0]LogEngineSessionManager: EngineSessionManager initialized
[2024.03.20-04.25.11:206][  0]LogEditorSessionSummary: Verbose: Initializing EditorSessionSummaryWriter for editor session tracking
[2024.03.20-04.25.11:212][  0]LogEditorSessionSummary: EditorSessionSummaryWriter initialized
[2024.03.20-04.25.11:244][  0]LogInit: Transaction tracking system initialized
[2024.03.20-04.25.11:277][  0]BlueprintLog: New page: 编辑器加载
[2024.03.20-04.25.11:357][  0]LocalizationService: 本地化服务已禁用
[2024.03.20-04.25.11:388][  0]TimingProfiler: Initialize
[2024.03.20-04.25.11:388][  0]TimingProfiler: OnSessionChanged
[2024.03.20-04.25.11:388][  0]LoadingProfiler: Initialize
[2024.03.20-04.25.11:388][  0]LoadingProfiler: OnSessionChanged
[2024.03.20-04.25.11:388][  0]NetworkingProfiler: Initialize
[2024.03.20-04.25.11:388][  0]NetworkingProfiler: OnSessionChanged
[2024.03.20-04.25.11:388][  0]MemoryProfiler: Initialize
[2024.03.20-04.25.11:388][  0]MemoryProfiler: OnSessionChanged
[2024.03.20-04.25.11:681][  0]LogCook: Display: CookSettings for Memory: MemoryMaxUsedVirtual 0MiB, MemoryMaxUsedPhysical 16384MiB, MemoryMinFreeVirtual 0MiB, MemoryMinFreePhysical 1024MiB
[2024.03.20-04.25.11:681][  0]LogCook: Display: Mobile HDR setting 1
[2024.03.20-04.25.11:744][  0]LogFileCache: Scanning file cache for directory 'D:/GitHub/NetShootRewrite/Content/' took 0.01s
[2024.03.20-04.25.12:131][  0]LogInit: Display: Engine is initialized. Leaving FEngineLoop::Init()
[2024.03.20-04.25.12:136][  0]SourceControl: 源码管理已禁用
[2024.03.20-04.25.12:136][  0]LogUnrealEdMisc: Loading editor; pre map load, took 8.762
[2024.03.20-04.25.12:136][  0]Cmd: MAP LOAD FILE="D:/GitHub/NetShootRewrite/Content/FirstPersonCPP/Maps/FirstPersonExampleMap.umap" TEMPLATE=0 SHOWPROGRESS=1 FEATURELEVEL=3
[2024.03.20-04.25.12:137][  0]LightingResults: New page: 光照构建
[2024.03.20-04.25.12:139][  0]LogWorld: UWorld::CleanupWorld for Untitled, bSessionEnded=true, bCleanupResources=true
[2024.03.20-04.25.12:139][  0]LogSlate: InvalidateAllWidgets triggered.  All widgets were invalidated
[2024.03.20-04.25.12:139][  0]MapCheck: New page: 地图检测
[2024.03.20-04.25.12:139][  0]LightingResults: New page: 光照构建
[2024.03.20-04.25.12:143][  0]LogAudio: Display: Audio Device unregistered from world 'None'.
[2024.03.20-04.25.12:145][  0]LogUObjectHash: Compacting FUObjectHashTables data took   0.64ms
[2024.03.20-04.25.13:754][  0]LogActor: Warning: SetReplicates called on non-initialized actor Default__BP_ServerWeaponBase_C. Directly setting bReplicates is the correct procedure for pre-init actors.
[2024.03.20-04.25.13:755][  0]LogActor: Warning: SetReplicates called on non-initialized actor Default__SKEL_BP_ServerWeaponBase_C. Directly setting bReplicates is the correct procedure for pre-init actors.
[2024.03.20-04.25.13:892][  0]LogActor: Warning: SetReplicates called on non-initialized actor BP_ServerWeaponBase_2. Directly setting bReplicates is the correct procedure for pre-init actors.
