Log file open, 03/19/24 14:53:04
LogWindows: Failed to load 'aqProf.dll' (GetLastError=126)
LogWindows: File 'aqProf.dll' does not exist
LogWindows: Failed to load 'VtuneApi.dll' (GetLastError=126)
LogWindows: File 'VtuneApi.dll' does not exist
LogWindows: Failed to load 'VtuneApi32e.dll' (GetLastError=126)
LogWindows: File 'VtuneApi32e.dll' does not exist
LogConsoleResponse: Display: Failed to find resolution value strings in scalability ini. Falling back to default.
LogConsoleResponse: Display: Failed to find resolution value strings in scalability ini. Falling back to default.
LogInit: Display: Running engine for game: NetShootRewrite
LogPlatformFile: Not using cached read wrapper
LogTaskGraph: Started task graph with 5 named threads and 35 total threads with 3 sets of task threads.
LogStats: Stats thread started at 0.149672
LogICUInternationalization: ICU TimeZone Detection - Raw Offset: +8:00, Platform Override: ''
LogInit: Display: Loading text-based GConfig....
LogPluginManager: Mounting plugin MeshPainting
LogPluginManager: Mounting plugin XGEController
LogPluginManager: Mounting plugin Paper2D
LogPluginManager: Mounting plugin AISupport
LogPluginManager: Mounting plugin LightPropagationVolume
LogPluginManager: Mounting plugin CameraShakePreviewer
LogPluginManager: Mounting plugin AnimationSharing
LogPluginManager: Mounting plugin GameplayCameras
LogPluginManager: Mounting plugin EnvironmentQueryEditor
LogPluginManager: Mounting plugin CLionSourceCodeAccess
LogPluginManager: Mounting plugin AlembicImporter
LogPluginManager: Mounting plugin AutomationUtils
LogPluginManager: Mounting plugin BackChannel
LogPluginManager: Mounting plugin CodeLiteSourceCodeAccess
LogPluginManager: Mounting plugin ChaosCloth
LogPluginManager: Mounting plugin ChaosClothEditor
LogPluginManager: Mounting plugin ChaosEditor
LogPluginManager: Mounting plugin ChaosNiagara
LogPluginManager: Mounting plugin ChaosSolverPlugin
LogPluginManager: Mounting plugin CharacterAI
LogPluginManager: Mounting plugin GitSourceControl
LogPluginManager: Mounting plugin KDevelopSourceCodeAccess
LogPluginManager: Mounting plugin NullSourceCodeAccess
LogPluginManager: Mounting plugin PerforceSourceControl
LogPluginManager: Mounting plugin LiveLink
LogPluginManager: Mounting plugin PixWinPlugin
LogPluginManager: Mounting plugin PlasticSourceControl
LogPluginManager: Mounting plugin PropertyAccessNode
LogPluginManager: Mounting plugin PluginUtils
LogPluginManager: Mounting plugin RiderSourceCodeAccess
LogPluginManager: Mounting plugin SubversionSourceControl
LogPluginManager: Mounting plugin TextureFormatOodle
LogPluginManager: Mounting plugin UObjectPlugin
LogPluginManager: Mounting plugin VisualStudioCodeSourceCodeAccess
LogPluginManager: Mounting plugin GeometryCache
LogPluginManager: Mounting plugin XCodeSourceCodeAccess
LogPluginManager: Mounting plugin AssetManagerEditor
LogPluginManager: Mounting plugin GeometryCollectionPlugin
LogPluginManager: Mounting plugin VisualStudioSourceCodeAccess
LogPluginManager: Mounting plugin CryptoKeys
LogPluginManager: Mounting plugin CurveEditorTools
LogPluginManager: Mounting plugin DataValidation
LogPluginManager: Mounting plugin FacialAnimation
LogPluginManager: Mounting plugin GeometryMode
LogPluginManager: Mounting plugin GameplayTagsEditor
LogPluginManager: Mounting plugin MacGraphicsSwitching
LogPluginManager: Mounting plugin MaterialAnalyzer
LogPluginManager: Mounting plugin MobileLauncherProfileWizard
LogPluginManager: Mounting plugin SpeedTreeImporter
LogPluginManager: Mounting plugin PluginBrowser
LogPluginManager: Mounting plugin DatasmithContent
LogPluginManager: Mounting plugin GeometryProcessing
LogPluginManager: Mounting plugin MotoSynth
LogPluginManager: Mounting plugin OpenImageDenoise
LogPluginManager: Mounting plugin VariantManagerContent
LogPluginManager: Mounting plugin PlanarCut
LogPluginManager: Mounting plugin PlatformCrypto
LogPluginManager: Mounting plugin ProxyLODPlugin
LogPluginManager: Mounting plugin PythonScriptPlugin
LogPluginManager: Mounting plugin SkeletalReduction
LogPluginManager: Mounting plugin OodleData
LogPluginManager: Mounting plugin OodleNetwork
LogPluginManager: Mounting plugin Niagara
LogPluginManager: Mounting plugin LuminPlatformFeatures
LogPluginManager: Mounting plugin MagicLeap
LogPluginManager: Mounting plugin MagicLeapLightEstimation
LogPluginManager: Mounting plugin MagicLeapMedia
LogPluginManager: Mounting plugin MagicLeapPassableWorld
LogPluginManager: Mounting plugin MLSDK
LogPluginManager: Mounting plugin AndroidMedia
LogPluginManager: Mounting plugin AvfMedia
LogPluginManager: Mounting plugin ImgMedia
LogPluginManager: Mounting plugin MediaPlayerEditor
LogPluginManager: Mounting plugin MediaCompositing
LogPluginManager: Mounting plugin WmfMedia
LogPluginManager: Mounting plugin WebMMedia
LogPluginManager: Mounting plugin ActorSequence
LogPluginManager: Mounting plugin TcpMessaging
LogPluginManager: Mounting plugin LevelSequenceEditor
LogPluginManager: Mounting plugin MatineeToLevelSequence
LogPluginManager: Mounting plugin UdpMessaging
LogPluginManager: Mounting plugin TemplateSequence
LogPluginManager: Mounting plugin OnlineSubsystem
LogPluginManager: Mounting plugin OnlineSubsystemNull
LogPluginManager: Mounting plugin ActorLayerUtilities
LogPluginManager: Mounting plugin OnlineSubsystemUtils
LogPluginManager: Mounting plugin AndroidDeviceProfileSelector
LogPluginManager: Mounting plugin AndroidMoviePlayer
LogPluginManager: Mounting plugin AndroidPermission
LogPluginManager: Mounting plugin AppleImageUtils
LogPluginManager: Mounting plugin AppleMoviePlayer
LogPluginManager: Mounting plugin ArchVisCharacter
LogPluginManager: Mounting plugin AssetTags
LogPluginManager: Mounting plugin AudioCapture
LogPluginManager: Mounting plugin AudioSynesthesia
LogPluginManager: Mounting plugin CableComponent
LogPluginManager: Mounting plugin CustomMeshComponent
LogPluginManager: Mounting plugin ChunkDownloader
LogPluginManager: Mounting plugin EditableMesh
LogPluginManager: Mounting plugin ExampleDeviceProfileSelector
LogPluginManager: Mounting plugin GoogleCloudMessaging
LogPluginManager: Mounting plugin GooglePAD
LogPluginManager: Mounting plugin IOSDeviceProfileSelector
LogPluginManager: Mounting plugin LinuxDeviceProfileSelector
LogPluginManager: Mounting plugin LocationServicesBPLibrary
LogPluginManager: Mounting plugin MobilePatchingUtils
LogPluginManager: Mounting plugin OpenXR
LogPluginManager: Mounting plugin OpenXREyeTracker
LogPluginManager: Mounting plugin OpenXRHandTracking
LogPluginManager: Mounting plugin PhysXVehicles
LogPluginManager: Mounting plugin PostSplashScreen
LogPluginManager: Mounting plugin ProceduralMeshComponent
LogPluginManager: Mounting plugin PropertyAccessEditor
LogPluginManager: Mounting plugin RuntimePhysXCooking
LogPluginManager: Mounting plugin SignificanceManager
LogPluginManager: Mounting plugin SoundFields
LogPluginManager: Mounting plugin Synthesis
LogPluginManager: Mounting plugin WebMMoviePlayer
LogPluginManager: Mounting plugin LauncherChunkInstaller
LogPluginManager: Mounting plugin WindowsMoviePlayer
LogPluginManager: Mounting plugin ScreenshotTools
LogPluginManager: Mounting plugin Takes
LogPluginManager: Mounting plugin ContentBrowserAssetDataSource
LogPluginManager: Mounting plugin ContentBrowserFileDataSource
LogPluginManager: Mounting plugin ContentBrowserClassDataSource
LogPluginManager: Mounting plugin RiderLink
LogPluginManager: Mounting plugin OnlineSubsystemGooglePlay
LogPluginManager: Mounting plugin OnlineSubsystemIOS
LogPluginManager: Mounting plugin OculusVR
LogPluginManager: Mounting plugin SteamVR
PixWinPlugin: PIX capture plugin failed to initialize! Check that the process is launched from PIX.
LogInit: Using libcurl 7.55.1-DEV
LogInit:  - built for x86_64-pc-win32
LogInit:  - supports SSL with OpenSSL/1.1.1
LogInit:  - supports HTTP deflate (compression) using libz 1.2.8
LogInit:  - other features:
LogInit:      CURL_VERSION_SSL
LogInit:      CURL_VERSION_LIBZ
LogInit:      CURL_VERSION_IPV6
LogInit:      CURL_VERSION_ASYNCHDNS
LogInit:      CURL_VERSION_LARGEFILE
LogInit:      CURL_VERSION_IDN
LogInit:  CurlRequestOptions (configurable via config and command line):
LogInit:  - bVerifyPeer = true  - Libcurl will verify peer certificate
LogInit:  - bUseHttpProxy = false  - Libcurl will NOT use HTTP proxy
LogInit:  - bDontReuseConnections = false  - Libcurl will reuse connections
LogInit:  - MaxHostConnections = 16  - Libcurl will limit the number of connections to a host
LogInit:  - LocalHostAddr = Default
LogInit:  - BufferSize = 65536
LogOnline: OSS: Creating online subsystem instance for: NULL
LogInit: WinSock: version 1.1 (2.2), MaxSocks=32767, MaxUdp=65467
LogOnline: OSS: TryLoadSubsystemAndSetDefault: Loaded subsystem for module [NULL]
LogOculusPluginWrapper: OculusPlugin initialized successfully
LogHMD: Failed initializing OVRPlugin 1.59.0
LogInit: Build: ++UE4+Release-4.27-CL-0
LogInit: Engine Version: 4.27.2-0+++UE4+Release-4.27
LogInit: Compatible Engine Version: 4.27.0-0+++UE4+Release-4.27
LogInit: Net CL: 0
LogInit: OS: Windows 10 (Release 2009) (), CPU: Intel(R) Core(TM) i7-8700 CPU @ 3.20GHz, GPU: NVIDIA GeForce GTX 1660 Ti
LogInit: Compiled (64-bit): Mar 12 2024 21:46:05
LogInit: Compiled with Visual C++: 19.39.33521.00
LogInit: Build Configuration: Development
LogInit: Branch Name: ++UE4+Release-4.27
LogInit: Command Line:  -skipcompile
LogInit: Base Directory: C:/Program Files (x86)/UE4.27/UnrealEngine-4.27/Engine/Binaries/Win64/
LogInit: Allocator: TBB
LogInit: Installed Engine Build: 0
LogDevObjectVersion: Number of dev versions registered: 29
LogDevObjectVersion:   Dev-Blueprints (B0D832E4-1F89-4F0D-ACCF-7EB736FD4AA2): 10
LogDevObjectVersion:   Dev-Build (E1C64328-A22C-4D53-A36C-8E866417BD8C): 0
LogDevObjectVersion:   Dev-Core (375EC13C-06E4-48FB-B500-84F0262A717E): 4
LogDevObjectVersion:   Dev-Editor (E4B068ED-F494-42E9-A231-DA0B2E46BB41): 40
LogDevObjectVersion:   Dev-Framework (CFFC743F-43B0-4480-9391-14DF171D2073): 37
LogDevObjectVersion:   Dev-Mobile (B02B49B5-BB20-44E9-A304-32B752E40360): 3
LogDevObjectVersion:   Dev-Networking (A4E4105C-59A1-49B5-A7C5-40C4547EDFEE): 0
LogDevObjectVersion:   Dev-Online (39C831C9-5AE6-47DC-9A44-9C173E1C8E7C): 0
LogDevObjectVersion:   Dev-Physics (78F01B33-EBEA-4F98-B9B4-84EACCB95AA2): 14
LogDevObjectVersion:   Dev-Platform (6631380F-2D4D-43E0-8009-CF276956A95A): 0
LogDevObjectVersion:   Dev-Rendering (12F88B9F-8875-4AFC-A67C-D90C383ABD29): 45
LogDevObjectVersion:   Dev-Sequencer (7B5AE74C-D270-4C10-A958-57980B212A5A): 13
LogDevObjectVersion:   Dev-VR (D7296918-1DD6-4BDD-9DE2-64A83CC13884): 3
LogDevObjectVersion:   Dev-LoadTimes (C2A15278-BFE7-4AFE-6C17-90FF531DF755): 1
LogDevObjectVersion:   Private-Geometry (6EACA3D4-40EC-4CC1-B786-8BED09428FC5): 3
LogDevObjectVersion:   Dev-AnimPhys (29E575DD-E0A3-4627-9D10-D276232CDCEA): 17
LogDevObjectVersion:   Dev-Anim (AF43A65D-7FD3-4947-9873-3E8ED9C1BB05): 15
LogDevObjectVersion:   Dev-ReflectionCapture (6B266CEC-1EC7-4B8F-A30B-E4D90942FC07): 1
LogDevObjectVersion:   Dev-Automation (0DF73D61-A23F-47EA-B727-89E90C41499A): 1
LogDevObjectVersion:   FortniteMain (601D1886-AC64-4F84-AA16-D3DE0DEAC7D6): 47
LogDevObjectVersion:   FortniteRelease (E7086368-6B23-4C58-8439-1B7016265E91): 1
LogDevObjectVersion:   Dev-Enterprise (9DFFBCD6-494F-0158-E221-12823C92A888): 10
LogDevObjectVersion:   Dev-Niagara (F2AED0AC-9AFE-416F-8664-AA7FFA26D6FC): 1
LogDevObjectVersion:   Dev-Destruction (174F1F0B-B4C6-45A5-B13F-2EE8D0FB917D): 10
LogDevObjectVersion:   Dev-Physics-Ext (35F94A83-E258-406C-A318-09F59610247C): 41
LogDevObjectVersion:   Dev-PhysicsMaterial-Chaos (B68FC16E-8B1B-42E2-B453-215C058844FE): 1
LogDevObjectVersion:   Dev-CineCamera (B2E18506-4273-CFC2-A54E-F4BB758BBA07): 1
LogDevObjectVersion:   Dev-VirtualProduction (64F58936-FD1B-42BA-BA96-7289D5D0FA4E): 1
LogDevObjectVersion:   Dev-MediaFramework (6F0ED827-A609-4895-9C91-998D90180EA4): 2
LogInit: Presizing for max 25165824 objects, including 0 objects not considered by GC, pre-allocating 0 bytes for permanent pool.
LogConfig: Applying CVar settings from Section [/Script/Engine.StreamingSettings] File [D:/GitHub/NetShootRewrite/Saved/Config/Windows/Engine.ini]
LogConfig: Setting CVar [[s.MinBulkDataSizeForAsyncLoading:131072]]
LogConfig: Setting CVar [[s.AsyncLoadingThreadEnabled:0]]
LogConfig: Setting CVar [[s.EventDrivenLoaderEnabled:1]]
LogConfig: Setting CVar [[s.WarnIfTimeLimitExceeded:0]]
LogConfig: Setting CVar [[s.TimeLimitExceededMultiplier:1.5]]
LogConfig: Setting CVar [[s.TimeLimitExceededMinTime:0.005]]
LogConfig: Setting CVar [[s.UseBackgroundLevelStreaming:1]]
LogConfig: Setting CVar [[s.PriorityAsyncLoadingExtraTime:15.0]]
LogConfig: Setting CVar [[s.LevelStreamingActorsUpdateTimeLimit:5.0]]
LogConfig: Setting CVar [[s.PriorityLevelStreamingActorsUpdateExtraTime:5.0]]
LogConfig: Setting CVar [[s.LevelStreamingComponentsRegistrationGranularity:10]]
LogConfig: Setting CVar [[s.UnregisterComponentsTimeLimit:1.0]]
LogConfig: Setting CVar [[s.LevelStreamingComponentsUnregistrationGranularity:5]]
LogConfig: Setting CVar [[s.FlushStreamingOnExit:1]]
LogInit: Object subsystem initialized
LogConfig: Setting CVar [[con.DebugEarlyDefault:1]]
LogConfig: Setting CVar [[r.setres:1280x720]]
[2024.03.19-06.53.05:193][  0]LogConfig: Setting CVar [[r.VSync:0]]
[2024.03.19-06.53.05:193][  0]LogConfig: Setting CVar [[r.RHICmdBypass:0]]
[2024.03.19-06.53.05:193][  0]LogConfig: Applying CVar settings from Section [/Script/Engine.RendererSettings] File [D:/GitHub/NetShootRewrite/Saved/Config/Windows/Engine.ini]
[2024.03.19-06.53.05:193][  0]LogConfig: Setting CVar [[r.GPUCrashDebugging:0]]
[2024.03.19-06.53.05:193][  0]LogConfig: Applying CVar settings from Section [/Script/Engine.RendererOverrideSettings] File [D:/GitHub/NetShootRewrite/Saved/Config/Windows/Engine.ini]
[2024.03.19-06.53.05:193][  0]LogConfig: Applying CVar settings from Section [/Script/Engine.StreamingSettings] File [D:/GitHub/NetShootRewrite/Saved/Config/Windows/Engine.ini]
[2024.03.19-06.53.05:193][  0]LogConfig: Setting CVar [[s.MinBulkDataSizeForAsyncLoading:131072]]
[2024.03.19-06.53.05:193][  0]LogConfig: Setting CVar [[s.AsyncLoadingThreadEnabled:0]]
[2024.03.19-06.53.05:193][  0]LogConfig: Setting CVar [[s.EventDrivenLoaderEnabled:1]]
[2024.03.19-06.53.05:193][  0]LogConfig: Setting CVar [[s.WarnIfTimeLimitExceeded:0]]
[2024.03.19-06.53.05:193][  0]LogConfig: Setting CVar [[s.TimeLimitExceededMultiplier:1.5]]
[2024.03.19-06.53.05:193][  0]LogConfig: Setting CVar [[s.TimeLimitExceededMinTime:0.005]]
[2024.03.19-06.53.05:193][  0]LogConfig: Setting CVar [[s.UseBackgroundLevelStreaming:1]]
[2024.03.19-06.53.05:193][  0]LogConfig: Setting CVar [[s.PriorityAsyncLoadingExtraTime:15.0]]
[2024.03.19-06.53.05:194][  0]LogConfig: Setting CVar [[s.LevelStreamingActorsUpdateTimeLimit:5.0]]
[2024.03.19-06.53.05:194][  0]LogConfig: Setting CVar [[s.PriorityLevelStreamingActorsUpdateExtraTime:5.0]]
[2024.03.19-06.53.05:194][  0]LogConfig: Setting CVar [[s.LevelStreamingComponentsRegistrationGranularity:10]]
[2024.03.19-06.53.05:194][  0]LogConfig: Setting CVar [[s.UnregisterComponentsTimeLimit:1.0]]
[2024.03.19-06.53.05:194][  0]LogConfig: Setting CVar [[s.LevelStreamingComponentsUnregistrationGranularity:5]]
[2024.03.19-06.53.05:194][  0]LogConfig: Setting CVar [[s.FlushStreamingOnExit:1]]
[2024.03.19-06.53.05:194][  0]LogConfig: Applying CVar settings from Section [/Script/Engine.GarbageCollectionSettings] File [D:/GitHub/NetShootRewrite/Saved/Config/Windows/Engine.ini]
[2024.03.19-06.53.05:194][  0]LogConfig: Setting CVar [[gc.MaxObjectsNotConsideredByGC:1]]
[2024.03.19-06.53.05:194][  0]LogConfig: Setting CVar [[gc.SizeOfPermanentObjectPool:0]]
[2024.03.19-06.53.05:194][  0]LogConfig: Setting CVar [[gc.FlushStreamingOnGC:0]]
[2024.03.19-06.53.05:194][  0]LogConfig: Setting CVar [[gc.NumRetriesBeforeForcingGC:10]]
[2024.03.19-06.53.05:194][  0]LogConfig: Setting CVar [[gc.AllowParallelGC:1]]
[2024.03.19-06.53.05:194][  0]LogConfig: Setting CVar [[gc.TimeBetweenPurgingPendingKillObjects:61.1]]
[2024.03.19-06.53.05:194][  0]LogConfig: Setting CVar [[gc.MaxObjectsInEditor:25165824]]
[2024.03.19-06.53.05:194][  0]LogConfig: Setting CVar [[gc.IncrementalBeginDestroyEnabled:1]]
[2024.03.19-06.53.05:194][  0]LogConfig: Setting CVar [[gc.CreateGCClusters:1]]
[2024.03.19-06.53.05:194][  0]LogConfig: Setting CVar [[gc.MinGCClusterSize:5]]
[2024.03.19-06.53.05:194][  0]LogConfig: Setting CVar [[gc.ActorClusteringEnabled:0]]
[2024.03.19-06.53.05:194][  0]LogConfig: Setting CVar [[gc.BlueprintClusteringEnabled:0]]
[2024.03.19-06.53.05:194][  0]LogConfig: Setting CVar [[gc.UseDisregardForGCOnDedicatedServers:0]]
[2024.03.19-06.53.05:194][  0]LogConfig: Setting CVar [[gc.MultithreadedDestructionEnabled:1]]
[2024.03.19-06.53.05:194][  0]LogConfig: Applying CVar settings from Section [/Script/Engine.NetworkSettings] File [D:/GitHub/NetShootRewrite/Saved/Config/Windows/Engine.ini]
[2024.03.19-06.53.05:194][  0]LogConfig: Applying CVar settings from Section [/Script/UnrealEd.CookerSettings] File [D:/GitHub/NetShootRewrite/Saved/Config/Windows/Engine.ini]
[2024.03.19-06.53.05:320][  0]LogConfig: Applying CVar settings from Section [ViewDistanceQuality@3] File [D:/GitHub/NetShootRewrite/Saved/Config/Windows/Scalability.ini]
[2024.03.19-06.53.05:320][  0]LogConfig: Setting CVar [[r.SkeletalMeshLODBias:0]]
[2024.03.19-06.53.05:320][  0]LogConfig: Setting CVar [[r.ViewDistanceScale:1.0]]
[2024.03.19-06.53.05:320][  0]LogConfig: Applying CVar settings from Section [AntiAliasingQuality@3] File [D:/GitHub/NetShootRewrite/Saved/Config/Windows/Scalability.ini]
[2024.03.19-06.53.05:320][  0]LogConfig: Setting CVar [[r.PostProcessAAQuality:4]]
[2024.03.19-06.53.05:320][  0]LogConfig: Applying CVar settings from Section [ShadowQuality@3] File [D:/GitHub/NetShootRewrite/Saved/Config/Windows/Scalability.ini]
[2024.03.19-06.53.05:320][  0]LogConfig: Setting CVar [[r.LightFunctionQuality:1]]
[2024.03.19-06.53.05:320][  0]LogConfig: Setting CVar [[r.ShadowQuality:5]]
[2024.03.19-06.53.05:320][  0]LogConfig: Setting CVar [[r.Shadow.CSM.MaxCascades:10]]
[2024.03.19-06.53.05:320][  0]LogConfig: Setting CVar [[r.Shadow.MaxResolution:2048]]
[2024.03.19-06.53.05:320][  0]LogConfig: Setting CVar [[r.Shadow.MaxCSMResolution:2048]]
[2024.03.19-06.53.05:320][  0]LogConfig: Setting CVar [[r.Shadow.RadiusThreshold:0.01]]
[2024.03.19-06.53.05:320][  0]LogConfig: Setting CVar [[r.Shadow.DistanceScale:1.0]]
[2024.03.19-06.53.05:320][  0]LogConfig: Setting CVar [[r.Shadow.CSM.TransitionScale:1.0]]
[2024.03.19-06.53.05:320][  0]LogConfig: Setting CVar [[r.Shadow.PreShadowResolutionFactor:1.0]]
[2024.03.19-06.53.05:320][  0]LogConfig: Setting CVar [[r.DistanceFieldShadowing:1]]
[2024.03.19-06.53.05:320][  0]LogConfig: Setting CVar [[r.DistanceFieldAO:1]]
[2024.03.19-06.53.05:320][  0]LogConfig: Setting CVar [[r.AOQuality:2]]
[2024.03.19-06.53.05:320][  0]LogConfig: Setting CVar [[r.VolumetricFog:1]]
[2024.03.19-06.53.05:320][  0]LogConfig: Setting CVar [[r.VolumetricFog.GridPixelSize:8]]
[2024.03.19-06.53.05:320][  0]LogConfig: Setting CVar [[r.VolumetricFog.GridSizeZ:128]]
[2024.03.19-06.53.05:320][  0]LogConfig: Setting CVar [[r.VolumetricFog.HistoryMissSupersampleCount:4]]
[2024.03.19-06.53.05:320][  0]LogConfig: Setting CVar [[r.LightMaxDrawDistanceScale:1]]
[2024.03.19-06.53.05:320][  0]LogConfig: Setting CVar [[r.CapsuleShadows:1]]
[2024.03.19-06.53.05:320][  0]LogConfig: Applying CVar settings from Section [PostProcessQuality@3] File [D:/GitHub/NetShootRewrite/Saved/Config/Windows/Scalability.ini]
[2024.03.19-06.53.05:320][  0]LogConfig: Setting CVar [[r.MotionBlurQuality:4]]
[2024.03.19-06.53.05:320][  0]LogConfig: Setting CVar [[r.AmbientOcclusionMipLevelFactor:0.4]]
[2024.03.19-06.53.05:320][  0]LogConfig: Setting CVar [[r.AmbientOcclusionMaxQuality:100]]
[2024.03.19-06.53.05:320][  0]LogConfig: Setting CVar [[r.AmbientOcclusionLevels:-1]]
[2024.03.19-06.53.05:320][  0]LogConfig: Setting CVar [[r.AmbientOcclusionRadiusScale:1.0]]
[2024.03.19-06.53.05:320][  0]LogConfig: Setting CVar [[r.DepthOfFieldQuality:2]]
[2024.03.19-06.53.05:320][  0]LogConfig: Setting CVar [[r.RenderTargetPoolMin:400]]
[2024.03.19-06.53.05:320][  0]LogConfig: Setting CVar [[r.LensFlareQuality:2]]
[2024.03.19-06.53.05:320][  0]LogConfig: Setting CVar [[r.SceneColorFringeQuality:1]]
[2024.03.19-06.53.05:320][  0]LogConfig: Setting CVar [[r.EyeAdaptationQuality:2]]
[2024.03.19-06.53.05:320][  0]LogConfig: Setting CVar [[r.BloomQuality:5]]
[2024.03.19-06.53.05:320][  0]LogConfig: Setting CVar [[r.FastBlurThreshold:100]]
[2024.03.19-06.53.05:320][  0]LogConfig: Setting CVar [[r.Upscale.Quality:3]]
[2024.03.19-06.53.05:320][  0]LogConfig: Setting CVar [[r.Tonemapper.GrainQuantization:1]]
[2024.03.19-06.53.05:320][  0]LogConfig: Setting CVar [[r.LightShaftQuality:1]]
[2024.03.19-06.53.05:320][  0]LogConfig: Setting CVar [[r.Filter.SizeScale:1]]
[2024.03.19-06.53.05:320][  0]LogConfig: Setting CVar [[r.Tonemapper.Quality:5]]
[2024.03.19-06.53.05:320][  0]LogConfig: Setting CVar [[r.DOF.Gather.AccumulatorQuality:1        ; higher gathering accumulator quality]]
[2024.03.19-06.53.05:320][  0]LogConfig: Setting CVar [[r.DOF.Gather.PostfilterMethod:1          ; Median3x3 postfilering method]]
[2024.03.19-06.53.05:320][  0]LogConfig: Setting CVar [[r.DOF.Gather.EnableBokehSettings:0       ; no bokeh simulation when gathering]]
[2024.03.19-06.53.05:320][  0]LogConfig: Setting CVar [[r.DOF.Gather.RingCount:4                 ; medium number of samples when gathering]]
[2024.03.19-06.53.05:320][  0]LogConfig: Setting CVar [[r.DOF.Scatter.ForegroundCompositing:1    ; additive foreground scattering]]
[2024.03.19-06.53.05:320][  0]LogConfig: Setting CVar [[r.DOF.Scatter.BackgroundCompositing:2    ; additive background scattering]]
[2024.03.19-06.53.05:320][  0]LogConfig: Setting CVar [[r.DOF.Scatter.EnableBokehSettings:1      ; bokeh simulation when scattering]]
[2024.03.19-06.53.05:320][  0]LogConfig: Setting CVar [[r.DOF.Scatter.MaxSpriteRatio:0.1         ; only a maximum of 10% of scattered bokeh]]
[2024.03.19-06.53.05:320][  0]LogConfig: Setting CVar [[r.DOF.Recombine.Quality:1                ; cheap slight out of focus]]
[2024.03.19-06.53.05:320][  0]LogConfig: Setting CVar [[r.DOF.Recombine.EnableBokehSettings:0    ; no bokeh simulation on slight out of focus]]
[2024.03.19-06.53.05:320][  0]LogConfig: Setting CVar [[r.DOF.TemporalAAQuality:1                ; more stable temporal accumulation]]
[2024.03.19-06.53.05:320][  0]LogConfig: Setting CVar [[r.DOF.Kernel.MaxForegroundRadius:0.025]]
[2024.03.19-06.53.05:320][  0]LogConfig: Setting CVar [[r.DOF.Kernel.MaxBackgroundRadius:0.025]]
[2024.03.19-06.53.05:320][  0]LogConfig: Applying CVar settings from Section [TextureQuality@3] File [D:/GitHub/NetShootRewrite/Saved/Config/Windows/Scalability.ini]
[2024.03.19-06.53.05:320][  0]LogConfig: Setting CVar [[r.Streaming.MipBias:0]]
[2024.03.19-06.53.05:320][  0]LogConfig: Setting CVar [[r.Streaming.AmortizeCPUToGPUCopy:0]]
[2024.03.19-06.53.05:320][  0]LogConfig: Setting CVar [[r.Streaming.MaxNumTexturesToStreamPerFrame:0]]
[2024.03.19-06.53.05:320][  0]LogConfig: Setting CVar [[r.Streaming.Boost:1]]
[2024.03.19-06.53.05:320][  0]LogConfig: Setting CVar [[r.MaxAnisotropy:8]]
[2024.03.19-06.53.05:320][  0]LogConfig: Setting CVar [[r.VT.MaxAnisotropy:8]]
[2024.03.19-06.53.05:320][  0]LogConfig: Setting CVar [[r.Streaming.LimitPoolSizeToVRAM:0]]
[2024.03.19-06.53.05:320][  0]LogConfig: Setting CVar [[r.Streaming.PoolSize:1000]]
[2024.03.19-06.53.05:320][  0]LogConfig: Setting CVar [[r.Streaming.MaxEffectiveScreenSize:0]]
[2024.03.19-06.53.05:320][  0]LogConfig: Applying CVar settings from Section [EffectsQuality@3] File [D:/GitHub/NetShootRewrite/Saved/Config/Windows/Scalability.ini]
[2024.03.19-06.53.05:320][  0]LogConfig: Setting CVar [[r.TranslucencyLightingVolumeDim:64]]
[2024.03.19-06.53.05:320][  0]LogConfig: Setting CVar [[r.RefractionQuality:2]]
[2024.03.19-06.53.05:320][  0]LogConfig: Setting CVar [[r.SSR.Quality:3]]
[2024.03.19-06.53.05:320][  0]LogConfig: Setting CVar [[r.SSR.HalfResSceneColor:0]]
[2024.03.19-06.53.05:320][  0]LogConfig: Setting CVar [[r.SceneColorFormat:4]]
[2024.03.19-06.53.05:320][  0]LogConfig: Setting CVar [[r.DetailMode:2]]
[2024.03.19-06.53.05:320][  0]LogConfig: Setting CVar [[r.TranslucencyVolumeBlur:1]]
[2024.03.19-06.53.05:320][  0]LogConfig: Setting CVar [[r.MaterialQualityLevel:1 ; High quality]]
[2024.03.19-06.53.05:321][  0]LogConfig: Setting CVar [[r.AnisotropicMaterials:1]]
[2024.03.19-06.53.05:321][  0]LogConfig: Setting CVar [[r.SSS.Scale:1]]
[2024.03.19-06.53.05:321][  0]LogConfig: Setting CVar [[r.SSS.SampleSet:2]]
[2024.03.19-06.53.05:321][  0]LogConfig: Setting CVar [[r.SSS.Quality:1]]
[2024.03.19-06.53.05:321][  0]LogConfig: Setting CVar [[r.SSS.HalfRes:0]]
[2024.03.19-06.53.05:321][  0]LogConfig: Setting CVar [[r.SSGI.Quality:3]]
[2024.03.19-06.53.05:321][  0]LogConfig: Setting CVar [[r.EmitterSpawnRateScale:1.0]]
[2024.03.19-06.53.05:321][  0]LogConfig: Setting CVar [[r.ParticleLightQuality:2]]
[2024.03.19-06.53.05:321][  0]LogConfig: Setting CVar [[r.SkyAtmosphere.AerialPerspectiveLUT.FastApplyOnOpaque:1 ; Always have FastSkyLUT 1 in this case to avoid wrong sky]]
[2024.03.19-06.53.05:321][  0]LogConfig: Setting CVar [[r.SkyAtmosphere.AerialPerspectiveLUT.SampleCountMaxPerSlice:4]]
[2024.03.19-06.53.05:321][  0]LogConfig: Setting CVar [[r.SkyAtmosphere.AerialPerspectiveLUT.DepthResolution:16.0]]
[2024.03.19-06.53.05:321][  0]LogConfig: Setting CVar [[r.SkyAtmosphere.FastSkyLUT:1]]
[2024.03.19-06.53.05:321][  0]LogConfig: Setting CVar [[r.SkyAtmosphere.FastSkyLUT.SampleCountMin:4.0]]
[2024.03.19-06.53.05:321][  0]LogConfig: Setting CVar [[r.SkyAtmosphere.FastSkyLUT.SampleCountMax:128.0]]
[2024.03.19-06.53.05:321][  0]LogConfig: Setting CVar [[r.SkyAtmosphere.SampleCountMin:4.0]]
[2024.03.19-06.53.05:321][  0]LogConfig: Setting CVar [[r.SkyAtmosphere.SampleCountMax:128.0]]
[2024.03.19-06.53.05:321][  0]LogConfig: Setting CVar [[r.SkyAtmosphere.TransmittanceLUT.UseSmallFormat:0]]
[2024.03.19-06.53.05:321][  0]LogConfig: Setting CVar [[r.SkyAtmosphere.TransmittanceLUT.SampleCount:10.0]]
[2024.03.19-06.53.05:321][  0]LogConfig: Setting CVar [[r.SkyAtmosphere.MultiScatteringLUT.SampleCount:15.0]]
[2024.03.19-06.53.05:321][  0]LogConfig: Setting CVar [[r.SkyLight.RealTimeReflectionCapture:1]]
[2024.03.19-06.53.05:321][  0]LogConfig: Applying CVar settings from Section [FoliageQuality@3] File [D:/GitHub/NetShootRewrite/Saved/Config/Windows/Scalability.ini]
[2024.03.19-06.53.05:321][  0]LogConfig: Setting CVar [[foliage.DensityScale:1.0]]
[2024.03.19-06.53.05:321][  0]LogConfig: Setting CVar [[grass.DensityScale:1.0]]
[2024.03.19-06.53.05:321][  0]LogConfig: Applying CVar settings from Section [ShadingQuality@3] File [D:/GitHub/NetShootRewrite/Saved/Config/Windows/Scalability.ini]
[2024.03.19-06.53.05:321][  0]LogConfig: Setting CVar [[r.HairStrands.SkyLighting.IntegrationType:2]]
[2024.03.19-06.53.05:321][  0]LogConfig: Setting CVar [[r.HairStrands.SkyAO.SampleCount:4]]
[2024.03.19-06.53.05:321][  0]LogConfig: Setting CVar [[r.HairStrands.Visibility.MSAA.SamplePerPixel:4]]
[2024.03.19-06.53.05:321][  0]LogInit: Selected Device Profile: [Windows]
[2024.03.19-06.53.05:321][  0]LogInit: Applying CVar settings loaded from the selected device profile: [Windows]
[2024.03.19-06.53.05:322][  0]LogHAL: Display: Platform has ~ 16 GB [17105735680 / 17179869184 / 16], which maps to Larger [LargestMinGB=32, LargerMinGB=12, DefaultMinGB=8, SmallerMinGB=6, SmallestMinGB=0)
[2024.03.19-06.53.05:322][  0]LogInit: Going up to parent DeviceProfile []
[2024.03.19-06.53.05:322][  0]LogConfig: Applying CVar settings from Section [ViewDistanceQuality@3] File [D:/GitHub/NetShootRewrite/Saved/Config/Windows/Scalability.ini]
[2024.03.19-06.53.05:322][  0]LogConfig: Setting CVar [[r.SkeletalMeshLODBias:0]]
[2024.03.19-06.53.05:322][  0]LogConfig: Setting CVar [[r.ViewDistanceScale:1.0]]
[2024.03.19-06.53.05:322][  0]LogConfig: Applying CVar settings from Section [AntiAliasingQuality@3] File [D:/GitHub/NetShootRewrite/Saved/Config/Windows/Scalability.ini]
[2024.03.19-06.53.05:322][  0]LogConfig: Setting CVar [[r.PostProcessAAQuality:4]]
[2024.03.19-06.53.05:322][  0]LogConfig: Applying CVar settings from Section [ShadowQuality@3] File [D:/GitHub/NetShootRewrite/Saved/Config/Windows/Scalability.ini]
[2024.03.19-06.53.05:322][  0]LogConfig: Setting CVar [[r.LightFunctionQuality:1]]
[2024.03.19-06.53.05:322][  0]LogConfig: Setting CVar [[r.ShadowQuality:5]]
[2024.03.19-06.53.05:322][  0]LogConfig: Setting CVar [[r.Shadow.CSM.MaxCascades:10]]
[2024.03.19-06.53.05:322][  0]LogConfig: Setting CVar [[r.Shadow.MaxResolution:2048]]
[2024.03.19-06.53.05:322][  0]LogConfig: Setting CVar [[r.Shadow.MaxCSMResolution:2048]]
[2024.03.19-06.53.05:322][  0]LogConfig: Setting CVar [[r.Shadow.RadiusThreshold:0.01]]
[2024.03.19-06.53.05:322][  0]LogConfig: Setting CVar [[r.Shadow.DistanceScale:1.0]]
[2024.03.19-06.53.05:322][  0]LogConfig: Setting CVar [[r.Shadow.CSM.TransitionScale:1.0]]
[2024.03.19-06.53.05:322][  0]LogConfig: Setting CVar [[r.Shadow.PreShadowResolutionFactor:1.0]]
[2024.03.19-06.53.05:322][  0]LogConfig: Setting CVar [[r.DistanceFieldShadowing:1]]
[2024.03.19-06.53.05:322][  0]LogConfig: Setting CVar [[r.DistanceFieldAO:1]]
[2024.03.19-06.53.05:322][  0]LogConfig: Setting CVar [[r.AOQuality:2]]
[2024.03.19-06.53.05:322][  0]LogConfig: Setting CVar [[r.VolumetricFog:1]]
[2024.03.19-06.53.05:322][  0]LogConfig: Setting CVar [[r.VolumetricFog.GridPixelSize:8]]
[2024.03.19-06.53.05:322][  0]LogConfig: Setting CVar [[r.VolumetricFog.GridSizeZ:128]]
[2024.03.19-06.53.05:322][  0]LogConfig: Setting CVar [[r.VolumetricFog.HistoryMissSupersampleCount:4]]
[2024.03.19-06.53.05:322][  0]LogConfig: Setting CVar [[r.LightMaxDrawDistanceScale:1]]
[2024.03.19-06.53.05:322][  0]LogConfig: Setting CVar [[r.CapsuleShadows:1]]
[2024.03.19-06.53.05:322][  0]LogConfig: Applying CVar settings from Section [PostProcessQuality@3] File [D:/GitHub/NetShootRewrite/Saved/Config/Windows/Scalability.ini]
[2024.03.19-06.53.05:322][  0]LogConfig: Setting CVar [[r.MotionBlurQuality:4]]
[2024.03.19-06.53.05:322][  0]LogConfig: Setting CVar [[r.AmbientOcclusionMipLevelFactor:0.4]]
[2024.03.19-06.53.05:322][  0]LogConfig: Setting CVar [[r.AmbientOcclusionMaxQuality:100]]
[2024.03.19-06.53.05:322][  0]LogConfig: Setting CVar [[r.AmbientOcclusionLevels:-1]]
[2024.03.19-06.53.05:322][  0]LogConfig: Setting CVar [[r.AmbientOcclusionRadiusScale:1.0]]
[2024.03.19-06.53.05:322][  0]LogConfig: Setting CVar [[r.DepthOfFieldQuality:2]]
[2024.03.19-06.53.05:322][  0]LogConfig: Setting CVar [[r.RenderTargetPoolMin:400]]
[2024.03.19-06.53.05:322][  0]LogConfig: Setting CVar [[r.LensFlareQuality:2]]
[2024.03.19-06.53.05:322][  0]LogConfig: Setting CVar [[r.SceneColorFringeQuality:1]]
[2024.03.19-06.53.05:322][  0]LogConfig: Setting CVar [[r.EyeAdaptationQuality:2]]
[2024.03.19-06.53.05:322][  0]LogConfig: Setting CVar [[r.BloomQuality:5]]
[2024.03.19-06.53.05:322][  0]LogConfig: Setting CVar [[r.FastBlurThreshold:100]]
[2024.03.19-06.53.05:322][  0]LogConfig: Setting CVar [[r.Upscale.Quality:3]]
[2024.03.19-06.53.05:322][  0]LogConfig: Setting CVar [[r.Tonemapper.GrainQuantization:1]]
[2024.03.19-06.53.05:322][  0]LogConfig: Setting CVar [[r.LightShaftQuality:1]]
[2024.03.19-06.53.05:322][  0]LogConfig: Setting CVar [[r.Filter.SizeScale:1]]
[2024.03.19-06.53.05:322][  0]LogConfig: Setting CVar [[r.Tonemapper.Quality:5]]
[2024.03.19-06.53.05:322][  0]LogConfig: Setting CVar [[r.DOF.Gather.AccumulatorQuality:1        ; higher gathering accumulator quality]]
[2024.03.19-06.53.05:322][  0]LogConfig: Setting CVar [[r.DOF.Gather.PostfilterMethod:1          ; Median3x3 postfilering method]]
[2024.03.19-06.53.05:322][  0]LogConfig: Setting CVar [[r.DOF.Gather.EnableBokehSettings:0       ; no bokeh simulation when gathering]]
[2024.03.19-06.53.05:322][  0]LogConfig: Setting CVar [[r.DOF.Gather.RingCount:4                 ; medium number of samples when gathering]]
[2024.03.19-06.53.05:322][  0]LogConfig: Setting CVar [[r.DOF.Scatter.ForegroundCompositing:1    ; additive foreground scattering]]
[2024.03.19-06.53.05:322][  0]LogConfig: Setting CVar [[r.DOF.Scatter.BackgroundCompositing:2    ; additive background scattering]]
[2024.03.19-06.53.05:322][  0]LogConfig: Setting CVar [[r.DOF.Scatter.EnableBokehSettings:1      ; bokeh simulation when scattering]]
[2024.03.19-06.53.05:322][  0]LogConfig: Setting CVar [[r.DOF.Scatter.MaxSpriteRatio:0.1         ; only a maximum of 10% of scattered bokeh]]
[2024.03.19-06.53.05:322][  0]LogConfig: Setting CVar [[r.DOF.Recombine.Quality:1                ; cheap slight out of focus]]
[2024.03.19-06.53.05:322][  0]LogConfig: Setting CVar [[r.DOF.Recombine.EnableBokehSettings:0    ; no bokeh simulation on slight out of focus]]
[2024.03.19-06.53.05:322][  0]LogConfig: Setting CVar [[r.DOF.TemporalAAQuality:1                ; more stable temporal accumulation]]
[2024.03.19-06.53.05:322][  0]LogConfig: Setting CVar [[r.DOF.Kernel.MaxForegroundRadius:0.025]]
[2024.03.19-06.53.05:322][  0]LogConfig: Setting CVar [[r.DOF.Kernel.MaxBackgroundRadius:0.025]]
[2024.03.19-06.53.05:322][  0]LogConfig: Applying CVar settings from Section [TextureQuality@3] File [D:/GitHub/NetShootRewrite/Saved/Config/Windows/Scalability.ini]
[2024.03.19-06.53.05:322][  0]LogConfig: Setting CVar [[r.Streaming.MipBias:0]]
[2024.03.19-06.53.05:322][  0]LogConfig: Setting CVar [[r.Streaming.AmortizeCPUToGPUCopy:0]]
[2024.03.19-06.53.05:322][  0]LogConfig: Setting CVar [[r.Streaming.MaxNumTexturesToStreamPerFrame:0]]
[2024.03.19-06.53.05:322][  0]LogConfig: Setting CVar [[r.Streaming.Boost:1]]
[2024.03.19-06.53.05:322][  0]LogConfig: Setting CVar [[r.MaxAnisotropy:8]]
[2024.03.19-06.53.05:323][  0]LogConfig: Setting CVar [[r.VT.MaxAnisotropy:8]]
[2024.03.19-06.53.05:323][  0]LogConfig: Setting CVar [[r.Streaming.LimitPoolSizeToVRAM:0]]
[2024.03.19-06.53.05:323][  0]LogConfig: Setting CVar [[r.Streaming.PoolSize:1000]]
[2024.03.19-06.53.05:323][  0]LogConfig: Setting CVar [[r.Streaming.MaxEffectiveScreenSize:0]]
[2024.03.19-06.53.05:323][  0]LogConfig: Applying CVar settings from Section [EffectsQuality@3] File [D:/GitHub/NetShootRewrite/Saved/Config/Windows/Scalability.ini]
[2024.03.19-06.53.05:323][  0]LogConfig: Setting CVar [[r.TranslucencyLightingVolumeDim:64]]
[2024.03.19-06.53.05:323][  0]LogConfig: Setting CVar [[r.RefractionQuality:2]]
[2024.03.19-06.53.05:323][  0]LogConfig: Setting CVar [[r.SSR.Quality:3]]
[2024.03.19-06.53.05:323][  0]LogConfig: Setting CVar [[r.SSR.HalfResSceneColor:0]]
[2024.03.19-06.53.05:323][  0]LogConfig: Setting CVar [[r.SceneColorFormat:4]]
[2024.03.19-06.53.05:323][  0]LogConfig: Setting CVar [[r.DetailMode:2]]
[2024.03.19-06.53.05:323][  0]LogConfig: Setting CVar [[r.TranslucencyVolumeBlur:1]]
[2024.03.19-06.53.05:323][  0]LogConfig: Setting CVar [[r.MaterialQualityLevel:1 ; High quality]]
[2024.03.19-06.53.05:323][  0]LogConfig: Setting CVar [[r.AnisotropicMaterials:1]]
[2024.03.19-06.53.05:323][  0]LogConfig: Setting CVar [[r.SSS.Scale:1]]
[2024.03.19-06.53.05:323][  0]LogConfig: Setting CVar [[r.SSS.SampleSet:2]]
[2024.03.19-06.53.05:323][  0]LogConfig: Setting CVar [[r.SSS.Quality:1]]
[2024.03.19-06.53.05:323][  0]LogConfig: Setting CVar [[r.SSS.HalfRes:0]]
[2024.03.19-06.53.05:323][  0]LogConfig: Setting CVar [[r.SSGI.Quality:3]]
[2024.03.19-06.53.05:323][  0]LogConfig: Setting CVar [[r.EmitterSpawnRateScale:1.0]]
[2024.03.19-06.53.05:323][  0]LogConfig: Setting CVar [[r.ParticleLightQuality:2]]
[2024.03.19-06.53.05:323][  0]LogConfig: Setting CVar [[r.SkyAtmosphere.AerialPerspectiveLUT.FastApplyOnOpaque:1 ; Always have FastSkyLUT 1 in this case to avoid wrong sky]]
[2024.03.19-06.53.05:323][  0]LogConfig: Setting CVar [[r.SkyAtmosphere.AerialPerspectiveLUT.SampleCountMaxPerSlice:4]]
[2024.03.19-06.53.05:323][  0]LogConfig: Setting CVar [[r.SkyAtmosphere.AerialPerspectiveLUT.DepthResolution:16.0]]
[2024.03.19-06.53.05:323][  0]LogConfig: Setting CVar [[r.SkyAtmosphere.FastSkyLUT:1]]
[2024.03.19-06.53.05:323][  0]LogConfig: Setting CVar [[r.SkyAtmosphere.FastSkyLUT.SampleCountMin:4.0]]
[2024.03.19-06.53.05:323][  0]LogConfig: Setting CVar [[r.SkyAtmosphere.FastSkyLUT.SampleCountMax:128.0]]
[2024.03.19-06.53.05:323][  0]LogConfig: Setting CVar [[r.SkyAtmosphere.SampleCountMin:4.0]]
[2024.03.19-06.53.05:323][  0]LogConfig: Setting CVar [[r.SkyAtmosphere.SampleCountMax:128.0]]
[2024.03.19-06.53.05:323][  0]LogConfig: Setting CVar [[r.SkyAtmosphere.TransmittanceLUT.UseSmallFormat:0]]
[2024.03.19-06.53.05:323][  0]LogConfig: Setting CVar [[r.SkyAtmosphere.TransmittanceLUT.SampleCount:10.0]]
[2024.03.19-06.53.05:323][  0]LogConfig: Setting CVar [[r.SkyAtmosphere.MultiScatteringLUT.SampleCount:15.0]]
[2024.03.19-06.53.05:323][  0]LogConfig: Setting CVar [[r.SkyLight.RealTimeReflectionCapture:1]]
[2024.03.19-06.53.05:323][  0]LogConfig: Applying CVar settings from Section [FoliageQuality@3] File [D:/GitHub/NetShootRewrite/Saved/Config/Windows/Scalability.ini]
[2024.03.19-06.53.05:323][  0]LogConfig: Setting CVar [[foliage.DensityScale:1.0]]
[2024.03.19-06.53.05:323][  0]LogConfig: Setting CVar [[grass.DensityScale:1.0]]
[2024.03.19-06.53.05:323][  0]LogConfig: Applying CVar settings from Section [ShadingQuality@3] File [D:/GitHub/NetShootRewrite/Saved/Config/Windows/Scalability.ini]
[2024.03.19-06.53.05:323][  0]LogConfig: Setting CVar [[r.HairStrands.SkyLighting.IntegrationType:2]]
[2024.03.19-06.53.05:323][  0]LogConfig: Setting CVar [[r.HairStrands.SkyAO.SampleCount:4]]
[2024.03.19-06.53.05:323][  0]LogConfig: Setting CVar [[r.HairStrands.Visibility.MSAA.SamplePerPixel:4]]
[2024.03.19-06.53.05:323][  0]LogConfig: Applying CVar settings from Section [Startup] File [../../../Engine/Config/ConsoleVariables.ini]
[2024.03.19-06.53.05:324][  0]LogConfig: Setting CVar [[net.UseAdaptiveNetUpdateFrequency:0]]
[2024.03.19-06.53.05:324][  0]LogConfig: Setting CVar [[p.chaos.AllowCreatePhysxBodies:1]]
[2024.03.19-06.53.05:324][  0]LogConfig: Setting CVar [[fx.SkipVectorVMBackendOptimizations:1]]
[2024.03.19-06.53.05:324][  0]LogConfig: Applying CVar settings from Section [ConsoleVariables] File [D:/GitHub/NetShootRewrite/Saved/Config/Windows/Engine.ini]
[2024.03.19-06.53.05:324][  0]LogConfig: Applying CVar settings from Section [ConsoleVariables] File [D:/GitHub/NetShootRewrite/Saved/Config/Windows/Editor.ini]
[2024.03.19-06.53.05:324][  0]LogInit: Computer: DESKTOP-6POMQQ5
[2024.03.19-06.53.05:324][  0]LogInit: User: ZTT
[2024.03.19-06.53.05:324][  0]LogInit: CPU Page size=4096, Cores=6
[2024.03.19-06.53.05:324][  0]LogInit: High frequency timer resolution =10.000000 MHz
[2024.03.19-06.53.05:324][  0]LogMemory: Memory total: Physical=15.9GB (16GB approx)
[2024.03.19-06.53.05:324][  0]LogMemory: Platform Memory Stats for Windows
[2024.03.19-06.53.05:324][  0]LogMemory: Process Physical Memory: 145.93 MB used, 145.93 MB peak
[2024.03.19-06.53.05:324][  0]LogMemory: Process Virtual Memory: 114.05 MB used, 114.05 MB peak
[2024.03.19-06.53.05:324][  0]LogMemory: Physical Memory: 13145.32 MB used,  3167.98 MB free, 16313.30 MB total
[2024.03.19-06.53.05:324][  0]LogMemory: Virtual Memory: 134210992.00 MB used,  6738.37 MB free, 134217728.00 MB total
[2024.03.19-06.53.05:332][  0]LogWindows: WindowsPlatformFeatures enabled
[2024.03.19-06.53.05:424][  0]LogInit: Physics initialised using underlying interface: PhysX
[2024.03.19-06.53.05:426][  0]LogInit: Overriding language with editor language configuration option (zh-Hans).
[2024.03.19-06.53.05:426][  0]LogInit: Using OS detected locale (zh-CN).
[2024.03.19-06.53.05:636][  0]LogTextLocalizationResource: LocRes '../../../Engine/Content/Localization/Editor/zh/Editor.locres' could not be opened for reading!
[2024.03.19-06.53.05:636][  0]LogTextLocalizationResource: LocRes '../../../Engine/Content/Localization/EditorTutorials/zh/EditorTutorials.locres' could not be opened for reading!
[2024.03.19-06.53.05:637][  0]LogTextLocalizationResource: LocRes '../../../Engine/Content/Localization/Keywords/zh/Keywords.locres' could not be opened for reading!
[2024.03.19-06.53.05:637][  0]LogTextLocalizationResource: LocRes '../../../Engine/Content/Localization/Category/zh/Category.locres' could not be opened for reading!
[2024.03.19-06.53.05:637][  0]LogTextLocalizationResource: LocRes '../../../Engine/Content/Localization/ToolTips/zh/ToolTips.locres' could not be opened for reading!
[2024.03.19-06.53.05:637][  0]LogTextLocalizationResource: LocRes '../../../Engine/Content/Localization/PropertyNames/zh/PropertyNames.locres' could not be opened for reading!
[2024.03.19-06.53.05:637][  0]LogTextLocalizationResource: LocRes '../../../Engine/Content/Localization/Engine/zh/Engine.locres' could not be opened for reading!
[2024.03.19-06.53.05:638][  0]LogTextLocalizationResource: LocRes '../../../Engine/Plugins/Online/OnlineSubsystem/Content/Localization/OnlineSubsystem/zh/OnlineSubsystem.locres' could not be opened for reading!
[2024.03.19-06.53.05:638][  0]LogTextLocalizationResource: LocRes '../../../Engine/Plugins/Online/OnlineSubsystemUtils/Content/Localization/OnlineSubsystemUtils/zh/OnlineSubsystemUtils.locres' could not be opened for reading!
[2024.03.19-06.53.05:638][  0]LogTextLocalizationResource: LocRes '../../../Engine/Plugins/Online/Android/OnlineSubsystemGooglePlay/Content/Localization/OnlineSubsystemGooglePlay/zh/OnlineSubsystemGooglePlay.locres' could not be opened for reading!
[2024.03.19-06.53.05:638][  0]LogTextLocalizationResource: LocRes '../../../Engine/Plugins/Online/IOS/OnlineSubsystemIOS/Content/Localization/OnlineSubsystemIOS/zh/OnlineSubsystemIOS.locres' could not be opened for reading!
[2024.03.19-06.53.05:685][  0]LogInit: Setting process to per monitor DPI aware
[2024.03.19-06.53.05:803][  0]LogWindowsTextInputMethodSystem: Display: IME system deactivated.
[2024.03.19-06.53.05:849][  0]LogSlate: New Slate User Created.  User Index 0, Is Virtual User: 0
[2024.03.19-06.53.05:849][  0]LogSlate: Slate User Registered.  User Index 0, Is Virtual User: 0
[2024.03.19-06.53.06:367][  0]LogD3D11RHI: Loaded GFSDK_Aftermath_Lib.x64.dll
[2024.03.19-06.53.06:372][  0]LogHMD: Failed to initialize OpenVR with code 110
[2024.03.19-06.53.06:372][  0]LogD3D11RHI: D3D11 min allowed feature level: 11_0
[2024.03.19-06.53.06:372][  0]LogD3D11RHI: D3D11 max allowed feature level: 11_0
[2024.03.19-06.53.06:372][  0]LogD3D11RHI: D3D11 adapters:
[2024.03.19-06.53.06:617][  0]LogD3D11RHI:    0. 'NVIDIA GeForce GTX 1660 Ti' (Feature Level 11_0)
[2024.03.19-06.53.06:617][  0]LogD3D11RHI:       5979/0/8156 MB DedicatedVideo/DedicatedSystem/SharedSystem, Outputs:1, VendorId:0x10de
[2024.03.19-06.53.06:620][  0]LogD3D11RHI:    1. 'Microsoft Basic Render Driver' (Feature Level 11_0)
[2024.03.19-06.53.06:620][  0]LogD3D11RHI:       0/0/8156 MB DedicatedVideo/DedicatedSystem/SharedSystem, Outputs:0, VendorId:0x1414
[2024.03.19-06.53.06:725][  0]LogD3D11RHI:    2. 'NVIDIA GeForce GTX 1660 Ti' (Feature Level 11_0)
[2024.03.19-06.53.06:725][  0]LogD3D11RHI:       5979/0/8156 MB DedicatedVideo/DedicatedSystem/SharedSystem, Outputs:0, VendorId:0x10de
[2024.03.19-06.53.06:725][  0]LogD3D11RHI: Chosen D3D11 Adapter:
[2024.03.19-06.53.06:725][  0]LogD3D11RHI:     Description : NVIDIA GeForce GTX 1660 Ti
[2024.03.19-06.53.06:725][  0]LogD3D11RHI:     VendorId    : 10de
[2024.03.19-06.53.06:725][  0]LogD3D11RHI:     DeviceId    : 2182
[2024.03.19-06.53.06:725][  0]LogD3D11RHI:     SubSysId    : 3fbe1458
[2024.03.19-06.53.06:725][  0]LogD3D11RHI:     Revision    : 00a1
[2024.03.19-06.53.06:725][  0]LogD3D11RHI:     DedicatedVideoMemory : 6269435904 bytes
[2024.03.19-06.53.06:725][  0]LogD3D11RHI:     DedicatedSystemMemory : 0 bytes
[2024.03.19-06.53.06:725][  0]LogD3D11RHI:     SharedSystemMemory : 8552867840 bytes
[2024.03.19-06.53.06:725][  0]LogD3D11RHI:     AdapterLuid : 0 50784
[2024.03.19-06.53.06:730][  0]LogD3D11RHI: Creating new Direct3DDevice
[2024.03.19-06.53.06:730][  0]LogD3D11RHI:     GPU DeviceId: 0x2182 (for the marketing name, search the web for "GPU Device Id")
[2024.03.19-06.53.06:730][  0]LogWindows: EnumDisplayDevices:
[2024.03.19-06.53.06:731][  0]LogWindows:    0. 'NVIDIA GeForce GTX 1660 Ti' (P:1 D:1)
[2024.03.19-06.53.06:731][  0]LogWindows:    1. 'NVIDIA GeForce GTX 1660 Ti' (P:0 D:0)
[2024.03.19-06.53.06:732][  0]LogWindows:    2. 'NVIDIA GeForce GTX 1660 Ti' (P:0 D:0)
[2024.03.19-06.53.06:732][  0]LogWindows:    3. 'NVIDIA GeForce GTX 1660 Ti' (P:0 D:0)
[2024.03.19-06.53.06:733][  0]LogWindows:    4. 'OrayIddDriver Device' (P:0 D:0)
[2024.03.19-06.53.06:733][  0]LogWindows:    5. 'OrayIddDriver Device' (P:0 D:0)
[2024.03.19-06.53.06:734][  0]LogWindows:    6. 'OrayIddDriver Device' (P:0 D:0)
[2024.03.19-06.53.06:734][  0]LogWindows:    7. 'OrayIddDriver Device' (P:0 D:0)
[2024.03.19-06.53.06:735][  0]LogWindows:    8. 'OrayIddDriver Device' (P:0 D:0)
[2024.03.19-06.53.06:735][  0]LogWindows: DebugString: GetVideoDriverDetailsInvalid PrimaryIsNotTheChoosenAdapter GetVideoDriverDetailsInvalid PrimaryIsNotTheChoosenAdapter GetVideoDriverDetailsInvalid PrimaryIsNotTheChoosenAdapter GetVideoDriverDetailsInvalid PrimaryIsNotTheChoosenAdapter GetVideoDriverDetailsInvalid PrimaryIsNotTheChoosenAdapter FoundDriverCount:4 
[2024.03.19-06.53.06:735][  0]LogD3D11RHI:     Adapter Name: NVIDIA GeForce GTX 1660 Ti
[2024.03.19-06.53.06:735][  0]LogD3D11RHI:   Driver Version: 536.23 (internal:31.0.15.3623, unified:536.23)
[2024.03.19-06.53.06:735][  0]LogD3D11RHI:      Driver Date: 6-8-2023
[2024.03.19-06.53.06:735][  0]LogRHI: Texture pool is 4185 MB (70% of 5979 MB)
[2024.03.19-06.53.06:736][  0]LogD3D11RHI: Creating D3DDevice using adapter:
[2024.03.19-06.53.06:736][  0]LogD3D11RHI:     Description : NVIDIA GeForce GTX 1660 Ti
[2024.03.19-06.53.06:736][  0]LogD3D11RHI:     VendorId    : 10de
[2024.03.19-06.53.06:736][  0]LogD3D11RHI:     DeviceId    : 2182
[2024.03.19-06.53.06:736][  0]LogD3D11RHI:     SubSysId    : 3fbe1458
[2024.03.19-06.53.06:736][  0]LogD3D11RHI:     Revision    : 00a1
[2024.03.19-06.53.06:736][  0]LogD3D11RHI:     DedicatedVideoMemory : 6269435904 bytes
[2024.03.19-06.53.06:736][  0]LogD3D11RHI:     DedicatedSystemMemory : 0 bytes
[2024.03.19-06.53.06:736][  0]LogD3D11RHI:     SharedSystemMemory : 8552867840 bytes
[2024.03.19-06.53.06:736][  0]LogD3D11RHI:     AdapterLuid : 0 50784
[2024.03.19-06.53.06:831][  0]LogD3D11RHI: RHI has support for 64 bit atomics
[2024.03.19-06.53.06:832][  0]LogD3D11RHI: Async texture creation enabled
[2024.03.19-06.53.06:832][  0]LogD3D11RHI: Array index from any shader is supported
[2024.03.19-06.53.06:835][  0]LogD3D11RHI: HDR output is supported on display 0 (NvId: 0x80061086).
[2024.03.19-06.53.06:862][  0]LogD3D11RHI: GPU Timing Frequency: 1000.000000 (Debug: 2 1)
[2024.03.19-06.53.06:939][  0]LogRHI: GeForceNow SDK initialized: 1
[2024.03.19-06.53.07:194][  0]LogTargetPlatformManager: Display: Loaded TargetPlatform 'AllDesktop'
[2024.03.19-06.53.07:217][  0]LogTargetPlatformManager: Display: Loaded TargetPlatform 'Android'
[2024.03.19-06.53.07:217][  0]LogTargetPlatformManager: Display: Loaded TargetPlatform 'Android_ASTC'
[2024.03.19-06.53.07:217][  0]LogTargetPlatformManager: Display: Loaded TargetPlatform 'Android_DXT'
[2024.03.19-06.53.07:217][  0]LogTargetPlatformManager: Display: Loaded TargetPlatform 'Android_ETC2'
[2024.03.19-06.53.07:217][  0]LogTargetPlatformManager: Display: Loaded TargetPlatform 'AndroidClient'
[2024.03.19-06.53.07:217][  0]LogTargetPlatformManager: Display: Loaded TargetPlatform 'Android_ASTCClient'
[2024.03.19-06.53.07:217][  0]LogTargetPlatformManager: Display: Loaded TargetPlatform 'Android_DXTClient'
[2024.03.19-06.53.07:217][  0]LogTargetPlatformManager: Display: Loaded TargetPlatform 'Android_ETC2Client'
[2024.03.19-06.53.07:217][  0]LogTargetPlatformManager: Display: Loaded TargetPlatform 'Android_Multi'
[2024.03.19-06.53.07:217][  0]LogTargetPlatformManager: Display: Loaded TargetPlatform 'Android_MultiClient'
[2024.03.19-06.53.07:238][  0]LogTargetPlatformManager: Display: Loaded TargetPlatform 'IOSClient'
[2024.03.19-06.53.07:238][  0]LogTargetPlatformManager: Display: Loaded TargetPlatform 'IOS'
[2024.03.19-06.53.07:262][  0]LogTargetPlatformManager: Display: Loaded TargetPlatform 'Lumin'
[2024.03.19-06.53.07:262][  0]LogTargetPlatformManager: Display: Loaded TargetPlatform 'LuminClient'
[2024.03.19-06.53.07:272][  0]LogTargetPlatformManager: Display: Loaded TargetPlatform 'MacNoEditor'
[2024.03.19-06.53.07:278][  0]LogTargetPlatformManager: Display: Loaded TargetPlatform 'Mac'
[2024.03.19-06.53.07:284][  0]LogTargetPlatformManager: Display: Loaded TargetPlatform 'MacClient'
[2024.03.19-06.53.07:290][  0]LogTargetPlatformManager: Display: Loaded TargetPlatform 'MacServer'
[2024.03.19-06.53.07:300][  0]LogTargetPlatformManager: Display: Loaded TargetPlatform 'TVOSClient'
[2024.03.19-06.53.07:300][  0]LogTargetPlatformManager: Display: Loaded TargetPlatform 'TVOS'
[2024.03.19-06.53.07:309][  0]LogTargetPlatformManager: Display: Loaded TargetPlatform 'WindowsNoEditor'
[2024.03.19-06.53.07:316][  0]LogTargetPlatformManager: Display: Loaded TargetPlatform 'Windows'
[2024.03.19-06.53.07:321][  0]LogTargetPlatformManager: Display: Loaded TargetPlatform 'WindowsClient'
[2024.03.19-06.53.07:327][  0]LogTargetPlatformManager: Display: Loaded TargetPlatform 'WindowsServer'
[2024.03.19-06.53.07:327][  0]LogTargetPlatformManager: Display: Building Assets For Windows
[2024.03.19-06.53.07:340][  0]LogAudioDebug: Display: Lib vorbis DLL was dynamically loaded.
[2024.03.19-06.53.07:407][  0]LogTextureFormatOodle: Display: Oodle Texture 2.9.0 init RDO Off
[2024.03.19-06.53.07:497][  0]LogRendererCore: Ray tracing is disabled. Reason: r.RayTracing=0.
[2024.03.19-06.53.07:498][  0]LogShaderCompilers: Guid format shader working directory is 18 characters bigger than the processId version (D:/GitHub/NetShootRewrite/Intermediate/Shaders/WorkingDirectory/19012/).
[2024.03.19-06.53.07:498][  0]LogShaderCompilers: Cleaned the shader compiler working directory 'C:/Users/ZTT/AppData/Local/Temp/UnrealShaderWorkingDir/FA3C26774EE34F3E9338A3A94BB8FAE3/'.
[2024.03.19-06.53.07:501][  0]LogShaderCompilers: Display: Using XGE Controller for Shader Compilation.
[2024.03.19-06.53.08:329][  0]LogDerivedDataCache: Display: Max Cache Size: 512 MB
[2024.03.19-06.53.08:381][  0]LogDerivedDataCache: Loaded boot cache 0.05s 94MB D:/GitHub/NetShootRewrite/DerivedDataCache/Boot.ddc.
[2024.03.19-06.53.08:381][  0]LogDerivedDataCache: Display: Loaded Boot cache: D:/GitHub/NetShootRewrite/DerivedDataCache/Boot.ddc
[2024.03.19-06.53.08:381][  0]LogDerivedDataCache: FDerivedDataBackendGraph:  Pak pak cache file D:/GitHub/NetShootRewrite/DerivedDataCache/DDC.ddp not found, will not use a pak cache.
[2024.03.19-06.53.08:381][  0]LogDerivedDataCache: Unable to find inner node Pak for hierarchical cache Hierarchy.
[2024.03.19-06.53.08:381][  0]LogDerivedDataCache: FDerivedDataBackendGraph:  EnginePak pak cache file ../../../Engine/DerivedDataCache/DDC.ddp not found, will not use a pak cache.
[2024.03.19-06.53.08:381][  0]LogDerivedDataCache: Unable to find inner node EnginePak for hierarchical cache Hierarchy.
[2024.03.19-06.53.08:398][  0]LogDerivedDataCache: Speed tests for ../../../Engine/DerivedDataCache took 0.02 seconds
[2024.03.19-06.53.08:398][  0]LogDerivedDataCache: Display: Performance to ../../../Engine/DerivedDataCache: Latency=0.20ms. RandomReadSpeed=154.35MBs, RandomWriteSpeed=107.78MBs. Assigned SpeedClass 'Local'
[2024.03.19-06.53.08:398][  0]LogDerivedDataCache: Using Local data cache path ../../../Engine/DerivedDataCache: Writable
[2024.03.19-06.53.08:398][  0]LogDerivedDataCache: Shared data cache path not found in *engine.ini, will not use an Shared cache.
[2024.03.19-06.53.08:398][  0]LogDerivedDataCache: Unable to find inner node Shared for hierarchical cache Hierarchy.
[2024.03.19-06.53.08:446][  0]LogSlate: Using FreeType 2.10.0
[2024.03.19-06.53.08:448][  0]LogSlate: SlateFontServices - WITH_FREETYPE: 1, WITH_HARFBUZZ: 1
[2024.03.19-06.53.08:602][  0]LogAssetRegistry: FAssetRegistry took 0.0028 seconds to start up
[2024.03.19-06.53.08:955][  0]LogInit: Selected Device Profile: [Windows]
[2024.03.19-06.53.08:956][  0]LogInit: Active device profile: [000002A530A26C00][000002A52FBA0E00 49] Windows
[2024.03.19-06.53.08:956][  0]LogInit: Profiles: [000002A530A26C00][000002A52FBA0E00 49] Windows, [000002A5309E5700][000002A52FBA8F80 49] WindowsNoEditor, [000002A530A25600][000002A52FBAD100 49] WindowsServer, [000002A5309E6A00][000002A52FBB1280 49] WindowsClient, [000002A530A26900][000002A52FBB5400 49] IOS, [000002A5309E5B00][000002A52FBB9580 49] iPadAir, [000002A530A25A00][000002A52FBBD700 49] iPadAir2, [000002A53099BB00][000002A52FBC59C0 49] IPadPro, [000002A53099BC00][000002A52FBC1A00 49] iPadAir3, [000002A530A24D00][000002A52FBC9B80 49] iPadAir4, [000002A530999A00][000002A52FBA4140 49] iPadMini2, [000002A530A27800][000002A52FBCC280 49] iPadMini3, [000002A53099BD00][000002A52FBD03C0 49] iPadMini4, [000002A530A26A00][000002A52FBD4500 49] iPadMini5, [000002A5309DB400][000002A52FBE07C0 49] iPhone6, [000002A5309DB500][000002A52FBDC800 49] iPodTouch6, [000002A530998800][000002A52FBE8AC0 49] iPhone7, [000002A530998700][000002A52FBE4B00 49] iPodTouch7, [000002A5309D9900][000002A52FBECC80 49] iPhone5S, [000002A53099B300][000002A52FBF0E00 49] iPhone6Plus, [000002A5309D8D00][000002A52FBF4F80 49] iPhone6S, [000002A530999B00][000002A52FBF9100 49] iPhone6SPlus, [000002A5309D9C00][000002A52FBFD280 49] iPhone7Plus, [000002A53099B500][000002A530E63400 49] iPhoneSE, [000002A5309DA400][000002A530E67580 49] iPhone8, [000002A53099BF00][000002A530E6B700 49] iPhone8Plus, [000002A5309D9F00][000002A530E6F880 49] iPhoneX, [000002A53099AF00][000002A530E73A00 49] iPhoneXS, [000002A5309DA100][000002A530E77B80 49] iPhoneXSMax, [000002A53099A900][000002A530E7A180 49] iPhoneXR, [000002A5309D8C00][000002A530E7E300 49] iPhone11, [000002A53099AA00][000002A52FBD8440 49] iPhone11Pro, [000002A5309DA800][000002A530E82580 49] iPhone11ProMax, [000002A530998600][000002A530E866C0 49] iPhoneSE2, [000002A5309DB000][000002A530E8E840 49] iPhone12Mini, [000002A530999500][000002A530E929C0 49] iPhone12, [000002A5309D8500][000002A530E96B40 49] iPhone12Pro, [000002A53099A000][000002A530E9ACC0 49] iPhone12ProMax, [000002A5309DBD00][000002A530E9EE40 49] iPadPro105, [000002A530999800][000002A530EA2FC0 49] iPadPro129, [000002A5309D8B00][000002A530EA7140 49] iPadPro97, [000002A53099BE00][000002A530EAB2C0 49] iPadPro2_129, [000002A5309D8300][000002A530EAF440 49] iPad5, [000002A530999900][000002A530EB35C0 49] iPad6, [000002A5309D9700][000002A530EB7740 49] iPad7, [000002A53099AD00][000002A530EBB8C0 49] iPad8, [000002A5309D9800][000002A530EBFA40 49] iPadPro11, [000002A53099A700][000002A530EC3BC0 49] iPadPro2_11, [000002A5309DB900][000002A530EC61C0 49] iPadPro3_129, [000002A530998500][000002A530ECA340 49] iPadPro4_129, [000002A5309DA900][000002A530ECE4C0 49] AppleTV, [000002A53099AB00][000002A530E8A600 49] AppleTV4K, [000002A5309E7A00][000002A530ED2740 49] TVOS, [000002A530A78700][000002A530ED6880 49] Mac, [000002A5309E7000][000002A530EDA9C0 49] MacClient, [000002A530A79400][000002A530EE2B40 49] MacNoEditor, [000002A5309E4F00][000002A530EE6CC0 49] MacServer, [000002A530A78A00][000002A530EEAE40 49] Linux, [000002A5309E7700][000002A530EEEFC0 49] LinuxAArch64, [000002A530A79100][000002A530EF3140 49] LinuxNoEditor, [000002A5309E4700][000002A530EF72C0 49] LinuxAArch64NoEditor, [000002A530A79300][000002A530EFB440 49] LinuxClient, [000002A5309E7600][000002A530EFF5C0 49] LinuxAArch64Client, [000002A530A78E00][000002A530F03740 49] LinuxServer, [000002A5309E7100][000002A530F078C0 49] LinuxAArch64Server, [000002A530A78F00][000002A530F0BA40 49] Android, [000002A5309E4C00][000002A530F0FBC0 49] Android_Low, [000002A530A79B00][000002A530F121C0 49] Android_Mid, [000002A5309E4100][000002A530F16340 49] Android_High, [000002A530A78400][000002A530F1A4C0 49] Android_Default, [000002A5309E7B00][000002A530F1E640 49] Android_Adreno4xx, [000002A530A78D00][000002A530EDE780 49] Android_Adreno5xx_Low, [000002A5309E6000][000002A530F228C0 49] Android_Adreno5xx, [000002A53099A200][000002A530F26A00 49] Android_Adreno6xx, [000002A5309E7800][000002A530F2AB40 49] Android_Adreno6xx_Vulkan, [000002A53099A300][000002A530F32CC0 49] Android_Mali_T6xx, [000002A5309E6E00][000002A530F36E40 49] Android_Mali_T7xx, [000002A53099B400][000002A530F3AFC0 49] Android_Mali_T8xx, [000002A5309E4600][000002A530F3F140 49] Android_Mali_G71, [000002A53099AE00][000002A530F432C0 49] Android_Mali_G72, [000002A5309E7F00][000002A530F47440 49] Android_Mali_G72_Vulkan, [000002A530998F00][000002A530F4B5C0 49] Android_Mali_G76, [000002A5309E5E00][000002A530F4F740 49] Android_Mali_G76_Vulkan, [000002A53099A100][000002A530F538C0 49] Android_Mali_G77, [000002A5309E4A00][000002A530F57A40 49] Android_Mali_G77_Vulkan, [000002A530999100][000002A530F5BBC0 49] Android_Mali_G78, [000002A5309E4900][000002A530F5E1C0 49] Android_Mali_G78_Vulkan, [000002A53099B100][000002A530F62340 49] Android_Mali_G710, [000002A5309E5400][000002A530F664C0 49] Android_Mali_G710_Vulkan, [000002A53099A600][000002A530F6A640 49] Android_Vulkan_SM5, [000002A5309E5600][000002A530F6E7C0 49] Android_PowerVR_G6xxx, [000002A530999700][000002A530F72940 49] Android_PowerVR_GT7xxx, [000002A5309E6500][000002A530F2EA80 49] Android_PowerVR_GE8xxx, [000002A530999D00][000002A530F76BC0 49] Android_PowerVR_GM9xxx, [000002A5309E4500][000002A530F7AD00 49] Android_PowerVR_GM9xxx_Vulkan, [000002A53099BA00][000002A530F82E80 49] Android_TegraK1, [000002A5309E5000][000002A530F87000 49] Android_Unknown_Vulkan, [000002A53099B800][000002A530F8B180 49] Lumin, [000002A530A25800][000002A530F8F300 49] Lumin_Desktop, [000002A5309D8A00][000002A530F93480 49] HoloLens, 
[2024.03.19-06.53.09:148][  0]LogMeshReduction: Using QuadricMeshReduction for automatic static mesh reduction
[2024.03.19-06.53.09:148][  0]LogMeshReduction: Using SimplygonMeshReduction for automatic skeletal mesh reduction
[2024.03.19-06.53.09:148][  0]LogMeshReduction: Using ProxyLODMeshReduction for automatic mesh merging
[2024.03.19-06.53.09:148][  0]LogMeshReduction: No distributed automatic mesh merging module available
[2024.03.19-06.53.09:149][  0]LogMeshMerging: No distributed automatic mesh merging module available
[2024.03.19-06.53.09:176][  0]LogNetVersion: NetShootRewrite 1.0.0, NetCL: 0, EngineNetVer: 17, GameNetVer: 0 (Checksum: 1486698656)
[2024.03.19-06.53.10:195][  0]LogTexture: Default maximum texture size for cubemaps generated from long-lat sources has been changed from 512 to unlimited. In order to preserve old behaiour for '/Engine/MapTemplates/Sky/DaylightAmbientCubemap.DaylightAmbientCubemap', its maximum texture size has been explicitly set to 512.
[2024.03.19-06.53.10:263][  0]LogHMD: PokeAHoleMaterial loaded successfully
[2024.03.19-06.53.10:269][  0]LogUObjectArray: 17164 objects as part of root set at end of initial load.
[2024.03.19-06.53.10:269][  0]LogUObjectAllocator: 4298528 out of 0 bytes used by permanent object pool.
[2024.03.19-06.53.10:269][  0]LogUObjectArray: CloseDisregardForGC: 0/0 objects in disregard for GC pool
[2024.03.19-06.53.10:850][  0]LogPython: Using Python 3.7.7
[2024.03.19-06.53.11:413][  0]LogNiagaraDebuggerClient: Niagara Debugger Client Initialized | Session: A67AFE3B4706BF38ABABB48970FC3336 | Instance: 570B6FD744B59904DCE16197D495A432 (DESKTOP-6POMQQ5-19012).
[2024.03.19-06.53.11:729][  0]LogTcpMessaging: Initializing TcpMessaging bridge
[2024.03.19-06.53.11:736][  0]LogUdpMessaging: Initializing bridge on interface 0.0.0.0:0 to multicast group 230.0.0.1:6666.
[2024.03.19-06.53.11:831][  0]LogActor: Warning: SetReplicates called on non-initialized actor Default__WeaponServerBase. Directly setting bReplicates is the correct procedure for pre-init actors.
[2024.03.19-06.53.12:130][  0]SourceControl: 源码管理已禁用
[2024.03.19-06.53.12:130][  0]SourceControl: 源码管理已禁用
[2024.03.19-06.53.12:140][  0]SourceControl: 源码管理已禁用
[2024.03.19-06.53.12:282][  0]SourceControl: 源码管理已禁用
[2024.03.19-06.53.12:301][  0]SourceControl: 源码管理已禁用
[2024.03.19-06.53.12:311][  0]LogUProjectInfo: Found projects:
[2024.03.19-06.53.12:496][  0]LogOpenImageDenoise: OIDN starting up
[2024.03.19-06.53.12:605][  0]LogAndroidPermission: UAndroidPermissionCallbackProxy::GetInstance
[2024.03.19-06.53.12:638][  0]LogAudioCaptureCore: Display: No Audio Capture implementations found. Audio input will be silent.
[2024.03.19-06.53.12:638][  0]LogAudioCaptureCore: Display: No Audio Capture implementations found. Audio input will be silent.
[2024.03.19-06.53.12:915][  0]LogCollectionManager: Loaded 0 collections in 0.002614 seconds
[2024.03.19-06.53.12:962][  0]LogFileCache: Scanning file cache for directory 'D:/GitHub/NetShootRewrite/Saved/Collections/' took 0.00s
[2024.03.19-06.53.12:962][  0]LogFileCache: Scanning file cache for directory 'D:/GitHub/NetShootRewrite/Content/Developers/ZTT/Collections/' took 0.00s
[2024.03.19-06.53.12:962][  0]LogFileCache: Scanning file cache for directory 'D:/GitHub/NetShootRewrite/Content/Collections/' took 0.00s
[2024.03.19-06.53.12:962][  0]LogOcInput: OculusInput pre-init called
[2024.03.19-06.53.13:329][  0]LogEngine: Initializing Engine...
[2024.03.19-06.53.13:339][  0]LogHMD: Failed to enumerate extensions. Please check that you have a valid OpenXR runtime installed.
[2024.03.19-06.53.13:340][  0]LogHMD: Failed to initialize OpenVR with code 110
[2024.03.19-06.53.13:340][  0]LogMagicLeap: Warning: VR disabled because ZI is not enabled.  To enable, in the editor, Edit -> Project Settings -> Plugins -> Magic Leap Plugin -> Enable Zero Iteration
[2024.03.19-06.53.13:343][  0]LogStats: UGameplayTagsManager::InitializeManager -  0.002 s
[2024.03.19-06.53.13:498][  0]LogInit: Initializing FReadOnlyCVARCache
[2024.03.19-06.53.13:514][  0]LogAIModule: Creating AISystem for world Untitled
[2024.03.19-06.53.13:515][  0]LogAudio: Display: Initializing Audio Device Manager...
[2024.03.19-06.53.13:521][  0]LogAudio: Display: Loading Default Audio Settings Objects...
[2024.03.19-06.53.13:522][  0]LogAudio: Display: No default SoundConcurrencyObject specified (or failed to load).
[2024.03.19-06.53.13:523][  0]LogAudio: Display: Audio Device Manager Initialized
[2024.03.19-06.53.13:523][  0]LogAudio: Display: Creating Audio Device:                 Id: 1, Scope: Shared, Realtime: True
[2024.03.19-06.53.13:523][  0]LogAudioMixer: Display: Audio Mixer Platform Settings:
[2024.03.19-06.53.13:523][  0]LogAudioMixer: Display: 	Sample Rate:						  48000
[2024.03.19-06.53.13:523][  0]LogAudioMixer: Display: 	Callback Buffer Frame Size Requested: 1024
[2024.03.19-06.53.13:523][  0]LogAudioMixer: Display: 	Callback Buffer Frame Size To Use:	  1024
[2024.03.19-06.53.13:523][  0]LogAudioMixer: Display: 	Number of buffers to queue:			  2
[2024.03.19-06.53.13:523][  0]LogAudioMixer: Display: 	Max Channels (voices):				  32
[2024.03.19-06.53.13:523][  0]LogAudioMixer: Display: 	Number of Async Source Workers:		  0
[2024.03.19-06.53.13:523][  0]LogAudio: Display: AudioDevice MaxSources: 32
[2024.03.19-06.53.13:524][  0]LogAudio: Display: Audio Spatialization Plugin: None (built-in).
[2024.03.19-06.53.13:524][  0]LogAudio: Display: Audio Reverb Plugin: None (built-in).
[2024.03.19-06.53.13:524][  0]LogAudio: Display: Audio Occlusion Plugin: None (built-in).
[2024.03.19-06.53.13:524][  0]LogAudioMixer: Display: Initializing audio mixer.
[2024.03.19-06.53.13:550][  0]LogAudioMixer: Display: 0: FrontLeft
[2024.03.19-06.53.13:550][  0]LogAudioMixer: Display: 1: FrontRight
[2024.03.19-06.53.13:567][  0]LogAudioMixer: Display: Using Audio Device 扬声器 (Realtek High Definition Audio)
[2024.03.19-06.53.13:570][  0]LogAudioMixer: Display: Initializing Sound Submixes...
[2024.03.19-06.53.13:575][  0]LogAudioMixer: Display: Creating Master Submix 'MasterSubmixDefault'
[2024.03.19-06.53.13:575][  0]LogAudioMixer: Display: Creating Master Submix 'MasterReverbSubmixDefault'
[2024.03.19-06.53.13:576][  0]LogAudioMixer: Display: Creating Master Submix 'MasterEQSubmixDefault'
[2024.03.19-06.53.13:576][  0]LogAudioMixer: FMixerPlatformXAudio2::StartAudioStream() called
[2024.03.19-06.53.13:576][  0]LogAudioMixer: Display: Output buffers initialized: Frames=1024, Channels=2, Samples=2048
[2024.03.19-06.53.13:577][  0]LogAudioMixer: Display: Starting AudioMixerPlatformInterface::RunInternal()
[2024.03.19-06.53.13:577][  0]LogAudioMixer: Display: FMixerPlatformXAudio2::SubmitBuffer() called for the first time
[2024.03.19-06.53.13:577][  0]LogInit: FAudioDevice initialized.
[2024.03.19-06.53.13:577][  0]LogAudio: Display: Audio Device (ID: 1) registered with world 'Untitled'.
[2024.03.19-06.53.13:577][  0]LogNetVersion: Set ProjectVersion to 1.0.0.0. Version Checksum will be recalculated on next use.
[2024.03.19-06.53.13:779][  0]LogDerivedDataCache: Saved boot cache 0.20s 94MB D:/GitHub/NetShootRewrite/DerivedDataCache/Boot.ddc.
[2024.03.19-06.53.13:779][  0]LogInit: Texture streaming: Enabled
[2024.03.19-06.53.13:798][  0]LogAnalytics: Display: [UEEditor.UnrealEngine.Release] APIServer = https://datarouter.ol.epicgames.com/. AppVersion = 4.27.2-0+++UE4+Release-4.27
[2024.03.19-06.53.13:808][  0]LogEngineSessionManager: EngineSessionManager initialized
[2024.03.19-06.53.13:809][  0]LogEngineSessionManager: EngineSessionManager sent abnormal shutdown report. Type=AbnormalShutdown, SessionId={B745389E-4948-363C-7FEB-6588E1BF6DFF}
[2024.03.19-06.53.13:809][  0]LogEngineSessionManager: EngineSessionManager sent abnormal shutdown report. Type=AbnormalShutdown, SessionId={4DFE87F8-4172-E67D-1881-59B5993DA34A}
[2024.03.19-06.53.13:809][  0]LogEditorSessionSummary: Verbose: Initializing EditorSessionSummaryWriter for editor session tracking
[2024.03.19-06.53.13:814][  0]LogEditorSessionSummary: EditorSessionSummaryWriter initialized
[2024.03.19-06.53.13:852][  0]LogInit: Transaction tracking system initialized
[2024.03.19-06.53.13:894][  0]BlueprintLog: New page: 编辑器加载
[2024.03.19-06.53.14:009][  0]LocalizationService: 本地化服务已禁用
[2024.03.19-06.53.14:123][  0]TimingProfiler: Initialize
[2024.03.19-06.53.14:124][  0]TimingProfiler: OnSessionChanged
[2024.03.19-06.53.14:124][  0]LoadingProfiler: Initialize
[2024.03.19-06.53.14:125][  0]LoadingProfiler: OnSessionChanged
[2024.03.19-06.53.14:125][  0]NetworkingProfiler: Initialize
[2024.03.19-06.53.14:125][  0]NetworkingProfiler: OnSessionChanged
[2024.03.19-06.53.14:125][  0]MemoryProfiler: Initialize
[2024.03.19-06.53.14:125][  0]MemoryProfiler: OnSessionChanged
[2024.03.19-06.53.14:397][  0]LogCook: Display: CookSettings for Memory: MemoryMaxUsedVirtual 0MiB, MemoryMaxUsedPhysical 16384MiB, MemoryMinFreeVirtual 0MiB, MemoryMinFreePhysical 1024MiB
[2024.03.19-06.53.14:397][  0]LogCook: Display: Mobile HDR setting 1
[2024.03.19-06.53.14:750][  0]LogFileCache: Scanning file cache for directory 'D:/GitHub/NetShootRewrite/Content/' took 0.01s
[2024.03.19-06.53.14:959][  0]LogInit: Display: Engine is initialized. Leaving FEngineLoop::Init()
[2024.03.19-06.53.14:968][  0]SourceControl: 源码管理已禁用
[2024.03.19-06.53.14:968][  0]LogUnrealEdMisc: Loading editor; pre map load, took 11.461
[2024.03.19-06.53.14:969][  0]Cmd: MAP LOAD FILE="D:/GitHub/NetShootRewrite/Content/FirstPersonCPP/Maps/FirstPersonExampleMap.umap" TEMPLATE=0 SHOWPROGRESS=1 FEATURELEVEL=3
[2024.03.19-06.53.14:969][  0]LightingResults: New page: 光照构建
[2024.03.19-06.53.14:973][  0]LogWorld: UWorld::CleanupWorld for Untitled, bSessionEnded=true, bCleanupResources=true
[2024.03.19-06.53.14:973][  0]LogSlate: InvalidateAllWidgets triggered.  All widgets were invalidated
[2024.03.19-06.53.14:973][  0]MapCheck: New page: 地图检测
[2024.03.19-06.53.14:973][  0]LightingResults: New page: 光照构建
[2024.03.19-06.53.14:978][  0]LogAudio: Display: Audio Device unregistered from world 'None'.
[2024.03.19-06.53.14:981][  0]LogUObjectHash: Compacting FUObjectHashTables data took   0.67ms
[2024.03.19-06.53.16:397][  0]LogActor: Warning: SetReplicates called on non-initialized actor Default__BP_ServerWeaponBase_C. Directly setting bReplicates is the correct procedure for pre-init actors.
[2024.03.19-06.53.16:398][  0]LogActor: Warning: SetReplicates called on non-initialized actor Default__SKEL_BP_ServerWeaponBase_C. Directly setting bReplicates is the correct procedure for pre-init actors.
[2024.03.19-06.53.16:427][  0]LogActor: Warning: SetReplicates called on non-initialized actor BP_ServerWeaponBase_2. Directly setting bReplicates is the correct procedure for pre-init actors.
[2024.03.19-06.53.16:815][  0]LogAudio: Display: Audio Device (ID: 1) registered with world 'FirstPersonExampleMap'.
[2024.03.19-06.53.16:816][  0]LogAIModule: Creating AISystem for world FirstPersonExampleMap
[2024.03.19-06.53.16:825][  0]LogEditorServer: Finished looking for orphan Actors (0.000 secs)
[2024.03.19-06.53.16:833][  0]LogUObjectHash: Compacting FUObjectHashTables data took   0.77ms
[2024.03.19-06.53.16:834][  0]Cmd: MAP CHECKDEP NOCLEARLOG
[2024.03.19-06.53.16:834][  0]MapCheck: 地图检测完成：0个错误、0个警告、完成用时0.085毫秒。
[2024.03.19-06.53.16:834][  0]LogFileHelpers: Loading map 'FirstPersonExampleMap' took 1.866
[2024.03.19-06.53.16:839][  0]LogUnrealEdMisc: Total Editor Startup Time, took 13.331
[2024.03.19-06.53.17:021][  0]LogSlate: Updating window title bar state: overlay mode, drag disabled, window buttons hidden, title bar hidden
[2024.03.19-06.53.17:027][  0]LogSlate: Updating window title bar state: overlay mode, drag disabled, window buttons hidden, title bar hidden
[2024.03.19-06.53.17:031][  0]LogSlate: Updating window title bar state: overlay mode, drag disabled, window buttons hidden, title bar hidden
[2024.03.19-06.53.17:037][  0]LogSlate: Updating window title bar state: overlay mode, drag disabled, window buttons hidden, title bar hidden
[2024.03.19-06.53.17:056][  0]LogNativeClassHierarchy: Verbose: Native class hierarchy populated in 0.0081 seconds. Added 3824 classes and 928 folders.
[2024.03.19-06.53.17:063][  0]LogNativeClassHierarchy: Verbose: Native class hierarchy updated for 'WidgetCarousel' in 0.0002 seconds. Added 0 classes and 0 folders.
[2024.03.19-06.53.17:071][  0]LogShaderLibrary: Display: ShaderCodeLibraryPakFileMountedCallback: PakFile 'C:/Program Files (x86)/UE4.27/UnrealEngine-4.27/FeaturePacks/FP_FirstPerson.upack' (chunk index -1, root 'root:/') mounted
[2024.03.19-06.53.17:072][  0]LogShaderLibrary: Display: ShaderCodeLibraryPakFileMountedCallback: pending pak file info (ChunkID:-1 Root:root:/ File:C:/Program Files (x86)/UE4.27/UnrealEngine-4.27/FeaturePacks/FP_FirstPerson.upack)
[2024.03.19-06.53.17:072][  0]LogPakFile: OnPakFileMounted2Time == 0.000781
[2024.03.19-06.53.17:075][  0]LogShaderLibrary: Display: ShaderCodeLibraryPakFileMountedCallback: PakFile 'C:/Program Files (x86)/UE4.27/UnrealEngine-4.27/FeaturePacks/FP_FirstPersonBP.upack' (chunk index -1, root 'root:/') mounted
[2024.03.19-06.53.17:075][  0]LogShaderLibrary: Display: ShaderCodeLibraryPakFileMountedCallback: pending pak file info (ChunkID:-1 Root:root:/ File:C:/Program Files (x86)/UE4.27/UnrealEngine-4.27/FeaturePacks/FP_FirstPersonBP.upack)
[2024.03.19-06.53.17:075][  0]LogPakFile: OnPakFileMounted2Time == 0.000257
[2024.03.19-06.53.17:077][  0]LogShaderLibrary: Display: ShaderCodeLibraryPakFileMountedCallback: PakFile 'C:/Program Files (x86)/UE4.27/UnrealEngine-4.27/FeaturePacks/MobileStarterContent.upack' (chunk index -1, root 'root:/') mounted
[2024.03.19-06.53.17:077][  0]LogShaderLibrary: Display: ShaderCodeLibraryPakFileMountedCallback: pending pak file info (ChunkID:-1 Root:root:/ File:C:/Program Files (x86)/UE4.27/UnrealEngine-4.27/FeaturePacks/MobileStarterContent.upack)
[2024.03.19-06.53.17:077][  0]LogPakFile: OnPakFileMounted2Time == 0.000053
[2024.03.19-06.53.17:078][  0]LogShaderLibrary: Display: ShaderCodeLibraryPakFileMountedCallback: PakFile 'C:/Program Files (x86)/UE4.27/UnrealEngine-4.27/FeaturePacks/StarterContent.upack' (chunk index -1, root 'root:/') mounted
[2024.03.19-06.53.17:078][  0]LogShaderLibrary: Display: ShaderCodeLibraryPakFileMountedCallback: pending pak file info (ChunkID:-1 Root:root:/ File:C:/Program Files (x86)/UE4.27/UnrealEngine-4.27/FeaturePacks/StarterContent.upack)
[2024.03.19-06.53.17:079][  0]LogPakFile: OnPakFileMounted2Time == 0.000056
[2024.03.19-06.53.17:081][  0]LogShaderLibrary: Display: ShaderCodeLibraryPakFileMountedCallback: PakFile 'C:/Program Files (x86)/UE4.27/UnrealEngine-4.27/FeaturePacks/TP_2DSideScroller.upack' (chunk index -1, root 'root:/') mounted
[2024.03.19-06.53.17:081][  0]LogShaderLibrary: Display: ShaderCodeLibraryPakFileMountedCallback: pending pak file info (ChunkID:-1 Root:root:/ File:C:/Program Files (x86)/UE4.27/UnrealEngine-4.27/FeaturePacks/TP_2DSideScroller.upack)
[2024.03.19-06.53.17:081][  0]LogPakFile: OnPakFileMounted2Time == 0.000055
[2024.03.19-06.53.17:082][  0]LogShaderLibrary: Display: ShaderCodeLibraryPakFileMountedCallback: PakFile 'C:/Program Files (x86)/UE4.27/UnrealEngine-4.27/FeaturePacks/TP_2DSideScrollerBP.upack' (chunk index -1, root 'root:/') mounted
[2024.03.19-06.53.17:082][  0]LogShaderLibrary: Display: ShaderCodeLibraryPakFileMountedCallback: pending pak file info (ChunkID:-1 Root:root:/ File:C:/Program Files (x86)/UE4.27/UnrealEngine-4.27/FeaturePacks/TP_2DSideScrollerBP.upack)
[2024.03.19-06.53.17:083][  0]LogPakFile: OnPakFileMounted2Time == 0.000061
[2024.03.19-06.53.17:084][  0]LogShaderLibrary: Display: ShaderCodeLibraryPakFileMountedCallback: PakFile 'C:/Program Files (x86)/UE4.27/UnrealEngine-4.27/FeaturePacks/TP_Flying.upack' (chunk index -1, root 'root:/') mounted
[2024.03.19-06.53.17:084][  0]LogShaderLibrary: Display: ShaderCodeLibraryPakFileMountedCallback: pending pak file info (ChunkID:-1 Root:root:/ File:C:/Program Files (x86)/UE4.27/UnrealEngine-4.27/FeaturePacks/TP_Flying.upack)
[2024.03.19-06.53.17:084][  0]LogPakFile: OnPakFileMounted2Time == 0.000067
[2024.03.19-06.53.17:085][  0]LogShaderLibrary: Display: ShaderCodeLibraryPakFileMountedCallback: PakFile 'C:/Program Files (x86)/UE4.27/UnrealEngine-4.27/FeaturePacks/TP_FlyingBP.upack' (chunk index -1, root 'root:/') mounted
[2024.03.19-06.53.17:085][  0]LogShaderLibrary: Display: ShaderCodeLibraryPakFileMountedCallback: pending pak file info (ChunkID:-1 Root:root:/ File:C:/Program Files (x86)/UE4.27/UnrealEngine-4.27/FeaturePacks/TP_FlyingBP.upack)
[2024.03.19-06.53.17:086][  0]LogPakFile: OnPakFileMounted2Time == 0.000070
[2024.03.19-06.53.17:087][  0]LogShaderLibrary: Display: ShaderCodeLibraryPakFileMountedCallback: PakFile 'C:/Program Files (x86)/UE4.27/UnrealEngine-4.27/FeaturePacks/TP_Puzzle.upack' (chunk index -1, root 'root:/') mounted
[2024.03.19-06.53.17:087][  0]LogShaderLibrary: Display: ShaderCodeLibraryPakFileMountedCallback: pending pak file info (ChunkID:-1 Root:root:/ File:C:/Program Files (x86)/UE4.27/UnrealEngine-4.27/FeaturePacks/TP_Puzzle.upack)
[2024.03.19-06.53.17:087][  0]LogPakFile: OnPakFileMounted2Time == 0.000059
[2024.03.19-06.53.17:089][  0]LogShaderLibrary: Display: ShaderCodeLibraryPakFileMountedCallback: PakFile 'C:/Program Files (x86)/UE4.27/UnrealEngine-4.27/FeaturePacks/TP_PuzzleBP.upack' (chunk index -1, root 'root:/') mounted
[2024.03.19-06.53.17:089][  0]LogShaderLibrary: Display: ShaderCodeLibraryPakFileMountedCallback: pending pak file info (ChunkID:-1 Root:root:/ File:C:/Program Files (x86)/UE4.27/UnrealEngine-4.27/FeaturePacks/TP_PuzzleBP.upack)
[2024.03.19-06.53.17:089][  0]LogPakFile: OnPakFileMounted2Time == 0.000051
[2024.03.19-06.53.17:091][  0]LogShaderLibrary: Display: ShaderCodeLibraryPakFileMountedCallback: PakFile 'C:/Program Files (x86)/UE4.27/UnrealEngine-4.27/FeaturePacks/TP_Rolling.upack' (chunk index -1, root 'root:/') mounted
[2024.03.19-06.53.17:091][  0]LogShaderLibrary: Display: ShaderCodeLibraryPakFileMountedCallback: pending pak file info (ChunkID:-1 Root:root:/ File:C:/Program Files (x86)/UE4.27/UnrealEngine-4.27/FeaturePacks/TP_Rolling.upack)
[2024.03.19-06.53.17:091][  0]LogPakFile: OnPakFileMounted2Time == 0.000052
[2024.03.19-06.53.17:093][  0]LogShaderLibrary: Display: ShaderCodeLibraryPakFileMountedCallback: PakFile 'C:/Program Files (x86)/UE4.27/UnrealEngine-4.27/FeaturePacks/TP_RollingBP.upack' (chunk index -1, root 'root:/') mounted
[2024.03.19-06.53.17:093][  0]LogShaderLibrary: Display: ShaderCodeLibraryPakFileMountedCallback: pending pak file info (ChunkID:-1 Root:root:/ File:C:/Program Files (x86)/UE4.27/UnrealEngine-4.27/FeaturePacks/TP_RollingBP.upack)
[2024.03.19-06.53.17:093][  0]LogPakFile: OnPakFileMounted2Time == 0.000055
[2024.03.19-06.53.17:095][  0]LogShaderLibrary: Display: ShaderCodeLibraryPakFileMountedCallback: PakFile 'C:/Program Files (x86)/UE4.27/UnrealEngine-4.27/FeaturePacks/TP_SideScroller.upack' (chunk index -1, root 'root:/') mounted
[2024.03.19-06.53.17:095][  0]LogShaderLibrary: Display: ShaderCodeLibraryPakFileMountedCallback: pending pak file info (ChunkID:-1 Root:root:/ File:C:/Program Files (x86)/UE4.27/UnrealEngine-4.27/FeaturePacks/TP_SideScroller.upack)
[2024.03.19-06.53.17:095][  0]LogPakFile: OnPakFileMounted2Time == 0.000054
[2024.03.19-06.53.17:097][  0]LogShaderLibrary: Display: ShaderCodeLibraryPakFileMountedCallback: PakFile 'C:/Program Files (x86)/UE4.27/UnrealEngine-4.27/FeaturePacks/TP_SideScrollerBP.upack' (chunk index -1, root 'root:/') mounted
[2024.03.19-06.53.17:097][  0]LogShaderLibrary: Display: ShaderCodeLibraryPakFileMountedCallback: pending pak file info (ChunkID:-1 Root:root:/ File:C:/Program Files (x86)/UE4.27/UnrealEngine-4.27/FeaturePacks/TP_SideScrollerBP.upack)
[2024.03.19-06.53.17:097][  0]LogPakFile: OnPakFileMounted2Time == 0.000061
[2024.03.19-06.53.17:098][  0]LogShaderLibrary: Display: ShaderCodeLibraryPakFileMountedCallback: PakFile 'C:/Program Files (x86)/UE4.27/UnrealEngine-4.27/FeaturePacks/TP_ThirdPerson.upack' (chunk index -1, root 'root:/') mounted
[2024.03.19-06.53.17:098][  0]LogShaderLibrary: Display: ShaderCodeLibraryPakFileMountedCallback: pending pak file info (ChunkID:-1 Root:root:/ File:C:/Program Files (x86)/UE4.27/UnrealEngine-4.27/FeaturePacks/TP_ThirdPerson.upack)
[2024.03.19-06.53.17:098][  0]LogPakFile: OnPakFileMounted2Time == 0.000055
[2024.03.19-06.53.17:100][  0]LogShaderLibrary: Display: ShaderCodeLibraryPakFileMountedCallback: PakFile 'C:/Program Files (x86)/UE4.27/UnrealEngine-4.27/FeaturePacks/TP_ThirdPersonBP.upack' (chunk index -1, root 'root:/') mounted
[2024.03.19-06.53.17:100][  0]LogShaderLibrary: Display: ShaderCodeLibraryPakFileMountedCallback: pending pak file info (ChunkID:-1 Root:root:/ File:C:/Program Files (x86)/UE4.27/UnrealEngine-4.27/FeaturePacks/TP_ThirdPersonBP.upack)
[2024.03.19-06.53.17:100][  0]LogPakFile: OnPakFileMounted2Time == 0.000075
[2024.03.19-06.53.17:102][  0]LogShaderLibrary: Display: ShaderCodeLibraryPakFileMountedCallback: PakFile 'C:/Program Files (x86)/UE4.27/UnrealEngine-4.27/FeaturePacks/TP_TopDown.upack' (chunk index -1, root 'root:/') mounted
[2024.03.19-06.53.17:102][  0]LogShaderLibrary: Display: ShaderCodeLibraryPakFileMountedCallback: pending pak file info (ChunkID:-1 Root:root:/ File:C:/Program Files (x86)/UE4.27/UnrealEngine-4.27/FeaturePacks/TP_TopDown.upack)
[2024.03.19-06.53.17:102][  0]LogPakFile: OnPakFileMounted2Time == 0.000065
[2024.03.19-06.53.17:104][  0]LogShaderLibrary: Display: ShaderCodeLibraryPakFileMountedCallback: PakFile 'C:/Program Files (x86)/UE4.27/UnrealEngine-4.27/FeaturePacks/TP_TopDownBP.upack' (chunk index -1, root 'root:/') mounted
[2024.03.19-06.53.17:104][  0]LogShaderLibrary: Display: ShaderCodeLibraryPakFileMountedCallback: pending pak file info (ChunkID:-1 Root:root:/ File:C:/Program Files (x86)/UE4.27/UnrealEngine-4.27/FeaturePacks/TP_TopDownBP.upack)
[2024.03.19-06.53.17:104][  0]LogPakFile: OnPakFileMounted2Time == 0.000068
[2024.03.19-06.53.17:105][  0]LogShaderLibrary: Display: ShaderCodeLibraryPakFileMountedCallback: PakFile 'C:/Program Files (x86)/UE4.27/UnrealEngine-4.27/FeaturePacks/TP_TwinStick.upack' (chunk index -1, root 'root:/') mounted
[2024.03.19-06.53.17:105][  0]LogShaderLibrary: Display: ShaderCodeLibraryPakFileMountedCallback: pending pak file info (ChunkID:-1 Root:root:/ File:C:/Program Files (x86)/UE4.27/UnrealEngine-4.27/FeaturePacks/TP_TwinStick.upack)
[2024.03.19-06.53.17:105][  0]LogPakFile: OnPakFileMounted2Time == 0.000053
[2024.03.19-06.53.17:107][  0]LogShaderLibrary: Display: ShaderCodeLibraryPakFileMountedCallback: PakFile 'C:/Program Files (x86)/UE4.27/UnrealEngine-4.27/FeaturePacks/TP_TwinStickBP.upack' (chunk index -1, root 'root:/') mounted
[2024.03.19-06.53.17:107][  0]LogShaderLibrary: Display: ShaderCodeLibraryPakFileMountedCallback: pending pak file info (ChunkID:-1 Root:root:/ File:C:/Program Files (x86)/UE4.27/UnrealEngine-4.27/FeaturePacks/TP_TwinStickBP.upack)
[2024.03.19-06.53.17:107][  0]LogPakFile: OnPakFileMounted2Time == 0.000054
[2024.03.19-06.53.17:109][  0]LogShaderLibrary: Display: ShaderCodeLibraryPakFileMountedCallback: PakFile 'C:/Program Files (x86)/UE4.27/UnrealEngine-4.27/FeaturePacks/TP_Vehicle.upack' (chunk index -1, root 'root:/') mounted
[2024.03.19-06.53.17:109][  0]LogShaderLibrary: Display: ShaderCodeLibraryPakFileMountedCallback: pending pak file info (ChunkID:-1 Root:root:/ File:C:/Program Files (x86)/UE4.27/UnrealEngine-4.27/FeaturePacks/TP_Vehicle.upack)
[2024.03.19-06.53.17:109][  0]LogPakFile: OnPakFileMounted2Time == 0.000053
[2024.03.19-06.53.17:111][  0]LogShaderLibrary: Display: ShaderCodeLibraryPakFileMountedCallback: PakFile 'C:/Program Files (x86)/UE4.27/UnrealEngine-4.27/FeaturePacks/TP_VehicleAdv.upack' (chunk index -1, root 'root:/') mounted
[2024.03.19-06.53.17:111][  0]LogShaderLibrary: Display: ShaderCodeLibraryPakFileMountedCallback: pending pak file info (ChunkID:-1 Root:root:/ File:C:/Program Files (x86)/UE4.27/UnrealEngine-4.27/FeaturePacks/TP_VehicleAdv.upack)
[2024.03.19-06.53.17:111][  0]LogPakFile: OnPakFileMounted2Time == 0.000056
[2024.03.19-06.53.17:113][  0]LogShaderLibrary: Display: ShaderCodeLibraryPakFileMountedCallback: PakFile 'C:/Program Files (x86)/UE4.27/UnrealEngine-4.27/FeaturePacks/TP_VehicleAdvBP.upack' (chunk index -1, root 'root:/') mounted
[2024.03.19-06.53.17:113][  0]LogShaderLibrary: Display: ShaderCodeLibraryPakFileMountedCallback: pending pak file info (ChunkID:-1 Root:root:/ File:C:/Program Files (x86)/UE4.27/UnrealEngine-4.27/FeaturePacks/TP_VehicleAdvBP.upack)
[2024.03.19-06.53.17:113][  0]LogPakFile: OnPakFileMounted2Time == 0.000055
[2024.03.19-06.53.17:115][  0]LogShaderLibrary: Display: ShaderCodeLibraryPakFileMountedCallback: PakFile 'C:/Program Files (x86)/UE4.27/UnrealEngine-4.27/FeaturePacks/TP_VehicleBP.upack' (chunk index -1, root 'root:/') mounted
[2024.03.19-06.53.17:115][  0]LogShaderLibrary: Display: ShaderCodeLibraryPakFileMountedCallback: pending pak file info (ChunkID:-1 Root:root:/ File:C:/Program Files (x86)/UE4.27/UnrealEngine-4.27/FeaturePacks/TP_VehicleBP.upack)
[2024.03.19-06.53.17:115][  0]LogPakFile: OnPakFileMounted2Time == 0.000065
[2024.03.19-06.53.17:117][  0]LogPakFile: PakFile PrimaryIndexSize=192
[2024.03.19-06.53.17:117][  0]LogPakFile: PakFile PathHashIndexSize=101
[2024.03.19-06.53.17:117][  0]LogPakFile: PakFile FullDirectoryIndexSize=158
[2024.03.19-06.53.17:117][  0]LogShaderLibrary: Display: ShaderCodeLibraryPakFileMountedCallback: PakFile 'C:/Program Files (x86)/UE4.27/UnrealEngine-4.27/FeaturePacks/TP_VirtualRealityBP.upack' (chunk index -1, root 'root:/') mounted
[2024.03.19-06.53.17:117][  0]LogShaderLibrary: Display: ShaderCodeLibraryPakFileMountedCallback: pending pak file info (ChunkID:-1 Root:root:/ File:C:/Program Files (x86)/UE4.27/UnrealEngine-4.27/FeaturePacks/TP_VirtualRealityBP.upack)
[2024.03.19-06.53.17:117][  0]LogPakFile: OnPakFileMounted2Time == 0.000042
[2024.03.19-06.53.17:504][  0]LogNativeClassHierarchy: Verbose: Native class hierarchy updated for 'AddContentDialog' in 0.0002 seconds. Added 0 classes and 0 folders.
[2024.03.19-06.53.17:510][  0]LogNativeClassHierarchy: Verbose: Native class hierarchy updated for 'SceneOutliner' in 0.0003 seconds. Added 2 classes and 0 folders.
[2024.03.19-06.53.17:666][  0]LogSlate: Took 0.000681 seconds to synchronously load lazily loaded font '../../../Engine/Content/Slate/Fonts/Roboto-Regular.ttf' (155K)
[2024.03.19-06.53.17:675][  0]LogSlate: Took 0.008382 seconds to synchronously load lazily loaded font '../../../Engine/Content/Slate/Fonts/DroidSansFallback.ttf' (3848K)
[2024.03.19-06.53.18:142][  0]LogNativeClassHierarchy: Verbose: Native class hierarchy updated for 'HierarchicalLODOutliner' in 0.0003 seconds. Added 0 classes and 0 folders.
[2024.03.19-06.53.18:142][  0]LogLoad: (Engine Initialization) Total time: 14.63 seconds
[2024.03.19-06.53.18:142][  0]LogLoad: (Engine Initialization) Total Blueprint compile time: 0.00 seconds
[2024.03.19-06.53.18:190][  0]LogAssetRegistry: Asset discovery search completed in 9.5883 seconds
[2024.03.19-06.53.18:199][  0]LogCollectionManager: Fixed up redirectors for 0 collections in 0.000004 seconds (updated 0 objects)
[2024.03.19-06.53.18:202][  0]LogContentStreaming: Texture pool size now 1000 MB
[2024.03.19-06.53.18:209][  0]LogSlate: Took 0.000723 seconds to synchronously load lazily loaded font '../../../Engine/Content/Editor/Slate/Fonts/FontAwesome.ttf' (139K)
[2024.03.19-06.53.18:211][  0]LogSlate: Took 0.000709 seconds to synchronously load lazily loaded font '../../../Engine/Content/Slate/Fonts/Roboto-Bold.ttf' (160K)
[2024.03.19-06.53.18:215][  0]LogSlate: Took 0.000635 seconds to synchronously load lazily loaded font '../../../Engine/Content/Slate/Fonts/DroidSansMono.ttf' (77K)
[2024.03.19-06.53.18:341][  0]LogRenderer: Reallocating scene render targets to support 1104x492 Format 10 NumSamples 1 (Frame:1).
[2024.03.19-06.53.18:341][  0]LogSlate: Took 0.000756 seconds to synchronously load lazily loaded font '../../../Engine/Content/Slate/Fonts/Roboto-Light.ttf' (167K)
[2024.03.19-06.53.18:506][  2]LogActor: Warning: SetReplicates called on non-initialized actor BP_ServerWeaponBase_C_0. Directly setting bReplicates is the correct procedure for pre-init actors.
[2024.03.19-06.53.19:161][ 79]LogSlate: Took 0.000255 seconds to synchronously load lazily loaded font '../../../Engine/Content/Slate/Fonts/Roboto-Light.ttf' (167K)
[2024.03.19-06.54.41:183][759]LogScript: Warning: “无访问”正在尝试读取属性 CallFunc_TryGetPawnOwner_ReturnValue
	ABP_Character_C /Engine/Transient.World_4:PersistentLevel.SkeletalMeshActor_0.SkeletalMeshComponent0.ABP_Character_C_0
	Function /Game/NetShoot/Blueprint/Anim/ABP_Character.ABP_Character_C:ExecuteUbergraph_ABP_Character:01C7
[2024.03.19-06.54.41:183][759]LogScript: Warning: “无访问”正在尝试读取属性 K2Node_DynamicCast_AsBP_Attack_Base
	ABP_Character_C /Engine/Transient.World_4:PersistentLevel.SkeletalMeshActor_0.SkeletalMeshComponent0.ABP_Character_C_0
	Function /Game/NetShoot/Blueprint/Anim/ABP_Character.ABP_Character_C:ExecuteUbergraph_ABP_Character:0148
[2024.03.19-06.54.41:183][759]LogScript: Warning: 无访问
	ABP_Character_C /Engine/Transient.World_4:PersistentLevel.SkeletalMeshActor_0.SkeletalMeshComponent0.ABP_Character_C_0
	Function /Game/NetShoot/Blueprint/Anim/ABP_Character.ABP_Character_C:ExecuteUbergraph_ABP_Character:015D
[2024.03.19-06.54.41:183][759]LogScript: Warning: “无访问”正在尝试读取属性 CallFunc_TryGetPawnOwner_ReturnValue
	ABP_Character_C /Engine/Transient.World_4:PersistentLevel.SkeletalMeshActor_0.SkeletalMeshComponent0.ABP_Character_C_0
	Function /Game/NetShoot/Blueprint/Anim/ABP_Character.ABP_Character_C:ExecuteUbergraph_ABP_Character:003E
[2024.03.19-06.54.41:183][759]LogScript: Warning: “无访问”正在尝试读取属性 CallFunc_TryGetPawnOwner_ReturnValue
	ABP_Character_C /Engine/Transient.World_4:PersistentLevel.SkeletalMeshActor_0.SkeletalMeshComponent0.ABP_Character_C_0
	Function /Game/NetShoot/Blueprint/Anim/ABP_Character.ABP_Character_C:ExecuteUbergraph_ABP_Character:0070
[2024.03.19-06.54.46:449][331]LogAssetEditorSubsystem: Opening Asset editor for Blueprint /Game/NetShoot/Blueprint/Weapon/BP_ClientWeaponBase.BP_ClientWeaponBase
[2024.03.19-06.54.46:688][331]LogNativeClassHierarchy: Verbose: Native class hierarchy updated for 'BlueprintGraph' in 0.0007 seconds. Added 126 classes and 0 folders.
[2024.03.19-06.54.48:027][331]LogSlate: Took 0.000829 seconds to synchronously load lazily loaded font '../../../Engine/Content/Slate/Fonts/Roboto-BoldCondensed.ttf' (158K)
[2024.03.19-06.54.49:754][501]LogSlate: Took 0.000845 seconds to synchronously load lazily loaded font '../../../Engine/Content/Slate/Fonts/Roboto-Italic.ttf' (157K)
[2024.03.19-06.55.27:974][775]BlueprintLog: New page: 编译BP_ClientWeaponBase
[2024.03.19-06.55.28:008][775]LogUObjectHash: Compacting FUObjectHashTables data took   1.80ms
[2024.03.19-06.56.14:209][496]LogHttp: Warning: 000002A573E3B900: invalid HTTP response code received. URL: https://datarouter.ol.epicgames.com/datarouter/api/v1/public/data?SessionID=%7BAC9C03DB-40D4-E851-C221-B2887CA9E4CD%7D&AppID=UEEditor.UnrealEngine.Release&AppVersion=4.27.2-0%2B%2B%2BUE4%2BRelease-4.27&UserID=f61cec974bbe29c05ec7b2ba0361775e%7C4908a8cb310042098503c39bd6fc1007%7Cd12d3385-9d43-4bbc-8627-fc5be8e0e98f&AppEnvironment=datacollector-binary&UploadType=eteventstream, HTTP code: 0, content length: 0, actual payload size: 0
[2024.03.19-06.56.14:209][496]LogHttp: Warning: 000002A573E3B900: request failed, libcurl error: 0 (No error)
[2024.03.19-06.56.14:209][496]LogHttp: Warning: 000002A573E3B900: libcurl info message cache 0 (Found bundle for host datarouter.ol.epicgames.com: 0x2a505037eb0 [can pipeline])
[2024.03.19-06.56.14:209][496]LogHttp: Warning: 000002A573E3B900: libcurl info message cache 1 (Re-using existing connection! (#0) with host datarouter.ol.epicgames.com)
[2024.03.19-06.56.14:209][496]LogHttp: Warning: 000002A573E3B900: libcurl info message cache 2 (Connected to datarouter.ol.epicgames.com (34.198.195.143) port 443 (#0))
[2024.03.19-06.56.14:209][496]LogHttp: Warning: 000002A573E3B900: libcurl info message cache 3 (We are completely uploaded and fine)
[2024.03.19-06.56.14:209][496]LogHttp: Warning: 000002A573E3B900: libcurl info message cache 4 (TLSv1.2 (IN), TLS alert, Client hello (1):)
[2024.03.19-06.56.14:209][496]LogHttp: Warning: 000002A573E3B900: libcurl info message cache 5 (Connection died, retrying a fresh connect)
[2024.03.19-06.56.14:209][496]LogHttp: Warning: 000002A573E3B900: libcurl info message cache 6 (necessary data rewind wasn't possible)
[2024.03.19-06.56.14:209][496]LogHttp: Warning: 000002A573E3B900: libcurl info message cache 7 (Closing connection 0)
[2024.03.19-06.56.14:209][496]LogHttp: Warning: 000002A573E3B900: libcurl info message cache 8 (TLSv1.2 (OUT), TLS alert, Client hello (1):)
[2024.03.19-06.56.14:209][496]LogHttp: Warning: Retry exhausted on https://datarouter.ol.epicgames.com/datarouter/api/v1/public/data?SessionID=%7BAC9C03DB-40D4-E851-C221-B2887CA9E4CD%7D&AppID=UEEditor.UnrealEngine.Release&AppVersion=4.27.2-0%2B%2B%2BUE4%2BRelease-4.27&UserID=f61cec974bbe29c05ec7b2ba0361775e%7C4908a8cb310042098503c39bd6fc1007%7Cd12d3385-9d43-4bbc-8627-fc5be8e0e98f&AppEnvironment=datacollector-binary&UploadType=eteventstream
[2024.03.19-07.03.14:330][750]LogHttp: Warning: 000002A55E75AB00: invalid HTTP response code received. URL: https://datarouter.ol.epicgames.com/datarouter/api/v1/public/data?SessionID=%7BAC9C03DB-40D4-E851-C221-B2887CA9E4CD%7D&AppID=UEEditor.UnrealEngine.Release&AppVersion=4.27.2-0%2B%2B%2BUE4%2BRelease-4.27&UserID=f61cec974bbe29c05ec7b2ba0361775e%7C4908a8cb310042098503c39bd6fc1007%7Cd12d3385-9d43-4bbc-8627-fc5be8e0e98f&AppEnvironment=datacollector-binary&UploadType=eteventstream, HTTP code: 0, content length: 0, actual payload size: 0
[2024.03.19-07.03.14:330][750]LogHttp: Warning: 000002A55E75AB00: request failed, libcurl error: 0 (No error)
[2024.03.19-07.03.14:330][750]LogHttp: Warning: 000002A55E75AB00: libcurl info message cache 0 (Found bundle for host datarouter.ol.epicgames.com: 0x2a505037a90 [can pipeline])
[2024.03.19-07.03.14:330][750]LogHttp: Warning: 000002A55E75AB00: libcurl info message cache 1 (Re-using existing connection! (#2) with host datarouter.ol.epicgames.com)
[2024.03.19-07.03.14:330][750]LogHttp: Warning: 000002A55E75AB00: libcurl info message cache 2 (Connected to datarouter.ol.epicgames.com (18.232.228.150) port 443 (#2))
[2024.03.19-07.03.14:330][750]LogHttp: Warning: 000002A55E75AB00: libcurl info message cache 3 (We are completely uploaded and fine)
[2024.03.19-07.03.14:330][750]LogHttp: Warning: 000002A55E75AB00: libcurl info message cache 4 (TLSv1.2 (IN), TLS alert, Client hello (1):)
[2024.03.19-07.03.14:330][750]LogHttp: Warning: 000002A55E75AB00: libcurl info message cache 5 (Connection died, retrying a fresh connect)
[2024.03.19-07.03.14:330][750]LogHttp: Warning: 000002A55E75AB00: libcurl info message cache 6 (necessary data rewind wasn't possible)
[2024.03.19-07.03.14:330][750]LogHttp: Warning: 000002A55E75AB00: libcurl info message cache 7 (Closing connection 2)
[2024.03.19-07.03.14:330][750]LogHttp: Warning: 000002A55E75AB00: libcurl info message cache 8 (TLSv1.2 (OUT), TLS alert, Client hello (1):)
[2024.03.19-07.03.14:330][750]LogHttp: Warning: Retry exhausted on https://datarouter.ol.epicgames.com/datarouter/api/v1/public/data?SessionID=%7BAC9C03DB-40D4-E851-C221-B2887CA9E4CD%7D&AppID=UEEditor.UnrealEngine.Release&AppVersion=4.27.2-0%2B%2B%2BUE4%2BRelease-4.27&UserID=f61cec974bbe29c05ec7b2ba0361775e%7C4908a8cb310042098503c39bd6fc1007%7Cd12d3385-9d43-4bbc-8627-fc5be8e0e98f&AppEnvironment=datacollector-binary&UploadType=eteventstream
[2024.03.19-07.03.18:387][761]LogUObjectHash: Compacting FUObjectHashTables data took   1.95ms
[2024.03.19-07.03.18:390][761]LogFileHelpers: Editor autosave (incl. external actors) for '/Game/FirstPersonCPP/Maps/FirstPersonExampleMap' took 0.022
[2024.03.19-07.03.18:391][761]OBJ SavePackage: Generating thumbnails for [2] asset(s) in package [/Game/NetShoot/Blueprint/Weapon/BP_ClientWeaponBase] ([2] browsable assets)...
[2024.03.19-07.03.18:410][761]OBJ SavePackage:     Rendered thumbnail for [Blueprint /Game/NetShoot/Blueprint/Weapon/BP_ClientWeaponBase.BP_ClientWeaponBase]
[2024.03.19-07.03.18:442][761]OBJ SavePackage:     Rendered thumbnail for [BlueprintGeneratedClass /Game/NetShoot/Blueprint/Weapon/BP_ClientWeaponBase.BP_ClientWeaponBase_C]
[2024.03.19-07.03.18:442][761]OBJ SavePackage: Finished generating thumbnails for package [/Game/NetShoot/Blueprint/Weapon/BP_ClientWeaponBase]
[2024.03.19-07.03.18:452][761]LogSavePackage: Moving 'D:/GitHub/NetShootRewrite/Saved/BP_ClientWeaponBase_Auto1806870474194899510A53C9B25B9BE81.tmp' to 'D:/GitHub/NetShootRewrite/Saved/Autosaves/Game/NetShoot/Blueprint/Weapon/BP_ClientWeaponBase_Auto1.uasset'
[2024.03.19-07.03.18:477][761]LogFileHelpers: Auto-saving content packages took 0.087
