Log file open, 03/20/24 11:19:56
LogWindows: Failed to load 'aqProf.dll' (GetLastError=126)
LogWindows: File 'aqProf.dll' does not exist
LogWindows: Failed to load 'VtuneApi.dll' (GetLastError=126)
LogWindows: File 'VtuneApi.dll' does not exist
LogWindows: Failed to load 'VtuneApi32e.dll' (GetLastError=126)
LogWindows: File 'VtuneApi32e.dll' does not exist
LogConsoleResponse: Display: Failed to find resolution value strings in scalability ini. Falling back to default.
LogConsoleResponse: Display: Failed to find resolution value strings in scalability ini. Falling back to default.
LogInit: Display: Running engine for game: NetShootRewrite
LogPlatformFile: Not using cached read wrapper
LogTaskGraph: Started task graph with 5 named threads and 35 total threads with 3 sets of task threads.
LogStats: Stats thread started at 0.206780
LogICUInternationalization: ICU TimeZone Detection - Raw Offset: +8:00, Platform Override: ''
LogInit: Display: Loading text-based GConfig....
LogPluginManager: Mounting plugin MeshPainting
LogPluginManager: Mounting plugin XGEController
LogPluginManager: Mounting plugin Paper2D
LogPluginManager: Mounting plugin AISupport
LogPluginManager: Mounting plugin EnvironmentQueryEditor
LogPluginManager: Mounting plugin LightPropagationVolume
LogPluginManager: Mounting plugin LiveLink
LogPluginManager: Mounting plugin CameraShakePreviewer
LogPluginManager: Mounting plugin GameplayCameras
LogPluginManager: Mounting plugin OodleData
LogPluginManager: Mounting plugin OodleNetwork
LogPluginManager: Mounting plugin AssetManagerEditor
LogPluginManager: Mounting plugin CryptoKeys
LogPluginManager: Mounting plugin CurveEditorTools
LogPluginManager: Mounting plugin DataValidation
LogPluginManager: Mounting plugin FacialAnimation
LogPluginManager: Mounting plugin MacGraphicsSwitching
LogPluginManager: Mounting plugin GameplayTagsEditor
LogPluginManager: Mounting plugin GeometryMode
LogPluginManager: Mounting plugin MaterialAnalyzer
LogPluginManager: Mounting plugin MobileLauncherProfileWizard
LogPluginManager: Mounting plugin PluginBrowser
LogPluginManager: Mounting plugin AnimationSharing
LogPluginManager: Mounting plugin SpeedTreeImporter
LogPluginManager: Mounting plugin CLionSourceCodeAccess
LogPluginManager: Mounting plugin CodeLiteSourceCodeAccess
LogPluginManager: Mounting plugin GitSourceControl
LogPluginManager: Mounting plugin KDevelopSourceCodeAccess
LogPluginManager: Mounting plugin NullSourceCodeAccess
LogPluginManager: Mounting plugin PixWinPlugin
LogPluginManager: Mounting plugin PerforceSourceControl
LogPluginManager: Mounting plugin PlasticSourceControl
LogPluginManager: Mounting plugin PropertyAccessNode
LogPluginManager: Mounting plugin PluginUtils
LogPluginManager: Mounting plugin RiderSourceCodeAccess
LogPluginManager: Mounting plugin TextureFormatOodle
LogPluginManager: Mounting plugin SubversionSourceControl
LogPluginManager: Mounting plugin UObjectPlugin
LogPluginManager: Mounting plugin VisualStudioSourceCodeAccess
LogPluginManager: Mounting plugin XCodeSourceCodeAccess
LogPluginManager: Mounting plugin VisualStudioCodeSourceCodeAccess
LogPluginManager: Mounting plugin DatasmithContent
LogPluginManager: Mounting plugin Niagara
LogPluginManager: Mounting plugin VariantManagerContent
LogPluginManager: Mounting plugin AlembicImporter
LogPluginManager: Mounting plugin LuminPlatformFeatures
LogPluginManager: Mounting plugin MagicLeap
LogPluginManager: Mounting plugin AutomationUtils
LogPluginManager: Mounting plugin BackChannel
LogPluginManager: Mounting plugin MagicLeapLightEstimation
LogPluginManager: Mounting plugin MagicLeapMedia
LogPluginManager: Mounting plugin MagicLeapPassableWorld
LogPluginManager: Mounting plugin MLSDK
LogPluginManager: Mounting plugin ChaosCloth
LogPluginManager: Mounting plugin ChaosClothEditor
LogPluginManager: Mounting plugin ChaosEditor
LogPluginManager: Mounting plugin ChaosNiagara
LogPluginManager: Mounting plugin ChaosSolverPlugin
LogPluginManager: Mounting plugin CharacterAI
LogPluginManager: Mounting plugin GeometryCache
LogPluginManager: Mounting plugin GeometryCollectionPlugin
LogPluginManager: Mounting plugin GeometryProcessing
LogPluginManager: Mounting plugin MotoSynth
LogPluginManager: Mounting plugin OpenImageDenoise
LogPluginManager: Mounting plugin PlanarCut
LogPluginManager: Mounting plugin PlatformCrypto
LogPluginManager: Mounting plugin ProxyLODPlugin
LogPluginManager: Mounting plugin PythonScriptPlugin
LogPluginManager: Mounting plugin SkeletalReduction
LogPluginManager: Mounting plugin AndroidMedia
LogPluginManager: Mounting plugin AvfMedia
LogPluginManager: Mounting plugin ImgMedia
LogPluginManager: Mounting plugin MediaCompositing
LogPluginManager: Mounting plugin MediaPlayerEditor
LogPluginManager: Mounting plugin WebMMedia
LogPluginManager: Mounting plugin WmfMedia
LogPluginManager: Mounting plugin UdpMessaging
LogPluginManager: Mounting plugin TcpMessaging
LogPluginManager: Mounting plugin ActorSequence
LogPluginManager: Mounting plugin LevelSequenceEditor
LogPluginManager: Mounting plugin MatineeToLevelSequence
LogPluginManager: Mounting plugin TemplateSequence
LogPluginManager: Mounting plugin OnlineSubsystem
LogPluginManager: Mounting plugin OnlineSubsystemNull
LogPluginManager: Mounting plugin LauncherChunkInstaller
LogPluginManager: Mounting plugin ActorLayerUtilities
LogPluginManager: Mounting plugin OnlineSubsystemUtils
LogPluginManager: Mounting plugin AndroidMoviePlayer
LogPluginManager: Mounting plugin AndroidPermission
LogPluginManager: Mounting plugin AppleImageUtils
LogPluginManager: Mounting plugin AppleMoviePlayer
LogPluginManager: Mounting plugin AssetTags
LogPluginManager: Mounting plugin AndroidDeviceProfileSelector
LogPluginManager: Mounting plugin AudioCapture
LogPluginManager: Mounting plugin ArchVisCharacter
LogPluginManager: Mounting plugin AudioSynesthesia
LogPluginManager: Mounting plugin ChunkDownloader
LogPluginManager: Mounting plugin EditableMesh
LogPluginManager: Mounting plugin CableComponent
LogPluginManager: Mounting plugin GoogleCloudMessaging
LogPluginManager: Mounting plugin CustomMeshComponent
LogPluginManager: Mounting plugin GooglePAD
LogPluginManager: Mounting plugin ExampleDeviceProfileSelector
LogPluginManager: Mounting plugin IOSDeviceProfileSelector
LogPluginManager: Mounting plugin LinuxDeviceProfileSelector
LogPluginManager: Mounting plugin LocationServicesBPLibrary
LogPluginManager: Mounting plugin MobilePatchingUtils
LogPluginManager: Mounting plugin OpenXR
LogPluginManager: Mounting plugin OpenXRHandTracking
LogPluginManager: Mounting plugin OpenXREyeTracker
LogPluginManager: Mounting plugin PhysXVehicles
LogPluginManager: Mounting plugin PostSplashScreen
LogPluginManager: Mounting plugin ScreenshotTools
LogPluginManager: Mounting plugin ProceduralMeshComponent
LogPluginManager: Mounting plugin PropertyAccessEditor
LogPluginManager: Mounting plugin RuntimePhysXCooking
LogPluginManager: Mounting plugin SignificanceManager
LogPluginManager: Mounting plugin SoundFields
LogPluginManager: Mounting plugin Synthesis
LogPluginManager: Mounting plugin WindowsMoviePlayer
LogPluginManager: Mounting plugin WebMMoviePlayer
LogPluginManager: Mounting plugin Takes
LogPluginManager: Mounting plugin ContentBrowserClassDataSource
LogPluginManager: Mounting plugin ContentBrowserAssetDataSource
LogPluginManager: Mounting plugin ContentBrowserFileDataSource
LogPluginManager: Mounting plugin RiderLink
LogPluginManager: Mounting plugin OnlineSubsystemIOS
LogPluginManager: Mounting plugin OnlineSubsystemGooglePlay
LogPluginManager: Mounting plugin OculusVR
LogPluginManager: Mounting plugin SteamVR
PixWinPlugin: PIX capture plugin failed to initialize! Check that the process is launched from PIX.
LogInit: Using libcurl 7.55.1-DEV
LogInit:  - built for x86_64-pc-win32
LogInit:  - supports SSL with OpenSSL/1.1.1
LogInit:  - supports HTTP deflate (compression) using libz 1.2.8
LogInit:  - other features:
LogInit:      CURL_VERSION_SSL
LogInit:      CURL_VERSION_LIBZ
LogInit:      CURL_VERSION_IPV6
LogInit:      CURL_VERSION_ASYNCHDNS
LogInit:      CURL_VERSION_LARGEFILE
LogInit:      CURL_VERSION_IDN
LogInit:  CurlRequestOptions (configurable via config and command line):
LogInit:  - bVerifyPeer = true  - Libcurl will verify peer certificate
LogInit:  - bUseHttpProxy = false  - Libcurl will NOT use HTTP proxy
LogInit:  - bDontReuseConnections = false  - Libcurl will reuse connections
LogInit:  - MaxHostConnections = 16  - Libcurl will limit the number of connections to a host
LogInit:  - LocalHostAddr = Default
LogInit:  - BufferSize = 65536
LogOnline: OSS: Creating online subsystem instance for: NULL
LogInit: WinSock: version 1.1 (2.2), MaxSocks=32767, MaxUdp=65467
LogOnline: OSS: TryLoadSubsystemAndSetDefault: Loaded subsystem for module [NULL]
LogOculusPluginWrapper: OculusPlugin initialized successfully
LogHMD: Failed initializing OVRPlugin 1.59.0
LogInit: Build: ++UE4+Release-4.27-CL-0
LogInit: Engine Version: 4.27.2-0+++UE4+Release-4.27
LogInit: Compatible Engine Version: 4.27.0-0+++UE4+Release-4.27
LogInit: Net CL: 0
LogInit: OS: Windows 10 (Release 2009) (), CPU: Intel(R) Core(TM) i7-8700 CPU @ 3.20GHz, GPU: NVIDIA GeForce GTX 1660 Ti
LogInit: Compiled (64-bit): Mar 12 2024 21:46:05
LogInit: Compiled with Visual C++: 19.39.33521.00
LogInit: Build Configuration: Development
LogInit: Branch Name: ++UE4+Release-4.27
LogInit: Command Line:  -skipcompile
LogInit: Base Directory: C:/Program Files (x86)/UE4.27/UnrealEngine-4.27/Engine/Binaries/Win64/
LogInit: Allocator: TBB
LogInit: Installed Engine Build: 0
LogDevObjectVersion: Number of dev versions registered: 29
LogDevObjectVersion:   Dev-Blueprints (B0D832E4-1F89-4F0D-ACCF-7EB736FD4AA2): 10
LogDevObjectVersion:   Dev-Build (E1C64328-A22C-4D53-A36C-8E866417BD8C): 0
LogDevObjectVersion:   Dev-Core (375EC13C-06E4-48FB-B500-84F0262A717E): 4
LogDevObjectVersion:   Dev-Editor (E4B068ED-F494-42E9-A231-DA0B2E46BB41): 40
LogDevObjectVersion:   Dev-Framework (CFFC743F-43B0-4480-9391-14DF171D2073): 37
LogDevObjectVersion:   Dev-Mobile (B02B49B5-BB20-44E9-A304-32B752E40360): 3
LogDevObjectVersion:   Dev-Networking (A4E4105C-59A1-49B5-A7C5-40C4547EDFEE): 0
LogDevObjectVersion:   Dev-Online (39C831C9-5AE6-47DC-9A44-9C173E1C8E7C): 0
LogDevObjectVersion:   Dev-Physics (78F01B33-EBEA-4F98-B9B4-84EACCB95AA2): 14
LogDevObjectVersion:   Dev-Platform (6631380F-2D4D-43E0-8009-CF276956A95A): 0
LogDevObjectVersion:   Dev-Rendering (12F88B9F-8875-4AFC-A67C-D90C383ABD29): 45
LogDevObjectVersion:   Dev-Sequencer (7B5AE74C-D270-4C10-A958-57980B212A5A): 13
LogDevObjectVersion:   Dev-VR (D7296918-1DD6-4BDD-9DE2-64A83CC13884): 3
LogDevObjectVersion:   Dev-LoadTimes (C2A15278-BFE7-4AFE-6C17-90FF531DF755): 1
LogDevObjectVersion:   Private-Geometry (6EACA3D4-40EC-4CC1-B786-8BED09428FC5): 3
LogDevObjectVersion:   Dev-AnimPhys (29E575DD-E0A3-4627-9D10-D276232CDCEA): 17
LogDevObjectVersion:   Dev-Anim (AF43A65D-7FD3-4947-9873-3E8ED9C1BB05): 15
LogDevObjectVersion:   Dev-ReflectionCapture (6B266CEC-1EC7-4B8F-A30B-E4D90942FC07): 1
LogDevObjectVersion:   Dev-Automation (0DF73D61-A23F-47EA-B727-89E90C41499A): 1
LogDevObjectVersion:   FortniteMain (601D1886-AC64-4F84-AA16-D3DE0DEAC7D6): 47
LogDevObjectVersion:   FortniteRelease (E7086368-6B23-4C58-8439-1B7016265E91): 1
LogDevObjectVersion:   Dev-Enterprise (9DFFBCD6-494F-0158-E221-12823C92A888): 10
LogDevObjectVersion:   Dev-Niagara (F2AED0AC-9AFE-416F-8664-AA7FFA26D6FC): 1
LogDevObjectVersion:   Dev-Destruction (174F1F0B-B4C6-45A5-B13F-2EE8D0FB917D): 10
LogDevObjectVersion:   Dev-Physics-Ext (35F94A83-E258-406C-A318-09F59610247C): 41
LogDevObjectVersion:   Dev-PhysicsMaterial-Chaos (B68FC16E-8B1B-42E2-B453-215C058844FE): 1
LogDevObjectVersion:   Dev-CineCamera (B2E18506-4273-CFC2-A54E-F4BB758BBA07): 1
LogDevObjectVersion:   Dev-VirtualProduction (64F58936-FD1B-42BA-BA96-7289D5D0FA4E): 1
LogDevObjectVersion:   Dev-MediaFramework (6F0ED827-A609-4895-9C91-998D90180EA4): 2
LogInit: Presizing for max 25165824 objects, including 0 objects not considered by GC, pre-allocating 0 bytes for permanent pool.
LogConfig: Applying CVar settings from Section [/Script/Engine.StreamingSettings] File [D:/GitHub/NetShootRewrite/Saved/Config/Windows/Engine.ini]
LogConfig: Setting CVar [[s.MinBulkDataSizeForAsyncLoading:131072]]
LogConfig: Setting CVar [[s.AsyncLoadingThreadEnabled:0]]
LogConfig: Setting CVar [[s.EventDrivenLoaderEnabled:1]]
LogConfig: Setting CVar [[s.WarnIfTimeLimitExceeded:0]]
LogConfig: Setting CVar [[s.TimeLimitExceededMultiplier:1.5]]
LogConfig: Setting CVar [[s.TimeLimitExceededMinTime:0.005]]
LogConfig: Setting CVar [[s.UseBackgroundLevelStreaming:1]]
LogConfig: Setting CVar [[s.PriorityAsyncLoadingExtraTime:15.0]]
LogConfig: Setting CVar [[s.LevelStreamingActorsUpdateTimeLimit:5.0]]
LogConfig: Setting CVar [[s.PriorityLevelStreamingActorsUpdateExtraTime:5.0]]
LogConfig: Setting CVar [[s.LevelStreamingComponentsRegistrationGranularity:10]]
LogConfig: Setting CVar [[s.UnregisterComponentsTimeLimit:1.0]]
LogConfig: Setting CVar [[s.LevelStreamingComponentsUnregistrationGranularity:5]]
LogConfig: Setting CVar [[s.FlushStreamingOnExit:1]]
LogInit: Object subsystem initialized
LogConfig: Setting CVar [[con.DebugEarlyDefault:1]]
LogConfig: Setting CVar [[r.setres:1280x720]]
[2024.03.20-03.19.57:140][  0]LogConfig: Setting CVar [[r.VSync:0]]
[2024.03.20-03.19.57:140][  0]LogConfig: Setting CVar [[r.RHICmdBypass:0]]
[2024.03.20-03.19.57:140][  0]LogConfig: Applying CVar settings from Section [/Script/Engine.RendererSettings] File [D:/GitHub/NetShootRewrite/Saved/Config/Windows/Engine.ini]
[2024.03.20-03.19.57:140][  0]LogConfig: Setting CVar [[r.GPUCrashDebugging:0]]
[2024.03.20-03.19.57:140][  0]LogConfig: Applying CVar settings from Section [/Script/Engine.RendererOverrideSettings] File [D:/GitHub/NetShootRewrite/Saved/Config/Windows/Engine.ini]
[2024.03.20-03.19.57:140][  0]LogConfig: Applying CVar settings from Section [/Script/Engine.StreamingSettings] File [D:/GitHub/NetShootRewrite/Saved/Config/Windows/Engine.ini]
[2024.03.20-03.19.57:140][  0]LogConfig: Setting CVar [[s.MinBulkDataSizeForAsyncLoading:131072]]
[2024.03.20-03.19.57:140][  0]LogConfig: Setting CVar [[s.AsyncLoadingThreadEnabled:0]]
[2024.03.20-03.19.57:140][  0]LogConfig: Setting CVar [[s.EventDrivenLoaderEnabled:1]]
[2024.03.20-03.19.57:140][  0]LogConfig: Setting CVar [[s.WarnIfTimeLimitExceeded:0]]
[2024.03.20-03.19.57:140][  0]LogConfig: Setting CVar [[s.TimeLimitExceededMultiplier:1.5]]
[2024.03.20-03.19.57:140][  0]LogConfig: Setting CVar [[s.TimeLimitExceededMinTime:0.005]]
[2024.03.20-03.19.57:140][  0]LogConfig: Setting CVar [[s.UseBackgroundLevelStreaming:1]]
[2024.03.20-03.19.57:140][  0]LogConfig: Setting CVar [[s.PriorityAsyncLoadingExtraTime:15.0]]
[2024.03.20-03.19.57:140][  0]LogConfig: Setting CVar [[s.LevelStreamingActorsUpdateTimeLimit:5.0]]
[2024.03.20-03.19.57:140][  0]LogConfig: Setting CVar [[s.PriorityLevelStreamingActorsUpdateExtraTime:5.0]]
[2024.03.20-03.19.57:140][  0]LogConfig: Setting CVar [[s.LevelStreamingComponentsRegistrationGranularity:10]]
[2024.03.20-03.19.57:140][  0]LogConfig: Setting CVar [[s.UnregisterComponentsTimeLimit:1.0]]
[2024.03.20-03.19.57:140][  0]LogConfig: Setting CVar [[s.LevelStreamingComponentsUnregistrationGranularity:5]]
[2024.03.20-03.19.57:140][  0]LogConfig: Setting CVar [[s.FlushStreamingOnExit:1]]
[2024.03.20-03.19.57:140][  0]LogConfig: Applying CVar settings from Section [/Script/Engine.GarbageCollectionSettings] File [D:/GitHub/NetShootRewrite/Saved/Config/Windows/Engine.ini]
[2024.03.20-03.19.57:140][  0]LogConfig: Setting CVar [[gc.MaxObjectsNotConsideredByGC:1]]
[2024.03.20-03.19.57:140][  0]LogConfig: Setting CVar [[gc.SizeOfPermanentObjectPool:0]]
[2024.03.20-03.19.57:140][  0]LogConfig: Setting CVar [[gc.FlushStreamingOnGC:0]]
[2024.03.20-03.19.57:140][  0]LogConfig: Setting CVar [[gc.NumRetriesBeforeForcingGC:10]]
[2024.03.20-03.19.57:140][  0]LogConfig: Setting CVar [[gc.AllowParallelGC:1]]
[2024.03.20-03.19.57:140][  0]LogConfig: Setting CVar [[gc.TimeBetweenPurgingPendingKillObjects:61.1]]
[2024.03.20-03.19.57:140][  0]LogConfig: Setting CVar [[gc.MaxObjectsInEditor:25165824]]
[2024.03.20-03.19.57:140][  0]LogConfig: Setting CVar [[gc.IncrementalBeginDestroyEnabled:1]]
[2024.03.20-03.19.57:140][  0]LogConfig: Setting CVar [[gc.CreateGCClusters:1]]
[2024.03.20-03.19.57:140][  0]LogConfig: Setting CVar [[gc.MinGCClusterSize:5]]
[2024.03.20-03.19.57:140][  0]LogConfig: Setting CVar [[gc.ActorClusteringEnabled:0]]
[2024.03.20-03.19.57:140][  0]LogConfig: Setting CVar [[gc.BlueprintClusteringEnabled:0]]
[2024.03.20-03.19.57:140][  0]LogConfig: Setting CVar [[gc.UseDisregardForGCOnDedicatedServers:0]]
[2024.03.20-03.19.57:140][  0]LogConfig: Setting CVar [[gc.MultithreadedDestructionEnabled:1]]
[2024.03.20-03.19.57:140][  0]LogConfig: Applying CVar settings from Section [/Script/Engine.NetworkSettings] File [D:/GitHub/NetShootRewrite/Saved/Config/Windows/Engine.ini]
[2024.03.20-03.19.57:140][  0]LogConfig: Applying CVar settings from Section [/Script/UnrealEd.CookerSettings] File [D:/GitHub/NetShootRewrite/Saved/Config/Windows/Engine.ini]
[2024.03.20-03.19.57:179][  0]LogConfig: Applying CVar settings from Section [ViewDistanceQuality@3] File [D:/GitHub/NetShootRewrite/Saved/Config/Windows/Scalability.ini]
[2024.03.20-03.19.57:179][  0]LogConfig: Setting CVar [[r.SkeletalMeshLODBias:0]]
[2024.03.20-03.19.57:179][  0]LogConfig: Setting CVar [[r.ViewDistanceScale:1.0]]
[2024.03.20-03.19.57:179][  0]LogConfig: Applying CVar settings from Section [AntiAliasingQuality@3] File [D:/GitHub/NetShootRewrite/Saved/Config/Windows/Scalability.ini]
[2024.03.20-03.19.57:179][  0]LogConfig: Setting CVar [[r.PostProcessAAQuality:4]]
[2024.03.20-03.19.57:179][  0]LogConfig: Applying CVar settings from Section [ShadowQuality@3] File [D:/GitHub/NetShootRewrite/Saved/Config/Windows/Scalability.ini]
[2024.03.20-03.19.57:179][  0]LogConfig: Setting CVar [[r.LightFunctionQuality:1]]
[2024.03.20-03.19.57:179][  0]LogConfig: Setting CVar [[r.ShadowQuality:5]]
[2024.03.20-03.19.57:179][  0]LogConfig: Setting CVar [[r.Shadow.CSM.MaxCascades:10]]
[2024.03.20-03.19.57:179][  0]LogConfig: Setting CVar [[r.Shadow.MaxResolution:2048]]
[2024.03.20-03.19.57:179][  0]LogConfig: Setting CVar [[r.Shadow.MaxCSMResolution:2048]]
[2024.03.20-03.19.57:179][  0]LogConfig: Setting CVar [[r.Shadow.RadiusThreshold:0.01]]
[2024.03.20-03.19.57:179][  0]LogConfig: Setting CVar [[r.Shadow.DistanceScale:1.0]]
[2024.03.20-03.19.57:179][  0]LogConfig: Setting CVar [[r.Shadow.CSM.TransitionScale:1.0]]
[2024.03.20-03.19.57:179][  0]LogConfig: Setting CVar [[r.Shadow.PreShadowResolutionFactor:1.0]]
[2024.03.20-03.19.57:179][  0]LogConfig: Setting CVar [[r.DistanceFieldShadowing:1]]
[2024.03.20-03.19.57:179][  0]LogConfig: Setting CVar [[r.DistanceFieldAO:1]]
[2024.03.20-03.19.57:180][  0]LogConfig: Setting CVar [[r.AOQuality:2]]
[2024.03.20-03.19.57:180][  0]LogConfig: Setting CVar [[r.VolumetricFog:1]]
[2024.03.20-03.19.57:180][  0]LogConfig: Setting CVar [[r.VolumetricFog.GridPixelSize:8]]
[2024.03.20-03.19.57:180][  0]LogConfig: Setting CVar [[r.VolumetricFog.GridSizeZ:128]]
[2024.03.20-03.19.57:180][  0]LogConfig: Setting CVar [[r.VolumetricFog.HistoryMissSupersampleCount:4]]
[2024.03.20-03.19.57:180][  0]LogConfig: Setting CVar [[r.LightMaxDrawDistanceScale:1]]
[2024.03.20-03.19.57:180][  0]LogConfig: Setting CVar [[r.CapsuleShadows:1]]
[2024.03.20-03.19.57:180][  0]LogConfig: Applying CVar settings from Section [PostProcessQuality@3] File [D:/GitHub/NetShootRewrite/Saved/Config/Windows/Scalability.ini]
[2024.03.20-03.19.57:180][  0]LogConfig: Setting CVar [[r.MotionBlurQuality:4]]
[2024.03.20-03.19.57:180][  0]LogConfig: Setting CVar [[r.AmbientOcclusionMipLevelFactor:0.4]]
[2024.03.20-03.19.57:180][  0]LogConfig: Setting CVar [[r.AmbientOcclusionMaxQuality:100]]
[2024.03.20-03.19.57:180][  0]LogConfig: Setting CVar [[r.AmbientOcclusionLevels:-1]]
[2024.03.20-03.19.57:180][  0]LogConfig: Setting CVar [[r.AmbientOcclusionRadiusScale:1.0]]
[2024.03.20-03.19.57:180][  0]LogConfig: Setting CVar [[r.DepthOfFieldQuality:2]]
[2024.03.20-03.19.57:180][  0]LogConfig: Setting CVar [[r.RenderTargetPoolMin:400]]
[2024.03.20-03.19.57:180][  0]LogConfig: Setting CVar [[r.LensFlareQuality:2]]
[2024.03.20-03.19.57:180][  0]LogConfig: Setting CVar [[r.SceneColorFringeQuality:1]]
[2024.03.20-03.19.57:180][  0]LogConfig: Setting CVar [[r.EyeAdaptationQuality:2]]
[2024.03.20-03.19.57:180][  0]LogConfig: Setting CVar [[r.BloomQuality:5]]
[2024.03.20-03.19.57:180][  0]LogConfig: Setting CVar [[r.FastBlurThreshold:100]]
[2024.03.20-03.19.57:180][  0]LogConfig: Setting CVar [[r.Upscale.Quality:3]]
[2024.03.20-03.19.57:180][  0]LogConfig: Setting CVar [[r.Tonemapper.GrainQuantization:1]]
[2024.03.20-03.19.57:180][  0]LogConfig: Setting CVar [[r.LightShaftQuality:1]]
[2024.03.20-03.19.57:180][  0]LogConfig: Setting CVar [[r.Filter.SizeScale:1]]
[2024.03.20-03.19.57:180][  0]LogConfig: Setting CVar [[r.Tonemapper.Quality:5]]
[2024.03.20-03.19.57:180][  0]LogConfig: Setting CVar [[r.DOF.Gather.AccumulatorQuality:1        ; higher gathering accumulator quality]]
[2024.03.20-03.19.57:180][  0]LogConfig: Setting CVar [[r.DOF.Gather.PostfilterMethod:1          ; Median3x3 postfilering method]]
[2024.03.20-03.19.57:180][  0]LogConfig: Setting CVar [[r.DOF.Gather.EnableBokehSettings:0       ; no bokeh simulation when gathering]]
[2024.03.20-03.19.57:180][  0]LogConfig: Setting CVar [[r.DOF.Gather.RingCount:4                 ; medium number of samples when gathering]]
[2024.03.20-03.19.57:180][  0]LogConfig: Setting CVar [[r.DOF.Scatter.ForegroundCompositing:1    ; additive foreground scattering]]
[2024.03.20-03.19.57:180][  0]LogConfig: Setting CVar [[r.DOF.Scatter.BackgroundCompositing:2    ; additive background scattering]]
[2024.03.20-03.19.57:180][  0]LogConfig: Setting CVar [[r.DOF.Scatter.EnableBokehSettings:1      ; bokeh simulation when scattering]]
[2024.03.20-03.19.57:180][  0]LogConfig: Setting CVar [[r.DOF.Scatter.MaxSpriteRatio:0.1         ; only a maximum of 10% of scattered bokeh]]
[2024.03.20-03.19.57:180][  0]LogConfig: Setting CVar [[r.DOF.Recombine.Quality:1                ; cheap slight out of focus]]
[2024.03.20-03.19.57:180][  0]LogConfig: Setting CVar [[r.DOF.Recombine.EnableBokehSettings:0    ; no bokeh simulation on slight out of focus]]
[2024.03.20-03.19.57:180][  0]LogConfig: Setting CVar [[r.DOF.TemporalAAQuality:1                ; more stable temporal accumulation]]
[2024.03.20-03.19.57:180][  0]LogConfig: Setting CVar [[r.DOF.Kernel.MaxForegroundRadius:0.025]]
[2024.03.20-03.19.57:180][  0]LogConfig: Setting CVar [[r.DOF.Kernel.MaxBackgroundRadius:0.025]]
[2024.03.20-03.19.57:180][  0]LogConfig: Applying CVar settings from Section [TextureQuality@3] File [D:/GitHub/NetShootRewrite/Saved/Config/Windows/Scalability.ini]
[2024.03.20-03.19.57:180][  0]LogConfig: Setting CVar [[r.Streaming.MipBias:0]]
[2024.03.20-03.19.57:180][  0]LogConfig: Setting CVar [[r.Streaming.AmortizeCPUToGPUCopy:0]]
[2024.03.20-03.19.57:180][  0]LogConfig: Setting CVar [[r.Streaming.MaxNumTexturesToStreamPerFrame:0]]
[2024.03.20-03.19.57:180][  0]LogConfig: Setting CVar [[r.Streaming.Boost:1]]
[2024.03.20-03.19.57:180][  0]LogConfig: Setting CVar [[r.MaxAnisotropy:8]]
[2024.03.20-03.19.57:180][  0]LogConfig: Setting CVar [[r.VT.MaxAnisotropy:8]]
[2024.03.20-03.19.57:180][  0]LogConfig: Setting CVar [[r.Streaming.LimitPoolSizeToVRAM:0]]
[2024.03.20-03.19.57:180][  0]LogConfig: Setting CVar [[r.Streaming.PoolSize:1000]]
[2024.03.20-03.19.57:180][  0]LogConfig: Setting CVar [[r.Streaming.MaxEffectiveScreenSize:0]]
[2024.03.20-03.19.57:180][  0]LogConfig: Applying CVar settings from Section [EffectsQuality@3] File [D:/GitHub/NetShootRewrite/Saved/Config/Windows/Scalability.ini]
[2024.03.20-03.19.57:180][  0]LogConfig: Setting CVar [[r.TranslucencyLightingVolumeDim:64]]
[2024.03.20-03.19.57:180][  0]LogConfig: Setting CVar [[r.RefractionQuality:2]]
[2024.03.20-03.19.57:180][  0]LogConfig: Setting CVar [[r.SSR.Quality:3]]
[2024.03.20-03.19.57:180][  0]LogConfig: Setting CVar [[r.SSR.HalfResSceneColor:0]]
[2024.03.20-03.19.57:180][  0]LogConfig: Setting CVar [[r.SceneColorFormat:4]]
[2024.03.20-03.19.57:180][  0]LogConfig: Setting CVar [[r.DetailMode:2]]
[2024.03.20-03.19.57:180][  0]LogConfig: Setting CVar [[r.TranslucencyVolumeBlur:1]]
[2024.03.20-03.19.57:180][  0]LogConfig: Setting CVar [[r.MaterialQualityLevel:1 ; High quality]]
[2024.03.20-03.19.57:180][  0]LogConfig: Setting CVar [[r.AnisotropicMaterials:1]]
[2024.03.20-03.19.57:180][  0]LogConfig: Setting CVar [[r.SSS.Scale:1]]
[2024.03.20-03.19.57:180][  0]LogConfig: Setting CVar [[r.SSS.SampleSet:2]]
[2024.03.20-03.19.57:180][  0]LogConfig: Setting CVar [[r.SSS.Quality:1]]
[2024.03.20-03.19.57:180][  0]LogConfig: Setting CVar [[r.SSS.HalfRes:0]]
[2024.03.20-03.19.57:180][  0]LogConfig: Setting CVar [[r.SSGI.Quality:3]]
[2024.03.20-03.19.57:180][  0]LogConfig: Setting CVar [[r.EmitterSpawnRateScale:1.0]]
[2024.03.20-03.19.57:180][  0]LogConfig: Setting CVar [[r.ParticleLightQuality:2]]
[2024.03.20-03.19.57:180][  0]LogConfig: Setting CVar [[r.SkyAtmosphere.AerialPerspectiveLUT.FastApplyOnOpaque:1 ; Always have FastSkyLUT 1 in this case to avoid wrong sky]]
[2024.03.20-03.19.57:180][  0]LogConfig: Setting CVar [[r.SkyAtmosphere.AerialPerspectiveLUT.SampleCountMaxPerSlice:4]]
[2024.03.20-03.19.57:180][  0]LogConfig: Setting CVar [[r.SkyAtmosphere.AerialPerspectiveLUT.DepthResolution:16.0]]
[2024.03.20-03.19.57:180][  0]LogConfig: Setting CVar [[r.SkyAtmosphere.FastSkyLUT:1]]
[2024.03.20-03.19.57:180][  0]LogConfig: Setting CVar [[r.SkyAtmosphere.FastSkyLUT.SampleCountMin:4.0]]
[2024.03.20-03.19.57:180][  0]LogConfig: Setting CVar [[r.SkyAtmosphere.FastSkyLUT.SampleCountMax:128.0]]
[2024.03.20-03.19.57:180][  0]LogConfig: Setting CVar [[r.SkyAtmosphere.SampleCountMin:4.0]]
[2024.03.20-03.19.57:180][  0]LogConfig: Setting CVar [[r.SkyAtmosphere.SampleCountMax:128.0]]
[2024.03.20-03.19.57:180][  0]LogConfig: Setting CVar [[r.SkyAtmosphere.TransmittanceLUT.UseSmallFormat:0]]
[2024.03.20-03.19.57:180][  0]LogConfig: Setting CVar [[r.SkyAtmosphere.TransmittanceLUT.SampleCount:10.0]]
[2024.03.20-03.19.57:180][  0]LogConfig: Setting CVar [[r.SkyAtmosphere.MultiScatteringLUT.SampleCount:15.0]]
[2024.03.20-03.19.57:180][  0]LogConfig: Setting CVar [[r.SkyLight.RealTimeReflectionCapture:1]]
[2024.03.20-03.19.57:180][  0]LogConfig: Applying CVar settings from Section [FoliageQuality@3] File [D:/GitHub/NetShootRewrite/Saved/Config/Windows/Scalability.ini]
[2024.03.20-03.19.57:180][  0]LogConfig: Setting CVar [[foliage.DensityScale:1.0]]
[2024.03.20-03.19.57:180][  0]LogConfig: Setting CVar [[grass.DensityScale:1.0]]
[2024.03.20-03.19.57:180][  0]LogConfig: Applying CVar settings from Section [ShadingQuality@3] File [D:/GitHub/NetShootRewrite/Saved/Config/Windows/Scalability.ini]
[2024.03.20-03.19.57:180][  0]LogConfig: Setting CVar [[r.HairStrands.SkyLighting.IntegrationType:2]]
[2024.03.20-03.19.57:180][  0]LogConfig: Setting CVar [[r.HairStrands.SkyAO.SampleCount:4]]
[2024.03.20-03.19.57:180][  0]LogConfig: Setting CVar [[r.HairStrands.Visibility.MSAA.SamplePerPixel:4]]
[2024.03.20-03.19.57:180][  0]LogInit: Selected Device Profile: [Windows]
[2024.03.20-03.19.57:180][  0]LogInit: Applying CVar settings loaded from the selected device profile: [Windows]
[2024.03.20-03.19.57:181][  0]LogHAL: Display: Platform has ~ 16 GB [17105735680 / 17179869184 / 16], which maps to Larger [LargestMinGB=32, LargerMinGB=12, DefaultMinGB=8, SmallerMinGB=6, SmallestMinGB=0)
[2024.03.20-03.19.57:181][  0]LogInit: Going up to parent DeviceProfile []
[2024.03.20-03.19.57:181][  0]LogConfig: Applying CVar settings from Section [ViewDistanceQuality@3] File [D:/GitHub/NetShootRewrite/Saved/Config/Windows/Scalability.ini]
[2024.03.20-03.19.57:181][  0]LogConfig: Setting CVar [[r.SkeletalMeshLODBias:0]]
[2024.03.20-03.19.57:181][  0]LogConfig: Setting CVar [[r.ViewDistanceScale:1.0]]
[2024.03.20-03.19.57:181][  0]LogConfig: Applying CVar settings from Section [AntiAliasingQuality@3] File [D:/GitHub/NetShootRewrite/Saved/Config/Windows/Scalability.ini]
[2024.03.20-03.19.57:181][  0]LogConfig: Setting CVar [[r.PostProcessAAQuality:4]]
[2024.03.20-03.19.57:181][  0]LogConfig: Applying CVar settings from Section [ShadowQuality@3] File [D:/GitHub/NetShootRewrite/Saved/Config/Windows/Scalability.ini]
[2024.03.20-03.19.57:181][  0]LogConfig: Setting CVar [[r.LightFunctionQuality:1]]
[2024.03.20-03.19.57:181][  0]LogConfig: Setting CVar [[r.ShadowQuality:5]]
[2024.03.20-03.19.57:181][  0]LogConfig: Setting CVar [[r.Shadow.CSM.MaxCascades:10]]
[2024.03.20-03.19.57:181][  0]LogConfig: Setting CVar [[r.Shadow.MaxResolution:2048]]
[2024.03.20-03.19.57:181][  0]LogConfig: Setting CVar [[r.Shadow.MaxCSMResolution:2048]]
[2024.03.20-03.19.57:181][  0]LogConfig: Setting CVar [[r.Shadow.RadiusThreshold:0.01]]
[2024.03.20-03.19.57:181][  0]LogConfig: Setting CVar [[r.Shadow.DistanceScale:1.0]]
[2024.03.20-03.19.57:181][  0]LogConfig: Setting CVar [[r.Shadow.CSM.TransitionScale:1.0]]
[2024.03.20-03.19.57:181][  0]LogConfig: Setting CVar [[r.Shadow.PreShadowResolutionFactor:1.0]]
[2024.03.20-03.19.57:181][  0]LogConfig: Setting CVar [[r.DistanceFieldShadowing:1]]
[2024.03.20-03.19.57:181][  0]LogConfig: Setting CVar [[r.DistanceFieldAO:1]]
[2024.03.20-03.19.57:181][  0]LogConfig: Setting CVar [[r.AOQuality:2]]
[2024.03.20-03.19.57:181][  0]LogConfig: Setting CVar [[r.VolumetricFog:1]]
[2024.03.20-03.19.57:181][  0]LogConfig: Setting CVar [[r.VolumetricFog.GridPixelSize:8]]
[2024.03.20-03.19.57:181][  0]LogConfig: Setting CVar [[r.VolumetricFog.GridSizeZ:128]]
[2024.03.20-03.19.57:181][  0]LogConfig: Setting CVar [[r.VolumetricFog.HistoryMissSupersampleCount:4]]
[2024.03.20-03.19.57:181][  0]LogConfig: Setting CVar [[r.LightMaxDrawDistanceScale:1]]
[2024.03.20-03.19.57:181][  0]LogConfig: Setting CVar [[r.CapsuleShadows:1]]
[2024.03.20-03.19.57:181][  0]LogConfig: Applying CVar settings from Section [PostProcessQuality@3] File [D:/GitHub/NetShootRewrite/Saved/Config/Windows/Scalability.ini]
[2024.03.20-03.19.57:181][  0]LogConfig: Setting CVar [[r.MotionBlurQuality:4]]
[2024.03.20-03.19.57:181][  0]LogConfig: Setting CVar [[r.AmbientOcclusionMipLevelFactor:0.4]]
[2024.03.20-03.19.57:181][  0]LogConfig: Setting CVar [[r.AmbientOcclusionMaxQuality:100]]
[2024.03.20-03.19.57:181][  0]LogConfig: Setting CVar [[r.AmbientOcclusionLevels:-1]]
[2024.03.20-03.19.57:181][  0]LogConfig: Setting CVar [[r.AmbientOcclusionRadiusScale:1.0]]
[2024.03.20-03.19.57:181][  0]LogConfig: Setting CVar [[r.DepthOfFieldQuality:2]]
[2024.03.20-03.19.57:181][  0]LogConfig: Setting CVar [[r.RenderTargetPoolMin:400]]
[2024.03.20-03.19.57:181][  0]LogConfig: Setting CVar [[r.LensFlareQuality:2]]
[2024.03.20-03.19.57:181][  0]LogConfig: Setting CVar [[r.SceneColorFringeQuality:1]]
[2024.03.20-03.19.57:181][  0]LogConfig: Setting CVar [[r.EyeAdaptationQuality:2]]
[2024.03.20-03.19.57:181][  0]LogConfig: Setting CVar [[r.BloomQuality:5]]
[2024.03.20-03.19.57:181][  0]LogConfig: Setting CVar [[r.FastBlurThreshold:100]]
[2024.03.20-03.19.57:181][  0]LogConfig: Setting CVar [[r.Upscale.Quality:3]]
[2024.03.20-03.19.57:181][  0]LogConfig: Setting CVar [[r.Tonemapper.GrainQuantization:1]]
[2024.03.20-03.19.57:181][  0]LogConfig: Setting CVar [[r.LightShaftQuality:1]]
[2024.03.20-03.19.57:181][  0]LogConfig: Setting CVar [[r.Filter.SizeScale:1]]
[2024.03.20-03.19.57:181][  0]LogConfig: Setting CVar [[r.Tonemapper.Quality:5]]
[2024.03.20-03.19.57:181][  0]LogConfig: Setting CVar [[r.DOF.Gather.AccumulatorQuality:1        ; higher gathering accumulator quality]]
[2024.03.20-03.19.57:181][  0]LogConfig: Setting CVar [[r.DOF.Gather.PostfilterMethod:1          ; Median3x3 postfilering method]]
[2024.03.20-03.19.57:181][  0]LogConfig: Setting CVar [[r.DOF.Gather.EnableBokehSettings:0       ; no bokeh simulation when gathering]]
[2024.03.20-03.19.57:181][  0]LogConfig: Setting CVar [[r.DOF.Gather.RingCount:4                 ; medium number of samples when gathering]]
[2024.03.20-03.19.57:181][  0]LogConfig: Setting CVar [[r.DOF.Scatter.ForegroundCompositing:1    ; additive foreground scattering]]
[2024.03.20-03.19.57:181][  0]LogConfig: Setting CVar [[r.DOF.Scatter.BackgroundCompositing:2    ; additive background scattering]]
[2024.03.20-03.19.57:181][  0]LogConfig: Setting CVar [[r.DOF.Scatter.EnableBokehSettings:1      ; bokeh simulation when scattering]]
[2024.03.20-03.19.57:181][  0]LogConfig: Setting CVar [[r.DOF.Scatter.MaxSpriteRatio:0.1         ; only a maximum of 10% of scattered bokeh]]
[2024.03.20-03.19.57:181][  0]LogConfig: Setting CVar [[r.DOF.Recombine.Quality:1                ; cheap slight out of focus]]
[2024.03.20-03.19.57:181][  0]LogConfig: Setting CVar [[r.DOF.Recombine.EnableBokehSettings:0    ; no bokeh simulation on slight out of focus]]
[2024.03.20-03.19.57:181][  0]LogConfig: Setting CVar [[r.DOF.TemporalAAQuality:1                ; more stable temporal accumulation]]
[2024.03.20-03.19.57:181][  0]LogConfig: Setting CVar [[r.DOF.Kernel.MaxForegroundRadius:0.025]]
[2024.03.20-03.19.57:181][  0]LogConfig: Setting CVar [[r.DOF.Kernel.MaxBackgroundRadius:0.025]]
[2024.03.20-03.19.57:181][  0]LogConfig: Applying CVar settings from Section [TextureQuality@3] File [D:/GitHub/NetShootRewrite/Saved/Config/Windows/Scalability.ini]
[2024.03.20-03.19.57:181][  0]LogConfig: Setting CVar [[r.Streaming.MipBias:0]]
[2024.03.20-03.19.57:181][  0]LogConfig: Setting CVar [[r.Streaming.AmortizeCPUToGPUCopy:0]]
[2024.03.20-03.19.57:181][  0]LogConfig: Setting CVar [[r.Streaming.MaxNumTexturesToStreamPerFrame:0]]
[2024.03.20-03.19.57:181][  0]LogConfig: Setting CVar [[r.Streaming.Boost:1]]
[2024.03.20-03.19.57:181][  0]LogConfig: Setting CVar [[r.MaxAnisotropy:8]]
[2024.03.20-03.19.57:181][  0]LogConfig: Setting CVar [[r.VT.MaxAnisotropy:8]]
[2024.03.20-03.19.57:181][  0]LogConfig: Setting CVar [[r.Streaming.LimitPoolSizeToVRAM:0]]
[2024.03.20-03.19.57:181][  0]LogConfig: Setting CVar [[r.Streaming.PoolSize:1000]]
[2024.03.20-03.19.57:181][  0]LogConfig: Setting CVar [[r.Streaming.MaxEffectiveScreenSize:0]]
[2024.03.20-03.19.57:181][  0]LogConfig: Applying CVar settings from Section [EffectsQuality@3] File [D:/GitHub/NetShootRewrite/Saved/Config/Windows/Scalability.ini]
[2024.03.20-03.19.57:181][  0]LogConfig: Setting CVar [[r.TranslucencyLightingVolumeDim:64]]
[2024.03.20-03.19.57:181][  0]LogConfig: Setting CVar [[r.RefractionQuality:2]]
[2024.03.20-03.19.57:181][  0]LogConfig: Setting CVar [[r.SSR.Quality:3]]
[2024.03.20-03.19.57:181][  0]LogConfig: Setting CVar [[r.SSR.HalfResSceneColor:0]]
[2024.03.20-03.19.57:181][  0]LogConfig: Setting CVar [[r.SceneColorFormat:4]]
[2024.03.20-03.19.57:181][  0]LogConfig: Setting CVar [[r.DetailMode:2]]
[2024.03.20-03.19.57:181][  0]LogConfig: Setting CVar [[r.TranslucencyVolumeBlur:1]]
[2024.03.20-03.19.57:181][  0]LogConfig: Setting CVar [[r.MaterialQualityLevel:1 ; High quality]]
[2024.03.20-03.19.57:181][  0]LogConfig: Setting CVar [[r.AnisotropicMaterials:1]]
[2024.03.20-03.19.57:181][  0]LogConfig: Setting CVar [[r.SSS.Scale:1]]
[2024.03.20-03.19.57:181][  0]LogConfig: Setting CVar [[r.SSS.SampleSet:2]]
[2024.03.20-03.19.57:181][  0]LogConfig: Setting CVar [[r.SSS.Quality:1]]
[2024.03.20-03.19.57:181][  0]LogConfig: Setting CVar [[r.SSS.HalfRes:0]]
[2024.03.20-03.19.57:181][  0]LogConfig: Setting CVar [[r.SSGI.Quality:3]]
[2024.03.20-03.19.57:181][  0]LogConfig: Setting CVar [[r.EmitterSpawnRateScale:1.0]]
[2024.03.20-03.19.57:181][  0]LogConfig: Setting CVar [[r.ParticleLightQuality:2]]
[2024.03.20-03.19.57:181][  0]LogConfig: Setting CVar [[r.SkyAtmosphere.AerialPerspectiveLUT.FastApplyOnOpaque:1 ; Always have FastSkyLUT 1 in this case to avoid wrong sky]]
[2024.03.20-03.19.57:181][  0]LogConfig: Setting CVar [[r.SkyAtmosphere.AerialPerspectiveLUT.SampleCountMaxPerSlice:4]]
[2024.03.20-03.19.57:181][  0]LogConfig: Setting CVar [[r.SkyAtmosphere.AerialPerspectiveLUT.DepthResolution:16.0]]
[2024.03.20-03.19.57:181][  0]LogConfig: Setting CVar [[r.SkyAtmosphere.FastSkyLUT:1]]
[2024.03.20-03.19.57:181][  0]LogConfig: Setting CVar [[r.SkyAtmosphere.FastSkyLUT.SampleCountMin:4.0]]
[2024.03.20-03.19.57:182][  0]LogConfig: Setting CVar [[r.SkyAtmosphere.FastSkyLUT.SampleCountMax:128.0]]
[2024.03.20-03.19.57:182][  0]LogConfig: Setting CVar [[r.SkyAtmosphere.SampleCountMin:4.0]]
[2024.03.20-03.19.57:182][  0]LogConfig: Setting CVar [[r.SkyAtmosphere.SampleCountMax:128.0]]
[2024.03.20-03.19.57:182][  0]LogConfig: Setting CVar [[r.SkyAtmosphere.TransmittanceLUT.UseSmallFormat:0]]
[2024.03.20-03.19.57:182][  0]LogConfig: Setting CVar [[r.SkyAtmosphere.TransmittanceLUT.SampleCount:10.0]]
[2024.03.20-03.19.57:182][  0]LogConfig: Setting CVar [[r.SkyAtmosphere.MultiScatteringLUT.SampleCount:15.0]]
[2024.03.20-03.19.57:182][  0]LogConfig: Setting CVar [[r.SkyLight.RealTimeReflectionCapture:1]]
[2024.03.20-03.19.57:182][  0]LogConfig: Applying CVar settings from Section [FoliageQuality@3] File [D:/GitHub/NetShootRewrite/Saved/Config/Windows/Scalability.ini]
[2024.03.20-03.19.57:182][  0]LogConfig: Setting CVar [[foliage.DensityScale:1.0]]
[2024.03.20-03.19.57:182][  0]LogConfig: Setting CVar [[grass.DensityScale:1.0]]
[2024.03.20-03.19.57:182][  0]LogConfig: Applying CVar settings from Section [ShadingQuality@3] File [D:/GitHub/NetShootRewrite/Saved/Config/Windows/Scalability.ini]
[2024.03.20-03.19.57:182][  0]LogConfig: Setting CVar [[r.HairStrands.SkyLighting.IntegrationType:2]]
[2024.03.20-03.19.57:182][  0]LogConfig: Setting CVar [[r.HairStrands.SkyAO.SampleCount:4]]
[2024.03.20-03.19.57:182][  0]LogConfig: Setting CVar [[r.HairStrands.Visibility.MSAA.SamplePerPixel:4]]
[2024.03.20-03.19.57:182][  0]LogConfig: Applying CVar settings from Section [Startup] File [../../../Engine/Config/ConsoleVariables.ini]
[2024.03.20-03.19.57:182][  0]LogConfig: Setting CVar [[net.UseAdaptiveNetUpdateFrequency:0]]
[2024.03.20-03.19.57:182][  0]LogConfig: Setting CVar [[p.chaos.AllowCreatePhysxBodies:1]]
[2024.03.20-03.19.57:182][  0]LogConfig: Setting CVar [[fx.SkipVectorVMBackendOptimizations:1]]
[2024.03.20-03.19.57:182][  0]LogConfig: Applying CVar settings from Section [ConsoleVariables] File [D:/GitHub/NetShootRewrite/Saved/Config/Windows/Engine.ini]
[2024.03.20-03.19.57:182][  0]LogConfig: Applying CVar settings from Section [ConsoleVariables] File [D:/GitHub/NetShootRewrite/Saved/Config/Windows/Editor.ini]
[2024.03.20-03.19.57:182][  0]LogInit: Computer: DESKTOP-6POMQQ5
[2024.03.20-03.19.57:182][  0]LogInit: User: ZTT
[2024.03.20-03.19.57:182][  0]LogInit: CPU Page size=4096, Cores=6
[2024.03.20-03.19.57:182][  0]LogInit: High frequency timer resolution =10.000000 MHz
[2024.03.20-03.19.57:182][  0]LogMemory: Memory total: Physical=15.9GB (16GB approx)
[2024.03.20-03.19.57:182][  0]LogMemory: Platform Memory Stats for Windows
[2024.03.20-03.19.57:182][  0]LogMemory: Process Physical Memory: 144.55 MB used, 144.55 MB peak
[2024.03.20-03.19.57:182][  0]LogMemory: Process Virtual Memory: 111.95 MB used, 111.95 MB peak
[2024.03.20-03.19.57:182][  0]LogMemory: Physical Memory: 12265.16 MB used,  4048.14 MB free, 16313.30 MB total
[2024.03.20-03.19.57:182][  0]LogMemory: Virtual Memory: 134205168.00 MB used,  12558.36 MB free, 134217728.00 MB total
[2024.03.20-03.19.57:189][  0]LogWindows: WindowsPlatformFeatures enabled
[2024.03.20-03.19.57:225][  0]LogInit: Physics initialised using underlying interface: PhysX
[2024.03.20-03.19.57:226][  0]LogInit: Overriding language with editor language configuration option (zh-Hans).
[2024.03.20-03.19.57:226][  0]LogInit: Using OS detected locale (zh-CN).
[2024.03.20-03.19.57:494][  0]LogTextLocalizationResource: LocRes '../../../Engine/Content/Localization/Editor/zh/Editor.locres' could not be opened for reading!
[2024.03.20-03.19.57:494][  0]LogTextLocalizationResource: LocRes '../../../Engine/Content/Localization/EditorTutorials/zh/EditorTutorials.locres' could not be opened for reading!
[2024.03.20-03.19.57:494][  0]LogTextLocalizationResource: LocRes '../../../Engine/Content/Localization/Keywords/zh/Keywords.locres' could not be opened for reading!
[2024.03.20-03.19.57:494][  0]LogTextLocalizationResource: LocRes '../../../Engine/Content/Localization/Category/zh/Category.locres' could not be opened for reading!
[2024.03.20-03.19.57:494][  0]LogTextLocalizationResource: LocRes '../../../Engine/Content/Localization/ToolTips/zh/ToolTips.locres' could not be opened for reading!
[2024.03.20-03.19.57:495][  0]LogTextLocalizationResource: LocRes '../../../Engine/Content/Localization/PropertyNames/zh/PropertyNames.locres' could not be opened for reading!
[2024.03.20-03.19.57:495][  0]LogTextLocalizationResource: LocRes '../../../Engine/Content/Localization/Engine/zh/Engine.locres' could not be opened for reading!
[2024.03.20-03.19.57:495][  0]LogTextLocalizationResource: LocRes '../../../Engine/Plugins/Online/OnlineSubsystem/Content/Localization/OnlineSubsystem/zh/OnlineSubsystem.locres' could not be opened for reading!
[2024.03.20-03.19.57:495][  0]LogTextLocalizationResource: LocRes '../../../Engine/Plugins/Online/OnlineSubsystemUtils/Content/Localization/OnlineSubsystemUtils/zh/OnlineSubsystemUtils.locres' could not be opened for reading!
[2024.03.20-03.19.57:495][  0]LogTextLocalizationResource: LocRes '../../../Engine/Plugins/Online/IOS/OnlineSubsystemIOS/Content/Localization/OnlineSubsystemIOS/zh/OnlineSubsystemIOS.locres' could not be opened for reading!
[2024.03.20-03.19.57:495][  0]LogTextLocalizationResource: LocRes '../../../Engine/Plugins/Online/Android/OnlineSubsystemGooglePlay/Content/Localization/OnlineSubsystemGooglePlay/zh/OnlineSubsystemGooglePlay.locres' could not be opened for reading!
[2024.03.20-03.19.57:541][  0]LogInit: Setting process to per monitor DPI aware
[2024.03.20-03.19.57:695][  0]LogWindowsTextInputMethodSystem: Display: IME system deactivated.
[2024.03.20-03.19.57:711][  0]LogSlate: New Slate User Created.  User Index 0, Is Virtual User: 0
[2024.03.20-03.19.57:711][  0]LogSlate: Slate User Registered.  User Index 0, Is Virtual User: 0
[2024.03.20-03.19.58:024][  0]LogD3D11RHI: Loaded GFSDK_Aftermath_Lib.x64.dll
[2024.03.20-03.19.58:027][  0]LogHMD: Failed to initialize OpenVR with code 110
[2024.03.20-03.19.58:027][  0]LogD3D11RHI: D3D11 min allowed feature level: 11_0
[2024.03.20-03.19.58:027][  0]LogD3D11RHI: D3D11 max allowed feature level: 11_0
[2024.03.20-03.19.58:027][  0]LogD3D11RHI: D3D11 adapters:
[2024.03.20-03.19.58:263][  0]LogD3D11RHI:    0. 'NVIDIA GeForce GTX 1660 Ti' (Feature Level 11_0)
[2024.03.20-03.19.58:263][  0]LogD3D11RHI:       5979/0/8156 MB DedicatedVideo/DedicatedSystem/SharedSystem, Outputs:1, VendorId:0x10de
[2024.03.20-03.19.58:266][  0]LogD3D11RHI:    1. 'Microsoft Basic Render Driver' (Feature Level 11_0)
[2024.03.20-03.19.58:266][  0]LogD3D11RHI:       0/0/8156 MB DedicatedVideo/DedicatedSystem/SharedSystem, Outputs:0, VendorId:0x1414
[2024.03.20-03.19.58:376][  0]LogD3D11RHI:    2. 'NVIDIA GeForce GTX 1660 Ti' (Feature Level 11_0)
[2024.03.20-03.19.58:376][  0]LogD3D11RHI:       5979/0/8156 MB DedicatedVideo/DedicatedSystem/SharedSystem, Outputs:0, VendorId:0x10de
[2024.03.20-03.19.58:376][  0]LogD3D11RHI: Chosen D3D11 Adapter:
[2024.03.20-03.19.58:376][  0]LogD3D11RHI:     Description : NVIDIA GeForce GTX 1660 Ti
[2024.03.20-03.19.58:376][  0]LogD3D11RHI:     VendorId    : 10de
[2024.03.20-03.19.58:376][  0]LogD3D11RHI:     DeviceId    : 2182
[2024.03.20-03.19.58:376][  0]LogD3D11RHI:     SubSysId    : 3fbe1458
[2024.03.20-03.19.58:376][  0]LogD3D11RHI:     Revision    : 00a1
[2024.03.20-03.19.58:376][  0]LogD3D11RHI:     DedicatedVideoMemory : 6269435904 bytes
[2024.03.20-03.19.58:376][  0]LogD3D11RHI:     DedicatedSystemMemory : 0 bytes
[2024.03.20-03.19.58:376][  0]LogD3D11RHI:     SharedSystemMemory : 8552867840 bytes
[2024.03.20-03.19.58:376][  0]LogD3D11RHI:     AdapterLuid : 0 50802
[2024.03.20-03.19.58:382][  0]LogD3D11RHI: Creating new Direct3DDevice
[2024.03.20-03.19.58:382][  0]LogD3D11RHI:     GPU DeviceId: 0x2182 (for the marketing name, search the web for "GPU Device Id")
[2024.03.20-03.19.58:382][  0]LogWindows: EnumDisplayDevices:
[2024.03.20-03.19.58:382][  0]LogWindows:    0. 'NVIDIA GeForce GTX 1660 Ti' (P:1 D:1)
[2024.03.20-03.19.58:383][  0]LogWindows:    1. 'NVIDIA GeForce GTX 1660 Ti' (P:0 D:0)
[2024.03.20-03.19.58:383][  0]LogWindows:    2. 'NVIDIA GeForce GTX 1660 Ti' (P:0 D:0)
[2024.03.20-03.19.58:384][  0]LogWindows:    3. 'NVIDIA GeForce GTX 1660 Ti' (P:0 D:0)
[2024.03.20-03.19.58:384][  0]LogWindows:    4. 'OrayIddDriver Device' (P:0 D:0)
[2024.03.20-03.19.58:385][  0]LogWindows:    5. 'OrayIddDriver Device' (P:0 D:0)
[2024.03.20-03.19.58:385][  0]LogWindows:    6. 'OrayIddDriver Device' (P:0 D:0)
[2024.03.20-03.19.58:386][  0]LogWindows:    7. 'OrayIddDriver Device' (P:0 D:0)
[2024.03.20-03.19.58:386][  0]LogWindows:    8. 'OrayIddDriver Device' (P:0 D:0)
[2024.03.20-03.19.58:387][  0]LogWindows: DebugString: GetVideoDriverDetailsInvalid PrimaryIsNotTheChoosenAdapter GetVideoDriverDetailsInvalid PrimaryIsNotTheChoosenAdapter GetVideoDriverDetailsInvalid PrimaryIsNotTheChoosenAdapter GetVideoDriverDetailsInvalid PrimaryIsNotTheChoosenAdapter GetVideoDriverDetailsInvalid PrimaryIsNotTheChoosenAdapter FoundDriverCount:4 
[2024.03.20-03.19.58:387][  0]LogD3D11RHI:     Adapter Name: NVIDIA GeForce GTX 1660 Ti
[2024.03.20-03.19.58:387][  0]LogD3D11RHI:   Driver Version: 536.23 (internal:31.0.15.3623, unified:536.23)
[2024.03.20-03.19.58:387][  0]LogD3D11RHI:      Driver Date: 6-8-2023
[2024.03.20-03.19.58:387][  0]LogRHI: Texture pool is 4185 MB (70% of 5979 MB)
[2024.03.20-03.19.58:387][  0]LogD3D11RHI: Creating D3DDevice using adapter:
[2024.03.20-03.19.58:387][  0]LogD3D11RHI:     Description : NVIDIA GeForce GTX 1660 Ti
[2024.03.20-03.19.58:387][  0]LogD3D11RHI:     VendorId    : 10de
[2024.03.20-03.19.58:387][  0]LogD3D11RHI:     DeviceId    : 2182
[2024.03.20-03.19.58:387][  0]LogD3D11RHI:     SubSysId    : 3fbe1458
[2024.03.20-03.19.58:387][  0]LogD3D11RHI:     Revision    : 00a1
[2024.03.20-03.19.58:387][  0]LogD3D11RHI:     DedicatedVideoMemory : 6269435904 bytes
[2024.03.20-03.19.58:387][  0]LogD3D11RHI:     DedicatedSystemMemory : 0 bytes
[2024.03.20-03.19.58:387][  0]LogD3D11RHI:     SharedSystemMemory : 8552867840 bytes
[2024.03.20-03.19.58:387][  0]LogD3D11RHI:     AdapterLuid : 0 50802
[2024.03.20-03.19.58:481][  0]LogD3D11RHI: RHI has support for 64 bit atomics
[2024.03.20-03.19.58:482][  0]LogD3D11RHI: Async texture creation enabled
[2024.03.20-03.19.58:482][  0]LogD3D11RHI: Array index from any shader is supported
[2024.03.20-03.19.58:485][  0]LogD3D11RHI: HDR output is supported on display 0 (NvId: 0x80061086).
[2024.03.20-03.19.58:498][  0]LogD3D11RHI: GPU Timing Frequency: 1000.000000 (Debug: 2 1)
[2024.03.20-03.19.58:574][  0]LogRHI: GeForceNow SDK initialized: 1
[2024.03.20-03.19.58:812][  0]LogTargetPlatformManager: Display: Loaded TargetPlatform 'AllDesktop'
[2024.03.20-03.19.58:832][  0]LogTargetPlatformManager: Display: Loaded TargetPlatform 'Android'
[2024.03.20-03.19.58:832][  0]LogTargetPlatformManager: Display: Loaded TargetPlatform 'Android_ASTC'
[2024.03.20-03.19.58:832][  0]LogTargetPlatformManager: Display: Loaded TargetPlatform 'Android_DXT'
[2024.03.20-03.19.58:832][  0]LogTargetPlatformManager: Display: Loaded TargetPlatform 'Android_ETC2'
[2024.03.20-03.19.58:832][  0]LogTargetPlatformManager: Display: Loaded TargetPlatform 'AndroidClient'
[2024.03.20-03.19.58:832][  0]LogTargetPlatformManager: Display: Loaded TargetPlatform 'Android_ASTCClient'
[2024.03.20-03.19.58:832][  0]LogTargetPlatformManager: Display: Loaded TargetPlatform 'Android_DXTClient'
[2024.03.20-03.19.58:832][  0]LogTargetPlatformManager: Display: Loaded TargetPlatform 'Android_ETC2Client'
[2024.03.20-03.19.58:832][  0]LogTargetPlatformManager: Display: Loaded TargetPlatform 'Android_Multi'
[2024.03.20-03.19.58:832][  0]LogTargetPlatformManager: Display: Loaded TargetPlatform 'Android_MultiClient'
[2024.03.20-03.19.58:852][  0]LogTargetPlatformManager: Display: Loaded TargetPlatform 'IOSClient'
[2024.03.20-03.19.58:852][  0]LogTargetPlatformManager: Display: Loaded TargetPlatform 'IOS'
[2024.03.20-03.19.58:877][  0]LogTargetPlatformManager: Display: Loaded TargetPlatform 'Lumin'
[2024.03.20-03.19.58:877][  0]LogTargetPlatformManager: Display: Loaded TargetPlatform 'LuminClient'
[2024.03.20-03.19.58:889][  0]LogTargetPlatformManager: Display: Loaded TargetPlatform 'MacNoEditor'
[2024.03.20-03.19.58:894][  0]LogTargetPlatformManager: Display: Loaded TargetPlatform 'Mac'
[2024.03.20-03.19.58:899][  0]LogTargetPlatformManager: Display: Loaded TargetPlatform 'MacClient'
[2024.03.20-03.19.58:904][  0]LogTargetPlatformManager: Display: Loaded TargetPlatform 'MacServer'
[2024.03.20-03.19.58:914][  0]LogTargetPlatformManager: Display: Loaded TargetPlatform 'TVOSClient'
[2024.03.20-03.19.58:914][  0]LogTargetPlatformManager: Display: Loaded TargetPlatform 'TVOS'
[2024.03.20-03.19.58:923][  0]LogTargetPlatformManager: Display: Loaded TargetPlatform 'WindowsNoEditor'
[2024.03.20-03.19.58:929][  0]LogTargetPlatformManager: Display: Loaded TargetPlatform 'Windows'
[2024.03.20-03.19.58:934][  0]LogTargetPlatformManager: Display: Loaded TargetPlatform 'WindowsClient'
[2024.03.20-03.19.58:939][  0]LogTargetPlatformManager: Display: Loaded TargetPlatform 'WindowsServer'
[2024.03.20-03.19.58:939][  0]LogTargetPlatformManager: Display: Building Assets For Windows
[2024.03.20-03.19.58:951][  0]LogAudioDebug: Display: Lib vorbis DLL was dynamically loaded.
[2024.03.20-03.19.59:004][  0]LogTextureFormatOodle: Display: Oodle Texture 2.9.0 init RDO Off
[2024.03.20-03.19.59:046][  0]LogRendererCore: Ray tracing is disabled. Reason: r.RayTracing=0.
[2024.03.20-03.19.59:046][  0]LogShaderCompilers: Guid format shader working directory is 18 characters bigger than the processId version (D:/GitHub/NetShootRewrite/Intermediate/Shaders/WorkingDirectory/12552/).
[2024.03.20-03.19.59:046][  0]LogShaderCompilers: Cleaned the shader compiler working directory 'C:/Users/ZTT/AppData/Local/Temp/UnrealShaderWorkingDir/D1FB4E1648882CFF7F296FA7B8994413/'.
[2024.03.20-03.19.59:047][  0]LogShaderCompilers: Display: Using XGE Controller for Shader Compilation.
[2024.03.20-03.19.59:814][  0]LogDerivedDataCache: Display: Max Cache Size: 512 MB
[2024.03.20-03.19.59:865][  0]LogDerivedDataCache: Loaded boot cache 0.05s 94MB D:/GitHub/NetShootRewrite/DerivedDataCache/Boot.ddc.
[2024.03.20-03.19.59:865][  0]LogDerivedDataCache: Display: Loaded Boot cache: D:/GitHub/NetShootRewrite/DerivedDataCache/Boot.ddc
[2024.03.20-03.19.59:865][  0]LogDerivedDataCache: FDerivedDataBackendGraph:  Pak pak cache file D:/GitHub/NetShootRewrite/DerivedDataCache/DDC.ddp not found, will not use a pak cache.
[2024.03.20-03.19.59:865][  0]LogDerivedDataCache: Unable to find inner node Pak for hierarchical cache Hierarchy.
[2024.03.20-03.19.59:865][  0]LogDerivedDataCache: FDerivedDataBackendGraph:  EnginePak pak cache file ../../../Engine/DerivedDataCache/DDC.ddp not found, will not use a pak cache.
[2024.03.20-03.19.59:865][  0]LogDerivedDataCache: Unable to find inner node EnginePak for hierarchical cache Hierarchy.
[2024.03.20-03.19.59:879][  0]LogDerivedDataCache: Speed tests for ../../../Engine/DerivedDataCache took 0.01 seconds
[2024.03.20-03.19.59:879][  0]LogDerivedDataCache: Display: Performance to ../../../Engine/DerivedDataCache: Latency=0.08ms. RandomReadSpeed=146.87MBs, RandomWriteSpeed=159.25MBs. Assigned SpeedClass 'Local'
[2024.03.20-03.19.59:880][  0]LogDerivedDataCache: Using Local data cache path ../../../Engine/DerivedDataCache: Writable
[2024.03.20-03.19.59:880][  0]LogDerivedDataCache: Shared data cache path not found in *engine.ini, will not use an Shared cache.
[2024.03.20-03.19.59:880][  0]LogDerivedDataCache: Unable to find inner node Shared for hierarchical cache Hierarchy.
[2024.03.20-03.19.59:918][  0]LogSlate: Using FreeType 2.10.0
[2024.03.20-03.19.59:920][  0]LogSlate: SlateFontServices - WITH_FREETYPE: 1, WITH_HARFBUZZ: 1
[2024.03.20-03.19.59:945][  0]LogAssetRegistry: FAssetRegistry took 0.0022 seconds to start up
[2024.03.20-03.20.00:155][  0]LogInit: Selected Device Profile: [Windows]
[2024.03.20-03.20.00:155][  0]LogInit: Active device profile: [000001FD7050ED00][000001FD6351C640 49] Windows
[2024.03.20-03.20.00:155][  0]LogInit: Profiles: [000001FD7050ED00][000001FD6351C640 49] Windows, [000001FD704D9600][000001FD70CE07C0 49] WindowsNoEditor, [000001FD7050D500][000001FD70CE4940 49] WindowsServer, [000001FD704DAB00][000001FD70CE8AC0 49] WindowsClient, [000001FD7050EA00][000001FD70CECC40 49] IOS, [000001FD704D9A00][000001FD70CF0DC0 49] iPadAir, [000001FD7050D900][000001FD70CF4F40 49] iPadAir2, [000001FD70477C00][000001FD70CFD200 49] IPadPro, [000001FD70477D00][000001FD70CF9240 49] iPadAir3, [000001FD7050EF00][000001FD70D013C0 49] iPadAir4, [000001FD70475900][000001FD70D05540 49] iPadMini2, [000001FD7050D300][000001FD70D096C0 49] iPadMini3, [000001FD70474D00][000001FD70D0D840 49] iPadMini4, [000001FD7050C900][000001FD70D119C0 49] iPadMini5, [000001FD704BB500][000001FD70D18100 49] iPhone6, [000001FD704BB600][000001FD70D14140 49] iPodTouch6, [000001FD70474700][000001FD70D1C380 49] iPhone7, [000001FD70474600][000001FD70CDC3C0 49] iPodTouch7, [000001FD704B9800][000001FD70D20500 49] iPhone5S, [000001FD70477600][000001FD70D28680 49] iPhone6Plus, [000001FD704BB800][000001FD70D2C800 49] iPhone6S, [000001FD70475B00][000001FD70D30980 49] iPhone6SPlus, [000001FD704B9700][000001FD70D34B00 49] iPhone7Plus, [000001FD70477100][000001FD70D38C80 49] iPhoneSE, [000001FD704BA500][000001FD70D3CE00 49] iPhone8, [000001FD70475500][000001FD70D40F80 49] iPhone8Plus, [000001FD704B9E00][000001FD70D45100 49] iPhoneX, [000001FD70475000][000001FD70D49280 49] iPhoneXS, [000001FD704BA200][000001FD70D4D400 49] iPhoneXSMax, [000001FD70474500][000001FD70D51580 49] iPhoneXR, [000001FD704BA100][000001FD70D55700 49] iPhone11, [000001FD70476D00][000001FD70D59880 49] iPhone11Pro, [000001FD704B9600][000001FD70D5DA00 49] iPhone11ProMax, [000001FD70475D00][000001FD70D61B80 49] iPhoneSE2, [000001FD704BB200][000001FD70D64180 49] iPhone12Mini, [000001FD70475E00][000001FD70D68300 49] iPhone12, [000001FD704B8300][000001FD70D24440 49] iPhone12Pro, [000001FD70477500][000001FD70D6C580 49] iPhone12ProMax, [000001FD704BBC00][000001FD70D706C0 49] iPadPro105, [000001FD70474200][000001FD70D78840 49] iPadPro129, [000001FD704B8E00][000001FD70D7C9C0 49] iPadPro97, [000001FD70474100][000001FD70D80B40 49] iPadPro2_129, [000001FD704BBF00][000001FD70D84CC0 49] iPad5, [000001FD70474900][000001FD70D88E40 49] iPad6, [000001FD704BBB00][000001FD70D8CFC0 49] iPad7, [000001FD70476A00][000001FD70D91140 49] iPad8, [000001FD704BA800][000001FD70D952C0 49] iPadPro11, [000001FD70474A00][000001FD70D99440 49] iPadPro2_11, [000001FD704B8700][000001FD70D9D5C0 49] iPadPro3_129, [000001FD70477200][000001FD70DA1740 49] iPadPro4_129, [000001FD704BBA00][000001FD70DA58C0 49] AppleTV, [000001FD70474C00][000001FD70DA9A40 49] AppleTV4K, [000001FD704BAC00][000001FD70DADBC0 49] TVOS, [000001FD70477000][000001FD70DB01C0 49] Mac, [000001FD704D8E00][000001FD70DB4340 49] MacClient, [000001FD70554800][000001FD70DB84C0 49] MacNoEditor, [000001FD704D9500][000001FD70D74600 49] MacServer, [000001FD70554300][000001FD70DBC740 49] Linux, [000001FD704DAD00][000001FD70DC0880 49] LinuxAArch64, [000001FD70554B00][000001FD70DC49C0 49] LinuxNoEditor, [000001FD704D9D00][000001FD70DCCB40 49] LinuxAArch64NoEditor, [000001FD70555500][000001FD70DD0CC0 49] LinuxClient, [000001FD704D8500][000001FD70DD4E40 49] LinuxAArch64Client, [000001FD70555100][000001FD70DD8FC0 49] LinuxServer, [000001FD704DB600][000001FD70DDD140 49] LinuxAArch64Server, [000001FD70555200][000001FD70DE12C0 49] Android, [000001FD704D8400][000001FD70DE5440 49] Android_Low, [000001FD70554C00][000001FD70DE95C0 49] Android_Mid, [000001FD704D8D00][000001FD70DED740 49] Android_High, [000001FD70555300][000001FD70DF18C0 49] Android_Default, [000001FD704D8300][000001FD70DF5A40 49] Android_Adreno4xx, [000001FD70555900][000001FD70DF9BC0 49] Android_Adreno5xx_Low, [000001FD704DB700][000001FD70DFC1C0 49] Android_Adreno5xx, [000001FD70554900][000001FD70E00340 49] Android_Adreno6xx, [000001FD704DA200][000001FD70E044C0 49] Android_Adreno6xx_Vulkan, [000001FD70554F00][000001FD70E08640 49] Android_Mali_T6xx, [000001FD70477E00][000001FD70DC8780 49] Android_Mali_T7xx, [000001FD704B9100][000001FD70E0C8C0 49] Android_Mali_T8xx, [000001FD70476700][000001FD70E10A00 49] Android_Mali_G71, [000001FD704BB300][000001FD70E14B40 49] Android_Mali_G72, [000001FD70476000][000001FD70E1CCC0 49] Android_Mali_G72_Vulkan, [000001FD704BB900][000001FD70E20E40 49] Android_Mali_G76, [000001FD70474300][000001FD70E24FC0 49] Android_Mali_G76_Vulkan, [000001FD704B9F00][000001FD70E29140 49] Android_Mali_G77, [000001FD70475700][000001FD70E2D2C0 49] Android_Mali_G77_Vulkan, [000001FD704BA400][000001FD70E31440 49] Android_Mali_G78, [000001FD70476400][000001FD70E355C0 49] Android_Mali_G78_Vulkan, [000001FD704BA700][000001FD70E39740 49] Android_Mali_G710, [000001FD70477800][000001FD70E3D8C0 49] Android_Mali_G710_Vulkan, [000001FD704B8900][000001FD70E41A40 49] Android_Vulkan_SM5, [000001FD70474F00][000001FD70E45BC0 49] Android_PowerVR_G6xxx, [000001FD704B8400][000001FD70E481C0 49] Android_PowerVR_GT7xxx, [000001FD70474E00][000001FD70E4C340 49] Android_PowerVR_GE8xxx, [000001FD704B9A00][000001FD70E504C0 49] Android_PowerVR_GM9xxx, [000001FD70475300][000001FD70E54640 49] Android_PowerVR_GM9xxx_Vulkan, [000001FD704B9000][000001FD70E587C0 49] Android_TegraK1, [000001FD70475F00][000001FD70E5C940 49] Android_Unknown_Vulkan, [000001FD704B9400][000001FD70E18A80 49] Lumin, [000001FD70476600][000001FD70E70BC0 49] Lumin_Desktop, [000001FD7050D400][000001FD70E74D00 49] HoloLens, 
[2024.03.20-03.20.00:291][  0]LogMeshReduction: Using QuadricMeshReduction for automatic static mesh reduction
[2024.03.20-03.20.00:291][  0]LogMeshReduction: Using SimplygonMeshReduction for automatic skeletal mesh reduction
[2024.03.20-03.20.00:291][  0]LogMeshReduction: Using ProxyLODMeshReduction for automatic mesh merging
[2024.03.20-03.20.00:291][  0]LogMeshReduction: No distributed automatic mesh merging module available
[2024.03.20-03.20.00:291][  0]LogMeshMerging: No distributed automatic mesh merging module available
[2024.03.20-03.20.00:313][  0]LogNetVersion: NetShootRewrite 1.0.0, NetCL: 0, EngineNetVer: 17, GameNetVer: 0 (Checksum: 1486698656)
[2024.03.20-03.20.00:774][  0]LogTexture: Default maximum texture size for cubemaps generated from long-lat sources has been changed from 512 to unlimited. In order to preserve old behaiour for '/Engine/MapTemplates/Sky/DaylightAmbientCubemap.DaylightAmbientCubemap', its maximum texture size has been explicitly set to 512.
[2024.03.20-03.20.00:831][  0]LogHMD: PokeAHoleMaterial loaded successfully
[2024.03.20-03.20.00:837][  0]LogUObjectArray: 17164 objects as part of root set at end of initial load.
[2024.03.20-03.20.00:837][  0]LogUObjectAllocator: 4298528 out of 0 bytes used by permanent object pool.
[2024.03.20-03.20.00:837][  0]LogUObjectArray: CloseDisregardForGC: 0/0 objects in disregard for GC pool
