Log file open, 03/17/24 23:45:46
LogWindows: Failed to load 'aqProf.dll' (GetLastError=126)
LogWindows: File 'aqProf.dll' does not exist
LogWindows: Failed to load 'VtuneApi.dll' (GetLastError=126)
LogWindows: File 'VtuneApi.dll' does not exist
LogWindows: Failed to load 'VtuneApi32e.dll' (GetLastError=126)
LogWindows: File 'VtuneApi32e.dll' does not exist
LogConsoleResponse: Display: Failed to find resolution value strings in scalability ini. Falling back to default.
LogConsoleResponse: Display: Failed to find resolution value strings in scalability ini. Falling back to default.
LogInit: Display: Running engine for game: NetShootRewrite
LogPlatformFile: Not using cached read wrapper
LogTaskGraph: Started task graph with 5 named threads and 35 total threads with 3 sets of task threads.
LogStats: Stats thread started at 0.245254
LogICUInternationalization: ICU TimeZone Detection - Raw Offset: +8:00, Platform Override: ''
LogInit: Display: Loading text-based GConfig....
LogPluginManager: Mounting plugin XGEController
LogPluginManager: Mounting plugin MeshPainting
LogPluginManager: Mounting plugin Paper2D
LogPluginManager: Mounting plugin CameraShakePreviewer
LogPluginManager: Mounting plugin AISupport
LogPluginManager: Mounting plugin EnvironmentQueryEditor
LogPluginManager: Mounting plugin LiveLink
LogPluginManager: Mounting plugin GameplayCameras
LogPluginManager: Mounting plugin AnimationSharing
LogPluginManager: Mounting plugin LightPropagationVolume
LogPluginManager: Mounting plugin AssetManagerEditor
LogPluginManager: Mounting plugin CurveEditorTools
LogPluginManager: Mounting plugin DataValidation
LogPluginManager: Mounting plugin GameplayTagsEditor
LogPluginManager: Mounting plugin GeometryMode
LogPluginManager: Mounting plugin MacGraphicsSwitching
LogPluginManager: Mounting plugin CryptoKeys
LogPluginManager: Mounting plugin FacialAnimation
LogPluginManager: Mounting plugin MaterialAnalyzer
LogPluginManager: Mounting plugin MobileLauncherProfileWizard
LogPluginManager: Mounting plugin PluginBrowser
LogPluginManager: Mounting plugin SpeedTreeImporter
LogPluginManager: Mounting plugin CLionSourceCodeAccess
LogPluginManager: Mounting plugin CodeLiteSourceCodeAccess
LogPluginManager: Mounting plugin KDevelopSourceCodeAccess
LogPluginManager: Mounting plugin PerforceSourceControl
LogPluginManager: Mounting plugin PixWinPlugin
LogPluginManager: Mounting plugin PlasticSourceControl
LogPluginManager: Mounting plugin PluginUtils
LogPluginManager: Mounting plugin PropertyAccessNode
LogPluginManager: Mounting plugin RiderSourceCodeAccess
LogPluginManager: Mounting plugin NullSourceCodeAccess
LogPluginManager: Mounting plugin GitSourceControl
LogPluginManager: Mounting plugin SubversionSourceControl
LogPluginManager: Mounting plugin TextureFormatOodle
LogPluginManager: Mounting plugin UObjectPlugin
LogPluginManager: Mounting plugin VisualStudioCodeSourceCodeAccess
LogPluginManager: Mounting plugin XCodeSourceCodeAccess
LogPluginManager: Mounting plugin VisualStudioSourceCodeAccess
LogPluginManager: Mounting plugin Niagara
LogPluginManager: Mounting plugin DatasmithContent
LogPluginManager: Mounting plugin VariantManagerContent
LogPluginManager: Mounting plugin AutomationUtils
LogPluginManager: Mounting plugin AlembicImporter
LogPluginManager: Mounting plugin BackChannel
LogPluginManager: Mounting plugin ChaosClothEditor
LogPluginManager: Mounting plugin ChaosCloth
LogPluginManager: Mounting plugin ChaosEditor
LogPluginManager: Mounting plugin ChaosNiagara
LogPluginManager: Mounting plugin ChaosSolverPlugin
LogPluginManager: Mounting plugin CharacterAI
LogPluginManager: Mounting plugin GeometryCollectionPlugin
LogPluginManager: Mounting plugin AndroidMedia
LogPluginManager: Mounting plugin GeometryCache
LogPluginManager: Mounting plugin AvfMedia
LogPluginManager: Mounting plugin ImgMedia
LogPluginManager: Mounting plugin WebMMedia
LogPluginManager: Mounting plugin WmfMedia
LogPluginManager: Mounting plugin GeometryProcessing
LogPluginManager: Mounting plugin MediaPlayerEditor
LogPluginManager: Mounting plugin MediaCompositing
LogPluginManager: Mounting plugin OpenImageDenoise
LogPluginManager: Mounting plugin MotoSynth
LogPluginManager: Mounting plugin PlanarCut
LogPluginManager: Mounting plugin PlatformCrypto
LogPluginManager: Mounting plugin PythonScriptPlugin
LogPluginManager: Mounting plugin ProxyLODPlugin
LogPluginManager: Mounting plugin SkeletalReduction
LogPluginManager: Mounting plugin TcpMessaging
LogPluginManager: Mounting plugin UdpMessaging
LogPluginManager: Mounting plugin OnlineSubsystem
LogPluginManager: Mounting plugin OnlineSubsystemNull
LogPluginManager: Mounting plugin OnlineSubsystemUtils
LogPluginManager: Mounting plugin LauncherChunkInstaller
LogPluginManager: Mounting plugin ActorLayerUtilities
LogPluginManager: Mounting plugin AndroidDeviceProfileSelector
LogPluginManager: Mounting plugin AndroidMoviePlayer
LogPluginManager: Mounting plugin AndroidPermission
LogPluginManager: Mounting plugin LuminPlatformFeatures
LogPluginManager: Mounting plugin AppleMoviePlayer
LogPluginManager: Mounting plugin AppleImageUtils
LogPluginManager: Mounting plugin ArchVisCharacter
LogPluginManager: Mounting plugin AssetTags
LogPluginManager: Mounting plugin AudioCapture
LogPluginManager: Mounting plugin AudioSynesthesia
LogPluginManager: Mounting plugin CableComponent
LogPluginManager: Mounting plugin ChunkDownloader
LogPluginManager: Mounting plugin MagicLeap
LogPluginManager: Mounting plugin OodleData
LogPluginManager: Mounting plugin CustomMeshComponent
LogPluginManager: Mounting plugin MagicLeapLightEstimation
LogPluginManager: Mounting plugin EditableMesh
LogPluginManager: Mounting plugin MagicLeapMedia
LogPluginManager: Mounting plugin ExampleDeviceProfileSelector
LogPluginManager: Mounting plugin MagicLeapPassableWorld
LogPluginManager: Mounting plugin MLSDK
LogPluginManager: Mounting plugin OodleNetwork
LogPluginManager: Mounting plugin GoogleCloudMessaging
LogPluginManager: Mounting plugin IOSDeviceProfileSelector
LogPluginManager: Mounting plugin GooglePAD
LogPluginManager: Mounting plugin LinuxDeviceProfileSelector
LogPluginManager: Mounting plugin LocationServicesBPLibrary
LogPluginManager: Mounting plugin OpenXR
LogPluginManager: Mounting plugin OpenXREyeTracker
LogPluginManager: Mounting plugin OpenXRHandTracking
LogPluginManager: Mounting plugin ScreenshotTools
LogPluginManager: Mounting plugin MobilePatchingUtils
LogPluginManager: Mounting plugin PhysXVehicles
LogPluginManager: Mounting plugin PostSplashScreen
LogPluginManager: Mounting plugin ProceduralMeshComponent
LogPluginManager: Mounting plugin RuntimePhysXCooking
LogPluginManager: Mounting plugin PropertyAccessEditor
LogPluginManager: Mounting plugin SoundFields
LogPluginManager: Mounting plugin SignificanceManager
LogPluginManager: Mounting plugin Synthesis
LogPluginManager: Mounting plugin WebMMoviePlayer
LogPluginManager: Mounting plugin WindowsMoviePlayer
LogPluginManager: Mounting plugin Takes
LogPluginManager: Mounting plugin ActorSequence
LogPluginManager: Mounting plugin LevelSequenceEditor
LogPluginManager: Mounting plugin MatineeToLevelSequence
LogPluginManager: Mounting plugin TemplateSequence
LogPluginManager: Mounting plugin ContentBrowserAssetDataSource
LogPluginManager: Mounting plugin ContentBrowserClassDataSource
LogPluginManager: Mounting plugin ContentBrowserFileDataSource
LogPluginManager: Mounting plugin RiderLink
LogPluginManager: Mounting plugin OnlineSubsystemGooglePlay
LogPluginManager: Mounting plugin OnlineSubsystemIOS
LogPluginManager: Mounting plugin OculusVR
LogPluginManager: Mounting plugin SteamVR
PixWinPlugin: PIX capture plugin failed to initialize! Check that the process is launched from PIX.
LogInit: Using libcurl 7.55.1-DEV
LogInit:  - built for x86_64-pc-win32
LogInit:  - supports SSL with OpenSSL/1.1.1
LogInit:  - supports HTTP deflate (compression) using libz 1.2.8
LogInit:  - other features:
LogInit:      CURL_VERSION_SSL
LogInit:      CURL_VERSION_LIBZ
LogInit:      CURL_VERSION_IPV6
LogInit:      CURL_VERSION_ASYNCHDNS
LogInit:      CURL_VERSION_LARGEFILE
LogInit:      CURL_VERSION_IDN
LogInit:  CurlRequestOptions (configurable via config and command line):
LogInit:  - bVerifyPeer = true  - Libcurl will verify peer certificate
LogInit:  - bUseHttpProxy = false  - Libcurl will NOT use HTTP proxy
LogInit:  - bDontReuseConnections = false  - Libcurl will reuse connections
LogInit:  - MaxHostConnections = 16  - Libcurl will limit the number of connections to a host
LogInit:  - LocalHostAddr = Default
LogInit:  - BufferSize = 65536
LogOnline: OSS: Creating online subsystem instance for: NULL
LogInit: WinSock: version 1.1 (2.2), MaxSocks=32767, MaxUdp=65467
LogOnline: OSS: TryLoadSubsystemAndSetDefault: Loaded subsystem for module [NULL]
LogOculusPluginWrapper: OculusPlugin initialized successfully
LogHMD: Failed initializing OVRPlugin 1.59.0
LogInit: Build: ++UE4+Release-4.27-CL-0
LogInit: Engine Version: 4.27.2-0+++UE4+Release-4.27
LogInit: Compatible Engine Version: 4.27.0-0+++UE4+Release-4.27
LogInit: Net CL: 0
LogInit: OS: Windows 10 (Release 2009) (), CPU: Intel(R) Core(TM) i7-8700 CPU @ 3.20GHz, GPU: NVIDIA GeForce GTX 1660 Ti
LogInit: Compiled (64-bit): Mar 12 2024 21:46:05
LogInit: Compiled with Visual C++: 19.39.33521.00
LogInit: Build Configuration: Development
LogInit: Branch Name: ++UE4+Release-4.27
LogInit: Command Line:  -skipcompile
LogInit: Base Directory: C:/Program Files (x86)/UE4.27/UnrealEngine-4.27/Engine/Binaries/Win64/
LogInit: Allocator: TBB
LogInit: Installed Engine Build: 0
LogDevObjectVersion: Number of dev versions registered: 29
LogDevObjectVersion:   Dev-Blueprints (B0D832E4-1F89-4F0D-ACCF-7EB736FD4AA2): 10
LogDevObjectVersion:   Dev-Build (E1C64328-A22C-4D53-A36C-8E866417BD8C): 0
LogDevObjectVersion:   Dev-Core (375EC13C-06E4-48FB-B500-84F0262A717E): 4
LogDevObjectVersion:   Dev-Editor (E4B068ED-F494-42E9-A231-DA0B2E46BB41): 40
LogDevObjectVersion:   Dev-Framework (CFFC743F-43B0-4480-9391-14DF171D2073): 37
LogDevObjectVersion:   Dev-Mobile (B02B49B5-BB20-44E9-A304-32B752E40360): 3
LogDevObjectVersion:   Dev-Networking (A4E4105C-59A1-49B5-A7C5-40C4547EDFEE): 0
LogDevObjectVersion:   Dev-Online (39C831C9-5AE6-47DC-9A44-9C173E1C8E7C): 0
LogDevObjectVersion:   Dev-Physics (78F01B33-EBEA-4F98-B9B4-84EACCB95AA2): 14
LogDevObjectVersion:   Dev-Platform (6631380F-2D4D-43E0-8009-CF276956A95A): 0
LogDevObjectVersion:   Dev-Rendering (12F88B9F-8875-4AFC-A67C-D90C383ABD29): 45
LogDevObjectVersion:   Dev-Sequencer (7B5AE74C-D270-4C10-A958-57980B212A5A): 13
LogDevObjectVersion:   Dev-VR (D7296918-1DD6-4BDD-9DE2-64A83CC13884): 3
LogDevObjectVersion:   Dev-LoadTimes (C2A15278-BFE7-4AFE-6C17-90FF531DF755): 1
LogDevObjectVersion:   Private-Geometry (6EACA3D4-40EC-4CC1-B786-8BED09428FC5): 3
LogDevObjectVersion:   Dev-AnimPhys (29E575DD-E0A3-4627-9D10-D276232CDCEA): 17
LogDevObjectVersion:   Dev-Anim (AF43A65D-7FD3-4947-9873-3E8ED9C1BB05): 15
LogDevObjectVersion:   Dev-ReflectionCapture (6B266CEC-1EC7-4B8F-A30B-E4D90942FC07): 1
LogDevObjectVersion:   Dev-Automation (0DF73D61-A23F-47EA-B727-89E90C41499A): 1
LogDevObjectVersion:   FortniteMain (601D1886-AC64-4F84-AA16-D3DE0DEAC7D6): 47
LogDevObjectVersion:   FortniteRelease (E7086368-6B23-4C58-8439-1B7016265E91): 1
LogDevObjectVersion:   Dev-Enterprise (9DFFBCD6-494F-0158-E221-12823C92A888): 10
LogDevObjectVersion:   Dev-Niagara (F2AED0AC-9AFE-416F-8664-AA7FFA26D6FC): 1
LogDevObjectVersion:   Dev-Destruction (174F1F0B-B4C6-45A5-B13F-2EE8D0FB917D): 10
LogDevObjectVersion:   Dev-Physics-Ext (35F94A83-E258-406C-A318-09F59610247C): 41
LogDevObjectVersion:   Dev-PhysicsMaterial-Chaos (B68FC16E-8B1B-42E2-B453-215C058844FE): 1
LogDevObjectVersion:   Dev-CineCamera (B2E18506-4273-CFC2-A54E-F4BB758BBA07): 1
LogDevObjectVersion:   Dev-VirtualProduction (64F58936-FD1B-42BA-BA96-7289D5D0FA4E): 1
LogDevObjectVersion:   Dev-MediaFramework (6F0ED827-A609-4895-9C91-998D90180EA4): 2
LogInit: Presizing for max 25165824 objects, including 0 objects not considered by GC, pre-allocating 0 bytes for permanent pool.
LogConfig: Applying CVar settings from Section [/Script/Engine.StreamingSettings] File [D:/GitHub/NetShootRewrite/Saved/Config/Windows/Engine.ini]
LogConfig: Setting CVar [[s.MinBulkDataSizeForAsyncLoading:131072]]
LogConfig: Setting CVar [[s.AsyncLoadingThreadEnabled:0]]
LogConfig: Setting CVar [[s.EventDrivenLoaderEnabled:1]]
LogConfig: Setting CVar [[s.WarnIfTimeLimitExceeded:0]]
LogConfig: Setting CVar [[s.TimeLimitExceededMultiplier:1.5]]
LogConfig: Setting CVar [[s.TimeLimitExceededMinTime:0.005]]
LogConfig: Setting CVar [[s.UseBackgroundLevelStreaming:1]]
LogConfig: Setting CVar [[s.PriorityAsyncLoadingExtraTime:15.0]]
LogConfig: Setting CVar [[s.LevelStreamingActorsUpdateTimeLimit:5.0]]
LogConfig: Setting CVar [[s.PriorityLevelStreamingActorsUpdateExtraTime:5.0]]
LogConfig: Setting CVar [[s.LevelStreamingComponentsRegistrationGranularity:10]]
LogConfig: Setting CVar [[s.UnregisterComponentsTimeLimit:1.0]]
LogConfig: Setting CVar [[s.LevelStreamingComponentsUnregistrationGranularity:5]]
LogConfig: Setting CVar [[s.FlushStreamingOnExit:1]]
LogInit: Object subsystem initialized
LogConfig: Setting CVar [[con.DebugEarlyDefault:1]]
LogConfig: Setting CVar [[r.setres:1280x720]]
[2024.03.17-15.45.47:043][  0]LogConfig: Setting CVar [[r.VSync:0]]
[2024.03.17-15.45.47:043][  0]LogConfig: Setting CVar [[r.RHICmdBypass:0]]
[2024.03.17-15.45.47:043][  0]LogConfig: Applying CVar settings from Section [/Script/Engine.RendererSettings] File [D:/GitHub/NetShootRewrite/Saved/Config/Windows/Engine.ini]
[2024.03.17-15.45.47:043][  0]LogConfig: Setting CVar [[r.GPUCrashDebugging:0]]
[2024.03.17-15.45.47:043][  0]LogConfig: Applying CVar settings from Section [/Script/Engine.RendererOverrideSettings] File [D:/GitHub/NetShootRewrite/Saved/Config/Windows/Engine.ini]
[2024.03.17-15.45.47:044][  0]LogConfig: Applying CVar settings from Section [/Script/Engine.StreamingSettings] File [D:/GitHub/NetShootRewrite/Saved/Config/Windows/Engine.ini]
[2024.03.17-15.45.47:044][  0]LogConfig: Setting CVar [[s.MinBulkDataSizeForAsyncLoading:131072]]
[2024.03.17-15.45.47:044][  0]LogConfig: Setting CVar [[s.AsyncLoadingThreadEnabled:0]]
[2024.03.17-15.45.47:044][  0]LogConfig: Setting CVar [[s.EventDrivenLoaderEnabled:1]]
[2024.03.17-15.45.47:044][  0]LogConfig: Setting CVar [[s.WarnIfTimeLimitExceeded:0]]
[2024.03.17-15.45.47:044][  0]LogConfig: Setting CVar [[s.TimeLimitExceededMultiplier:1.5]]
[2024.03.17-15.45.47:044][  0]LogConfig: Setting CVar [[s.TimeLimitExceededMinTime:0.005]]
[2024.03.17-15.45.47:044][  0]LogConfig: Setting CVar [[s.UseBackgroundLevelStreaming:1]]
[2024.03.17-15.45.47:044][  0]LogConfig: Setting CVar [[s.PriorityAsyncLoadingExtraTime:15.0]]
[2024.03.17-15.45.47:044][  0]LogConfig: Setting CVar [[s.LevelStreamingActorsUpdateTimeLimit:5.0]]
[2024.03.17-15.45.47:044][  0]LogConfig: Setting CVar [[s.PriorityLevelStreamingActorsUpdateExtraTime:5.0]]
[2024.03.17-15.45.47:044][  0]LogConfig: Setting CVar [[s.LevelStreamingComponentsRegistrationGranularity:10]]
[2024.03.17-15.45.47:044][  0]LogConfig: Setting CVar [[s.UnregisterComponentsTimeLimit:1.0]]
[2024.03.17-15.45.47:044][  0]LogConfig: Setting CVar [[s.LevelStreamingComponentsUnregistrationGranularity:5]]
[2024.03.17-15.45.47:044][  0]LogConfig: Setting CVar [[s.FlushStreamingOnExit:1]]
[2024.03.17-15.45.47:044][  0]LogConfig: Applying CVar settings from Section [/Script/Engine.GarbageCollectionSettings] File [D:/GitHub/NetShootRewrite/Saved/Config/Windows/Engine.ini]
[2024.03.17-15.45.47:044][  0]LogConfig: Setting CVar [[gc.MaxObjectsNotConsideredByGC:1]]
[2024.03.17-15.45.47:044][  0]LogConfig: Setting CVar [[gc.SizeOfPermanentObjectPool:0]]
[2024.03.17-15.45.47:044][  0]LogConfig: Setting CVar [[gc.FlushStreamingOnGC:0]]
[2024.03.17-15.45.47:044][  0]LogConfig: Setting CVar [[gc.NumRetriesBeforeForcingGC:10]]
[2024.03.17-15.45.47:044][  0]LogConfig: Setting CVar [[gc.AllowParallelGC:1]]
[2024.03.17-15.45.47:044][  0]LogConfig: Setting CVar [[gc.TimeBetweenPurgingPendingKillObjects:61.1]]
[2024.03.17-15.45.47:044][  0]LogConfig: Setting CVar [[gc.MaxObjectsInEditor:25165824]]
[2024.03.17-15.45.47:044][  0]LogConfig: Setting CVar [[gc.IncrementalBeginDestroyEnabled:1]]
[2024.03.17-15.45.47:044][  0]LogConfig: Setting CVar [[gc.CreateGCClusters:1]]
[2024.03.17-15.45.47:044][  0]LogConfig: Setting CVar [[gc.MinGCClusterSize:5]]
[2024.03.17-15.45.47:044][  0]LogConfig: Setting CVar [[gc.ActorClusteringEnabled:0]]
[2024.03.17-15.45.47:044][  0]LogConfig: Setting CVar [[gc.BlueprintClusteringEnabled:0]]
[2024.03.17-15.45.47:044][  0]LogConfig: Setting CVar [[gc.UseDisregardForGCOnDedicatedServers:0]]
[2024.03.17-15.45.47:044][  0]LogConfig: Setting CVar [[gc.MultithreadedDestructionEnabled:1]]
[2024.03.17-15.45.47:044][  0]LogConfig: Applying CVar settings from Section [/Script/Engine.NetworkSettings] File [D:/GitHub/NetShootRewrite/Saved/Config/Windows/Engine.ini]
[2024.03.17-15.45.47:044][  0]LogConfig: Applying CVar settings from Section [/Script/UnrealEd.CookerSettings] File [D:/GitHub/NetShootRewrite/Saved/Config/Windows/Engine.ini]
[2024.03.17-15.45.47:086][  0]LogConfig: Applying CVar settings from Section [ViewDistanceQuality@3] File [D:/GitHub/NetShootRewrite/Saved/Config/Windows/Scalability.ini]
[2024.03.17-15.45.47:086][  0]LogConfig: Setting CVar [[r.SkeletalMeshLODBias:0]]
[2024.03.17-15.45.47:086][  0]LogConfig: Setting CVar [[r.ViewDistanceScale:1.0]]
[2024.03.17-15.45.47:086][  0]LogConfig: Applying CVar settings from Section [AntiAliasingQuality@3] File [D:/GitHub/NetShootRewrite/Saved/Config/Windows/Scalability.ini]
[2024.03.17-15.45.47:086][  0]LogConfig: Setting CVar [[r.PostProcessAAQuality:4]]
[2024.03.17-15.45.47:086][  0]LogConfig: Applying CVar settings from Section [ShadowQuality@3] File [D:/GitHub/NetShootRewrite/Saved/Config/Windows/Scalability.ini]
[2024.03.17-15.45.47:086][  0]LogConfig: Setting CVar [[r.LightFunctionQuality:1]]
[2024.03.17-15.45.47:086][  0]LogConfig: Setting CVar [[r.ShadowQuality:5]]
[2024.03.17-15.45.47:086][  0]LogConfig: Setting CVar [[r.Shadow.CSM.MaxCascades:10]]
[2024.03.17-15.45.47:086][  0]LogConfig: Setting CVar [[r.Shadow.MaxResolution:2048]]
[2024.03.17-15.45.47:086][  0]LogConfig: Setting CVar [[r.Shadow.MaxCSMResolution:2048]]
[2024.03.17-15.45.47:086][  0]LogConfig: Setting CVar [[r.Shadow.RadiusThreshold:0.01]]
[2024.03.17-15.45.47:086][  0]LogConfig: Setting CVar [[r.Shadow.DistanceScale:1.0]]
[2024.03.17-15.45.47:086][  0]LogConfig: Setting CVar [[r.Shadow.CSM.TransitionScale:1.0]]
[2024.03.17-15.45.47:086][  0]LogConfig: Setting CVar [[r.Shadow.PreShadowResolutionFactor:1.0]]
[2024.03.17-15.45.47:086][  0]LogConfig: Setting CVar [[r.DistanceFieldShadowing:1]]
[2024.03.17-15.45.47:086][  0]LogConfig: Setting CVar [[r.DistanceFieldAO:1]]
[2024.03.17-15.45.47:086][  0]LogConfig: Setting CVar [[r.AOQuality:2]]
[2024.03.17-15.45.47:086][  0]LogConfig: Setting CVar [[r.VolumetricFog:1]]
[2024.03.17-15.45.47:086][  0]LogConfig: Setting CVar [[r.VolumetricFog.GridPixelSize:8]]
[2024.03.17-15.45.47:086][  0]LogConfig: Setting CVar [[r.VolumetricFog.GridSizeZ:128]]
[2024.03.17-15.45.47:086][  0]LogConfig: Setting CVar [[r.VolumetricFog.HistoryMissSupersampleCount:4]]
[2024.03.17-15.45.47:086][  0]LogConfig: Setting CVar [[r.LightMaxDrawDistanceScale:1]]
[2024.03.17-15.45.47:086][  0]LogConfig: Setting CVar [[r.CapsuleShadows:1]]
[2024.03.17-15.45.47:086][  0]LogConfig: Applying CVar settings from Section [PostProcessQuality@3] File [D:/GitHub/NetShootRewrite/Saved/Config/Windows/Scalability.ini]
[2024.03.17-15.45.47:086][  0]LogConfig: Setting CVar [[r.MotionBlurQuality:4]]
[2024.03.17-15.45.47:086][  0]LogConfig: Setting CVar [[r.AmbientOcclusionMipLevelFactor:0.4]]
[2024.03.17-15.45.47:086][  0]LogConfig: Setting CVar [[r.AmbientOcclusionMaxQuality:100]]
[2024.03.17-15.45.47:086][  0]LogConfig: Setting CVar [[r.AmbientOcclusionLevels:-1]]
[2024.03.17-15.45.47:086][  0]LogConfig: Setting CVar [[r.AmbientOcclusionRadiusScale:1.0]]
[2024.03.17-15.45.47:086][  0]LogConfig: Setting CVar [[r.DepthOfFieldQuality:2]]
[2024.03.17-15.45.47:086][  0]LogConfig: Setting CVar [[r.RenderTargetPoolMin:400]]
[2024.03.17-15.45.47:086][  0]LogConfig: Setting CVar [[r.LensFlareQuality:2]]
[2024.03.17-15.45.47:086][  0]LogConfig: Setting CVar [[r.SceneColorFringeQuality:1]]
[2024.03.17-15.45.47:086][  0]LogConfig: Setting CVar [[r.EyeAdaptationQuality:2]]
[2024.03.17-15.45.47:086][  0]LogConfig: Setting CVar [[r.BloomQuality:5]]
[2024.03.17-15.45.47:086][  0]LogConfig: Setting CVar [[r.FastBlurThreshold:100]]
[2024.03.17-15.45.47:086][  0]LogConfig: Setting CVar [[r.Upscale.Quality:3]]
[2024.03.17-15.45.47:086][  0]LogConfig: Setting CVar [[r.Tonemapper.GrainQuantization:1]]
[2024.03.17-15.45.47:086][  0]LogConfig: Setting CVar [[r.LightShaftQuality:1]]
[2024.03.17-15.45.47:086][  0]LogConfig: Setting CVar [[r.Filter.SizeScale:1]]
[2024.03.17-15.45.47:086][  0]LogConfig: Setting CVar [[r.Tonemapper.Quality:5]]
[2024.03.17-15.45.47:086][  0]LogConfig: Setting CVar [[r.DOF.Gather.AccumulatorQuality:1        ; higher gathering accumulator quality]]
[2024.03.17-15.45.47:086][  0]LogConfig: Setting CVar [[r.DOF.Gather.PostfilterMethod:1          ; Median3x3 postfilering method]]
[2024.03.17-15.45.47:086][  0]LogConfig: Setting CVar [[r.DOF.Gather.EnableBokehSettings:0       ; no bokeh simulation when gathering]]
[2024.03.17-15.45.47:086][  0]LogConfig: Setting CVar [[r.DOF.Gather.RingCount:4                 ; medium number of samples when gathering]]
[2024.03.17-15.45.47:086][  0]LogConfig: Setting CVar [[r.DOF.Scatter.ForegroundCompositing:1    ; additive foreground scattering]]
[2024.03.17-15.45.47:086][  0]LogConfig: Setting CVar [[r.DOF.Scatter.BackgroundCompositing:2    ; additive background scattering]]
[2024.03.17-15.45.47:086][  0]LogConfig: Setting CVar [[r.DOF.Scatter.EnableBokehSettings:1      ; bokeh simulation when scattering]]
[2024.03.17-15.45.47:086][  0]LogConfig: Setting CVar [[r.DOF.Scatter.MaxSpriteRatio:0.1         ; only a maximum of 10% of scattered bokeh]]
[2024.03.17-15.45.47:086][  0]LogConfig: Setting CVar [[r.DOF.Recombine.Quality:1                ; cheap slight out of focus]]
[2024.03.17-15.45.47:086][  0]LogConfig: Setting CVar [[r.DOF.Recombine.EnableBokehSettings:0    ; no bokeh simulation on slight out of focus]]
[2024.03.17-15.45.47:086][  0]LogConfig: Setting CVar [[r.DOF.TemporalAAQuality:1                ; more stable temporal accumulation]]
[2024.03.17-15.45.47:086][  0]LogConfig: Setting CVar [[r.DOF.Kernel.MaxForegroundRadius:0.025]]
[2024.03.17-15.45.47:086][  0]LogConfig: Setting CVar [[r.DOF.Kernel.MaxBackgroundRadius:0.025]]
[2024.03.17-15.45.47:086][  0]LogConfig: Applying CVar settings from Section [TextureQuality@3] File [D:/GitHub/NetShootRewrite/Saved/Config/Windows/Scalability.ini]
[2024.03.17-15.45.47:086][  0]LogConfig: Setting CVar [[r.Streaming.MipBias:0]]
[2024.03.17-15.45.47:086][  0]LogConfig: Setting CVar [[r.Streaming.AmortizeCPUToGPUCopy:0]]
[2024.03.17-15.45.47:086][  0]LogConfig: Setting CVar [[r.Streaming.MaxNumTexturesToStreamPerFrame:0]]
[2024.03.17-15.45.47:086][  0]LogConfig: Setting CVar [[r.Streaming.Boost:1]]
[2024.03.17-15.45.47:086][  0]LogConfig: Setting CVar [[r.MaxAnisotropy:8]]
[2024.03.17-15.45.47:086][  0]LogConfig: Setting CVar [[r.VT.MaxAnisotropy:8]]
[2024.03.17-15.45.47:086][  0]LogConfig: Setting CVar [[r.Streaming.LimitPoolSizeToVRAM:0]]
[2024.03.17-15.45.47:086][  0]LogConfig: Setting CVar [[r.Streaming.PoolSize:1000]]
[2024.03.17-15.45.47:086][  0]LogConfig: Setting CVar [[r.Streaming.MaxEffectiveScreenSize:0]]
[2024.03.17-15.45.47:086][  0]LogConfig: Applying CVar settings from Section [EffectsQuality@3] File [D:/GitHub/NetShootRewrite/Saved/Config/Windows/Scalability.ini]
[2024.03.17-15.45.47:086][  0]LogConfig: Setting CVar [[r.TranslucencyLightingVolumeDim:64]]
[2024.03.17-15.45.47:086][  0]LogConfig: Setting CVar [[r.RefractionQuality:2]]
[2024.03.17-15.45.47:086][  0]LogConfig: Setting CVar [[r.SSR.Quality:3]]
[2024.03.17-15.45.47:086][  0]LogConfig: Setting CVar [[r.SSR.HalfResSceneColor:0]]
[2024.03.17-15.45.47:086][  0]LogConfig: Setting CVar [[r.SceneColorFormat:4]]
[2024.03.17-15.45.47:086][  0]LogConfig: Setting CVar [[r.DetailMode:2]]
[2024.03.17-15.45.47:086][  0]LogConfig: Setting CVar [[r.TranslucencyVolumeBlur:1]]
[2024.03.17-15.45.47:086][  0]LogConfig: Setting CVar [[r.MaterialQualityLevel:1 ; High quality]]
[2024.03.17-15.45.47:086][  0]LogConfig: Setting CVar [[r.AnisotropicMaterials:1]]
[2024.03.17-15.45.47:086][  0]LogConfig: Setting CVar [[r.SSS.Scale:1]]
[2024.03.17-15.45.47:086][  0]LogConfig: Setting CVar [[r.SSS.SampleSet:2]]
[2024.03.17-15.45.47:086][  0]LogConfig: Setting CVar [[r.SSS.Quality:1]]
[2024.03.17-15.45.47:086][  0]LogConfig: Setting CVar [[r.SSS.HalfRes:0]]
[2024.03.17-15.45.47:086][  0]LogConfig: Setting CVar [[r.SSGI.Quality:3]]
[2024.03.17-15.45.47:086][  0]LogConfig: Setting CVar [[r.EmitterSpawnRateScale:1.0]]
[2024.03.17-15.45.47:087][  0]LogConfig: Setting CVar [[r.ParticleLightQuality:2]]
[2024.03.17-15.45.47:087][  0]LogConfig: Setting CVar [[r.SkyAtmosphere.AerialPerspectiveLUT.FastApplyOnOpaque:1 ; Always have FastSkyLUT 1 in this case to avoid wrong sky]]
[2024.03.17-15.45.47:087][  0]LogConfig: Setting CVar [[r.SkyAtmosphere.AerialPerspectiveLUT.SampleCountMaxPerSlice:4]]
[2024.03.17-15.45.47:087][  0]LogConfig: Setting CVar [[r.SkyAtmosphere.AerialPerspectiveLUT.DepthResolution:16.0]]
[2024.03.17-15.45.47:087][  0]LogConfig: Setting CVar [[r.SkyAtmosphere.FastSkyLUT:1]]
[2024.03.17-15.45.47:087][  0]LogConfig: Setting CVar [[r.SkyAtmosphere.FastSkyLUT.SampleCountMin:4.0]]
[2024.03.17-15.45.47:087][  0]LogConfig: Setting CVar [[r.SkyAtmosphere.FastSkyLUT.SampleCountMax:128.0]]
[2024.03.17-15.45.47:087][  0]LogConfig: Setting CVar [[r.SkyAtmosphere.SampleCountMin:4.0]]
[2024.03.17-15.45.47:087][  0]LogConfig: Setting CVar [[r.SkyAtmosphere.SampleCountMax:128.0]]
[2024.03.17-15.45.47:087][  0]LogConfig: Setting CVar [[r.SkyAtmosphere.TransmittanceLUT.UseSmallFormat:0]]
[2024.03.17-15.45.47:087][  0]LogConfig: Setting CVar [[r.SkyAtmosphere.TransmittanceLUT.SampleCount:10.0]]
[2024.03.17-15.45.47:087][  0]LogConfig: Setting CVar [[r.SkyAtmosphere.MultiScatteringLUT.SampleCount:15.0]]
[2024.03.17-15.45.47:087][  0]LogConfig: Setting CVar [[r.SkyLight.RealTimeReflectionCapture:1]]
[2024.03.17-15.45.47:087][  0]LogConfig: Applying CVar settings from Section [FoliageQuality@3] File [D:/GitHub/NetShootRewrite/Saved/Config/Windows/Scalability.ini]
[2024.03.17-15.45.47:087][  0]LogConfig: Setting CVar [[foliage.DensityScale:1.0]]
[2024.03.17-15.45.47:087][  0]LogConfig: Setting CVar [[grass.DensityScale:1.0]]
[2024.03.17-15.45.47:087][  0]LogConfig: Applying CVar settings from Section [ShadingQuality@3] File [D:/GitHub/NetShootRewrite/Saved/Config/Windows/Scalability.ini]
[2024.03.17-15.45.47:087][  0]LogConfig: Setting CVar [[r.HairStrands.SkyLighting.IntegrationType:2]]
[2024.03.17-15.45.47:087][  0]LogConfig: Setting CVar [[r.HairStrands.SkyAO.SampleCount:4]]
[2024.03.17-15.45.47:087][  0]LogConfig: Setting CVar [[r.HairStrands.Visibility.MSAA.SamplePerPixel:4]]
[2024.03.17-15.45.47:087][  0]LogInit: Selected Device Profile: [Windows]
[2024.03.17-15.45.47:087][  0]LogInit: Applying CVar settings loaded from the selected device profile: [Windows]
[2024.03.17-15.45.47:087][  0]LogHAL: Display: Platform has ~ 16 GB [17105735680 / 17179869184 / 16], which maps to Larger [LargestMinGB=32, LargerMinGB=12, DefaultMinGB=8, SmallerMinGB=6, SmallestMinGB=0)
[2024.03.17-15.45.47:087][  0]LogInit: Going up to parent DeviceProfile []
[2024.03.17-15.45.47:087][  0]LogConfig: Applying CVar settings from Section [ViewDistanceQuality@3] File [D:/GitHub/NetShootRewrite/Saved/Config/Windows/Scalability.ini]
[2024.03.17-15.45.47:087][  0]LogConfig: Setting CVar [[r.SkeletalMeshLODBias:0]]
[2024.03.17-15.45.47:087][  0]LogConfig: Setting CVar [[r.ViewDistanceScale:1.0]]
[2024.03.17-15.45.47:087][  0]LogConfig: Applying CVar settings from Section [AntiAliasingQuality@3] File [D:/GitHub/NetShootRewrite/Saved/Config/Windows/Scalability.ini]
[2024.03.17-15.45.47:087][  0]LogConfig: Setting CVar [[r.PostProcessAAQuality:4]]
[2024.03.17-15.45.47:087][  0]LogConfig: Applying CVar settings from Section [ShadowQuality@3] File [D:/GitHub/NetShootRewrite/Saved/Config/Windows/Scalability.ini]
[2024.03.17-15.45.47:087][  0]LogConfig: Setting CVar [[r.LightFunctionQuality:1]]
[2024.03.17-15.45.47:087][  0]LogConfig: Setting CVar [[r.ShadowQuality:5]]
[2024.03.17-15.45.47:087][  0]LogConfig: Setting CVar [[r.Shadow.CSM.MaxCascades:10]]
[2024.03.17-15.45.47:087][  0]LogConfig: Setting CVar [[r.Shadow.MaxResolution:2048]]
[2024.03.17-15.45.47:087][  0]LogConfig: Setting CVar [[r.Shadow.MaxCSMResolution:2048]]
[2024.03.17-15.45.47:087][  0]LogConfig: Setting CVar [[r.Shadow.RadiusThreshold:0.01]]
[2024.03.17-15.45.47:087][  0]LogConfig: Setting CVar [[r.Shadow.DistanceScale:1.0]]
[2024.03.17-15.45.47:087][  0]LogConfig: Setting CVar [[r.Shadow.CSM.TransitionScale:1.0]]
[2024.03.17-15.45.47:087][  0]LogConfig: Setting CVar [[r.Shadow.PreShadowResolutionFactor:1.0]]
[2024.03.17-15.45.47:087][  0]LogConfig: Setting CVar [[r.DistanceFieldShadowing:1]]
[2024.03.17-15.45.47:087][  0]LogConfig: Setting CVar [[r.DistanceFieldAO:1]]
[2024.03.17-15.45.47:087][  0]LogConfig: Setting CVar [[r.AOQuality:2]]
[2024.03.17-15.45.47:087][  0]LogConfig: Setting CVar [[r.VolumetricFog:1]]
[2024.03.17-15.45.47:087][  0]LogConfig: Setting CVar [[r.VolumetricFog.GridPixelSize:8]]
[2024.03.17-15.45.47:087][  0]LogConfig: Setting CVar [[r.VolumetricFog.GridSizeZ:128]]
[2024.03.17-15.45.47:087][  0]LogConfig: Setting CVar [[r.VolumetricFog.HistoryMissSupersampleCount:4]]
[2024.03.17-15.45.47:087][  0]LogConfig: Setting CVar [[r.LightMaxDrawDistanceScale:1]]
[2024.03.17-15.45.47:087][  0]LogConfig: Setting CVar [[r.CapsuleShadows:1]]
[2024.03.17-15.45.47:087][  0]LogConfig: Applying CVar settings from Section [PostProcessQuality@3] File [D:/GitHub/NetShootRewrite/Saved/Config/Windows/Scalability.ini]
[2024.03.17-15.45.47:087][  0]LogConfig: Setting CVar [[r.MotionBlurQuality:4]]
[2024.03.17-15.45.47:087][  0]LogConfig: Setting CVar [[r.AmbientOcclusionMipLevelFactor:0.4]]
[2024.03.17-15.45.47:087][  0]LogConfig: Setting CVar [[r.AmbientOcclusionMaxQuality:100]]
[2024.03.17-15.45.47:087][  0]LogConfig: Setting CVar [[r.AmbientOcclusionLevels:-1]]
[2024.03.17-15.45.47:087][  0]LogConfig: Setting CVar [[r.AmbientOcclusionRadiusScale:1.0]]
[2024.03.17-15.45.47:087][  0]LogConfig: Setting CVar [[r.DepthOfFieldQuality:2]]
[2024.03.17-15.45.47:087][  0]LogConfig: Setting CVar [[r.RenderTargetPoolMin:400]]
[2024.03.17-15.45.47:087][  0]LogConfig: Setting CVar [[r.LensFlareQuality:2]]
[2024.03.17-15.45.47:087][  0]LogConfig: Setting CVar [[r.SceneColorFringeQuality:1]]
[2024.03.17-15.45.47:087][  0]LogConfig: Setting CVar [[r.EyeAdaptationQuality:2]]
[2024.03.17-15.45.47:087][  0]LogConfig: Setting CVar [[r.BloomQuality:5]]
[2024.03.17-15.45.47:087][  0]LogConfig: Setting CVar [[r.FastBlurThreshold:100]]
[2024.03.17-15.45.47:087][  0]LogConfig: Setting CVar [[r.Upscale.Quality:3]]
[2024.03.17-15.45.47:087][  0]LogConfig: Setting CVar [[r.Tonemapper.GrainQuantization:1]]
[2024.03.17-15.45.47:087][  0]LogConfig: Setting CVar [[r.LightShaftQuality:1]]
[2024.03.17-15.45.47:087][  0]LogConfig: Setting CVar [[r.Filter.SizeScale:1]]
[2024.03.17-15.45.47:087][  0]LogConfig: Setting CVar [[r.Tonemapper.Quality:5]]
[2024.03.17-15.45.47:087][  0]LogConfig: Setting CVar [[r.DOF.Gather.AccumulatorQuality:1        ; higher gathering accumulator quality]]
[2024.03.17-15.45.47:087][  0]LogConfig: Setting CVar [[r.DOF.Gather.PostfilterMethod:1          ; Median3x3 postfilering method]]
[2024.03.17-15.45.47:087][  0]LogConfig: Setting CVar [[r.DOF.Gather.EnableBokehSettings:0       ; no bokeh simulation when gathering]]
[2024.03.17-15.45.47:087][  0]LogConfig: Setting CVar [[r.DOF.Gather.RingCount:4                 ; medium number of samples when gathering]]
[2024.03.17-15.45.47:087][  0]LogConfig: Setting CVar [[r.DOF.Scatter.ForegroundCompositing:1    ; additive foreground scattering]]
[2024.03.17-15.45.47:087][  0]LogConfig: Setting CVar [[r.DOF.Scatter.BackgroundCompositing:2    ; additive background scattering]]
[2024.03.17-15.45.47:087][  0]LogConfig: Setting CVar [[r.DOF.Scatter.EnableBokehSettings:1      ; bokeh simulation when scattering]]
[2024.03.17-15.45.47:087][  0]LogConfig: Setting CVar [[r.DOF.Scatter.MaxSpriteRatio:0.1         ; only a maximum of 10% of scattered bokeh]]
[2024.03.17-15.45.47:087][  0]LogConfig: Setting CVar [[r.DOF.Recombine.Quality:1                ; cheap slight out of focus]]
[2024.03.17-15.45.47:087][  0]LogConfig: Setting CVar [[r.DOF.Recombine.EnableBokehSettings:0    ; no bokeh simulation on slight out of focus]]
[2024.03.17-15.45.47:087][  0]LogConfig: Setting CVar [[r.DOF.TemporalAAQuality:1                ; more stable temporal accumulation]]
[2024.03.17-15.45.47:087][  0]LogConfig: Setting CVar [[r.DOF.Kernel.MaxForegroundRadius:0.025]]
[2024.03.17-15.45.47:087][  0]LogConfig: Setting CVar [[r.DOF.Kernel.MaxBackgroundRadius:0.025]]
[2024.03.17-15.45.47:087][  0]LogConfig: Applying CVar settings from Section [TextureQuality@3] File [D:/GitHub/NetShootRewrite/Saved/Config/Windows/Scalability.ini]
[2024.03.17-15.45.47:088][  0]LogConfig: Setting CVar [[r.Streaming.MipBias:0]]
[2024.03.17-15.45.47:088][  0]LogConfig: Setting CVar [[r.Streaming.AmortizeCPUToGPUCopy:0]]
[2024.03.17-15.45.47:088][  0]LogConfig: Setting CVar [[r.Streaming.MaxNumTexturesToStreamPerFrame:0]]
[2024.03.17-15.45.47:088][  0]LogConfig: Setting CVar [[r.Streaming.Boost:1]]
[2024.03.17-15.45.47:088][  0]LogConfig: Setting CVar [[r.MaxAnisotropy:8]]
[2024.03.17-15.45.47:088][  0]LogConfig: Setting CVar [[r.VT.MaxAnisotropy:8]]
[2024.03.17-15.45.47:088][  0]LogConfig: Setting CVar [[r.Streaming.LimitPoolSizeToVRAM:0]]
[2024.03.17-15.45.47:088][  0]LogConfig: Setting CVar [[r.Streaming.PoolSize:1000]]
[2024.03.17-15.45.47:088][  0]LogConfig: Setting CVar [[r.Streaming.MaxEffectiveScreenSize:0]]
[2024.03.17-15.45.47:088][  0]LogConfig: Applying CVar settings from Section [EffectsQuality@3] File [D:/GitHub/NetShootRewrite/Saved/Config/Windows/Scalability.ini]
[2024.03.17-15.45.47:088][  0]LogConfig: Setting CVar [[r.TranslucencyLightingVolumeDim:64]]
[2024.03.17-15.45.47:088][  0]LogConfig: Setting CVar [[r.RefractionQuality:2]]
[2024.03.17-15.45.47:088][  0]LogConfig: Setting CVar [[r.SSR.Quality:3]]
[2024.03.17-15.45.47:088][  0]LogConfig: Setting CVar [[r.SSR.HalfResSceneColor:0]]
[2024.03.17-15.45.47:088][  0]LogConfig: Setting CVar [[r.SceneColorFormat:4]]
[2024.03.17-15.45.47:088][  0]LogConfig: Setting CVar [[r.DetailMode:2]]
[2024.03.17-15.45.47:088][  0]LogConfig: Setting CVar [[r.TranslucencyVolumeBlur:1]]
[2024.03.17-15.45.47:088][  0]LogConfig: Setting CVar [[r.MaterialQualityLevel:1 ; High quality]]
[2024.03.17-15.45.47:088][  0]LogConfig: Setting CVar [[r.AnisotropicMaterials:1]]
[2024.03.17-15.45.47:088][  0]LogConfig: Setting CVar [[r.SSS.Scale:1]]
[2024.03.17-15.45.47:088][  0]LogConfig: Setting CVar [[r.SSS.SampleSet:2]]
[2024.03.17-15.45.47:088][  0]LogConfig: Setting CVar [[r.SSS.Quality:1]]
[2024.03.17-15.45.47:088][  0]LogConfig: Setting CVar [[r.SSS.HalfRes:0]]
[2024.03.17-15.45.47:088][  0]LogConfig: Setting CVar [[r.SSGI.Quality:3]]
[2024.03.17-15.45.47:088][  0]LogConfig: Setting CVar [[r.EmitterSpawnRateScale:1.0]]
[2024.03.17-15.45.47:088][  0]LogConfig: Setting CVar [[r.ParticleLightQuality:2]]
[2024.03.17-15.45.47:088][  0]LogConfig: Setting CVar [[r.SkyAtmosphere.AerialPerspectiveLUT.FastApplyOnOpaque:1 ; Always have FastSkyLUT 1 in this case to avoid wrong sky]]
[2024.03.17-15.45.47:088][  0]LogConfig: Setting CVar [[r.SkyAtmosphere.AerialPerspectiveLUT.SampleCountMaxPerSlice:4]]
[2024.03.17-15.45.47:088][  0]LogConfig: Setting CVar [[r.SkyAtmosphere.AerialPerspectiveLUT.DepthResolution:16.0]]
[2024.03.17-15.45.47:088][  0]LogConfig: Setting CVar [[r.SkyAtmosphere.FastSkyLUT:1]]
[2024.03.17-15.45.47:088][  0]LogConfig: Setting CVar [[r.SkyAtmosphere.FastSkyLUT.SampleCountMin:4.0]]
[2024.03.17-15.45.47:088][  0]LogConfig: Setting CVar [[r.SkyAtmosphere.FastSkyLUT.SampleCountMax:128.0]]
[2024.03.17-15.45.47:088][  0]LogConfig: Setting CVar [[r.SkyAtmosphere.SampleCountMin:4.0]]
[2024.03.17-15.45.47:088][  0]LogConfig: Setting CVar [[r.SkyAtmosphere.SampleCountMax:128.0]]
[2024.03.17-15.45.47:088][  0]LogConfig: Setting CVar [[r.SkyAtmosphere.TransmittanceLUT.UseSmallFormat:0]]
[2024.03.17-15.45.47:088][  0]LogConfig: Setting CVar [[r.SkyAtmosphere.TransmittanceLUT.SampleCount:10.0]]
[2024.03.17-15.45.47:088][  0]LogConfig: Setting CVar [[r.SkyAtmosphere.MultiScatteringLUT.SampleCount:15.0]]
[2024.03.17-15.45.47:088][  0]LogConfig: Setting CVar [[r.SkyLight.RealTimeReflectionCapture:1]]
[2024.03.17-15.45.47:088][  0]LogConfig: Applying CVar settings from Section [FoliageQuality@3] File [D:/GitHub/NetShootRewrite/Saved/Config/Windows/Scalability.ini]
[2024.03.17-15.45.47:088][  0]LogConfig: Setting CVar [[foliage.DensityScale:1.0]]
[2024.03.17-15.45.47:088][  0]LogConfig: Setting CVar [[grass.DensityScale:1.0]]
[2024.03.17-15.45.47:088][  0]LogConfig: Applying CVar settings from Section [ShadingQuality@3] File [D:/GitHub/NetShootRewrite/Saved/Config/Windows/Scalability.ini]
[2024.03.17-15.45.47:088][  0]LogConfig: Setting CVar [[r.HairStrands.SkyLighting.IntegrationType:2]]
[2024.03.17-15.45.47:088][  0]LogConfig: Setting CVar [[r.HairStrands.SkyAO.SampleCount:4]]
[2024.03.17-15.45.47:088][  0]LogConfig: Setting CVar [[r.HairStrands.Visibility.MSAA.SamplePerPixel:4]]
[2024.03.17-15.45.47:088][  0]LogConfig: Applying CVar settings from Section [Startup] File [../../../Engine/Config/ConsoleVariables.ini]
[2024.03.17-15.45.47:088][  0]LogConfig: Setting CVar [[net.UseAdaptiveNetUpdateFrequency:0]]
[2024.03.17-15.45.47:088][  0]LogConfig: Setting CVar [[p.chaos.AllowCreatePhysxBodies:1]]
[2024.03.17-15.45.47:088][  0]LogConfig: Setting CVar [[fx.SkipVectorVMBackendOptimizations:1]]
[2024.03.17-15.45.47:088][  0]LogConfig: Applying CVar settings from Section [ConsoleVariables] File [D:/GitHub/NetShootRewrite/Saved/Config/Windows/Engine.ini]
[2024.03.17-15.45.47:088][  0]LogConfig: Applying CVar settings from Section [ConsoleVariables] File [D:/GitHub/NetShootRewrite/Saved/Config/Windows/Editor.ini]
[2024.03.17-15.45.47:088][  0]LogInit: Computer: DESKTOP-6POMQQ5
[2024.03.17-15.45.47:088][  0]LogInit: User: ZTT
[2024.03.17-15.45.47:088][  0]LogInit: CPU Page size=4096, Cores=6
[2024.03.17-15.45.47:088][  0]LogInit: High frequency timer resolution =10.000000 MHz
[2024.03.17-15.45.47:089][  0]LogMemory: Memory total: Physical=15.9GB (16GB approx)
[2024.03.17-15.45.47:089][  0]LogMemory: Platform Memory Stats for Windows
[2024.03.17-15.45.47:089][  0]LogMemory: Process Physical Memory: 143.84 MB used, 143.84 MB peak
[2024.03.17-15.45.47:089][  0]LogMemory: Process Virtual Memory: 112.31 MB used, 112.31 MB peak
[2024.03.17-15.45.47:089][  0]LogMemory: Physical Memory: 13006.79 MB used,  3306.52 MB free, 16313.30 MB total
[2024.03.17-15.45.47:089][  0]LogMemory: Virtual Memory: 134205792.00 MB used,  11933.61 MB free, 134217728.00 MB total
[2024.03.17-15.45.47:096][  0]LogWindows: WindowsPlatformFeatures enabled
[2024.03.17-15.45.47:131][  0]LogInit: Physics initialised using underlying interface: PhysX
[2024.03.17-15.45.47:132][  0]LogInit: Overriding language with editor language configuration option (zh-Hans).
[2024.03.17-15.45.47:132][  0]LogInit: Using OS detected locale (zh-CN).
[2024.03.17-15.45.47:265][  0]LogTextLocalizationResource: LocRes '../../../Engine/Content/Localization/Editor/zh/Editor.locres' could not be opened for reading!
[2024.03.17-15.45.47:265][  0]LogTextLocalizationResource: LocRes '../../../Engine/Content/Localization/EditorTutorials/zh/EditorTutorials.locres' could not be opened for reading!
[2024.03.17-15.45.47:266][  0]LogTextLocalizationResource: LocRes '../../../Engine/Content/Localization/Keywords/zh/Keywords.locres' could not be opened for reading!
[2024.03.17-15.45.47:266][  0]LogTextLocalizationResource: LocRes '../../../Engine/Content/Localization/Category/zh/Category.locres' could not be opened for reading!
[2024.03.17-15.45.47:266][  0]LogTextLocalizationResource: LocRes '../../../Engine/Content/Localization/ToolTips/zh/ToolTips.locres' could not be opened for reading!
[2024.03.17-15.45.47:266][  0]LogTextLocalizationResource: LocRes '../../../Engine/Content/Localization/Engine/zh/Engine.locres' could not be opened for reading!
[2024.03.17-15.45.47:266][  0]LogTextLocalizationResource: LocRes '../../../Engine/Plugins/Online/OnlineSubsystem/Content/Localization/OnlineSubsystem/zh/OnlineSubsystem.locres' could not be opened for reading!
[2024.03.17-15.45.47:266][  0]LogTextLocalizationResource: LocRes '../../../Engine/Plugins/Online/OnlineSubsystemUtils/Content/Localization/OnlineSubsystemUtils/zh/OnlineSubsystemUtils.locres' could not be opened for reading!
[2024.03.17-15.45.47:267][  0]LogTextLocalizationResource: LocRes '../../../Engine/Plugins/Online/Android/OnlineSubsystemGooglePlay/Content/Localization/OnlineSubsystemGooglePlay/zh/OnlineSubsystemGooglePlay.locres' could not be opened for reading!
[2024.03.17-15.45.47:267][  0]LogTextLocalizationResource: LocRes '../../../Engine/Plugins/Online/IOS/OnlineSubsystemIOS/Content/Localization/OnlineSubsystemIOS/zh/OnlineSubsystemIOS.locres' could not be opened for reading!
[2024.03.17-15.45.47:292][  0]LogInit: Setting process to per monitor DPI aware
[2024.03.17-15.45.47:386][  0]LogWindowsTextInputMethodSystem: Display: IME system deactivated.
[2024.03.17-15.45.47:405][  0]LogSlate: New Slate User Created.  User Index 0, Is Virtual User: 0
[2024.03.17-15.45.47:405][  0]LogSlate: Slate User Registered.  User Index 0, Is Virtual User: 0
[2024.03.17-15.45.47:760][  0]LogD3D11RHI: Loaded GFSDK_Aftermath_Lib.x64.dll
[2024.03.17-15.45.47:764][  0]LogHMD: Failed to initialize OpenVR with code 110
[2024.03.17-15.45.47:764][  0]LogD3D11RHI: D3D11 min allowed feature level: 11_0
[2024.03.17-15.45.47:764][  0]LogD3D11RHI: D3D11 max allowed feature level: 11_0
[2024.03.17-15.45.47:764][  0]LogD3D11RHI: D3D11 adapters:
[2024.03.17-15.45.47:987][  0]LogD3D11RHI:    0. 'NVIDIA GeForce GTX 1660 Ti' (Feature Level 11_0)
[2024.03.17-15.45.47:987][  0]LogD3D11RHI:       5979/0/8156 MB DedicatedVideo/DedicatedSystem/SharedSystem, Outputs:1, VendorId:0x10de
[2024.03.17-15.45.47:991][  0]LogD3D11RHI:    1. 'Microsoft Basic Render Driver' (Feature Level 11_0)
[2024.03.17-15.45.47:991][  0]LogD3D11RHI:       0/0/8156 MB DedicatedVideo/DedicatedSystem/SharedSystem, Outputs:0, VendorId:0x1414
[2024.03.17-15.45.48:100][  0]LogD3D11RHI:    2. 'NVIDIA GeForce GTX 1660 Ti' (Feature Level 11_0)
[2024.03.17-15.45.48:100][  0]LogD3D11RHI:       5979/0/8156 MB DedicatedVideo/DedicatedSystem/SharedSystem, Outputs:0, VendorId:0x10de
[2024.03.17-15.45.48:100][  0]LogD3D11RHI: Chosen D3D11 Adapter:
[2024.03.17-15.45.48:100][  0]LogD3D11RHI:     Description : NVIDIA GeForce GTX 1660 Ti
[2024.03.17-15.45.48:100][  0]LogD3D11RHI:     VendorId    : 10de
[2024.03.17-15.45.48:100][  0]LogD3D11RHI:     DeviceId    : 2182
[2024.03.17-15.45.48:100][  0]LogD3D11RHI:     SubSysId    : 3fbe1458
[2024.03.17-15.45.48:100][  0]LogD3D11RHI:     Revision    : 00a1
[2024.03.17-15.45.48:101][  0]LogD3D11RHI:     DedicatedVideoMemory : 6269435904 bytes
[2024.03.17-15.45.48:101][  0]LogD3D11RHI:     DedicatedSystemMemory : 0 bytes
[2024.03.17-15.45.48:101][  0]LogD3D11RHI:     SharedSystemMemory : 8552867840 bytes
[2024.03.17-15.45.48:101][  0]LogD3D11RHI:     AdapterLuid : 0 51604
[2024.03.17-15.45.48:106][  0]LogD3D11RHI: Creating new Direct3DDevice
[2024.03.17-15.45.48:106][  0]LogD3D11RHI:     GPU DeviceId: 0x2182 (for the marketing name, search the web for "GPU Device Id")
[2024.03.17-15.45.48:106][  0]LogWindows: EnumDisplayDevices:
[2024.03.17-15.45.48:107][  0]LogWindows:    0. 'NVIDIA GeForce GTX 1660 Ti' (P:1 D:1)
[2024.03.17-15.45.48:107][  0]LogWindows:    1. 'NVIDIA GeForce GTX 1660 Ti' (P:0 D:0)
[2024.03.17-15.45.48:108][  0]LogWindows:    2. 'NVIDIA GeForce GTX 1660 Ti' (P:0 D:0)
[2024.03.17-15.45.48:109][  0]LogWindows:    3. 'NVIDIA GeForce GTX 1660 Ti' (P:0 D:0)
[2024.03.17-15.45.48:109][  0]LogWindows:    4. 'OrayIddDriver Device' (P:0 D:0)
[2024.03.17-15.45.48:110][  0]LogWindows:    5. 'OrayIddDriver Device' (P:0 D:0)
[2024.03.17-15.45.48:110][  0]LogWindows:    6. 'OrayIddDriver Device' (P:0 D:0)
[2024.03.17-15.45.48:111][  0]LogWindows:    7. 'OrayIddDriver Device' (P:0 D:0)
[2024.03.17-15.45.48:112][  0]LogWindows:    8. 'OrayIddDriver Device' (P:0 D:0)
[2024.03.17-15.45.48:112][  0]LogWindows: DebugString: GetVideoDriverDetailsInvalid PrimaryIsNotTheChoosenAdapter GetVideoDriverDetailsInvalid PrimaryIsNotTheChoosenAdapter GetVideoDriverDetailsInvalid PrimaryIsNotTheChoosenAdapter GetVideoDriverDetailsInvalid PrimaryIsNotTheChoosenAdapter GetVideoDriverDetailsInvalid PrimaryIsNotTheChoosenAdapter FoundDriverCount:4 
[2024.03.17-15.45.48:112][  0]LogD3D11RHI:     Adapter Name: NVIDIA GeForce GTX 1660 Ti
[2024.03.17-15.45.48:112][  0]LogD3D11RHI:   Driver Version: 536.23 (internal:31.0.15.3623, unified:536.23)
[2024.03.17-15.45.48:112][  0]LogD3D11RHI:      Driver Date: 6-8-2023
[2024.03.17-15.45.48:112][  0]LogRHI: Texture pool is 4185 MB (70% of 5979 MB)
[2024.03.17-15.45.48:112][  0]LogD3D11RHI: Creating D3DDevice using adapter:
[2024.03.17-15.45.48:112][  0]LogD3D11RHI:     Description : NVIDIA GeForce GTX 1660 Ti
[2024.03.17-15.45.48:112][  0]LogD3D11RHI:     VendorId    : 10de
[2024.03.17-15.45.48:112][  0]LogD3D11RHI:     DeviceId    : 2182
[2024.03.17-15.45.48:112][  0]LogD3D11RHI:     SubSysId    : 3fbe1458
[2024.03.17-15.45.48:112][  0]LogD3D11RHI:     Revision    : 00a1
[2024.03.17-15.45.48:112][  0]LogD3D11RHI:     DedicatedVideoMemory : 6269435904 bytes
[2024.03.17-15.45.48:112][  0]LogD3D11RHI:     DedicatedSystemMemory : 0 bytes
[2024.03.17-15.45.48:112][  0]LogD3D11RHI:     SharedSystemMemory : 8552867840 bytes
[2024.03.17-15.45.48:112][  0]LogD3D11RHI:     AdapterLuid : 0 51604
[2024.03.17-15.45.48:208][  0]LogD3D11RHI: RHI has support for 64 bit atomics
[2024.03.17-15.45.48:208][  0]LogD3D11RHI: Async texture creation enabled
[2024.03.17-15.45.48:208][  0]LogD3D11RHI: Array index from any shader is supported
[2024.03.17-15.45.48:211][  0]LogD3D11RHI: HDR output is supported on display 0 (NvId: 0x80061086).
[2024.03.17-15.45.48:226][  0]LogD3D11RHI: GPU Timing Frequency: 1000.000000 (Debug: 2 1)
[2024.03.17-15.45.48:311][  0]LogRHI: GeForceNow SDK initialized: 1
[2024.03.17-15.45.48:574][  0]LogTargetPlatformManager: Display: Loaded TargetPlatform 'AllDesktop'
[2024.03.17-15.45.48:596][  0]LogTargetPlatformManager: Display: Loaded TargetPlatform 'Android'
[2024.03.17-15.45.48:596][  0]LogTargetPlatformManager: Display: Loaded TargetPlatform 'Android_ASTC'
[2024.03.17-15.45.48:596][  0]LogTargetPlatformManager: Display: Loaded TargetPlatform 'Android_DXT'
[2024.03.17-15.45.48:596][  0]LogTargetPlatformManager: Display: Loaded TargetPlatform 'Android_ETC2'
[2024.03.17-15.45.48:596][  0]LogTargetPlatformManager: Display: Loaded TargetPlatform 'AndroidClient'
[2024.03.17-15.45.48:596][  0]LogTargetPlatformManager: Display: Loaded TargetPlatform 'Android_ASTCClient'
[2024.03.17-15.45.48:596][  0]LogTargetPlatformManager: Display: Loaded TargetPlatform 'Android_DXTClient'
[2024.03.17-15.45.48:596][  0]LogTargetPlatformManager: Display: Loaded TargetPlatform 'Android_ETC2Client'
[2024.03.17-15.45.48:596][  0]LogTargetPlatformManager: Display: Loaded TargetPlatform 'Android_Multi'
[2024.03.17-15.45.48:596][  0]LogTargetPlatformManager: Display: Loaded TargetPlatform 'Android_MultiClient'
[2024.03.17-15.45.48:617][  0]LogTargetPlatformManager: Display: Loaded TargetPlatform 'IOSClient'
[2024.03.17-15.45.48:617][  0]LogTargetPlatformManager: Display: Loaded TargetPlatform 'IOS'
[2024.03.17-15.45.48:643][  0]LogTargetPlatformManager: Display: Loaded TargetPlatform 'Lumin'
[2024.03.17-15.45.48:643][  0]LogTargetPlatformManager: Display: Loaded TargetPlatform 'LuminClient'
[2024.03.17-15.45.48:652][  0]LogTargetPlatformManager: Display: Loaded TargetPlatform 'MacNoEditor'
[2024.03.17-15.45.48:657][  0]LogTargetPlatformManager: Display: Loaded TargetPlatform 'Mac'
[2024.03.17-15.45.48:663][  0]LogTargetPlatformManager: Display: Loaded TargetPlatform 'MacClient'
[2024.03.17-15.45.48:666][  0]LogTargetPlatformManager: Display: Loaded TargetPlatform 'MacServer'
[2024.03.17-15.45.48:677][  0]LogTargetPlatformManager: Display: Loaded TargetPlatform 'TVOSClient'
[2024.03.17-15.45.48:677][  0]LogTargetPlatformManager: Display: Loaded TargetPlatform 'TVOS'
[2024.03.17-15.45.48:687][  0]LogTargetPlatformManager: Display: Loaded TargetPlatform 'WindowsNoEditor'
[2024.03.17-15.45.48:691][  0]LogTargetPlatformManager: Display: Loaded TargetPlatform 'Windows'
[2024.03.17-15.45.48:696][  0]LogTargetPlatformManager: Display: Loaded TargetPlatform 'WindowsClient'
[2024.03.17-15.45.48:702][  0]LogTargetPlatformManager: Display: Loaded TargetPlatform 'WindowsServer'
[2024.03.17-15.45.48:702][  0]LogTargetPlatformManager: Display: Building Assets For Windows
[2024.03.17-15.45.48:713][  0]LogAudioDebug: Display: Lib vorbis DLL was dynamically loaded.
[2024.03.17-15.45.48:769][  0]LogTextureFormatOodle: Display: Oodle Texture 2.9.0 init RDO Off
[2024.03.17-15.45.48:812][  0]LogRendererCore: Ray tracing is disabled. Reason: r.RayTracing=0.
[2024.03.17-15.45.48:812][  0]LogShaderCompilers: Guid format shader working directory is 18 characters bigger than the processId version (D:/GitHub/NetShootRewrite/Intermediate/Shaders/WorkingDirectory/21476/).
[2024.03.17-15.45.48:812][  0]LogShaderCompilers: Cleaned the shader compiler working directory 'C:/Users/ZTT/AppData/Local/Temp/UnrealShaderWorkingDir/410689F6409AE9EC9673088798E0248E/'.
[2024.03.17-15.45.48:813][  0]LogShaderCompilers: Display: Using XGE Controller for Shader Compilation.
[2024.03.17-15.45.49:605][  0]LogDerivedDataCache: Display: Max Cache Size: 512 MB
[2024.03.17-15.45.50:890][  0]LogDerivedDataCache: Loaded boot cache 1.28s 94MB D:/GitHub/NetShootRewrite/DerivedDataCache/Boot.ddc.
[2024.03.17-15.45.50:890][  0]LogDerivedDataCache: Display: Loaded Boot cache: D:/GitHub/NetShootRewrite/DerivedDataCache/Boot.ddc
[2024.03.17-15.45.50:890][  0]LogDerivedDataCache: FDerivedDataBackendGraph:  Pak pak cache file D:/GitHub/NetShootRewrite/DerivedDataCache/DDC.ddp not found, will not use a pak cache.
[2024.03.17-15.45.50:890][  0]LogDerivedDataCache: Unable to find inner node Pak for hierarchical cache Hierarchy.
[2024.03.17-15.45.50:890][  0]LogDerivedDataCache: FDerivedDataBackendGraph:  EnginePak pak cache file ../../../Engine/DerivedDataCache/DDC.ddp not found, will not use a pak cache.
[2024.03.17-15.45.50:890][  0]LogDerivedDataCache: Unable to find inner node EnginePak for hierarchical cache Hierarchy.
[2024.03.17-15.45.50:905][  0]LogDerivedDataCache: Speed tests for ../../../Engine/DerivedDataCache took 0.01 seconds
[2024.03.17-15.45.50:905][  0]LogDerivedDataCache: Display: Performance to ../../../Engine/DerivedDataCache: Latency=0.19ms. RandomReadSpeed=151.33MBs, RandomWriteSpeed=157.65MBs. Assigned SpeedClass 'Local'
[2024.03.17-15.45.50:906][  0]LogDerivedDataCache: Using Local data cache path ../../../Engine/DerivedDataCache: Writable
[2024.03.17-15.45.50:906][  0]LogDerivedDataCache: Shared data cache path not found in *engine.ini, will not use an Shared cache.
[2024.03.17-15.45.50:906][  0]LogDerivedDataCache: Unable to find inner node Shared for hierarchical cache Hierarchy.
[2024.03.17-15.45.50:952][  0]LogSlate: Using FreeType 2.10.0
[2024.03.17-15.45.50:963][  0]LogSlate: SlateFontServices - WITH_FREETYPE: 1, WITH_HARFBUZZ: 1
[2024.03.17-15.45.51:044][  0]LogAssetRegistry: FAssetRegistry took 0.0032 seconds to start up
[2024.03.17-15.45.51:257][  0]LogInit: Selected Device Profile: [Windows]
[2024.03.17-15.45.51:257][  0]LogInit: Active device profile: [00000265C6B7AD00][00000265C5BE6500 49] Windows
[2024.03.17-15.45.51:257][  0]LogInit: Profiles: [00000265C6B7AD00][00000265C5BE6500 49] Windows, [00000265C6B15600][00000265C5BEA680 49] WindowsNoEditor, [00000265C6B79500][00000265C5BEE800 49] WindowsServer, [00000265C6B16B00][00000265C5BF2980 49] WindowsClient, [00000265C6B7AA00][00000265C5BF6B00 49] IOS, [00000265C6B15A00][00000265C5BFAC80 49] iPadAir, [00000265C6B79900][00000265C5BFEE00 49] iPadAir2, [00000265C6AB7C00][00000265C5C070C0 49] IPadPro, [00000265C6AB7D00][00000265C5C03100 49] iPadAir3, [00000265C6B7AF00][00000265C5C0B280 49] iPadAir4, [00000265C6AB5900][00000265C5C0F400 49] iPadMini2, [00000265C6B79300][00000265C5C13580 49] iPadMini3, [00000265C6AB4D00][00000265C5C17700 49] iPadMini4, [00000265C6B78900][00000265C5C1B880 49] iPadMini5, [00000265C6AFF500][00000265C5C23B40 49] iPhone6, [00000265C6AFF600][00000265C5C1FB80 49] iPodTouch6, [00000265C6AB4700][00000265C5C26240 49] iPhone7, [00000265C6AB4600][00000265C5BE2280 49] iPodTouch7, [00000265C6AFD800][00000265C5C2A3C0 49] iPhone5S, [00000265C6AB7600][00000265C5C2E500 49] iPhone6Plus, [00000265C6AFF800][00000265C5C36680 49] iPhone6S, [00000265C6AB5B00][00000265C5C3A800 49] iPhone6SPlus, [00000265C6AFD700][00000265C5C3E980 49] iPhone7Plus, [00000265C6AB7100][00000265C5C42B00 49] iPhoneSE, [00000265C6AFE500][00000265C5C46C80 49] iPhone8, [00000265C6AB5500][00000265C5C4AE00 49] iPhone8Plus, [00000265C6AFDE00][00000265C5C4EF80 49] iPhoneX, [00000265C6AB5000][00000265C5C53100 49] iPhoneXS, [00000265C6AFE200][00000265C5C57280 49] iPhoneXSMax, [00000265C6AB4500][00000265C5C5B400 49] iPhoneXR, [00000265C6AFE100][00000265C5C5F580 49] iPhone11, [00000265C6AB6D00][00000265C5C63700 49] iPhone11Pro, [00000265C6AFD600][00000265C5C67880 49] iPhone11ProMax, [00000265C6AB5D00][00000265C5C6BA00 49] iPhoneSE2, [00000265C6AFF200][00000265C5C6FB80 49] iPhone12Mini, [00000265C6AB5E00][00000265C5C72180 49] iPhone12, [00000265C6AFC300][00000265C5C76300 49] iPhone12Pro, [00000265C6AB7500][00000265C5C32440 49] iPhone12ProMax, [00000265C6AFFC00][00000265C5C7A580 49] iPadPro105, [00000265C6AB4200][00000265C5C7E6C0 49] iPadPro129, [00000265C6AFCE00][00000265C5C86840 49] iPadPro97, [00000265C6AB4100][00000265C5C8A9C0 49] iPadPro2_129, [00000265C6AFFF00][00000265C5C8EB40 49] iPad5, [00000265C6AB4900][00000265C5C92CC0 49] iPad6, [00000265C6AFFB00][00000265C5C96E40 49] iPad7, [00000265C6AB6A00][00000265C5C9AFC0 49] iPad8, [00000265C6AFE800][00000265C5C9F140 49] iPadPro11, [00000265C6AB4A00][00000265C5CA32C0 49] iPadPro2_11, [00000265C6AFC700][00000265C5CA7440 49] iPadPro3_129, [00000265C6AB7200][00000265C5CAB5C0 49] iPadPro4_129, [00000265C6AFFA00][00000265C5CAF740 49] AppleTV, [00000265C6AB4C00][00000265C5CB38C0 49] AppleTV4K, [00000265C6AFEC00][00000265C5CB7A40 49] TVOS, [00000265C6AB7000][00000265C5CBBBC0 49] Mac, [00000265C6B14E00][00000265C5CBE1C0 49] MacClient, [00000265C6BB8800][00000265C5CC2340 49] MacNoEditor, [00000265C6B15500][00000265C5CC64C0 49] MacServer, [00000265C6BB8300][00000265C5C82600 49] Linux, [00000265C6B16D00][00000265C5CCA740 49] LinuxAArch64, [00000265C6BB8B00][00000265C5CCE880 49] LinuxNoEditor, [00000265C6B15D00][00000265C5CD29C0 49] LinuxAArch64NoEditor, [00000265C6BB9500][00000265C5CDAB40 49] LinuxClient, [00000265C6B14500][00000265C6510CC0 49] LinuxAArch64Client, [00000265C6BB9100][00000265C6514E40 49] LinuxServer, [00000265C6B17600][00000265C6518FC0 49] LinuxAArch64Server, [00000265C6BB9200][00000265C651D140 49] Android, [00000265C6B14400][00000265C65212C0 49] Android_Low, [00000265C6BB8C00][00000265C6525440 49] Android_Mid, [00000265C6B14D00][00000265C65295C0 49] Android_High, [00000265C6BB9300][00000265C652D740 49] Android_Default, [00000265C6B14300][00000265C65318C0 49] Android_Adreno4xx, [00000265C6BB9900][00000265C6535A40 49] Android_Adreno5xx_Low, [00000265C6B17700][00000265C6539BC0 49] Android_Adreno5xx, [00000265C6BB8900][00000265C653C1C0 49] Android_Adreno6xx, [00000265C6B16200][00000265C6540340 49] Android_Adreno6xx_Vulkan, [00000265C6BB8F00][00000265C65444C0 49] Android_Mali_T6xx, [00000265C6AB7E00][00000265C6548640 49] Android_Mali_T7xx, [00000265C6AFD100][00000265C5CD6780 49] Android_Mali_T8xx, [00000265C6AB6700][00000265C654C8C0 49] Android_Mali_G71, [00000265C6AFF300][00000265C6550A00 49] Android_Mali_G72, [00000265C6AB6000][00000265C6554B40 49] Android_Mali_G72_Vulkan, [00000265C6AFF900][00000265C655CCC0 49] Android_Mali_G76, [00000265C6AB4300][00000265C6560E40 49] Android_Mali_G76_Vulkan, [00000265C6AFDF00][00000265C6564FC0 49] Android_Mali_G77, [00000265C6AB5700][00000265C6569140 49] Android_Mali_G77_Vulkan, [00000265C6AFE400][00000265C656D2C0 49] Android_Mali_G78, [00000265C6AB6400][00000265C6571440 49] Android_Mali_G78_Vulkan, [00000265C6AFE700][00000265C65755C0 49] Android_Mali_G710, [00000265C6AB7800][00000265C6579740 49] Android_Mali_G710_Vulkan, [00000265C6AFC900][00000265C657D8C0 49] Android_Vulkan_SM5, [00000265C6AB4F00][00000265C6581A40 49] Android_PowerVR_G6xxx, [00000265C6AFC400][00000265C6585BC0 49] Android_PowerVR_GT7xxx, [00000265C6AB4E00][00000265C65881C0 49] Android_PowerVR_GE8xxx, [00000265C6AFDA00][00000265C658C340 49] Android_PowerVR_GM9xxx, [00000265C6AB5300][00000265C65904C0 49] Android_PowerVR_GM9xxx_Vulkan, [00000265C6AFD000][00000265C6594640 49] Android_TegraK1, [00000265C6AB5F00][00000265C65987C0 49] Android_Unknown_Vulkan, [00000265C6AFD400][00000265C659C940 49] Lumin, [00000265C6AB6600][00000265C6558A80 49] Lumin_Desktop, [00000265C6B79400][00000265C65A0BC0 49] HoloLens, 
[2024.03.17-15.45.51:410][  0]LogMeshReduction: Using QuadricMeshReduction for automatic static mesh reduction
[2024.03.17-15.45.51:410][  0]LogMeshReduction: Using SimplygonMeshReduction for automatic skeletal mesh reduction
[2024.03.17-15.45.51:410][  0]LogMeshReduction: Using ProxyLODMeshReduction for automatic mesh merging
[2024.03.17-15.45.51:410][  0]LogMeshReduction: No distributed automatic mesh merging module available
[2024.03.17-15.45.51:410][  0]LogMeshMerging: No distributed automatic mesh merging module available
[2024.03.17-15.45.51:433][  0]LogNetVersion: NetShootRewrite 1.0.0, NetCL: 0, EngineNetVer: 17, GameNetVer: 0 (Checksum: 1486698656)
[2024.03.17-15.45.52:000][  0]LogTexture: Default maximum texture size for cubemaps generated from long-lat sources has been changed from 512 to unlimited. In order to preserve old behaiour for '/Engine/MapTemplates/Sky/DaylightAmbientCubemap.DaylightAmbientCubemap', its maximum texture size has been explicitly set to 512.
[2024.03.17-15.45.52:066][  0]LogHMD: PokeAHoleMaterial loaded successfully
[2024.03.17-15.45.52:071][  0]LogUObjectArray: 17164 objects as part of root set at end of initial load.
[2024.03.17-15.45.52:071][  0]LogUObjectAllocator: 4298528 out of 0 bytes used by permanent object pool.
[2024.03.17-15.45.52:071][  0]LogUObjectArray: CloseDisregardForGC: 0/0 objects in disregard for GC pool
[2024.03.17-15.45.52:517][  0]LogNiagaraDebuggerClient: Niagara Debugger Client Initialized | Session: 8185F0944CBE0A0D5F891E90FBB44D6C | Instance: 446EB8B842AE4520FB932C95744B174D (DESKTOP-6POMQQ5-21476).
[2024.03.17-15.45.52:565][  0]LogPython: Using Python 3.7.7
[2024.03.17-15.45.53:087][  0]LogTcpMessaging: Initializing TcpMessaging bridge
[2024.03.17-15.45.53:093][  0]LogUdpMessaging: Initializing bridge on interface 0.0.0.0:0 to multicast group 230.0.0.1:6666.
[2024.03.17-15.45.53:596][  0]SourceControl: 源码管理已禁用
[2024.03.17-15.45.53:596][  0]SourceControl: 源码管理已禁用
[2024.03.17-15.45.53:602][  0]SourceControl: 源码管理已禁用
[2024.03.17-15.45.53:617][  0]SourceControl: 源码管理已禁用
[2024.03.17-15.45.53:621][  0]SourceControl: 源码管理已禁用
[2024.03.17-15.45.53:634][  0]LogUProjectInfo: Found projects:
[2024.03.17-15.45.53:973][  0]LogOpenImageDenoise: OIDN starting up
[2024.03.17-15.45.54:003][  0]LogAndroidPermission: UAndroidPermissionCallbackProxy::GetInstance
[2024.03.17-15.45.54:033][  0]LogAudioCaptureCore: Display: No Audio Capture implementations found. Audio input will be silent.
[2024.03.17-15.45.54:033][  0]LogAudioCaptureCore: Display: No Audio Capture implementations found. Audio input will be silent.
[2024.03.17-15.45.54:251][  0]LogCollectionManager: Loaded 0 collections in 0.002945 seconds
[2024.03.17-15.45.54:306][  0]LogFileCache: Scanning file cache for directory 'D:/GitHub/NetShootRewrite/Saved/Collections/' took 0.00s
[2024.03.17-15.45.54:306][  0]LogFileCache: Scanning file cache for directory 'D:/GitHub/NetShootRewrite/Content/Developers/ZTT/Collections/' took 0.00s
[2024.03.17-15.45.54:306][  0]LogFileCache: Scanning file cache for directory 'D:/GitHub/NetShootRewrite/Content/Collections/' took 0.00s
[2024.03.17-15.45.54:306][  0]LogOcInput: OculusInput pre-init called
[2024.03.17-15.45.54:603][  0]LogEngine: Initializing Engine...
[2024.03.17-15.45.54:607][  0]LogHMD: Failed to enumerate extensions. Please check that you have a valid OpenXR runtime installed.
[2024.03.17-15.45.54:608][  0]LogHMD: Failed to initialize OpenVR with code 110
[2024.03.17-15.45.54:608][  0]LogMagicLeap: Warning: VR disabled because ZI is not enabled.  To enable, in the editor, Edit -> Project Settings -> Plugins -> Magic Leap Plugin -> Enable Zero Iteration
[2024.03.17-15.45.54:609][  0]LogStats: UGameplayTagsManager::InitializeManager -  0.000 s
[2024.03.17-15.45.54:824][  0]LogInit: Initializing FReadOnlyCVARCache
[2024.03.17-15.45.54:840][  0]LogAIModule: Creating AISystem for world Untitled
[2024.03.17-15.45.54:841][  0]LogAudio: Display: Initializing Audio Device Manager...
[2024.03.17-15.45.54:847][  0]LogAudio: Display: Loading Default Audio Settings Objects...
[2024.03.17-15.45.54:849][  0]LogAudio: Display: No default SoundConcurrencyObject specified (or failed to load).
[2024.03.17-15.45.54:849][  0]LogAudio: Display: Audio Device Manager Initialized
[2024.03.17-15.45.54:849][  0]LogAudio: Display: Creating Audio Device:                 Id: 1, Scope: Shared, Realtime: True
[2024.03.17-15.45.54:849][  0]LogAudioMixer: Display: Audio Mixer Platform Settings:
[2024.03.17-15.45.54:849][  0]LogAudioMixer: Display: 	Sample Rate:						  48000
[2024.03.17-15.45.54:849][  0]LogAudioMixer: Display: 	Callback Buffer Frame Size Requested: 1024
[2024.03.17-15.45.54:849][  0]LogAudioMixer: Display: 	Callback Buffer Frame Size To Use:	  1024
[2024.03.17-15.45.54:849][  0]LogAudioMixer: Display: 	Number of buffers to queue:			  2
[2024.03.17-15.45.54:850][  0]LogAudioMixer: Display: 	Max Channels (voices):				  32
[2024.03.17-15.45.54:850][  0]LogAudioMixer: Display: 	Number of Async Source Workers:		  0
[2024.03.17-15.45.54:850][  0]LogAudio: Display: AudioDevice MaxSources: 32
[2024.03.17-15.45.54:850][  0]LogAudio: Display: Audio Spatialization Plugin: None (built-in).
[2024.03.17-15.45.54:850][  0]LogAudio: Display: Audio Reverb Plugin: None (built-in).
[2024.03.17-15.45.54:850][  0]LogAudio: Display: Audio Occlusion Plugin: None (built-in).
[2024.03.17-15.45.54:850][  0]LogAudioMixer: Display: Initializing audio mixer.
[2024.03.17-15.45.54:877][  0]LogAudioMixer: Display: 0: FrontLeft
[2024.03.17-15.45.54:877][  0]LogAudioMixer: Display: 1: FrontRight
[2024.03.17-15.45.54:899][  0]LogAudioMixer: Display: Using Audio Device 扬声器 (Realtek High Definition Audio)
[2024.03.17-15.45.54:899][  0]LogAudioMixer: Display: Initializing Sound Submixes...
[2024.03.17-15.45.54:905][  0]LogAudioMixer: Display: Creating Master Submix 'MasterSubmixDefault'
[2024.03.17-15.45.54:905][  0]LogAudioMixer: Display: Creating Master Submix 'MasterReverbSubmixDefault'
[2024.03.17-15.45.54:906][  0]LogAudioMixer: Display: Creating Master Submix 'MasterEQSubmixDefault'
[2024.03.17-15.45.54:906][  0]LogAudioMixer: FMixerPlatformXAudio2::StartAudioStream() called
[2024.03.17-15.45.54:906][  0]LogAudioMixer: Display: Output buffers initialized: Frames=1024, Channels=2, Samples=2048
[2024.03.17-15.45.54:908][  0]LogAudioMixer: Display: Starting AudioMixerPlatformInterface::RunInternal()
[2024.03.17-15.45.54:908][  0]LogAudioMixer: Display: FMixerPlatformXAudio2::SubmitBuffer() called for the first time
[2024.03.17-15.45.54:908][  0]LogInit: FAudioDevice initialized.
[2024.03.17-15.45.54:908][  0]LogAudio: Display: Audio Device (ID: 1) registered with world 'Untitled'.
[2024.03.17-15.45.54:908][  0]LogNetVersion: Set ProjectVersion to 1.0.0.0. Version Checksum will be recalculated on next use.
[2024.03.17-15.45.55:188][  0]LogDerivedDataCache: Saved boot cache 0.28s 94MB D:/GitHub/NetShootRewrite/DerivedDataCache/Boot.ddc.
[2024.03.17-15.45.55:189][  0]LogInit: Texture streaming: Enabled
[2024.03.17-15.45.55:214][  0]LogAnalytics: Display: [UEEditor.UnrealEngine.Release] APIServer = https://datarouter.ol.epicgames.com/. AppVersion = 4.27.2-0+++UE4+Release-4.27
[2024.03.17-15.45.55:221][  0]LogEngineSessionManager: EngineSessionManager initialized
[2024.03.17-15.45.55:221][  0]LogEditorSessionSummary: Verbose: Initializing EditorSessionSummaryWriter for editor session tracking
[2024.03.17-15.45.55:229][  0]LogEditorSessionSummary: EditorSessionSummaryWriter initialized
[2024.03.17-15.45.55:274][  0]LogInit: Transaction tracking system initialized
[2024.03.17-15.45.55:330][  0]BlueprintLog: New page: 编辑器加载
[2024.03.17-15.45.55:465][  0]LocalizationService: 本地化服务已禁用
[2024.03.17-15.45.55:524][  0]TimingProfiler: Initialize
[2024.03.17-15.45.55:526][  0]TimingProfiler: OnSessionChanged
[2024.03.17-15.45.55:526][  0]LoadingProfiler: Initialize
[2024.03.17-15.45.55:527][  0]LoadingProfiler: OnSessionChanged
[2024.03.17-15.45.55:527][  0]NetworkingProfiler: Initialize
[2024.03.17-15.45.55:527][  0]NetworkingProfiler: OnSessionChanged
[2024.03.17-15.45.55:527][  0]MemoryProfiler: Initialize
[2024.03.17-15.45.55:527][  0]MemoryProfiler: OnSessionChanged
[2024.03.17-15.45.55:813][  0]LogCook: Display: CookSettings for Memory: MemoryMaxUsedVirtual 0MiB, MemoryMaxUsedPhysical 16384MiB, MemoryMinFreeVirtual 0MiB, MemoryMinFreePhysical 1024MiB
[2024.03.17-15.45.55:813][  0]LogCook: Display: Mobile HDR setting 1
[2024.03.17-15.45.56:184][  0]LogFileCache: Scanning file cache for directory 'D:/GitHub/NetShootRewrite/Content/' took 0.02s
[2024.03.17-15.45.56:444][  0]LogInit: Display: Engine is initialized. Leaving FEngineLoop::Init()
[2024.03.17-15.45.56:451][  0]SourceControl: 源码管理已禁用
[2024.03.17-15.45.56:452][  0]LogUnrealEdMisc: Loading editor; pre map load, took 10.791
[2024.03.17-15.45.56:452][  0]Cmd: MAP LOAD FILE="D:/GitHub/NetShootRewrite/Content/FirstPersonCPP/Maps/FirstPersonExampleMap.umap" TEMPLATE=0 SHOWPROGRESS=1 FEATURELEVEL=3
[2024.03.17-15.45.56:483][  0]LightingResults: New page: 光照构建
[2024.03.17-15.45.56:487][  0]LogWorld: UWorld::CleanupWorld for Untitled, bSessionEnded=true, bCleanupResources=true
[2024.03.17-15.45.56:487][  0]LogSlate: InvalidateAllWidgets triggered.  All widgets were invalidated
[2024.03.17-15.45.56:487][  0]MapCheck: New page: 地图检测
[2024.03.17-15.45.56:487][  0]LightingResults: New page: 光照构建
[2024.03.17-15.45.56:498][  0]LogAudio: Display: Audio Device unregistered from world 'None'.
[2024.03.17-15.45.56:504][  0]LogUObjectHash: Compacting FUObjectHashTables data took   1.29ms
[2024.03.17-15.45.58:343][  0]LogAudio: Display: Audio Device (ID: 1) registered with world 'FirstPersonExampleMap'.
[2024.03.17-15.45.58:344][  0]LogAIModule: Creating AISystem for world FirstPersonExampleMap
[2024.03.17-15.45.58:350][  0]LogEditorServer: Finished looking for orphan Actors (0.000 secs)
[2024.03.17-15.45.58:357][  0]LogUObjectHash: Compacting FUObjectHashTables data took   0.96ms
[2024.03.17-15.45.58:358][  0]Cmd: MAP CHECKDEP NOCLEARLOG
[2024.03.17-15.45.58:358][  0]MapCheck: 地图检测完成：0个错误、0个警告、完成用时0.121毫秒。
[2024.03.17-15.45.58:358][  0]LogFileHelpers: Loading map 'FirstPersonExampleMap' took 1.906
[2024.03.17-15.45.58:361][  0]LogUnrealEdMisc: Total Editor Startup Time, took 12.700
[2024.03.17-15.45.58:478][  0]LogSlate: Updating window title bar state: overlay mode, drag disabled, window buttons hidden, title bar hidden
[2024.03.17-15.45.58:484][  0]LogSlate: Updating window title bar state: overlay mode, drag disabled, window buttons hidden, title bar hidden
[2024.03.17-15.45.58:489][  0]LogSlate: Updating window title bar state: overlay mode, drag disabled, window buttons hidden, title bar hidden
[2024.03.17-15.45.58:494][  0]LogSlate: Updating window title bar state: overlay mode, drag disabled, window buttons hidden, title bar hidden
[2024.03.17-15.45.58:510][  0]LogNativeClassHierarchy: Verbose: Native class hierarchy populated in 0.0080 seconds. Added 3822 classes and 928 folders.
[2024.03.17-15.45.58:515][  0]LogNativeClassHierarchy: Verbose: Native class hierarchy updated for 'WidgetCarousel' in 0.0003 seconds. Added 0 classes and 0 folders.
[2024.03.17-15.45.58:518][  0]LogShaderLibrary: Display: ShaderCodeLibraryPakFileMountedCallback: PakFile 'C:/Program Files (x86)/UE4.27/UnrealEngine-4.27/FeaturePacks/FP_FirstPerson.upack' (chunk index -1, root 'root:/') mounted
[2024.03.17-15.45.58:518][  0]LogShaderLibrary: Display: ShaderCodeLibraryPakFileMountedCallback: pending pak file info (ChunkID:-1 Root:root:/ File:C:/Program Files (x86)/UE4.27/UnrealEngine-4.27/FeaturePacks/FP_FirstPerson.upack)
[2024.03.17-15.45.58:518][  0]LogPakFile: OnPakFileMounted2Time == 0.000084
[2024.03.17-15.45.58:521][  0]LogShaderLibrary: Display: ShaderCodeLibraryPakFileMountedCallback: PakFile 'C:/Program Files (x86)/UE4.27/UnrealEngine-4.27/FeaturePacks/FP_FirstPersonBP.upack' (chunk index -1, root 'root:/') mounted
[2024.03.17-15.45.58:521][  0]LogShaderLibrary: Display: ShaderCodeLibraryPakFileMountedCallback: pending pak file info (ChunkID:-1 Root:root:/ File:C:/Program Files (x86)/UE4.27/UnrealEngine-4.27/FeaturePacks/FP_FirstPersonBP.upack)
[2024.03.17-15.45.58:521][  0]LogPakFile: OnPakFileMounted2Time == 0.000092
[2024.03.17-15.45.58:523][  0]LogShaderLibrary: Display: ShaderCodeLibraryPakFileMountedCallback: PakFile 'C:/Program Files (x86)/UE4.27/UnrealEngine-4.27/FeaturePacks/MobileStarterContent.upack' (chunk index -1, root 'root:/') mounted
[2024.03.17-15.45.58:523][  0]LogShaderLibrary: Display: ShaderCodeLibraryPakFileMountedCallback: pending pak file info (ChunkID:-1 Root:root:/ File:C:/Program Files (x86)/UE4.27/UnrealEngine-4.27/FeaturePacks/MobileStarterContent.upack)
[2024.03.17-15.45.58:523][  0]LogPakFile: OnPakFileMounted2Time == 0.000057
[2024.03.17-15.45.58:525][  0]LogShaderLibrary: Display: ShaderCodeLibraryPakFileMountedCallback: PakFile 'C:/Program Files (x86)/UE4.27/UnrealEngine-4.27/FeaturePacks/StarterContent.upack' (chunk index -1, root 'root:/') mounted
[2024.03.17-15.45.58:525][  0]LogShaderLibrary: Display: ShaderCodeLibraryPakFileMountedCallback: pending pak file info (ChunkID:-1 Root:root:/ File:C:/Program Files (x86)/UE4.27/UnrealEngine-4.27/FeaturePacks/StarterContent.upack)
[2024.03.17-15.45.58:525][  0]LogPakFile: OnPakFileMounted2Time == 0.000059
[2024.03.17-15.45.58:527][  0]LogShaderLibrary: Display: ShaderCodeLibraryPakFileMountedCallback: PakFile 'C:/Program Files (x86)/UE4.27/UnrealEngine-4.27/FeaturePacks/TP_2DSideScroller.upack' (chunk index -1, root 'root:/') mounted
[2024.03.17-15.45.58:527][  0]LogShaderLibrary: Display: ShaderCodeLibraryPakFileMountedCallback: pending pak file info (ChunkID:-1 Root:root:/ File:C:/Program Files (x86)/UE4.27/UnrealEngine-4.27/FeaturePacks/TP_2DSideScroller.upack)
[2024.03.17-15.45.58:527][  0]LogPakFile: OnPakFileMounted2Time == 0.000060
[2024.03.17-15.45.58:529][  0]LogShaderLibrary: Display: ShaderCodeLibraryPakFileMountedCallback: PakFile 'C:/Program Files (x86)/UE4.27/UnrealEngine-4.27/FeaturePacks/TP_2DSideScrollerBP.upack' (chunk index -1, root 'root:/') mounted
[2024.03.17-15.45.58:529][  0]LogShaderLibrary: Display: ShaderCodeLibraryPakFileMountedCallback: pending pak file info (ChunkID:-1 Root:root:/ File:C:/Program Files (x86)/UE4.27/UnrealEngine-4.27/FeaturePacks/TP_2DSideScrollerBP.upack)
[2024.03.17-15.45.58:529][  0]LogPakFile: OnPakFileMounted2Time == 0.000052
[2024.03.17-15.45.58:530][  0]LogShaderLibrary: Display: ShaderCodeLibraryPakFileMountedCallback: PakFile 'C:/Program Files (x86)/UE4.27/UnrealEngine-4.27/FeaturePacks/TP_Flying.upack' (chunk index -1, root 'root:/') mounted
[2024.03.17-15.45.58:530][  0]LogShaderLibrary: Display: ShaderCodeLibraryPakFileMountedCallback: pending pak file info (ChunkID:-1 Root:root:/ File:C:/Program Files (x86)/UE4.27/UnrealEngine-4.27/FeaturePacks/TP_Flying.upack)
[2024.03.17-15.45.58:530][  0]LogPakFile: OnPakFileMounted2Time == 0.000051
[2024.03.17-15.45.58:532][  0]LogShaderLibrary: Display: ShaderCodeLibraryPakFileMountedCallback: PakFile 'C:/Program Files (x86)/UE4.27/UnrealEngine-4.27/FeaturePacks/TP_FlyingBP.upack' (chunk index -1, root 'root:/') mounted
[2024.03.17-15.45.58:532][  0]LogShaderLibrary: Display: ShaderCodeLibraryPakFileMountedCallback: pending pak file info (ChunkID:-1 Root:root:/ File:C:/Program Files (x86)/UE4.27/UnrealEngine-4.27/FeaturePacks/TP_FlyingBP.upack)
[2024.03.17-15.45.58:532][  0]LogPakFile: OnPakFileMounted2Time == 0.000052
[2024.03.17-15.45.58:534][  0]LogShaderLibrary: Display: ShaderCodeLibraryPakFileMountedCallback: PakFile 'C:/Program Files (x86)/UE4.27/UnrealEngine-4.27/FeaturePacks/TP_Puzzle.upack' (chunk index -1, root 'root:/') mounted
[2024.03.17-15.45.58:534][  0]LogShaderLibrary: Display: ShaderCodeLibraryPakFileMountedCallback: pending pak file info (ChunkID:-1 Root:root:/ File:C:/Program Files (x86)/UE4.27/UnrealEngine-4.27/FeaturePacks/TP_Puzzle.upack)
[2024.03.17-15.45.58:534][  0]LogPakFile: OnPakFileMounted2Time == 0.000054
[2024.03.17-15.45.58:536][  0]LogShaderLibrary: Display: ShaderCodeLibraryPakFileMountedCallback: PakFile 'C:/Program Files (x86)/UE4.27/UnrealEngine-4.27/FeaturePacks/TP_PuzzleBP.upack' (chunk index -1, root 'root:/') mounted
[2024.03.17-15.45.58:536][  0]LogShaderLibrary: Display: ShaderCodeLibraryPakFileMountedCallback: pending pak file info (ChunkID:-1 Root:root:/ File:C:/Program Files (x86)/UE4.27/UnrealEngine-4.27/FeaturePacks/TP_PuzzleBP.upack)
[2024.03.17-15.45.58:536][  0]LogPakFile: OnPakFileMounted2Time == 0.000056
[2024.03.17-15.45.58:537][  0]LogShaderLibrary: Display: ShaderCodeLibraryPakFileMountedCallback: PakFile 'C:/Program Files (x86)/UE4.27/UnrealEngine-4.27/FeaturePacks/TP_Rolling.upack' (chunk index -1, root 'root:/') mounted
[2024.03.17-15.45.58:537][  0]LogShaderLibrary: Display: ShaderCodeLibraryPakFileMountedCallback: pending pak file info (ChunkID:-1 Root:root:/ File:C:/Program Files (x86)/UE4.27/UnrealEngine-4.27/FeaturePacks/TP_Rolling.upack)
[2024.03.17-15.45.58:537][  0]LogPakFile: OnPakFileMounted2Time == 0.000076
[2024.03.17-15.45.58:539][  0]LogShaderLibrary: Display: ShaderCodeLibraryPakFileMountedCallback: PakFile 'C:/Program Files (x86)/UE4.27/UnrealEngine-4.27/FeaturePacks/TP_RollingBP.upack' (chunk index -1, root 'root:/') mounted
[2024.03.17-15.45.58:539][  0]LogShaderLibrary: Display: ShaderCodeLibraryPakFileMountedCallback: pending pak file info (ChunkID:-1 Root:root:/ File:C:/Program Files (x86)/UE4.27/UnrealEngine-4.27/FeaturePacks/TP_RollingBP.upack)
[2024.03.17-15.45.58:539][  0]LogPakFile: OnPakFileMounted2Time == 0.000061
[2024.03.17-15.45.58:541][  0]LogShaderLibrary: Display: ShaderCodeLibraryPakFileMountedCallback: PakFile 'C:/Program Files (x86)/UE4.27/UnrealEngine-4.27/FeaturePacks/TP_SideScroller.upack' (chunk index -1, root 'root:/') mounted
[2024.03.17-15.45.58:541][  0]LogShaderLibrary: Display: ShaderCodeLibraryPakFileMountedCallback: pending pak file info (ChunkID:-1 Root:root:/ File:C:/Program Files (x86)/UE4.27/UnrealEngine-4.27/FeaturePacks/TP_SideScroller.upack)
[2024.03.17-15.45.58:541][  0]LogPakFile: OnPakFileMounted2Time == 0.000053
[2024.03.17-15.45.58:543][  0]LogShaderLibrary: Display: ShaderCodeLibraryPakFileMountedCallback: PakFile 'C:/Program Files (x86)/UE4.27/UnrealEngine-4.27/FeaturePacks/TP_SideScrollerBP.upack' (chunk index -1, root 'root:/') mounted
[2024.03.17-15.45.58:543][  0]LogShaderLibrary: Display: ShaderCodeLibraryPakFileMountedCallback: pending pak file info (ChunkID:-1 Root:root:/ File:C:/Program Files (x86)/UE4.27/UnrealEngine-4.27/FeaturePacks/TP_SideScrollerBP.upack)
[2024.03.17-15.45.58:543][  0]LogPakFile: OnPakFileMounted2Time == 0.000052
[2024.03.17-15.45.58:544][  0]LogShaderLibrary: Display: ShaderCodeLibraryPakFileMountedCallback: PakFile 'C:/Program Files (x86)/UE4.27/UnrealEngine-4.27/FeaturePacks/TP_ThirdPerson.upack' (chunk index -1, root 'root:/') mounted
[2024.03.17-15.45.58:544][  0]LogShaderLibrary: Display: ShaderCodeLibraryPakFileMountedCallback: pending pak file info (ChunkID:-1 Root:root:/ File:C:/Program Files (x86)/UE4.27/UnrealEngine-4.27/FeaturePacks/TP_ThirdPerson.upack)
[2024.03.17-15.45.58:544][  0]LogPakFile: OnPakFileMounted2Time == 0.000072
[2024.03.17-15.45.58:546][  0]LogShaderLibrary: Display: ShaderCodeLibraryPakFileMountedCallback: PakFile 'C:/Program Files (x86)/UE4.27/UnrealEngine-4.27/FeaturePacks/TP_ThirdPersonBP.upack' (chunk index -1, root 'root:/') mounted
[2024.03.17-15.45.58:546][  0]LogShaderLibrary: Display: ShaderCodeLibraryPakFileMountedCallback: pending pak file info (ChunkID:-1 Root:root:/ File:C:/Program Files (x86)/UE4.27/UnrealEngine-4.27/FeaturePacks/TP_ThirdPersonBP.upack)
[2024.03.17-15.45.58:546][  0]LogPakFile: OnPakFileMounted2Time == 0.000054
[2024.03.17-15.45.58:548][  0]LogShaderLibrary: Display: ShaderCodeLibraryPakFileMountedCallback: PakFile 'C:/Program Files (x86)/UE4.27/UnrealEngine-4.27/FeaturePacks/TP_TopDown.upack' (chunk index -1, root 'root:/') mounted
[2024.03.17-15.45.58:548][  0]LogShaderLibrary: Display: ShaderCodeLibraryPakFileMountedCallback: pending pak file info (ChunkID:-1 Root:root:/ File:C:/Program Files (x86)/UE4.27/UnrealEngine-4.27/FeaturePacks/TP_TopDown.upack)
[2024.03.17-15.45.58:548][  0]LogPakFile: OnPakFileMounted2Time == 0.000056
[2024.03.17-15.45.58:549][  0]LogShaderLibrary: Display: ShaderCodeLibraryPakFileMountedCallback: PakFile 'C:/Program Files (x86)/UE4.27/UnrealEngine-4.27/FeaturePacks/TP_TopDownBP.upack' (chunk index -1, root 'root:/') mounted
[2024.03.17-15.45.58:549][  0]LogShaderLibrary: Display: ShaderCodeLibraryPakFileMountedCallback: pending pak file info (ChunkID:-1 Root:root:/ File:C:/Program Files (x86)/UE4.27/UnrealEngine-4.27/FeaturePacks/TP_TopDownBP.upack)
[2024.03.17-15.45.58:549][  0]LogPakFile: OnPakFileMounted2Time == 0.000077
[2024.03.17-15.45.58:551][  0]LogShaderLibrary: Display: ShaderCodeLibraryPakFileMountedCallback: PakFile 'C:/Program Files (x86)/UE4.27/UnrealEngine-4.27/FeaturePacks/TP_TwinStick.upack' (chunk index -1, root 'root:/') mounted
[2024.03.17-15.45.58:551][  0]LogShaderLibrary: Display: ShaderCodeLibraryPakFileMountedCallback: pending pak file info (ChunkID:-1 Root:root:/ File:C:/Program Files (x86)/UE4.27/UnrealEngine-4.27/FeaturePacks/TP_TwinStick.upack)
[2024.03.17-15.45.58:551][  0]LogPakFile: OnPakFileMounted2Time == 0.000082
[2024.03.17-15.45.58:553][  0]LogShaderLibrary: Display: ShaderCodeLibraryPakFileMountedCallback: PakFile 'C:/Program Files (x86)/UE4.27/UnrealEngine-4.27/FeaturePacks/TP_TwinStickBP.upack' (chunk index -1, root 'root:/') mounted
[2024.03.17-15.45.58:553][  0]LogShaderLibrary: Display: ShaderCodeLibraryPakFileMountedCallback: pending pak file info (ChunkID:-1 Root:root:/ File:C:/Program Files (x86)/UE4.27/UnrealEngine-4.27/FeaturePacks/TP_TwinStickBP.upack)
[2024.03.17-15.45.58:553][  0]LogPakFile: OnPakFileMounted2Time == 0.000064
[2024.03.17-15.45.58:555][  0]LogShaderLibrary: Display: ShaderCodeLibraryPakFileMountedCallback: PakFile 'C:/Program Files (x86)/UE4.27/UnrealEngine-4.27/FeaturePacks/TP_Vehicle.upack' (chunk index -1, root 'root:/') mounted
[2024.03.17-15.45.58:555][  0]LogShaderLibrary: Display: ShaderCodeLibraryPakFileMountedCallback: pending pak file info (ChunkID:-1 Root:root:/ File:C:/Program Files (x86)/UE4.27/UnrealEngine-4.27/FeaturePacks/TP_Vehicle.upack)
[2024.03.17-15.45.58:555][  0]LogPakFile: OnPakFileMounted2Time == 0.000054
[2024.03.17-15.45.58:557][  0]LogShaderLibrary: Display: ShaderCodeLibraryPakFileMountedCallback: PakFile 'C:/Program Files (x86)/UE4.27/UnrealEngine-4.27/FeaturePacks/TP_VehicleAdv.upack' (chunk index -1, root 'root:/') mounted
[2024.03.17-15.45.58:557][  0]LogShaderLibrary: Display: ShaderCodeLibraryPakFileMountedCallback: pending pak file info (ChunkID:-1 Root:root:/ File:C:/Program Files (x86)/UE4.27/UnrealEngine-4.27/FeaturePacks/TP_VehicleAdv.upack)
[2024.03.17-15.45.58:557][  0]LogPakFile: OnPakFileMounted2Time == 0.000068
[2024.03.17-15.45.58:559][  0]LogShaderLibrary: Display: ShaderCodeLibraryPakFileMountedCallback: PakFile 'C:/Program Files (x86)/UE4.27/UnrealEngine-4.27/FeaturePacks/TP_VehicleAdvBP.upack' (chunk index -1, root 'root:/') mounted
[2024.03.17-15.45.58:559][  0]LogShaderLibrary: Display: ShaderCodeLibraryPakFileMountedCallback: pending pak file info (ChunkID:-1 Root:root:/ File:C:/Program Files (x86)/UE4.27/UnrealEngine-4.27/FeaturePacks/TP_VehicleAdvBP.upack)
[2024.03.17-15.45.58:559][  0]LogPakFile: OnPakFileMounted2Time == 0.000053
[2024.03.17-15.45.58:561][  0]LogShaderLibrary: Display: ShaderCodeLibraryPakFileMountedCallback: PakFile 'C:/Program Files (x86)/UE4.27/UnrealEngine-4.27/FeaturePacks/TP_VehicleBP.upack' (chunk index -1, root 'root:/') mounted
[2024.03.17-15.45.58:561][  0]LogShaderLibrary: Display: ShaderCodeLibraryPakFileMountedCallback: pending pak file info (ChunkID:-1 Root:root:/ File:C:/Program Files (x86)/UE4.27/UnrealEngine-4.27/FeaturePacks/TP_VehicleBP.upack)
[2024.03.17-15.45.58:561][  0]LogPakFile: OnPakFileMounted2Time == 0.000053
[2024.03.17-15.45.58:562][  0]LogPakFile: PakFile PrimaryIndexSize=192
[2024.03.17-15.45.58:562][  0]LogPakFile: PakFile PathHashIndexSize=101
[2024.03.17-15.45.58:562][  0]LogPakFile: PakFile FullDirectoryIndexSize=158
[2024.03.17-15.45.58:562][  0]LogShaderLibrary: Display: ShaderCodeLibraryPakFileMountedCallback: PakFile 'C:/Program Files (x86)/UE4.27/UnrealEngine-4.27/FeaturePacks/TP_VirtualRealityBP.upack' (chunk index -1, root 'root:/') mounted
[2024.03.17-15.45.58:562][  0]LogShaderLibrary: Display: ShaderCodeLibraryPakFileMountedCallback: pending pak file info (ChunkID:-1 Root:root:/ File:C:/Program Files (x86)/UE4.27/UnrealEngine-4.27/FeaturePacks/TP_VirtualRealityBP.upack)
[2024.03.17-15.45.58:562][  0]LogPakFile: OnPakFileMounted2Time == 0.000037
[2024.03.17-15.45.58:762][  0]LogNativeClassHierarchy: Verbose: Native class hierarchy updated for 'AddContentDialog' in 0.0003 seconds. Added 0 classes and 0 folders.
[2024.03.17-15.45.58:766][  0]LogNativeClassHierarchy: Verbose: Native class hierarchy updated for 'SceneOutliner' in 0.0002 seconds. Added 2 classes and 0 folders.
[2024.03.17-15.45.59:265][  0]LogSlate: Only BGRA pngs, bmps or icos are supported in by External Image Picker
[2024.03.17-15.45.59:355][  0]LogNativeClassHierarchy: Verbose: Native class hierarchy updated for 'HierarchicalLODOutliner' in 0.0002 seconds. Added 0 classes and 0 folders.
[2024.03.17-15.45.59:355][  0]LogLoad: (Engine Initialization) Total time: 13.69 seconds
[2024.03.17-15.45.59:355][  0]LogLoad: (Engine Initialization) Total Blueprint compile time: 0.00 seconds
[2024.03.17-15.45.59:407][  0]LogAssetRegistry: Asset discovery search completed in 8.3636 seconds
[2024.03.17-15.45.59:416][  0]LogCollectionManager: Fixed up redirectors for 0 collections in 0.000004 seconds (updated 0 objects)
[2024.03.17-15.45.59:417][  0]LogContentStreaming: Texture pool size now 1000 MB
[2024.03.17-15.45.59:423][  0]LogSlate: Took 0.001003 seconds to synchronously load lazily loaded font '../../../Engine/Content/Slate/Fonts/Roboto-Regular.ttf' (155K)
[2024.03.17-15.45.59:432][  0]LogSlate: Took 0.008506 seconds to synchronously load lazily loaded font '../../../Engine/Content/Slate/Fonts/DroidSansFallback.ttf' (3848K)
[2024.03.17-15.45.59:433][  0]LogSlate: Took 0.000672 seconds to synchronously load lazily loaded font '../../../Engine/Content/Editor/Slate/Fonts/FontAwesome.ttf' (139K)
[2024.03.17-15.45.59:434][  0]LogSlate: Took 0.000801 seconds to synchronously load lazily loaded font '../../../Engine/Content/Slate/Fonts/Roboto-Bold.ttf' (160K)
[2024.03.17-15.45.59:438][  0]LogSlate: Took 0.000878 seconds to synchronously load lazily loaded font '../../../Engine/Content/Slate/Fonts/DroidSansMono.ttf' (77K)
[2024.03.17-15.45.59:884][  0]LogRenderer: Reallocating scene render targets to support 1228x688 Format 10 NumSamples 1 (Frame:1).
