Log file open, 03/18/24 15:46:10
LogWindows: Failed to load 'aqProf.dll' (GetLastError=126)
LogWindows: File 'aqProf.dll' does not exist
LogWindows: Failed to load 'VtuneApi.dll' (GetLastError=126)
LogWindows: File 'VtuneApi.dll' does not exist
LogWindows: Failed to load 'VtuneApi32e.dll' (GetLastError=126)
LogWindows: File 'VtuneApi32e.dll' does not exist
LogConsoleResponse: Display: Failed to find resolution value strings in scalability ini. Falling back to default.
LogConsoleResponse: Display: Failed to find resolution value strings in scalability ini. Falling back to default.
LogInit: Display: Running engine for game: NetShootRewrite
LogPlatformFile: Not using cached read wrapper
LogTaskGraph: Started task graph with 5 named threads and 35 total threads with 3 sets of task threads.
LogStats: Stats thread started at 0.218377
LogICUInternationalization: ICU TimeZone Detection - Raw Offset: +8:00, Platform Override: ''
LogInit: Display: Loading text-based GConfig....
LogPluginManager: Mounting plugin MeshPainting
LogPluginManager: Mounting plugin XGEController
LogPluginManager: Mounting plugin Paper2D
LogPluginManager: Mounting plugin LightPropagationVolume
LogPluginManager: Mounting plugin AISupport
LogPluginManager: Mounting plugin EnvironmentQueryEditor
LogPluginManager: Mounting plugin LiveLink
LogPluginManager: Mounting plugin CameraShakePreviewer
LogPluginManager: Mounting plugin GameplayCameras
LogPluginManager: Mounting plugin OodleData
LogPluginManager: Mounting plugin OodleNetwork
LogPluginManager: Mounting plugin AnimationSharing
LogPluginManager: Mounting plugin CodeLiteSourceCodeAccess
LogPluginManager: Mounting plugin CLionSourceCodeAccess
LogPluginManager: Mounting plugin AssetManagerEditor
LogPluginManager: Mounting plugin GitSourceControl
LogPluginManager: Mounting plugin KDevelopSourceCodeAccess
LogPluginManager: Mounting plugin NullSourceCodeAccess
LogPluginManager: Mounting plugin PerforceSourceControl
LogPluginManager: Mounting plugin PixWinPlugin
LogPluginManager: Mounting plugin PlasticSourceControl
LogPluginManager: Mounting plugin PluginUtils
LogPluginManager: Mounting plugin PropertyAccessNode
LogPluginManager: Mounting plugin RiderSourceCodeAccess
LogPluginManager: Mounting plugin SubversionSourceControl
LogPluginManager: Mounting plugin TextureFormatOodle
LogPluginManager: Mounting plugin UObjectPlugin
LogPluginManager: Mounting plugin DatasmithContent
LogPluginManager: Mounting plugin VisualStudioCodeSourceCodeAccess
LogPluginManager: Mounting plugin VisualStudioSourceCodeAccess
LogPluginManager: Mounting plugin XCodeSourceCodeAccess
LogPluginManager: Mounting plugin CryptoKeys
LogPluginManager: Mounting plugin CurveEditorTools
LogPluginManager: Mounting plugin DataValidation
LogPluginManager: Mounting plugin FacialAnimation
LogPluginManager: Mounting plugin VariantManagerContent
LogPluginManager: Mounting plugin GameplayTagsEditor
LogPluginManager: Mounting plugin GeometryMode
LogPluginManager: Mounting plugin Niagara
LogPluginManager: Mounting plugin MacGraphicsSwitching
LogPluginManager: Mounting plugin MaterialAnalyzer
LogPluginManager: Mounting plugin PluginBrowser
LogPluginManager: Mounting plugin MobileLauncherProfileWizard
LogPluginManager: Mounting plugin SpeedTreeImporter
LogPluginManager: Mounting plugin LuminPlatformFeatures
LogPluginManager: Mounting plugin MagicLeap
LogPluginManager: Mounting plugin MagicLeapLightEstimation
LogPluginManager: Mounting plugin MagicLeapMedia
LogPluginManager: Mounting plugin MagicLeapPassableWorld
LogPluginManager: Mounting plugin MLSDK
LogPluginManager: Mounting plugin AlembicImporter
LogPluginManager: Mounting plugin AutomationUtils
LogPluginManager: Mounting plugin BackChannel
LogPluginManager: Mounting plugin ChaosClothEditor
LogPluginManager: Mounting plugin ChaosCloth
LogPluginManager: Mounting plugin ChaosEditor
LogPluginManager: Mounting plugin ChaosSolverPlugin
LogPluginManager: Mounting plugin ChaosNiagara
LogPluginManager: Mounting plugin CharacterAI
LogPluginManager: Mounting plugin AndroidMedia
LogPluginManager: Mounting plugin GeometryCache
LogPluginManager: Mounting plugin GeometryCollectionPlugin
LogPluginManager: Mounting plugin AvfMedia
LogPluginManager: Mounting plugin ImgMedia
LogPluginManager: Mounting plugin MediaCompositing
LogPluginManager: Mounting plugin GeometryProcessing
LogPluginManager: Mounting plugin MediaPlayerEditor
LogPluginManager: Mounting plugin WmfMedia
LogPluginManager: Mounting plugin WebMMedia
LogPluginManager: Mounting plugin MotoSynth
LogPluginManager: Mounting plugin OpenImageDenoise
LogPluginManager: Mounting plugin PlanarCut
LogPluginManager: Mounting plugin ProxyLODPlugin
LogPluginManager: Mounting plugin PlatformCrypto
LogPluginManager: Mounting plugin PythonScriptPlugin
LogPluginManager: Mounting plugin SkeletalReduction
LogPluginManager: Mounting plugin TcpMessaging
LogPluginManager: Mounting plugin UdpMessaging
LogPluginManager: Mounting plugin ActorSequence
LogPluginManager: Mounting plugin LevelSequenceEditor
LogPluginManager: Mounting plugin MatineeToLevelSequence
LogPluginManager: Mounting plugin TemplateSequence
LogPluginManager: Mounting plugin OnlineSubsystem
LogPluginManager: Mounting plugin OnlineSubsystemNull
LogPluginManager: Mounting plugin OnlineSubsystemUtils
LogPluginManager: Mounting plugin LauncherChunkInstaller
LogPluginManager: Mounting plugin ActorLayerUtilities
LogPluginManager: Mounting plugin ScreenshotTools
LogPluginManager: Mounting plugin AndroidDeviceProfileSelector
LogPluginManager: Mounting plugin AndroidMoviePlayer
LogPluginManager: Mounting plugin AndroidPermission
LogPluginManager: Mounting plugin AppleImageUtils
LogPluginManager: Mounting plugin AppleMoviePlayer
LogPluginManager: Mounting plugin AssetTags
LogPluginManager: Mounting plugin ArchVisCharacter
LogPluginManager: Mounting plugin AudioCapture
LogPluginManager: Mounting plugin AudioSynesthesia
LogPluginManager: Mounting plugin CableComponent
LogPluginManager: Mounting plugin ChunkDownloader
LogPluginManager: Mounting plugin CustomMeshComponent
LogPluginManager: Mounting plugin EditableMesh
LogPluginManager: Mounting plugin ExampleDeviceProfileSelector
LogPluginManager: Mounting plugin GoogleCloudMessaging
LogPluginManager: Mounting plugin GooglePAD
LogPluginManager: Mounting plugin IOSDeviceProfileSelector
LogPluginManager: Mounting plugin LinuxDeviceProfileSelector
LogPluginManager: Mounting plugin LocationServicesBPLibrary
LogPluginManager: Mounting plugin MobilePatchingUtils
LogPluginManager: Mounting plugin OpenXREyeTracker
LogPluginManager: Mounting plugin OpenXRHandTracking
LogPluginManager: Mounting plugin OpenXR
LogPluginManager: Mounting plugin PhysXVehicles
LogPluginManager: Mounting plugin PostSplashScreen
LogPluginManager: Mounting plugin PropertyAccessEditor
LogPluginManager: Mounting plugin ProceduralMeshComponent
LogPluginManager: Mounting plugin SoundFields
LogPluginManager: Mounting plugin RuntimePhysXCooking
LogPluginManager: Mounting plugin SignificanceManager
LogPluginManager: Mounting plugin Synthesis
LogPluginManager: Mounting plugin WebMMoviePlayer
LogPluginManager: Mounting plugin WindowsMoviePlayer
LogPluginManager: Mounting plugin Takes
LogPluginManager: Mounting plugin ContentBrowserAssetDataSource
LogPluginManager: Mounting plugin ContentBrowserClassDataSource
LogPluginManager: Mounting plugin ContentBrowserFileDataSource
LogPluginManager: Mounting plugin RiderLink
LogPluginManager: Mounting plugin OnlineSubsystemGooglePlay
LogPluginManager: Mounting plugin OnlineSubsystemIOS
LogPluginManager: Mounting plugin OculusVR
LogPluginManager: Mounting plugin SteamVR
PixWinPlugin: PIX capture plugin failed to initialize! Check that the process is launched from PIX.
LogInit: Using libcurl 7.55.1-DEV
LogInit:  - built for x86_64-pc-win32
LogInit:  - supports SSL with OpenSSL/1.1.1
LogInit:  - supports HTTP deflate (compression) using libz 1.2.8
LogInit:  - other features:
LogInit:      CURL_VERSION_SSL
LogInit:      CURL_VERSION_LIBZ
LogInit:      CURL_VERSION_IPV6
LogInit:      CURL_VERSION_ASYNCHDNS
LogInit:      CURL_VERSION_LARGEFILE
LogInit:      CURL_VERSION_IDN
LogInit:  CurlRequestOptions (configurable via config and command line):
LogInit:  - bVerifyPeer = true  - Libcurl will verify peer certificate
LogInit:  - bUseHttpProxy = false  - Libcurl will NOT use HTTP proxy
LogInit:  - bDontReuseConnections = false  - Libcurl will reuse connections
LogInit:  - MaxHostConnections = 16  - Libcurl will limit the number of connections to a host
LogInit:  - LocalHostAddr = Default
LogInit:  - BufferSize = 65536
LogOnline: OSS: Creating online subsystem instance for: NULL
LogInit: WinSock: version 1.1 (2.2), MaxSocks=32767, MaxUdp=65467
LogOnline: OSS: TryLoadSubsystemAndSetDefault: Loaded subsystem for module [NULL]
LogOculusPluginWrapper: OculusPlugin initialized successfully
LogHMD: Failed initializing OVRPlugin 1.59.0
LogInit: Build: ++UE4+Release-4.27-CL-0
LogInit: Engine Version: 4.27.2-0+++UE4+Release-4.27
LogInit: Compatible Engine Version: 4.27.0-0+++UE4+Release-4.27
LogInit: Net CL: 0
LogInit: OS: Windows 10 (Release 2009) (), CPU: Intel(R) Core(TM) i7-8700 CPU @ 3.20GHz, GPU: NVIDIA GeForce GTX 1660 Ti
LogInit: Compiled (64-bit): Mar 12 2024 21:46:05
LogInit: Compiled with Visual C++: 19.39.33521.00
LogInit: Build Configuration: Development
LogInit: Branch Name: ++UE4+Release-4.27
LogInit: Command Line:  -skipcompile
LogInit: Base Directory: C:/Program Files (x86)/UE4.27/UnrealEngine-4.27/Engine/Binaries/Win64/
LogInit: Allocator: TBB
LogInit: Installed Engine Build: 0
LogDevObjectVersion: Number of dev versions registered: 29
LogDevObjectVersion:   Dev-Blueprints (B0D832E4-1F89-4F0D-ACCF-7EB736FD4AA2): 10
LogDevObjectVersion:   Dev-Build (E1C64328-A22C-4D53-A36C-8E866417BD8C): 0
LogDevObjectVersion:   Dev-Core (375EC13C-06E4-48FB-B500-84F0262A717E): 4
LogDevObjectVersion:   Dev-Editor (E4B068ED-F494-42E9-A231-DA0B2E46BB41): 40
LogDevObjectVersion:   Dev-Framework (CFFC743F-43B0-4480-9391-14DF171D2073): 37
LogDevObjectVersion:   Dev-Mobile (B02B49B5-BB20-44E9-A304-32B752E40360): 3
LogDevObjectVersion:   Dev-Networking (A4E4105C-59A1-49B5-A7C5-40C4547EDFEE): 0
LogDevObjectVersion:   Dev-Online (39C831C9-5AE6-47DC-9A44-9C173E1C8E7C): 0
LogDevObjectVersion:   Dev-Physics (78F01B33-EBEA-4F98-B9B4-84EACCB95AA2): 14
LogDevObjectVersion:   Dev-Platform (6631380F-2D4D-43E0-8009-CF276956A95A): 0
LogDevObjectVersion:   Dev-Rendering (12F88B9F-8875-4AFC-A67C-D90C383ABD29): 45
LogDevObjectVersion:   Dev-Sequencer (7B5AE74C-D270-4C10-A958-57980B212A5A): 13
LogDevObjectVersion:   Dev-VR (D7296918-1DD6-4BDD-9DE2-64A83CC13884): 3
LogDevObjectVersion:   Dev-LoadTimes (C2A15278-BFE7-4AFE-6C17-90FF531DF755): 1
LogDevObjectVersion:   Private-Geometry (6EACA3D4-40EC-4CC1-B786-8BED09428FC5): 3
LogDevObjectVersion:   Dev-AnimPhys (29E575DD-E0A3-4627-9D10-D276232CDCEA): 17
LogDevObjectVersion:   Dev-Anim (AF43A65D-7FD3-4947-9873-3E8ED9C1BB05): 15
LogDevObjectVersion:   Dev-ReflectionCapture (6B266CEC-1EC7-4B8F-A30B-E4D90942FC07): 1
LogDevObjectVersion:   Dev-Automation (0DF73D61-A23F-47EA-B727-89E90C41499A): 1
LogDevObjectVersion:   FortniteMain (601D1886-AC64-4F84-AA16-D3DE0DEAC7D6): 47
LogDevObjectVersion:   FortniteRelease (E7086368-6B23-4C58-8439-1B7016265E91): 1
LogDevObjectVersion:   Dev-Enterprise (9DFFBCD6-494F-0158-E221-12823C92A888): 10
LogDevObjectVersion:   Dev-Niagara (F2AED0AC-9AFE-416F-8664-AA7FFA26D6FC): 1
LogDevObjectVersion:   Dev-Destruction (174F1F0B-B4C6-45A5-B13F-2EE8D0FB917D): 10
LogDevObjectVersion:   Dev-Physics-Ext (35F94A83-E258-406C-A318-09F59610247C): 41
LogDevObjectVersion:   Dev-PhysicsMaterial-Chaos (B68FC16E-8B1B-42E2-B453-215C058844FE): 1
LogDevObjectVersion:   Dev-CineCamera (B2E18506-4273-CFC2-A54E-F4BB758BBA07): 1
LogDevObjectVersion:   Dev-VirtualProduction (64F58936-FD1B-42BA-BA96-7289D5D0FA4E): 1
LogDevObjectVersion:   Dev-MediaFramework (6F0ED827-A609-4895-9C91-998D90180EA4): 2
LogInit: Presizing for max 25165824 objects, including 0 objects not considered by GC, pre-allocating 0 bytes for permanent pool.
LogConfig: Applying CVar settings from Section [/Script/Engine.StreamingSettings] File [D:/GitHub/NetShootRewrite/Saved/Config/Windows/Engine.ini]
LogConfig: Setting CVar [[s.MinBulkDataSizeForAsyncLoading:131072]]
LogConfig: Setting CVar [[s.AsyncLoadingThreadEnabled:0]]
LogConfig: Setting CVar [[s.EventDrivenLoaderEnabled:1]]
LogConfig: Setting CVar [[s.WarnIfTimeLimitExceeded:0]]
LogConfig: Setting CVar [[s.TimeLimitExceededMultiplier:1.5]]
LogConfig: Setting CVar [[s.TimeLimitExceededMinTime:0.005]]
LogConfig: Setting CVar [[s.UseBackgroundLevelStreaming:1]]
LogConfig: Setting CVar [[s.PriorityAsyncLoadingExtraTime:15.0]]
LogConfig: Setting CVar [[s.LevelStreamingActorsUpdateTimeLimit:5.0]]
LogConfig: Setting CVar [[s.PriorityLevelStreamingActorsUpdateExtraTime:5.0]]
LogConfig: Setting CVar [[s.LevelStreamingComponentsRegistrationGranularity:10]]
LogConfig: Setting CVar [[s.UnregisterComponentsTimeLimit:1.0]]
LogConfig: Setting CVar [[s.LevelStreamingComponentsUnregistrationGranularity:5]]
LogConfig: Setting CVar [[s.FlushStreamingOnExit:1]]
LogInit: Object subsystem initialized
LogConfig: Setting CVar [[con.DebugEarlyDefault:1]]
LogConfig: Setting CVar [[r.setres:1280x720]]
[2024.03.18-07.46.12:415][  0]LogConfig: Setting CVar [[r.VSync:0]]
[2024.03.18-07.46.12:415][  0]LogConfig: Setting CVar [[r.RHICmdBypass:0]]
[2024.03.18-07.46.12:415][  0]LogConfig: Applying CVar settings from Section [/Script/Engine.RendererSettings] File [D:/GitHub/NetShootRewrite/Saved/Config/Windows/Engine.ini]
[2024.03.18-07.46.12:415][  0]LogConfig: Setting CVar [[r.GPUCrashDebugging:0]]
[2024.03.18-07.46.12:415][  0]LogConfig: Applying CVar settings from Section [/Script/Engine.RendererOverrideSettings] File [D:/GitHub/NetShootRewrite/Saved/Config/Windows/Engine.ini]
[2024.03.18-07.46.12:415][  0]LogConfig: Applying CVar settings from Section [/Script/Engine.StreamingSettings] File [D:/GitHub/NetShootRewrite/Saved/Config/Windows/Engine.ini]
[2024.03.18-07.46.12:415][  0]LogConfig: Setting CVar [[s.MinBulkDataSizeForAsyncLoading:131072]]
[2024.03.18-07.46.12:416][  0]LogConfig: Setting CVar [[s.AsyncLoadingThreadEnabled:0]]
[2024.03.18-07.46.12:416][  0]LogConfig: Setting CVar [[s.EventDrivenLoaderEnabled:1]]
[2024.03.18-07.46.12:416][  0]LogConfig: Setting CVar [[s.WarnIfTimeLimitExceeded:0]]
[2024.03.18-07.46.12:416][  0]LogConfig: Setting CVar [[s.TimeLimitExceededMultiplier:1.5]]
[2024.03.18-07.46.12:416][  0]LogConfig: Setting CVar [[s.TimeLimitExceededMinTime:0.005]]
[2024.03.18-07.46.12:416][  0]LogConfig: Setting CVar [[s.UseBackgroundLevelStreaming:1]]
[2024.03.18-07.46.12:416][  0]LogConfig: Setting CVar [[s.PriorityAsyncLoadingExtraTime:15.0]]
[2024.03.18-07.46.12:416][  0]LogConfig: Setting CVar [[s.LevelStreamingActorsUpdateTimeLimit:5.0]]
[2024.03.18-07.46.12:416][  0]LogConfig: Setting CVar [[s.PriorityLevelStreamingActorsUpdateExtraTime:5.0]]
[2024.03.18-07.46.12:416][  0]LogConfig: Setting CVar [[s.LevelStreamingComponentsRegistrationGranularity:10]]
[2024.03.18-07.46.12:416][  0]LogConfig: Setting CVar [[s.UnregisterComponentsTimeLimit:1.0]]
[2024.03.18-07.46.12:416][  0]LogConfig: Setting CVar [[s.LevelStreamingComponentsUnregistrationGranularity:5]]
[2024.03.18-07.46.12:416][  0]LogConfig: Setting CVar [[s.FlushStreamingOnExit:1]]
[2024.03.18-07.46.12:416][  0]LogConfig: Applying CVar settings from Section [/Script/Engine.GarbageCollectionSettings] File [D:/GitHub/NetShootRewrite/Saved/Config/Windows/Engine.ini]
[2024.03.18-07.46.12:416][  0]LogConfig: Setting CVar [[gc.MaxObjectsNotConsideredByGC:1]]
[2024.03.18-07.46.12:416][  0]LogConfig: Setting CVar [[gc.SizeOfPermanentObjectPool:0]]
[2024.03.18-07.46.12:416][  0]LogConfig: Setting CVar [[gc.FlushStreamingOnGC:0]]
[2024.03.18-07.46.12:417][  0]LogConfig: Setting CVar [[gc.NumRetriesBeforeForcingGC:10]]
[2024.03.18-07.46.12:417][  0]LogConfig: Setting CVar [[gc.AllowParallelGC:1]]
[2024.03.18-07.46.12:417][  0]LogConfig: Setting CVar [[gc.TimeBetweenPurgingPendingKillObjects:61.1]]
[2024.03.18-07.46.12:417][  0]LogConfig: Setting CVar [[gc.MaxObjectsInEditor:25165824]]
[2024.03.18-07.46.12:417][  0]LogConfig: Setting CVar [[gc.IncrementalBeginDestroyEnabled:1]]
[2024.03.18-07.46.12:417][  0]LogConfig: Setting CVar [[gc.CreateGCClusters:1]]
[2024.03.18-07.46.12:417][  0]LogConfig: Setting CVar [[gc.MinGCClusterSize:5]]
[2024.03.18-07.46.12:417][  0]LogConfig: Setting CVar [[gc.ActorClusteringEnabled:0]]
[2024.03.18-07.46.12:417][  0]LogConfig: Setting CVar [[gc.BlueprintClusteringEnabled:0]]
[2024.03.18-07.46.12:417][  0]LogConfig: Setting CVar [[gc.UseDisregardForGCOnDedicatedServers:0]]
[2024.03.18-07.46.12:417][  0]LogConfig: Setting CVar [[gc.MultithreadedDestructionEnabled:1]]
[2024.03.18-07.46.12:417][  0]LogConfig: Applying CVar settings from Section [/Script/Engine.NetworkSettings] File [D:/GitHub/NetShootRewrite/Saved/Config/Windows/Engine.ini]
[2024.03.18-07.46.12:417][  0]LogConfig: Applying CVar settings from Section [/Script/UnrealEd.CookerSettings] File [D:/GitHub/NetShootRewrite/Saved/Config/Windows/Engine.ini]
[2024.03.18-07.46.12:468][  0]LogConfig: Applying CVar settings from Section [ViewDistanceQuality@3] File [D:/GitHub/NetShootRewrite/Saved/Config/Windows/Scalability.ini]
[2024.03.18-07.46.12:469][  0]LogConfig: Setting CVar [[r.SkeletalMeshLODBias:0]]
[2024.03.18-07.46.12:469][  0]LogConfig: Setting CVar [[r.ViewDistanceScale:1.0]]
[2024.03.18-07.46.12:469][  0]LogConfig: Applying CVar settings from Section [AntiAliasingQuality@3] File [D:/GitHub/NetShootRewrite/Saved/Config/Windows/Scalability.ini]
[2024.03.18-07.46.12:469][  0]LogConfig: Setting CVar [[r.PostProcessAAQuality:4]]
[2024.03.18-07.46.12:469][  0]LogConfig: Applying CVar settings from Section [ShadowQuality@3] File [D:/GitHub/NetShootRewrite/Saved/Config/Windows/Scalability.ini]
[2024.03.18-07.46.12:469][  0]LogConfig: Setting CVar [[r.LightFunctionQuality:1]]
[2024.03.18-07.46.12:469][  0]LogConfig: Setting CVar [[r.ShadowQuality:5]]
[2024.03.18-07.46.12:469][  0]LogConfig: Setting CVar [[r.Shadow.CSM.MaxCascades:10]]
[2024.03.18-07.46.12:469][  0]LogConfig: Setting CVar [[r.Shadow.MaxResolution:2048]]
[2024.03.18-07.46.12:469][  0]LogConfig: Setting CVar [[r.Shadow.MaxCSMResolution:2048]]
[2024.03.18-07.46.12:470][  0]LogConfig: Setting CVar [[r.Shadow.RadiusThreshold:0.01]]
[2024.03.18-07.46.12:470][  0]LogConfig: Setting CVar [[r.Shadow.DistanceScale:1.0]]
[2024.03.18-07.46.12:470][  0]LogConfig: Setting CVar [[r.Shadow.CSM.TransitionScale:1.0]]
[2024.03.18-07.46.12:470][  0]LogConfig: Setting CVar [[r.Shadow.PreShadowResolutionFactor:1.0]]
[2024.03.18-07.46.12:470][  0]LogConfig: Setting CVar [[r.DistanceFieldShadowing:1]]
[2024.03.18-07.46.12:470][  0]LogConfig: Setting CVar [[r.DistanceFieldAO:1]]
[2024.03.18-07.46.12:470][  0]LogConfig: Setting CVar [[r.AOQuality:2]]
[2024.03.18-07.46.12:470][  0]LogConfig: Setting CVar [[r.VolumetricFog:1]]
[2024.03.18-07.46.12:470][  0]LogConfig: Setting CVar [[r.VolumetricFog.GridPixelSize:8]]
[2024.03.18-07.46.12:470][  0]LogConfig: Setting CVar [[r.VolumetricFog.GridSizeZ:128]]
[2024.03.18-07.46.12:470][  0]LogConfig: Setting CVar [[r.VolumetricFog.HistoryMissSupersampleCount:4]]
[2024.03.18-07.46.12:470][  0]LogConfig: Setting CVar [[r.LightMaxDrawDistanceScale:1]]
[2024.03.18-07.46.12:470][  0]LogConfig: Setting CVar [[r.CapsuleShadows:1]]
[2024.03.18-07.46.12:470][  0]LogConfig: Applying CVar settings from Section [PostProcessQuality@3] File [D:/GitHub/NetShootRewrite/Saved/Config/Windows/Scalability.ini]
[2024.03.18-07.46.12:470][  0]LogConfig: Setting CVar [[r.MotionBlurQuality:4]]
[2024.03.18-07.46.12:470][  0]LogConfig: Setting CVar [[r.AmbientOcclusionMipLevelFactor:0.4]]
[2024.03.18-07.46.12:470][  0]LogConfig: Setting CVar [[r.AmbientOcclusionMaxQuality:100]]
[2024.03.18-07.46.12:471][  0]LogConfig: Setting CVar [[r.AmbientOcclusionLevels:-1]]
[2024.03.18-07.46.12:471][  0]LogConfig: Setting CVar [[r.AmbientOcclusionRadiusScale:1.0]]
[2024.03.18-07.46.12:471][  0]LogConfig: Setting CVar [[r.DepthOfFieldQuality:2]]
[2024.03.18-07.46.12:471][  0]LogConfig: Setting CVar [[r.RenderTargetPoolMin:400]]
[2024.03.18-07.46.12:471][  0]LogConfig: Setting CVar [[r.LensFlareQuality:2]]
[2024.03.18-07.46.12:471][  0]LogConfig: Setting CVar [[r.SceneColorFringeQuality:1]]
[2024.03.18-07.46.12:471][  0]LogConfig: Setting CVar [[r.EyeAdaptationQuality:2]]
[2024.03.18-07.46.12:471][  0]LogConfig: Setting CVar [[r.BloomQuality:5]]
[2024.03.18-07.46.12:471][  0]LogConfig: Setting CVar [[r.FastBlurThreshold:100]]
[2024.03.18-07.46.12:471][  0]LogConfig: Setting CVar [[r.Upscale.Quality:3]]
[2024.03.18-07.46.12:471][  0]LogConfig: Setting CVar [[r.Tonemapper.GrainQuantization:1]]
[2024.03.18-07.46.12:471][  0]LogConfig: Setting CVar [[r.LightShaftQuality:1]]
[2024.03.18-07.46.12:471][  0]LogConfig: Setting CVar [[r.Filter.SizeScale:1]]
[2024.03.18-07.46.12:471][  0]LogConfig: Setting CVar [[r.Tonemapper.Quality:5]]
[2024.03.18-07.46.12:471][  0]LogConfig: Setting CVar [[r.DOF.Gather.AccumulatorQuality:1        ; higher gathering accumulator quality]]
[2024.03.18-07.46.12:471][  0]LogConfig: Setting CVar [[r.DOF.Gather.PostfilterMethod:1          ; Median3x3 postfilering method]]
[2024.03.18-07.46.12:471][  0]LogConfig: Setting CVar [[r.DOF.Gather.EnableBokehSettings:0       ; no bokeh simulation when gathering]]
[2024.03.18-07.46.12:471][  0]LogConfig: Setting CVar [[r.DOF.Gather.RingCount:4                 ; medium number of samples when gathering]]
[2024.03.18-07.46.12:472][  0]LogConfig: Setting CVar [[r.DOF.Scatter.ForegroundCompositing:1    ; additive foreground scattering]]
[2024.03.18-07.46.12:472][  0]LogConfig: Setting CVar [[r.DOF.Scatter.BackgroundCompositing:2    ; additive background scattering]]
[2024.03.18-07.46.12:472][  0]LogConfig: Setting CVar [[r.DOF.Scatter.EnableBokehSettings:1      ; bokeh simulation when scattering]]
[2024.03.18-07.46.12:472][  0]LogConfig: Setting CVar [[r.DOF.Scatter.MaxSpriteRatio:0.1         ; only a maximum of 10% of scattered bokeh]]
[2024.03.18-07.46.12:472][  0]LogConfig: Setting CVar [[r.DOF.Recombine.Quality:1                ; cheap slight out of focus]]
[2024.03.18-07.46.12:472][  0]LogConfig: Setting CVar [[r.DOF.Recombine.EnableBokehSettings:0    ; no bokeh simulation on slight out of focus]]
[2024.03.18-07.46.12:472][  0]LogConfig: Setting CVar [[r.DOF.TemporalAAQuality:1                ; more stable temporal accumulation]]
[2024.03.18-07.46.12:472][  0]LogConfig: Setting CVar [[r.DOF.Kernel.MaxForegroundRadius:0.025]]
[2024.03.18-07.46.12:472][  0]LogConfig: Setting CVar [[r.DOF.Kernel.MaxBackgroundRadius:0.025]]
[2024.03.18-07.46.12:472][  0]LogConfig: Applying CVar settings from Section [TextureQuality@3] File [D:/GitHub/NetShootRewrite/Saved/Config/Windows/Scalability.ini]
[2024.03.18-07.46.12:472][  0]LogConfig: Setting CVar [[r.Streaming.MipBias:0]]
[2024.03.18-07.46.12:472][  0]LogConfig: Setting CVar [[r.Streaming.AmortizeCPUToGPUCopy:0]]
[2024.03.18-07.46.12:472][  0]LogConfig: Setting CVar [[r.Streaming.MaxNumTexturesToStreamPerFrame:0]]
[2024.03.18-07.46.12:472][  0]LogConfig: Setting CVar [[r.Streaming.Boost:1]]
[2024.03.18-07.46.12:472][  0]LogConfig: Setting CVar [[r.MaxAnisotropy:8]]
[2024.03.18-07.46.12:472][  0]LogConfig: Setting CVar [[r.VT.MaxAnisotropy:8]]
[2024.03.18-07.46.12:472][  0]LogConfig: Setting CVar [[r.Streaming.LimitPoolSizeToVRAM:0]]
[2024.03.18-07.46.12:472][  0]LogConfig: Setting CVar [[r.Streaming.PoolSize:1000]]
[2024.03.18-07.46.12:473][  0]LogConfig: Setting CVar [[r.Streaming.MaxEffectiveScreenSize:0]]
[2024.03.18-07.46.12:473][  0]LogConfig: Applying CVar settings from Section [EffectsQuality@3] File [D:/GitHub/NetShootRewrite/Saved/Config/Windows/Scalability.ini]
[2024.03.18-07.46.12:473][  0]LogConfig: Setting CVar [[r.TranslucencyLightingVolumeDim:64]]
[2024.03.18-07.46.12:473][  0]LogConfig: Setting CVar [[r.RefractionQuality:2]]
[2024.03.18-07.46.12:473][  0]LogConfig: Setting CVar [[r.SSR.Quality:3]]
[2024.03.18-07.46.12:473][  0]LogConfig: Setting CVar [[r.SSR.HalfResSceneColor:0]]
[2024.03.18-07.46.12:473][  0]LogConfig: Setting CVar [[r.SceneColorFormat:4]]
[2024.03.18-07.46.12:473][  0]LogConfig: Setting CVar [[r.DetailMode:2]]
[2024.03.18-07.46.12:473][  0]LogConfig: Setting CVar [[r.TranslucencyVolumeBlur:1]]
[2024.03.18-07.46.12:473][  0]LogConfig: Setting CVar [[r.MaterialQualityLevel:1 ; High quality]]
[2024.03.18-07.46.12:473][  0]LogConfig: Setting CVar [[r.AnisotropicMaterials:1]]
[2024.03.18-07.46.12:473][  0]LogConfig: Setting CVar [[r.SSS.Scale:1]]
[2024.03.18-07.46.12:473][  0]LogConfig: Setting CVar [[r.SSS.SampleSet:2]]
[2024.03.18-07.46.12:473][  0]LogConfig: Setting CVar [[r.SSS.Quality:1]]
[2024.03.18-07.46.12:473][  0]LogConfig: Setting CVar [[r.SSS.HalfRes:0]]
[2024.03.18-07.46.12:473][  0]LogConfig: Setting CVar [[r.SSGI.Quality:3]]
[2024.03.18-07.46.12:473][  0]LogConfig: Setting CVar [[r.EmitterSpawnRateScale:1.0]]
[2024.03.18-07.46.12:473][  0]LogConfig: Setting CVar [[r.ParticleLightQuality:2]]
[2024.03.18-07.46.12:474][  0]LogConfig: Setting CVar [[r.SkyAtmosphere.AerialPerspectiveLUT.FastApplyOnOpaque:1 ; Always have FastSkyLUT 1 in this case to avoid wrong sky]]
[2024.03.18-07.46.12:474][  0]LogConfig: Setting CVar [[r.SkyAtmosphere.AerialPerspectiveLUT.SampleCountMaxPerSlice:4]]
[2024.03.18-07.46.12:474][  0]LogConfig: Setting CVar [[r.SkyAtmosphere.AerialPerspectiveLUT.DepthResolution:16.0]]
[2024.03.18-07.46.12:474][  0]LogConfig: Setting CVar [[r.SkyAtmosphere.FastSkyLUT:1]]
[2024.03.18-07.46.12:474][  0]LogConfig: Setting CVar [[r.SkyAtmosphere.FastSkyLUT.SampleCountMin:4.0]]
[2024.03.18-07.46.12:474][  0]LogConfig: Setting CVar [[r.SkyAtmosphere.FastSkyLUT.SampleCountMax:128.0]]
[2024.03.18-07.46.12:474][  0]LogConfig: Setting CVar [[r.SkyAtmosphere.SampleCountMin:4.0]]
[2024.03.18-07.46.12:474][  0]LogConfig: Setting CVar [[r.SkyAtmosphere.SampleCountMax:128.0]]
[2024.03.18-07.46.12:474][  0]LogConfig: Setting CVar [[r.SkyAtmosphere.TransmittanceLUT.UseSmallFormat:0]]
[2024.03.18-07.46.12:474][  0]LogConfig: Setting CVar [[r.SkyAtmosphere.TransmittanceLUT.SampleCount:10.0]]
[2024.03.18-07.46.12:474][  0]LogConfig: Setting CVar [[r.SkyAtmosphere.MultiScatteringLUT.SampleCount:15.0]]
[2024.03.18-07.46.12:474][  0]LogConfig: Setting CVar [[r.SkyLight.RealTimeReflectionCapture:1]]
[2024.03.18-07.46.12:474][  0]LogConfig: Applying CVar settings from Section [FoliageQuality@3] File [D:/GitHub/NetShootRewrite/Saved/Config/Windows/Scalability.ini]
[2024.03.18-07.46.12:474][  0]LogConfig: Setting CVar [[foliage.DensityScale:1.0]]
[2024.03.18-07.46.12:474][  0]LogConfig: Setting CVar [[grass.DensityScale:1.0]]
[2024.03.18-07.46.12:475][  0]LogConfig: Applying CVar settings from Section [ShadingQuality@3] File [D:/GitHub/NetShootRewrite/Saved/Config/Windows/Scalability.ini]
[2024.03.18-07.46.12:475][  0]LogConfig: Setting CVar [[r.HairStrands.SkyLighting.IntegrationType:2]]
[2024.03.18-07.46.12:475][  0]LogConfig: Setting CVar [[r.HairStrands.SkyAO.SampleCount:4]]
[2024.03.18-07.46.12:475][  0]LogConfig: Setting CVar [[r.HairStrands.Visibility.MSAA.SamplePerPixel:4]]
[2024.03.18-07.46.12:475][  0]LogInit: Selected Device Profile: [Windows]
[2024.03.18-07.46.12:475][  0]LogInit: Applying CVar settings loaded from the selected device profile: [Windows]
[2024.03.18-07.46.12:475][  0]LogHAL: Display: Platform has ~ 16 GB [17105735680 / 17179869184 / 16], which maps to Larger [LargestMinGB=32, LargerMinGB=12, DefaultMinGB=8, SmallerMinGB=6, SmallestMinGB=0)
[2024.03.18-07.46.12:475][  0]LogInit: Going up to parent DeviceProfile []
[2024.03.18-07.46.12:475][  0]LogConfig: Applying CVar settings from Section [ViewDistanceQuality@3] File [D:/GitHub/NetShootRewrite/Saved/Config/Windows/Scalability.ini]
[2024.03.18-07.46.12:475][  0]LogConfig: Setting CVar [[r.SkeletalMeshLODBias:0]]
[2024.03.18-07.46.12:475][  0]LogConfig: Setting CVar [[r.ViewDistanceScale:1.0]]
[2024.03.18-07.46.12:475][  0]LogConfig: Applying CVar settings from Section [AntiAliasingQuality@3] File [D:/GitHub/NetShootRewrite/Saved/Config/Windows/Scalability.ini]
[2024.03.18-07.46.12:475][  0]LogConfig: Setting CVar [[r.PostProcessAAQuality:4]]
[2024.03.18-07.46.12:475][  0]LogConfig: Applying CVar settings from Section [ShadowQuality@3] File [D:/GitHub/NetShootRewrite/Saved/Config/Windows/Scalability.ini]
[2024.03.18-07.46.12:475][  0]LogConfig: Setting CVar [[r.LightFunctionQuality:1]]
[2024.03.18-07.46.12:475][  0]LogConfig: Setting CVar [[r.ShadowQuality:5]]
[2024.03.18-07.46.12:476][  0]LogConfig: Setting CVar [[r.Shadow.CSM.MaxCascades:10]]
[2024.03.18-07.46.12:476][  0]LogConfig: Setting CVar [[r.Shadow.MaxResolution:2048]]
[2024.03.18-07.46.12:476][  0]LogConfig: Setting CVar [[r.Shadow.MaxCSMResolution:2048]]
[2024.03.18-07.46.12:476][  0]LogConfig: Setting CVar [[r.Shadow.RadiusThreshold:0.01]]
[2024.03.18-07.46.12:476][  0]LogConfig: Setting CVar [[r.Shadow.DistanceScale:1.0]]
[2024.03.18-07.46.12:476][  0]LogConfig: Setting CVar [[r.Shadow.CSM.TransitionScale:1.0]]
[2024.03.18-07.46.12:476][  0]LogConfig: Setting CVar [[r.Shadow.PreShadowResolutionFactor:1.0]]
[2024.03.18-07.46.12:476][  0]LogConfig: Setting CVar [[r.DistanceFieldShadowing:1]]
[2024.03.18-07.46.12:476][  0]LogConfig: Setting CVar [[r.DistanceFieldAO:1]]
[2024.03.18-07.46.12:476][  0]LogConfig: Setting CVar [[r.AOQuality:2]]
[2024.03.18-07.46.12:476][  0]LogConfig: Setting CVar [[r.VolumetricFog:1]]
[2024.03.18-07.46.12:476][  0]LogConfig: Setting CVar [[r.VolumetricFog.GridPixelSize:8]]
[2024.03.18-07.46.12:476][  0]LogConfig: Setting CVar [[r.VolumetricFog.GridSizeZ:128]]
[2024.03.18-07.46.12:476][  0]LogConfig: Setting CVar [[r.VolumetricFog.HistoryMissSupersampleCount:4]]
[2024.03.18-07.46.12:476][  0]LogConfig: Setting CVar [[r.LightMaxDrawDistanceScale:1]]
[2024.03.18-07.46.12:476][  0]LogConfig: Setting CVar [[r.CapsuleShadows:1]]
[2024.03.18-07.46.12:476][  0]LogConfig: Applying CVar settings from Section [PostProcessQuality@3] File [D:/GitHub/NetShootRewrite/Saved/Config/Windows/Scalability.ini]
[2024.03.18-07.46.12:476][  0]LogConfig: Setting CVar [[r.MotionBlurQuality:4]]
[2024.03.18-07.46.12:477][  0]LogConfig: Setting CVar [[r.AmbientOcclusionMipLevelFactor:0.4]]
[2024.03.18-07.46.12:477][  0]LogConfig: Setting CVar [[r.AmbientOcclusionMaxQuality:100]]
[2024.03.18-07.46.12:477][  0]LogConfig: Setting CVar [[r.AmbientOcclusionLevels:-1]]
[2024.03.18-07.46.12:477][  0]LogConfig: Setting CVar [[r.AmbientOcclusionRadiusScale:1.0]]
[2024.03.18-07.46.12:477][  0]LogConfig: Setting CVar [[r.DepthOfFieldQuality:2]]
[2024.03.18-07.46.12:477][  0]LogConfig: Setting CVar [[r.RenderTargetPoolMin:400]]
[2024.03.18-07.46.12:477][  0]LogConfig: Setting CVar [[r.LensFlareQuality:2]]
[2024.03.18-07.46.12:477][  0]LogConfig: Setting CVar [[r.SceneColorFringeQuality:1]]
[2024.03.18-07.46.12:477][  0]LogConfig: Setting CVar [[r.EyeAdaptationQuality:2]]
[2024.03.18-07.46.12:477][  0]LogConfig: Setting CVar [[r.BloomQuality:5]]
[2024.03.18-07.46.12:477][  0]LogConfig: Setting CVar [[r.FastBlurThreshold:100]]
[2024.03.18-07.46.12:477][  0]LogConfig: Setting CVar [[r.Upscale.Quality:3]]
[2024.03.18-07.46.12:477][  0]LogConfig: Setting CVar [[r.Tonemapper.GrainQuantization:1]]
[2024.03.18-07.46.12:477][  0]LogConfig: Setting CVar [[r.LightShaftQuality:1]]
[2024.03.18-07.46.12:477][  0]LogConfig: Setting CVar [[r.Filter.SizeScale:1]]
[2024.03.18-07.46.12:477][  0]LogConfig: Setting CVar [[r.Tonemapper.Quality:5]]
[2024.03.18-07.46.12:477][  0]LogConfig: Setting CVar [[r.DOF.Gather.AccumulatorQuality:1        ; higher gathering accumulator quality]]
[2024.03.18-07.46.12:477][  0]LogConfig: Setting CVar [[r.DOF.Gather.PostfilterMethod:1          ; Median3x3 postfilering method]]
[2024.03.18-07.46.12:477][  0]LogConfig: Setting CVar [[r.DOF.Gather.EnableBokehSettings:0       ; no bokeh simulation when gathering]]
[2024.03.18-07.46.12:478][  0]LogConfig: Setting CVar [[r.DOF.Gather.RingCount:4                 ; medium number of samples when gathering]]
[2024.03.18-07.46.12:478][  0]LogConfig: Setting CVar [[r.DOF.Scatter.ForegroundCompositing:1    ; additive foreground scattering]]
[2024.03.18-07.46.12:478][  0]LogConfig: Setting CVar [[r.DOF.Scatter.BackgroundCompositing:2    ; additive background scattering]]
[2024.03.18-07.46.12:478][  0]LogConfig: Setting CVar [[r.DOF.Scatter.EnableBokehSettings:1      ; bokeh simulation when scattering]]
[2024.03.18-07.46.12:478][  0]LogConfig: Setting CVar [[r.DOF.Scatter.MaxSpriteRatio:0.1         ; only a maximum of 10% of scattered bokeh]]
[2024.03.18-07.46.12:478][  0]LogConfig: Setting CVar [[r.DOF.Recombine.Quality:1                ; cheap slight out of focus]]
[2024.03.18-07.46.12:478][  0]LogConfig: Setting CVar [[r.DOF.Recombine.EnableBokehSettings:0    ; no bokeh simulation on slight out of focus]]
[2024.03.18-07.46.12:478][  0]LogConfig: Setting CVar [[r.DOF.TemporalAAQuality:1                ; more stable temporal accumulation]]
[2024.03.18-07.46.12:478][  0]LogConfig: Setting CVar [[r.DOF.Kernel.MaxForegroundRadius:0.025]]
[2024.03.18-07.46.12:478][  0]LogConfig: Setting CVar [[r.DOF.Kernel.MaxBackgroundRadius:0.025]]
[2024.03.18-07.46.12:478][  0]LogConfig: Applying CVar settings from Section [TextureQuality@3] File [D:/GitHub/NetShootRewrite/Saved/Config/Windows/Scalability.ini]
[2024.03.18-07.46.12:478][  0]LogConfig: Setting CVar [[r.Streaming.MipBias:0]]
[2024.03.18-07.46.12:478][  0]LogConfig: Setting CVar [[r.Streaming.AmortizeCPUToGPUCopy:0]]
[2024.03.18-07.46.12:478][  0]LogConfig: Setting CVar [[r.Streaming.MaxNumTexturesToStreamPerFrame:0]]
[2024.03.18-07.46.12:478][  0]LogConfig: Setting CVar [[r.Streaming.Boost:1]]
[2024.03.18-07.46.12:478][  0]LogConfig: Setting CVar [[r.MaxAnisotropy:8]]
[2024.03.18-07.46.12:478][  0]LogConfig: Setting CVar [[r.VT.MaxAnisotropy:8]]
[2024.03.18-07.46.12:478][  0]LogConfig: Setting CVar [[r.Streaming.LimitPoolSizeToVRAM:0]]
[2024.03.18-07.46.12:478][  0]LogConfig: Setting CVar [[r.Streaming.PoolSize:1000]]
[2024.03.18-07.46.12:479][  0]LogConfig: Setting CVar [[r.Streaming.MaxEffectiveScreenSize:0]]
[2024.03.18-07.46.12:479][  0]LogConfig: Applying CVar settings from Section [EffectsQuality@3] File [D:/GitHub/NetShootRewrite/Saved/Config/Windows/Scalability.ini]
[2024.03.18-07.46.12:479][  0]LogConfig: Setting CVar [[r.TranslucencyLightingVolumeDim:64]]
[2024.03.18-07.46.12:479][  0]LogConfig: Setting CVar [[r.RefractionQuality:2]]
[2024.03.18-07.46.12:479][  0]LogConfig: Setting CVar [[r.SSR.Quality:3]]
[2024.03.18-07.46.12:479][  0]LogConfig: Setting CVar [[r.SSR.HalfResSceneColor:0]]
[2024.03.18-07.46.12:479][  0]LogConfig: Setting CVar [[r.SceneColorFormat:4]]
[2024.03.18-07.46.12:479][  0]LogConfig: Setting CVar [[r.DetailMode:2]]
[2024.03.18-07.46.12:479][  0]LogConfig: Setting CVar [[r.TranslucencyVolumeBlur:1]]
[2024.03.18-07.46.12:479][  0]LogConfig: Setting CVar [[r.MaterialQualityLevel:1 ; High quality]]
[2024.03.18-07.46.12:479][  0]LogConfig: Setting CVar [[r.AnisotropicMaterials:1]]
[2024.03.18-07.46.12:479][  0]LogConfig: Setting CVar [[r.SSS.Scale:1]]
[2024.03.18-07.46.12:479][  0]LogConfig: Setting CVar [[r.SSS.SampleSet:2]]
[2024.03.18-07.46.12:479][  0]LogConfig: Setting CVar [[r.SSS.Quality:1]]
[2024.03.18-07.46.12:479][  0]LogConfig: Setting CVar [[r.SSS.HalfRes:0]]
[2024.03.18-07.46.12:479][  0]LogConfig: Setting CVar [[r.SSGI.Quality:3]]
[2024.03.18-07.46.12:479][  0]LogConfig: Setting CVar [[r.EmitterSpawnRateScale:1.0]]
[2024.03.18-07.46.12:479][  0]LogConfig: Setting CVar [[r.ParticleLightQuality:2]]
[2024.03.18-07.46.12:479][  0]LogConfig: Setting CVar [[r.SkyAtmosphere.AerialPerspectiveLUT.FastApplyOnOpaque:1 ; Always have FastSkyLUT 1 in this case to avoid wrong sky]]
[2024.03.18-07.46.12:480][  0]LogConfig: Setting CVar [[r.SkyAtmosphere.AerialPerspectiveLUT.SampleCountMaxPerSlice:4]]
[2024.03.18-07.46.12:480][  0]LogConfig: Setting CVar [[r.SkyAtmosphere.AerialPerspectiveLUT.DepthResolution:16.0]]
[2024.03.18-07.46.12:480][  0]LogConfig: Setting CVar [[r.SkyAtmosphere.FastSkyLUT:1]]
[2024.03.18-07.46.12:480][  0]LogConfig: Setting CVar [[r.SkyAtmosphere.FastSkyLUT.SampleCountMin:4.0]]
[2024.03.18-07.46.12:480][  0]LogConfig: Setting CVar [[r.SkyAtmosphere.FastSkyLUT.SampleCountMax:128.0]]
[2024.03.18-07.46.12:480][  0]LogConfig: Setting CVar [[r.SkyAtmosphere.SampleCountMin:4.0]]
[2024.03.18-07.46.12:480][  0]LogConfig: Setting CVar [[r.SkyAtmosphere.SampleCountMax:128.0]]
[2024.03.18-07.46.12:480][  0]LogConfig: Setting CVar [[r.SkyAtmosphere.TransmittanceLUT.UseSmallFormat:0]]
[2024.03.18-07.46.12:480][  0]LogConfig: Setting CVar [[r.SkyAtmosphere.TransmittanceLUT.SampleCount:10.0]]
[2024.03.18-07.46.12:480][  0]LogConfig: Setting CVar [[r.SkyAtmosphere.MultiScatteringLUT.SampleCount:15.0]]
[2024.03.18-07.46.12:480][  0]LogConfig: Setting CVar [[r.SkyLight.RealTimeReflectionCapture:1]]
[2024.03.18-07.46.12:480][  0]LogConfig: Applying CVar settings from Section [FoliageQuality@3] File [D:/GitHub/NetShootRewrite/Saved/Config/Windows/Scalability.ini]
[2024.03.18-07.46.12:480][  0]LogConfig: Setting CVar [[foliage.DensityScale:1.0]]
[2024.03.18-07.46.12:480][  0]LogConfig: Setting CVar [[grass.DensityScale:1.0]]
[2024.03.18-07.46.12:480][  0]LogConfig: Applying CVar settings from Section [ShadingQuality@3] File [D:/GitHub/NetShootRewrite/Saved/Config/Windows/Scalability.ini]
[2024.03.18-07.46.12:480][  0]LogConfig: Setting CVar [[r.HairStrands.SkyLighting.IntegrationType:2]]
[2024.03.18-07.46.12:480][  0]LogConfig: Setting CVar [[r.HairStrands.SkyAO.SampleCount:4]]
[2024.03.18-07.46.12:480][  0]LogConfig: Setting CVar [[r.HairStrands.Visibility.MSAA.SamplePerPixel:4]]
[2024.03.18-07.46.12:481][  0]LogConfig: Applying CVar settings from Section [Startup] File [../../../Engine/Config/ConsoleVariables.ini]
[2024.03.18-07.46.12:481][  0]LogConfig: Setting CVar [[net.UseAdaptiveNetUpdateFrequency:0]]
[2024.03.18-07.46.12:481][  0]LogConfig: Setting CVar [[p.chaos.AllowCreatePhysxBodies:1]]
[2024.03.18-07.46.12:481][  0]LogConfig: Setting CVar [[fx.SkipVectorVMBackendOptimizations:1]]
[2024.03.18-07.46.12:481][  0]LogConfig: Applying CVar settings from Section [ConsoleVariables] File [D:/GitHub/NetShootRewrite/Saved/Config/Windows/Engine.ini]
[2024.03.18-07.46.12:481][  0]LogConfig: Applying CVar settings from Section [ConsoleVariables] File [D:/GitHub/NetShootRewrite/Saved/Config/Windows/Editor.ini]
[2024.03.18-07.46.12:481][  0]LogInit: Computer: DESKTOP-6POMQQ5
[2024.03.18-07.46.12:481][  0]LogInit: User: ZTT
[2024.03.18-07.46.12:481][  0]LogInit: CPU Page size=4096, Cores=6
[2024.03.18-07.46.12:481][  0]LogInit: High frequency timer resolution =10.000000 MHz
[2024.03.18-07.46.12:482][  0]LogMemory: Memory total: Physical=15.9GB (16GB approx)
[2024.03.18-07.46.12:482][  0]LogMemory: Platform Memory Stats for Windows
[2024.03.18-07.46.12:482][  0]LogMemory: Process Physical Memory: 143.98 MB used, 143.98 MB peak
[2024.03.18-07.46.12:482][  0]LogMemory: Process Virtual Memory: 119.46 MB used, 119.46 MB peak
[2024.03.18-07.46.12:482][  0]LogMemory: Physical Memory: 13961.48 MB used,  2351.82 MB free, 16313.30 MB total
[2024.03.18-07.46.12:482][  0]LogMemory: Virtual Memory: 134210920.00 MB used,  6806.49 MB free, 134217728.00 MB total
[2024.03.18-07.46.12:501][  0]LogWindows: WindowsPlatformFeatures enabled
[2024.03.18-07.46.12:708][  0]LogInit: Physics initialised using underlying interface: PhysX
[2024.03.18-07.46.12:710][  0]LogInit: Overriding language with editor language configuration option (zh-Hans).
[2024.03.18-07.46.12:710][  0]LogInit: Using OS detected locale (zh-CN).
[2024.03.18-07.46.12:779][  0]LogTextLocalizationResource: LocRes '../../../Engine/Content/Localization/Editor/zh/Editor.locres' could not be opened for reading!
[2024.03.18-07.46.12:779][  0]LogTextLocalizationResource: LocRes '../../../Engine/Content/Localization/EditorTutorials/zh/EditorTutorials.locres' could not be opened for reading!
[2024.03.18-07.46.12:779][  0]LogTextLocalizationResource: LocRes '../../../Engine/Content/Localization/Keywords/zh/Keywords.locres' could not be opened for reading!
[2024.03.18-07.46.12:780][  0]LogTextLocalizationResource: LocRes '../../../Engine/Content/Localization/Category/zh/Category.locres' could not be opened for reading!
[2024.03.18-07.46.12:780][  0]LogTextLocalizationResource: LocRes '../../../Engine/Content/Localization/ToolTips/zh/ToolTips.locres' could not be opened for reading!
[2024.03.18-07.46.12:780][  0]LogTextLocalizationResource: LocRes '../../../Engine/Content/Localization/Engine/zh/Engine.locres' could not be opened for reading!
[2024.03.18-07.46.12:780][  0]LogTextLocalizationResource: LocRes '../../../Engine/Plugins/Online/OnlineSubsystem/Content/Localization/OnlineSubsystem/zh/OnlineSubsystem.locres' could not be opened for reading!
[2024.03.18-07.46.12:781][  0]LogTextLocalizationResource: LocRes '../../../Engine/Plugins/Online/OnlineSubsystemUtils/Content/Localization/OnlineSubsystemUtils/zh/OnlineSubsystemUtils.locres' could not be opened for reading!
[2024.03.18-07.46.12:781][  0]LogTextLocalizationResource: LocRes '../../../Engine/Plugins/Online/Android/OnlineSubsystemGooglePlay/Content/Localization/OnlineSubsystemGooglePlay/zh/OnlineSubsystemGooglePlay.locres' could not be opened for reading!
[2024.03.18-07.46.12:781][  0]LogTextLocalizationResource: LocRes '../../../Engine/Plugins/Online/IOS/OnlineSubsystemIOS/Content/Localization/OnlineSubsystemIOS/zh/OnlineSubsystemIOS.locres' could not be opened for reading!
[2024.03.18-07.46.12:807][  0]LogInit: Setting process to per monitor DPI aware
[2024.03.18-07.46.12:882][  0]LogWindowsTextInputMethodSystem: Display: IME system deactivated.
[2024.03.18-07.46.12:916][  0]LogSlate: New Slate User Created.  User Index 0, Is Virtual User: 0
[2024.03.18-07.46.12:916][  0]LogSlate: Slate User Registered.  User Index 0, Is Virtual User: 0
[2024.03.18-07.46.13:229][  0]LogD3D11RHI: Loaded GFSDK_Aftermath_Lib.x64.dll
[2024.03.18-07.46.13:240][  0]LogHMD: Failed to initialize OpenVR with code 110
[2024.03.18-07.46.13:240][  0]LogD3D11RHI: D3D11 min allowed feature level: 11_0
[2024.03.18-07.46.13:241][  0]LogD3D11RHI: D3D11 max allowed feature level: 11_0
[2024.03.18-07.46.13:241][  0]LogD3D11RHI: D3D11 adapters:
[2024.03.18-07.46.13:555][  0]LogD3D11RHI:    0. 'NVIDIA GeForce GTX 1660 Ti' (Feature Level 11_0)
[2024.03.18-07.46.13:555][  0]LogD3D11RHI:       5979/0/8156 MB DedicatedVideo/DedicatedSystem/SharedSystem, Outputs:1, VendorId:0x10de
[2024.03.18-07.46.13:565][  0]LogD3D11RHI:    1. 'Microsoft Basic Render Driver' (Feature Level 11_0)
[2024.03.18-07.46.13:565][  0]LogD3D11RHI:       0/0/8156 MB DedicatedVideo/DedicatedSystem/SharedSystem, Outputs:0, VendorId:0x1414
[2024.03.18-07.46.13:698][  0]LogD3D11RHI:    2. 'NVIDIA GeForce GTX 1660 Ti' (Feature Level 11_0)
[2024.03.18-07.46.13:698][  0]LogD3D11RHI:       5979/0/8156 MB DedicatedVideo/DedicatedSystem/SharedSystem, Outputs:0, VendorId:0x10de
[2024.03.18-07.46.13:698][  0]LogD3D11RHI: Chosen D3D11 Adapter:
[2024.03.18-07.46.13:698][  0]LogD3D11RHI:     Description : NVIDIA GeForce GTX 1660 Ti
[2024.03.18-07.46.13:698][  0]LogD3D11RHI:     VendorId    : 10de
[2024.03.18-07.46.13:698][  0]LogD3D11RHI:     DeviceId    : 2182
[2024.03.18-07.46.13:698][  0]LogD3D11RHI:     SubSysId    : 3fbe1458
[2024.03.18-07.46.13:698][  0]LogD3D11RHI:     Revision    : 00a1
[2024.03.18-07.46.13:698][  0]LogD3D11RHI:     DedicatedVideoMemory : 6269435904 bytes
[2024.03.18-07.46.13:698][  0]LogD3D11RHI:     DedicatedSystemMemory : 0 bytes
[2024.03.18-07.46.13:698][  0]LogD3D11RHI:     SharedSystemMemory : 8552867840 bytes
[2024.03.18-07.46.13:698][  0]LogD3D11RHI:     AdapterLuid : 0 50912
[2024.03.18-07.46.13:704][  0]LogD3D11RHI: Creating new Direct3DDevice
[2024.03.18-07.46.13:704][  0]LogD3D11RHI:     GPU DeviceId: 0x2182 (for the marketing name, search the web for "GPU Device Id")
[2024.03.18-07.46.13:704][  0]LogWindows: EnumDisplayDevices:
[2024.03.18-07.46.13:705][  0]LogWindows:    0. 'NVIDIA GeForce GTX 1660 Ti' (P:1 D:1)
[2024.03.18-07.46.13:705][  0]LogWindows:    1. 'NVIDIA GeForce GTX 1660 Ti' (P:0 D:0)
[2024.03.18-07.46.13:706][  0]LogWindows:    2. 'NVIDIA GeForce GTX 1660 Ti' (P:0 D:0)
[2024.03.18-07.46.13:707][  0]LogWindows:    3. 'NVIDIA GeForce GTX 1660 Ti' (P:0 D:0)
[2024.03.18-07.46.13:707][  0]LogWindows:    4. 'OrayIddDriver Device' (P:0 D:0)
[2024.03.18-07.46.13:708][  0]LogWindows:    5. 'OrayIddDriver Device' (P:0 D:0)
[2024.03.18-07.46.13:708][  0]LogWindows:    6. 'OrayIddDriver Device' (P:0 D:0)
[2024.03.18-07.46.13:709][  0]LogWindows:    7. 'OrayIddDriver Device' (P:0 D:0)
[2024.03.18-07.46.13:710][  0]LogWindows:    8. 'OrayIddDriver Device' (P:0 D:0)
[2024.03.18-07.46.13:710][  0]LogWindows: DebugString: GetVideoDriverDetailsInvalid PrimaryIsNotTheChoosenAdapter GetVideoDriverDetailsInvalid PrimaryIsNotTheChoosenAdapter GetVideoDriverDetailsInvalid PrimaryIsNotTheChoosenAdapter GetVideoDriverDetailsInvalid PrimaryIsNotTheChoosenAdapter GetVideoDriverDetailsInvalid PrimaryIsNotTheChoosenAdapter FoundDriverCount:4 
[2024.03.18-07.46.13:710][  0]LogD3D11RHI:     Adapter Name: NVIDIA GeForce GTX 1660 Ti
[2024.03.18-07.46.13:710][  0]LogD3D11RHI:   Driver Version: 536.23 (internal:31.0.15.3623, unified:536.23)
[2024.03.18-07.46.13:710][  0]LogD3D11RHI:      Driver Date: 6-8-2023
[2024.03.18-07.46.13:710][  0]LogRHI: Texture pool is 4185 MB (70% of 5979 MB)
[2024.03.18-07.46.13:710][  0]LogD3D11RHI: Creating D3DDevice using adapter:
[2024.03.18-07.46.13:711][  0]LogD3D11RHI:     Description : NVIDIA GeForce GTX 1660 Ti
[2024.03.18-07.46.13:711][  0]LogD3D11RHI:     VendorId    : 10de
[2024.03.18-07.46.13:711][  0]LogD3D11RHI:     DeviceId    : 2182
[2024.03.18-07.46.13:711][  0]LogD3D11RHI:     SubSysId    : 3fbe1458
[2024.03.18-07.46.13:711][  0]LogD3D11RHI:     Revision    : 00a1
[2024.03.18-07.46.13:711][  0]LogD3D11RHI:     DedicatedVideoMemory : 6269435904 bytes
[2024.03.18-07.46.13:711][  0]LogD3D11RHI:     DedicatedSystemMemory : 0 bytes
[2024.03.18-07.46.13:711][  0]LogD3D11RHI:     SharedSystemMemory : 8552867840 bytes
[2024.03.18-07.46.13:711][  0]LogD3D11RHI:     AdapterLuid : 0 50912
[2024.03.18-07.46.13:814][  0]LogD3D11RHI: RHI has support for 64 bit atomics
[2024.03.18-07.46.13:815][  0]LogD3D11RHI: Async texture creation enabled
[2024.03.18-07.46.13:815][  0]LogD3D11RHI: Array index from any shader is supported
[2024.03.18-07.46.13:817][  0]LogD3D11RHI: HDR output is supported on display 0 (NvId: 0x80061086).
[2024.03.18-07.46.13:830][  0]LogD3D11RHI: GPU Timing Frequency: 1000.000000 (Debug: 2 1)
[2024.03.18-07.46.13:930][  0]LogRHI: GeForceNow SDK initialized: 1
[2024.03.18-07.46.14:196][  0]LogTargetPlatformManager: Display: Loaded TargetPlatform 'AllDesktop'
[2024.03.18-07.46.14:233][  0]LogTargetPlatformManager: Display: Loaded TargetPlatform 'Android'
[2024.03.18-07.46.14:234][  0]LogTargetPlatformManager: Display: Loaded TargetPlatform 'Android_ASTC'
[2024.03.18-07.46.14:234][  0]LogTargetPlatformManager: Display: Loaded TargetPlatform 'Android_DXT'
[2024.03.18-07.46.14:234][  0]LogTargetPlatformManager: Display: Loaded TargetPlatform 'Android_ETC2'
[2024.03.18-07.46.14:234][  0]LogTargetPlatformManager: Display: Loaded TargetPlatform 'AndroidClient'
[2024.03.18-07.46.14:234][  0]LogTargetPlatformManager: Display: Loaded TargetPlatform 'Android_ASTCClient'
[2024.03.18-07.46.14:234][  0]LogTargetPlatformManager: Display: Loaded TargetPlatform 'Android_DXTClient'
[2024.03.18-07.46.14:234][  0]LogTargetPlatformManager: Display: Loaded TargetPlatform 'Android_ETC2Client'
[2024.03.18-07.46.14:234][  0]LogTargetPlatformManager: Display: Loaded TargetPlatform 'Android_Multi'
[2024.03.18-07.46.14:234][  0]LogTargetPlatformManager: Display: Loaded TargetPlatform 'Android_MultiClient'
[2024.03.18-07.46.14:299][  0]LogTargetPlatformManager: Display: Loaded TargetPlatform 'IOSClient'
[2024.03.18-07.46.14:299][  0]LogTargetPlatformManager: Display: Loaded TargetPlatform 'IOS'
[2024.03.18-07.46.14:345][  0]LogTargetPlatformManager: Display: Loaded TargetPlatform 'Lumin'
[2024.03.18-07.46.14:345][  0]LogTargetPlatformManager: Display: Loaded TargetPlatform 'LuminClient'
[2024.03.18-07.46.14:370][  0]LogTargetPlatformManager: Display: Loaded TargetPlatform 'MacNoEditor'
[2024.03.18-07.46.14:392][  0]LogTargetPlatformManager: Display: Loaded TargetPlatform 'Mac'
[2024.03.18-07.46.14:415][  0]LogTargetPlatformManager: Display: Loaded TargetPlatform 'MacClient'
[2024.03.18-07.46.14:436][  0]LogTargetPlatformManager: Display: Loaded TargetPlatform 'MacServer'
[2024.03.18-07.46.14:462][  0]LogTargetPlatformManager: Display: Loaded TargetPlatform 'TVOSClient'
[2024.03.18-07.46.14:463][  0]LogTargetPlatformManager: Display: Loaded TargetPlatform 'TVOS'
[2024.03.18-07.46.14:489][  0]LogTargetPlatformManager: Display: Loaded TargetPlatform 'WindowsNoEditor'
[2024.03.18-07.46.14:509][  0]LogTargetPlatformManager: Display: Loaded TargetPlatform 'Windows'
[2024.03.18-07.46.14:530][  0]LogTargetPlatformManager: Display: Loaded TargetPlatform 'WindowsClient'
[2024.03.18-07.46.14:553][  0]LogTargetPlatformManager: Display: Loaded TargetPlatform 'WindowsServer'
[2024.03.18-07.46.14:553][  0]LogTargetPlatformManager: Display: Building Assets For Windows
[2024.03.18-07.46.14:632][  0]LogAudioDebug: Display: Lib vorbis DLL was dynamically loaded.
[2024.03.18-07.46.14:864][  0]LogTextureFormatOodle: Display: Oodle Texture 2.9.0 init RDO Off
[2024.03.18-07.46.15:072][  0]LogRendererCore: Ray tracing is disabled. Reason: r.RayTracing=0.
[2024.03.18-07.46.15:072][  0]LogShaderCompilers: Guid format shader working directory is 19 characters bigger than the processId version (D:/GitHub/NetShootRewrite/Intermediate/Shaders/WorkingDirectory/3136/).
[2024.03.18-07.46.15:072][  0]LogShaderCompilers: Cleaned the shader compiler working directory 'C:/Users/ZTT/AppData/Local/Temp/UnrealShaderWorkingDir/FF919838476D58B4AA82B4A3FF77F983/'.
[2024.03.18-07.46.15:074][  0]LogShaderCompilers: Display: Using XGE Controller for Shader Compilation.
[2024.03.18-07.46.15:722][  0]LogDerivedDataCache: Display: Max Cache Size: 512 MB
[2024.03.18-07.46.15:773][  0]LogDerivedDataCache: Loaded boot cache 0.05s 94MB D:/GitHub/NetShootRewrite/DerivedDataCache/Boot.ddc.
[2024.03.18-07.46.15:773][  0]LogDerivedDataCache: Display: Loaded Boot cache: D:/GitHub/NetShootRewrite/DerivedDataCache/Boot.ddc
[2024.03.18-07.46.15:774][  0]LogDerivedDataCache: FDerivedDataBackendGraph:  Pak pak cache file D:/GitHub/NetShootRewrite/DerivedDataCache/DDC.ddp not found, will not use a pak cache.
[2024.03.18-07.46.15:774][  0]LogDerivedDataCache: Unable to find inner node Pak for hierarchical cache Hierarchy.
[2024.03.18-07.46.15:774][  0]LogDerivedDataCache: FDerivedDataBackendGraph:  EnginePak pak cache file ../../../Engine/DerivedDataCache/DDC.ddp not found, will not use a pak cache.
[2024.03.18-07.46.15:774][  0]LogDerivedDataCache: Unable to find inner node EnginePak for hierarchical cache Hierarchy.
[2024.03.18-07.46.15:782][  0]LogDerivedDataCache: Speed tests for ../../../Engine/DerivedDataCache took 0.01 seconds
[2024.03.18-07.46.15:782][  0]LogDerivedDataCache: Display: Performance to ../../../Engine/DerivedDataCache: Latency=0.07ms. RandomReadSpeed=733.71MBs, RandomWriteSpeed=163.76MBs. Assigned SpeedClass 'Local'
[2024.03.18-07.46.15:783][  0]LogDerivedDataCache: Using Local data cache path ../../../Engine/DerivedDataCache: Writable
[2024.03.18-07.46.15:783][  0]LogDerivedDataCache: Shared data cache path not found in *engine.ini, will not use an Shared cache.
[2024.03.18-07.46.15:783][  0]LogDerivedDataCache: Unable to find inner node Shared for hierarchical cache Hierarchy.
[2024.03.18-07.46.15:823][  0]LogSlate: Using FreeType 2.10.0
[2024.03.18-07.46.15:824][  0]LogSlate: SlateFontServices - WITH_FREETYPE: 1, WITH_HARFBUZZ: 1
[2024.03.18-07.46.15:863][  0]LogAssetRegistry: FAssetRegistry took 0.0026 seconds to start up
[2024.03.18-07.46.16:064][  0]LogInit: Selected Device Profile: [Windows]
[2024.03.18-07.46.16:065][  0]LogInit: Active device profile: [000002483D8CAD00][000002483C5C7A40 49] Windows
[2024.03.18-07.46.16:065][  0]LogInit: Profiles: [000002483D8CAD00][000002483C5C7A40 49] Windows, [000002483D881600][000002483C5CBB80 49] WindowsNoEditor, [000002483D8C9500][000002483C612140 49] WindowsServer, [000002483D882B00][000002483C616280 49] WindowsClient, [000002483D8CAA00][000002483C6703C0 49] IOS, [000002483D881A00][000002483C6DE540 49] iPadAir, [000002483D8C9900][000002483C6E26C0 49] iPadAir2, [000002483E5E3C00][0000024833BA0980 49] IPadPro, [000002483E5E3D00][0000024833B949C0 49] iPadAir3, [000002483D8CAF00][0000024833BC0B40 49] iPadAir4, [000002483E5E1900][0000024833BC8CC0 49] iPadMini2, [000002483D8C9300][0000024833C20E40 49] iPadMini3, [000002483E5E0D00][0000024833C24FC0 49] iPadMini4, [000002483D8C8900][0000024833C29140 49] iPadMini5, [000002483E64B500][0000024833C31400 49] iPhone6, [000002483E64B600][0000024833C2D440 49] iPodTouch6, [000002483E5E0700][000002483C61B700 49] iPhone7, [000002483E5E0600][0000024833C35740 49] iPodTouch7, [000002483E649800][000002483C61F8C0 49] iPhone5S, [000002483E5E3600][000002483C623A40 49] iPhone6Plus, [000002483E64B800][000002483C627BC0 49] iPhone6S, [000002483E5E1B00][000002483C6DA180 49] iPhone6SPlus, [000002483E649700][000002483C62A2C0 49] iPhone7Plus, [000002483E5E3100][000002483C62E400 49] iPhoneSE, [000002483E64A500][000002483C632540 49] iPhone8, [000002483E5E1500][000002483C63A6C0 49] iPhone8Plus, [000002483E649E00][000002483C63E840 49] iPhoneX, [000002483E5E1000][000002483C6429C0 49] iPhoneXS, [000002483E64A200][000002483C646B40 49] iPhoneXSMax, [000002483E5E0500][000002483C64ACC0 49] iPhoneXR, [000002483E64A100][000002483C64EE40 49] iPhone11, [000002483E5E2D00][000002483C652FC0 49] iPhone11Pro, [000002483E649600][000002483C657140 49] iPhone11ProMax, [000002483E5E1D00][000002483C65B2C0 49] iPhoneSE2, [000002483E64B200][000002483C65F440 49] iPhone12Mini, [000002483E5E1E00][000002483C6635C0 49] iPhone12, [000002483E648300][000002483C667740 49] iPhone12Pro, [000002483E5E3500][000002483C66B8C0 49] iPhone12ProMax, [000002483E64BC00][000002483C675A40 49] iPadPro105, [000002483E5E0200][000002483C679BC0 49] iPadPro129, [000002483E648E00][000002483C67C1C0 49] iPadPro97, [000002483E5E0100][000002483C680340 49] iPadPro2_129, [000002483E64BF00][000002483C636480 49] iPad5, [000002483E5E0900][000002483C6845C0 49] iPad6, [000002483E64BB00][000002483C688700 49] iPad7, [000002483E5E2A00][000002483C690880 49] iPad8, [000002483E64A800][000002483C694A00 49] iPadPro11, [000002483E5E0A00][000002483C698B80 49] iPadPro2_11, [000002483E648700][000002483C69CD00 49] iPadPro3_129, [000002483E5E3200][000002483C6A0E80 49] iPadPro4_129, [000002483E64BA00][000002483C6A5000 49] AppleTV, [000002483E5E0C00][000002483C6A9180 49] AppleTV4K, [000002483E64AC00][000002483C6AD300 49] TVOS, [000002483E5E3000][000002483C6B1480 49] Mac, [000002483D880E00][000002483C6B5600 49] MacClient, [000002483D90C800][000002483C6B9780 49] MacNoEditor, [000002483D881500][000002483C6BD900 49] MacServer, [000002483D90C300][000002483C6C1A80 49] Linux, [000002483D882D00][000002483C6C5C00 49] LinuxAArch64, [000002483D90CB00][000002483C6C8200 49] LinuxNoEditor, [000002483D881D00][000002483C6CC380 49] LinuxAArch64NoEditor, [000002483D90D500][000002483C6D0500 49] LinuxClient, [000002483D880500][000002483C68C640 49] LinuxAArch64Client, [000002483D90D100][000002483C6D4780 49] LinuxServer, [000002483D883600][000002483C2188C0 49] LinuxAArch64Server, [000002483D90D200][000002483C220A40 49] Android, [000002483D880400][000002483C224BC0 49] Android_Low, [000002483D90CC00][000002483C228D40 49] Android_Mid, [000002483D880D00][000002483C22CEC0 49] Android_High, [000002483D90D300][000002483C231040 49] Android_Default, [000002483D880300][000002483C2351C0 49] Android_Adreno4xx, [000002483D90D900][000002483C239340 49] Android_Adreno5xx_Low, [000002483D883700][000002483C23D4C0 49] Android_Adreno5xx, [000002483D90C900][000002483C241640 49] Android_Adreno6xx, [000002483D882200][000002483C2457C0 49] Android_Adreno6xx_Vulkan, [000002483D90CF00][000002483C249940 49] Android_Mali_T6xx, [000002483E5E3E00][000002483C24DAC0 49] Android_Mali_T7xx, [000002483E649100][000002483C2500C0 49] Android_Mali_T8xx, [000002483E5E2700][000002483C254240 49] Android_Mali_G71, [000002483E64B300][000002483C2583C0 49] Android_Mali_G72, [000002483E5E2000][000002483C25C540 49] Android_Mali_G72_Vulkan, [000002483E64B900][000002483C2606C0 49] Android_Mali_G76, [000002483E5E0300][000002483C21C800 49] Android_Mali_G76_Vulkan, [000002483E649F00][000002483C264940 49] Android_Mali_G77, [000002483E5E1700][000002483C268A80 49] Android_Mali_G77_Vulkan, [000002483E64A400][000002483C26CBC0 49] Android_Mali_G78, [000002483E5E2400][000002483C274D40 49] Android_Mali_G78_Vulkan, [000002483E64A700][000002483C278EC0 49] Android_Mali_G710, [000002483E5E3800][000002483C27D040 49] Android_Mali_G710_Vulkan, [000002483E648900][000002483C2811C0 49] Android_Vulkan_SM5, [000002483E5E0F00][000002483C285340 49] Android_PowerVR_G6xxx, [000002483E648400][000002483C2894C0 49] Android_PowerVR_GT7xxx, [000002483E5E0E00][000002483C28D640 49] Android_PowerVR_GE8xxx, [000002483E649A00][000002483C2917C0 49] Android_PowerVR_GM9xxx, [000002483E5E1300][000002483C295940 49] Android_PowerVR_GM9xxx_Vulkan, [000002483E649000][000002483C299AC0 49] Android_TegraK1, [000002483E5E1F00][000002483C29C0C0 49] Android_Unknown_Vulkan, [000002483E649400][000002483C2A0240 49] Lumin, [000002483E5E2600][000002483C2A43C0 49] Lumin_Desktop, [000002483D8C9400][000002483C2A8540 49] HoloLens, 
[2024.03.18-07.46.16:365][  0]LogMeshReduction: Using QuadricMeshReduction for automatic static mesh reduction
[2024.03.18-07.46.16:365][  0]LogMeshReduction: Using SimplygonMeshReduction for automatic skeletal mesh reduction
[2024.03.18-07.46.16:365][  0]LogMeshReduction: Using ProxyLODMeshReduction for automatic mesh merging
[2024.03.18-07.46.16:365][  0]LogMeshReduction: No distributed automatic mesh merging module available
[2024.03.18-07.46.16:366][  0]LogMeshMerging: No distributed automatic mesh merging module available
[2024.03.18-07.46.16:400][  0]LogNetVersion: NetShootRewrite 1.0.0, NetCL: 0, EngineNetVer: 17, GameNetVer: 0 (Checksum: 1486698656)
[2024.03.18-07.46.16:867][  0]LogTexture: Default maximum texture size for cubemaps generated from long-lat sources has been changed from 512 to unlimited. In order to preserve old behaiour for '/Engine/MapTemplates/Sky/DaylightAmbientCubemap.DaylightAmbientCubemap', its maximum texture size has been explicitly set to 512.
[2024.03.18-07.46.16:931][  0]LogHMD: PokeAHoleMaterial loaded successfully
[2024.03.18-07.46.16:936][  0]LogUObjectArray: 17164 objects as part of root set at end of initial load.
[2024.03.18-07.46.16:936][  0]LogUObjectAllocator: 4298528 out of 0 bytes used by permanent object pool.
[2024.03.18-07.46.16:936][  0]LogUObjectArray: CloseDisregardForGC: 0/0 objects in disregard for GC pool
[2024.03.18-07.46.18:300][  0]LogNiagaraDebuggerClient: Niagara Debugger Client Initialized | Session: DBE47F5A4F76D1CDB24F4A9D1CA4E2E0 | Instance: 345BFD354031DCD18619D999B4B75B35 (DESKTOP-6POMQQ5-3136).
[2024.03.18-07.46.18:878][  0]LogPython: Using Python 3.7.7
[2024.03.18-07.46.19:416][  0]LogTcpMessaging: Initializing TcpMessaging bridge
[2024.03.18-07.46.19:440][  0]LogUdpMessaging: Initializing bridge on interface 0.0.0.0:0 to multicast group 230.0.0.1:6666.
