Log file open, 03/18/24 14:50:51
LogWindows: Failed to load 'aqProf.dll' (GetLastError=126)
LogWindows: File 'aqProf.dll' does not exist
LogWindows: Failed to load 'VtuneApi.dll' (GetLastError=126)
LogWindows: File 'VtuneApi.dll' does not exist
LogWindows: Failed to load 'VtuneApi32e.dll' (GetLastError=126)
LogWindows: File 'VtuneApi32e.dll' does not exist
LogConsoleResponse: Display: Failed to find resolution value strings in scalability ini. Falling back to default.
LogConsoleResponse: Display: Failed to find resolution value strings in scalability ini. Falling back to default.
LogInit: Display: Running engine for game: NetShootRewrite
LogPlatformFile: Not using cached read wrapper
LogTaskGraph: Started task graph with 5 named threads and 35 total threads with 3 sets of task threads.
LogStats: Stats thread started at 0.153910
LogICUInternationalization: ICU TimeZone Detection - Raw Offset: +8:00, Platform Override: ''
LogInit: Display: Loading text-based GConfig....
LogPluginManager: Mounting plugin MeshPainting
LogPluginManager: Mounting plugin XGEController
LogPluginManager: Mounting plugin Paper2D
LogPluginManager: Mounting plugin AISupport
LogPluginManager: Mounting plugin EnvironmentQueryEditor
LogPluginManager: Mounting plugin LightPropagationVolume
LogPluginManager: Mounting plugin LiveLink
LogPluginManager: Mounting plugin GameplayCameras
LogPluginManager: Mounting plugin CameraShakePreviewer
LogPluginManager: Mounting plugin OodleNetwork
LogPluginManager: Mounting plugin AnimationSharing
LogPluginManager: Mounting plugin OodleData
LogPluginManager: Mounting plugin CLionSourceCodeAccess
LogPluginManager: Mounting plugin CodeLiteSourceCodeAccess
LogPluginManager: Mounting plugin GitSourceControl
LogPluginManager: Mounting plugin KDevelopSourceCodeAccess
LogPluginManager: Mounting plugin NullSourceCodeAccess
LogPluginManager: Mounting plugin PixWinPlugin
LogPluginManager: Mounting plugin PlasticSourceControl
LogPluginManager: Mounting plugin PerforceSourceControl
LogPluginManager: Mounting plugin PluginUtils
LogPluginManager: Mounting plugin PropertyAccessNode
LogPluginManager: Mounting plugin RiderSourceCodeAccess
LogPluginManager: Mounting plugin SubversionSourceControl
LogPluginManager: Mounting plugin AssetManagerEditor
LogPluginManager: Mounting plugin XCodeSourceCodeAccess
LogPluginManager: Mounting plugin VisualStudioSourceCodeAccess
LogPluginManager: Mounting plugin TextureFormatOodle
LogPluginManager: Mounting plugin VisualStudioCodeSourceCodeAccess
LogPluginManager: Mounting plugin UObjectPlugin
LogPluginManager: Mounting plugin CryptoKeys
LogPluginManager: Mounting plugin DataValidation
LogPluginManager: Mounting plugin CurveEditorTools
LogPluginManager: Mounting plugin FacialAnimation
LogPluginManager: Mounting plugin GameplayTagsEditor
LogPluginManager: Mounting plugin GeometryMode
LogPluginManager: Mounting plugin MacGraphicsSwitching
LogPluginManager: Mounting plugin MaterialAnalyzer
LogPluginManager: Mounting plugin MobileLauncherProfileWizard
LogPluginManager: Mounting plugin PluginBrowser
LogPluginManager: Mounting plugin SpeedTreeImporter
LogPluginManager: Mounting plugin DatasmithContent
LogPluginManager: Mounting plugin Niagara
LogPluginManager: Mounting plugin VariantManagerContent
LogPluginManager: Mounting plugin AlembicImporter
LogPluginManager: Mounting plugin AutomationUtils
LogPluginManager: Mounting plugin BackChannel
LogPluginManager: Mounting plugin ChaosCloth
LogPluginManager: Mounting plugin ChaosClothEditor
LogPluginManager: Mounting plugin ChaosEditor
LogPluginManager: Mounting plugin ChaosNiagara
LogPluginManager: Mounting plugin ChaosSolverPlugin
LogPluginManager: Mounting plugin CharacterAI
LogPluginManager: Mounting plugin LuminPlatformFeatures
LogPluginManager: Mounting plugin MagicLeap
LogPluginManager: Mounting plugin GeometryCache
LogPluginManager: Mounting plugin MagicLeapLightEstimation
LogPluginManager: Mounting plugin GeometryCollectionPlugin
LogPluginManager: Mounting plugin MagicLeapMedia
LogPluginManager: Mounting plugin GeometryProcessing
LogPluginManager: Mounting plugin MagicLeapPassableWorld
LogPluginManager: Mounting plugin MLSDK
LogPluginManager: Mounting plugin OpenImageDenoise
LogPluginManager: Mounting plugin MotoSynth
LogPluginManager: Mounting plugin PlanarCut
LogPluginManager: Mounting plugin PlatformCrypto
LogPluginManager: Mounting plugin ProxyLODPlugin
LogPluginManager: Mounting plugin PythonScriptPlugin
LogPluginManager: Mounting plugin SkeletalReduction
LogPluginManager: Mounting plugin AndroidMedia
LogPluginManager: Mounting plugin AvfMedia
LogPluginManager: Mounting plugin ImgMedia
LogPluginManager: Mounting plugin MediaCompositing
LogPluginManager: Mounting plugin MediaPlayerEditor
LogPluginManager: Mounting plugin WebMMedia
LogPluginManager: Mounting plugin WmfMedia
LogPluginManager: Mounting plugin ActorSequence
LogPluginManager: Mounting plugin LevelSequenceEditor
LogPluginManager: Mounting plugin MatineeToLevelSequence
LogPluginManager: Mounting plugin TemplateSequence
LogPluginManager: Mounting plugin TcpMessaging
LogPluginManager: Mounting plugin UdpMessaging
LogPluginManager: Mounting plugin OnlineSubsystem
LogPluginManager: Mounting plugin OnlineSubsystemNull
LogPluginManager: Mounting plugin LauncherChunkInstaller
LogPluginManager: Mounting plugin OnlineSubsystemUtils
LogPluginManager: Mounting plugin ActorLayerUtilities
LogPluginManager: Mounting plugin AndroidDeviceProfileSelector
LogPluginManager: Mounting plugin AndroidMoviePlayer
LogPluginManager: Mounting plugin AndroidPermission
LogPluginManager: Mounting plugin AppleImageUtils
LogPluginManager: Mounting plugin AppleMoviePlayer
LogPluginManager: Mounting plugin ArchVisCharacter
LogPluginManager: Mounting plugin AssetTags
LogPluginManager: Mounting plugin AudioCapture
LogPluginManager: Mounting plugin AudioSynesthesia
LogPluginManager: Mounting plugin CableComponent
LogPluginManager: Mounting plugin CustomMeshComponent
LogPluginManager: Mounting plugin ExampleDeviceProfileSelector
LogPluginManager: Mounting plugin ChunkDownloader
LogPluginManager: Mounting plugin EditableMesh
LogPluginManager: Mounting plugin GoogleCloudMessaging
LogPluginManager: Mounting plugin GooglePAD
LogPluginManager: Mounting plugin IOSDeviceProfileSelector
LogPluginManager: Mounting plugin LinuxDeviceProfileSelector
LogPluginManager: Mounting plugin LocationServicesBPLibrary
LogPluginManager: Mounting plugin MobilePatchingUtils
LogPluginManager: Mounting plugin OpenXR
LogPluginManager: Mounting plugin OpenXREyeTracker
LogPluginManager: Mounting plugin OpenXRHandTracking
LogPluginManager: Mounting plugin ScreenshotTools
LogPluginManager: Mounting plugin PhysXVehicles
LogPluginManager: Mounting plugin PostSplashScreen
LogPluginManager: Mounting plugin ProceduralMeshComponent
LogPluginManager: Mounting plugin PropertyAccessEditor
LogPluginManager: Mounting plugin SignificanceManager
LogPluginManager: Mounting plugin RuntimePhysXCooking
LogPluginManager: Mounting plugin SoundFields
LogPluginManager: Mounting plugin Synthesis
LogPluginManager: Mounting plugin WebMMoviePlayer
LogPluginManager: Mounting plugin WindowsMoviePlayer
LogPluginManager: Mounting plugin Takes
LogPluginManager: Mounting plugin ContentBrowserAssetDataSource
LogPluginManager: Mounting plugin ContentBrowserClassDataSource
LogPluginManager: Mounting plugin ContentBrowserFileDataSource
LogPluginManager: Mounting plugin RiderLink
LogPluginManager: Mounting plugin OnlineSubsystemIOS
LogPluginManager: Mounting plugin OnlineSubsystemGooglePlay
LogPluginManager: Mounting plugin OculusVR
LogPluginManager: Mounting plugin SteamVR
PixWinPlugin: PIX capture plugin failed to initialize! Check that the process is launched from PIX.
LogInit: Using libcurl 7.55.1-DEV
LogInit:  - built for x86_64-pc-win32
LogInit:  - supports SSL with OpenSSL/1.1.1
LogInit:  - supports HTTP deflate (compression) using libz 1.2.8
LogInit:  - other features:
LogInit:      CURL_VERSION_SSL
LogInit:      CURL_VERSION_LIBZ
LogInit:      CURL_VERSION_IPV6
LogInit:      CURL_VERSION_ASYNCHDNS
LogInit:      CURL_VERSION_LARGEFILE
LogInit:      CURL_VERSION_IDN
LogInit:  CurlRequestOptions (configurable via config and command line):
LogInit:  - bVerifyPeer = true  - Libcurl will verify peer certificate
LogInit:  - bUseHttpProxy = false  - Libcurl will NOT use HTTP proxy
LogInit:  - bDontReuseConnections = false  - Libcurl will reuse connections
LogInit:  - MaxHostConnections = 16  - Libcurl will limit the number of connections to a host
LogInit:  - LocalHostAddr = Default
LogInit:  - BufferSize = 65536
LogOnline: OSS: Creating online subsystem instance for: NULL
LogInit: WinSock: version 1.1 (2.2), MaxSocks=32767, MaxUdp=65467
LogOnline: OSS: TryLoadSubsystemAndSetDefault: Loaded subsystem for module [NULL]
LogOculusPluginWrapper: OculusPlugin initialized successfully
LogHMD: Failed initializing OVRPlugin 1.59.0
LogInit: Build: ++UE4+Release-4.27-CL-0
LogInit: Engine Version: 4.27.2-0+++UE4+Release-4.27
LogInit: Compatible Engine Version: 4.27.0-0+++UE4+Release-4.27
LogInit: Net CL: 0
LogInit: OS: Windows 10 (Release 2009) (), CPU: Intel(R) Core(TM) i7-8700 CPU @ 3.20GHz, GPU: NVIDIA GeForce GTX 1660 Ti
LogInit: Compiled (64-bit): Mar 12 2024 21:46:05
LogInit: Compiled with Visual C++: 19.39.33521.00
LogInit: Build Configuration: Development
LogInit: Branch Name: ++UE4+Release-4.27
LogInit: Command Line:  -skipcompile
LogInit: Base Directory: C:/Program Files (x86)/UE4.27/UnrealEngine-4.27/Engine/Binaries/Win64/
LogInit: Allocator: TBB
LogInit: Installed Engine Build: 0
LogDevObjectVersion: Number of dev versions registered: 29
LogDevObjectVersion:   Dev-Blueprints (B0D832E4-1F89-4F0D-ACCF-7EB736FD4AA2): 10
LogDevObjectVersion:   Dev-Build (E1C64328-A22C-4D53-A36C-8E866417BD8C): 0
LogDevObjectVersion:   Dev-Core (375EC13C-06E4-48FB-B500-84F0262A717E): 4
LogDevObjectVersion:   Dev-Editor (E4B068ED-F494-42E9-A231-DA0B2E46BB41): 40
LogDevObjectVersion:   Dev-Framework (CFFC743F-43B0-4480-9391-14DF171D2073): 37
LogDevObjectVersion:   Dev-Mobile (B02B49B5-BB20-44E9-A304-32B752E40360): 3
LogDevObjectVersion:   Dev-Networking (A4E4105C-59A1-49B5-A7C5-40C4547EDFEE): 0
LogDevObjectVersion:   Dev-Online (39C831C9-5AE6-47DC-9A44-9C173E1C8E7C): 0
LogDevObjectVersion:   Dev-Physics (78F01B33-EBEA-4F98-B9B4-84EACCB95AA2): 14
LogDevObjectVersion:   Dev-Platform (6631380F-2D4D-43E0-8009-CF276956A95A): 0
LogDevObjectVersion:   Dev-Rendering (12F88B9F-8875-4AFC-A67C-D90C383ABD29): 45
LogDevObjectVersion:   Dev-Sequencer (7B5AE74C-D270-4C10-A958-57980B212A5A): 13
LogDevObjectVersion:   Dev-VR (D7296918-1DD6-4BDD-9DE2-64A83CC13884): 3
LogDevObjectVersion:   Dev-LoadTimes (C2A15278-BFE7-4AFE-6C17-90FF531DF755): 1
LogDevObjectVersion:   Private-Geometry (6EACA3D4-40EC-4CC1-B786-8BED09428FC5): 3
LogDevObjectVersion:   Dev-AnimPhys (29E575DD-E0A3-4627-9D10-D276232CDCEA): 17
LogDevObjectVersion:   Dev-Anim (AF43A65D-7FD3-4947-9873-3E8ED9C1BB05): 15
LogDevObjectVersion:   Dev-ReflectionCapture (6B266CEC-1EC7-4B8F-A30B-E4D90942FC07): 1
LogDevObjectVersion:   Dev-Automation (0DF73D61-A23F-47EA-B727-89E90C41499A): 1
LogDevObjectVersion:   FortniteMain (601D1886-AC64-4F84-AA16-D3DE0DEAC7D6): 47
LogDevObjectVersion:   FortniteRelease (E7086368-6B23-4C58-8439-1B7016265E91): 1
LogDevObjectVersion:   Dev-Enterprise (9DFFBCD6-494F-0158-E221-12823C92A888): 10
LogDevObjectVersion:   Dev-Niagara (F2AED0AC-9AFE-416F-8664-AA7FFA26D6FC): 1
LogDevObjectVersion:   Dev-Destruction (174F1F0B-B4C6-45A5-B13F-2EE8D0FB917D): 10
LogDevObjectVersion:   Dev-Physics-Ext (35F94A83-E258-406C-A318-09F59610247C): 41
LogDevObjectVersion:   Dev-PhysicsMaterial-Chaos (B68FC16E-8B1B-42E2-B453-215C058844FE): 1
LogDevObjectVersion:   Dev-CineCamera (B2E18506-4273-CFC2-A54E-F4BB758BBA07): 1
LogDevObjectVersion:   Dev-VirtualProduction (64F58936-FD1B-42BA-BA96-7289D5D0FA4E): 1
LogDevObjectVersion:   Dev-MediaFramework (6F0ED827-A609-4895-9C91-998D90180EA4): 2
LogInit: Presizing for max 25165824 objects, including 0 objects not considered by GC, pre-allocating 0 bytes for permanent pool.
LogConfig: Applying CVar settings from Section [/Script/Engine.StreamingSettings] File [D:/GitHub/NetShootRewrite/Saved/Config/Windows/Engine.ini]
LogConfig: Setting CVar [[s.MinBulkDataSizeForAsyncLoading:131072]]
LogConfig: Setting CVar [[s.AsyncLoadingThreadEnabled:0]]
LogConfig: Setting CVar [[s.EventDrivenLoaderEnabled:1]]
LogConfig: Setting CVar [[s.WarnIfTimeLimitExceeded:0]]
LogConfig: Setting CVar [[s.TimeLimitExceededMultiplier:1.5]]
LogConfig: Setting CVar [[s.TimeLimitExceededMinTime:0.005]]
LogConfig: Setting CVar [[s.UseBackgroundLevelStreaming:1]]
LogConfig: Setting CVar [[s.PriorityAsyncLoadingExtraTime:15.0]]
LogConfig: Setting CVar [[s.LevelStreamingActorsUpdateTimeLimit:5.0]]
LogConfig: Setting CVar [[s.PriorityLevelStreamingActorsUpdateExtraTime:5.0]]
LogConfig: Setting CVar [[s.LevelStreamingComponentsRegistrationGranularity:10]]
LogConfig: Setting CVar [[s.UnregisterComponentsTimeLimit:1.0]]
LogConfig: Setting CVar [[s.LevelStreamingComponentsUnregistrationGranularity:5]]
LogConfig: Setting CVar [[s.FlushStreamingOnExit:1]]
LogInit: Object subsystem initialized
LogConfig: Setting CVar [[con.DebugEarlyDefault:1]]
LogConfig: Setting CVar [[r.setres:1280x720]]
[2024.03.18-06.50.52:201][  0]LogConfig: Setting CVar [[r.VSync:0]]
[2024.03.18-06.50.52:201][  0]LogConfig: Setting CVar [[r.RHICmdBypass:0]]
[2024.03.18-06.50.52:201][  0]LogConfig: Applying CVar settings from Section [/Script/Engine.RendererSettings] File [D:/GitHub/NetShootRewrite/Saved/Config/Windows/Engine.ini]
[2024.03.18-06.50.52:201][  0]LogConfig: Setting CVar [[r.GPUCrashDebugging:0]]
[2024.03.18-06.50.52:201][  0]LogConfig: Applying CVar settings from Section [/Script/Engine.RendererOverrideSettings] File [D:/GitHub/NetShootRewrite/Saved/Config/Windows/Engine.ini]
[2024.03.18-06.50.52:201][  0]LogConfig: Applying CVar settings from Section [/Script/Engine.StreamingSettings] File [D:/GitHub/NetShootRewrite/Saved/Config/Windows/Engine.ini]
[2024.03.18-06.50.52:201][  0]LogConfig: Setting CVar [[s.MinBulkDataSizeForAsyncLoading:131072]]
[2024.03.18-06.50.52:201][  0]LogConfig: Setting CVar [[s.AsyncLoadingThreadEnabled:0]]
[2024.03.18-06.50.52:201][  0]LogConfig: Setting CVar [[s.EventDrivenLoaderEnabled:1]]
[2024.03.18-06.50.52:201][  0]LogConfig: Setting CVar [[s.WarnIfTimeLimitExceeded:0]]
[2024.03.18-06.50.52:201][  0]LogConfig: Setting CVar [[s.TimeLimitExceededMultiplier:1.5]]
[2024.03.18-06.50.52:201][  0]LogConfig: Setting CVar [[s.TimeLimitExceededMinTime:0.005]]
[2024.03.18-06.50.52:201][  0]LogConfig: Setting CVar [[s.UseBackgroundLevelStreaming:1]]
[2024.03.18-06.50.52:201][  0]LogConfig: Setting CVar [[s.PriorityAsyncLoadingExtraTime:15.0]]
[2024.03.18-06.50.52:201][  0]LogConfig: Setting CVar [[s.LevelStreamingActorsUpdateTimeLimit:5.0]]
[2024.03.18-06.50.52:201][  0]LogConfig: Setting CVar [[s.PriorityLevelStreamingActorsUpdateExtraTime:5.0]]
[2024.03.18-06.50.52:201][  0]LogConfig: Setting CVar [[s.LevelStreamingComponentsRegistrationGranularity:10]]
[2024.03.18-06.50.52:201][  0]LogConfig: Setting CVar [[s.UnregisterComponentsTimeLimit:1.0]]
[2024.03.18-06.50.52:201][  0]LogConfig: Setting CVar [[s.LevelStreamingComponentsUnregistrationGranularity:5]]
[2024.03.18-06.50.52:201][  0]LogConfig: Setting CVar [[s.FlushStreamingOnExit:1]]
[2024.03.18-06.50.52:201][  0]LogConfig: Applying CVar settings from Section [/Script/Engine.GarbageCollectionSettings] File [D:/GitHub/NetShootRewrite/Saved/Config/Windows/Engine.ini]
[2024.03.18-06.50.52:201][  0]LogConfig: Setting CVar [[gc.MaxObjectsNotConsideredByGC:1]]
[2024.03.18-06.50.52:201][  0]LogConfig: Setting CVar [[gc.SizeOfPermanentObjectPool:0]]
[2024.03.18-06.50.52:201][  0]LogConfig: Setting CVar [[gc.FlushStreamingOnGC:0]]
[2024.03.18-06.50.52:201][  0]LogConfig: Setting CVar [[gc.NumRetriesBeforeForcingGC:10]]
[2024.03.18-06.50.52:201][  0]LogConfig: Setting CVar [[gc.AllowParallelGC:1]]
[2024.03.18-06.50.52:201][  0]LogConfig: Setting CVar [[gc.TimeBetweenPurgingPendingKillObjects:61.1]]
[2024.03.18-06.50.52:201][  0]LogConfig: Setting CVar [[gc.MaxObjectsInEditor:25165824]]
[2024.03.18-06.50.52:201][  0]LogConfig: Setting CVar [[gc.IncrementalBeginDestroyEnabled:1]]
[2024.03.18-06.50.52:201][  0]LogConfig: Setting CVar [[gc.CreateGCClusters:1]]
[2024.03.18-06.50.52:201][  0]LogConfig: Setting CVar [[gc.MinGCClusterSize:5]]
[2024.03.18-06.50.52:202][  0]LogConfig: Setting CVar [[gc.ActorClusteringEnabled:0]]
[2024.03.18-06.50.52:202][  0]LogConfig: Setting CVar [[gc.BlueprintClusteringEnabled:0]]
[2024.03.18-06.50.52:202][  0]LogConfig: Setting CVar [[gc.UseDisregardForGCOnDedicatedServers:0]]
[2024.03.18-06.50.52:202][  0]LogConfig: Setting CVar [[gc.MultithreadedDestructionEnabled:1]]
[2024.03.18-06.50.52:202][  0]LogConfig: Applying CVar settings from Section [/Script/Engine.NetworkSettings] File [D:/GitHub/NetShootRewrite/Saved/Config/Windows/Engine.ini]
[2024.03.18-06.50.52:202][  0]LogConfig: Applying CVar settings from Section [/Script/UnrealEd.CookerSettings] File [D:/GitHub/NetShootRewrite/Saved/Config/Windows/Engine.ini]
[2024.03.18-06.50.52:246][  0]LogConfig: Applying CVar settings from Section [ViewDistanceQuality@3] File [D:/GitHub/NetShootRewrite/Saved/Config/Windows/Scalability.ini]
[2024.03.18-06.50.52:246][  0]LogConfig: Setting CVar [[r.SkeletalMeshLODBias:0]]
[2024.03.18-06.50.52:246][  0]LogConfig: Setting CVar [[r.ViewDistanceScale:1.0]]
[2024.03.18-06.50.52:246][  0]LogConfig: Applying CVar settings from Section [AntiAliasingQuality@3] File [D:/GitHub/NetShootRewrite/Saved/Config/Windows/Scalability.ini]
[2024.03.18-06.50.52:247][  0]LogConfig: Setting CVar [[r.PostProcessAAQuality:4]]
[2024.03.18-06.50.52:247][  0]LogConfig: Applying CVar settings from Section [ShadowQuality@3] File [D:/GitHub/NetShootRewrite/Saved/Config/Windows/Scalability.ini]
[2024.03.18-06.50.52:247][  0]LogConfig: Setting CVar [[r.LightFunctionQuality:1]]
[2024.03.18-06.50.52:247][  0]LogConfig: Setting CVar [[r.ShadowQuality:5]]
[2024.03.18-06.50.52:247][  0]LogConfig: Setting CVar [[r.Shadow.CSM.MaxCascades:10]]
[2024.03.18-06.50.52:247][  0]LogConfig: Setting CVar [[r.Shadow.MaxResolution:2048]]
[2024.03.18-06.50.52:247][  0]LogConfig: Setting CVar [[r.Shadow.MaxCSMResolution:2048]]
[2024.03.18-06.50.52:247][  0]LogConfig: Setting CVar [[r.Shadow.RadiusThreshold:0.01]]
[2024.03.18-06.50.52:247][  0]LogConfig: Setting CVar [[r.Shadow.DistanceScale:1.0]]
[2024.03.18-06.50.52:247][  0]LogConfig: Setting CVar [[r.Shadow.CSM.TransitionScale:1.0]]
[2024.03.18-06.50.52:247][  0]LogConfig: Setting CVar [[r.Shadow.PreShadowResolutionFactor:1.0]]
[2024.03.18-06.50.52:247][  0]LogConfig: Setting CVar [[r.DistanceFieldShadowing:1]]
[2024.03.18-06.50.52:247][  0]LogConfig: Setting CVar [[r.DistanceFieldAO:1]]
[2024.03.18-06.50.52:247][  0]LogConfig: Setting CVar [[r.AOQuality:2]]
[2024.03.18-06.50.52:247][  0]LogConfig: Setting CVar [[r.VolumetricFog:1]]
[2024.03.18-06.50.52:247][  0]LogConfig: Setting CVar [[r.VolumetricFog.GridPixelSize:8]]
[2024.03.18-06.50.52:247][  0]LogConfig: Setting CVar [[r.VolumetricFog.GridSizeZ:128]]
[2024.03.18-06.50.52:247][  0]LogConfig: Setting CVar [[r.VolumetricFog.HistoryMissSupersampleCount:4]]
[2024.03.18-06.50.52:247][  0]LogConfig: Setting CVar [[r.LightMaxDrawDistanceScale:1]]
[2024.03.18-06.50.52:247][  0]LogConfig: Setting CVar [[r.CapsuleShadows:1]]
[2024.03.18-06.50.52:247][  0]LogConfig: Applying CVar settings from Section [PostProcessQuality@3] File [D:/GitHub/NetShootRewrite/Saved/Config/Windows/Scalability.ini]
[2024.03.18-06.50.52:247][  0]LogConfig: Setting CVar [[r.MotionBlurQuality:4]]
[2024.03.18-06.50.52:247][  0]LogConfig: Setting CVar [[r.AmbientOcclusionMipLevelFactor:0.4]]
[2024.03.18-06.50.52:247][  0]LogConfig: Setting CVar [[r.AmbientOcclusionMaxQuality:100]]
[2024.03.18-06.50.52:247][  0]LogConfig: Setting CVar [[r.AmbientOcclusionLevels:-1]]
[2024.03.18-06.50.52:247][  0]LogConfig: Setting CVar [[r.AmbientOcclusionRadiusScale:1.0]]
[2024.03.18-06.50.52:247][  0]LogConfig: Setting CVar [[r.DepthOfFieldQuality:2]]
[2024.03.18-06.50.52:247][  0]LogConfig: Setting CVar [[r.RenderTargetPoolMin:400]]
[2024.03.18-06.50.52:247][  0]LogConfig: Setting CVar [[r.LensFlareQuality:2]]
[2024.03.18-06.50.52:247][  0]LogConfig: Setting CVar [[r.SceneColorFringeQuality:1]]
[2024.03.18-06.50.52:247][  0]LogConfig: Setting CVar [[r.EyeAdaptationQuality:2]]
[2024.03.18-06.50.52:247][  0]LogConfig: Setting CVar [[r.BloomQuality:5]]
[2024.03.18-06.50.52:247][  0]LogConfig: Setting CVar [[r.FastBlurThreshold:100]]
[2024.03.18-06.50.52:247][  0]LogConfig: Setting CVar [[r.Upscale.Quality:3]]
[2024.03.18-06.50.52:247][  0]LogConfig: Setting CVar [[r.Tonemapper.GrainQuantization:1]]
[2024.03.18-06.50.52:247][  0]LogConfig: Setting CVar [[r.LightShaftQuality:1]]
[2024.03.18-06.50.52:247][  0]LogConfig: Setting CVar [[r.Filter.SizeScale:1]]
[2024.03.18-06.50.52:247][  0]LogConfig: Setting CVar [[r.Tonemapper.Quality:5]]
[2024.03.18-06.50.52:247][  0]LogConfig: Setting CVar [[r.DOF.Gather.AccumulatorQuality:1        ; higher gathering accumulator quality]]
[2024.03.18-06.50.52:247][  0]LogConfig: Setting CVar [[r.DOF.Gather.PostfilterMethod:1          ; Median3x3 postfilering method]]
[2024.03.18-06.50.52:247][  0]LogConfig: Setting CVar [[r.DOF.Gather.EnableBokehSettings:0       ; no bokeh simulation when gathering]]
[2024.03.18-06.50.52:247][  0]LogConfig: Setting CVar [[r.DOF.Gather.RingCount:4                 ; medium number of samples when gathering]]
[2024.03.18-06.50.52:247][  0]LogConfig: Setting CVar [[r.DOF.Scatter.ForegroundCompositing:1    ; additive foreground scattering]]
[2024.03.18-06.50.52:247][  0]LogConfig: Setting CVar [[r.DOF.Scatter.BackgroundCompositing:2    ; additive background scattering]]
[2024.03.18-06.50.52:247][  0]LogConfig: Setting CVar [[r.DOF.Scatter.EnableBokehSettings:1      ; bokeh simulation when scattering]]
[2024.03.18-06.50.52:247][  0]LogConfig: Setting CVar [[r.DOF.Scatter.MaxSpriteRatio:0.1         ; only a maximum of 10% of scattered bokeh]]
[2024.03.18-06.50.52:247][  0]LogConfig: Setting CVar [[r.DOF.Recombine.Quality:1                ; cheap slight out of focus]]
[2024.03.18-06.50.52:247][  0]LogConfig: Setting CVar [[r.DOF.Recombine.EnableBokehSettings:0    ; no bokeh simulation on slight out of focus]]
[2024.03.18-06.50.52:247][  0]LogConfig: Setting CVar [[r.DOF.TemporalAAQuality:1                ; more stable temporal accumulation]]
[2024.03.18-06.50.52:247][  0]LogConfig: Setting CVar [[r.DOF.Kernel.MaxForegroundRadius:0.025]]
[2024.03.18-06.50.52:247][  0]LogConfig: Setting CVar [[r.DOF.Kernel.MaxBackgroundRadius:0.025]]
[2024.03.18-06.50.52:247][  0]LogConfig: Applying CVar settings from Section [TextureQuality@3] File [D:/GitHub/NetShootRewrite/Saved/Config/Windows/Scalability.ini]
[2024.03.18-06.50.52:247][  0]LogConfig: Setting CVar [[r.Streaming.MipBias:0]]
[2024.03.18-06.50.52:247][  0]LogConfig: Setting CVar [[r.Streaming.AmortizeCPUToGPUCopy:0]]
[2024.03.18-06.50.52:248][  0]LogConfig: Setting CVar [[r.Streaming.MaxNumTexturesToStreamPerFrame:0]]
[2024.03.18-06.50.52:248][  0]LogConfig: Setting CVar [[r.Streaming.Boost:1]]
[2024.03.18-06.50.52:248][  0]LogConfig: Setting CVar [[r.MaxAnisotropy:8]]
[2024.03.18-06.50.52:248][  0]LogConfig: Setting CVar [[r.VT.MaxAnisotropy:8]]
[2024.03.18-06.50.52:248][  0]LogConfig: Setting CVar [[r.Streaming.LimitPoolSizeToVRAM:0]]
[2024.03.18-06.50.52:248][  0]LogConfig: Setting CVar [[r.Streaming.PoolSize:1000]]
[2024.03.18-06.50.52:248][  0]LogConfig: Setting CVar [[r.Streaming.MaxEffectiveScreenSize:0]]
[2024.03.18-06.50.52:248][  0]LogConfig: Applying CVar settings from Section [EffectsQuality@3] File [D:/GitHub/NetShootRewrite/Saved/Config/Windows/Scalability.ini]
[2024.03.18-06.50.52:248][  0]LogConfig: Setting CVar [[r.TranslucencyLightingVolumeDim:64]]
[2024.03.18-06.50.52:248][  0]LogConfig: Setting CVar [[r.RefractionQuality:2]]
[2024.03.18-06.50.52:248][  0]LogConfig: Setting CVar [[r.SSR.Quality:3]]
[2024.03.18-06.50.52:248][  0]LogConfig: Setting CVar [[r.SSR.HalfResSceneColor:0]]
[2024.03.18-06.50.52:248][  0]LogConfig: Setting CVar [[r.SceneColorFormat:4]]
[2024.03.18-06.50.52:248][  0]LogConfig: Setting CVar [[r.DetailMode:2]]
[2024.03.18-06.50.52:248][  0]LogConfig: Setting CVar [[r.TranslucencyVolumeBlur:1]]
[2024.03.18-06.50.52:248][  0]LogConfig: Setting CVar [[r.MaterialQualityLevel:1 ; High quality]]
[2024.03.18-06.50.52:248][  0]LogConfig: Setting CVar [[r.AnisotropicMaterials:1]]
[2024.03.18-06.50.52:248][  0]LogConfig: Setting CVar [[r.SSS.Scale:1]]
[2024.03.18-06.50.52:248][  0]LogConfig: Setting CVar [[r.SSS.SampleSet:2]]
[2024.03.18-06.50.52:248][  0]LogConfig: Setting CVar [[r.SSS.Quality:1]]
[2024.03.18-06.50.52:248][  0]LogConfig: Setting CVar [[r.SSS.HalfRes:0]]
[2024.03.18-06.50.52:248][  0]LogConfig: Setting CVar [[r.SSGI.Quality:3]]
[2024.03.18-06.50.52:248][  0]LogConfig: Setting CVar [[r.EmitterSpawnRateScale:1.0]]
[2024.03.18-06.50.52:248][  0]LogConfig: Setting CVar [[r.ParticleLightQuality:2]]
[2024.03.18-06.50.52:248][  0]LogConfig: Setting CVar [[r.SkyAtmosphere.AerialPerspectiveLUT.FastApplyOnOpaque:1 ; Always have FastSkyLUT 1 in this case to avoid wrong sky]]
[2024.03.18-06.50.52:248][  0]LogConfig: Setting CVar [[r.SkyAtmosphere.AerialPerspectiveLUT.SampleCountMaxPerSlice:4]]
[2024.03.18-06.50.52:248][  0]LogConfig: Setting CVar [[r.SkyAtmosphere.AerialPerspectiveLUT.DepthResolution:16.0]]
[2024.03.18-06.50.52:248][  0]LogConfig: Setting CVar [[r.SkyAtmosphere.FastSkyLUT:1]]
[2024.03.18-06.50.52:248][  0]LogConfig: Setting CVar [[r.SkyAtmosphere.FastSkyLUT.SampleCountMin:4.0]]
[2024.03.18-06.50.52:248][  0]LogConfig: Setting CVar [[r.SkyAtmosphere.FastSkyLUT.SampleCountMax:128.0]]
[2024.03.18-06.50.52:248][  0]LogConfig: Setting CVar [[r.SkyAtmosphere.SampleCountMin:4.0]]
[2024.03.18-06.50.52:248][  0]LogConfig: Setting CVar [[r.SkyAtmosphere.SampleCountMax:128.0]]
[2024.03.18-06.50.52:248][  0]LogConfig: Setting CVar [[r.SkyAtmosphere.TransmittanceLUT.UseSmallFormat:0]]
[2024.03.18-06.50.52:248][  0]LogConfig: Setting CVar [[r.SkyAtmosphere.TransmittanceLUT.SampleCount:10.0]]
[2024.03.18-06.50.52:248][  0]LogConfig: Setting CVar [[r.SkyAtmosphere.MultiScatteringLUT.SampleCount:15.0]]
[2024.03.18-06.50.52:248][  0]LogConfig: Setting CVar [[r.SkyLight.RealTimeReflectionCapture:1]]
[2024.03.18-06.50.52:248][  0]LogConfig: Applying CVar settings from Section [FoliageQuality@3] File [D:/GitHub/NetShootRewrite/Saved/Config/Windows/Scalability.ini]
[2024.03.18-06.50.52:248][  0]LogConfig: Setting CVar [[foliage.DensityScale:1.0]]
[2024.03.18-06.50.52:248][  0]LogConfig: Setting CVar [[grass.DensityScale:1.0]]
[2024.03.18-06.50.52:248][  0]LogConfig: Applying CVar settings from Section [ShadingQuality@3] File [D:/GitHub/NetShootRewrite/Saved/Config/Windows/Scalability.ini]
[2024.03.18-06.50.52:248][  0]LogConfig: Setting CVar [[r.HairStrands.SkyLighting.IntegrationType:2]]
[2024.03.18-06.50.52:248][  0]LogConfig: Setting CVar [[r.HairStrands.SkyAO.SampleCount:4]]
[2024.03.18-06.50.52:248][  0]LogConfig: Setting CVar [[r.HairStrands.Visibility.MSAA.SamplePerPixel:4]]
[2024.03.18-06.50.52:248][  0]LogInit: Selected Device Profile: [Windows]
[2024.03.18-06.50.52:248][  0]LogInit: Applying CVar settings loaded from the selected device profile: [Windows]
[2024.03.18-06.50.52:248][  0]LogHAL: Display: Platform has ~ 16 GB [17105735680 / 17179869184 / 16], which maps to Larger [LargestMinGB=32, LargerMinGB=12, DefaultMinGB=8, SmallerMinGB=6, SmallestMinGB=0)
[2024.03.18-06.50.52:248][  0]LogInit: Going up to parent DeviceProfile []
[2024.03.18-06.50.52:248][  0]LogConfig: Applying CVar settings from Section [ViewDistanceQuality@3] File [D:/GitHub/NetShootRewrite/Saved/Config/Windows/Scalability.ini]
[2024.03.18-06.50.52:248][  0]LogConfig: Setting CVar [[r.SkeletalMeshLODBias:0]]
[2024.03.18-06.50.52:248][  0]LogConfig: Setting CVar [[r.ViewDistanceScale:1.0]]
[2024.03.18-06.50.52:248][  0]LogConfig: Applying CVar settings from Section [AntiAliasingQuality@3] File [D:/GitHub/NetShootRewrite/Saved/Config/Windows/Scalability.ini]
[2024.03.18-06.50.52:248][  0]LogConfig: Setting CVar [[r.PostProcessAAQuality:4]]
[2024.03.18-06.50.52:248][  0]LogConfig: Applying CVar settings from Section [ShadowQuality@3] File [D:/GitHub/NetShootRewrite/Saved/Config/Windows/Scalability.ini]
[2024.03.18-06.50.52:248][  0]LogConfig: Setting CVar [[r.LightFunctionQuality:1]]
[2024.03.18-06.50.52:248][  0]LogConfig: Setting CVar [[r.ShadowQuality:5]]
[2024.03.18-06.50.52:248][  0]LogConfig: Setting CVar [[r.Shadow.CSM.MaxCascades:10]]
[2024.03.18-06.50.52:248][  0]LogConfig: Setting CVar [[r.Shadow.MaxResolution:2048]]
[2024.03.18-06.50.52:248][  0]LogConfig: Setting CVar [[r.Shadow.MaxCSMResolution:2048]]
[2024.03.18-06.50.52:249][  0]LogConfig: Setting CVar [[r.Shadow.RadiusThreshold:0.01]]
[2024.03.18-06.50.52:249][  0]LogConfig: Setting CVar [[r.Shadow.DistanceScale:1.0]]
[2024.03.18-06.50.52:249][  0]LogConfig: Setting CVar [[r.Shadow.CSM.TransitionScale:1.0]]
[2024.03.18-06.50.52:249][  0]LogConfig: Setting CVar [[r.Shadow.PreShadowResolutionFactor:1.0]]
[2024.03.18-06.50.52:249][  0]LogConfig: Setting CVar [[r.DistanceFieldShadowing:1]]
[2024.03.18-06.50.52:249][  0]LogConfig: Setting CVar [[r.DistanceFieldAO:1]]
[2024.03.18-06.50.52:249][  0]LogConfig: Setting CVar [[r.AOQuality:2]]
[2024.03.18-06.50.52:249][  0]LogConfig: Setting CVar [[r.VolumetricFog:1]]
[2024.03.18-06.50.52:249][  0]LogConfig: Setting CVar [[r.VolumetricFog.GridPixelSize:8]]
[2024.03.18-06.50.52:249][  0]LogConfig: Setting CVar [[r.VolumetricFog.GridSizeZ:128]]
[2024.03.18-06.50.52:249][  0]LogConfig: Setting CVar [[r.VolumetricFog.HistoryMissSupersampleCount:4]]
[2024.03.18-06.50.52:249][  0]LogConfig: Setting CVar [[r.LightMaxDrawDistanceScale:1]]
[2024.03.18-06.50.52:249][  0]LogConfig: Setting CVar [[r.CapsuleShadows:1]]
[2024.03.18-06.50.52:249][  0]LogConfig: Applying CVar settings from Section [PostProcessQuality@3] File [D:/GitHub/NetShootRewrite/Saved/Config/Windows/Scalability.ini]
[2024.03.18-06.50.52:249][  0]LogConfig: Setting CVar [[r.MotionBlurQuality:4]]
[2024.03.18-06.50.52:249][  0]LogConfig: Setting CVar [[r.AmbientOcclusionMipLevelFactor:0.4]]
[2024.03.18-06.50.52:249][  0]LogConfig: Setting CVar [[r.AmbientOcclusionMaxQuality:100]]
[2024.03.18-06.50.52:249][  0]LogConfig: Setting CVar [[r.AmbientOcclusionLevels:-1]]
[2024.03.18-06.50.52:249][  0]LogConfig: Setting CVar [[r.AmbientOcclusionRadiusScale:1.0]]
[2024.03.18-06.50.52:249][  0]LogConfig: Setting CVar [[r.DepthOfFieldQuality:2]]
[2024.03.18-06.50.52:249][  0]LogConfig: Setting CVar [[r.RenderTargetPoolMin:400]]
[2024.03.18-06.50.52:249][  0]LogConfig: Setting CVar [[r.LensFlareQuality:2]]
[2024.03.18-06.50.52:249][  0]LogConfig: Setting CVar [[r.SceneColorFringeQuality:1]]
[2024.03.18-06.50.52:249][  0]LogConfig: Setting CVar [[r.EyeAdaptationQuality:2]]
[2024.03.18-06.50.52:249][  0]LogConfig: Setting CVar [[r.BloomQuality:5]]
[2024.03.18-06.50.52:249][  0]LogConfig: Setting CVar [[r.FastBlurThreshold:100]]
[2024.03.18-06.50.52:249][  0]LogConfig: Setting CVar [[r.Upscale.Quality:3]]
[2024.03.18-06.50.52:249][  0]LogConfig: Setting CVar [[r.Tonemapper.GrainQuantization:1]]
[2024.03.18-06.50.52:249][  0]LogConfig: Setting CVar [[r.LightShaftQuality:1]]
[2024.03.18-06.50.52:249][  0]LogConfig: Setting CVar [[r.Filter.SizeScale:1]]
[2024.03.18-06.50.52:249][  0]LogConfig: Setting CVar [[r.Tonemapper.Quality:5]]
[2024.03.18-06.50.52:249][  0]LogConfig: Setting CVar [[r.DOF.Gather.AccumulatorQuality:1        ; higher gathering accumulator quality]]
[2024.03.18-06.50.52:249][  0]LogConfig: Setting CVar [[r.DOF.Gather.PostfilterMethod:1          ; Median3x3 postfilering method]]
[2024.03.18-06.50.52:249][  0]LogConfig: Setting CVar [[r.DOF.Gather.EnableBokehSettings:0       ; no bokeh simulation when gathering]]
[2024.03.18-06.50.52:249][  0]LogConfig: Setting CVar [[r.DOF.Gather.RingCount:4                 ; medium number of samples when gathering]]
[2024.03.18-06.50.52:249][  0]LogConfig: Setting CVar [[r.DOF.Scatter.ForegroundCompositing:1    ; additive foreground scattering]]
[2024.03.18-06.50.52:249][  0]LogConfig: Setting CVar [[r.DOF.Scatter.BackgroundCompositing:2    ; additive background scattering]]
[2024.03.18-06.50.52:249][  0]LogConfig: Setting CVar [[r.DOF.Scatter.EnableBokehSettings:1      ; bokeh simulation when scattering]]
[2024.03.18-06.50.52:249][  0]LogConfig: Setting CVar [[r.DOF.Scatter.MaxSpriteRatio:0.1         ; only a maximum of 10% of scattered bokeh]]
[2024.03.18-06.50.52:249][  0]LogConfig: Setting CVar [[r.DOF.Recombine.Quality:1                ; cheap slight out of focus]]
[2024.03.18-06.50.52:249][  0]LogConfig: Setting CVar [[r.DOF.Recombine.EnableBokehSettings:0    ; no bokeh simulation on slight out of focus]]
[2024.03.18-06.50.52:249][  0]LogConfig: Setting CVar [[r.DOF.TemporalAAQuality:1                ; more stable temporal accumulation]]
[2024.03.18-06.50.52:249][  0]LogConfig: Setting CVar [[r.DOF.Kernel.MaxForegroundRadius:0.025]]
[2024.03.18-06.50.52:249][  0]LogConfig: Setting CVar [[r.DOF.Kernel.MaxBackgroundRadius:0.025]]
[2024.03.18-06.50.52:249][  0]LogConfig: Applying CVar settings from Section [TextureQuality@3] File [D:/GitHub/NetShootRewrite/Saved/Config/Windows/Scalability.ini]
[2024.03.18-06.50.52:249][  0]LogConfig: Setting CVar [[r.Streaming.MipBias:0]]
[2024.03.18-06.50.52:249][  0]LogConfig: Setting CVar [[r.Streaming.AmortizeCPUToGPUCopy:0]]
[2024.03.18-06.50.52:249][  0]LogConfig: Setting CVar [[r.Streaming.MaxNumTexturesToStreamPerFrame:0]]
[2024.03.18-06.50.52:249][  0]LogConfig: Setting CVar [[r.Streaming.Boost:1]]
[2024.03.18-06.50.52:249][  0]LogConfig: Setting CVar [[r.MaxAnisotropy:8]]
[2024.03.18-06.50.52:249][  0]LogConfig: Setting CVar [[r.VT.MaxAnisotropy:8]]
[2024.03.18-06.50.52:249][  0]LogConfig: Setting CVar [[r.Streaming.LimitPoolSizeToVRAM:0]]
[2024.03.18-06.50.52:249][  0]LogConfig: Setting CVar [[r.Streaming.PoolSize:1000]]
[2024.03.18-06.50.52:249][  0]LogConfig: Setting CVar [[r.Streaming.MaxEffectiveScreenSize:0]]
[2024.03.18-06.50.52:249][  0]LogConfig: Applying CVar settings from Section [EffectsQuality@3] File [D:/GitHub/NetShootRewrite/Saved/Config/Windows/Scalability.ini]
[2024.03.18-06.50.52:249][  0]LogConfig: Setting CVar [[r.TranslucencyLightingVolumeDim:64]]
[2024.03.18-06.50.52:249][  0]LogConfig: Setting CVar [[r.RefractionQuality:2]]
[2024.03.18-06.50.52:249][  0]LogConfig: Setting CVar [[r.SSR.Quality:3]]
[2024.03.18-06.50.52:249][  0]LogConfig: Setting CVar [[r.SSR.HalfResSceneColor:0]]
[2024.03.18-06.50.52:249][  0]LogConfig: Setting CVar [[r.SceneColorFormat:4]]
[2024.03.18-06.50.52:249][  0]LogConfig: Setting CVar [[r.DetailMode:2]]
[2024.03.18-06.50.52:249][  0]LogConfig: Setting CVar [[r.TranslucencyVolumeBlur:1]]
[2024.03.18-06.50.52:249][  0]LogConfig: Setting CVar [[r.MaterialQualityLevel:1 ; High quality]]
[2024.03.18-06.50.52:249][  0]LogConfig: Setting CVar [[r.AnisotropicMaterials:1]]
[2024.03.18-06.50.52:249][  0]LogConfig: Setting CVar [[r.SSS.Scale:1]]
[2024.03.18-06.50.52:249][  0]LogConfig: Setting CVar [[r.SSS.SampleSet:2]]
[2024.03.18-06.50.52:249][  0]LogConfig: Setting CVar [[r.SSS.Quality:1]]
[2024.03.18-06.50.52:249][  0]LogConfig: Setting CVar [[r.SSS.HalfRes:0]]
[2024.03.18-06.50.52:249][  0]LogConfig: Setting CVar [[r.SSGI.Quality:3]]
[2024.03.18-06.50.52:249][  0]LogConfig: Setting CVar [[r.EmitterSpawnRateScale:1.0]]
[2024.03.18-06.50.52:249][  0]LogConfig: Setting CVar [[r.ParticleLightQuality:2]]
[2024.03.18-06.50.52:249][  0]LogConfig: Setting CVar [[r.SkyAtmosphere.AerialPerspectiveLUT.FastApplyOnOpaque:1 ; Always have FastSkyLUT 1 in this case to avoid wrong sky]]
[2024.03.18-06.50.52:249][  0]LogConfig: Setting CVar [[r.SkyAtmosphere.AerialPerspectiveLUT.SampleCountMaxPerSlice:4]]
[2024.03.18-06.50.52:249][  0]LogConfig: Setting CVar [[r.SkyAtmosphere.AerialPerspectiveLUT.DepthResolution:16.0]]
[2024.03.18-06.50.52:249][  0]LogConfig: Setting CVar [[r.SkyAtmosphere.FastSkyLUT:1]]
[2024.03.18-06.50.52:249][  0]LogConfig: Setting CVar [[r.SkyAtmosphere.FastSkyLUT.SampleCountMin:4.0]]
[2024.03.18-06.50.52:249][  0]LogConfig: Setting CVar [[r.SkyAtmosphere.FastSkyLUT.SampleCountMax:128.0]]
[2024.03.18-06.50.52:249][  0]LogConfig: Setting CVar [[r.SkyAtmosphere.SampleCountMin:4.0]]
[2024.03.18-06.50.52:249][  0]LogConfig: Setting CVar [[r.SkyAtmosphere.SampleCountMax:128.0]]
[2024.03.18-06.50.52:249][  0]LogConfig: Setting CVar [[r.SkyAtmosphere.TransmittanceLUT.UseSmallFormat:0]]
[2024.03.18-06.50.52:249][  0]LogConfig: Setting CVar [[r.SkyAtmosphere.TransmittanceLUT.SampleCount:10.0]]
[2024.03.18-06.50.52:249][  0]LogConfig: Setting CVar [[r.SkyAtmosphere.MultiScatteringLUT.SampleCount:15.0]]
[2024.03.18-06.50.52:249][  0]LogConfig: Setting CVar [[r.SkyLight.RealTimeReflectionCapture:1]]
[2024.03.18-06.50.52:249][  0]LogConfig: Applying CVar settings from Section [FoliageQuality@3] File [D:/GitHub/NetShootRewrite/Saved/Config/Windows/Scalability.ini]
[2024.03.18-06.50.52:249][  0]LogConfig: Setting CVar [[foliage.DensityScale:1.0]]
[2024.03.18-06.50.52:249][  0]LogConfig: Setting CVar [[grass.DensityScale:1.0]]
[2024.03.18-06.50.52:249][  0]LogConfig: Applying CVar settings from Section [ShadingQuality@3] File [D:/GitHub/NetShootRewrite/Saved/Config/Windows/Scalability.ini]
[2024.03.18-06.50.52:249][  0]LogConfig: Setting CVar [[r.HairStrands.SkyLighting.IntegrationType:2]]
[2024.03.18-06.50.52:249][  0]LogConfig: Setting CVar [[r.HairStrands.SkyAO.SampleCount:4]]
[2024.03.18-06.50.52:249][  0]LogConfig: Setting CVar [[r.HairStrands.Visibility.MSAA.SamplePerPixel:4]]
[2024.03.18-06.50.52:249][  0]LogConfig: Applying CVar settings from Section [Startup] File [../../../Engine/Config/ConsoleVariables.ini]
[2024.03.18-06.50.52:250][  0]LogConfig: Setting CVar [[net.UseAdaptiveNetUpdateFrequency:0]]
[2024.03.18-06.50.52:250][  0]LogConfig: Setting CVar [[p.chaos.AllowCreatePhysxBodies:1]]
[2024.03.18-06.50.52:250][  0]LogConfig: Setting CVar [[fx.SkipVectorVMBackendOptimizations:1]]
[2024.03.18-06.50.52:250][  0]LogConfig: Applying CVar settings from Section [ConsoleVariables] File [D:/GitHub/NetShootRewrite/Saved/Config/Windows/Engine.ini]
[2024.03.18-06.50.52:250][  0]LogConfig: Applying CVar settings from Section [ConsoleVariables] File [D:/GitHub/NetShootRewrite/Saved/Config/Windows/Editor.ini]
[2024.03.18-06.50.52:250][  0]LogInit: Computer: DESKTOP-6POMQQ5
[2024.03.18-06.50.52:250][  0]LogInit: User: ZTT
[2024.03.18-06.50.52:250][  0]LogInit: CPU Page size=4096, Cores=6
[2024.03.18-06.50.52:250][  0]LogInit: High frequency timer resolution =10.000000 MHz
[2024.03.18-06.50.52:250][  0]LogMemory: Memory total: Physical=15.9GB (16GB approx)
[2024.03.18-06.50.52:250][  0]LogMemory: Platform Memory Stats for Windows
[2024.03.18-06.50.52:250][  0]LogMemory: Process Physical Memory: 145.50 MB used, 145.50 MB peak
[2024.03.18-06.50.52:250][  0]LogMemory: Process Virtual Memory: 120.10 MB used, 120.10 MB peak
[2024.03.18-06.50.52:250][  0]LogMemory: Physical Memory: 12909.57 MB used,  3403.73 MB free, 16313.30 MB total
[2024.03.18-06.50.52:250][  0]LogMemory: Virtual Memory: 134206072.00 MB used,  11656.38 MB free, 134217728.00 MB total
[2024.03.18-06.50.52:257][  0]LogWindows: WindowsPlatformFeatures enabled
[2024.03.18-06.50.52:287][  0]LogInit: Physics initialised using underlying interface: PhysX
[2024.03.18-06.50.52:288][  0]LogInit: Overriding language with editor language configuration option (zh-Hans).
[2024.03.18-06.50.52:288][  0]LogInit: Using OS detected locale (zh-CN).
[2024.03.18-06.50.52:425][  0]LogTextLocalizationResource: LocRes '../../../Engine/Content/Localization/Editor/zh/Editor.locres' could not be opened for reading!
[2024.03.18-06.50.52:425][  0]LogTextLocalizationResource: LocRes '../../../Engine/Content/Localization/EditorTutorials/zh/EditorTutorials.locres' could not be opened for reading!
[2024.03.18-06.50.52:425][  0]LogTextLocalizationResource: LocRes '../../../Engine/Content/Localization/Keywords/zh/Keywords.locres' could not be opened for reading!
[2024.03.18-06.50.52:425][  0]LogTextLocalizationResource: LocRes '../../../Engine/Content/Localization/Category/zh/Category.locres' could not be opened for reading!
[2024.03.18-06.50.52:425][  0]LogTextLocalizationResource: LocRes '../../../Engine/Content/Localization/ToolTips/zh/ToolTips.locres' could not be opened for reading!
[2024.03.18-06.50.52:425][  0]LogTextLocalizationResource: LocRes '../../../Engine/Content/Localization/PropertyNames/zh/PropertyNames.locres' could not be opened for reading!
[2024.03.18-06.50.52:426][  0]LogTextLocalizationResource: LocRes '../../../Engine/Content/Localization/Engine/zh/Engine.locres' could not be opened for reading!
[2024.03.18-06.50.52:426][  0]LogTextLocalizationResource: LocRes '../../../Engine/Plugins/Online/OnlineSubsystem/Content/Localization/OnlineSubsystem/zh/OnlineSubsystem.locres' could not be opened for reading!
[2024.03.18-06.50.52:426][  0]LogTextLocalizationResource: LocRes '../../../Engine/Plugins/Online/OnlineSubsystemUtils/Content/Localization/OnlineSubsystemUtils/zh/OnlineSubsystemUtils.locres' could not be opened for reading!
[2024.03.18-06.50.52:426][  0]LogTextLocalizationResource: LocRes '../../../Engine/Plugins/Online/IOS/OnlineSubsystemIOS/Content/Localization/OnlineSubsystemIOS/zh/OnlineSubsystemIOS.locres' could not be opened for reading!
[2024.03.18-06.50.52:426][  0]LogTextLocalizationResource: LocRes '../../../Engine/Plugins/Online/Android/OnlineSubsystemGooglePlay/Content/Localization/OnlineSubsystemGooglePlay/zh/OnlineSubsystemGooglePlay.locres' could not be opened for reading!
[2024.03.18-06.50.52:477][  0]LogInit: Setting process to per monitor DPI aware
[2024.03.18-06.50.52:493][  0]LogWindowsTextInputMethodSystem: Display: IME system deactivated.
[2024.03.18-06.50.52:507][  0]LogSlate: New Slate User Created.  User Index 0, Is Virtual User: 0
[2024.03.18-06.50.52:507][  0]LogSlate: Slate User Registered.  User Index 0, Is Virtual User: 0
[2024.03.18-06.50.52:711][  0]LogD3D11RHI: Loaded GFSDK_Aftermath_Lib.x64.dll
[2024.03.18-06.50.52:715][  0]LogHMD: Failed to initialize OpenVR with code 110
[2024.03.18-06.50.52:715][  0]LogD3D11RHI: D3D11 min allowed feature level: 11_0
[2024.03.18-06.50.52:715][  0]LogD3D11RHI: D3D11 max allowed feature level: 11_0
[2024.03.18-06.50.52:715][  0]LogD3D11RHI: D3D11 adapters:
[2024.03.18-06.50.52:922][  0]LogD3D11RHI:    0. 'NVIDIA GeForce GTX 1660 Ti' (Feature Level 11_0)
[2024.03.18-06.50.52:922][  0]LogD3D11RHI:       5979/0/8156 MB DedicatedVideo/DedicatedSystem/SharedSystem, Outputs:1, VendorId:0x10de
[2024.03.18-06.50.52:924][  0]LogD3D11RHI:    1. 'Microsoft Basic Render Driver' (Feature Level 11_0)
[2024.03.18-06.50.52:924][  0]LogD3D11RHI:       0/0/8156 MB DedicatedVideo/DedicatedSystem/SharedSystem, Outputs:0, VendorId:0x1414
[2024.03.18-06.50.53:043][  0]LogD3D11RHI:    2. 'NVIDIA GeForce GTX 1660 Ti' (Feature Level 11_0)
[2024.03.18-06.50.53:043][  0]LogD3D11RHI:       5979/0/8156 MB DedicatedVideo/DedicatedSystem/SharedSystem, Outputs:0, VendorId:0x10de
[2024.03.18-06.50.53:043][  0]LogD3D11RHI: Chosen D3D11 Adapter:
[2024.03.18-06.50.53:043][  0]LogD3D11RHI:     Description : NVIDIA GeForce GTX 1660 Ti
[2024.03.18-06.50.53:043][  0]LogD3D11RHI:     VendorId    : 10de
[2024.03.18-06.50.53:043][  0]LogD3D11RHI:     DeviceId    : 2182
[2024.03.18-06.50.53:043][  0]LogD3D11RHI:     SubSysId    : 3fbe1458
[2024.03.18-06.50.53:043][  0]LogD3D11RHI:     Revision    : 00a1
[2024.03.18-06.50.53:043][  0]LogD3D11RHI:     DedicatedVideoMemory : 6269435904 bytes
[2024.03.18-06.50.53:043][  0]LogD3D11RHI:     DedicatedSystemMemory : 0 bytes
[2024.03.18-06.50.53:043][  0]LogD3D11RHI:     SharedSystemMemory : 8552867840 bytes
[2024.03.18-06.50.53:043][  0]LogD3D11RHI:     AdapterLuid : 0 50912
[2024.03.18-06.50.53:048][  0]LogD3D11RHI: Creating new Direct3DDevice
[2024.03.18-06.50.53:048][  0]LogD3D11RHI:     GPU DeviceId: 0x2182 (for the marketing name, search the web for "GPU Device Id")
[2024.03.18-06.50.53:048][  0]LogWindows: EnumDisplayDevices:
[2024.03.18-06.50.53:049][  0]LogWindows:    0. 'NVIDIA GeForce GTX 1660 Ti' (P:1 D:1)
[2024.03.18-06.50.53:049][  0]LogWindows:    1. 'NVIDIA GeForce GTX 1660 Ti' (P:0 D:0)
[2024.03.18-06.50.53:050][  0]LogWindows:    2. 'NVIDIA GeForce GTX 1660 Ti' (P:0 D:0)
[2024.03.18-06.50.53:050][  0]LogWindows:    3. 'NVIDIA GeForce GTX 1660 Ti' (P:0 D:0)
[2024.03.18-06.50.53:051][  0]LogWindows:    4. 'OrayIddDriver Device' (P:0 D:0)
[2024.03.18-06.50.53:051][  0]LogWindows:    5. 'OrayIddDriver Device' (P:0 D:0)
[2024.03.18-06.50.53:052][  0]LogWindows:    6. 'OrayIddDriver Device' (P:0 D:0)
[2024.03.18-06.50.53:052][  0]LogWindows:    7. 'OrayIddDriver Device' (P:0 D:0)
[2024.03.18-06.50.53:053][  0]LogWindows:    8. 'OrayIddDriver Device' (P:0 D:0)
[2024.03.18-06.50.53:053][  0]LogWindows: DebugString: GetVideoDriverDetailsInvalid PrimaryIsNotTheChoosenAdapter GetVideoDriverDetailsInvalid PrimaryIsNotTheChoosenAdapter GetVideoDriverDetailsInvalid PrimaryIsNotTheChoosenAdapter GetVideoDriverDetailsInvalid PrimaryIsNotTheChoosenAdapter GetVideoDriverDetailsInvalid PrimaryIsNotTheChoosenAdapter FoundDriverCount:4 
[2024.03.18-06.50.53:053][  0]LogD3D11RHI:     Adapter Name: NVIDIA GeForce GTX 1660 Ti
[2024.03.18-06.50.53:053][  0]LogD3D11RHI:   Driver Version: 536.23 (internal:31.0.15.3623, unified:536.23)
[2024.03.18-06.50.53:053][  0]LogD3D11RHI:      Driver Date: 6-8-2023
[2024.03.18-06.50.53:053][  0]LogRHI: Texture pool is 4185 MB (70% of 5979 MB)
[2024.03.18-06.50.53:053][  0]LogD3D11RHI: Creating D3DDevice using adapter:
[2024.03.18-06.50.53:053][  0]LogD3D11RHI:     Description : NVIDIA GeForce GTX 1660 Ti
[2024.03.18-06.50.53:053][  0]LogD3D11RHI:     VendorId    : 10de
[2024.03.18-06.50.53:053][  0]LogD3D11RHI:     DeviceId    : 2182
[2024.03.18-06.50.53:053][  0]LogD3D11RHI:     SubSysId    : 3fbe1458
[2024.03.18-06.50.53:053][  0]LogD3D11RHI:     Revision    : 00a1
[2024.03.18-06.50.53:053][  0]LogD3D11RHI:     DedicatedVideoMemory : 6269435904 bytes
[2024.03.18-06.50.53:053][  0]LogD3D11RHI:     DedicatedSystemMemory : 0 bytes
[2024.03.18-06.50.53:053][  0]LogD3D11RHI:     SharedSystemMemory : 8552867840 bytes
[2024.03.18-06.50.53:053][  0]LogD3D11RHI:     AdapterLuid : 0 50912
[2024.03.18-06.50.53:154][  0]LogD3D11RHI: RHI has support for 64 bit atomics
[2024.03.18-06.50.53:154][  0]LogD3D11RHI: Async texture creation enabled
[2024.03.18-06.50.53:154][  0]LogD3D11RHI: Array index from any shader is supported
[2024.03.18-06.50.53:156][  0]LogD3D11RHI: HDR output is supported on display 0 (NvId: 0x80061086).
[2024.03.18-06.50.53:169][  0]LogD3D11RHI: GPU Timing Frequency: 1000.000000 (Debug: 2 1)
[2024.03.18-06.50.53:236][  0]LogRHI: GeForceNow SDK initialized: 1
[2024.03.18-06.50.53:485][  0]LogTargetPlatformManager: Display: Loaded TargetPlatform 'AllDesktop'
[2024.03.18-06.50.53:505][  0]LogTargetPlatformManager: Display: Loaded TargetPlatform 'Android'
[2024.03.18-06.50.53:505][  0]LogTargetPlatformManager: Display: Loaded TargetPlatform 'Android_ASTC'
[2024.03.18-06.50.53:505][  0]LogTargetPlatformManager: Display: Loaded TargetPlatform 'Android_DXT'
[2024.03.18-06.50.53:505][  0]LogTargetPlatformManager: Display: Loaded TargetPlatform 'Android_ETC2'
[2024.03.18-06.50.53:505][  0]LogTargetPlatformManager: Display: Loaded TargetPlatform 'AndroidClient'
[2024.03.18-06.50.53:505][  0]LogTargetPlatformManager: Display: Loaded TargetPlatform 'Android_ASTCClient'
[2024.03.18-06.50.53:505][  0]LogTargetPlatformManager: Display: Loaded TargetPlatform 'Android_DXTClient'
[2024.03.18-06.50.53:505][  0]LogTargetPlatformManager: Display: Loaded TargetPlatform 'Android_ETC2Client'
[2024.03.18-06.50.53:505][  0]LogTargetPlatformManager: Display: Loaded TargetPlatform 'Android_Multi'
[2024.03.18-06.50.53:505][  0]LogTargetPlatformManager: Display: Loaded TargetPlatform 'Android_MultiClient'
[2024.03.18-06.50.53:523][  0]LogTargetPlatformManager: Display: Loaded TargetPlatform 'IOSClient'
[2024.03.18-06.50.53:523][  0]LogTargetPlatformManager: Display: Loaded TargetPlatform 'IOS'
[2024.03.18-06.50.53:546][  0]LogTargetPlatformManager: Display: Loaded TargetPlatform 'Lumin'
[2024.03.18-06.50.53:546][  0]LogTargetPlatformManager: Display: Loaded TargetPlatform 'LuminClient'
[2024.03.18-06.50.53:554][  0]LogTargetPlatformManager: Display: Loaded TargetPlatform 'MacNoEditor'
[2024.03.18-06.50.53:559][  0]LogTargetPlatformManager: Display: Loaded TargetPlatform 'Mac'
[2024.03.18-06.50.53:563][  0]LogTargetPlatformManager: Display: Loaded TargetPlatform 'MacClient'
[2024.03.18-06.50.53:568][  0]LogTargetPlatformManager: Display: Loaded TargetPlatform 'MacServer'
[2024.03.18-06.50.53:577][  0]LogTargetPlatformManager: Display: Loaded TargetPlatform 'TVOSClient'
[2024.03.18-06.50.53:577][  0]LogTargetPlatformManager: Display: Loaded TargetPlatform 'TVOS'
[2024.03.18-06.50.53:586][  0]LogTargetPlatformManager: Display: Loaded TargetPlatform 'WindowsNoEditor'
[2024.03.18-06.50.53:590][  0]LogTargetPlatformManager: Display: Loaded TargetPlatform 'Windows'
[2024.03.18-06.50.53:595][  0]LogTargetPlatformManager: Display: Loaded TargetPlatform 'WindowsClient'
[2024.03.18-06.50.53:600][  0]LogTargetPlatformManager: Display: Loaded TargetPlatform 'WindowsServer'
[2024.03.18-06.50.53:600][  0]LogTargetPlatformManager: Display: Building Assets For Windows
[2024.03.18-06.50.53:608][  0]LogAudioDebug: Display: Lib vorbis DLL was dynamically loaded.
[2024.03.18-06.50.53:655][  0]LogTextureFormatOodle: Display: Oodle Texture 2.9.0 init RDO Off
[2024.03.18-06.50.53:688][  0]LogRendererCore: Ray tracing is disabled. Reason: r.RayTracing=0.
[2024.03.18-06.50.53:688][  0]LogShaderCompilers: Guid format shader working directory is 18 characters bigger than the processId version (D:/GitHub/NetShootRewrite/Intermediate/Shaders/WorkingDirectory/18304/).
[2024.03.18-06.50.53:689][  0]LogShaderCompilers: Cleaned the shader compiler working directory 'C:/Users/ZTT/AppData/Local/Temp/UnrealShaderWorkingDir/0E6F5134406A291E944A61ABA4390F57/'.
[2024.03.18-06.50.53:690][  0]LogShaderCompilers: Display: Using XGE Controller for Shader Compilation.
[2024.03.18-06.50.54:337][  0]LogDerivedDataCache: Display: Max Cache Size: 512 MB
[2024.03.18-06.50.54:389][  0]LogDerivedDataCache: Loaded boot cache 0.05s 94MB D:/GitHub/NetShootRewrite/DerivedDataCache/Boot.ddc.
[2024.03.18-06.50.54:389][  0]LogDerivedDataCache: Display: Loaded Boot cache: D:/GitHub/NetShootRewrite/DerivedDataCache/Boot.ddc
[2024.03.18-06.50.54:389][  0]LogDerivedDataCache: FDerivedDataBackendGraph:  Pak pak cache file D:/GitHub/NetShootRewrite/DerivedDataCache/DDC.ddp not found, will not use a pak cache.
[2024.03.18-06.50.54:389][  0]LogDerivedDataCache: Unable to find inner node Pak for hierarchical cache Hierarchy.
[2024.03.18-06.50.54:389][  0]LogDerivedDataCache: FDerivedDataBackendGraph:  EnginePak pak cache file ../../../Engine/DerivedDataCache/DDC.ddp not found, will not use a pak cache.
[2024.03.18-06.50.54:389][  0]LogDerivedDataCache: Unable to find inner node EnginePak for hierarchical cache Hierarchy.
[2024.03.18-06.50.54:397][  0]LogDerivedDataCache: Speed tests for ../../../Engine/DerivedDataCache took 0.01 seconds
[2024.03.18-06.50.54:397][  0]LogDerivedDataCache: Display: Performance to ../../../Engine/DerivedDataCache: Latency=0.07ms. RandomReadSpeed=715.47MBs, RandomWriteSpeed=161.47MBs. Assigned SpeedClass 'Local'
[2024.03.18-06.50.54:398][  0]LogDerivedDataCache: Using Local data cache path ../../../Engine/DerivedDataCache: Writable
[2024.03.18-06.50.54:398][  0]LogDerivedDataCache: Shared data cache path not found in *engine.ini, will not use an Shared cache.
[2024.03.18-06.50.54:398][  0]LogDerivedDataCache: Unable to find inner node Shared for hierarchical cache Hierarchy.
[2024.03.18-06.50.54:439][  0]LogSlate: Using FreeType 2.10.0
[2024.03.18-06.50.54:439][  0]LogSlate: SlateFontServices - WITH_FREETYPE: 1, WITH_HARFBUZZ: 1
[2024.03.18-06.50.54:464][  0]LogAssetRegistry: FAssetRegistry took 0.0022 seconds to start up
[2024.03.18-06.50.54:667][  0]LogInit: Selected Device Profile: [Windows]
[2024.03.18-06.50.54:667][  0]LogInit: Active device profile: [000001CC33686D00][000001CC3233C0C0 49] Windows
[2024.03.18-06.50.54:667][  0]LogInit: Profiles: [000001CC33686D00][000001CC3233C0C0 49] Windows, [000001CC33645600][000001CC32340200 49] WindowsNoEditor, [000001CC33685500][000001CC32344340 49] WindowsServer, [000001CC33646B00][000001CC3234C4C0 49] WindowsClient, [000001CC33686A00][000001CC32350640 49] IOS, [000001CC33645A00][000001CC323547C0 49] iPadAir, [000001CC33685900][000001CC32358940 49] iPadAir2, [000001CC335E3C00][000001CC346A4C00 49] IPadPro, [000001CC335E3D00][000001CC3235CC40 49] iPadAir3, [000001CC33686F00][000001CC346A8DC0 49] iPadAir4, [000001CC335E1900][000001CC346ACF40 49] iPadMini2, [000001CC33685300][000001CC346B10C0 49] iPadMini3, [000001CC335E0D00][000001CC346B5240 49] iPadMini4, [000001CC33684900][000001CC346B93C0 49] iPadMini5, [000001CC33623500][000001CC346C1680 49] iPhone6, [000001CC33623600][000001CC346BD6C0 49] iPodTouch6, [000001CC335E0700][000001CC346C9980 49] iPhone7, [000001CC335E0600][000001CC346C59C0 49] iPodTouch7, [000001CC33621800][000001CC346CDB40 49] iPhone5S, [000001CC335E3600][000001CC346D0140 49] iPhone6Plus, [000001CC33623800][000001CC32348280 49] iPhone6S, [000001CC335E1B00][000001CC346D43C0 49] iPhone6SPlus, [000001CC33621700][000001CC346D8500 49] iPhone7Plus, [000001CC335E3100][000001CC346E0680 49] iPhoneSE, [000001CC33622500][000001CC346E4800 49] iPhone8, [000001CC335E1500][000001CC346E8980 49] iPhone8Plus, [000001CC33621E00][000001CC346ECB00 49] iPhoneX, [000001CC335E1000][000001CC3470AC80 49] iPhoneXS, [000001CC33622200][000001CC3470EE00 49] iPhoneXSMax, [000001CC335E0500][000001CC34712F80 49] iPhoneXR, [000001CC33622100][000001CC34717100 49] iPhone11, [000001CC335E2D00][000001CC3471B280 49] iPhone11Pro, [000001CC33621600][000001CC3471F400 49] iPhone11ProMax, [000001CC335E1D00][000001CC34723580 49] iPhoneSE2, [000001CC33623200][000001CC34727700 49] iPhone12Mini, [000001CC335E1E00][000001CC3472B880 49] iPhone12, [000001CC33620300][000001CC3472FA00 49] iPhone12Pro, [000001CC335E3500][000001CC34733B80 49] iPhone12ProMax, [000001CC33623C00][000001CC34736180 49] iPadPro105, [000001CC335E0200][000001CC3473A300 49] iPadPro129, [000001CC33620E00][000001CC346DC440 49] iPadPro97, [000001CC335E0100][000001CC3473E580 49] iPadPro2_129, [000001CC33623F00][000001CC347426C0 49] iPad5, [000001CC335E0900][000001CC3474A840 49] iPad6, [000001CC33623B00][000001CC3474E9C0 49] iPad7, [000001CC335E2A00][000001CC34752B40 49] iPad8, [000001CC33622800][000001CC34756CC0 49] iPadPro11, [000001CC335E0A00][000001CC3475AE40 49] iPadPro2_11, [000001CC33620700][000001CC3475EFC0 49] iPadPro3_129, [000001CC335E3200][000001CC34763140 49] iPadPro4_129, [000001CC33623A00][000001CC347672C0 49] AppleTV, [000001CC335E0C00][000001CC3476B440 49] AppleTV4K, [000001CC33622C00][000001CC347815C0 49] TVOS, [000001CC335E3000][000001CC34785740 49] Mac, [000001CC33644E00][000001CC347898C0 49] MacClient, [000001CC336E0800][000001CC3478DA40 49] MacNoEditor, [000001CC33645500][000001CC34791BC0 49] MacServer, [000001CC336E0300][000001CC347941C0 49] Linux, [000001CC33646D00][000001CC34798340 49] LinuxAArch64, [000001CC336E0B00][000001CC3479C4C0 49] LinuxNoEditor, [000001CC33645D00][000001CC34746600 49] LinuxAArch64NoEditor, [000001CC336E1500][000001CC347A0740 49] LinuxClient, [000001CC33644500][000001CC347A4880 49] LinuxAArch64Client, [000001CC336E1100][000001CC347A89C0 49] LinuxServer, [000001CC33647600][000001CC347B0B40 49] LinuxAArch64Server, [000001CC336E1200][000001CC347B4CC0 49] Android, [000001CC33644400][000001CC347B8E40 49] Android_Low, [000001CC336E0C00][000001CC347BCFC0 49] Android_Mid, [000001CC33644D00][000001CC347C1140 49] Android_High, [000001CC336E1300][000001CC347C52C0 49] Android_Default, [000001CC33644300][000001CC347C9440 49] Android_Adreno4xx, [000001CC336E1900][000001CC347CD5C0 49] Android_Adreno5xx_Low, [000001CC33647700][000001CC347D1740 49] Android_Adreno5xx, [000001CC336E0900][000001CC347D58C0 49] Android_Adreno6xx, [000001CC33646200][000001CC347D9A40 49] Android_Adreno6xx_Vulkan, [000001CC336E0F00][000001CC347DDBC0 49] Android_Mali_T6xx, [000001CC335E3E00][000001CC347E01C0 49] Android_Mali_T7xx, [000001CC33621100][000001CC347E4340 49] Android_Mali_T8xx, [000001CC335E2700][000001CC347E84C0 49] Android_Mali_G71, [000001CC33623300][000001CC347EC640 49] Android_Mali_G72, [000001CC335E2000][000001CC347AC780 49] Android_Mali_G72_Vulkan, [000001CC33623900][000001CC347F08C0 49] Android_Mali_G76, [000001CC335E0300][000001CC347F4A00 49] Android_Mali_G76_Vulkan, [000001CC33621F00][000001CC347F8B40 49] Android_Mali_G77, [000001CC335E1700][000001CC34800CC0 49] Android_Mali_G77_Vulkan, [000001CC33622400][000001CC34870E40 49] Android_Mali_G78, [000001CC335E2400][000001CC2AFF8FC0 49] Android_Mali_G78_Vulkan, [000001CC33622700][000001CC2B08F140 49] Android_Mali_G710, [000001CC335E3800][000001CC2B0972C0 49] Android_Mali_G710_Vulkan, [000001CC33620900][000001CC349B5440 49] Android_Vulkan_SM5, [000001CC335E0F00][000001CC34ABD5C0 49] Android_PowerVR_G6xxx, [000001CC33620400][000001CC34AC1740 49] Android_PowerVR_GT7xxx, [000001CC335E0E00][000001CC34AC58C0 49] Android_PowerVR_GE8xxx, [000001CC33621A00][000001CC34AC9A40 49] Android_PowerVR_GM9xxx, [000001CC335E1300][000001CC32233BC0 49] Android_PowerVR_GM9xxx_Vulkan, [000001CC33621000][000001CC3223A1C0 49] Android_TegraK1, [000001CC335E1F00][000001CC32242340 49] Android_Unknown_Vulkan, [000001CC33621400][000001CC3224A4C0 49] Lumin, [000001CC335E2600][000001CC3224E640 49] Lumin_Desktop, [000001CC33685400][000001CC322787C0 49] HoloLens, 
[2024.03.18-06.50.54:782][  0]LogMeshReduction: Using QuadricMeshReduction for automatic static mesh reduction
[2024.03.18-06.50.54:782][  0]LogMeshReduction: Using SimplygonMeshReduction for automatic skeletal mesh reduction
[2024.03.18-06.50.54:782][  0]LogMeshReduction: Using ProxyLODMeshReduction for automatic mesh merging
[2024.03.18-06.50.54:782][  0]LogMeshReduction: No distributed automatic mesh merging module available
[2024.03.18-06.50.54:782][  0]LogMeshMerging: No distributed automatic mesh merging module available
[2024.03.18-06.50.54:799][  0]LogNetVersion: NetShootRewrite 1.0.0, NetCL: 0, EngineNetVer: 17, GameNetVer: 0 (Checksum: 1486698656)
[2024.03.18-06.50.55:181][  0]LogTexture: Default maximum texture size for cubemaps generated from long-lat sources has been changed from 512 to unlimited. In order to preserve old behaiour for '/Engine/MapTemplates/Sky/DaylightAmbientCubemap.DaylightAmbientCubemap', its maximum texture size has been explicitly set to 512.
[2024.03.18-06.50.55:235][  0]LogHMD: PokeAHoleMaterial loaded successfully
[2024.03.18-06.50.55:240][  0]LogUObjectArray: 17164 objects as part of root set at end of initial load.
[2024.03.18-06.50.55:240][  0]LogUObjectAllocator: 4298528 out of 0 bytes used by permanent object pool.
[2024.03.18-06.50.55:240][  0]LogUObjectArray: CloseDisregardForGC: 0/0 objects in disregard for GC pool
[2024.03.18-06.50.55:545][  0]LogNiagaraDebuggerClient: Niagara Debugger Client Initialized | Session: 2C80F4CD46A9203B1CD612B937AA5A88 | Instance: E57BFBAE4E544C85A4C5E58BF9281782 (DESKTOP-6POMQQ5-18304).
[2024.03.18-06.50.55:678][  0]LogPython: Using Python 3.7.7
[2024.03.18-06.50.56:175][  0]LogTcpMessaging: Initializing TcpMessaging bridge
[2024.03.18-06.50.56:179][  0]LogUdpMessaging: Initializing bridge on interface 0.0.0.0:0 to multicast group 230.0.0.1:6666.
[2024.03.18-06.50.56:250][  0]LogOutputDevice: Warning: 

Script Stack (0 frames):

[2024.03.18-06.50.57:547][  0]LogStats: FPlatformStackWalk::StackWalkAndDump -  1.297 s
[2024.03.18-06.50.57:547][  0]LogOutputDevice: Error: === Handled ensure: ===
[2024.03.18-06.50.57:547][  0]LogOutputDevice: Error: 
[2024.03.18-06.50.57:547][  0]LogOutputDevice: Error: Ensure condition failed: InParent != this [File:C:/Program Files (x86)/UE4.27/UnrealEngine-4.27/Engine/Source/Runtime/Engine/Private/Components/SceneComponent.cpp] [Line: 1752]
[2024.03.18-06.50.57:547][  0]LogOutputDevice: Error: Cannot attach a component to itself.
[2024.03.18-06.50.57:547][  0]LogOutputDevice: Error: Stack: 
[2024.03.18-06.50.57:547][  0]LogOutputDevice: Error: [Callstack] 0x00007ffeea9ccfe9 UE4Editor-Engine.dll!DispatchCheckVerify<bool,<lambda_a91c019e94cff95fb8de44ae35b77ee5> >() [C:\Program Files (x86)\UE4.27\UnrealEngine-4.27\Engine\Source\Runtime\Core\Public\Misc\AssertionMacros.h:164]
[2024.03.18-06.50.57:548][  0]LogOutputDevice: Error: [Callstack] 0x00007ffee94490f2 UE4Editor-Engine.dll!USceneComponent::SetupAttachment() [C:\Program Files (x86)\UE4.27\UnrealEngine-4.27\Engine\Source\Runtime\Engine\Private\Components\SceneComponent.cpp:1752]
[2024.03.18-06.50.57:548][  0]LogOutputDevice: Error: [Callstack] 0x00007ffef65642eb UE4Editor-NetShootRewrite.dll!AWeaponServerBase::AWeaponServerBase() [D:\GitHub\NetShootRewrite\Source\NetShootRewrite\WeaponServerBase.cpp:17]
[2024.03.18-06.50.57:548][  0]LogOutputDevice: Error: [Callstack] 0x00007ffeefba36a3 UE4Editor-CoreUObject.dll!UClass::CreateDefaultObject() [C:\Program Files (x86)\UE4.27\UnrealEngine-4.27\Engine\Source\Runtime\CoreUObject\Private\UObject\Class.cpp:3791]
[2024.03.18-06.50.57:548][  0]LogOutputDevice: Error: [Callstack] 0x00007ffeefec222c UE4Editor-CoreUObject.dll!UObjectLoadAllCompiledInDefaultProperties() [C:\Program Files (x86)\UE4.27\UnrealEngine-4.27\Engine\Source\Runtime\CoreUObject\Private\UObject\UObjectBase.cpp:911]
[2024.03.18-06.50.57:548][  0]LogOutputDevice: Error: [Callstack] 0x00007ffeefe9ef41 UE4Editor-CoreUObject.dll!ProcessNewlyLoadedUObjects() [C:\Program Files (x86)\UE4.27\UnrealEngine-4.27\Engine\Source\Runtime\CoreUObject\Private\UObject\UObjectBase.cpp:1003]
[2024.03.18-06.50.57:548][  0]LogOutputDevice: Error: [Callstack] 0x00007ffeefd69dc5 UE4Editor-CoreUObject.dll!TBaseStaticDelegateInstance<void __cdecl(FName,bool),FDefaultDelegateUserPolicy>::ExecuteIfSafe() [C:\Program Files (x86)\UE4.27\UnrealEngine-4.27\Engine\Source\Runtime\Core\Public\Delegates\DelegateInstancesImpl.h:731]
[2024.03.18-06.50.57:548][  0]LogOutputDevice: Error: [Callstack] 0x00007ffeeef780f9 UE4Editor-Core.dll!TMulticastDelegate<void __cdecl(FName,bool),FDefaultDelegateUserPolicy>::Broadcast() [C:\Program Files (x86)\UE4.27\UnrealEngine-4.27\Engine\Source\Runtime\Core\Public\Delegates\DelegateSignatureImpl.inl:955]
[2024.03.18-06.50.57:548][  0]LogOutputDevice: Error: [Callstack] 0x00007ffeeef995df UE4Editor-Core.dll!FModuleManager::LoadModuleWithFailureReason() [C:\Program Files (x86)\UE4.27\UnrealEngine-4.27\Engine\Source\Runtime\Core\Private\Modules\ModuleManager.cpp:519]
[2024.03.18-06.50.57:548][  0]LogOutputDevice: Error: [Callstack] 0x00007fff36515eae UE4Editor-Projects.dll!FModuleDescriptor::LoadModulesForPhase() [C:\Program Files (x86)\UE4.27\UnrealEngine-4.27\Engine\Source\Runtime\Projects\Private\ModuleDescriptor.cpp:643]
[2024.03.18-06.50.57:548][  0]LogOutputDevice: Error: [Callstack] 0x00007fff365161a9 UE4Editor-Projects.dll!FProjectManager::LoadModulesForProject() [C:\Program Files (x86)\UE4.27\UnrealEngine-4.27\Engine\Source\Runtime\Projects\Private\ProjectManager.cpp:62]
[2024.03.18-06.50.57:548][  0]LogOutputDevice: Error: [Callstack] 0x00007ff645a053d2 UE4Editor.exe!FEngineLoop::LoadStartupModules() [C:\Program Files (x86)\UE4.27\UnrealEngine-4.27\Engine\Source\Runtime\Launch\Private\LaunchEngineLoop.cpp:3880]
[2024.03.18-06.50.57:548][  0]LogOutputDevice: Error: [Callstack] 0x00007ff645a08a78 UE4Editor.exe!FEngineLoop::PreInitPostStartupScreen() [C:\Program Files (x86)\UE4.27\UnrealEngine-4.27\Engine\Source\Runtime\Launch\Private\LaunchEngineLoop.cpp:3263]
[2024.03.18-06.50.57:548][  0]LogOutputDevice: Error: [Callstack] 0x00007ff645a00b8d UE4Editor.exe!GuardedMain() [C:\Program Files (x86)\UE4.27\UnrealEngine-4.27\Engine\Source\Runtime\Launch\Private\Launch.cpp:132]
[2024.03.18-06.50.57:548][  0]LogOutputDevice: Error: [Callstack] 0x00007ff645a00f1a UE4Editor.exe!GuardedMainWrapper() [C:\Program Files (x86)\UE4.27\UnrealEngine-4.27\Engine\Source\Runtime\Launch\Private\Windows\LaunchWindows.cpp:137]
[2024.03.18-06.50.57:548][  0]LogOutputDevice: Error: [Callstack] 0x00007ff645a03ec1 UE4Editor.exe!LaunchWindowsStartup() [C:\Program Files (x86)\UE4.27\UnrealEngine-4.27\Engine\Source\Runtime\Launch\Private\Windows\LaunchWindows.cpp:273]
[2024.03.18-06.50.57:548][  0]LogOutputDevice: Error: [Callstack] 0x00007ff645a152d4 UE4Editor.exe!WinMain() [C:\Program Files (x86)\UE4.27\UnrealEngine-4.27\Engine\Source\Runtime\Launch\Private\Windows\LaunchWindows.cpp:320]
[2024.03.18-06.50.57:548][  0]LogOutputDevice: Error: [Callstack] 0x00007ff645a17c56 UE4Editor.exe!__scrt_common_main_seh() [D:\a\_work\1\s\src\vctools\crt\vcstartup\src\startup\exe_common.inl:288]
[2024.03.18-06.50.57:548][  0]LogOutputDevice: Error: [Callstack] 0x00007fff51b27344 KERNEL32.DLL!UnknownFunction []
[2024.03.18-06.50.57:548][  0]LogOutputDevice: Error: [Callstack] 0x00007fff530a26b1 ntdll.dll!UnknownFunction []
[2024.03.18-06.50.57:548][  0]LogOutputDevice: Error: 
[2024.03.18-06.50.57:555][  0]LogStats:                SubmitErrorReport -  0.000 s
[2024.03.18-06.50.58:471][  0]LogStats:                    SendNewReport -  0.917 s
[2024.03.18-06.50.58:471][  0]LogStats:             FDebug::EnsureFailed -  2.221 s
[2024.03.18-06.50.58:620][  0]SourceControl: 源码管理已禁用
[2024.03.18-06.50.58:620][  0]SourceControl: 源码管理已禁用
[2024.03.18-06.50.58:624][  0]SourceControl: 源码管理已禁用
[2024.03.18-06.50.58:627][  0]SourceControl: 源码管理已禁用
[2024.03.18-06.50.58:641][  0]SourceControl: 源码管理已禁用
[2024.03.18-06.50.58:646][  0]LogUProjectInfo: Found projects:
[2024.03.18-06.50.58:906][  0]LogOpenImageDenoise: OIDN starting up
[2024.03.18-06.50.58:962][  0]LogAndroidPermission: UAndroidPermissionCallbackProxy::GetInstance
[2024.03.18-06.50.58:987][  0]LogAudioCaptureCore: Display: No Audio Capture implementations found. Audio input will be silent.
[2024.03.18-06.50.58:987][  0]LogAudioCaptureCore: Display: No Audio Capture implementations found. Audio input will be silent.
[2024.03.18-06.50.59:122][  0]LogCollectionManager: Loaded 0 collections in 0.002201 seconds
[2024.03.18-06.50.59:156][  0]LogFileCache: Scanning file cache for directory 'D:/GitHub/NetShootRewrite/Saved/Collections/' took 0.00s
[2024.03.18-06.50.59:156][  0]LogFileCache: Scanning file cache for directory 'D:/GitHub/NetShootRewrite/Content/Developers/ZTT/Collections/' took 0.00s
[2024.03.18-06.50.59:156][  0]LogFileCache: Scanning file cache for directory 'D:/GitHub/NetShootRewrite/Content/Collections/' took 0.00s
[2024.03.18-06.50.59:156][  0]LogOcInput: OculusInput pre-init called
[2024.03.18-06.50.59:427][  0]LogEngine: Initializing Engine...
[2024.03.18-06.50.59:430][  0]LogHMD: Failed to enumerate extensions. Please check that you have a valid OpenXR runtime installed.
[2024.03.18-06.50.59:430][  0]LogHMD: Failed to initialize OpenVR with code 110
[2024.03.18-06.50.59:430][  0]LogMagicLeap: Warning: VR disabled because ZI is not enabled.  To enable, in the editor, Edit -> Project Settings -> Plugins -> Magic Leap Plugin -> Enable Zero Iteration
[2024.03.18-06.50.59:431][  0]LogStats: UGameplayTagsManager::InitializeManager -  0.000 s
[2024.03.18-06.50.59:577][  0]LogInit: Initializing FReadOnlyCVARCache
[2024.03.18-06.50.59:586][  0]LogAIModule: Creating AISystem for world Untitled
[2024.03.18-06.50.59:588][  0]LogAudio: Display: Initializing Audio Device Manager...
[2024.03.18-06.50.59:592][  0]LogAudio: Display: Loading Default Audio Settings Objects...
[2024.03.18-06.50.59:592][  0]LogAudio: Display: No default SoundConcurrencyObject specified (or failed to load).
[2024.03.18-06.50.59:593][  0]LogAudio: Display: Audio Device Manager Initialized
[2024.03.18-06.50.59:593][  0]LogAudio: Display: Creating Audio Device:                 Id: 1, Scope: Shared, Realtime: True
[2024.03.18-06.50.59:593][  0]LogAudioMixer: Display: Audio Mixer Platform Settings:
[2024.03.18-06.50.59:593][  0]LogAudioMixer: Display: 	Sample Rate:						  48000
[2024.03.18-06.50.59:593][  0]LogAudioMixer: Display: 	Callback Buffer Frame Size Requested: 1024
[2024.03.18-06.50.59:593][  0]LogAudioMixer: Display: 	Callback Buffer Frame Size To Use:	  1024
[2024.03.18-06.50.59:593][  0]LogAudioMixer: Display: 	Number of buffers to queue:			  2
[2024.03.18-06.50.59:593][  0]LogAudioMixer: Display: 	Max Channels (voices):				  32
[2024.03.18-06.50.59:593][  0]LogAudioMixer: Display: 	Number of Async Source Workers:		  0
[2024.03.18-06.50.59:593][  0]LogAudio: Display: AudioDevice MaxSources: 32
[2024.03.18-06.50.59:593][  0]LogAudio: Display: Audio Spatialization Plugin: None (built-in).
[2024.03.18-06.50.59:593][  0]LogAudio: Display: Audio Reverb Plugin: None (built-in).
[2024.03.18-06.50.59:593][  0]LogAudio: Display: Audio Occlusion Plugin: None (built-in).
[2024.03.18-06.50.59:593][  0]LogAudioMixer: Display: Initializing audio mixer.
[2024.03.18-06.50.59:617][  0]LogAudioMixer: Display: 0: FrontLeft
[2024.03.18-06.50.59:617][  0]LogAudioMixer: Display: 1: FrontRight
[2024.03.18-06.50.59:651][  0]LogAudioMixer: Display: Using Audio Device 扬声器 (Realtek High Definition Audio)
[2024.03.18-06.50.59:654][  0]LogAudioMixer: Display: Initializing Sound Submixes...
[2024.03.18-06.50.59:657][  0]LogAudioMixer: Display: Creating Master Submix 'MasterSubmixDefault'
[2024.03.18-06.50.59:657][  0]LogAudioMixer: Display: Creating Master Submix 'MasterReverbSubmixDefault'
[2024.03.18-06.50.59:658][  0]LogAudioMixer: Display: Creating Master Submix 'MasterEQSubmixDefault'
[2024.03.18-06.50.59:658][  0]LogAudioMixer: FMixerPlatformXAudio2::StartAudioStream() called
[2024.03.18-06.50.59:658][  0]LogAudioMixer: Display: Output buffers initialized: Frames=1024, Channels=2, Samples=2048
[2024.03.18-06.50.59:659][  0]LogAudioMixer: Display: Starting AudioMixerPlatformInterface::RunInternal()
[2024.03.18-06.50.59:659][  0]LogAudioMixer: Display: FMixerPlatformXAudio2::SubmitBuffer() called for the first time
[2024.03.18-06.50.59:659][  0]LogInit: FAudioDevice initialized.
[2024.03.18-06.50.59:659][  0]LogAudio: Display: Audio Device (ID: 1) registered with world 'Untitled'.
[2024.03.18-06.50.59:659][  0]LogNetVersion: Set ProjectVersion to 1.0.0.0. Version Checksum will be recalculated on next use.
[2024.03.18-06.50.59:862][  0]LogDerivedDataCache: Saved boot cache 0.20s 94MB D:/GitHub/NetShootRewrite/DerivedDataCache/Boot.ddc.
[2024.03.18-06.50.59:862][  0]LogInit: Texture streaming: Enabled
[2024.03.18-06.50.59:875][  0]LogAnalytics: Display: [UEEditor.UnrealEngine.Release] APIServer = https://datarouter.ol.epicgames.com/. AppVersion = 4.27.2-0+++UE4+Release-4.27
[2024.03.18-06.50.59:881][  0]LogEngineSessionManager: EngineSessionManager initialized
[2024.03.18-06.50.59:881][  0]LogEditorSessionSummary: Verbose: Initializing EditorSessionSummaryWriter for editor session tracking
[2024.03.18-06.50.59:886][  0]LogEditorSessionSummary: EditorSessionSummaryWriter initialized
[2024.03.18-06.50.59:911][  0]LogInit: Transaction tracking system initialized
[2024.03.18-06.50.59:934][  0]BlueprintLog: New page: 编辑器加载
[2024.03.18-06.51.00:000][  0]LocalizationService: 本地化服务已禁用
[2024.03.18-06.51.00:028][  0]TimingProfiler: Initialize
[2024.03.18-06.51.00:028][  0]TimingProfiler: OnSessionChanged
[2024.03.18-06.51.00:028][  0]LoadingProfiler: Initialize
[2024.03.18-06.51.00:028][  0]LoadingProfiler: OnSessionChanged
[2024.03.18-06.51.00:028][  0]NetworkingProfiler: Initialize
[2024.03.18-06.51.00:028][  0]NetworkingProfiler: OnSessionChanged
[2024.03.18-06.51.00:028][  0]MemoryProfiler: Initialize
[2024.03.18-06.51.00:028][  0]MemoryProfiler: OnSessionChanged
[2024.03.18-06.51.00:217][  0]LogCook: Display: CookSettings for Memory: MemoryMaxUsedVirtual 0MiB, MemoryMaxUsedPhysical 16384MiB, MemoryMinFreeVirtual 0MiB, MemoryMinFreePhysical 1024MiB
[2024.03.18-06.51.00:217][  0]LogCook: Display: Mobile HDR setting 1
[2024.03.18-06.51.00:444][  0]LogFileCache: Scanning file cache for directory 'D:/GitHub/NetShootRewrite/Content/' took 0.02s
[2024.03.18-06.51.00:652][  0]LogInit: Display: Engine is initialized. Leaving FEngineLoop::Init()
[2024.03.18-06.51.00:657][  0]SourceControl: 源码管理已禁用
[2024.03.18-06.51.00:657][  0]LogUnrealEdMisc: Loading editor; pre map load, took 9.674
[2024.03.18-06.51.00:657][  0]Cmd: MAP LOAD FILE="D:/GitHub/NetShootRewrite/Content/FirstPersonCPP/Maps/FirstPersonExampleMap.umap" TEMPLATE=0 SHOWPROGRESS=1 FEATURELEVEL=3
[2024.03.18-06.51.00:658][  0]LightingResults: New page: 光照构建
[2024.03.18-06.51.00:659][  0]LogWorld: UWorld::CleanupWorld for Untitled, bSessionEnded=true, bCleanupResources=true
[2024.03.18-06.51.00:659][  0]LogSlate: InvalidateAllWidgets triggered.  All widgets were invalidated
[2024.03.18-06.51.00:659][  0]MapCheck: New page: 地图检测
[2024.03.18-06.51.00:659][  0]LightingResults: New page: 光照构建
[2024.03.18-06.51.00:664][  0]LogAudio: Display: Audio Device unregistered from world 'None'.
[2024.03.18-06.51.00:666][  0]LogUObjectHash: Compacting FUObjectHashTables data took   0.67ms
[2024.03.18-06.51.00:982][  0]LogAudio: Display: Audio Device (ID: 1) registered with world 'FirstPersonExampleMap'.
[2024.03.18-06.51.00:983][  0]LogAIModule: Creating AISystem for world FirstPersonExampleMap
[2024.03.18-06.51.00:987][  0]LogEditorServer: Finished looking for orphan Actors (0.000 secs)
[2024.03.18-06.51.00:998][  0]LogUObjectHash: Compacting FUObjectHashTables data took   0.83ms
[2024.03.18-06.51.00:998][  0]Cmd: MAP CHECKDEP NOCLEARLOG
[2024.03.18-06.51.00:998][  0]MapCheck: 地图检测完成：0个错误、0个警告、完成用时0.102毫秒。
[2024.03.18-06.51.00:998][  0]LogFileHelpers: Loading map 'FirstPersonExampleMap' took 0.341
[2024.03.18-06.51.01:000][  0]LogUnrealEdMisc: Total Editor Startup Time, took 10.018
[2024.03.18-06.51.01:079][  0]LogWindowsTextInputMethodSystem: Display: IME system activated using TSF (微软拼音).
[2024.03.18-06.51.01:120][  0]LogSlate: Updating window title bar state: overlay mode, drag disabled, window buttons hidden, title bar hidden
[2024.03.18-06.51.01:125][  0]LogSlate: Updating window title bar state: overlay mode, drag disabled, window buttons hidden, title bar hidden
[2024.03.18-06.51.01:131][  0]LogSlate: Updating window title bar state: overlay mode, drag disabled, window buttons hidden, title bar hidden
[2024.03.18-06.51.01:136][  0]LogSlate: Updating window title bar state: overlay mode, drag disabled, window buttons hidden, title bar hidden
[2024.03.18-06.51.01:151][  0]LogNativeClassHierarchy: Verbose: Native class hierarchy populated in 0.0079 seconds. Added 3824 classes and 928 folders.
[2024.03.18-06.51.01:153][  0]LogNativeClassHierarchy: Verbose: Native class hierarchy updated for 'WidgetCarousel' in 0.0002 seconds. Added 0 classes and 0 folders.
[2024.03.18-06.51.01:155][  0]LogShaderLibrary: Display: ShaderCodeLibraryPakFileMountedCallback: PakFile 'C:/Program Files (x86)/UE4.27/UnrealEngine-4.27/FeaturePacks/FP_FirstPerson.upack' (chunk index -1, root 'root:/') mounted
[2024.03.18-06.51.01:155][  0]LogShaderLibrary: Display: ShaderCodeLibraryPakFileMountedCallback: pending pak file info (ChunkID:-1 Root:root:/ File:C:/Program Files (x86)/UE4.27/UnrealEngine-4.27/FeaturePacks/FP_FirstPerson.upack)
[2024.03.18-06.51.01:155][  0]LogPakFile: OnPakFileMounted2Time == 0.000087
[2024.03.18-06.51.01:156][  0]LogShaderLibrary: Display: ShaderCodeLibraryPakFileMountedCallback: PakFile 'C:/Program Files (x86)/UE4.27/UnrealEngine-4.27/FeaturePacks/FP_FirstPersonBP.upack' (chunk index -1, root 'root:/') mounted
[2024.03.18-06.51.01:156][  0]LogShaderLibrary: Display: ShaderCodeLibraryPakFileMountedCallback: pending pak file info (ChunkID:-1 Root:root:/ File:C:/Program Files (x86)/UE4.27/UnrealEngine-4.27/FeaturePacks/FP_FirstPersonBP.upack)
[2024.03.18-06.51.01:156][  0]LogPakFile: OnPakFileMounted2Time == 0.000056
[2024.03.18-06.51.01:157][  0]LogShaderLibrary: Display: ShaderCodeLibraryPakFileMountedCallback: PakFile 'C:/Program Files (x86)/UE4.27/UnrealEngine-4.27/FeaturePacks/MobileStarterContent.upack' (chunk index -1, root 'root:/') mounted
[2024.03.18-06.51.01:157][  0]LogShaderLibrary: Display: ShaderCodeLibraryPakFileMountedCallback: pending pak file info (ChunkID:-1 Root:root:/ File:C:/Program Files (x86)/UE4.27/UnrealEngine-4.27/FeaturePacks/MobileStarterContent.upack)
[2024.03.18-06.51.01:157][  0]LogPakFile: OnPakFileMounted2Time == 0.000052
[2024.03.18-06.51.01:158][  0]LogShaderLibrary: Display: ShaderCodeLibraryPakFileMountedCallback: PakFile 'C:/Program Files (x86)/UE4.27/UnrealEngine-4.27/FeaturePacks/StarterContent.upack' (chunk index -1, root 'root:/') mounted
[2024.03.18-06.51.01:158][  0]LogShaderLibrary: Display: ShaderCodeLibraryPakFileMountedCallback: pending pak file info (ChunkID:-1 Root:root:/ File:C:/Program Files (x86)/UE4.27/UnrealEngine-4.27/FeaturePacks/StarterContent.upack)
[2024.03.18-06.51.01:158][  0]LogPakFile: OnPakFileMounted2Time == 0.000053
[2024.03.18-06.51.01:159][  0]LogShaderLibrary: Display: ShaderCodeLibraryPakFileMountedCallback: PakFile 'C:/Program Files (x86)/UE4.27/UnrealEngine-4.27/FeaturePacks/TP_2DSideScroller.upack' (chunk index -1, root 'root:/') mounted
[2024.03.18-06.51.01:159][  0]LogShaderLibrary: Display: ShaderCodeLibraryPakFileMountedCallback: pending pak file info (ChunkID:-1 Root:root:/ File:C:/Program Files (x86)/UE4.27/UnrealEngine-4.27/FeaturePacks/TP_2DSideScroller.upack)
[2024.03.18-06.51.01:159][  0]LogPakFile: OnPakFileMounted2Time == 0.000051
[2024.03.18-06.51.01:159][  0]LogShaderLibrary: Display: ShaderCodeLibraryPakFileMountedCallback: PakFile 'C:/Program Files (x86)/UE4.27/UnrealEngine-4.27/FeaturePacks/TP_2DSideScrollerBP.upack' (chunk index -1, root 'root:/') mounted
[2024.03.18-06.51.01:159][  0]LogShaderLibrary: Display: ShaderCodeLibraryPakFileMountedCallback: pending pak file info (ChunkID:-1 Root:root:/ File:C:/Program Files (x86)/UE4.27/UnrealEngine-4.27/FeaturePacks/TP_2DSideScrollerBP.upack)
[2024.03.18-06.51.01:159][  0]LogPakFile: OnPakFileMounted2Time == 0.000052
[2024.03.18-06.51.01:160][  0]LogShaderLibrary: Display: ShaderCodeLibraryPakFileMountedCallback: PakFile 'C:/Program Files (x86)/UE4.27/UnrealEngine-4.27/FeaturePacks/TP_Flying.upack' (chunk index -1, root 'root:/') mounted
[2024.03.18-06.51.01:160][  0]LogShaderLibrary: Display: ShaderCodeLibraryPakFileMountedCallback: pending pak file info (ChunkID:-1 Root:root:/ File:C:/Program Files (x86)/UE4.27/UnrealEngine-4.27/FeaturePacks/TP_Flying.upack)
[2024.03.18-06.51.01:160][  0]LogPakFile: OnPakFileMounted2Time == 0.000053
[2024.03.18-06.51.01:161][  0]LogShaderLibrary: Display: ShaderCodeLibraryPakFileMountedCallback: PakFile 'C:/Program Files (x86)/UE4.27/UnrealEngine-4.27/FeaturePacks/TP_FlyingBP.upack' (chunk index -1, root 'root:/') mounted
[2024.03.18-06.51.01:161][  0]LogShaderLibrary: Display: ShaderCodeLibraryPakFileMountedCallback: pending pak file info (ChunkID:-1 Root:root:/ File:C:/Program Files (x86)/UE4.27/UnrealEngine-4.27/FeaturePacks/TP_FlyingBP.upack)
[2024.03.18-06.51.01:161][  0]LogPakFile: OnPakFileMounted2Time == 0.000051
[2024.03.18-06.51.01:162][  0]LogShaderLibrary: Display: ShaderCodeLibraryPakFileMountedCallback: PakFile 'C:/Program Files (x86)/UE4.27/UnrealEngine-4.27/FeaturePacks/TP_Puzzle.upack' (chunk index -1, root 'root:/') mounted
[2024.03.18-06.51.01:162][  0]LogShaderLibrary: Display: ShaderCodeLibraryPakFileMountedCallback: pending pak file info (ChunkID:-1 Root:root:/ File:C:/Program Files (x86)/UE4.27/UnrealEngine-4.27/FeaturePacks/TP_Puzzle.upack)
[2024.03.18-06.51.01:162][  0]LogPakFile: OnPakFileMounted2Time == 0.000084
[2024.03.18-06.51.01:163][  0]LogShaderLibrary: Display: ShaderCodeLibraryPakFileMountedCallback: PakFile 'C:/Program Files (x86)/UE4.27/UnrealEngine-4.27/FeaturePacks/TP_PuzzleBP.upack' (chunk index -1, root 'root:/') mounted
[2024.03.18-06.51.01:163][  0]LogShaderLibrary: Display: ShaderCodeLibraryPakFileMountedCallback: pending pak file info (ChunkID:-1 Root:root:/ File:C:/Program Files (x86)/UE4.27/UnrealEngine-4.27/FeaturePacks/TP_PuzzleBP.upack)
[2024.03.18-06.51.01:163][  0]LogPakFile: OnPakFileMounted2Time == 0.000083
[2024.03.18-06.51.01:164][  0]LogShaderLibrary: Display: ShaderCodeLibraryPakFileMountedCallback: PakFile 'C:/Program Files (x86)/UE4.27/UnrealEngine-4.27/FeaturePacks/TP_Rolling.upack' (chunk index -1, root 'root:/') mounted
[2024.03.18-06.51.01:164][  0]LogShaderLibrary: Display: ShaderCodeLibraryPakFileMountedCallback: pending pak file info (ChunkID:-1 Root:root:/ File:C:/Program Files (x86)/UE4.27/UnrealEngine-4.27/FeaturePacks/TP_Rolling.upack)
[2024.03.18-06.51.01:164][  0]LogPakFile: OnPakFileMounted2Time == 0.000061
[2024.03.18-06.51.01:165][  0]LogShaderLibrary: Display: ShaderCodeLibraryPakFileMountedCallback: PakFile 'C:/Program Files (x86)/UE4.27/UnrealEngine-4.27/FeaturePacks/TP_RollingBP.upack' (chunk index -1, root 'root:/') mounted
[2024.03.18-06.51.01:165][  0]LogShaderLibrary: Display: ShaderCodeLibraryPakFileMountedCallback: pending pak file info (ChunkID:-1 Root:root:/ File:C:/Program Files (x86)/UE4.27/UnrealEngine-4.27/FeaturePacks/TP_RollingBP.upack)
[2024.03.18-06.51.01:165][  0]LogPakFile: OnPakFileMounted2Time == 0.000055
[2024.03.18-06.51.01:166][  0]LogShaderLibrary: Display: ShaderCodeLibraryPakFileMountedCallback: PakFile 'C:/Program Files (x86)/UE4.27/UnrealEngine-4.27/FeaturePacks/TP_SideScroller.upack' (chunk index -1, root 'root:/') mounted
[2024.03.18-06.51.01:166][  0]LogShaderLibrary: Display: ShaderCodeLibraryPakFileMountedCallback: pending pak file info (ChunkID:-1 Root:root:/ File:C:/Program Files (x86)/UE4.27/UnrealEngine-4.27/FeaturePacks/TP_SideScroller.upack)
[2024.03.18-06.51.01:166][  0]LogPakFile: OnPakFileMounted2Time == 0.000051
[2024.03.18-06.51.01:167][  0]LogShaderLibrary: Display: ShaderCodeLibraryPakFileMountedCallback: PakFile 'C:/Program Files (x86)/UE4.27/UnrealEngine-4.27/FeaturePacks/TP_SideScrollerBP.upack' (chunk index -1, root 'root:/') mounted
[2024.03.18-06.51.01:167][  0]LogShaderLibrary: Display: ShaderCodeLibraryPakFileMountedCallback: pending pak file info (ChunkID:-1 Root:root:/ File:C:/Program Files (x86)/UE4.27/UnrealEngine-4.27/FeaturePacks/TP_SideScrollerBP.upack)
[2024.03.18-06.51.01:167][  0]LogPakFile: OnPakFileMounted2Time == 0.000048
[2024.03.18-06.51.01:168][  0]LogShaderLibrary: Display: ShaderCodeLibraryPakFileMountedCallback: PakFile 'C:/Program Files (x86)/UE4.27/UnrealEngine-4.27/FeaturePacks/TP_ThirdPerson.upack' (chunk index -1, root 'root:/') mounted
[2024.03.18-06.51.01:168][  0]LogShaderLibrary: Display: ShaderCodeLibraryPakFileMountedCallback: pending pak file info (ChunkID:-1 Root:root:/ File:C:/Program Files (x86)/UE4.27/UnrealEngine-4.27/FeaturePacks/TP_ThirdPerson.upack)
[2024.03.18-06.51.01:168][  0]LogPakFile: OnPakFileMounted2Time == 0.000050
[2024.03.18-06.51.01:169][  0]LogShaderLibrary: Display: ShaderCodeLibraryPakFileMountedCallback: PakFile 'C:/Program Files (x86)/UE4.27/UnrealEngine-4.27/FeaturePacks/TP_ThirdPersonBP.upack' (chunk index -1, root 'root:/') mounted
[2024.03.18-06.51.01:169][  0]LogShaderLibrary: Display: ShaderCodeLibraryPakFileMountedCallback: pending pak file info (ChunkID:-1 Root:root:/ File:C:/Program Files (x86)/UE4.27/UnrealEngine-4.27/FeaturePacks/TP_ThirdPersonBP.upack)
[2024.03.18-06.51.01:169][  0]LogPakFile: OnPakFileMounted2Time == 0.000051
[2024.03.18-06.51.01:170][  0]LogShaderLibrary: Display: ShaderCodeLibraryPakFileMountedCallback: PakFile 'C:/Program Files (x86)/UE4.27/UnrealEngine-4.27/FeaturePacks/TP_TopDown.upack' (chunk index -1, root 'root:/') mounted
[2024.03.18-06.51.01:170][  0]LogShaderLibrary: Display: ShaderCodeLibraryPakFileMountedCallback: pending pak file info (ChunkID:-1 Root:root:/ File:C:/Program Files (x86)/UE4.27/UnrealEngine-4.27/FeaturePacks/TP_TopDown.upack)
[2024.03.18-06.51.01:170][  0]LogPakFile: OnPakFileMounted2Time == 0.000051
[2024.03.18-06.51.01:171][  0]LogShaderLibrary: Display: ShaderCodeLibraryPakFileMountedCallback: PakFile 'C:/Program Files (x86)/UE4.27/UnrealEngine-4.27/FeaturePacks/TP_TopDownBP.upack' (chunk index -1, root 'root:/') mounted
[2024.03.18-06.51.01:171][  0]LogShaderLibrary: Display: ShaderCodeLibraryPakFileMountedCallback: pending pak file info (ChunkID:-1 Root:root:/ File:C:/Program Files (x86)/UE4.27/UnrealEngine-4.27/FeaturePacks/TP_TopDownBP.upack)
[2024.03.18-06.51.01:171][  0]LogPakFile: OnPakFileMounted2Time == 0.000062
[2024.03.18-06.51.01:172][  0]LogShaderLibrary: Display: ShaderCodeLibraryPakFileMountedCallback: PakFile 'C:/Program Files (x86)/UE4.27/UnrealEngine-4.27/FeaturePacks/TP_TwinStick.upack' (chunk index -1, root 'root:/') mounted
[2024.03.18-06.51.01:172][  0]LogShaderLibrary: Display: ShaderCodeLibraryPakFileMountedCallback: pending pak file info (ChunkID:-1 Root:root:/ File:C:/Program Files (x86)/UE4.27/UnrealEngine-4.27/FeaturePacks/TP_TwinStick.upack)
[2024.03.18-06.51.01:172][  0]LogPakFile: OnPakFileMounted2Time == 0.000053
[2024.03.18-06.51.01:173][  0]LogShaderLibrary: Display: ShaderCodeLibraryPakFileMountedCallback: PakFile 'C:/Program Files (x86)/UE4.27/UnrealEngine-4.27/FeaturePacks/TP_TwinStickBP.upack' (chunk index -1, root 'root:/') mounted
[2024.03.18-06.51.01:173][  0]LogShaderLibrary: Display: ShaderCodeLibraryPakFileMountedCallback: pending pak file info (ChunkID:-1 Root:root:/ File:C:/Program Files (x86)/UE4.27/UnrealEngine-4.27/FeaturePacks/TP_TwinStickBP.upack)
[2024.03.18-06.51.01:173][  0]LogPakFile: OnPakFileMounted2Time == 0.000052
[2024.03.18-06.51.01:174][  0]LogShaderLibrary: Display: ShaderCodeLibraryPakFileMountedCallback: PakFile 'C:/Program Files (x86)/UE4.27/UnrealEngine-4.27/FeaturePacks/TP_Vehicle.upack' (chunk index -1, root 'root:/') mounted
[2024.03.18-06.51.01:174][  0]LogShaderLibrary: Display: ShaderCodeLibraryPakFileMountedCallback: pending pak file info (ChunkID:-1 Root:root:/ File:C:/Program Files (x86)/UE4.27/UnrealEngine-4.27/FeaturePacks/TP_Vehicle.upack)
[2024.03.18-06.51.01:174][  0]LogPakFile: OnPakFileMounted2Time == 0.000058
[2024.03.18-06.51.01:175][  0]LogShaderLibrary: Display: ShaderCodeLibraryPakFileMountedCallback: PakFile 'C:/Program Files (x86)/UE4.27/UnrealEngine-4.27/FeaturePacks/TP_VehicleAdv.upack' (chunk index -1, root 'root:/') mounted
[2024.03.18-06.51.01:175][  0]LogShaderLibrary: Display: ShaderCodeLibraryPakFileMountedCallback: pending pak file info (ChunkID:-1 Root:root:/ File:C:/Program Files (x86)/UE4.27/UnrealEngine-4.27/FeaturePacks/TP_VehicleAdv.upack)
[2024.03.18-06.51.01:175][  0]LogPakFile: OnPakFileMounted2Time == 0.000086
[2024.03.18-06.51.01:176][  0]LogShaderLibrary: Display: ShaderCodeLibraryPakFileMountedCallback: PakFile 'C:/Program Files (x86)/UE4.27/UnrealEngine-4.27/FeaturePacks/TP_VehicleAdvBP.upack' (chunk index -1, root 'root:/') mounted
[2024.03.18-06.51.01:176][  0]LogShaderLibrary: Display: ShaderCodeLibraryPakFileMountedCallback: pending pak file info (ChunkID:-1 Root:root:/ File:C:/Program Files (x86)/UE4.27/UnrealEngine-4.27/FeaturePacks/TP_VehicleAdvBP.upack)
[2024.03.18-06.51.01:176][  0]LogPakFile: OnPakFileMounted2Time == 0.000060
[2024.03.18-06.51.01:177][  0]LogShaderLibrary: Display: ShaderCodeLibraryPakFileMountedCallback: PakFile 'C:/Program Files (x86)/UE4.27/UnrealEngine-4.27/FeaturePacks/TP_VehicleBP.upack' (chunk index -1, root 'root:/') mounted
[2024.03.18-06.51.01:177][  0]LogShaderLibrary: Display: ShaderCodeLibraryPakFileMountedCallback: pending pak file info (ChunkID:-1 Root:root:/ File:C:/Program Files (x86)/UE4.27/UnrealEngine-4.27/FeaturePacks/TP_VehicleBP.upack)
[2024.03.18-06.51.01:177][  0]LogPakFile: OnPakFileMounted2Time == 0.000057
[2024.03.18-06.51.01:178][  0]LogPakFile: PakFile PrimaryIndexSize=192
[2024.03.18-06.51.01:178][  0]LogPakFile: PakFile PathHashIndexSize=101
[2024.03.18-06.51.01:178][  0]LogPakFile: PakFile FullDirectoryIndexSize=158
[2024.03.18-06.51.01:178][  0]LogShaderLibrary: Display: ShaderCodeLibraryPakFileMountedCallback: PakFile 'C:/Program Files (x86)/UE4.27/UnrealEngine-4.27/FeaturePacks/TP_VirtualRealityBP.upack' (chunk index -1, root 'root:/') mounted
[2024.03.18-06.51.01:178][  0]LogShaderLibrary: Display: ShaderCodeLibraryPakFileMountedCallback: pending pak file info (ChunkID:-1 Root:root:/ File:C:/Program Files (x86)/UE4.27/UnrealEngine-4.27/FeaturePacks/TP_VirtualRealityBP.upack)
[2024.03.18-06.51.01:178][  0]LogPakFile: OnPakFileMounted2Time == 0.000035
[2024.03.18-06.51.01:260][  0]LogNativeClassHierarchy: Verbose: Native class hierarchy updated for 'AddContentDialog' in 0.0002 seconds. Added 0 classes and 0 folders.
[2024.03.18-06.51.01:265][  0]LogNativeClassHierarchy: Verbose: Native class hierarchy updated for 'SceneOutliner' in 0.0002 seconds. Added 2 classes and 0 folders.
[2024.03.18-06.51.01:400][  0]LogSlate: Took 0.000199 seconds to synchronously load lazily loaded font '../../../Engine/Content/Slate/Fonts/Roboto-Regular.ttf' (155K)
[2024.03.18-06.51.01:401][  0]LogSlate: Took 0.001039 seconds to synchronously load lazily loaded font '../../../Engine/Content/Slate/Fonts/DroidSansFallback.ttf' (3848K)
[2024.03.18-06.51.01:899][  0]LogNativeClassHierarchy: Verbose: Native class hierarchy updated for 'HierarchicalLODOutliner' in 0.0003 seconds. Added 0 classes and 0 folders.
[2024.03.18-06.51.01:899][  0]LogLoad: (Engine Initialization) Total time: 10.92 seconds
[2024.03.18-06.51.01:899][  0]LogLoad: (Engine Initialization) Total Blueprint compile time: 0.00 seconds
[2024.03.18-06.51.01:946][  0]LogAssetRegistry: Asset discovery search completed in 7.4824 seconds
[2024.03.18-06.51.01:953][  0]LogCollectionManager: Fixed up redirectors for 0 collections in 0.000004 seconds (updated 0 objects)
[2024.03.18-06.51.01:955][  0]LogContentStreaming: Texture pool size now 1000 MB
[2024.03.18-06.51.01:961][  0]LogSlate: Took 0.000755 seconds to synchronously load lazily loaded font '../../../Engine/Content/Editor/Slate/Fonts/FontAwesome.ttf' (139K)
[2024.03.18-06.51.01:962][  0]LogSlate: Took 0.000177 seconds to synchronously load lazily loaded font '../../../Engine/Content/Slate/Fonts/Roboto-Bold.ttf' (160K)
[2024.03.18-06.51.01:964][  0]LogSlate: Took 0.000632 seconds to synchronously load lazily loaded font '../../../Engine/Content/Slate/Fonts/DroidSansMono.ttf' (77K)
[2024.03.18-06.51.02:100][  0]LogRenderer: Reallocating scene render targets to support 1104x492 Format 10 NumSamples 1 (Frame:1).
[2024.03.18-06.51.02:100][  0]LogSlate: Took 0.000866 seconds to synchronously load lazily loaded font '../../../Engine/Content/Slate/Fonts/Roboto-Light.ttf' (167K)
[2024.03.18-06.51.02:919][ 64]LogSlate: Took 0.000200 seconds to synchronously load lazily loaded font '../../../Engine/Content/Slate/Fonts/Roboto-Light.ttf' (167K)
[2024.03.18-06.51.04:575][221]LogTemp: Repeating last play command: 选中的视口
[2024.03.18-06.51.04:612][221]LogPlayLevel: PlayLevel: No blueprints needed recompiling
[2024.03.18-06.51.04:613][221]PIE: New page: PIE会话：FirstPersonExampleMap（2024年3月18日 下午10:51:04）
[2024.03.18-06.51.04:614][221]LogOnline: OSS: Creating online subsystem instance for: NULL
[2024.03.18-06.51.04:616][221]LogOnline: OSS: TryLoadSubsystemAndSetDefault: Loaded subsystem for module [NULL]
[2024.03.18-06.51.04:617][221]LogPlayLevel: Creating play world package: /Game/FirstPersonCPP/Maps/UEDPIE_0_FirstPersonExampleMap
[2024.03.18-06.51.04:632][221]LogPlayLevel: PIE: StaticDuplicateObject took: (0.015146s)
[2024.03.18-06.51.04:633][221]LogAIModule: Creating AISystem for world FirstPersonExampleMap
[2024.03.18-06.51.04:634][221]LogPlayLevel: PIE: World Init took: (0.001223s)
[2024.03.18-06.51.04:634][221]LogPlayLevel: PIE: Created PIE world by copying editor world from /Game/FirstPersonCPP/Maps/FirstPersonExampleMap.FirstPersonExampleMap to /Game/FirstPersonCPP/Maps/UEDPIE_0_FirstPersonExampleMap.FirstPersonExampleMap (0.017177s)
[2024.03.18-06.51.04:641][221]LogUObjectHash: Compacting FUObjectHashTables data took   0.59ms
[2024.03.18-06.51.04:644][221]LogAudio: Display: Creating Audio Device:                 Id: 2, Scope: Unique, Realtime: True
[2024.03.18-06.51.04:644][221]LogAudioMixer: Display: Audio Mixer Platform Settings:
[2024.03.18-06.51.04:644][221]LogAudioMixer: Display: 	Sample Rate:						  48000
[2024.03.18-06.51.04:644][221]LogAudioMixer: Display: 	Callback Buffer Frame Size Requested: 1024
[2024.03.18-06.51.04:644][221]LogAudioMixer: Display: 	Callback Buffer Frame Size To Use:	  1024
[2024.03.18-06.51.04:644][221]LogAudioMixer: Display: 	Number of buffers to queue:			  2
[2024.03.18-06.51.04:644][221]LogAudioMixer: Display: 	Max Channels (voices):				  32
[2024.03.18-06.51.04:644][221]LogAudioMixer: Display: 	Number of Async Source Workers:		  0
[2024.03.18-06.51.04:644][221]LogAudio: Display: AudioDevice MaxSources: 32
[2024.03.18-06.51.04:645][221]LogAudio: Display: Audio Spatialization Plugin: None (built-in).
[2024.03.18-06.51.04:645][221]LogAudio: Display: Audio Reverb Plugin: None (built-in).
[2024.03.18-06.51.04:645][221]LogAudio: Display: Audio Occlusion Plugin: None (built-in).
[2024.03.18-06.51.04:645][221]LogAudioMixer: Display: Initializing audio mixer.
[2024.03.18-06.51.04:652][221]LogAudioMixer: Display: 0: FrontLeft
[2024.03.18-06.51.04:652][221]LogAudioMixer: Display: 1: FrontRight
[2024.03.18-06.51.04:658][221]LogAudioMixer: Display: Using Audio Device 扬声器 (Realtek High Definition Audio)
[2024.03.18-06.51.04:658][221]LogAudioMixer: Display: Initializing Sound Submixes...
[2024.03.18-06.51.04:658][221]LogAudioMixer: Display: Creating Master Submix 'MasterSubmixDefault'
[2024.03.18-06.51.04:658][221]LogAudioMixer: Display: Creating Master Submix 'MasterReverbSubmixDefault'
[2024.03.18-06.51.04:659][221]LogAudioMixer: Display: Creating Master Submix 'MasterEQSubmixDefault'
[2024.03.18-06.51.04:659][221]LogAudioMixer: FMixerPlatformXAudio2::StartAudioStream() called
[2024.03.18-06.51.04:659][221]LogAudioMixer: Display: Output buffers initialized: Frames=1024, Channels=2, Samples=2048
[2024.03.18-06.51.04:660][221]LogAudioMixer: Display: Starting AudioMixerPlatformInterface::RunInternal()
[2024.03.18-06.51.04:660][221]LogAudioMixer: Display: FMixerPlatformXAudio2::SubmitBuffer() called for the first time
[2024.03.18-06.51.04:660][221]LogInit: FAudioDevice initialized.
[2024.03.18-06.51.04:660][221]LogAudio: Display: Audio Device (ID: 2) registered with world 'FirstPersonExampleMap'.
[2024.03.18-06.51.04:667][221]LogLoad: Game class is 'BP_GameMode_C'
[2024.03.18-06.51.04:677][221]LogWorld: Bringing World /Game/FirstPersonCPP/Maps/UEDPIE_0_FirstPersonExampleMap.FirstPersonExampleMap up for play (max tick rate 0) at 2024.03.18-14.51.04
[2024.03.18-06.51.04:678][221]LogWorld: Bringing up level for play took: 0.002307
[2024.03.18-06.51.04:679][221]LogOnline: OSS: Creating online subsystem instance for: :Context_3
[2024.03.18-06.51.04:699][221]LogNativeClassHierarchy: Verbose: Native class hierarchy updated for 'MovieSceneCapture' in 0.0003 seconds. Added 20 classes and 0 folders.
[2024.03.18-06.51.04:703][221]LogNet: ReplicationDriverClass is null! Not using ReplicationDriver.
[2024.03.18-06.51.04:703][221]LogNetCore: DDoS detection status: detection enabled: 0 analytics enabled: 0
[2024.03.18-06.51.04:703][221]LogInit: WinSock: Socket queue. Rx: 131072 (config 131072) Tx: 131072 (config 131072)
[2024.03.18-06.51.04:704][221]LogNet: Created socket for bind address: 0.0.0.0 on port 17777
[2024.03.18-06.51.04:704][221]PacketHandlerLog: Loaded PacketHandler component: Engine.EngineHandlerComponentFactory (StatelessConnectHandlerComponent)
[2024.03.18-06.51.04:704][221]LogNet: GameNetDriver IpNetDriver_0 IpNetDriver listening on port 17777
[2024.03.18-06.51.04:704][221]LogGameMode: Display: Match State Changed from EnteringMap to WaitingToStart
[2024.03.18-06.51.04:704][221]LogGameState: Match State Changed from EnteringMap to WaitingToStart
[2024.03.18-06.51.04:704][221]LogGameMode: Display: Match State Changed from WaitingToStart to InProgress
[2024.03.18-06.51.04:716][221]LogGameState: Match State Changed from WaitingToStart to InProgress
[2024.03.18-06.51.04:716][221]PIE: 登陆的服务器
[2024.03.18-06.51.04:717][221]PIE: PIE总开始时间：0.111秒。
