Log file open, 03/17/24 18:19:45
LogWindows: Failed to load 'aqProf.dll' (GetLastError=126)
LogWindows: File 'aqProf.dll' does not exist
LogWindows: Failed to load 'VtuneApi.dll' (GetLastError=126)
LogWindows: File 'VtuneApi.dll' does not exist
LogWindows: Failed to load 'VtuneApi32e.dll' (GetLastError=126)
LogWindows: File 'VtuneApi32e.dll' does not exist
LogConsoleResponse: Display: Failed to find resolution value strings in scalability ini. Falling back to default.
LogConsoleResponse: Display: Failed to find resolution value strings in scalability ini. Falling back to default.
LogInit: Display: Running engine for game: NetShootRewrite
LogPlatformFile: Not using cached read wrapper
LogTaskGraph: Started task graph with 5 named threads and 35 total threads with 3 sets of task threads.
LogStats: Stats thread started at 0.441658
LogICUInternationalization: ICU TimeZone Detection - Raw Offset: +8:00, Platform Override: ''
LogInit: Display: Loading text-based GConfig....
LogPluginManager: Mounting plugin MeshPainting
LogPluginManager: Mounting plugin XGEController
LogPluginManager: Mounting plugin Paper2D
LogPluginManager: Mounting plugin AISupport
LogPluginManager: Mounting plugin EnvironmentQueryEditor
LogPluginManager: Mounting plugin LightPropagationVolume
LogPluginManager: Mounting plugin AnimationSharing
LogPluginManager: Mounting plugin LiveLink
LogPluginManager: Mounting plugin CLionSourceCodeAccess
LogPluginManager: Mounting plugin CodeLiteSourceCodeAccess
LogPluginManager: Mounting plugin GitSourceControl
LogPluginManager: Mounting plugin PerforceSourceControl
LogPluginManager: Mounting plugin NullSourceCodeAccess
LogPluginManager: Mounting plugin KDevelopSourceCodeAccess
LogPluginManager: Mounting plugin PluginUtils
LogPluginManager: Mounting plugin PixWinPlugin
LogPluginManager: Mounting plugin PlasticSourceControl
LogPluginManager: Mounting plugin PropertyAccessNode
LogPluginManager: Mounting plugin RiderSourceCodeAccess
LogPluginManager: Mounting plugin SubversionSourceControl
LogPluginManager: Mounting plugin AlembicImporter
LogPluginManager: Mounting plugin BackChannel
LogPluginManager: Mounting plugin UObjectPlugin
LogPluginManager: Mounting plugin AutomationUtils
LogPluginManager: Mounting plugin VisualStudioCodeSourceCodeAccess
LogPluginManager: Mounting plugin ChaosClothEditor
LogPluginManager: Mounting plugin ChaosCloth
LogPluginManager: Mounting plugin ChaosEditor
LogPluginManager: Mounting plugin ChaosNiagara
LogPluginManager: Mounting plugin ChaosSolverPlugin
LogPluginManager: Mounting plugin CharacterAI
LogPluginManager: Mounting plugin GeometryCache
LogPluginManager: Mounting plugin GeometryCollectionPlugin
LogPluginManager: Mounting plugin VisualStudioSourceCodeAccess
LogPluginManager: Mounting plugin GeometryProcessing
LogPluginManager: Mounting plugin MotoSynth
LogPluginManager: Mounting plugin OpenImageDenoise
LogPluginManager: Mounting plugin PlanarCut
LogPluginManager: Mounting plugin PlatformCrypto
LogPluginManager: Mounting plugin ProxyLODPlugin
LogPluginManager: Mounting plugin PythonScriptPlugin
LogPluginManager: Mounting plugin XCodeSourceCodeAccess
LogPluginManager: Mounting plugin TextureFormatOodle
LogPluginManager: Mounting plugin Niagara
LogPluginManager: Mounting plugin AndroidMedia
LogPluginManager: Mounting plugin AvfMedia
LogPluginManager: Mounting plugin MediaCompositing
LogPluginManager: Mounting plugin SkeletalReduction
LogPluginManager: Mounting plugin MediaPlayerEditor
LogPluginManager: Mounting plugin WebMMedia
LogPluginManager: Mounting plugin WmfMedia
LogPluginManager: Mounting plugin ImgMedia
LogPluginManager: Mounting plugin CameraShakePreviewer
LogPluginManager: Mounting plugin OodleData
LogPluginManager: Mounting plugin OodleNetwork
LogPluginManager: Mounting plugin DatasmithContent
LogPluginManager: Mounting plugin TcpMessaging
LogPluginManager: Mounting plugin UdpMessaging
LogPluginManager: Mounting plugin ActorSequence
LogPluginManager: Mounting plugin GameplayCameras
LogPluginManager: Mounting plugin LevelSequenceEditor
LogPluginManager: Mounting plugin AssetManagerEditor
LogPluginManager: Mounting plugin VariantManagerContent
LogPluginManager: Mounting plugin CurveEditorTools
LogPluginManager: Mounting plugin CryptoKeys
LogPluginManager: Mounting plugin FacialAnimation
LogPluginManager: Mounting plugin GeometryMode
LogPluginManager: Mounting plugin MacGraphicsSwitching
LogPluginManager: Mounting plugin DataValidation
LogPluginManager: Mounting plugin MaterialAnalyzer
LogPluginManager: Mounting plugin MobileLauncherProfileWizard
LogPluginManager: Mounting plugin PluginBrowser
LogPluginManager: Mounting plugin SpeedTreeImporter
LogPluginManager: Mounting plugin LuminPlatformFeatures
LogPluginManager: Mounting plugin MagicLeap
LogPluginManager: Mounting plugin GameplayTagsEditor
LogPluginManager: Mounting plugin MatineeToLevelSequence
LogPluginManager: Mounting plugin TemplateSequence
LogPluginManager: Mounting plugin MagicLeapLightEstimation
LogPluginManager: Mounting plugin MagicLeapMedia
LogPluginManager: Mounting plugin MagicLeapPassableWorld
LogPluginManager: Mounting plugin OnlineSubsystem
LogPluginManager: Mounting plugin MLSDK
LogPluginManager: Mounting plugin OnlineSubsystemUtils
LogPluginManager: Mounting plugin LauncherChunkInstaller
LogPluginManager: Mounting plugin OnlineSubsystemNull
LogPluginManager: Mounting plugin ActorLayerUtilities
LogPluginManager: Mounting plugin ScreenshotTools
LogPluginManager: Mounting plugin AndroidDeviceProfileSelector
LogPluginManager: Mounting plugin Takes
LogPluginManager: Mounting plugin AndroidMoviePlayer
LogPluginManager: Mounting plugin AndroidPermission
LogPluginManager: Mounting plugin AppleMoviePlayer
LogPluginManager: Mounting plugin AssetTags
LogPluginManager: Mounting plugin AppleImageUtils
LogPluginManager: Mounting plugin ArchVisCharacter
LogPluginManager: Mounting plugin AudioCapture
LogPluginManager: Mounting plugin CableComponent
LogPluginManager: Mounting plugin ChunkDownloader
LogPluginManager: Mounting plugin AudioSynesthesia
LogPluginManager: Mounting plugin CustomMeshComponent
LogPluginManager: Mounting plugin EditableMesh
LogPluginManager: Mounting plugin GoogleCloudMessaging
LogPluginManager: Mounting plugin ExampleDeviceProfileSelector
LogPluginManager: Mounting plugin GooglePAD
LogPluginManager: Mounting plugin IOSDeviceProfileSelector
LogPluginManager: Mounting plugin LinuxDeviceProfileSelector
LogPluginManager: Mounting plugin LocationServicesBPLibrary
LogPluginManager: Mounting plugin MobilePatchingUtils
LogPluginManager: Mounting plugin OpenXR
LogPluginManager: Mounting plugin OpenXREyeTracker
LogPluginManager: Mounting plugin OpenXRHandTracking
LogPluginManager: Mounting plugin ProceduralMeshComponent
LogPluginManager: Mounting plugin PostSplashScreen
LogPluginManager: Mounting plugin PhysXVehicles
LogPluginManager: Mounting plugin PropertyAccessEditor
LogPluginManager: Mounting plugin RuntimePhysXCooking
LogPluginManager: Mounting plugin SoundFields
LogPluginManager: Mounting plugin SignificanceManager
LogPluginManager: Mounting plugin Synthesis
LogPluginManager: Mounting plugin WebMMoviePlayer
LogPluginManager: Mounting plugin WindowsMoviePlayer
LogPluginManager: Mounting plugin ContentBrowserAssetDataSource
LogPluginManager: Mounting plugin ContentBrowserFileDataSource
LogPluginManager: Mounting plugin ContentBrowserClassDataSource
LogPluginManager: Mounting plugin RiderLink
LogPluginManager: Mounting plugin OnlineSubsystemGooglePlay
LogPluginManager: Mounting plugin OnlineSubsystemIOS
LogPluginManager: Mounting plugin OculusVR
LogPluginManager: Mounting plugin SteamVR
PixWinPlugin: PIX capture plugin failed to initialize! Check that the process is launched from PIX.
LogInit: Using libcurl 7.55.1-DEV
LogInit:  - built for x86_64-pc-win32
LogInit:  - supports SSL with OpenSSL/1.1.1
LogInit:  - supports HTTP deflate (compression) using libz 1.2.8
LogInit:  - other features:
LogInit:      CURL_VERSION_SSL
LogInit:      CURL_VERSION_LIBZ
LogInit:      CURL_VERSION_IPV6
LogInit:      CURL_VERSION_ASYNCHDNS
LogInit:      CURL_VERSION_LARGEFILE
LogInit:      CURL_VERSION_IDN
LogInit:  CurlRequestOptions (configurable via config and command line):
LogInit:  - bVerifyPeer = true  - Libcurl will verify peer certificate
LogInit:  - bUseHttpProxy = false  - Libcurl will NOT use HTTP proxy
LogInit:  - bDontReuseConnections = false  - Libcurl will reuse connections
LogInit:  - MaxHostConnections = 16  - Libcurl will limit the number of connections to a host
LogInit:  - LocalHostAddr = Default
LogInit:  - BufferSize = 65536
LogOnline: OSS: Creating online subsystem instance for: NULL
LogInit: WinSock: version 1.1 (2.2), MaxSocks=32767, MaxUdp=65467
LogOnline: OSS: TryLoadSubsystemAndSetDefault: Loaded subsystem for module [NULL]
LogOculusPluginWrapper: OculusPlugin initialized successfully
LogHMD: Failed initializing OVRPlugin 1.59.0
LogInit: Build: ++UE4+Release-4.27-CL-0
LogInit: Engine Version: 4.27.2-0+++UE4+Release-4.27
LogInit: Compatible Engine Version: 4.27.0-0+++UE4+Release-4.27
LogInit: Net CL: 0
LogInit: OS: Windows 10 (Release 2009) (), CPU: Intel(R) Core(TM) i7-8700 CPU @ 3.20GHz, GPU: NVIDIA GeForce GTX 1660 Ti
LogInit: Compiled (64-bit): Mar 12 2024 21:46:05
LogInit: Compiled with Visual C++: 19.39.33521.00
LogInit: Build Configuration: Development
LogInit: Branch Name: ++UE4+Release-4.27
LogInit: Command Line: 
LogInit: Base Directory: C:/Program Files (x86)/UE4.27/UnrealEngine-4.27/Engine/Binaries/Win64/
LogInit: Allocator: TBB
LogInit: Installed Engine Build: 0
LogDevObjectVersion: Number of dev versions registered: 29
LogDevObjectVersion:   Dev-Blueprints (B0D832E4-1F89-4F0D-ACCF-7EB736FD4AA2): 10
LogDevObjectVersion:   Dev-Build (E1C64328-A22C-4D53-A36C-8E866417BD8C): 0
LogDevObjectVersion:   Dev-Core (375EC13C-06E4-48FB-B500-84F0262A717E): 4
LogDevObjectVersion:   Dev-Editor (E4B068ED-F494-42E9-A231-DA0B2E46BB41): 40
LogDevObjectVersion:   Dev-Framework (CFFC743F-43B0-4480-9391-14DF171D2073): 37
LogDevObjectVersion:   Dev-Mobile (B02B49B5-BB20-44E9-A304-32B752E40360): 3
LogDevObjectVersion:   Dev-Networking (A4E4105C-59A1-49B5-A7C5-40C4547EDFEE): 0
LogDevObjectVersion:   Dev-Online (39C831C9-5AE6-47DC-9A44-9C173E1C8E7C): 0
LogDevObjectVersion:   Dev-Physics (78F01B33-EBEA-4F98-B9B4-84EACCB95AA2): 14
LogDevObjectVersion:   Dev-Platform (6631380F-2D4D-43E0-8009-CF276956A95A): 0
LogDevObjectVersion:   Dev-Rendering (12F88B9F-8875-4AFC-A67C-D90C383ABD29): 45
LogDevObjectVersion:   Dev-Sequencer (7B5AE74C-D270-4C10-A958-57980B212A5A): 13
LogDevObjectVersion:   Dev-VR (D7296918-1DD6-4BDD-9DE2-64A83CC13884): 3
LogDevObjectVersion:   Dev-LoadTimes (C2A15278-BFE7-4AFE-6C17-90FF531DF755): 1
LogDevObjectVersion:   Private-Geometry (6EACA3D4-40EC-4CC1-B786-8BED09428FC5): 3
LogDevObjectVersion:   Dev-AnimPhys (29E575DD-E0A3-4627-9D10-D276232CDCEA): 17
LogDevObjectVersion:   Dev-Anim (AF43A65D-7FD3-4947-9873-3E8ED9C1BB05): 15
LogDevObjectVersion:   Dev-ReflectionCapture (6B266CEC-1EC7-4B8F-A30B-E4D90942FC07): 1
LogDevObjectVersion:   Dev-Automation (0DF73D61-A23F-47EA-B727-89E90C41499A): 1
LogDevObjectVersion:   FortniteMain (601D1886-AC64-4F84-AA16-D3DE0DEAC7D6): 47
LogDevObjectVersion:   FortniteRelease (E7086368-6B23-4C58-8439-1B7016265E91): 1
LogDevObjectVersion:   Dev-Enterprise (9DFFBCD6-494F-0158-E221-12823C92A888): 10
LogDevObjectVersion:   Dev-Niagara (F2AED0AC-9AFE-416F-8664-AA7FFA26D6FC): 1
LogDevObjectVersion:   Dev-Destruction (174F1F0B-B4C6-45A5-B13F-2EE8D0FB917D): 10
LogDevObjectVersion:   Dev-Physics-Ext (35F94A83-E258-406C-A318-09F59610247C): 41
LogDevObjectVersion:   Dev-PhysicsMaterial-Chaos (B68FC16E-8B1B-42E2-B453-215C058844FE): 1
LogDevObjectVersion:   Dev-CineCamera (B2E18506-4273-CFC2-A54E-F4BB758BBA07): 1
LogDevObjectVersion:   Dev-VirtualProduction (64F58936-FD1B-42BA-BA96-7289D5D0FA4E): 1
LogDevObjectVersion:   Dev-MediaFramework (6F0ED827-A609-4895-9C91-998D90180EA4): 2
LogInit: Presizing for max 25165824 objects, including 0 objects not considered by GC, pre-allocating 0 bytes for permanent pool.
LogConfig: Applying CVar settings from Section [/Script/Engine.StreamingSettings] File [D:/GitHub/NetShootRewrite/Saved/Config/Windows/Engine.ini]
LogConfig: Setting CVar [[s.MinBulkDataSizeForAsyncLoading:131072]]
LogConfig: Setting CVar [[s.AsyncLoadingThreadEnabled:0]]
LogConfig: Setting CVar [[s.EventDrivenLoaderEnabled:1]]
LogConfig: Setting CVar [[s.WarnIfTimeLimitExceeded:0]]
LogConfig: Setting CVar [[s.TimeLimitExceededMultiplier:1.5]]
LogConfig: Setting CVar [[s.TimeLimitExceededMinTime:0.005]]
LogConfig: Setting CVar [[s.UseBackgroundLevelStreaming:1]]
LogConfig: Setting CVar [[s.PriorityAsyncLoadingExtraTime:15.0]]
LogConfig: Setting CVar [[s.LevelStreamingActorsUpdateTimeLimit:5.0]]
LogConfig: Setting CVar [[s.PriorityLevelStreamingActorsUpdateExtraTime:5.0]]
LogConfig: Setting CVar [[s.LevelStreamingComponentsRegistrationGranularity:10]]
LogConfig: Setting CVar [[s.UnregisterComponentsTimeLimit:1.0]]
LogConfig: Setting CVar [[s.LevelStreamingComponentsUnregistrationGranularity:5]]
LogConfig: Setting CVar [[s.FlushStreamingOnExit:1]]
LogInit: Object subsystem initialized
LogConfig: Setting CVar [[con.DebugEarlyDefault:1]]
LogConfig: Setting CVar [[r.setres:1280x720]]
[2024.03.17-10.19.47:208][  0]LogConfig: Setting CVar [[r.VSync:0]]
[2024.03.17-10.19.47:208][  0]LogConfig: Setting CVar [[r.RHICmdBypass:0]]
[2024.03.17-10.19.47:209][  0]LogConfig: Applying CVar settings from Section [/Script/Engine.RendererSettings] File [D:/GitHub/NetShootRewrite/Saved/Config/Windows/Engine.ini]
[2024.03.17-10.19.47:209][  0]LogConfig: Setting CVar [[r.GPUCrashDebugging:0]]
[2024.03.17-10.19.47:209][  0]LogConfig: Applying CVar settings from Section [/Script/Engine.RendererOverrideSettings] File [D:/GitHub/NetShootRewrite/Saved/Config/Windows/Engine.ini]
[2024.03.17-10.19.47:209][  0]LogConfig: Applying CVar settings from Section [/Script/Engine.StreamingSettings] File [D:/GitHub/NetShootRewrite/Saved/Config/Windows/Engine.ini]
[2024.03.17-10.19.47:209][  0]LogConfig: Setting CVar [[s.MinBulkDataSizeForAsyncLoading:131072]]
[2024.03.17-10.19.47:209][  0]LogConfig: Setting CVar [[s.AsyncLoadingThreadEnabled:0]]
[2024.03.17-10.19.47:209][  0]LogConfig: Setting CVar [[s.EventDrivenLoaderEnabled:1]]
[2024.03.17-10.19.47:209][  0]LogConfig: Setting CVar [[s.WarnIfTimeLimitExceeded:0]]
[2024.03.17-10.19.47:209][  0]LogConfig: Setting CVar [[s.TimeLimitExceededMultiplier:1.5]]
[2024.03.17-10.19.47:209][  0]LogConfig: Setting CVar [[s.TimeLimitExceededMinTime:0.005]]
[2024.03.17-10.19.47:209][  0]LogConfig: Setting CVar [[s.UseBackgroundLevelStreaming:1]]
[2024.03.17-10.19.47:209][  0]LogConfig: Setting CVar [[s.PriorityAsyncLoadingExtraTime:15.0]]
[2024.03.17-10.19.47:209][  0]LogConfig: Setting CVar [[s.LevelStreamingActorsUpdateTimeLimit:5.0]]
[2024.03.17-10.19.47:209][  0]LogConfig: Setting CVar [[s.PriorityLevelStreamingActorsUpdateExtraTime:5.0]]
[2024.03.17-10.19.47:209][  0]LogConfig: Setting CVar [[s.LevelStreamingComponentsRegistrationGranularity:10]]
[2024.03.17-10.19.47:209][  0]LogConfig: Setting CVar [[s.UnregisterComponentsTimeLimit:1.0]]
[2024.03.17-10.19.47:209][  0]LogConfig: Setting CVar [[s.LevelStreamingComponentsUnregistrationGranularity:5]]
[2024.03.17-10.19.47:209][  0]LogConfig: Setting CVar [[s.FlushStreamingOnExit:1]]
[2024.03.17-10.19.47:209][  0]LogConfig: Applying CVar settings from Section [/Script/Engine.GarbageCollectionSettings] File [D:/GitHub/NetShootRewrite/Saved/Config/Windows/Engine.ini]
[2024.03.17-10.19.47:209][  0]LogConfig: Setting CVar [[gc.MaxObjectsNotConsideredByGC:1]]
[2024.03.17-10.19.47:209][  0]LogConfig: Setting CVar [[gc.SizeOfPermanentObjectPool:0]]
[2024.03.17-10.19.47:209][  0]LogConfig: Setting CVar [[gc.FlushStreamingOnGC:0]]
[2024.03.17-10.19.47:209][  0]LogConfig: Setting CVar [[gc.NumRetriesBeforeForcingGC:10]]
[2024.03.17-10.19.47:209][  0]LogConfig: Setting CVar [[gc.AllowParallelGC:1]]
[2024.03.17-10.19.47:209][  0]LogConfig: Setting CVar [[gc.TimeBetweenPurgingPendingKillObjects:61.1]]
[2024.03.17-10.19.47:209][  0]LogConfig: Setting CVar [[gc.MaxObjectsInEditor:25165824]]
[2024.03.17-10.19.47:209][  0]LogConfig: Setting CVar [[gc.IncrementalBeginDestroyEnabled:1]]
[2024.03.17-10.19.47:209][  0]LogConfig: Setting CVar [[gc.CreateGCClusters:1]]
[2024.03.17-10.19.47:209][  0]LogConfig: Setting CVar [[gc.MinGCClusterSize:5]]
[2024.03.17-10.19.47:209][  0]LogConfig: Setting CVar [[gc.ActorClusteringEnabled:0]]
[2024.03.17-10.19.47:209][  0]LogConfig: Setting CVar [[gc.BlueprintClusteringEnabled:0]]
[2024.03.17-10.19.47:209][  0]LogConfig: Setting CVar [[gc.UseDisregardForGCOnDedicatedServers:0]]
[2024.03.17-10.19.47:209][  0]LogConfig: Setting CVar [[gc.MultithreadedDestructionEnabled:1]]
[2024.03.17-10.19.47:209][  0]LogConfig: Applying CVar settings from Section [/Script/Engine.NetworkSettings] File [D:/GitHub/NetShootRewrite/Saved/Config/Windows/Engine.ini]
[2024.03.17-10.19.47:210][  0]LogConfig: Applying CVar settings from Section [/Script/UnrealEd.CookerSettings] File [D:/GitHub/NetShootRewrite/Saved/Config/Windows/Engine.ini]
[2024.03.17-10.19.47:270][  0]LogConfig: Applying CVar settings from Section [ViewDistanceQuality@3] File [D:/GitHub/NetShootRewrite/Saved/Config/Windows/Scalability.ini]
[2024.03.17-10.19.47:270][  0]LogConfig: Setting CVar [[r.SkeletalMeshLODBias:0]]
[2024.03.17-10.19.47:270][  0]LogConfig: Setting CVar [[r.ViewDistanceScale:1.0]]
[2024.03.17-10.19.47:270][  0]LogConfig: Applying CVar settings from Section [AntiAliasingQuality@3] File [D:/GitHub/NetShootRewrite/Saved/Config/Windows/Scalability.ini]
[2024.03.17-10.19.47:270][  0]LogConfig: Setting CVar [[r.PostProcessAAQuality:4]]
[2024.03.17-10.19.47:270][  0]LogConfig: Applying CVar settings from Section [ShadowQuality@3] File [D:/GitHub/NetShootRewrite/Saved/Config/Windows/Scalability.ini]
[2024.03.17-10.19.47:270][  0]LogConfig: Setting CVar [[r.LightFunctionQuality:1]]
[2024.03.17-10.19.47:270][  0]LogConfig: Setting CVar [[r.ShadowQuality:5]]
[2024.03.17-10.19.47:270][  0]LogConfig: Setting CVar [[r.Shadow.CSM.MaxCascades:10]]
[2024.03.17-10.19.47:270][  0]LogConfig: Setting CVar [[r.Shadow.MaxResolution:2048]]
[2024.03.17-10.19.47:270][  0]LogConfig: Setting CVar [[r.Shadow.MaxCSMResolution:2048]]
[2024.03.17-10.19.47:270][  0]LogConfig: Setting CVar [[r.Shadow.RadiusThreshold:0.01]]
[2024.03.17-10.19.47:270][  0]LogConfig: Setting CVar [[r.Shadow.DistanceScale:1.0]]
[2024.03.17-10.19.47:270][  0]LogConfig: Setting CVar [[r.Shadow.CSM.TransitionScale:1.0]]
[2024.03.17-10.19.47:270][  0]LogConfig: Setting CVar [[r.Shadow.PreShadowResolutionFactor:1.0]]
[2024.03.17-10.19.47:270][  0]LogConfig: Setting CVar [[r.DistanceFieldShadowing:1]]
[2024.03.17-10.19.47:270][  0]LogConfig: Setting CVar [[r.DistanceFieldAO:1]]
[2024.03.17-10.19.47:270][  0]LogConfig: Setting CVar [[r.AOQuality:2]]
[2024.03.17-10.19.47:270][  0]LogConfig: Setting CVar [[r.VolumetricFog:1]]
[2024.03.17-10.19.47:270][  0]LogConfig: Setting CVar [[r.VolumetricFog.GridPixelSize:8]]
[2024.03.17-10.19.47:270][  0]LogConfig: Setting CVar [[r.VolumetricFog.GridSizeZ:128]]
[2024.03.17-10.19.47:270][  0]LogConfig: Setting CVar [[r.VolumetricFog.HistoryMissSupersampleCount:4]]
[2024.03.17-10.19.47:270][  0]LogConfig: Setting CVar [[r.LightMaxDrawDistanceScale:1]]
[2024.03.17-10.19.47:270][  0]LogConfig: Setting CVar [[r.CapsuleShadows:1]]
[2024.03.17-10.19.47:270][  0]LogConfig: Applying CVar settings from Section [PostProcessQuality@3] File [D:/GitHub/NetShootRewrite/Saved/Config/Windows/Scalability.ini]
[2024.03.17-10.19.47:270][  0]LogConfig: Setting CVar [[r.MotionBlurQuality:4]]
[2024.03.17-10.19.47:270][  0]LogConfig: Setting CVar [[r.AmbientOcclusionMipLevelFactor:0.4]]
[2024.03.17-10.19.47:270][  0]LogConfig: Setting CVar [[r.AmbientOcclusionMaxQuality:100]]
[2024.03.17-10.19.47:270][  0]LogConfig: Setting CVar [[r.AmbientOcclusionLevels:-1]]
[2024.03.17-10.19.47:270][  0]LogConfig: Setting CVar [[r.AmbientOcclusionRadiusScale:1.0]]
[2024.03.17-10.19.47:270][  0]LogConfig: Setting CVar [[r.DepthOfFieldQuality:2]]
[2024.03.17-10.19.47:270][  0]LogConfig: Setting CVar [[r.RenderTargetPoolMin:400]]
[2024.03.17-10.19.47:270][  0]LogConfig: Setting CVar [[r.LensFlareQuality:2]]
[2024.03.17-10.19.47:270][  0]LogConfig: Setting CVar [[r.SceneColorFringeQuality:1]]
[2024.03.17-10.19.47:270][  0]LogConfig: Setting CVar [[r.EyeAdaptationQuality:2]]
[2024.03.17-10.19.47:270][  0]LogConfig: Setting CVar [[r.BloomQuality:5]]
[2024.03.17-10.19.47:270][  0]LogConfig: Setting CVar [[r.FastBlurThreshold:100]]
[2024.03.17-10.19.47:270][  0]LogConfig: Setting CVar [[r.Upscale.Quality:3]]
[2024.03.17-10.19.47:270][  0]LogConfig: Setting CVar [[r.Tonemapper.GrainQuantization:1]]
[2024.03.17-10.19.47:270][  0]LogConfig: Setting CVar [[r.LightShaftQuality:1]]
[2024.03.17-10.19.47:270][  0]LogConfig: Setting CVar [[r.Filter.SizeScale:1]]
[2024.03.17-10.19.47:270][  0]LogConfig: Setting CVar [[r.Tonemapper.Quality:5]]
[2024.03.17-10.19.47:270][  0]LogConfig: Setting CVar [[r.DOF.Gather.AccumulatorQuality:1        ; higher gathering accumulator quality]]
[2024.03.17-10.19.47:270][  0]LogConfig: Setting CVar [[r.DOF.Gather.PostfilterMethod:1          ; Median3x3 postfilering method]]
[2024.03.17-10.19.47:270][  0]LogConfig: Setting CVar [[r.DOF.Gather.EnableBokehSettings:0       ; no bokeh simulation when gathering]]
[2024.03.17-10.19.47:270][  0]LogConfig: Setting CVar [[r.DOF.Gather.RingCount:4                 ; medium number of samples when gathering]]
[2024.03.17-10.19.47:270][  0]LogConfig: Setting CVar [[r.DOF.Scatter.ForegroundCompositing:1    ; additive foreground scattering]]
[2024.03.17-10.19.47:270][  0]LogConfig: Setting CVar [[r.DOF.Scatter.BackgroundCompositing:2    ; additive background scattering]]
[2024.03.17-10.19.47:270][  0]LogConfig: Setting CVar [[r.DOF.Scatter.EnableBokehSettings:1      ; bokeh simulation when scattering]]
[2024.03.17-10.19.47:270][  0]LogConfig: Setting CVar [[r.DOF.Scatter.MaxSpriteRatio:0.1         ; only a maximum of 10% of scattered bokeh]]
[2024.03.17-10.19.47:270][  0]LogConfig: Setting CVar [[r.DOF.Recombine.Quality:1                ; cheap slight out of focus]]
[2024.03.17-10.19.47:270][  0]LogConfig: Setting CVar [[r.DOF.Recombine.EnableBokehSettings:0    ; no bokeh simulation on slight out of focus]]
[2024.03.17-10.19.47:270][  0]LogConfig: Setting CVar [[r.DOF.TemporalAAQuality:1                ; more stable temporal accumulation]]
[2024.03.17-10.19.47:270][  0]LogConfig: Setting CVar [[r.DOF.Kernel.MaxForegroundRadius:0.025]]
[2024.03.17-10.19.47:270][  0]LogConfig: Setting CVar [[r.DOF.Kernel.MaxBackgroundRadius:0.025]]
[2024.03.17-10.19.47:270][  0]LogConfig: Applying CVar settings from Section [TextureQuality@3] File [D:/GitHub/NetShootRewrite/Saved/Config/Windows/Scalability.ini]
[2024.03.17-10.19.47:270][  0]LogConfig: Setting CVar [[r.Streaming.MipBias:0]]
[2024.03.17-10.19.47:270][  0]LogConfig: Setting CVar [[r.Streaming.AmortizeCPUToGPUCopy:0]]
[2024.03.17-10.19.47:270][  0]LogConfig: Setting CVar [[r.Streaming.MaxNumTexturesToStreamPerFrame:0]]
[2024.03.17-10.19.47:270][  0]LogConfig: Setting CVar [[r.Streaming.Boost:1]]
[2024.03.17-10.19.47:270][  0]LogConfig: Setting CVar [[r.MaxAnisotropy:8]]
[2024.03.17-10.19.47:270][  0]LogConfig: Setting CVar [[r.VT.MaxAnisotropy:8]]
[2024.03.17-10.19.47:270][  0]LogConfig: Setting CVar [[r.Streaming.LimitPoolSizeToVRAM:0]]
[2024.03.17-10.19.47:270][  0]LogConfig: Setting CVar [[r.Streaming.PoolSize:1000]]
[2024.03.17-10.19.47:270][  0]LogConfig: Setting CVar [[r.Streaming.MaxEffectiveScreenSize:0]]
[2024.03.17-10.19.47:271][  0]LogConfig: Applying CVar settings from Section [EffectsQuality@3] File [D:/GitHub/NetShootRewrite/Saved/Config/Windows/Scalability.ini]
[2024.03.17-10.19.47:271][  0]LogConfig: Setting CVar [[r.TranslucencyLightingVolumeDim:64]]
[2024.03.17-10.19.47:271][  0]LogConfig: Setting CVar [[r.RefractionQuality:2]]
[2024.03.17-10.19.47:271][  0]LogConfig: Setting CVar [[r.SSR.Quality:3]]
[2024.03.17-10.19.47:271][  0]LogConfig: Setting CVar [[r.SSR.HalfResSceneColor:0]]
[2024.03.17-10.19.47:271][  0]LogConfig: Setting CVar [[r.SceneColorFormat:4]]
[2024.03.17-10.19.47:271][  0]LogConfig: Setting CVar [[r.DetailMode:2]]
[2024.03.17-10.19.47:271][  0]LogConfig: Setting CVar [[r.TranslucencyVolumeBlur:1]]
[2024.03.17-10.19.47:271][  0]LogConfig: Setting CVar [[r.MaterialQualityLevel:1 ; High quality]]
[2024.03.17-10.19.47:271][  0]LogConfig: Setting CVar [[r.AnisotropicMaterials:1]]
[2024.03.17-10.19.47:271][  0]LogConfig: Setting CVar [[r.SSS.Scale:1]]
[2024.03.17-10.19.47:271][  0]LogConfig: Setting CVar [[r.SSS.SampleSet:2]]
[2024.03.17-10.19.47:271][  0]LogConfig: Setting CVar [[r.SSS.Quality:1]]
[2024.03.17-10.19.47:271][  0]LogConfig: Setting CVar [[r.SSS.HalfRes:0]]
[2024.03.17-10.19.47:271][  0]LogConfig: Setting CVar [[r.SSGI.Quality:3]]
[2024.03.17-10.19.47:271][  0]LogConfig: Setting CVar [[r.EmitterSpawnRateScale:1.0]]
[2024.03.17-10.19.47:271][  0]LogConfig: Setting CVar [[r.ParticleLightQuality:2]]
[2024.03.17-10.19.47:271][  0]LogConfig: Setting CVar [[r.SkyAtmosphere.AerialPerspectiveLUT.FastApplyOnOpaque:1 ; Always have FastSkyLUT 1 in this case to avoid wrong sky]]
[2024.03.17-10.19.47:271][  0]LogConfig: Setting CVar [[r.SkyAtmosphere.AerialPerspectiveLUT.SampleCountMaxPerSlice:4]]
[2024.03.17-10.19.47:271][  0]LogConfig: Setting CVar [[r.SkyAtmosphere.AerialPerspectiveLUT.DepthResolution:16.0]]
[2024.03.17-10.19.47:271][  0]LogConfig: Setting CVar [[r.SkyAtmosphere.FastSkyLUT:1]]
[2024.03.17-10.19.47:271][  0]LogConfig: Setting CVar [[r.SkyAtmosphere.FastSkyLUT.SampleCountMin:4.0]]
[2024.03.17-10.19.47:271][  0]LogConfig: Setting CVar [[r.SkyAtmosphere.FastSkyLUT.SampleCountMax:128.0]]
[2024.03.17-10.19.47:271][  0]LogConfig: Setting CVar [[r.SkyAtmosphere.SampleCountMin:4.0]]
[2024.03.17-10.19.47:271][  0]LogConfig: Setting CVar [[r.SkyAtmosphere.SampleCountMax:128.0]]
[2024.03.17-10.19.47:271][  0]LogConfig: Setting CVar [[r.SkyAtmosphere.TransmittanceLUT.UseSmallFormat:0]]
[2024.03.17-10.19.47:271][  0]LogConfig: Setting CVar [[r.SkyAtmosphere.TransmittanceLUT.SampleCount:10.0]]
[2024.03.17-10.19.47:271][  0]LogConfig: Setting CVar [[r.SkyAtmosphere.MultiScatteringLUT.SampleCount:15.0]]
[2024.03.17-10.19.47:271][  0]LogConfig: Setting CVar [[r.SkyLight.RealTimeReflectionCapture:1]]
[2024.03.17-10.19.47:271][  0]LogConfig: Applying CVar settings from Section [FoliageQuality@3] File [D:/GitHub/NetShootRewrite/Saved/Config/Windows/Scalability.ini]
[2024.03.17-10.19.47:271][  0]LogConfig: Setting CVar [[foliage.DensityScale:1.0]]
[2024.03.17-10.19.47:271][  0]LogConfig: Setting CVar [[grass.DensityScale:1.0]]
[2024.03.17-10.19.47:271][  0]LogConfig: Applying CVar settings from Section [ShadingQuality@3] File [D:/GitHub/NetShootRewrite/Saved/Config/Windows/Scalability.ini]
[2024.03.17-10.19.47:271][  0]LogConfig: Setting CVar [[r.HairStrands.SkyLighting.IntegrationType:2]]
[2024.03.17-10.19.47:271][  0]LogConfig: Setting CVar [[r.HairStrands.SkyAO.SampleCount:4]]
[2024.03.17-10.19.47:271][  0]LogConfig: Setting CVar [[r.HairStrands.Visibility.MSAA.SamplePerPixel:4]]
[2024.03.17-10.19.47:272][  0]LogInit: Selected Device Profile: [Windows]
[2024.03.17-10.19.47:272][  0]LogInit: Applying CVar settings loaded from the selected device profile: [Windows]
[2024.03.17-10.19.47:273][  0]LogHAL: Display: Platform has ~ 16 GB [17105735680 / 17179869184 / 16], which maps to Larger [LargestMinGB=32, LargerMinGB=12, DefaultMinGB=8, SmallerMinGB=6, SmallestMinGB=0)
[2024.03.17-10.19.47:273][  0]LogInit: Going up to parent DeviceProfile []
[2024.03.17-10.19.47:273][  0]LogConfig: Applying CVar settings from Section [ViewDistanceQuality@3] File [D:/GitHub/NetShootRewrite/Saved/Config/Windows/Scalability.ini]
[2024.03.17-10.19.47:273][  0]LogConfig: Setting CVar [[r.SkeletalMeshLODBias:0]]
[2024.03.17-10.19.47:273][  0]LogConfig: Setting CVar [[r.ViewDistanceScale:1.0]]
[2024.03.17-10.19.47:273][  0]LogConfig: Applying CVar settings from Section [AntiAliasingQuality@3] File [D:/GitHub/NetShootRewrite/Saved/Config/Windows/Scalability.ini]
[2024.03.17-10.19.47:273][  0]LogConfig: Setting CVar [[r.PostProcessAAQuality:4]]
[2024.03.17-10.19.47:274][  0]LogConfig: Applying CVar settings from Section [ShadowQuality@3] File [D:/GitHub/NetShootRewrite/Saved/Config/Windows/Scalability.ini]
[2024.03.17-10.19.47:274][  0]LogConfig: Setting CVar [[r.LightFunctionQuality:1]]
[2024.03.17-10.19.47:274][  0]LogConfig: Setting CVar [[r.ShadowQuality:5]]
[2024.03.17-10.19.47:274][  0]LogConfig: Setting CVar [[r.Shadow.CSM.MaxCascades:10]]
[2024.03.17-10.19.47:274][  0]LogConfig: Setting CVar [[r.Shadow.MaxResolution:2048]]
[2024.03.17-10.19.47:274][  0]LogConfig: Setting CVar [[r.Shadow.MaxCSMResolution:2048]]
[2024.03.17-10.19.47:274][  0]LogConfig: Setting CVar [[r.Shadow.RadiusThreshold:0.01]]
[2024.03.17-10.19.47:274][  0]LogConfig: Setting CVar [[r.Shadow.DistanceScale:1.0]]
[2024.03.17-10.19.47:274][  0]LogConfig: Setting CVar [[r.Shadow.CSM.TransitionScale:1.0]]
[2024.03.17-10.19.47:274][  0]LogConfig: Setting CVar [[r.Shadow.PreShadowResolutionFactor:1.0]]
[2024.03.17-10.19.47:274][  0]LogConfig: Setting CVar [[r.DistanceFieldShadowing:1]]
[2024.03.17-10.19.47:274][  0]LogConfig: Setting CVar [[r.DistanceFieldAO:1]]
[2024.03.17-10.19.47:274][  0]LogConfig: Setting CVar [[r.AOQuality:2]]
[2024.03.17-10.19.47:274][  0]LogConfig: Setting CVar [[r.VolumetricFog:1]]
[2024.03.17-10.19.47:274][  0]LogConfig: Setting CVar [[r.VolumetricFog.GridPixelSize:8]]
[2024.03.17-10.19.47:274][  0]LogConfig: Setting CVar [[r.VolumetricFog.GridSizeZ:128]]
[2024.03.17-10.19.47:274][  0]LogConfig: Setting CVar [[r.VolumetricFog.HistoryMissSupersampleCount:4]]
[2024.03.17-10.19.47:274][  0]LogConfig: Setting CVar [[r.LightMaxDrawDistanceScale:1]]
[2024.03.17-10.19.47:274][  0]LogConfig: Setting CVar [[r.CapsuleShadows:1]]
[2024.03.17-10.19.47:274][  0]LogConfig: Applying CVar settings from Section [PostProcessQuality@3] File [D:/GitHub/NetShootRewrite/Saved/Config/Windows/Scalability.ini]
[2024.03.17-10.19.47:274][  0]LogConfig: Setting CVar [[r.MotionBlurQuality:4]]
[2024.03.17-10.19.47:274][  0]LogConfig: Setting CVar [[r.AmbientOcclusionMipLevelFactor:0.4]]
[2024.03.17-10.19.47:274][  0]LogConfig: Setting CVar [[r.AmbientOcclusionMaxQuality:100]]
[2024.03.17-10.19.47:274][  0]LogConfig: Setting CVar [[r.AmbientOcclusionLevels:-1]]
[2024.03.17-10.19.47:274][  0]LogConfig: Setting CVar [[r.AmbientOcclusionRadiusScale:1.0]]
[2024.03.17-10.19.47:274][  0]LogConfig: Setting CVar [[r.DepthOfFieldQuality:2]]
[2024.03.17-10.19.47:274][  0]LogConfig: Setting CVar [[r.RenderTargetPoolMin:400]]
[2024.03.17-10.19.47:274][  0]LogConfig: Setting CVar [[r.LensFlareQuality:2]]
[2024.03.17-10.19.47:274][  0]LogConfig: Setting CVar [[r.SceneColorFringeQuality:1]]
[2024.03.17-10.19.47:274][  0]LogConfig: Setting CVar [[r.EyeAdaptationQuality:2]]
[2024.03.17-10.19.47:274][  0]LogConfig: Setting CVar [[r.BloomQuality:5]]
[2024.03.17-10.19.47:274][  0]LogConfig: Setting CVar [[r.FastBlurThreshold:100]]
[2024.03.17-10.19.47:274][  0]LogConfig: Setting CVar [[r.Upscale.Quality:3]]
[2024.03.17-10.19.47:274][  0]LogConfig: Setting CVar [[r.Tonemapper.GrainQuantization:1]]
[2024.03.17-10.19.47:274][  0]LogConfig: Setting CVar [[r.LightShaftQuality:1]]
[2024.03.17-10.19.47:274][  0]LogConfig: Setting CVar [[r.Filter.SizeScale:1]]
[2024.03.17-10.19.47:274][  0]LogConfig: Setting CVar [[r.Tonemapper.Quality:5]]
[2024.03.17-10.19.47:274][  0]LogConfig: Setting CVar [[r.DOF.Gather.AccumulatorQuality:1        ; higher gathering accumulator quality]]
[2024.03.17-10.19.47:274][  0]LogConfig: Setting CVar [[r.DOF.Gather.PostfilterMethod:1          ; Median3x3 postfilering method]]
[2024.03.17-10.19.47:274][  0]LogConfig: Setting CVar [[r.DOF.Gather.EnableBokehSettings:0       ; no bokeh simulation when gathering]]
[2024.03.17-10.19.47:274][  0]LogConfig: Setting CVar [[r.DOF.Gather.RingCount:4                 ; medium number of samples when gathering]]
[2024.03.17-10.19.47:274][  0]LogConfig: Setting CVar [[r.DOF.Scatter.ForegroundCompositing:1    ; additive foreground scattering]]
[2024.03.17-10.19.47:274][  0]LogConfig: Setting CVar [[r.DOF.Scatter.BackgroundCompositing:2    ; additive background scattering]]
[2024.03.17-10.19.47:274][  0]LogConfig: Setting CVar [[r.DOF.Scatter.EnableBokehSettings:1      ; bokeh simulation when scattering]]
[2024.03.17-10.19.47:274][  0]LogConfig: Setting CVar [[r.DOF.Scatter.MaxSpriteRatio:0.1         ; only a maximum of 10% of scattered bokeh]]
[2024.03.17-10.19.47:274][  0]LogConfig: Setting CVar [[r.DOF.Recombine.Quality:1                ; cheap slight out of focus]]
[2024.03.17-10.19.47:274][  0]LogConfig: Setting CVar [[r.DOF.Recombine.EnableBokehSettings:0    ; no bokeh simulation on slight out of focus]]
[2024.03.17-10.19.47:274][  0]LogConfig: Setting CVar [[r.DOF.TemporalAAQuality:1                ; more stable temporal accumulation]]
[2024.03.17-10.19.47:274][  0]LogConfig: Setting CVar [[r.DOF.Kernel.MaxForegroundRadius:0.025]]
[2024.03.17-10.19.47:274][  0]LogConfig: Setting CVar [[r.DOF.Kernel.MaxBackgroundRadius:0.025]]
[2024.03.17-10.19.47:274][  0]LogConfig: Applying CVar settings from Section [TextureQuality@3] File [D:/GitHub/NetShootRewrite/Saved/Config/Windows/Scalability.ini]
[2024.03.17-10.19.47:274][  0]LogConfig: Setting CVar [[r.Streaming.MipBias:0]]
[2024.03.17-10.19.47:274][  0]LogConfig: Setting CVar [[r.Streaming.AmortizeCPUToGPUCopy:0]]
[2024.03.17-10.19.47:274][  0]LogConfig: Setting CVar [[r.Streaming.MaxNumTexturesToStreamPerFrame:0]]
[2024.03.17-10.19.47:274][  0]LogConfig: Setting CVar [[r.Streaming.Boost:1]]
[2024.03.17-10.19.47:274][  0]LogConfig: Setting CVar [[r.MaxAnisotropy:8]]
[2024.03.17-10.19.47:274][  0]LogConfig: Setting CVar [[r.VT.MaxAnisotropy:8]]
[2024.03.17-10.19.47:274][  0]LogConfig: Setting CVar [[r.Streaming.LimitPoolSizeToVRAM:0]]
[2024.03.17-10.19.47:274][  0]LogConfig: Setting CVar [[r.Streaming.PoolSize:1000]]
[2024.03.17-10.19.47:274][  0]LogConfig: Setting CVar [[r.Streaming.MaxEffectiveScreenSize:0]]
[2024.03.17-10.19.47:274][  0]LogConfig: Applying CVar settings from Section [EffectsQuality@3] File [D:/GitHub/NetShootRewrite/Saved/Config/Windows/Scalability.ini]
[2024.03.17-10.19.47:274][  0]LogConfig: Setting CVar [[r.TranslucencyLightingVolumeDim:64]]
[2024.03.17-10.19.47:274][  0]LogConfig: Setting CVar [[r.RefractionQuality:2]]
[2024.03.17-10.19.47:274][  0]LogConfig: Setting CVar [[r.SSR.Quality:3]]
[2024.03.17-10.19.47:274][  0]LogConfig: Setting CVar [[r.SSR.HalfResSceneColor:0]]
[2024.03.17-10.19.47:274][  0]LogConfig: Setting CVar [[r.SceneColorFormat:4]]
[2024.03.17-10.19.47:274][  0]LogConfig: Setting CVar [[r.DetailMode:2]]
[2024.03.17-10.19.47:274][  0]LogConfig: Setting CVar [[r.TranslucencyVolumeBlur:1]]
[2024.03.17-10.19.47:274][  0]LogConfig: Setting CVar [[r.MaterialQualityLevel:1 ; High quality]]
[2024.03.17-10.19.47:274][  0]LogConfig: Setting CVar [[r.AnisotropicMaterials:1]]
[2024.03.17-10.19.47:274][  0]LogConfig: Setting CVar [[r.SSS.Scale:1]]
[2024.03.17-10.19.47:274][  0]LogConfig: Setting CVar [[r.SSS.SampleSet:2]]
[2024.03.17-10.19.47:274][  0]LogConfig: Setting CVar [[r.SSS.Quality:1]]
[2024.03.17-10.19.47:274][  0]LogConfig: Setting CVar [[r.SSS.HalfRes:0]]
[2024.03.17-10.19.47:274][  0]LogConfig: Setting CVar [[r.SSGI.Quality:3]]
[2024.03.17-10.19.47:274][  0]LogConfig: Setting CVar [[r.EmitterSpawnRateScale:1.0]]
[2024.03.17-10.19.47:274][  0]LogConfig: Setting CVar [[r.ParticleLightQuality:2]]
[2024.03.17-10.19.47:274][  0]LogConfig: Setting CVar [[r.SkyAtmosphere.AerialPerspectiveLUT.FastApplyOnOpaque:1 ; Always have FastSkyLUT 1 in this case to avoid wrong sky]]
[2024.03.17-10.19.47:274][  0]LogConfig: Setting CVar [[r.SkyAtmosphere.AerialPerspectiveLUT.SampleCountMaxPerSlice:4]]
[2024.03.17-10.19.47:274][  0]LogConfig: Setting CVar [[r.SkyAtmosphere.AerialPerspectiveLUT.DepthResolution:16.0]]
[2024.03.17-10.19.47:274][  0]LogConfig: Setting CVar [[r.SkyAtmosphere.FastSkyLUT:1]]
[2024.03.17-10.19.47:274][  0]LogConfig: Setting CVar [[r.SkyAtmosphere.FastSkyLUT.SampleCountMin:4.0]]
[2024.03.17-10.19.47:274][  0]LogConfig: Setting CVar [[r.SkyAtmosphere.FastSkyLUT.SampleCountMax:128.0]]
[2024.03.17-10.19.47:274][  0]LogConfig: Setting CVar [[r.SkyAtmosphere.SampleCountMin:4.0]]
[2024.03.17-10.19.47:274][  0]LogConfig: Setting CVar [[r.SkyAtmosphere.SampleCountMax:128.0]]
[2024.03.17-10.19.47:274][  0]LogConfig: Setting CVar [[r.SkyAtmosphere.TransmittanceLUT.UseSmallFormat:0]]
[2024.03.17-10.19.47:274][  0]LogConfig: Setting CVar [[r.SkyAtmosphere.TransmittanceLUT.SampleCount:10.0]]
[2024.03.17-10.19.47:274][  0]LogConfig: Setting CVar [[r.SkyAtmosphere.MultiScatteringLUT.SampleCount:15.0]]
[2024.03.17-10.19.47:274][  0]LogConfig: Setting CVar [[r.SkyLight.RealTimeReflectionCapture:1]]
[2024.03.17-10.19.47:274][  0]LogConfig: Applying CVar settings from Section [FoliageQuality@3] File [D:/GitHub/NetShootRewrite/Saved/Config/Windows/Scalability.ini]
[2024.03.17-10.19.47:275][  0]LogConfig: Setting CVar [[foliage.DensityScale:1.0]]
[2024.03.17-10.19.47:275][  0]LogConfig: Setting CVar [[grass.DensityScale:1.0]]
[2024.03.17-10.19.47:275][  0]LogConfig: Applying CVar settings from Section [ShadingQuality@3] File [D:/GitHub/NetShootRewrite/Saved/Config/Windows/Scalability.ini]
[2024.03.17-10.19.47:275][  0]LogConfig: Setting CVar [[r.HairStrands.SkyLighting.IntegrationType:2]]
[2024.03.17-10.19.47:275][  0]LogConfig: Setting CVar [[r.HairStrands.SkyAO.SampleCount:4]]
[2024.03.17-10.19.47:275][  0]LogConfig: Setting CVar [[r.HairStrands.Visibility.MSAA.SamplePerPixel:4]]
[2024.03.17-10.19.47:275][  0]LogConfig: Applying CVar settings from Section [Startup] File [../../../Engine/Config/ConsoleVariables.ini]
[2024.03.17-10.19.47:275][  0]LogConfig: Setting CVar [[net.UseAdaptiveNetUpdateFrequency:0]]
[2024.03.17-10.19.47:275][  0]LogConfig: Setting CVar [[p.chaos.AllowCreatePhysxBodies:1]]
[2024.03.17-10.19.47:275][  0]LogConfig: Setting CVar [[fx.SkipVectorVMBackendOptimizations:1]]
[2024.03.17-10.19.47:275][  0]LogConfig: Applying CVar settings from Section [ConsoleVariables] File [D:/GitHub/NetShootRewrite/Saved/Config/Windows/Engine.ini]
[2024.03.17-10.19.47:275][  0]LogConfig: Applying CVar settings from Section [ConsoleVariables] File [D:/GitHub/NetShootRewrite/Saved/Config/Windows/Editor.ini]
[2024.03.17-10.19.47:276][  0]LogInit: Computer: DESKTOP-6POMQQ5
[2024.03.17-10.19.47:276][  0]LogInit: User: ZTT
[2024.03.17-10.19.47:276][  0]LogInit: CPU Page size=4096, Cores=6
[2024.03.17-10.19.47:276][  0]LogInit: High frequency timer resolution =10.000000 MHz
[2024.03.17-10.19.47:276][  0]LogMemory: Memory total: Physical=15.9GB (16GB approx)
[2024.03.17-10.19.47:276][  0]LogMemory: Platform Memory Stats for Windows
[2024.03.17-10.19.47:276][  0]LogMemory: Process Physical Memory: 145.35 MB used, 145.35 MB peak
[2024.03.17-10.19.47:276][  0]LogMemory: Process Virtual Memory: 113.93 MB used, 113.93 MB peak
[2024.03.17-10.19.47:276][  0]LogMemory: Physical Memory: 7074.77 MB used,  9238.54 MB free, 16313.30 MB total
[2024.03.17-10.19.47:276][  0]LogMemory: Virtual Memory: 134196616.00 MB used,  21110.86 MB free, 134217728.00 MB total
[2024.03.17-10.19.47:286][  0]LogWindows: WindowsPlatformFeatures enabled
[2024.03.17-10.19.47:403][  0]LogInit: Physics initialised using underlying interface: PhysX
[2024.03.17-10.19.47:406][  0]LogInit: Overriding language with editor language configuration option (zh-Hans).
[2024.03.17-10.19.47:406][  0]LogInit: Using OS detected locale (zh-CN).
[2024.03.17-10.19.47:562][  0]LogTextLocalizationResource: LocRes '../../../Engine/Content/Localization/Editor/zh/Editor.locres' could not be opened for reading!
[2024.03.17-10.19.47:562][  0]LogTextLocalizationResource: LocRes '../../../Engine/Content/Localization/EditorTutorials/zh/EditorTutorials.locres' could not be opened for reading!
[2024.03.17-10.19.47:562][  0]LogTextLocalizationResource: LocRes '../../../Engine/Content/Localization/Keywords/zh/Keywords.locres' could not be opened for reading!
[2024.03.17-10.19.47:563][  0]LogTextLocalizationResource: LocRes '../../../Engine/Content/Localization/Category/zh/Category.locres' could not be opened for reading!
[2024.03.17-10.19.47:563][  0]LogTextLocalizationResource: LocRes '../../../Engine/Content/Localization/ToolTips/zh/ToolTips.locres' could not be opened for reading!
[2024.03.17-10.19.47:563][  0]LogTextLocalizationResource: LocRes '../../../Engine/Content/Localization/Engine/zh/Engine.locres' could not be opened for reading!
[2024.03.17-10.19.47:563][  0]LogTextLocalizationResource: LocRes '../../../Engine/Plugins/Online/OnlineSubsystem/Content/Localization/OnlineSubsystem/zh/OnlineSubsystem.locres' could not be opened for reading!
[2024.03.17-10.19.47:563][  0]LogTextLocalizationResource: LocRes '../../../Engine/Plugins/Online/OnlineSubsystemUtils/Content/Localization/OnlineSubsystemUtils/zh/OnlineSubsystemUtils.locres' could not be opened for reading!
[2024.03.17-10.19.47:564][  0]LogTextLocalizationResource: LocRes '../../../Engine/Plugins/Online/Android/OnlineSubsystemGooglePlay/Content/Localization/OnlineSubsystemGooglePlay/zh/OnlineSubsystemGooglePlay.locres' could not be opened for reading!
[2024.03.17-10.19.47:564][  0]LogTextLocalizationResource: LocRes '../../../Engine/Plugins/Online/IOS/OnlineSubsystemIOS/Content/Localization/OnlineSubsystemIOS/zh/OnlineSubsystemIOS.locres' could not be opened for reading!
[2024.03.17-10.19.47:595][  0]LogInit: Setting process to per monitor DPI aware
[2024.03.17-10.19.47:698][  0]LogWindowsTextInputMethodSystem: Display: IME system deactivated.
[2024.03.17-10.19.47:771][  0]LogSlate: New Slate User Created.  User Index 0, Is Virtual User: 0
[2024.03.17-10.19.47:771][  0]LogSlate: Slate User Registered.  User Index 0, Is Virtual User: 0
[2024.03.17-10.19.48:814][  0]LogD3D11RHI: Loaded GFSDK_Aftermath_Lib.x64.dll
[2024.03.17-10.19.48:823][  0]LogHMD: Failed to initialize OpenVR with code 110
[2024.03.17-10.19.48:823][  0]LogD3D11RHI: D3D11 min allowed feature level: 11_0
[2024.03.17-10.19.48:823][  0]LogD3D11RHI: D3D11 max allowed feature level: 11_0
[2024.03.17-10.19.48:823][  0]LogD3D11RHI: D3D11 adapters:
[2024.03.17-10.19.49:048][  0]LogD3D11RHI:    0. 'NVIDIA GeForce GTX 1660 Ti' (Feature Level 11_0)
[2024.03.17-10.19.49:048][  0]LogD3D11RHI:       5979/0/8156 MB DedicatedVideo/DedicatedSystem/SharedSystem, Outputs:1, VendorId:0x10de
[2024.03.17-10.19.49:050][  0]LogD3D11RHI:    1. 'Microsoft Basic Render Driver' (Feature Level 11_0)
[2024.03.17-10.19.49:051][  0]LogD3D11RHI:       0/0/8156 MB DedicatedVideo/DedicatedSystem/SharedSystem, Outputs:0, VendorId:0x1414
[2024.03.17-10.19.49:185][  0]LogD3D11RHI:    2. 'NVIDIA GeForce GTX 1660 Ti' (Feature Level 11_0)
[2024.03.17-10.19.49:185][  0]LogD3D11RHI:       5979/0/8156 MB DedicatedVideo/DedicatedSystem/SharedSystem, Outputs:0, VendorId:0x10de
[2024.03.17-10.19.49:185][  0]LogD3D11RHI: Chosen D3D11 Adapter:
[2024.03.17-10.19.49:185][  0]LogD3D11RHI:     Description : NVIDIA GeForce GTX 1660 Ti
[2024.03.17-10.19.49:186][  0]LogD3D11RHI:     VendorId    : 10de
[2024.03.17-10.19.49:186][  0]LogD3D11RHI:     DeviceId    : 2182
[2024.03.17-10.19.49:186][  0]LogD3D11RHI:     SubSysId    : 3fbe1458
[2024.03.17-10.19.49:186][  0]LogD3D11RHI:     Revision    : 00a1
[2024.03.17-10.19.49:186][  0]LogD3D11RHI:     DedicatedVideoMemory : 6269435904 bytes
[2024.03.17-10.19.49:186][  0]LogD3D11RHI:     DedicatedSystemMemory : 0 bytes
[2024.03.17-10.19.49:186][  0]LogD3D11RHI:     SharedSystemMemory : 8552867840 bytes
[2024.03.17-10.19.49:186][  0]LogD3D11RHI:     AdapterLuid : 0 50882
[2024.03.17-10.19.49:196][  0]LogD3D11RHI: Creating new Direct3DDevice
[2024.03.17-10.19.49:196][  0]LogD3D11RHI:     GPU DeviceId: 0x2182 (for the marketing name, search the web for "GPU Device Id")
[2024.03.17-10.19.49:196][  0]LogWindows: EnumDisplayDevices:
[2024.03.17-10.19.49:196][  0]LogWindows:    0. 'NVIDIA GeForce GTX 1660 Ti' (P:1 D:1)
[2024.03.17-10.19.49:197][  0]LogWindows:    1. 'NVIDIA GeForce GTX 1660 Ti' (P:0 D:0)
[2024.03.17-10.19.49:198][  0]LogWindows:    2. 'NVIDIA GeForce GTX 1660 Ti' (P:0 D:0)
[2024.03.17-10.19.49:199][  0]LogWindows:    3. 'NVIDIA GeForce GTX 1660 Ti' (P:0 D:0)
[2024.03.17-10.19.49:200][  0]LogWindows:    4. 'OrayIddDriver Device' (P:0 D:0)
[2024.03.17-10.19.49:201][  0]LogWindows:    5. 'OrayIddDriver Device' (P:0 D:0)
[2024.03.17-10.19.49:201][  0]LogWindows:    6. 'OrayIddDriver Device' (P:0 D:0)
[2024.03.17-10.19.49:202][  0]LogWindows:    7. 'OrayIddDriver Device' (P:0 D:0)
[2024.03.17-10.19.49:203][  0]LogWindows:    8. 'OrayIddDriver Device' (P:0 D:0)
[2024.03.17-10.19.49:204][  0]LogWindows: DebugString: GetVideoDriverDetailsInvalid PrimaryIsNotTheChoosenAdapter GetVideoDriverDetailsInvalid PrimaryIsNotTheChoosenAdapter GetVideoDriverDetailsInvalid PrimaryIsNotTheChoosenAdapter GetVideoDriverDetailsInvalid PrimaryIsNotTheChoosenAdapter GetVideoDriverDetailsInvalid PrimaryIsNotTheChoosenAdapter FoundDriverCount:4 
[2024.03.17-10.19.49:204][  0]LogD3D11RHI:     Adapter Name: NVIDIA GeForce GTX 1660 Ti
[2024.03.17-10.19.49:204][  0]LogD3D11RHI:   Driver Version: 536.23 (internal:31.0.15.3623, unified:536.23)
[2024.03.17-10.19.49:204][  0]LogD3D11RHI:      Driver Date: 6-8-2023
[2024.03.17-10.19.49:204][  0]LogRHI: Texture pool is 4185 MB (70% of 5979 MB)
[2024.03.17-10.19.49:204][  0]LogD3D11RHI: Creating D3DDevice using adapter:
[2024.03.17-10.19.49:204][  0]LogD3D11RHI:     Description : NVIDIA GeForce GTX 1660 Ti
[2024.03.17-10.19.49:204][  0]LogD3D11RHI:     VendorId    : 10de
[2024.03.17-10.19.49:204][  0]LogD3D11RHI:     DeviceId    : 2182
[2024.03.17-10.19.49:204][  0]LogD3D11RHI:     SubSysId    : 3fbe1458
[2024.03.17-10.19.49:204][  0]LogD3D11RHI:     Revision    : 00a1
[2024.03.17-10.19.49:204][  0]LogD3D11RHI:     DedicatedVideoMemory : 6269435904 bytes
[2024.03.17-10.19.49:204][  0]LogD3D11RHI:     DedicatedSystemMemory : 0 bytes
[2024.03.17-10.19.49:204][  0]LogD3D11RHI:     SharedSystemMemory : 8552867840 bytes
[2024.03.17-10.19.49:204][  0]LogD3D11RHI:     AdapterLuid : 0 50882
[2024.03.17-10.19.49:354][  0]LogD3D11RHI: RHI has support for 64 bit atomics
[2024.03.17-10.19.49:355][  0]LogD3D11RHI: Async texture creation enabled
[2024.03.17-10.19.49:355][  0]LogD3D11RHI: Array index from any shader is supported
[2024.03.17-10.19.49:359][  0]LogD3D11RHI: HDR output is supported on display 0 (NvId: 0x80061086).
[2024.03.17-10.19.49:417][  0]LogD3D11RHI: GPU Timing Frequency: 1000.000000 (Debug: 2 1)
[2024.03.17-10.19.49:531][  0]LogRHI: GeForceNow SDK initialized: 1
[2024.03.17-10.19.50:920][  0]LogTargetPlatformManager: Display: Loaded TargetPlatform 'AllDesktop'
[2024.03.17-10.19.50:951][  0]LogTargetPlatformManager: Display: Loaded TargetPlatform 'Android'
[2024.03.17-10.19.50:951][  0]LogTargetPlatformManager: Display: Loaded TargetPlatform 'Android_ASTC'
[2024.03.17-10.19.50:951][  0]LogTargetPlatformManager: Display: Loaded TargetPlatform 'Android_DXT'
[2024.03.17-10.19.50:951][  0]LogTargetPlatformManager: Display: Loaded TargetPlatform 'Android_ETC2'
[2024.03.17-10.19.50:951][  0]LogTargetPlatformManager: Display: Loaded TargetPlatform 'AndroidClient'
[2024.03.17-10.19.50:951][  0]LogTargetPlatformManager: Display: Loaded TargetPlatform 'Android_ASTCClient'
[2024.03.17-10.19.50:951][  0]LogTargetPlatformManager: Display: Loaded TargetPlatform 'Android_DXTClient'
[2024.03.17-10.19.50:951][  0]LogTargetPlatformManager: Display: Loaded TargetPlatform 'Android_ETC2Client'
[2024.03.17-10.19.50:951][  0]LogTargetPlatformManager: Display: Loaded TargetPlatform 'Android_Multi'
[2024.03.17-10.19.50:951][  0]LogTargetPlatformManager: Display: Loaded TargetPlatform 'Android_MultiClient'
[2024.03.17-10.19.50:983][  0]LogTargetPlatformManager: Display: Loaded TargetPlatform 'IOSClient'
[2024.03.17-10.19.50:983][  0]LogTargetPlatformManager: Display: Loaded TargetPlatform 'IOS'
[2024.03.17-10.19.51:020][  0]LogTargetPlatformManager: Display: Loaded TargetPlatform 'Lumin'
[2024.03.17-10.19.51:020][  0]LogTargetPlatformManager: Display: Loaded TargetPlatform 'LuminClient'
[2024.03.17-10.19.51:067][  0]LogTargetPlatformManager: Display: Loaded TargetPlatform 'MacNoEditor'
[2024.03.17-10.19.51:076][  0]LogTargetPlatformManager: Display: Loaded TargetPlatform 'Mac'
[2024.03.17-10.19.51:086][  0]LogTargetPlatformManager: Display: Loaded TargetPlatform 'MacClient'
[2024.03.17-10.19.51:094][  0]LogTargetPlatformManager: Display: Loaded TargetPlatform 'MacServer'
[2024.03.17-10.19.51:110][  0]LogTargetPlatformManager: Display: Loaded TargetPlatform 'TVOSClient'
[2024.03.17-10.19.51:110][  0]LogTargetPlatformManager: Display: Loaded TargetPlatform 'TVOS'
[2024.03.17-10.19.51:125][  0]LogTargetPlatformManager: Display: Loaded TargetPlatform 'WindowsNoEditor'
[2024.03.17-10.19.51:134][  0]LogTargetPlatformManager: Display: Loaded TargetPlatform 'Windows'
[2024.03.17-10.19.51:142][  0]LogTargetPlatformManager: Display: Loaded TargetPlatform 'WindowsClient'
[2024.03.17-10.19.51:152][  0]LogTargetPlatformManager: Display: Loaded TargetPlatform 'WindowsServer'
[2024.03.17-10.19.51:152][  0]LogTargetPlatformManager: Display: Building Assets For Windows
[2024.03.17-10.19.51:173][  0]LogAudioDebug: Display: Lib vorbis DLL was dynamically loaded.
[2024.03.17-10.19.51:268][  0]LogTextureFormatOodle: Display: Oodle Texture 2.9.0 init RDO Off
[2024.03.17-10.19.51:386][  0]LogRendererCore: Ray tracing is disabled. Reason: r.RayTracing=0.
[2024.03.17-10.19.51:387][  0]LogShaderCompilers: Guid format shader working directory is 18 characters bigger than the processId version (D:/GitHub/NetShootRewrite/Intermediate/Shaders/WorkingDirectory/12780/).
[2024.03.17-10.19.51:388][  0]LogShaderCompilers: Cleaned the shader compiler working directory 'C:/Users/ZTT/AppData/Local/Temp/UnrealShaderWorkingDir/EEF644F8491B01C779C5F2B6E00C5D2F/'.
[2024.03.17-10.19.51:391][  0]LogXGEController: Cleaning working directory: C:/Users/ZTT/AppData/Local/Temp/UnrealXGEWorkingDir/
[2024.03.17-10.19.51:393][  0]LogShaderCompilers: Display: Using XGE Controller for Shader Compilation.
[2024.03.17-10.19.52:503][  0]LogDerivedDataCache: Display: Max Cache Size: 512 MB
[2024.03.17-10.19.53:366][  0]LogDerivedDataCache: Loaded boot cache 0.85s 94MB D:/GitHub/NetShootRewrite/DerivedDataCache/Boot.ddc.
[2024.03.17-10.19.53:366][  0]LogDerivedDataCache: Display: Loaded Boot cache: D:/GitHub/NetShootRewrite/DerivedDataCache/Boot.ddc
[2024.03.17-10.19.53:366][  0]LogDerivedDataCache: FDerivedDataBackendGraph:  Pak pak cache file D:/GitHub/NetShootRewrite/DerivedDataCache/DDC.ddp not found, will not use a pak cache.
[2024.03.17-10.19.53:366][  0]LogDerivedDataCache: Unable to find inner node Pak for hierarchical cache Hierarchy.
[2024.03.17-10.19.53:366][  0]LogDerivedDataCache: FDerivedDataBackendGraph:  EnginePak pak cache file ../../../Engine/DerivedDataCache/DDC.ddp not found, will not use a pak cache.
[2024.03.17-10.19.53:366][  0]LogDerivedDataCache: Unable to find inner node EnginePak for hierarchical cache Hierarchy.
[2024.03.17-10.19.53:383][  0]LogDerivedDataCache: Speed tests for ../../../Engine/DerivedDataCache took 0.02 seconds
[2024.03.17-10.19.53:383][  0]LogDerivedDataCache: Display: Performance to ../../../Engine/DerivedDataCache: Latency=0.21ms. RandomReadSpeed=168.79MBs, RandomWriteSpeed=116.09MBs. Assigned SpeedClass 'Local'
[2024.03.17-10.19.53:383][  0]LogDerivedDataCache: Using Local data cache path ../../../Engine/DerivedDataCache: Writable
[2024.03.17-10.19.53:383][  0]LogDerivedDataCache: Shared data cache path not found in *engine.ini, will not use an Shared cache.
[2024.03.17-10.19.53:383][  0]LogDerivedDataCache: Unable to find inner node Shared for hierarchical cache Hierarchy.
[2024.03.17-10.19.53:458][  0]LogSlate: Using FreeType 2.10.0
[2024.03.17-10.19.53:468][  0]LogSlate: SlateFontServices - WITH_FREETYPE: 1, WITH_HARFBUZZ: 1
[2024.03.17-10.19.53:578][  0]LogAssetRegistry: FAssetRegistry took 0.0057 seconds to start up
[2024.03.17-10.19.54:075][  0]LogInit: Selected Device Profile: [Windows]
[2024.03.17-10.19.54:075][  0]LogInit: Active device profile: [0000023B4506ED00][0000023B3B446840 49] Windows
[2024.03.17-10.19.54:075][  0]LogInit: Profiles: [0000023B4506ED00][0000023B3B446840 49] Windows, [0000023B4601D600][0000023B43C009C0 49] WindowsNoEditor, [0000023B4506D500][0000023B43C04B40 49] WindowsServer, [0000023B4601EB00][0000023B43C08CC0 49] WindowsClient, [0000023B4506EA00][0000023B43C0CE40 49] IOS, [0000023B4601DA00][0000023B43C10FC0 49] iPadAir, [0000023B4506D900][0000023B43C15140 49] iPadAir2, [0000023B45FCFC00][0000023B43C1D400 49] IPadPro, [0000023B45FCFD00][0000023B43C19440 49] iPadAir3, [0000023B4506EF00][0000023B44F2B5C0 49] iPadAir4, [0000023B45FCD900][0000023B44F2F740 49] iPadMini2, [0000023B4506D300][0000023B44F338C0 49] iPadMini3, [0000023B45FCCD00][0000023B44F37A40 49] iPadMini4, [0000023B4506C900][0000023B44F3BBC0 49] iPadMini5, [0000023B4600F500][0000023B44F3E280 49] iPhone6, [0000023B4600F600][0000023B3B44A2C0 49] iPodTouch6, [0000023B45FCC700][0000023B44F46500 49] iPhone7, [0000023B45FCC600][0000023B44F42540 49] iPodTouch7, [0000023B4600D800][0000023B44F4E6C0 49] iPhone5S, [0000023B45FCF600][0000023B44F52840 49] iPhone6Plus, [0000023B4600F800][0000023B44F569C0 49] iPhone6S, [0000023B45FCDB00][0000023B44F5AB40 49] iPhone6SPlus, [0000023B4600D700][0000023B44F5ECC0 49] iPhone7Plus, [0000023B45FCF100][0000023B44F62E40 49] iPhoneSE, [0000023B4600E500][0000023B44F66FC0 49] iPhone8, [0000023B45FCD500][0000023B44F6B140 49] iPhone8Plus, [0000023B4600DE00][0000023B44F6F2C0 49] iPhoneX, [0000023B45FCD000][0000023B44F73440 49] iPhoneXS, [0000023B4600E200][0000023B44F775C0 49] iPhoneXSMax, [0000023B45FCC500][0000023B44F7B740 49] iPhoneXR, [0000023B4600E100][0000023B44F7F8C0 49] iPhone11, [0000023B45FCED00][0000023B44F83A40 49] iPhone11Pro, [0000023B4600D600][0000023B44F87BC0 49] iPhone11ProMax, [0000023B45FCDD00][0000023B44F8A1C0 49] iPhoneSE2, [0000023B4600F200][0000023B44F8E340 49] iPhone12Mini, [0000023B45FCDE00][0000023B44F4A480 49] iPhone12, [0000023B4600C300][0000023B44F925C0 49] iPhone12Pro, [0000023B45FCF500][0000023B44F96700 49] iPhone12ProMax, [0000023B4600FC00][0000023B44F9E880 49] iPadPro105, [0000023B45FCC200][0000023B44FA2A00 49] iPadPro129, [0000023B4600CE00][0000023B44FA6B80 49] iPadPro97, [0000023B45FCC100][0000023B44FAAD00 49] iPadPro2_129, [0000023B4600FF00][0000023B44FAEE80 49] iPad5, [0000023B45FCC900][0000023B44FB3000 49] iPad6, [0000023B4600FB00][0000023B44FB7180 49] iPad7, [0000023B45FCEA00][0000023B44FBB300 49] iPad8, [0000023B4600E800][0000023B44FBF480 49] iPadPro11, [0000023B45FCCA00][0000023B44FC3600 49] iPadPro2_11, [0000023B4600C700][0000023B44FC7780 49] iPadPro3_129, [0000023B45FCF200][0000023B44FCB900 49] iPadPro4_129, [0000023B4600FA00][0000023B44FCFA80 49] AppleTV, [0000023B45FCCC00][0000023B44FD3C00 49] AppleTV4K, [0000023B4600EC00][0000023B44FD6200 49] TVOS, [0000023B45FCF000][0000023B44FDA380 49] Mac, [0000023B4601CE00][0000023B44FDE500 49] MacClient, [0000023B450B8800][0000023B44F9A640 49] MacNoEditor, [0000023B4601D500][0000023B44FE2780 49] MacServer, [0000023B450B8300][0000023B44FE68C0 49] Linux, [0000023B4601ED00][0000023B44FEEA40 49] LinuxAArch64, [0000023B450B8B00][0000023B44FF2BC0 49] LinuxNoEditor, [0000023B4601DD00][0000023B44FF6D40 49] LinuxAArch64NoEditor, [0000023B450B9500][0000023B44FFAEC0 49] LinuxClient, [0000023B4601C500][0000023B44FFF040 49] LinuxAArch64Client, [0000023B450B9100][0000023B450031C0 49] LinuxServer, [0000023B4601F600][0000023B45007340 49] LinuxAArch64Server, [0000023B450B9200][0000023B4500B4C0 49] Android, [0000023B4601C400][0000023B4500F640 49] Android_Low, [0000023B450B8C00][0000023B450137C0 49] Android_Mid, [0000023B4601CD00][0000023B45017940 49] Android_High, [0000023B450B9300][0000023B4501BAC0 49] Android_Default, [0000023B4601C300][0000023B4501E0C0 49] Android_Adreno4xx, [0000023B450B9900][0000023B45022240 49] Android_Adreno5xx_Low, [0000023B4601F700][0000023B450263C0 49] Android_Adreno5xx, [0000023B450B8900][0000023B4502A540 49] Android_Adreno6xx, [0000023B4601E200][0000023B460406C0 49] Android_Adreno6xx_Vulkan, [0000023B450B8F00][0000023B44FEA800 49] Android_Mali_T6xx, [0000023B45FCFE00][0000023B46044940 49] Android_Mali_T7xx, [0000023B4600D100][0000023B46048A80 49] Android_Mali_T8xx, [0000023B45FCE700][0000023B4604CBC0 49] Android_Mali_G71, [0000023B4600F300][0000023B46054D40 49] Android_Mali_G72, [0000023B45FCE000][0000023B46058EC0 49] Android_Mali_G72_Vulkan, [0000023B4600F900][0000023B4605D040 49] Android_Mali_G76, [0000023B45FCC300][0000023B460611C0 49] Android_Mali_G76_Vulkan, [0000023B4600DF00][0000023B46065340 49] Android_Mali_G77, [0000023B45FCD700][0000023B460694C0 49] Android_Mali_G77_Vulkan, [0000023B4600E400][0000023B4606D640 49] Android_Mali_G78, [0000023B45FCE400][0000023B460717C0 49] Android_Mali_G78_Vulkan, [0000023B4600E700][0000023B46075940 49] Android_Mali_G710, [0000023B45FCF800][0000023B46079AC0 49] Android_Mali_G710_Vulkan, [0000023B4600C900][0000023B4607C0C0 49] Android_Vulkan_SM5, [0000023B45FCCF00][0000023B46080240 49] Android_PowerVR_G6xxx, [0000023B4600C400][0000023B460843C0 49] Android_PowerVR_GT7xxx, [0000023B45FCCE00][0000023B46088540 49] Android_PowerVR_GE8xxx, [0000023B4600DA00][0000023B4608C6C0 49] Android_PowerVR_GM9xxx, [0000023B45FCD300][0000023B46090840 49] Android_PowerVR_GM9xxx_Vulkan, [0000023B4600D000][0000023B46050980 49] Android_TegraK1, [0000023B45FCDF00][0000023B46094AC0 49] Android_Unknown_Vulkan, [0000023B4600D400][0000023B46098C00 49] Lumin, [0000023B45FCE600][0000023B4609CD40 49] Lumin_Desktop, [0000023B4506D400][0000023B460A4EC0 49] HoloLens, 
[2024.03.17-10.20.00:480][  0]LogMeshReduction: Using QuadricMeshReduction for automatic static mesh reduction
[2024.03.17-10.20.00:480][  0]LogMeshReduction: Using SimplygonMeshReduction for automatic skeletal mesh reduction
[2024.03.17-10.20.00:480][  0]LogMeshReduction: Using ProxyLODMeshReduction for automatic mesh merging
[2024.03.17-10.20.00:480][  0]LogMeshReduction: No distributed automatic mesh merging module available
[2024.03.17-10.20.00:480][  0]LogMeshMerging: No distributed automatic mesh merging module available
[2024.03.17-10.20.00:911][  0]LogNetVersion: NetShootRewrite 1.0.0, NetCL: 0, EngineNetVer: 17, GameNetVer: 0 (Checksum: 1486698656)
[2024.03.17-10.20.02:242][  0]LogTexture: Default maximum texture size for cubemaps generated from long-lat sources has been changed from 512 to unlimited. In order to preserve old behaiour for '/Engine/MapTemplates/Sky/DaylightAmbientCubemap.DaylightAmbientCubemap', its maximum texture size has been explicitly set to 512.
[2024.03.17-10.20.02:380][  0]LogHMD: PokeAHoleMaterial loaded successfully
[2024.03.17-10.20.02:395][  0]LogUObjectArray: 17164 objects as part of root set at end of initial load.
[2024.03.17-10.20.02:395][  0]LogUObjectAllocator: 4298528 out of 0 bytes used by permanent object pool.
[2024.03.17-10.20.02:395][  0]LogUObjectArray: CloseDisregardForGC: 0/0 objects in disregard for GC pool
[2024.03.17-10.20.22:833][  0]LogPython: Using Python 3.7.7
[2024.03.17-10.20.23:778][  0]LogNiagaraDebuggerClient: Niagara Debugger Client Initialized | Session: 519219AF45230F802BA8A3990F29B3A8 | Instance: 65335CC84061BE0496A6CF9B15C53ABD (DESKTOP-6POMQQ5-12780).
[2024.03.17-10.20.42:281][  0]LogTcpMessaging: Initializing TcpMessaging bridge
[2024.03.17-10.20.47:265][  0]LogUdpMessaging: Initializing bridge on interface 0.0.0.0:0 to multicast group 230.0.0.1:6666.
[2024.03.17-10.21.50:249][  0]LogModuleManager: Warning: ModuleManager: Unable to load module 'RD' because the file 'C:/Program Files (x86)/UE4.27/UnrealEngine-4.27/Engine/Plugins/Marketplace/Developer/RiderLink/Binaries/Win64/UE4Editor-RD.dll' was not found.
[2024.03.17-10.21.50:249][  0]LogModuleManager: Warning: ModuleManager: Unable to load module 'RiderLink' because the file 'C:/Program Files (x86)/UE4.27/UnrealEngine-4.27/Engine/Plugins/Marketplace/Developer/RiderLink/Binaries/Win64/UE4Editor-RiderLink.dll' was not found.
[2024.03.17-10.21.50:249][  0]LogModuleManager: Warning: ModuleManager: Unable to load module 'RiderLogging' because the file 'C:/Program Files (x86)/UE4.27/UnrealEngine-4.27/Engine/Plugins/Marketplace/Developer/RiderLink/Binaries/Win64/UE4Editor-RiderLogging.dll' was not found.
[2024.03.17-10.22.23:209][  0]Message dialog closed, result: Ok, title: 消息, text: 无法找到模块“RD”，因此插件“RiderLink”加载失败。请确认插件安装正确，否则请考虑在项目中禁用此插件。
[2024.03.17-10.22.23:209][  0]LogCore: Engine exit requested (reason: EngineExit() was called)
[2024.03.17-10.22.23:225][  0]LogSlate: Slate User Destroyed.  User Index 0, Is Virtual User: 0
[2024.03.17-10.22.23:227][  0]LogExit: Preparing to exit.
[2024.03.17-10.22.23:348][  0]LogUObjectHash: Compacting FUObjectHashTables data took   0.67ms
[2024.03.17-10.22.24:099][  0]LogDemo: Cleaned up 0 splitscreen connections with owner deletion
[2024.03.17-10.22.24:377][  0]LogExit: Object subsystem successfully closed.
[2024.03.17-10.22.24:385][  0]LogShaderCompilers: Display: === FShaderJobCache stats ===
[2024.03.17-10.22.24:385][  0]LogShaderCompilers: Display: Total job queries 0, among them cache hits 0 (0.00%)
[2024.03.17-10.22.24:385][  0]LogShaderCompilers: Display: Tracking 0 distinct input hashes that result in 0 distinct outputs (0.00%)
[2024.03.17-10.22.24:386][  0]LogShaderCompilers: Display: RAM used: 0.00 MB (0.00 GB) of 819.20 MB (0.80 GB) budget. Usage: 0.00%
[2024.03.17-10.22.24:386][  0]LogShaderCompilers: Display: ================================================
[2024.03.17-10.22.24:411][  0]LogShaderCompilers: Display: Shaders left to compile 0
[2024.03.17-10.22.24:411][  0]LogShaderCompilers: Display: Shaders left to compile 0
[2024.03.17-10.22.24:470][  0]LogModuleManager: Shutting down and abandoning module SignificanceManager (396)
[2024.03.17-10.22.24:470][  0]LogModuleManager: Shutting down and abandoning module SoundFields (394)
[2024.03.17-10.22.24:470][  0]LogModuleManager: Shutting down and abandoning module RuntimePhysXCooking (392)
[2024.03.17-10.22.24:470][  0]LogModuleManager: Shutting down and abandoning module PropertyAccessEditor (390)
[2024.03.17-10.22.24:471][  0]LogModuleManager: Shutting down and abandoning module PhysXVehiclesEditor (388)
[2024.03.17-10.22.24:471][  0]LogModuleManager: Shutting down and abandoning module LocationServicesBPLibrary (384)
[2024.03.17-10.22.24:471][  0]LogModuleManager: Shutting down and abandoning module AudioSynesthesia (382)
[2024.03.17-10.22.24:472][  0]LogModuleManager: Shutting down and abandoning module AudioSynesthesiaCore (380)
[2024.03.17-10.22.24:472][  0]LogModuleManager: Shutting down and abandoning module MagicLeapARPin (378)
[2024.03.17-10.22.24:472][  0]LogModuleManager: Shutting down and abandoning module GameplayTagsEditor (376)
[2024.03.17-10.22.24:472][  0]LogModuleManager: Shutting down and abandoning module MagicLeapHandMeshing (374)
[2024.03.17-10.22.24:472][  0]LogModuleManager: Shutting down and abandoning module MagicLeapSecureStorage (372)
[2024.03.17-10.22.24:472][  0]LogModuleManager: Shutting down and abandoning module MagicLeapPrivileges (370)
[2024.03.17-10.22.24:472][  0]LogModuleManager: Shutting down and abandoning module MagicLeapPlanes (368)
[2024.03.17-10.22.24:473][  0]LogModuleManager: Shutting down and abandoning module MagicLeapImageTracker (366)
[2024.03.17-10.22.24:473][  0]LogModuleManager: Shutting down and abandoning module MagicLeapIdentity (364)
[2024.03.17-10.22.24:473][  0]LogModuleManager: Shutting down and abandoning module MagicLeapHandTracking (362)
[2024.03.17-10.22.24:473][  0]LogModuleManager: Shutting down and abandoning module MagicLeapEyeTracker (360)
[2024.03.17-10.22.24:473][  0]LogModuleManager: Shutting down and abandoning module MagicLeapController (358)
[2024.03.17-10.22.24:473][  0]LogModuleManager: Shutting down and abandoning module MagicLeapARPinImpl (356)
[2024.03.17-10.22.24:473][  0]LogModuleManager: Shutting down and abandoning module MagicLeapAR (354)
[2024.03.17-10.22.24:473][  0]LogModuleManager: Shutting down and abandoning module DataValidation (352)
[2024.03.17-10.22.24:473][  0]LogModuleManager: Shutting down and abandoning module FacialAnimationEditor (350)
[2024.03.17-10.22.24:473][  0]LogModuleManager: Shutting down and abandoning module FacialAnimation (348)
[2024.03.17-10.22.24:473][  0]LogModuleManager: Shutting down and abandoning module AssetManagerEditor (346)
[2024.03.17-10.22.24:473][  0]LogModuleManager: Shutting down and abandoning module LevelEditor (345)
[2024.03.17-10.22.24:475][  0]LogModuleManager: Shutting down and abandoning module PixelInspectorModule (344)
[2024.03.17-10.22.24:476][  0]LogModuleManager: Shutting down and abandoning module CommonMenuExtensions (342)
[2024.03.17-10.22.24:476][  0]LogModuleManager: Shutting down and abandoning module MainFrame (340)
[2024.03.17-10.22.24:477][  0]LogModuleManager: Shutting down and abandoning module HotReload (339)
[2024.03.17-10.22.24:478][  0]LogModuleManager: Shutting down and abandoning module ToolMenus (335)
[2024.03.17-10.22.24:478][  0]LogModuleManager: Shutting down and abandoning module TreeMap (333)
[2024.03.17-10.22.24:479][  0]LogModuleManager: Shutting down and abandoning module GameplayCameras (330)
[2024.03.17-10.22.24:479][  0]LogModuleManager: Shutting down and abandoning module ActorSequence (328)
[2024.03.17-10.22.24:479][  0]LogModuleManager: Shutting down and abandoning module UdpMessaging (326)
[2024.03.17-10.22.24:580][  0]LogModuleManager: Shutting down and abandoning module TcpMessaging (324)
[2024.03.17-10.22.24:680][  0]LogModuleManager: Shutting down and abandoning module ImgMediaEngine (322)
[2024.03.17-10.22.24:680][  0]LogModuleManager: Shutting down and abandoning module NiagaraAnimNotifies (320)
[2024.03.17-10.22.24:680][  0]LogModuleManager: Shutting down and abandoning module Niagara (318)
[2024.03.17-10.22.24:681][  0]LogModuleManager: Shutting down and abandoning module SignalProcessing (317)
[2024.03.17-10.22.24:681][  0]LogModuleManager: Shutting down and abandoning module NiagaraEditor (315)
[2024.03.17-10.22.24:683][  0]LogModuleManager: Shutting down and abandoning module ContentBrowser (314)
[2024.03.17-10.22.24:685][  0]LogModuleManager: Shutting down and abandoning module ContentBrowserData (313)
[2024.03.17-10.22.24:685][  0]LogModuleManager: Shutting down and abandoning module NiagaraCore (308)
[2024.03.17-10.22.24:685][  0]LogModuleManager: Shutting down and abandoning module PythonScriptPlugin (306)
[2024.03.17-10.22.24:685][  0]LogModuleManager: Shutting down and abandoning module PropertyAccessNode (304)
[2024.03.17-10.22.24:685][  0]LogModuleManager: Shutting down and abandoning module AnimationSharing (302)
[2024.03.17-10.22.24:685][  0]LogModuleManager: Shutting down and abandoning module LightPropagationVolumeRuntime (300)
[2024.03.17-10.22.24:685][  0]LogModuleManager: Shutting down and abandoning module EnvironmentQueryEditor (298)
[2024.03.17-10.22.24:686][  0]LogModuleManager: Shutting down and abandoning module Paper2D (296)
[2024.03.17-10.22.24:686][  0]LogModuleManager: Shutting down and abandoning module WindowsMoviePlayer (294)
[2024.03.17-10.22.24:688][  0]LogModuleManager: Shutting down and abandoning module WebMMoviePlayer (292)
[2024.03.17-10.22.24:688][  0]LogModuleManager: Shutting down and abandoning module NetworkReplayStreaming (290)
[2024.03.17-10.22.24:688][  0]LogModuleManager: Shutting down and abandoning module PacketHandler (288)
[2024.03.17-10.22.24:688][  0]LogModuleManager: Shutting down and abandoning module ClothingSystemEditor (286)
[2024.03.17-10.22.24:688][  0]LogModuleManager: Shutting down and abandoning module ClothingSystemRuntimeNv (284)
[2024.03.17-10.22.24:689][  0]LogModuleManager: Shutting down and abandoning module MediaAssets (282)
[2024.03.17-10.22.24:689][  0]LogModuleManager: Shutting down and abandoning module Overlay (280)
[2024.03.17-10.22.24:689][  0]LogModuleManager: Shutting down and abandoning module OverlayEditor (279)
[2024.03.17-10.22.24:689][  0]LogModuleManager: Shutting down and abandoning module VREditor (276)
[2024.03.17-10.22.24:689][  0]LogModuleManager: Shutting down and abandoning module StringTableEditor (274)
[2024.03.17-10.22.24:690][  0]LogModuleManager: Shutting down and abandoning module GameplayTasksEditor (272)
[2024.03.17-10.22.24:690][  0]LogModuleManager: Shutting down and abandoning module BehaviorTreeEditor (270)
[2024.03.17-10.22.24:691][  0]LogModuleManager: Shutting down and abandoning module FunctionalTesting (268)
[2024.03.17-10.22.24:691][  0]LogModuleManager: Shutting down and abandoning module CollisionAnalyzer (266)
[2024.03.17-10.22.24:692][  0]LogModuleManager: Shutting down and abandoning module WorkspaceMenuStructure (265)
[2024.03.17-10.22.24:692][  0]LogModuleManager: Shutting down and abandoning module UMG (262)
[2024.03.17-10.22.24:693][  0]LogModuleManager: Shutting down and abandoning module UMGEditor (261)
[2024.03.17-10.22.24:694][  0]LogModuleManager: Shutting down and abandoning module MessageLog (259)
[2024.03.17-10.22.24:694][  0]LogModuleManager: Shutting down and abandoning module SlateReflector (254)
[2024.03.17-10.22.24:696][  0]LogModuleManager: Shutting down and abandoning module Slate (252)
[2024.03.17-10.22.24:697][  0]LogModuleManager: Shutting down and abandoning module SlateCore (250)
[2024.03.17-10.22.24:697][  0]LogModuleManager: Shutting down and abandoning module LandscapeEditorUtilities (248)
[2024.03.17-10.22.24:697][  0]LogModuleManager: Shutting down and abandoning module UnrealEd (246)
[2024.03.17-10.22.24:697][  0]LogModuleManager: Shutting down and abandoning module MRMesh (244)
[2024.03.17-10.22.24:697][  0]LogModuleManager: Shutting down and abandoning module SourceCodeAccess (242)
[2024.03.17-10.22.24:697][  0]LogModuleManager: Shutting down and abandoning module HeadMountedDisplay (240)
[2024.03.17-10.22.24:698][  0]LogModuleManager: Shutting down and abandoning module XAudio2 (238)
[2024.03.17-10.22.24:698][  0]LogModuleManager: Shutting down and abandoning module Networking (236)
[2024.03.17-10.22.24:698][  0]LogModuleManager: Shutting down and abandoning module Core (234)
[2024.03.17-10.22.24:698][  0]LogModuleManager: Shutting down and abandoning module MaterialEditor (232)
[2024.03.17-10.22.24:699][  0]LogModuleManager: Shutting down and abandoning module MovieSceneTools (230)
[2024.03.17-10.22.24:700][  0]LogModuleManager: Shutting down and abandoning module CurveEditor (229)
[2024.03.17-10.22.24:701][  0]LogModuleManager: Shutting down and abandoning module Sequencer (227)
[2024.03.17-10.22.24:703][  0]LogModuleManager: Shutting down and abandoning module EditorStyle (226)
[2024.03.17-10.22.24:704][  0]LogModuleManager: Shutting down and abandoning module KismetCompiler (222)
[2024.03.17-10.22.24:704][  0]LogModuleManager: Shutting down and abandoning module MeshBuilder (220)
[2024.03.17-10.22.24:704][  0]LogModuleManager: Shutting down and abandoning module MeshUtilities (218)
[2024.03.17-10.22.24:704][  0]LogModuleManager: Shutting down and abandoning module MeshMergeUtilities (217)
[2024.03.17-10.22.24:705][  0]LogModuleManager: Shutting down and abandoning module MeshReductionInterface (216)
[2024.03.17-10.22.24:705][  0]LogModuleManager: Shutting down and abandoning module MeshBoneReduction (215)
[2024.03.17-10.22.24:705][  0]LogModuleManager: Shutting down and abandoning module SkeletalMeshReduction (213)
[2024.03.17-10.22.24:705][  0]LogModuleManager: Shutting down and abandoning module ProxyLODMeshReduction (211)
[2024.03.17-10.22.24:706][  0]LogModuleManager: Shutting down and abandoning module QuadricMeshReduction (209)
[2024.03.17-10.22.24:706][  0]LogModuleManager: Shutting down and abandoning module MaterialBaking (205)
[2024.03.17-10.22.24:707][  0]LogModuleManager: Shutting down and abandoning module NullInstallBundleManager (200)
[2024.03.17-10.22.24:707][  0]LogModuleManager: Shutting down and abandoning module DerivedDataCache (198)
[2024.03.17-10.22.24:708][  0]LogModuleManager: Shutting down and abandoning module TargetPlatform (196)
[2024.03.17-10.22.24:708][  0]LogModuleManager: Shutting down and abandoning module VulkanShaderFormat (195)
[2024.03.17-10.22.24:709][  0]LogModuleManager: Shutting down and abandoning module ShaderFormatVectorVM (193)
[2024.03.17-10.22.24:709][  0]LogModuleManager: Shutting down and abandoning module ShaderFormatOpenGL (191)
[2024.03.17-10.22.24:709][  0]LogModuleManager: Shutting down and abandoning module ShaderFormatD3D (189)
[2024.03.17-10.22.24:710][  0]LogModuleManager: Shutting down and abandoning module MetalShaderFormat (187)
[2024.03.17-10.22.24:710][  0]LogModuleManager: Shutting down and abandoning module TextureFormatOodle (185)
[2024.03.17-10.22.24:711][  0]LogModuleManager: Shutting down and abandoning module TextureFormatUncompressed (183)
[2024.03.17-10.22.24:711][  0]LogModuleManager: Shutting down and abandoning module TextureFormatPVR (181)
[2024.03.17-10.22.24:711][  0]LogModuleManager: Shutting down and abandoning module TextureFormatETC2 (179)
[2024.03.17-10.22.24:711][  0]LogModuleManager: Shutting down and abandoning module TextureFormatDXT (177)
[2024.03.17-10.22.24:711][  0]LogModuleManager: Shutting down and abandoning module TextureFormatIntelISPCTexComp (175)
[2024.03.17-10.22.24:711][  0]LogModuleManager: Shutting down and abandoning module TextureFormatASTC (173)
[2024.03.17-10.22.24:711][  0]LogModuleManager: Shutting down and abandoning module ImageWrapper (172)
[2024.03.17-10.22.24:711][  0]LogModuleManager: Shutting down and abandoning module AudioFormatOpus (169)
[2024.03.17-10.22.24:711][  0]LogModuleManager: Shutting down and abandoning module AudioFormatOgg (167)
[2024.03.17-10.22.24:711][  0]LogModuleManager: Shutting down and abandoning module AudioFormatADPCM (165)
[2024.03.17-10.22.24:712][  0]LogModuleManager: Shutting down and abandoning module WindowsServerTargetPlatform (163)
[2024.03.17-10.22.24:712][  0]LogModuleManager: Shutting down and abandoning module WindowsClientTargetPlatform (161)
[2024.03.17-10.22.24:712][  0]LogModuleManager: Shutting down and abandoning module WindowsTargetPlatform (159)
[2024.03.17-10.22.24:712][  0]LogModuleManager: Shutting down and abandoning module WindowsNoEditorTargetPlatform (157)
[2024.03.17-10.22.24:712][  0]LogModuleManager: Shutting down and abandoning module TVOSTargetPlatform (155)
[2024.03.17-10.22.24:713][  0]LogModuleManager: Shutting down and abandoning module MacServerTargetPlatform (153)
[2024.03.17-10.22.24:713][  0]LogModuleManager: Shutting down and abandoning module MacClientTargetPlatform (151)
[2024.03.17-10.22.24:713][  0]LogModuleManager: Shutting down and abandoning module MacTargetPlatform (149)
[2024.03.17-10.22.24:713][  0]LogModuleManager: Shutting down and abandoning module MacNoEditorTargetPlatform (147)
[2024.03.17-10.22.24:713][  0]LogModuleManager: Shutting down and abandoning module LuminTargetPlatform (145)
[2024.03.17-10.22.24:713][  0]LogModuleManager: Shutting down and abandoning module Messaging (143)
[2024.03.17-10.22.24:713][  0]LogModuleManager: Shutting down and abandoning module IOSTargetPlatform (141)
[2024.03.17-10.22.24:714][  0]LogModuleManager: Shutting down and abandoning module AndroidTargetPlatform (139)
[2024.03.17-10.22.24:717][  0]LogModuleManager: Shutting down and abandoning module AllDesktopTargetPlatform (137)
[2024.03.17-10.22.24:717][  0]LogModuleManager: Shutting down and abandoning module D3D11RHI (134)
[2024.03.17-10.22.24:717][  0]LogModuleManager: Shutting down and abandoning module InputCore (132)
[2024.03.17-10.22.24:717][  0]LogModuleManager: Shutting down and abandoning module Settings (130)
[2024.03.17-10.22.24:717][  0]LogModuleManager: Shutting down and abandoning module DirectoryWatcher (128)
[2024.03.17-10.22.24:717][  0]LogModuleManager: Shutting down and abandoning module PhysXCooking (126)
[2024.03.17-10.22.24:717][  0]LogModuleManager: Shutting down and abandoning module Chaos (124)
[2024.03.17-10.22.24:717][  0]LogModuleManager: Shutting down and abandoning module WindowsPlatformFeatures (122)
[2024.03.17-10.22.24:717][  0]LogModuleManager: Shutting down and abandoning module GameplayMediaEncoder (121)
[2024.03.17-10.22.24:717][  0]LogModuleManager: Shutting down and abandoning module AVEncoder (120)
[2024.03.17-10.22.24:718][  0]LogModuleManager: Shutting down and abandoning module SteamVRInputDevice (116)
[2024.03.17-10.22.24:718][  0]LogModuleManager: Shutting down and abandoning module SteamVRInput (114)
[2024.03.17-10.22.24:718][  0]LogModuleManager: Shutting down and abandoning module SteamVR (112)
[2024.03.17-10.22.24:718][  0]LogHMD: Freeing OpenVRDLLHandle.
[2024.03.17-10.22.24:718][  0]LogModuleManager: Shutting down and abandoning module OculusHMD (110)
[2024.03.17-10.22.24:718][  0]LogModuleManager: Shutting down and abandoning module OpenXRHandTracking (108)
[2024.03.17-10.22.24:718][  0]LogModuleManager: Shutting down and abandoning module OpenXREyeTracker (106)
[2024.03.17-10.22.24:718][  0]LogModuleManager: Shutting down and abandoning module OpenXRAR (104)
[2024.03.17-10.22.24:718][  0]LogModuleManager: Shutting down and abandoning module AugmentedReality (103)
[2024.03.17-10.22.24:718][  0]LogModuleManager: Shutting down and abandoning module OpenXRHMD (100)
[2024.03.17-10.22.24:719][  0]LogModuleManager: Shutting down and abandoning module ExampleDeviceProfileSelector (98)
[2024.03.17-10.22.24:719][  0]LogModuleManager: Shutting down and abandoning module ChunkDownloader (96)
[2024.03.17-10.22.24:719][  0]LogModuleManager: Shutting down and abandoning module LauncherChunkInstaller (94)
[2024.03.17-10.22.24:719][  0]LogModuleManager: Shutting down and abandoning module OnlineBlueprintSupport (92)
[2024.03.17-10.22.24:719][  0]LogModuleManager: Shutting down and abandoning module MLSDK (88)
[2024.03.17-10.22.24:719][  0]LogModuleManager: Shutting down and abandoning module OnlineSubsystem (86)
[2024.03.17-10.22.24:722][  0]LogModuleManager: Shutting down and abandoning module XMPP (81)
[2024.03.17-10.22.24:723][  0]LogModuleManager: Shutting down and abandoning module WebSockets (80)
[2024.03.17-10.22.24:727][  0]LogModuleManager: Shutting down and abandoning module HTTP (77)
[2024.03.17-10.22.24:728][  0]LogHttp: Display: cleaning up 0 outstanding Http requests.
[2024.03.17-10.22.24:736][  0]LogModuleManager: Shutting down and abandoning module SSL (76)
[2024.03.17-10.22.24:737][  0]LogModuleManager: Shutting down and abandoning module MagicLeap (72)
[2024.03.17-10.22.24:737][  0]LogModuleManager: Shutting down and abandoning module VariantManagerContent (70)
[2024.03.17-10.22.24:737][  0]LogModuleManager: Shutting down and abandoning module DatasmithContent (68)
[2024.03.17-10.22.24:737][  0]LogModuleManager: Shutting down and abandoning module ExrReaderGpu (66)
[2024.03.17-10.22.24:737][  0]LogModuleManager: Shutting down and abandoning module WmfMedia (64)
[2024.03.17-10.22.24:739][  0]LogModuleManager: Shutting down and abandoning module Media (63)
[2024.03.17-10.22.24:740][  0]LogModuleManager: Shutting down and abandoning module MediaInfo (62)
[2024.03.17-10.22.24:740][  0]LogModuleManager: Shutting down and abandoning module NiagaraVertexFactories (58)
[2024.03.17-10.22.24:740][  0]LogModuleManager: Shutting down and abandoning module NiagaraShader (56)
[2024.03.17-10.22.24:740][  0]LogModuleManager: Shutting down and abandoning module ChaosCloth (54)
[2024.03.17-10.22.24:740][  0]LogModuleManager: Shutting down and abandoning module PixWinPlugin (52)
[2024.03.17-10.22.24:740][  0]LogModuleManager: Shutting down and abandoning module AISupportModule (50)
[2024.03.17-10.22.24:740][  0]LogModuleManager: Shutting down and abandoning module DesktopPlatform (48)
[2024.03.17-10.22.24:740][  0]LogModuleManager: Shutting down and abandoning module OodleDataCompressionFormat (46)
[2024.03.17-10.22.24:741][  0]LogModuleManager: Shutting down and abandoning module PythonScriptPluginPreload (44)
[2024.03.17-10.22.24:749][  0]LogModuleManager: Shutting down and abandoning module PlatformCryptoOpenSSL (42)
[2024.03.17-10.22.24:794][  0]LogModuleManager: Shutting down and abandoning module PlatformCryptoTypes (40)
[2024.03.17-10.22.24:794][  0]LogModuleManager: Shutting down and abandoning module PlatformCrypto (38)
[2024.03.17-10.22.24:794][  0]LogModuleManager: Shutting down and abandoning module XGEController (36)
[2024.03.17-10.22.24:794][  0]LogXGEController: Cleaning working directory: C:/Users/ZTT/AppData/Local/Temp/UnrealXGEWorkingDir/
[2024.03.17-10.22.24:794][  0]LogModuleManager: Shutting down and abandoning module AnimationModifiers (34)
[2024.03.17-10.22.24:863][  0]LogModuleManager: Shutting down and abandoning module AudioEditor (32)
[2024.03.17-10.22.24:895][  0]LogModuleManager: Shutting down and abandoning module PropertyEditor (31)
[2024.03.17-10.22.25:113][  0]LogModuleManager: Shutting down and abandoning module TextureCompressor (28)
[2024.03.17-10.22.25:138][  0]LogModuleManager: Shutting down and abandoning module RenderCore (26)
[2024.03.17-10.22.25:138][  0]LogModuleManager: Shutting down and abandoning module Landscape (24)
[2024.03.17-10.22.25:138][  0]LogModuleManager: Shutting down and abandoning module SlateRHIRenderer (22)
[2024.03.17-10.22.25:140][  0]LogModuleManager: Shutting down and abandoning module AnimGraphRuntime (20)
[2024.03.17-10.22.25:141][  0]LogModuleManager: Shutting down and abandoning module Renderer (18)
[2024.03.17-10.22.25:145][  0]LogModuleManager: Shutting down and abandoning module Engine (16)
[2024.03.17-10.22.25:148][  0]LogModuleManager: Shutting down and abandoning module CoreUObject (14)
[2024.03.17-10.22.25:148][  0]LogModuleManager: Shutting down and abandoning module NetworkFile (12)
[2024.03.17-10.22.25:149][  0]LogModuleManager: Shutting down and abandoning module CookedIterativeFile (10)
[2024.03.17-10.22.25:149][  0]LogModuleManager: Shutting down and abandoning module StreamingFile (8)
[2024.03.17-10.22.25:150][  0]LogModuleManager: Shutting down and abandoning module SandboxFile (6)
[2024.03.17-10.22.25:150][  0]LogModuleManager: Shutting down and abandoning module PakFile (4)
[2024.03.17-10.22.25:157][  0]LogModuleManager: Shutting down and abandoning module RSA (3)
[2024.03.17-10.22.25:176][  0]LogD3D11RHI: Shutdown
[2024.03.17-10.22.25:176][  0]LogD3D11RHI: CleanupD3DDevice
[2024.03.17-10.22.25:248][  0]LogExit: Exiting.
[2024.03.17-10.22.25:294][  0]Log file closed, 03/17/24 18:22:25
