Log file open, 03/18/24 17:31:22
LogWindows: Failed to load 'aqProf.dll' (GetLastError=126)
LogWindows: File 'aqProf.dll' does not exist
LogWindows: Failed to load 'VtuneApi.dll' (GetLastError=126)
LogWindows: File 'VtuneApi.dll' does not exist
LogWindows: Failed to load 'VtuneApi32e.dll' (GetLastError=126)
LogWindows: File 'VtuneApi32e.dll' does not exist
LogConsoleResponse: Display: Failed to find resolution value strings in scalability ini. Falling back to default.
LogConsoleResponse: Display: Failed to find resolution value strings in scalability ini. Falling back to default.
LogInit: Display: Running engine for game: NetShootRewrite
LogPlatformFile: Not using cached read wrapper
LogTaskGraph: Started task graph with 5 named threads and 35 total threads with 3 sets of task threads.
LogStats: Stats thread started at 0.135173
LogICUInternationalization: ICU TimeZone Detection - Raw Offset: +8:00, Platform Override: ''
LogInit: Display: Loading text-based GConfig....
LogPluginManager: Mounting plugin MeshPainting
LogPluginManager: Mounting plugin XGEController
LogPluginManager: Mounting plugin Paper2D
LogPluginManager: Mounting plugin LightPropagationVolume
LogPluginManager: Mounting plugin EnvironmentQueryEditor
LogPluginManager: Mounting plugin AISupport
LogPluginManager: Mounting plugin LiveLink
LogPluginManager: Mounting plugin CameraShakePreviewer
LogPluginManager: Mounting plugin GameplayCameras
LogPluginManager: Mounting plugin OodleData
LogPluginManager: Mounting plugin OodleNetwork
LogPluginManager: Mounting plugin AnimationSharing
LogPluginManager: Mounting plugin CLionSourceCodeAccess
LogPluginManager: Mounting plugin AssetManagerEditor
LogPluginManager: Mounting plugin CodeLiteSourceCodeAccess
LogPluginManager: Mounting plugin Niagara
LogPluginManager: Mounting plugin GitSourceControl
LogPluginManager: Mounting plugin KDevelopSourceCodeAccess
LogPluginManager: Mounting plugin NullSourceCodeAccess
LogPluginManager: Mounting plugin DatasmithContent
LogPluginManager: Mounting plugin PerforceSourceControl
LogPluginManager: Mounting plugin PixWinPlugin
LogPluginManager: Mounting plugin CryptoKeys
LogPluginManager: Mounting plugin PlasticSourceControl
LogPluginManager: Mounting plugin CurveEditorTools
LogPluginManager: Mounting plugin DataValidation
LogPluginManager: Mounting plugin PluginUtils
LogPluginManager: Mounting plugin FacialAnimation
LogPluginManager: Mounting plugin GameplayTagsEditor
LogPluginManager: Mounting plugin GeometryMode
LogPluginManager: Mounting plugin MacGraphicsSwitching
LogPluginManager: Mounting plugin MaterialAnalyzer
LogPluginManager: Mounting plugin MobileLauncherProfileWizard
LogPluginManager: Mounting plugin PluginBrowser
LogPluginManager: Mounting plugin SpeedTreeImporter
LogPluginManager: Mounting plugin PropertyAccessNode
LogPluginManager: Mounting plugin RiderSourceCodeAccess
LogPluginManager: Mounting plugin AlembicImporter
LogPluginManager: Mounting plugin SubversionSourceControl
LogPluginManager: Mounting plugin AutomationUtils
LogPluginManager: Mounting plugin TextureFormatOodle
LogPluginManager: Mounting plugin UObjectPlugin
LogPluginManager: Mounting plugin VisualStudioCodeSourceCodeAccess
LogPluginManager: Mounting plugin BackChannel
LogPluginManager: Mounting plugin XCodeSourceCodeAccess
LogPluginManager: Mounting plugin VisualStudioSourceCodeAccess
LogPluginManager: Mounting plugin ChaosCloth
LogPluginManager: Mounting plugin ChaosClothEditor
LogPluginManager: Mounting plugin ChaosEditor
LogPluginManager: Mounting plugin VariantManagerContent
LogPluginManager: Mounting plugin ChaosNiagara
LogPluginManager: Mounting plugin ChaosSolverPlugin
LogPluginManager: Mounting plugin CharacterAI
LogPluginManager: Mounting plugin LuminPlatformFeatures
LogPluginManager: Mounting plugin MagicLeap
LogPluginManager: Mounting plugin GeometryCache
LogPluginManager: Mounting plugin GeometryCollectionPlugin
LogPluginManager: Mounting plugin GeometryProcessing
LogPluginManager: Mounting plugin MagicLeapLightEstimation
LogPluginManager: Mounting plugin MagicLeapMedia
LogPluginManager: Mounting plugin MagicLeapPassableWorld
LogPluginManager: Mounting plugin MLSDK
LogPluginManager: Mounting plugin MotoSynth
LogPluginManager: Mounting plugin OpenImageDenoise
LogPluginManager: Mounting plugin PlatformCrypto
LogPluginManager: Mounting plugin PlanarCut
LogPluginManager: Mounting plugin ProxyLODPlugin
LogPluginManager: Mounting plugin PythonScriptPlugin
LogPluginManager: Mounting plugin SkeletalReduction
LogPluginManager: Mounting plugin AndroidMedia
LogPluginManager: Mounting plugin AvfMedia
LogPluginManager: Mounting plugin ImgMedia
LogPluginManager: Mounting plugin MediaCompositing
LogPluginManager: Mounting plugin MediaPlayerEditor
LogPluginManager: Mounting plugin WebMMedia
LogPluginManager: Mounting plugin WmfMedia
LogPluginManager: Mounting plugin TcpMessaging
LogPluginManager: Mounting plugin MatineeToLevelSequence
LogPluginManager: Mounting plugin LevelSequenceEditor
LogPluginManager: Mounting plugin ActorSequence
LogPluginManager: Mounting plugin UdpMessaging
LogPluginManager: Mounting plugin TemplateSequence
LogPluginManager: Mounting plugin OnlineSubsystem
LogPluginManager: Mounting plugin OnlineSubsystemNull
LogPluginManager: Mounting plugin LauncherChunkInstaller
LogPluginManager: Mounting plugin ActorLayerUtilities
LogPluginManager: Mounting plugin OnlineSubsystemUtils
LogPluginManager: Mounting plugin AndroidDeviceProfileSelector
LogPluginManager: Mounting plugin AndroidMoviePlayer
LogPluginManager: Mounting plugin AndroidPermission
LogPluginManager: Mounting plugin AppleImageUtils
LogPluginManager: Mounting plugin AppleMoviePlayer
LogPluginManager: Mounting plugin AssetTags
LogPluginManager: Mounting plugin ArchVisCharacter
LogPluginManager: Mounting plugin AudioCapture
LogPluginManager: Mounting plugin AudioSynesthesia
LogPluginManager: Mounting plugin ChunkDownloader
LogPluginManager: Mounting plugin CustomMeshComponent
LogPluginManager: Mounting plugin CableComponent
LogPluginManager: Mounting plugin ExampleDeviceProfileSelector
LogPluginManager: Mounting plugin GoogleCloudMessaging
LogPluginManager: Mounting plugin EditableMesh
LogPluginManager: Mounting plugin GooglePAD
LogPluginManager: Mounting plugin LocationServicesBPLibrary
LogPluginManager: Mounting plugin IOSDeviceProfileSelector
LogPluginManager: Mounting plugin MobilePatchingUtils
LogPluginManager: Mounting plugin LinuxDeviceProfileSelector
LogPluginManager: Mounting plugin OpenXR
LogPluginManager: Mounting plugin OpenXREyeTracker
LogPluginManager: Mounting plugin PostSplashScreen
LogPluginManager: Mounting plugin OpenXRHandTracking
LogPluginManager: Mounting plugin PhysXVehicles
LogPluginManager: Mounting plugin SoundFields
LogPluginManager: Mounting plugin RuntimePhysXCooking
LogPluginManager: Mounting plugin SignificanceManager
LogPluginManager: Mounting plugin PropertyAccessEditor
LogPluginManager: Mounting plugin ProceduralMeshComponent
LogPluginManager: Mounting plugin Synthesis
LogPluginManager: Mounting plugin WebMMoviePlayer
LogPluginManager: Mounting plugin WindowsMoviePlayer
LogPluginManager: Mounting plugin ScreenshotTools
LogPluginManager: Mounting plugin Takes
LogPluginManager: Mounting plugin ContentBrowserAssetDataSource
LogPluginManager: Mounting plugin ContentBrowserFileDataSource
LogPluginManager: Mounting plugin ContentBrowserClassDataSource
LogPluginManager: Mounting plugin RiderLink
LogPluginManager: Mounting plugin OnlineSubsystemGooglePlay
LogPluginManager: Mounting plugin OnlineSubsystemIOS
LogPluginManager: Mounting plugin OculusVR
LogPluginManager: Mounting plugin SteamVR
PixWinPlugin: PIX capture plugin failed to initialize! Check that the process is launched from PIX.
LogInit: Using libcurl 7.55.1-DEV
LogInit:  - built for x86_64-pc-win32
LogInit:  - supports SSL with OpenSSL/1.1.1
LogInit:  - supports HTTP deflate (compression) using libz 1.2.8
LogInit:  - other features:
LogInit:      CURL_VERSION_SSL
LogInit:      CURL_VERSION_LIBZ
LogInit:      CURL_VERSION_IPV6
LogInit:      CURL_VERSION_ASYNCHDNS
LogInit:      CURL_VERSION_LARGEFILE
LogInit:      CURL_VERSION_IDN
LogInit:  CurlRequestOptions (configurable via config and command line):
LogInit:  - bVerifyPeer = true  - Libcurl will verify peer certificate
LogInit:  - bUseHttpProxy = false  - Libcurl will NOT use HTTP proxy
LogInit:  - bDontReuseConnections = false  - Libcurl will reuse connections
LogInit:  - MaxHostConnections = 16  - Libcurl will limit the number of connections to a host
LogInit:  - LocalHostAddr = Default
LogInit:  - BufferSize = 65536
LogOnline: OSS: Creating online subsystem instance for: NULL
LogInit: WinSock: version 1.1 (2.2), MaxSocks=32767, MaxUdp=65467
LogOnline: OSS: TryLoadSubsystemAndSetDefault: Loaded subsystem for module [NULL]
LogOculusPluginWrapper: OculusPlugin initialized successfully
LogHMD: Failed initializing OVRPlugin 1.59.0
LogInit: Build: ++UE4+Release-4.27-CL-0
LogInit: Engine Version: 4.27.2-0+++UE4+Release-4.27
LogInit: Compatible Engine Version: 4.27.0-0+++UE4+Release-4.27
LogInit: Net CL: 0
LogInit: OS: Windows 10 (Release 2009) (), CPU: Intel(R) Core(TM) i7-8700 CPU @ 3.20GHz, GPU: NVIDIA GeForce GTX 1660 Ti
LogInit: Compiled (64-bit): Mar 12 2024 21:46:05
LogInit: Compiled with Visual C++: 19.39.33521.00
LogInit: Build Configuration: Development
LogInit: Branch Name: ++UE4+Release-4.27
LogInit: Command Line:  -skipcompile
LogInit: Base Directory: C:/Program Files (x86)/UE4.27/UnrealEngine-4.27/Engine/Binaries/Win64/
LogInit: Allocator: TBB
LogInit: Installed Engine Build: 0
LogDevObjectVersion: Number of dev versions registered: 29
LogDevObjectVersion:   Dev-Blueprints (B0D832E4-1F89-4F0D-ACCF-7EB736FD4AA2): 10
LogDevObjectVersion:   Dev-Build (E1C64328-A22C-4D53-A36C-8E866417BD8C): 0
LogDevObjectVersion:   Dev-Core (375EC13C-06E4-48FB-B500-84F0262A717E): 4
LogDevObjectVersion:   Dev-Editor (E4B068ED-F494-42E9-A231-DA0B2E46BB41): 40
LogDevObjectVersion:   Dev-Framework (CFFC743F-43B0-4480-9391-14DF171D2073): 37
LogDevObjectVersion:   Dev-Mobile (B02B49B5-BB20-44E9-A304-32B752E40360): 3
LogDevObjectVersion:   Dev-Networking (A4E4105C-59A1-49B5-A7C5-40C4547EDFEE): 0
LogDevObjectVersion:   Dev-Online (39C831C9-5AE6-47DC-9A44-9C173E1C8E7C): 0
LogDevObjectVersion:   Dev-Physics (78F01B33-EBEA-4F98-B9B4-84EACCB95AA2): 14
LogDevObjectVersion:   Dev-Platform (6631380F-2D4D-43E0-8009-CF276956A95A): 0
LogDevObjectVersion:   Dev-Rendering (12F88B9F-8875-4AFC-A67C-D90C383ABD29): 45
LogDevObjectVersion:   Dev-Sequencer (7B5AE74C-D270-4C10-A958-57980B212A5A): 13
LogDevObjectVersion:   Dev-VR (D7296918-1DD6-4BDD-9DE2-64A83CC13884): 3
LogDevObjectVersion:   Dev-LoadTimes (C2A15278-BFE7-4AFE-6C17-90FF531DF755): 1
LogDevObjectVersion:   Private-Geometry (6EACA3D4-40EC-4CC1-B786-8BED09428FC5): 3
LogDevObjectVersion:   Dev-AnimPhys (29E575DD-E0A3-4627-9D10-D276232CDCEA): 17
LogDevObjectVersion:   Dev-Anim (AF43A65D-7FD3-4947-9873-3E8ED9C1BB05): 15
LogDevObjectVersion:   Dev-ReflectionCapture (6B266CEC-1EC7-4B8F-A30B-E4D90942FC07): 1
LogDevObjectVersion:   Dev-Automation (0DF73D61-A23F-47EA-B727-89E90C41499A): 1
LogDevObjectVersion:   FortniteMain (601D1886-AC64-4F84-AA16-D3DE0DEAC7D6): 47
LogDevObjectVersion:   FortniteRelease (E7086368-6B23-4C58-8439-1B7016265E91): 1
LogDevObjectVersion:   Dev-Enterprise (9DFFBCD6-494F-0158-E221-12823C92A888): 10
LogDevObjectVersion:   Dev-Niagara (F2AED0AC-9AFE-416F-8664-AA7FFA26D6FC): 1
LogDevObjectVersion:   Dev-Destruction (174F1F0B-B4C6-45A5-B13F-2EE8D0FB917D): 10
LogDevObjectVersion:   Dev-Physics-Ext (35F94A83-E258-406C-A318-09F59610247C): 41
LogDevObjectVersion:   Dev-PhysicsMaterial-Chaos (B68FC16E-8B1B-42E2-B453-215C058844FE): 1
LogDevObjectVersion:   Dev-CineCamera (B2E18506-4273-CFC2-A54E-F4BB758BBA07): 1
LogDevObjectVersion:   Dev-VirtualProduction (64F58936-FD1B-42BA-BA96-7289D5D0FA4E): 1
LogDevObjectVersion:   Dev-MediaFramework (6F0ED827-A609-4895-9C91-998D90180EA4): 2
LogInit: Presizing for max 25165824 objects, including 0 objects not considered by GC, pre-allocating 0 bytes for permanent pool.
LogConfig: Applying CVar settings from Section [/Script/Engine.StreamingSettings] File [D:/GitHub/NetShootRewrite/Saved/Config/Windows/Engine.ini]
LogConfig: Setting CVar [[s.MinBulkDataSizeForAsyncLoading:131072]]
LogConfig: Setting CVar [[s.AsyncLoadingThreadEnabled:0]]
LogConfig: Setting CVar [[s.EventDrivenLoaderEnabled:1]]
LogConfig: Setting CVar [[s.WarnIfTimeLimitExceeded:0]]
LogConfig: Setting CVar [[s.TimeLimitExceededMultiplier:1.5]]
LogConfig: Setting CVar [[s.TimeLimitExceededMinTime:0.005]]
LogConfig: Setting CVar [[s.UseBackgroundLevelStreaming:1]]
LogConfig: Setting CVar [[s.PriorityAsyncLoadingExtraTime:15.0]]
LogConfig: Setting CVar [[s.LevelStreamingActorsUpdateTimeLimit:5.0]]
LogConfig: Setting CVar [[s.PriorityLevelStreamingActorsUpdateExtraTime:5.0]]
LogConfig: Setting CVar [[s.LevelStreamingComponentsRegistrationGranularity:10]]
LogConfig: Setting CVar [[s.UnregisterComponentsTimeLimit:1.0]]
LogConfig: Setting CVar [[s.LevelStreamingComponentsUnregistrationGranularity:5]]
LogConfig: Setting CVar [[s.FlushStreamingOnExit:1]]
LogInit: Object subsystem initialized
LogConfig: Setting CVar [[con.DebugEarlyDefault:1]]
LogConfig: Setting CVar [[r.setres:1280x720]]
[2024.03.18-09.31.23:324][  0]LogConfig: Setting CVar [[r.VSync:0]]
[2024.03.18-09.31.23:324][  0]LogConfig: Setting CVar [[r.RHICmdBypass:0]]
[2024.03.18-09.31.23:324][  0]LogConfig: Applying CVar settings from Section [/Script/Engine.RendererSettings] File [D:/GitHub/NetShootRewrite/Saved/Config/Windows/Engine.ini]
[2024.03.18-09.31.23:324][  0]LogConfig: Setting CVar [[r.GPUCrashDebugging:0]]
[2024.03.18-09.31.23:324][  0]LogConfig: Applying CVar settings from Section [/Script/Engine.RendererOverrideSettings] File [D:/GitHub/NetShootRewrite/Saved/Config/Windows/Engine.ini]
[2024.03.18-09.31.23:324][  0]LogConfig: Applying CVar settings from Section [/Script/Engine.StreamingSettings] File [D:/GitHub/NetShootRewrite/Saved/Config/Windows/Engine.ini]
[2024.03.18-09.31.23:324][  0]LogConfig: Setting CVar [[s.MinBulkDataSizeForAsyncLoading:131072]]
[2024.03.18-09.31.23:324][  0]LogConfig: Setting CVar [[s.AsyncLoadingThreadEnabled:0]]
[2024.03.18-09.31.23:324][  0]LogConfig: Setting CVar [[s.EventDrivenLoaderEnabled:1]]
[2024.03.18-09.31.23:324][  0]LogConfig: Setting CVar [[s.WarnIfTimeLimitExceeded:0]]
[2024.03.18-09.31.23:324][  0]LogConfig: Setting CVar [[s.TimeLimitExceededMultiplier:1.5]]
[2024.03.18-09.31.23:324][  0]LogConfig: Setting CVar [[s.TimeLimitExceededMinTime:0.005]]
[2024.03.18-09.31.23:324][  0]LogConfig: Setting CVar [[s.UseBackgroundLevelStreaming:1]]
[2024.03.18-09.31.23:324][  0]LogConfig: Setting CVar [[s.PriorityAsyncLoadingExtraTime:15.0]]
[2024.03.18-09.31.23:324][  0]LogConfig: Setting CVar [[s.LevelStreamingActorsUpdateTimeLimit:5.0]]
[2024.03.18-09.31.23:324][  0]LogConfig: Setting CVar [[s.PriorityLevelStreamingActorsUpdateExtraTime:5.0]]
[2024.03.18-09.31.23:324][  0]LogConfig: Setting CVar [[s.LevelStreamingComponentsRegistrationGranularity:10]]
[2024.03.18-09.31.23:324][  0]LogConfig: Setting CVar [[s.UnregisterComponentsTimeLimit:1.0]]
[2024.03.18-09.31.23:324][  0]LogConfig: Setting CVar [[s.LevelStreamingComponentsUnregistrationGranularity:5]]
[2024.03.18-09.31.23:324][  0]LogConfig: Setting CVar [[s.FlushStreamingOnExit:1]]
[2024.03.18-09.31.23:324][  0]LogConfig: Applying CVar settings from Section [/Script/Engine.GarbageCollectionSettings] File [D:/GitHub/NetShootRewrite/Saved/Config/Windows/Engine.ini]
[2024.03.18-09.31.23:324][  0]LogConfig: Setting CVar [[gc.MaxObjectsNotConsideredByGC:1]]
[2024.03.18-09.31.23:324][  0]LogConfig: Setting CVar [[gc.SizeOfPermanentObjectPool:0]]
[2024.03.18-09.31.23:324][  0]LogConfig: Setting CVar [[gc.FlushStreamingOnGC:0]]
[2024.03.18-09.31.23:324][  0]LogConfig: Setting CVar [[gc.NumRetriesBeforeForcingGC:10]]
[2024.03.18-09.31.23:324][  0]LogConfig: Setting CVar [[gc.AllowParallelGC:1]]
[2024.03.18-09.31.23:324][  0]LogConfig: Setting CVar [[gc.TimeBetweenPurgingPendingKillObjects:61.1]]
[2024.03.18-09.31.23:324][  0]LogConfig: Setting CVar [[gc.MaxObjectsInEditor:25165824]]
[2024.03.18-09.31.23:324][  0]LogConfig: Setting CVar [[gc.IncrementalBeginDestroyEnabled:1]]
[2024.03.18-09.31.23:324][  0]LogConfig: Setting CVar [[gc.CreateGCClusters:1]]
[2024.03.18-09.31.23:324][  0]LogConfig: Setting CVar [[gc.MinGCClusterSize:5]]
[2024.03.18-09.31.23:324][  0]LogConfig: Setting CVar [[gc.ActorClusteringEnabled:0]]
[2024.03.18-09.31.23:324][  0]LogConfig: Setting CVar [[gc.BlueprintClusteringEnabled:0]]
[2024.03.18-09.31.23:324][  0]LogConfig: Setting CVar [[gc.UseDisregardForGCOnDedicatedServers:0]]
[2024.03.18-09.31.23:324][  0]LogConfig: Setting CVar [[gc.MultithreadedDestructionEnabled:1]]
[2024.03.18-09.31.23:324][  0]LogConfig: Applying CVar settings from Section [/Script/Engine.NetworkSettings] File [D:/GitHub/NetShootRewrite/Saved/Config/Windows/Engine.ini]
[2024.03.18-09.31.23:324][  0]LogConfig: Applying CVar settings from Section [/Script/UnrealEd.CookerSettings] File [D:/GitHub/NetShootRewrite/Saved/Config/Windows/Engine.ini]
[2024.03.18-09.31.23:367][  0]LogConfig: Applying CVar settings from Section [ViewDistanceQuality@3] File [D:/GitHub/NetShootRewrite/Saved/Config/Windows/Scalability.ini]
[2024.03.18-09.31.23:367][  0]LogConfig: Setting CVar [[r.SkeletalMeshLODBias:0]]
[2024.03.18-09.31.23:367][  0]LogConfig: Setting CVar [[r.ViewDistanceScale:1.0]]
[2024.03.18-09.31.23:367][  0]LogConfig: Applying CVar settings from Section [AntiAliasingQuality@3] File [D:/GitHub/NetShootRewrite/Saved/Config/Windows/Scalability.ini]
[2024.03.18-09.31.23:367][  0]LogConfig: Setting CVar [[r.PostProcessAAQuality:4]]
[2024.03.18-09.31.23:367][  0]LogConfig: Applying CVar settings from Section [ShadowQuality@3] File [D:/GitHub/NetShootRewrite/Saved/Config/Windows/Scalability.ini]
[2024.03.18-09.31.23:367][  0]LogConfig: Setting CVar [[r.LightFunctionQuality:1]]
[2024.03.18-09.31.23:367][  0]LogConfig: Setting CVar [[r.ShadowQuality:5]]
[2024.03.18-09.31.23:367][  0]LogConfig: Setting CVar [[r.Shadow.CSM.MaxCascades:10]]
[2024.03.18-09.31.23:367][  0]LogConfig: Setting CVar [[r.Shadow.MaxResolution:2048]]
[2024.03.18-09.31.23:367][  0]LogConfig: Setting CVar [[r.Shadow.MaxCSMResolution:2048]]
[2024.03.18-09.31.23:367][  0]LogConfig: Setting CVar [[r.Shadow.RadiusThreshold:0.01]]
[2024.03.18-09.31.23:367][  0]LogConfig: Setting CVar [[r.Shadow.DistanceScale:1.0]]
[2024.03.18-09.31.23:367][  0]LogConfig: Setting CVar [[r.Shadow.CSM.TransitionScale:1.0]]
[2024.03.18-09.31.23:367][  0]LogConfig: Setting CVar [[r.Shadow.PreShadowResolutionFactor:1.0]]
[2024.03.18-09.31.23:367][  0]LogConfig: Setting CVar [[r.DistanceFieldShadowing:1]]
[2024.03.18-09.31.23:367][  0]LogConfig: Setting CVar [[r.DistanceFieldAO:1]]
[2024.03.18-09.31.23:367][  0]LogConfig: Setting CVar [[r.AOQuality:2]]
[2024.03.18-09.31.23:367][  0]LogConfig: Setting CVar [[r.VolumetricFog:1]]
[2024.03.18-09.31.23:367][  0]LogConfig: Setting CVar [[r.VolumetricFog.GridPixelSize:8]]
[2024.03.18-09.31.23:367][  0]LogConfig: Setting CVar [[r.VolumetricFog.GridSizeZ:128]]
[2024.03.18-09.31.23:367][  0]LogConfig: Setting CVar [[r.VolumetricFog.HistoryMissSupersampleCount:4]]
[2024.03.18-09.31.23:367][  0]LogConfig: Setting CVar [[r.LightMaxDrawDistanceScale:1]]
[2024.03.18-09.31.23:367][  0]LogConfig: Setting CVar [[r.CapsuleShadows:1]]
[2024.03.18-09.31.23:367][  0]LogConfig: Applying CVar settings from Section [PostProcessQuality@3] File [D:/GitHub/NetShootRewrite/Saved/Config/Windows/Scalability.ini]
[2024.03.18-09.31.23:367][  0]LogConfig: Setting CVar [[r.MotionBlurQuality:4]]
[2024.03.18-09.31.23:367][  0]LogConfig: Setting CVar [[r.AmbientOcclusionMipLevelFactor:0.4]]
[2024.03.18-09.31.23:367][  0]LogConfig: Setting CVar [[r.AmbientOcclusionMaxQuality:100]]
[2024.03.18-09.31.23:367][  0]LogConfig: Setting CVar [[r.AmbientOcclusionLevels:-1]]
[2024.03.18-09.31.23:367][  0]LogConfig: Setting CVar [[r.AmbientOcclusionRadiusScale:1.0]]
[2024.03.18-09.31.23:367][  0]LogConfig: Setting CVar [[r.DepthOfFieldQuality:2]]
[2024.03.18-09.31.23:367][  0]LogConfig: Setting CVar [[r.RenderTargetPoolMin:400]]
[2024.03.18-09.31.23:367][  0]LogConfig: Setting CVar [[r.LensFlareQuality:2]]
[2024.03.18-09.31.23:367][  0]LogConfig: Setting CVar [[r.SceneColorFringeQuality:1]]
[2024.03.18-09.31.23:367][  0]LogConfig: Setting CVar [[r.EyeAdaptationQuality:2]]
[2024.03.18-09.31.23:367][  0]LogConfig: Setting CVar [[r.BloomQuality:5]]
[2024.03.18-09.31.23:367][  0]LogConfig: Setting CVar [[r.FastBlurThreshold:100]]
[2024.03.18-09.31.23:367][  0]LogConfig: Setting CVar [[r.Upscale.Quality:3]]
[2024.03.18-09.31.23:367][  0]LogConfig: Setting CVar [[r.Tonemapper.GrainQuantization:1]]
[2024.03.18-09.31.23:367][  0]LogConfig: Setting CVar [[r.LightShaftQuality:1]]
[2024.03.18-09.31.23:368][  0]LogConfig: Setting CVar [[r.Filter.SizeScale:1]]
[2024.03.18-09.31.23:368][  0]LogConfig: Setting CVar [[r.Tonemapper.Quality:5]]
[2024.03.18-09.31.23:368][  0]LogConfig: Setting CVar [[r.DOF.Gather.AccumulatorQuality:1        ; higher gathering accumulator quality]]
[2024.03.18-09.31.23:368][  0]LogConfig: Setting CVar [[r.DOF.Gather.PostfilterMethod:1          ; Median3x3 postfilering method]]
[2024.03.18-09.31.23:368][  0]LogConfig: Setting CVar [[r.DOF.Gather.EnableBokehSettings:0       ; no bokeh simulation when gathering]]
[2024.03.18-09.31.23:368][  0]LogConfig: Setting CVar [[r.DOF.Gather.RingCount:4                 ; medium number of samples when gathering]]
[2024.03.18-09.31.23:368][  0]LogConfig: Setting CVar [[r.DOF.Scatter.ForegroundCompositing:1    ; additive foreground scattering]]
[2024.03.18-09.31.23:368][  0]LogConfig: Setting CVar [[r.DOF.Scatter.BackgroundCompositing:2    ; additive background scattering]]
[2024.03.18-09.31.23:368][  0]LogConfig: Setting CVar [[r.DOF.Scatter.EnableBokehSettings:1      ; bokeh simulation when scattering]]
[2024.03.18-09.31.23:368][  0]LogConfig: Setting CVar [[r.DOF.Scatter.MaxSpriteRatio:0.1         ; only a maximum of 10% of scattered bokeh]]
[2024.03.18-09.31.23:368][  0]LogConfig: Setting CVar [[r.DOF.Recombine.Quality:1                ; cheap slight out of focus]]
[2024.03.18-09.31.23:368][  0]LogConfig: Setting CVar [[r.DOF.Recombine.EnableBokehSettings:0    ; no bokeh simulation on slight out of focus]]
[2024.03.18-09.31.23:368][  0]LogConfig: Setting CVar [[r.DOF.TemporalAAQuality:1                ; more stable temporal accumulation]]
[2024.03.18-09.31.23:368][  0]LogConfig: Setting CVar [[r.DOF.Kernel.MaxForegroundRadius:0.025]]
[2024.03.18-09.31.23:368][  0]LogConfig: Setting CVar [[r.DOF.Kernel.MaxBackgroundRadius:0.025]]
[2024.03.18-09.31.23:368][  0]LogConfig: Applying CVar settings from Section [TextureQuality@3] File [D:/GitHub/NetShootRewrite/Saved/Config/Windows/Scalability.ini]
[2024.03.18-09.31.23:368][  0]LogConfig: Setting CVar [[r.Streaming.MipBias:0]]
[2024.03.18-09.31.23:368][  0]LogConfig: Setting CVar [[r.Streaming.AmortizeCPUToGPUCopy:0]]
[2024.03.18-09.31.23:368][  0]LogConfig: Setting CVar [[r.Streaming.MaxNumTexturesToStreamPerFrame:0]]
[2024.03.18-09.31.23:368][  0]LogConfig: Setting CVar [[r.Streaming.Boost:1]]
[2024.03.18-09.31.23:368][  0]LogConfig: Setting CVar [[r.MaxAnisotropy:8]]
[2024.03.18-09.31.23:368][  0]LogConfig: Setting CVar [[r.VT.MaxAnisotropy:8]]
[2024.03.18-09.31.23:368][  0]LogConfig: Setting CVar [[r.Streaming.LimitPoolSizeToVRAM:0]]
[2024.03.18-09.31.23:368][  0]LogConfig: Setting CVar [[r.Streaming.PoolSize:1000]]
[2024.03.18-09.31.23:368][  0]LogConfig: Setting CVar [[r.Streaming.MaxEffectiveScreenSize:0]]
[2024.03.18-09.31.23:368][  0]LogConfig: Applying CVar settings from Section [EffectsQuality@3] File [D:/GitHub/NetShootRewrite/Saved/Config/Windows/Scalability.ini]
[2024.03.18-09.31.23:368][  0]LogConfig: Setting CVar [[r.TranslucencyLightingVolumeDim:64]]
[2024.03.18-09.31.23:368][  0]LogConfig: Setting CVar [[r.RefractionQuality:2]]
[2024.03.18-09.31.23:368][  0]LogConfig: Setting CVar [[r.SSR.Quality:3]]
[2024.03.18-09.31.23:368][  0]LogConfig: Setting CVar [[r.SSR.HalfResSceneColor:0]]
[2024.03.18-09.31.23:368][  0]LogConfig: Setting CVar [[r.SceneColorFormat:4]]
[2024.03.18-09.31.23:368][  0]LogConfig: Setting CVar [[r.DetailMode:2]]
[2024.03.18-09.31.23:368][  0]LogConfig: Setting CVar [[r.TranslucencyVolumeBlur:1]]
[2024.03.18-09.31.23:368][  0]LogConfig: Setting CVar [[r.MaterialQualityLevel:1 ; High quality]]
[2024.03.18-09.31.23:368][  0]LogConfig: Setting CVar [[r.AnisotropicMaterials:1]]
[2024.03.18-09.31.23:368][  0]LogConfig: Setting CVar [[r.SSS.Scale:1]]
[2024.03.18-09.31.23:368][  0]LogConfig: Setting CVar [[r.SSS.SampleSet:2]]
[2024.03.18-09.31.23:368][  0]LogConfig: Setting CVar [[r.SSS.Quality:1]]
[2024.03.18-09.31.23:368][  0]LogConfig: Setting CVar [[r.SSS.HalfRes:0]]
[2024.03.18-09.31.23:368][  0]LogConfig: Setting CVar [[r.SSGI.Quality:3]]
[2024.03.18-09.31.23:368][  0]LogConfig: Setting CVar [[r.EmitterSpawnRateScale:1.0]]
[2024.03.18-09.31.23:368][  0]LogConfig: Setting CVar [[r.ParticleLightQuality:2]]
[2024.03.18-09.31.23:368][  0]LogConfig: Setting CVar [[r.SkyAtmosphere.AerialPerspectiveLUT.FastApplyOnOpaque:1 ; Always have FastSkyLUT 1 in this case to avoid wrong sky]]
[2024.03.18-09.31.23:368][  0]LogConfig: Setting CVar [[r.SkyAtmosphere.AerialPerspectiveLUT.SampleCountMaxPerSlice:4]]
[2024.03.18-09.31.23:368][  0]LogConfig: Setting CVar [[r.SkyAtmosphere.AerialPerspectiveLUT.DepthResolution:16.0]]
[2024.03.18-09.31.23:368][  0]LogConfig: Setting CVar [[r.SkyAtmosphere.FastSkyLUT:1]]
[2024.03.18-09.31.23:368][  0]LogConfig: Setting CVar [[r.SkyAtmosphere.FastSkyLUT.SampleCountMin:4.0]]
[2024.03.18-09.31.23:368][  0]LogConfig: Setting CVar [[r.SkyAtmosphere.FastSkyLUT.SampleCountMax:128.0]]
[2024.03.18-09.31.23:368][  0]LogConfig: Setting CVar [[r.SkyAtmosphere.SampleCountMin:4.0]]
[2024.03.18-09.31.23:368][  0]LogConfig: Setting CVar [[r.SkyAtmosphere.SampleCountMax:128.0]]
[2024.03.18-09.31.23:368][  0]LogConfig: Setting CVar [[r.SkyAtmosphere.TransmittanceLUT.UseSmallFormat:0]]
[2024.03.18-09.31.23:368][  0]LogConfig: Setting CVar [[r.SkyAtmosphere.TransmittanceLUT.SampleCount:10.0]]
[2024.03.18-09.31.23:368][  0]LogConfig: Setting CVar [[r.SkyAtmosphere.MultiScatteringLUT.SampleCount:15.0]]
[2024.03.18-09.31.23:368][  0]LogConfig: Setting CVar [[r.SkyLight.RealTimeReflectionCapture:1]]
[2024.03.18-09.31.23:368][  0]LogConfig: Applying CVar settings from Section [FoliageQuality@3] File [D:/GitHub/NetShootRewrite/Saved/Config/Windows/Scalability.ini]
[2024.03.18-09.31.23:368][  0]LogConfig: Setting CVar [[foliage.DensityScale:1.0]]
[2024.03.18-09.31.23:368][  0]LogConfig: Setting CVar [[grass.DensityScale:1.0]]
[2024.03.18-09.31.23:368][  0]LogConfig: Applying CVar settings from Section [ShadingQuality@3] File [D:/GitHub/NetShootRewrite/Saved/Config/Windows/Scalability.ini]
[2024.03.18-09.31.23:368][  0]LogConfig: Setting CVar [[r.HairStrands.SkyLighting.IntegrationType:2]]
[2024.03.18-09.31.23:368][  0]LogConfig: Setting CVar [[r.HairStrands.SkyAO.SampleCount:4]]
[2024.03.18-09.31.23:368][  0]LogConfig: Setting CVar [[r.HairStrands.Visibility.MSAA.SamplePerPixel:4]]
[2024.03.18-09.31.23:368][  0]LogInit: Selected Device Profile: [Windows]
[2024.03.18-09.31.23:368][  0]LogInit: Applying CVar settings loaded from the selected device profile: [Windows]
[2024.03.18-09.31.23:368][  0]LogHAL: Display: Platform has ~ 16 GB [17105735680 / 17179869184 / 16], which maps to Larger [LargestMinGB=32, LargerMinGB=12, DefaultMinGB=8, SmallerMinGB=6, SmallestMinGB=0)
[2024.03.18-09.31.23:368][  0]LogInit: Going up to parent DeviceProfile []
[2024.03.18-09.31.23:368][  0]LogConfig: Applying CVar settings from Section [ViewDistanceQuality@3] File [D:/GitHub/NetShootRewrite/Saved/Config/Windows/Scalability.ini]
[2024.03.18-09.31.23:368][  0]LogConfig: Setting CVar [[r.SkeletalMeshLODBias:0]]
[2024.03.18-09.31.23:368][  0]LogConfig: Setting CVar [[r.ViewDistanceScale:1.0]]
[2024.03.18-09.31.23:368][  0]LogConfig: Applying CVar settings from Section [AntiAliasingQuality@3] File [D:/GitHub/NetShootRewrite/Saved/Config/Windows/Scalability.ini]
[2024.03.18-09.31.23:368][  0]LogConfig: Setting CVar [[r.PostProcessAAQuality:4]]
[2024.03.18-09.31.23:368][  0]LogConfig: Applying CVar settings from Section [ShadowQuality@3] File [D:/GitHub/NetShootRewrite/Saved/Config/Windows/Scalability.ini]
[2024.03.18-09.31.23:368][  0]LogConfig: Setting CVar [[r.LightFunctionQuality:1]]
[2024.03.18-09.31.23:368][  0]LogConfig: Setting CVar [[r.ShadowQuality:5]]
[2024.03.18-09.31.23:368][  0]LogConfig: Setting CVar [[r.Shadow.CSM.MaxCascades:10]]
[2024.03.18-09.31.23:368][  0]LogConfig: Setting CVar [[r.Shadow.MaxResolution:2048]]
[2024.03.18-09.31.23:368][  0]LogConfig: Setting CVar [[r.Shadow.MaxCSMResolution:2048]]
[2024.03.18-09.31.23:368][  0]LogConfig: Setting CVar [[r.Shadow.RadiusThreshold:0.01]]
[2024.03.18-09.31.23:368][  0]LogConfig: Setting CVar [[r.Shadow.DistanceScale:1.0]]
[2024.03.18-09.31.23:368][  0]LogConfig: Setting CVar [[r.Shadow.CSM.TransitionScale:1.0]]
[2024.03.18-09.31.23:368][  0]LogConfig: Setting CVar [[r.Shadow.PreShadowResolutionFactor:1.0]]
[2024.03.18-09.31.23:368][  0]LogConfig: Setting CVar [[r.DistanceFieldShadowing:1]]
[2024.03.18-09.31.23:368][  0]LogConfig: Setting CVar [[r.DistanceFieldAO:1]]
[2024.03.18-09.31.23:368][  0]LogConfig: Setting CVar [[r.AOQuality:2]]
[2024.03.18-09.31.23:368][  0]LogConfig: Setting CVar [[r.VolumetricFog:1]]
[2024.03.18-09.31.23:369][  0]LogConfig: Setting CVar [[r.VolumetricFog.GridPixelSize:8]]
[2024.03.18-09.31.23:369][  0]LogConfig: Setting CVar [[r.VolumetricFog.GridSizeZ:128]]
[2024.03.18-09.31.23:369][  0]LogConfig: Setting CVar [[r.VolumetricFog.HistoryMissSupersampleCount:4]]
[2024.03.18-09.31.23:369][  0]LogConfig: Setting CVar [[r.LightMaxDrawDistanceScale:1]]
[2024.03.18-09.31.23:369][  0]LogConfig: Setting CVar [[r.CapsuleShadows:1]]
[2024.03.18-09.31.23:369][  0]LogConfig: Applying CVar settings from Section [PostProcessQuality@3] File [D:/GitHub/NetShootRewrite/Saved/Config/Windows/Scalability.ini]
[2024.03.18-09.31.23:369][  0]LogConfig: Setting CVar [[r.MotionBlurQuality:4]]
[2024.03.18-09.31.23:369][  0]LogConfig: Setting CVar [[r.AmbientOcclusionMipLevelFactor:0.4]]
[2024.03.18-09.31.23:369][  0]LogConfig: Setting CVar [[r.AmbientOcclusionMaxQuality:100]]
[2024.03.18-09.31.23:369][  0]LogConfig: Setting CVar [[r.AmbientOcclusionLevels:-1]]
[2024.03.18-09.31.23:369][  0]LogConfig: Setting CVar [[r.AmbientOcclusionRadiusScale:1.0]]
[2024.03.18-09.31.23:369][  0]LogConfig: Setting CVar [[r.DepthOfFieldQuality:2]]
[2024.03.18-09.31.23:369][  0]LogConfig: Setting CVar [[r.RenderTargetPoolMin:400]]
[2024.03.18-09.31.23:369][  0]LogConfig: Setting CVar [[r.LensFlareQuality:2]]
[2024.03.18-09.31.23:369][  0]LogConfig: Setting CVar [[r.SceneColorFringeQuality:1]]
[2024.03.18-09.31.23:369][  0]LogConfig: Setting CVar [[r.EyeAdaptationQuality:2]]
[2024.03.18-09.31.23:369][  0]LogConfig: Setting CVar [[r.BloomQuality:5]]
[2024.03.18-09.31.23:369][  0]LogConfig: Setting CVar [[r.FastBlurThreshold:100]]
[2024.03.18-09.31.23:369][  0]LogConfig: Setting CVar [[r.Upscale.Quality:3]]
[2024.03.18-09.31.23:369][  0]LogConfig: Setting CVar [[r.Tonemapper.GrainQuantization:1]]
[2024.03.18-09.31.23:369][  0]LogConfig: Setting CVar [[r.LightShaftQuality:1]]
[2024.03.18-09.31.23:369][  0]LogConfig: Setting CVar [[r.Filter.SizeScale:1]]
[2024.03.18-09.31.23:369][  0]LogConfig: Setting CVar [[r.Tonemapper.Quality:5]]
[2024.03.18-09.31.23:369][  0]LogConfig: Setting CVar [[r.DOF.Gather.AccumulatorQuality:1        ; higher gathering accumulator quality]]
[2024.03.18-09.31.23:369][  0]LogConfig: Setting CVar [[r.DOF.Gather.PostfilterMethod:1          ; Median3x3 postfilering method]]
[2024.03.18-09.31.23:369][  0]LogConfig: Setting CVar [[r.DOF.Gather.EnableBokehSettings:0       ; no bokeh simulation when gathering]]
[2024.03.18-09.31.23:369][  0]LogConfig: Setting CVar [[r.DOF.Gather.RingCount:4                 ; medium number of samples when gathering]]
[2024.03.18-09.31.23:369][  0]LogConfig: Setting CVar [[r.DOF.Scatter.ForegroundCompositing:1    ; additive foreground scattering]]
[2024.03.18-09.31.23:369][  0]LogConfig: Setting CVar [[r.DOF.Scatter.BackgroundCompositing:2    ; additive background scattering]]
[2024.03.18-09.31.23:369][  0]LogConfig: Setting CVar [[r.DOF.Scatter.EnableBokehSettings:1      ; bokeh simulation when scattering]]
[2024.03.18-09.31.23:369][  0]LogConfig: Setting CVar [[r.DOF.Scatter.MaxSpriteRatio:0.1         ; only a maximum of 10% of scattered bokeh]]
[2024.03.18-09.31.23:369][  0]LogConfig: Setting CVar [[r.DOF.Recombine.Quality:1                ; cheap slight out of focus]]
[2024.03.18-09.31.23:369][  0]LogConfig: Setting CVar [[r.DOF.Recombine.EnableBokehSettings:0    ; no bokeh simulation on slight out of focus]]
[2024.03.18-09.31.23:369][  0]LogConfig: Setting CVar [[r.DOF.TemporalAAQuality:1                ; more stable temporal accumulation]]
[2024.03.18-09.31.23:369][  0]LogConfig: Setting CVar [[r.DOF.Kernel.MaxForegroundRadius:0.025]]
[2024.03.18-09.31.23:369][  0]LogConfig: Setting CVar [[r.DOF.Kernel.MaxBackgroundRadius:0.025]]
[2024.03.18-09.31.23:369][  0]LogConfig: Applying CVar settings from Section [TextureQuality@3] File [D:/GitHub/NetShootRewrite/Saved/Config/Windows/Scalability.ini]
[2024.03.18-09.31.23:369][  0]LogConfig: Setting CVar [[r.Streaming.MipBias:0]]
[2024.03.18-09.31.23:369][  0]LogConfig: Setting CVar [[r.Streaming.AmortizeCPUToGPUCopy:0]]
[2024.03.18-09.31.23:369][  0]LogConfig: Setting CVar [[r.Streaming.MaxNumTexturesToStreamPerFrame:0]]
[2024.03.18-09.31.23:369][  0]LogConfig: Setting CVar [[r.Streaming.Boost:1]]
[2024.03.18-09.31.23:369][  0]LogConfig: Setting CVar [[r.MaxAnisotropy:8]]
[2024.03.18-09.31.23:369][  0]LogConfig: Setting CVar [[r.VT.MaxAnisotropy:8]]
[2024.03.18-09.31.23:369][  0]LogConfig: Setting CVar [[r.Streaming.LimitPoolSizeToVRAM:0]]
[2024.03.18-09.31.23:369][  0]LogConfig: Setting CVar [[r.Streaming.PoolSize:1000]]
[2024.03.18-09.31.23:369][  0]LogConfig: Setting CVar [[r.Streaming.MaxEffectiveScreenSize:0]]
[2024.03.18-09.31.23:369][  0]LogConfig: Applying CVar settings from Section [EffectsQuality@3] File [D:/GitHub/NetShootRewrite/Saved/Config/Windows/Scalability.ini]
[2024.03.18-09.31.23:369][  0]LogConfig: Setting CVar [[r.TranslucencyLightingVolumeDim:64]]
[2024.03.18-09.31.23:369][  0]LogConfig: Setting CVar [[r.RefractionQuality:2]]
[2024.03.18-09.31.23:369][  0]LogConfig: Setting CVar [[r.SSR.Quality:3]]
[2024.03.18-09.31.23:369][  0]LogConfig: Setting CVar [[r.SSR.HalfResSceneColor:0]]
[2024.03.18-09.31.23:369][  0]LogConfig: Setting CVar [[r.SceneColorFormat:4]]
[2024.03.18-09.31.23:369][  0]LogConfig: Setting CVar [[r.DetailMode:2]]
[2024.03.18-09.31.23:369][  0]LogConfig: Setting CVar [[r.TranslucencyVolumeBlur:1]]
[2024.03.18-09.31.23:369][  0]LogConfig: Setting CVar [[r.MaterialQualityLevel:1 ; High quality]]
[2024.03.18-09.31.23:369][  0]LogConfig: Setting CVar [[r.AnisotropicMaterials:1]]
[2024.03.18-09.31.23:369][  0]LogConfig: Setting CVar [[r.SSS.Scale:1]]
[2024.03.18-09.31.23:369][  0]LogConfig: Setting CVar [[r.SSS.SampleSet:2]]
[2024.03.18-09.31.23:369][  0]LogConfig: Setting CVar [[r.SSS.Quality:1]]
[2024.03.18-09.31.23:369][  0]LogConfig: Setting CVar [[r.SSS.HalfRes:0]]
[2024.03.18-09.31.23:369][  0]LogConfig: Setting CVar [[r.SSGI.Quality:3]]
[2024.03.18-09.31.23:369][  0]LogConfig: Setting CVar [[r.EmitterSpawnRateScale:1.0]]
[2024.03.18-09.31.23:369][  0]LogConfig: Setting CVar [[r.ParticleLightQuality:2]]
[2024.03.18-09.31.23:369][  0]LogConfig: Setting CVar [[r.SkyAtmosphere.AerialPerspectiveLUT.FastApplyOnOpaque:1 ; Always have FastSkyLUT 1 in this case to avoid wrong sky]]
[2024.03.18-09.31.23:369][  0]LogConfig: Setting CVar [[r.SkyAtmosphere.AerialPerspectiveLUT.SampleCountMaxPerSlice:4]]
[2024.03.18-09.31.23:369][  0]LogConfig: Setting CVar [[r.SkyAtmosphere.AerialPerspectiveLUT.DepthResolution:16.0]]
[2024.03.18-09.31.23:369][  0]LogConfig: Setting CVar [[r.SkyAtmosphere.FastSkyLUT:1]]
[2024.03.18-09.31.23:369][  0]LogConfig: Setting CVar [[r.SkyAtmosphere.FastSkyLUT.SampleCountMin:4.0]]
[2024.03.18-09.31.23:369][  0]LogConfig: Setting CVar [[r.SkyAtmosphere.FastSkyLUT.SampleCountMax:128.0]]
[2024.03.18-09.31.23:369][  0]LogConfig: Setting CVar [[r.SkyAtmosphere.SampleCountMin:4.0]]
[2024.03.18-09.31.23:369][  0]LogConfig: Setting CVar [[r.SkyAtmosphere.SampleCountMax:128.0]]
[2024.03.18-09.31.23:369][  0]LogConfig: Setting CVar [[r.SkyAtmosphere.TransmittanceLUT.UseSmallFormat:0]]
[2024.03.18-09.31.23:369][  0]LogConfig: Setting CVar [[r.SkyAtmosphere.TransmittanceLUT.SampleCount:10.0]]
[2024.03.18-09.31.23:369][  0]LogConfig: Setting CVar [[r.SkyAtmosphere.MultiScatteringLUT.SampleCount:15.0]]
[2024.03.18-09.31.23:369][  0]LogConfig: Setting CVar [[r.SkyLight.RealTimeReflectionCapture:1]]
[2024.03.18-09.31.23:369][  0]LogConfig: Applying CVar settings from Section [FoliageQuality@3] File [D:/GitHub/NetShootRewrite/Saved/Config/Windows/Scalability.ini]
[2024.03.18-09.31.23:369][  0]LogConfig: Setting CVar [[foliage.DensityScale:1.0]]
[2024.03.18-09.31.23:369][  0]LogConfig: Setting CVar [[grass.DensityScale:1.0]]
[2024.03.18-09.31.23:369][  0]LogConfig: Applying CVar settings from Section [ShadingQuality@3] File [D:/GitHub/NetShootRewrite/Saved/Config/Windows/Scalability.ini]
[2024.03.18-09.31.23:369][  0]LogConfig: Setting CVar [[r.HairStrands.SkyLighting.IntegrationType:2]]
[2024.03.18-09.31.23:369][  0]LogConfig: Setting CVar [[r.HairStrands.SkyAO.SampleCount:4]]
[2024.03.18-09.31.23:369][  0]LogConfig: Setting CVar [[r.HairStrands.Visibility.MSAA.SamplePerPixel:4]]
[2024.03.18-09.31.23:369][  0]LogConfig: Applying CVar settings from Section [Startup] File [../../../Engine/Config/ConsoleVariables.ini]
[2024.03.18-09.31.23:370][  0]LogConfig: Setting CVar [[net.UseAdaptiveNetUpdateFrequency:0]]
[2024.03.18-09.31.23:370][  0]LogConfig: Setting CVar [[p.chaos.AllowCreatePhysxBodies:1]]
[2024.03.18-09.31.23:370][  0]LogConfig: Setting CVar [[fx.SkipVectorVMBackendOptimizations:1]]
[2024.03.18-09.31.23:370][  0]LogConfig: Applying CVar settings from Section [ConsoleVariables] File [D:/GitHub/NetShootRewrite/Saved/Config/Windows/Engine.ini]
[2024.03.18-09.31.23:370][  0]LogConfig: Applying CVar settings from Section [ConsoleVariables] File [D:/GitHub/NetShootRewrite/Saved/Config/Windows/Editor.ini]
[2024.03.18-09.31.23:370][  0]LogInit: Computer: DESKTOP-6POMQQ5
[2024.03.18-09.31.23:370][  0]LogInit: User: ZTT
[2024.03.18-09.31.23:370][  0]LogInit: CPU Page size=4096, Cores=6
[2024.03.18-09.31.23:370][  0]LogInit: High frequency timer resolution =10.000000 MHz
[2024.03.18-09.31.23:370][  0]LogMemory: Memory total: Physical=15.9GB (16GB approx)
[2024.03.18-09.31.23:370][  0]LogMemory: Platform Memory Stats for Windows
[2024.03.18-09.31.23:370][  0]LogMemory: Process Physical Memory: 144.21 MB used, 144.22 MB peak
[2024.03.18-09.31.23:370][  0]LogMemory: Process Virtual Memory: 119.50 MB used, 119.50 MB peak
[2024.03.18-09.31.23:370][  0]LogMemory: Physical Memory: 13748.41 MB used,  2564.89 MB free, 16313.30 MB total
[2024.03.18-09.31.23:370][  0]LogMemory: Virtual Memory: 134210808.00 MB used,  6921.58 MB free, 134217728.00 MB total
[2024.03.18-09.31.23:378][  0]LogWindows: WindowsPlatformFeatures enabled
[2024.03.18-09.31.23:403][  0]LogInit: Physics initialised using underlying interface: PhysX
[2024.03.18-09.31.23:404][  0]LogInit: Overriding language with editor language configuration option (zh-Hans).
[2024.03.18-09.31.23:404][  0]LogInit: Using OS detected locale (zh-CN).
[2024.03.18-09.31.23:519][  0]LogTextLocalizationResource: LocRes '../../../Engine/Content/Localization/Editor/zh/Editor.locres' could not be opened for reading!
[2024.03.18-09.31.23:519][  0]LogTextLocalizationResource: LocRes '../../../Engine/Content/Localization/EditorTutorials/zh/EditorTutorials.locres' could not be opened for reading!
[2024.03.18-09.31.23:520][  0]LogTextLocalizationResource: LocRes '../../../Engine/Content/Localization/Keywords/zh/Keywords.locres' could not be opened for reading!
[2024.03.18-09.31.23:520][  0]LogTextLocalizationResource: LocRes '../../../Engine/Content/Localization/Category/zh/Category.locres' could not be opened for reading!
[2024.03.18-09.31.23:520][  0]LogTextLocalizationResource: LocRes '../../../Engine/Content/Localization/ToolTips/zh/ToolTips.locres' could not be opened for reading!
[2024.03.18-09.31.23:520][  0]LogTextLocalizationResource: LocRes '../../../Engine/Content/Localization/PropertyNames/zh/PropertyNames.locres' could not be opened for reading!
[2024.03.18-09.31.23:520][  0]LogTextLocalizationResource: LocRes '../../../Engine/Content/Localization/Engine/zh/Engine.locres' could not be opened for reading!
[2024.03.18-09.31.23:520][  0]LogTextLocalizationResource: LocRes '../../../Engine/Plugins/Online/OnlineSubsystem/Content/Localization/OnlineSubsystem/zh/OnlineSubsystem.locres' could not be opened for reading!
[2024.03.18-09.31.23:521][  0]LogTextLocalizationResource: LocRes '../../../Engine/Plugins/Online/OnlineSubsystemUtils/Content/Localization/OnlineSubsystemUtils/zh/OnlineSubsystemUtils.locres' could not be opened for reading!
[2024.03.18-09.31.23:521][  0]LogTextLocalizationResource: LocRes '../../../Engine/Plugins/Online/Android/OnlineSubsystemGooglePlay/Content/Localization/OnlineSubsystemGooglePlay/zh/OnlineSubsystemGooglePlay.locres' could not be opened for reading!
[2024.03.18-09.31.23:521][  0]LogTextLocalizationResource: LocRes '../../../Engine/Plugins/Online/IOS/OnlineSubsystemIOS/Content/Localization/OnlineSubsystemIOS/zh/OnlineSubsystemIOS.locres' could not be opened for reading!
[2024.03.18-09.31.23:570][  0]LogInit: Setting process to per monitor DPI aware
[2024.03.18-09.31.23:587][  0]LogWindowsTextInputMethodSystem: Display: IME system deactivated.
[2024.03.18-09.31.23:640][  0]LogSlate: New Slate User Created.  User Index 0, Is Virtual User: 0
[2024.03.18-09.31.23:640][  0]LogSlate: Slate User Registered.  User Index 0, Is Virtual User: 0
[2024.03.18-09.31.23:848][  0]LogD3D11RHI: Loaded GFSDK_Aftermath_Lib.x64.dll
[2024.03.18-09.31.23:853][  0]LogHMD: Failed to initialize OpenVR with code 110
[2024.03.18-09.31.23:853][  0]LogD3D11RHI: D3D11 min allowed feature level: 11_0
[2024.03.18-09.31.23:853][  0]LogD3D11RHI: D3D11 max allowed feature level: 11_0
[2024.03.18-09.31.23:853][  0]LogD3D11RHI: D3D11 adapters:
[2024.03.18-09.31.24:040][  0]LogD3D11RHI:    0. 'NVIDIA GeForce GTX 1660 Ti' (Feature Level 11_0)
[2024.03.18-09.31.24:040][  0]LogD3D11RHI:       5979/0/8156 MB DedicatedVideo/DedicatedSystem/SharedSystem, Outputs:1, VendorId:0x10de
[2024.03.18-09.31.24:043][  0]LogD3D11RHI:    1. 'Microsoft Basic Render Driver' (Feature Level 11_0)
[2024.03.18-09.31.24:043][  0]LogD3D11RHI:       0/0/8156 MB DedicatedVideo/DedicatedSystem/SharedSystem, Outputs:0, VendorId:0x1414
[2024.03.18-09.31.24:144][  0]LogD3D11RHI:    2. 'NVIDIA GeForce GTX 1660 Ti' (Feature Level 11_0)
[2024.03.18-09.31.24:144][  0]LogD3D11RHI:       5979/0/8156 MB DedicatedVideo/DedicatedSystem/SharedSystem, Outputs:0, VendorId:0x10de
[2024.03.18-09.31.24:144][  0]LogD3D11RHI: Chosen D3D11 Adapter:
[2024.03.18-09.31.24:144][  0]LogD3D11RHI:     Description : NVIDIA GeForce GTX 1660 Ti
[2024.03.18-09.31.24:144][  0]LogD3D11RHI:     VendorId    : 10de
[2024.03.18-09.31.24:144][  0]LogD3D11RHI:     DeviceId    : 2182
[2024.03.18-09.31.24:144][  0]LogD3D11RHI:     SubSysId    : 3fbe1458
[2024.03.18-09.31.24:144][  0]LogD3D11RHI:     Revision    : 00a1
[2024.03.18-09.31.24:144][  0]LogD3D11RHI:     DedicatedVideoMemory : 6269435904 bytes
[2024.03.18-09.31.24:144][  0]LogD3D11RHI:     DedicatedSystemMemory : 0 bytes
[2024.03.18-09.31.24:144][  0]LogD3D11RHI:     SharedSystemMemory : 8552867840 bytes
[2024.03.18-09.31.24:144][  0]LogD3D11RHI:     AdapterLuid : 0 50912
[2024.03.18-09.31.24:149][  0]LogD3D11RHI: Creating new Direct3DDevice
[2024.03.18-09.31.24:149][  0]LogD3D11RHI:     GPU DeviceId: 0x2182 (for the marketing name, search the web for "GPU Device Id")
[2024.03.18-09.31.24:149][  0]LogWindows: EnumDisplayDevices:
[2024.03.18-09.31.24:149][  0]LogWindows:    0. 'NVIDIA GeForce GTX 1660 Ti' (P:1 D:1)
[2024.03.18-09.31.24:150][  0]LogWindows:    1. 'NVIDIA GeForce GTX 1660 Ti' (P:0 D:0)
[2024.03.18-09.31.24:151][  0]LogWindows:    2. 'NVIDIA GeForce GTX 1660 Ti' (P:0 D:0)
[2024.03.18-09.31.24:151][  0]LogWindows:    3. 'NVIDIA GeForce GTX 1660 Ti' (P:0 D:0)
[2024.03.18-09.31.24:152][  0]LogWindows:    4. 'OrayIddDriver Device' (P:0 D:0)
[2024.03.18-09.31.24:152][  0]LogWindows:    5. 'OrayIddDriver Device' (P:0 D:0)
[2024.03.18-09.31.24:152][  0]LogWindows:    6. 'OrayIddDriver Device' (P:0 D:0)
[2024.03.18-09.31.24:153][  0]LogWindows:    7. 'OrayIddDriver Device' (P:0 D:0)
[2024.03.18-09.31.24:153][  0]LogWindows:    8. 'OrayIddDriver Device' (P:0 D:0)
[2024.03.18-09.31.24:154][  0]LogWindows: DebugString: GetVideoDriverDetailsInvalid PrimaryIsNotTheChoosenAdapter GetVideoDriverDetailsInvalid PrimaryIsNotTheChoosenAdapter GetVideoDriverDetailsInvalid PrimaryIsNotTheChoosenAdapter GetVideoDriverDetailsInvalid PrimaryIsNotTheChoosenAdapter GetVideoDriverDetailsInvalid PrimaryIsNotTheChoosenAdapter FoundDriverCount:4 
[2024.03.18-09.31.24:154][  0]LogD3D11RHI:     Adapter Name: NVIDIA GeForce GTX 1660 Ti
[2024.03.18-09.31.24:154][  0]LogD3D11RHI:   Driver Version: 536.23 (internal:31.0.15.3623, unified:536.23)
[2024.03.18-09.31.24:154][  0]LogD3D11RHI:      Driver Date: 6-8-2023
[2024.03.18-09.31.24:154][  0]LogRHI: Texture pool is 4185 MB (70% of 5979 MB)
[2024.03.18-09.31.24:154][  0]LogD3D11RHI: Creating D3DDevice using adapter:
[2024.03.18-09.31.24:154][  0]LogD3D11RHI:     Description : NVIDIA GeForce GTX 1660 Ti
[2024.03.18-09.31.24:154][  0]LogD3D11RHI:     VendorId    : 10de
[2024.03.18-09.31.24:154][  0]LogD3D11RHI:     DeviceId    : 2182
[2024.03.18-09.31.24:154][  0]LogD3D11RHI:     SubSysId    : 3fbe1458
[2024.03.18-09.31.24:154][  0]LogD3D11RHI:     Revision    : 00a1
[2024.03.18-09.31.24:154][  0]LogD3D11RHI:     DedicatedVideoMemory : 6269435904 bytes
[2024.03.18-09.31.24:154][  0]LogD3D11RHI:     DedicatedSystemMemory : 0 bytes
[2024.03.18-09.31.24:154][  0]LogD3D11RHI:     SharedSystemMemory : 8552867840 bytes
[2024.03.18-09.31.24:154][  0]LogD3D11RHI:     AdapterLuid : 0 50912
[2024.03.18-09.31.24:263][  0]LogD3D11RHI: RHI has support for 64 bit atomics
[2024.03.18-09.31.24:263][  0]LogD3D11RHI: Async texture creation enabled
[2024.03.18-09.31.24:263][  0]LogD3D11RHI: Array index from any shader is supported
[2024.03.18-09.31.24:265][  0]LogD3D11RHI: HDR output is supported on display 0 (NvId: 0x80061086).
[2024.03.18-09.31.24:280][  0]LogD3D11RHI: GPU Timing Frequency: 1000.000000 (Debug: 2 1)
[2024.03.18-09.31.24:354][  0]LogRHI: GeForceNow SDK initialized: 1
[2024.03.18-09.31.24:605][  0]LogTargetPlatformManager: Display: Loaded TargetPlatform 'AllDesktop'
[2024.03.18-09.31.24:624][  0]LogTargetPlatformManager: Display: Loaded TargetPlatform 'Android'
[2024.03.18-09.31.24:624][  0]LogTargetPlatformManager: Display: Loaded TargetPlatform 'Android_ASTC'
[2024.03.18-09.31.24:624][  0]LogTargetPlatformManager: Display: Loaded TargetPlatform 'Android_DXT'
[2024.03.18-09.31.24:624][  0]LogTargetPlatformManager: Display: Loaded TargetPlatform 'Android_ETC2'
[2024.03.18-09.31.24:624][  0]LogTargetPlatformManager: Display: Loaded TargetPlatform 'AndroidClient'
[2024.03.18-09.31.24:624][  0]LogTargetPlatformManager: Display: Loaded TargetPlatform 'Android_ASTCClient'
[2024.03.18-09.31.24:624][  0]LogTargetPlatformManager: Display: Loaded TargetPlatform 'Android_DXTClient'
[2024.03.18-09.31.24:624][  0]LogTargetPlatformManager: Display: Loaded TargetPlatform 'Android_ETC2Client'
[2024.03.18-09.31.24:624][  0]LogTargetPlatformManager: Display: Loaded TargetPlatform 'Android_Multi'
[2024.03.18-09.31.24:624][  0]LogTargetPlatformManager: Display: Loaded TargetPlatform 'Android_MultiClient'
[2024.03.18-09.31.24:642][  0]LogTargetPlatformManager: Display: Loaded TargetPlatform 'IOSClient'
[2024.03.18-09.31.24:642][  0]LogTargetPlatformManager: Display: Loaded TargetPlatform 'IOS'
[2024.03.18-09.31.24:666][  0]LogTargetPlatformManager: Display: Loaded TargetPlatform 'Lumin'
[2024.03.18-09.31.24:667][  0]LogTargetPlatformManager: Display: Loaded TargetPlatform 'LuminClient'
[2024.03.18-09.31.24:675][  0]LogTargetPlatformManager: Display: Loaded TargetPlatform 'MacNoEditor'
[2024.03.18-09.31.24:680][  0]LogTargetPlatformManager: Display: Loaded TargetPlatform 'Mac'
[2024.03.18-09.31.24:685][  0]LogTargetPlatformManager: Display: Loaded TargetPlatform 'MacClient'
[2024.03.18-09.31.24:689][  0]LogTargetPlatformManager: Display: Loaded TargetPlatform 'MacServer'
[2024.03.18-09.31.24:699][  0]LogTargetPlatformManager: Display: Loaded TargetPlatform 'TVOSClient'
[2024.03.18-09.31.24:699][  0]LogTargetPlatformManager: Display: Loaded TargetPlatform 'TVOS'
[2024.03.18-09.31.24:707][  0]LogTargetPlatformManager: Display: Loaded TargetPlatform 'WindowsNoEditor'
[2024.03.18-09.31.24:711][  0]LogTargetPlatformManager: Display: Loaded TargetPlatform 'Windows'
[2024.03.18-09.31.24:716][  0]LogTargetPlatformManager: Display: Loaded TargetPlatform 'WindowsClient'
[2024.03.18-09.31.24:721][  0]LogTargetPlatformManager: Display: Loaded TargetPlatform 'WindowsServer'
[2024.03.18-09.31.24:721][  0]LogTargetPlatformManager: Display: Building Assets For Windows
[2024.03.18-09.31.24:729][  0]LogAudioDebug: Display: Lib vorbis DLL was dynamically loaded.
[2024.03.18-09.31.24:775][  0]LogTextureFormatOodle: Display: Oodle Texture 2.9.0 init RDO Off
[2024.03.18-09.31.24:810][  0]LogRendererCore: Ray tracing is disabled. Reason: r.RayTracing=0.
[2024.03.18-09.31.24:810][  0]LogShaderCompilers: Guid format shader working directory is 18 characters bigger than the processId version (D:/GitHub/NetShootRewrite/Intermediate/Shaders/WorkingDirectory/15388/).
[2024.03.18-09.31.24:810][  0]LogShaderCompilers: Cleaned the shader compiler working directory 'C:/Users/ZTT/AppData/Local/Temp/UnrealShaderWorkingDir/0330AA644747C31D06D0B686AE819EFB/'.
[2024.03.18-09.31.24:811][  0]LogShaderCompilers: Display: Using XGE Controller for Shader Compilation.
[2024.03.18-09.31.25:505][  0]LogDerivedDataCache: Display: Max Cache Size: 512 MB
[2024.03.18-09.31.25:564][  0]LogDerivedDataCache: Loaded boot cache 0.06s 94MB D:/GitHub/NetShootRewrite/DerivedDataCache/Boot.ddc.
[2024.03.18-09.31.25:564][  0]LogDerivedDataCache: Display: Loaded Boot cache: D:/GitHub/NetShootRewrite/DerivedDataCache/Boot.ddc
[2024.03.18-09.31.25:564][  0]LogDerivedDataCache: FDerivedDataBackendGraph:  Pak pak cache file D:/GitHub/NetShootRewrite/DerivedDataCache/DDC.ddp not found, will not use a pak cache.
[2024.03.18-09.31.25:564][  0]LogDerivedDataCache: Unable to find inner node Pak for hierarchical cache Hierarchy.
[2024.03.18-09.31.25:565][  0]LogDerivedDataCache: FDerivedDataBackendGraph:  EnginePak pak cache file ../../../Engine/DerivedDataCache/DDC.ddp not found, will not use a pak cache.
[2024.03.18-09.31.25:565][  0]LogDerivedDataCache: Unable to find inner node EnginePak for hierarchical cache Hierarchy.
[2024.03.18-09.31.25:573][  0]LogDerivedDataCache: Speed tests for ../../../Engine/DerivedDataCache took 0.01 seconds
[2024.03.18-09.31.25:574][  0]LogDerivedDataCache: Display: Performance to ../../../Engine/DerivedDataCache: Latency=0.07ms. RandomReadSpeed=644.32MBs, RandomWriteSpeed=145.01MBs. Assigned SpeedClass 'Local'
[2024.03.18-09.31.25:574][  0]LogDerivedDataCache: Using Local data cache path ../../../Engine/DerivedDataCache: Writable
[2024.03.18-09.31.25:574][  0]LogDerivedDataCache: Shared data cache path not found in *engine.ini, will not use an Shared cache.
[2024.03.18-09.31.25:574][  0]LogDerivedDataCache: Unable to find inner node Shared for hierarchical cache Hierarchy.
[2024.03.18-09.31.25:614][  0]LogSlate: Using FreeType 2.10.0
[2024.03.18-09.31.25:614][  0]LogSlate: SlateFontServices - WITH_FREETYPE: 1, WITH_HARFBUZZ: 1
[2024.03.18-09.31.25:640][  0]LogAssetRegistry: FAssetRegistry took 0.0025 seconds to start up
[2024.03.18-09.31.25:857][  0]LogInit: Selected Device Profile: [Windows]
[2024.03.18-09.31.25:857][  0]LogInit: Active device profile: [000002037036AD00][0000020370EAA180 49] Windows
[2024.03.18-09.31.25:857][  0]LogInit: Profiles: [000002037036AD00][0000020370EAA180 49] Windows, [000002037031D600][000002036360C2C0 49] WindowsNoEditor, [0000020370369500][0000020363614440 49] WindowsServer, [000002037031EB00][00000203636185C0 49] WindowsClient, [000002037036AA00][000002036361C740 49] IOS, [000002037031DA00][00000203636208C0 49] iPadAir, [0000020370369900][0000020363624A40 49] iPadAir2, [00000203702CBC00][000002036362CD00 49] IPadPro, [00000203702CBD00][0000020363628D40 49] iPadAir3, [000002037036AF00][00000203630A4EC0 49] iPadAir4, [00000203702C9900][00000203630A9040 49] iPadMini2, [0000020370369300][00000203630AD1C0 49] iPadMini3, [00000203702C8D00][00000203630B1340 49] iPadMini4, [0000020370368900][00000203630B54C0 49] iPadMini5, [0000020370307500][00000203630BD780 49] iPhone6, [0000020370307600][00000203630B97C0 49] iPodTouch6, [00000203702C8700][00000203630C5A80 49] iPhone7, [00000203702C8600][00000203630C1AC0 49] iPodTouch7, [0000020370305800][00000203630C80C0 49] iPhone5S, [00000203702CB600][0000020363610200 49] iPhone6Plus, [0000020370307800][00000203630CC340 49] iPhone6S, [00000203702C9B00][00000203630D0480 49] iPhone6SPlus, [0000020370305700][00000203630D45C0 49] iPhone7Plus, [00000203702CB100][00000203630DC740 49] iPhoneSE, [0000020370306500][00000203630E08C0 49] iPhone8, [00000203702C9500][00000203630E4A40 49] iPhone8Plus, [0000020370305E00][00000203630E8BC0 49] iPhoneX, [00000203702C9000][00000203630ECD40 49] iPhoneXS, [0000020370306200][00000203630F0EC0 49] iPhoneXSMax, [00000203702C8500][00000203630F5040 49] iPhoneXR, [0000020370306100][00000203630F91C0 49] iPhone11, [00000203702CAD00][00000203630FD340 49] iPhone11Pro, [0000020370305600][00000203631014C0 49] iPhone11ProMax, [00000203702C9D00][0000020363105640 49] iPhoneSE2, [0000020370307200][00000203631097C0 49] iPhone12Mini, [00000203702C9E00][000002036310D940 49] iPhone12, [0000020370304300][0000020363111AC0 49] iPhone12Pro, [00000203702CB500][00000203631140C0 49] iPhone12ProMax, [0000020370307C00][0000020363118240 49] iPadPro105, [00000203702C8200][00000203630D8380 49] iPadPro129, [0000020370304E00][000002036311C4C0 49] iPadPro97, [00000203702C8100][0000020363120600 49] iPadPro2_129, [0000020370307F00][0000020363124740 49] iPad5, [00000203702C8900][000002036312C8C0 49] iPad6, [0000020370307B00][0000020363130A40 49] iPad7, [00000203702CAA00][0000020363134BC0 49] iPad8, [0000020370306800][0000020363138D40 49] iPadPro11, [00000203702C8A00][000002036313CEC0 49] iPadPro2_11, [0000020370304700][0000020363141040 49] iPadPro3_129, [00000203702CB200][00000203631451C0 49] iPadPro4_129, [0000020370307A00][0000020370FD1340 49] AppleTV, [00000203702C8C00][0000020370FD54C0 49] AppleTV4K, [0000020370306C00][0000020370FD9640 49] TVOS, [00000203702CB000][0000020370FDD7C0 49] Mac, [000002037031CE00][0000020370FE1940 49] MacClient, [00000203703A4800][0000020370FE5AC0 49] MacNoEditor, [000002037031D500][0000020370FE80C0 49] MacServer, [00000203703A4300][0000020370FEC240 49] Linux, [000002037031ED00][0000020370FF03C0 49] LinuxAArch64, [00000203703A4B00][0000020370FF4540 49] LinuxNoEditor, [000002037031DD00][0000020363128680 49] LinuxAArch64NoEditor, [00000203703A5500][0000020370FF87C0 49] LinuxClient, [000002037031C500][0000020370FFC900 49] LinuxAArch64Client, [00000203703A5100][0000020371004A80 49] LinuxServer, [000002037031F600][0000020371008C00 49] LinuxAArch64Server, [00000203703A5200][000002037100CD80 49] Android, [000002037031C400][0000020371010F00 49] Android_Low, [00000203703A4C00][0000020371015080 49] Android_Mid, [000002037031CD00][0000020371019200 49] Android_High, [00000203703A5300][000002037101D380 49] Android_Default, [000002037031C300][0000020371021500 49] Android_Adreno4xx, [00000203703A5900][0000020371025680 49] Android_Adreno5xx_Low, [000002037031F700][0000020371029800 49] Android_Adreno5xx, [00000203703A4900][000002037102D980 49] Android_Adreno6xx, [000002037031E200][0000020371031B00 49] Android_Adreno6xx_Vulkan, [00000203703A4F00][0000020371034100 49] Android_Mali_T6xx, [00000203702CBE00][0000020371038280 49] Android_Mali_T7xx, [0000020370305100][000002037103C400 49] Android_Mali_T8xx, [00000203702CA700][0000020371040580 49] Android_Mali_G71, [0000020370307300][0000020371044700 49] Android_Mali_G72, [00000203702CA000][0000020371000840 49] Android_Mali_G72_Vulkan, [0000020370307900][0000020371048980 49] Android_Mali_G76, [00000203702C8300][000002037104CAC0 49] Android_Mali_G76_Vulkan, [0000020370305F00][0000020371054C40 49] Android_Mali_G77, [00000203702C9700][0000020371058DC0 49] Android_Mali_G77_Vulkan, [0000020370306400][000002037105CF40 49] Android_Mali_G78, [00000203702CA400][00000203710610C0 49] Android_Mali_G78_Vulkan, [0000020370306700][0000020371065240 49] Android_Mali_G710, [00000203702CB800][00000203710693C0 49] Android_Mali_G710_Vulkan, [0000020370304900][000002037106D540 49] Android_Vulkan_SM5, [00000203702C8F00][00000203710716C0 49] Android_PowerVR_G6xxx, [0000020370304400][0000020371075840 49] Android_PowerVR_GT7xxx, [00000203702C8E00][00000203710799C0 49] Android_PowerVR_GE8xxx, [0000020370305A00][000002037107DB40 49] Android_PowerVR_GM9xxx, [00000203702C9300][0000020371080140 49] Android_PowerVR_GM9xxx_Vulkan, [0000020370305000][00000203710842C0 49] Android_TegraK1, [00000203702C9F00][0000020371088440 49] Android_Unknown_Vulkan, [0000020370305400][000002037108C5C0 49] Lumin, [00000203702CA600][0000020371090740 49] Lumin_Desktop, [0000020370369400][00000203710948C0 49] HoloLens, 
[2024.03.18-09.31.25:978][  0]LogMeshReduction: Using QuadricMeshReduction for automatic static mesh reduction
[2024.03.18-09.31.25:978][  0]LogMeshReduction: Using SimplygonMeshReduction for automatic skeletal mesh reduction
[2024.03.18-09.31.25:978][  0]LogMeshReduction: Using ProxyLODMeshReduction for automatic mesh merging
[2024.03.18-09.31.25:978][  0]LogMeshReduction: No distributed automatic mesh merging module available
[2024.03.18-09.31.25:978][  0]LogMeshMerging: No distributed automatic mesh merging module available
[2024.03.18-09.31.25:997][  0]LogNetVersion: NetShootRewrite 1.0.0, NetCL: 0, EngineNetVer: 17, GameNetVer: 0 (Checksum: 1486698656)
[2024.03.18-09.31.26:387][  0]LogTexture: Default maximum texture size for cubemaps generated from long-lat sources has been changed from 512 to unlimited. In order to preserve old behaiour for '/Engine/MapTemplates/Sky/DaylightAmbientCubemap.DaylightAmbientCubemap', its maximum texture size has been explicitly set to 512.
[2024.03.18-09.31.26:442][  0]LogHMD: PokeAHoleMaterial loaded successfully
[2024.03.18-09.31.26:447][  0]LogUObjectArray: 17164 objects as part of root set at end of initial load.
[2024.03.18-09.31.26:447][  0]LogUObjectAllocator: 4298528 out of 0 bytes used by permanent object pool.
[2024.03.18-09.31.26:447][  0]LogUObjectArray: CloseDisregardForGC: 0/0 objects in disregard for GC pool
[2024.03.18-09.31.26:724][  0]LogNiagaraDebuggerClient: Niagara Debugger Client Initialized | Session: 80BC394B47043A1CFAA4618008BC39EE | Instance: 8CD940BB40F1718EA72B719E91037467 (DESKTOP-6POMQQ5-15388).
[2024.03.18-09.31.26:880][  0]LogPython: Using Python 3.7.7
[2024.03.18-09.31.27:336][  0]LogTcpMessaging: Initializing TcpMessaging bridge
[2024.03.18-09.31.27:345][  0]LogUdpMessaging: Initializing bridge on interface 0.0.0.0:0 to multicast group 230.0.0.1:6666.
[2024.03.18-09.31.27:414][  0]LogActor: Warning: SetReplicates called on non-initialized actor Default__WeaponServerBase. Directly setting bReplicates is the correct procedure for pre-init actors.
[2024.03.18-09.31.27:569][  0]SourceControl: 源码管理已禁用
[2024.03.18-09.31.27:569][  0]SourceControl: 源码管理已禁用
[2024.03.18-09.31.27:585][  0]SourceControl: 源码管理已禁用
[2024.03.18-09.31.27:600][  0]SourceControl: 源码管理已禁用
[2024.03.18-09.31.27:687][  0]SourceControl: 源码管理已禁用
[2024.03.18-09.31.27:703][  0]LogUProjectInfo: Found projects:
[2024.03.18-09.31.27:848][  0]LogOpenImageDenoise: OIDN starting up
[2024.03.18-09.31.27:900][  0]LogAndroidPermission: UAndroidPermissionCallbackProxy::GetInstance
[2024.03.18-09.31.27:934][  0]LogAudioCaptureCore: Display: No Audio Capture implementations found. Audio input will be silent.
[2024.03.18-09.31.27:934][  0]LogAudioCaptureCore: Display: No Audio Capture implementations found. Audio input will be silent.
[2024.03.18-09.31.28:099][  0]LogCollectionManager: Loaded 0 collections in 0.002204 seconds
[2024.03.18-09.31.28:143][  0]LogFileCache: Scanning file cache for directory 'D:/GitHub/NetShootRewrite/Saved/Collections/' took 0.00s
[2024.03.18-09.31.28:143][  0]LogFileCache: Scanning file cache for directory 'D:/GitHub/NetShootRewrite/Content/Developers/ZTT/Collections/' took 0.00s
[2024.03.18-09.31.28:143][  0]LogFileCache: Scanning file cache for directory 'D:/GitHub/NetShootRewrite/Content/Collections/' took 0.00s
[2024.03.18-09.31.28:143][  0]LogOcInput: OculusInput pre-init called
[2024.03.18-09.31.28:432][  0]LogEngine: Initializing Engine...
[2024.03.18-09.31.28:435][  0]LogHMD: Failed to enumerate extensions. Please check that you have a valid OpenXR runtime installed.
[2024.03.18-09.31.28:435][  0]LogHMD: Failed to initialize OpenVR with code 110
[2024.03.18-09.31.28:435][  0]LogMagicLeap: Warning: VR disabled because ZI is not enabled.  To enable, in the editor, Edit -> Project Settings -> Plugins -> Magic Leap Plugin -> Enable Zero Iteration
[2024.03.18-09.31.28:436][  0]LogStats: UGameplayTagsManager::InitializeManager -  0.000 s
[2024.03.18-09.31.28:565][  0]LogInit: Initializing FReadOnlyCVARCache
[2024.03.18-09.31.28:574][  0]LogAIModule: Creating AISystem for world Untitled
[2024.03.18-09.31.28:574][  0]LogAudio: Display: Initializing Audio Device Manager...
[2024.03.18-09.31.28:578][  0]LogAudio: Display: Loading Default Audio Settings Objects...
[2024.03.18-09.31.28:579][  0]LogAudio: Display: No default SoundConcurrencyObject specified (or failed to load).
[2024.03.18-09.31.28:579][  0]LogAudio: Display: Audio Device Manager Initialized
[2024.03.18-09.31.28:579][  0]LogAudio: Display: Creating Audio Device:                 Id: 1, Scope: Shared, Realtime: True
[2024.03.18-09.31.28:579][  0]LogAudioMixer: Display: Audio Mixer Platform Settings:
[2024.03.18-09.31.28:580][  0]LogAudioMixer: Display: 	Sample Rate:						  48000
[2024.03.18-09.31.28:580][  0]LogAudioMixer: Display: 	Callback Buffer Frame Size Requested: 1024
[2024.03.18-09.31.28:580][  0]LogAudioMixer: Display: 	Callback Buffer Frame Size To Use:	  1024
[2024.03.18-09.31.28:580][  0]LogAudioMixer: Display: 	Number of buffers to queue:			  2
[2024.03.18-09.31.28:580][  0]LogAudioMixer: Display: 	Max Channels (voices):				  32
[2024.03.18-09.31.28:580][  0]LogAudioMixer: Display: 	Number of Async Source Workers:		  0
[2024.03.18-09.31.28:580][  0]LogAudio: Display: AudioDevice MaxSources: 32
[2024.03.18-09.31.28:580][  0]LogAudio: Display: Audio Spatialization Plugin: None (built-in).
[2024.03.18-09.31.28:580][  0]LogAudio: Display: Audio Reverb Plugin: None (built-in).
[2024.03.18-09.31.28:580][  0]LogAudio: Display: Audio Occlusion Plugin: None (built-in).
[2024.03.18-09.31.28:580][  0]LogAudioMixer: Display: Initializing audio mixer.
[2024.03.18-09.31.28:601][  0]LogAudioMixer: Display: 0: FrontLeft
[2024.03.18-09.31.28:601][  0]LogAudioMixer: Display: 1: FrontRight
[2024.03.18-09.31.28:617][  0]LogAudioMixer: Display: Using Audio Device 扬声器 (Realtek High Definition Audio)
[2024.03.18-09.31.28:618][  0]LogAudioMixer: Display: Initializing Sound Submixes...
[2024.03.18-09.31.28:621][  0]LogAudioMixer: Display: Creating Master Submix 'MasterSubmixDefault'
[2024.03.18-09.31.28:621][  0]LogAudioMixer: Display: Creating Master Submix 'MasterReverbSubmixDefault'
[2024.03.18-09.31.28:622][  0]LogAudioMixer: Display: Creating Master Submix 'MasterEQSubmixDefault'
[2024.03.18-09.31.28:622][  0]LogAudioMixer: FMixerPlatformXAudio2::StartAudioStream() called
[2024.03.18-09.31.28:622][  0]LogAudioMixer: Display: Output buffers initialized: Frames=1024, Channels=2, Samples=2048
[2024.03.18-09.31.28:623][  0]LogAudioMixer: Display: Starting AudioMixerPlatformInterface::RunInternal()
[2024.03.18-09.31.28:623][  0]LogAudioMixer: Display: FMixerPlatformXAudio2::SubmitBuffer() called for the first time
[2024.03.18-09.31.28:623][  0]LogInit: FAudioDevice initialized.
[2024.03.18-09.31.28:623][  0]LogAudio: Display: Audio Device (ID: 1) registered with world 'Untitled'.
[2024.03.18-09.31.28:623][  0]LogNetVersion: Set ProjectVersion to 1.0.0.0. Version Checksum will be recalculated on next use.
[2024.03.18-09.31.28:773][  0]LogDerivedDataCache: Saved boot cache 0.15s 94MB D:/GitHub/NetShootRewrite/DerivedDataCache/Boot.ddc.
[2024.03.18-09.31.28:773][  0]LogInit: Texture streaming: Enabled
[2024.03.18-09.31.28:785][  0]LogAnalytics: Display: [UEEditor.UnrealEngine.Release] APIServer = https://datarouter.ol.epicgames.com/. AppVersion = 4.27.2-0+++UE4+Release-4.27
[2024.03.18-09.31.28:790][  0]LogEngineSessionManager: EngineSessionManager initialized
[2024.03.18-09.31.28:790][  0]LogEditorSessionSummary: Verbose: Initializing EditorSessionSummaryWriter for editor session tracking
[2024.03.18-09.31.28:795][  0]LogEditorSessionSummary: EditorSessionSummaryWriter initialized
[2024.03.18-09.31.28:821][  0]LogInit: Transaction tracking system initialized
[2024.03.18-09.31.28:843][  0]BlueprintLog: New page: 编辑器加载
[2024.03.18-09.31.28:905][  0]LocalizationService: 本地化服务已禁用
[2024.03.18-09.31.28:930][  0]TimingProfiler: Initialize
[2024.03.18-09.31.28:930][  0]TimingProfiler: OnSessionChanged
[2024.03.18-09.31.28:930][  0]LoadingProfiler: Initialize
[2024.03.18-09.31.28:930][  0]LoadingProfiler: OnSessionChanged
[2024.03.18-09.31.28:930][  0]NetworkingProfiler: Initialize
[2024.03.18-09.31.28:930][  0]NetworkingProfiler: OnSessionChanged
[2024.03.18-09.31.28:930][  0]MemoryProfiler: Initialize
[2024.03.18-09.31.28:930][  0]MemoryProfiler: OnSessionChanged
[2024.03.18-09.31.29:090][  0]LogCook: Display: CookSettings for Memory: MemoryMaxUsedVirtual 0MiB, MemoryMaxUsedPhysical 16384MiB, MemoryMinFreeVirtual 0MiB, MemoryMinFreePhysical 1024MiB
[2024.03.18-09.31.29:090][  0]LogCook: Display: Mobile HDR setting 1
[2024.03.18-09.31.29:307][  0]LogFileCache: Scanning file cache for directory 'D:/GitHub/NetShootRewrite/Content/' took 0.01s
