Log file open, 03/19/24 18:15:20
LogWindows: Failed to load 'aqProf.dll' (GetLastError=126)
LogWindows: File 'aqProf.dll' does not exist
LogWindows: Failed to load 'VtuneApi.dll' (GetLastError=126)
LogWindows: File 'VtuneApi.dll' does not exist
LogWindows: Failed to load 'VtuneApi32e.dll' (GetLastError=126)
LogWindows: File 'VtuneApi32e.dll' does not exist
LogConsoleResponse: Display: Failed to find resolution value strings in scalability ini. Falling back to default.
LogConsoleResponse: Display: Failed to find resolution value strings in scalability ini. Falling back to default.
LogInit: Display: Running engine for game: NetShootRewrite
LogPlatformFile: Not using cached read wrapper
LogTaskGraph: Started task graph with 5 named threads and 35 total threads with 3 sets of task threads.
LogStats: Stats thread started at 0.137440
LogICUInternationalization: ICU TimeZone Detection - Raw Offset: +8:00, Platform Override: ''
LogInit: Display: Loading text-based GConfig....
LogPluginManager: Mounting plugin MeshPainting
LogPluginManager: Mounting plugin XGEController
LogPluginManager: Mounting plugin Paper2D
LogPluginManager: Mounting plugin LightPropagationVolume
LogPluginManager: Mounting plugin AISupport
LogPluginManager: Mounting plugin EnvironmentQueryEditor
LogPluginManager: Mounting plugin CameraShakePreviewer
LogPluginManager: Mounting plugin LiveLink
LogPluginManager: Mounting plugin OodleData
LogPluginManager: Mounting plugin AnimationSharing
LogPluginManager: Mounting plugin OodleNetwork
LogPluginManager: Mounting plugin AlembicImporter
LogPluginManager: Mounting plugin AutomationUtils
LogPluginManager: Mounting plugin BackChannel
LogPluginManager: Mounting plugin GameplayCameras
LogPluginManager: Mounting plugin CLionSourceCodeAccess
LogPluginManager: Mounting plugin ChaosClothEditor
LogPluginManager: Mounting plugin ChaosCloth
LogPluginManager: Mounting plugin ChaosEditor
LogPluginManager: Mounting plugin ChaosNiagara
LogPluginManager: Mounting plugin ChaosSolverPlugin
LogPluginManager: Mounting plugin CodeLiteSourceCodeAccess
LogPluginManager: Mounting plugin CharacterAI
LogPluginManager: Mounting plugin GitSourceControl
LogPluginManager: Mounting plugin KDevelopSourceCodeAccess
LogPluginManager: Mounting plugin NullSourceCodeAccess
LogPluginManager: Mounting plugin GeometryCache
LogPluginManager: Mounting plugin GeometryCollectionPlugin
LogPluginManager: Mounting plugin PerforceSourceControl
LogPluginManager: Mounting plugin PixWinPlugin
LogPluginManager: Mounting plugin PlasticSourceControl
LogPluginManager: Mounting plugin PluginUtils
LogPluginManager: Mounting plugin PropertyAccessNode
LogPluginManager: Mounting plugin RiderSourceCodeAccess
LogPluginManager: Mounting plugin SubversionSourceControl
LogPluginManager: Mounting plugin TextureFormatOodle
LogPluginManager: Mounting plugin AssetManagerEditor
LogPluginManager: Mounting plugin VisualStudioCodeSourceCodeAccess
LogPluginManager: Mounting plugin UObjectPlugin
LogPluginManager: Mounting plugin VisualStudioSourceCodeAccess
LogPluginManager: Mounting plugin GeometryProcessing
LogPluginManager: Mounting plugin XCodeSourceCodeAccess
LogPluginManager: Mounting plugin MotoSynth
LogPluginManager: Mounting plugin OpenImageDenoise
LogPluginManager: Mounting plugin PlanarCut
LogPluginManager: Mounting plugin ProxyLODPlugin
LogPluginManager: Mounting plugin PlatformCrypto
LogPluginManager: Mounting plugin PythonScriptPlugin
LogPluginManager: Mounting plugin SkeletalReduction
LogPluginManager: Mounting plugin DatasmithContent
LogPluginManager: Mounting plugin VariantManagerContent
LogPluginManager: Mounting plugin CryptoKeys
LogPluginManager: Mounting plugin CurveEditorTools
LogPluginManager: Mounting plugin DataValidation
LogPluginManager: Mounting plugin FacialAnimation
LogPluginManager: Mounting plugin GameplayTagsEditor
LogPluginManager: Mounting plugin GeometryMode
LogPluginManager: Mounting plugin MacGraphicsSwitching
LogPluginManager: Mounting plugin MaterialAnalyzer
LogPluginManager: Mounting plugin MobileLauncherProfileWizard
LogPluginManager: Mounting plugin PluginBrowser
LogPluginManager: Mounting plugin Niagara
LogPluginManager: Mounting plugin SpeedTreeImporter
LogPluginManager: Mounting plugin LuminPlatformFeatures
LogPluginManager: Mounting plugin MagicLeap
LogPluginManager: Mounting plugin MagicLeapLightEstimation
LogPluginManager: Mounting plugin MagicLeapMedia
LogPluginManager: Mounting plugin MagicLeapPassableWorld
LogPluginManager: Mounting plugin MLSDK
LogPluginManager: Mounting plugin AndroidMedia
LogPluginManager: Mounting plugin AvfMedia
LogPluginManager: Mounting plugin ImgMedia
LogPluginManager: Mounting plugin MediaCompositing
LogPluginManager: Mounting plugin MediaPlayerEditor
LogPluginManager: Mounting plugin WebMMedia
LogPluginManager: Mounting plugin WmfMedia
LogPluginManager: Mounting plugin TcpMessaging
LogPluginManager: Mounting plugin UdpMessaging
LogPluginManager: Mounting plugin OnlineSubsystem
LogPluginManager: Mounting plugin OnlineSubsystemNull
LogPluginManager: Mounting plugin ActorSequence
LogPluginManager: Mounting plugin OnlineSubsystemUtils
LogPluginManager: Mounting plugin LevelSequenceEditor
LogPluginManager: Mounting plugin MatineeToLevelSequence
LogPluginManager: Mounting plugin LauncherChunkInstaller
LogPluginManager: Mounting plugin ActorLayerUtilities
LogPluginManager: Mounting plugin TemplateSequence
LogPluginManager: Mounting plugin AndroidDeviceProfileSelector
LogPluginManager: Mounting plugin AndroidMoviePlayer
LogPluginManager: Mounting plugin AndroidPermission
LogPluginManager: Mounting plugin AppleImageUtils
LogPluginManager: Mounting plugin AppleMoviePlayer
LogPluginManager: Mounting plugin ArchVisCharacter
LogPluginManager: Mounting plugin AssetTags
LogPluginManager: Mounting plugin AudioCapture
LogPluginManager: Mounting plugin AudioSynesthesia
LogPluginManager: Mounting plugin ChunkDownloader
LogPluginManager: Mounting plugin CableComponent
LogPluginManager: Mounting plugin CustomMeshComponent
LogPluginManager: Mounting plugin EditableMesh
LogPluginManager: Mounting plugin ExampleDeviceProfileSelector
LogPluginManager: Mounting plugin GoogleCloudMessaging
LogPluginManager: Mounting plugin GooglePAD
LogPluginManager: Mounting plugin ScreenshotTools
LogPluginManager: Mounting plugin IOSDeviceProfileSelector
LogPluginManager: Mounting plugin LinuxDeviceProfileSelector
LogPluginManager: Mounting plugin LocationServicesBPLibrary
LogPluginManager: Mounting plugin MobilePatchingUtils
LogPluginManager: Mounting plugin OpenXR
LogPluginManager: Mounting plugin OpenXREyeTracker
LogPluginManager: Mounting plugin OpenXRHandTracking
LogPluginManager: Mounting plugin PhysXVehicles
LogPluginManager: Mounting plugin PostSplashScreen
LogPluginManager: Mounting plugin Takes
LogPluginManager: Mounting plugin ProceduralMeshComponent
LogPluginManager: Mounting plugin PropertyAccessEditor
LogPluginManager: Mounting plugin RuntimePhysXCooking
LogPluginManager: Mounting plugin SignificanceManager
LogPluginManager: Mounting plugin SoundFields
LogPluginManager: Mounting plugin Synthesis
LogPluginManager: Mounting plugin WebMMoviePlayer
LogPluginManager: Mounting plugin WindowsMoviePlayer
LogPluginManager: Mounting plugin ContentBrowserFileDataSource
LogPluginManager: Mounting plugin ContentBrowserAssetDataSource
LogPluginManager: Mounting plugin ContentBrowserClassDataSource
LogPluginManager: Mounting plugin RiderLink
LogPluginManager: Mounting plugin OnlineSubsystemGooglePlay
LogPluginManager: Mounting plugin OnlineSubsystemIOS
LogPluginManager: Mounting plugin OculusVR
LogPluginManager: Mounting plugin SteamVR
PixWinPlugin: PIX capture plugin failed to initialize! Check that the process is launched from PIX.
LogInit: Using libcurl 7.55.1-DEV
LogInit:  - built for x86_64-pc-win32
LogInit:  - supports SSL with OpenSSL/1.1.1
LogInit:  - supports HTTP deflate (compression) using libz 1.2.8
LogInit:  - other features:
LogInit:      CURL_VERSION_SSL
LogInit:      CURL_VERSION_LIBZ
LogInit:      CURL_VERSION_IPV6
LogInit:      CURL_VERSION_ASYNCHDNS
LogInit:      CURL_VERSION_LARGEFILE
LogInit:      CURL_VERSION_IDN
LogInit:  CurlRequestOptions (configurable via config and command line):
LogInit:  - bVerifyPeer = true  - Libcurl will verify peer certificate
LogInit:  - bUseHttpProxy = false  - Libcurl will NOT use HTTP proxy
LogInit:  - bDontReuseConnections = false  - Libcurl will reuse connections
LogInit:  - MaxHostConnections = 16  - Libcurl will limit the number of connections to a host
LogInit:  - LocalHostAddr = Default
LogInit:  - BufferSize = 65536
LogOnline: OSS: Creating online subsystem instance for: NULL
LogInit: WinSock: version 1.1 (2.2), MaxSocks=32767, MaxUdp=65467
LogOnline: OSS: TryLoadSubsystemAndSetDefault: Loaded subsystem for module [NULL]
LogOculusPluginWrapper: OculusPlugin initialized successfully
LogHMD: Failed initializing OVRPlugin 1.59.0
LogInit: Build: ++UE4+Release-4.27-CL-0
LogInit: Engine Version: 4.27.2-0+++UE4+Release-4.27
LogInit: Compatible Engine Version: 4.27.0-0+++UE4+Release-4.27
LogInit: Net CL: 0
LogInit: OS: Windows 10 (Release 2009) (), CPU: Intel(R) Core(TM) i7-8700 CPU @ 3.20GHz, GPU: NVIDIA GeForce GTX 1660 Ti
LogInit: Compiled (64-bit): Mar 12 2024 21:46:05
LogInit: Compiled with Visual C++: 19.39.33521.00
LogInit: Build Configuration: Development
LogInit: Branch Name: ++UE4+Release-4.27
LogInit: Command Line:  -skipcompile
LogInit: Base Directory: C:/Program Files (x86)/UE4.27/UnrealEngine-4.27/Engine/Binaries/Win64/
LogInit: Allocator: TBB
LogInit: Installed Engine Build: 0
LogDevObjectVersion: Number of dev versions registered: 29
LogDevObjectVersion:   Dev-Blueprints (B0D832E4-1F89-4F0D-ACCF-7EB736FD4AA2): 10
LogDevObjectVersion:   Dev-Build (E1C64328-A22C-4D53-A36C-8E866417BD8C): 0
LogDevObjectVersion:   Dev-Core (375EC13C-06E4-48FB-B500-84F0262A717E): 4
LogDevObjectVersion:   Dev-Editor (E4B068ED-F494-42E9-A231-DA0B2E46BB41): 40
LogDevObjectVersion:   Dev-Framework (CFFC743F-43B0-4480-9391-14DF171D2073): 37
LogDevObjectVersion:   Dev-Mobile (B02B49B5-BB20-44E9-A304-32B752E40360): 3
LogDevObjectVersion:   Dev-Networking (A4E4105C-59A1-49B5-A7C5-40C4547EDFEE): 0
LogDevObjectVersion:   Dev-Online (39C831C9-5AE6-47DC-9A44-9C173E1C8E7C): 0
LogDevObjectVersion:   Dev-Physics (78F01B33-EBEA-4F98-B9B4-84EACCB95AA2): 14
LogDevObjectVersion:   Dev-Platform (6631380F-2D4D-43E0-8009-CF276956A95A): 0
LogDevObjectVersion:   Dev-Rendering (12F88B9F-8875-4AFC-A67C-D90C383ABD29): 45
LogDevObjectVersion:   Dev-Sequencer (7B5AE74C-D270-4C10-A958-57980B212A5A): 13
LogDevObjectVersion:   Dev-VR (D7296918-1DD6-4BDD-9DE2-64A83CC13884): 3
LogDevObjectVersion:   Dev-LoadTimes (C2A15278-BFE7-4AFE-6C17-90FF531DF755): 1
LogDevObjectVersion:   Private-Geometry (6EACA3D4-40EC-4CC1-B786-8BED09428FC5): 3
LogDevObjectVersion:   Dev-AnimPhys (29E575DD-E0A3-4627-9D10-D276232CDCEA): 17
LogDevObjectVersion:   Dev-Anim (AF43A65D-7FD3-4947-9873-3E8ED9C1BB05): 15
LogDevObjectVersion:   Dev-ReflectionCapture (6B266CEC-1EC7-4B8F-A30B-E4D90942FC07): 1
LogDevObjectVersion:   Dev-Automation (0DF73D61-A23F-47EA-B727-89E90C41499A): 1
LogDevObjectVersion:   FortniteMain (601D1886-AC64-4F84-AA16-D3DE0DEAC7D6): 47
LogDevObjectVersion:   FortniteRelease (E7086368-6B23-4C58-8439-1B7016265E91): 1
LogDevObjectVersion:   Dev-Enterprise (9DFFBCD6-494F-0158-E221-12823C92A888): 10
LogDevObjectVersion:   Dev-Niagara (F2AED0AC-9AFE-416F-8664-AA7FFA26D6FC): 1
LogDevObjectVersion:   Dev-Destruction (174F1F0B-B4C6-45A5-B13F-2EE8D0FB917D): 10
LogDevObjectVersion:   Dev-Physics-Ext (35F94A83-E258-406C-A318-09F59610247C): 41
LogDevObjectVersion:   Dev-PhysicsMaterial-Chaos (B68FC16E-8B1B-42E2-B453-215C058844FE): 1
LogDevObjectVersion:   Dev-CineCamera (B2E18506-4273-CFC2-A54E-F4BB758BBA07): 1
LogDevObjectVersion:   Dev-VirtualProduction (64F58936-FD1B-42BA-BA96-7289D5D0FA4E): 1
LogDevObjectVersion:   Dev-MediaFramework (6F0ED827-A609-4895-9C91-998D90180EA4): 2
LogInit: Presizing for max 25165824 objects, including 0 objects not considered by GC, pre-allocating 0 bytes for permanent pool.
LogConfig: Applying CVar settings from Section [/Script/Engine.StreamingSettings] File [D:/GitHub/NetShootRewrite/Saved/Config/Windows/Engine.ini]
LogConfig: Setting CVar [[s.MinBulkDataSizeForAsyncLoading:131072]]
LogConfig: Setting CVar [[s.AsyncLoadingThreadEnabled:0]]
LogConfig: Setting CVar [[s.EventDrivenLoaderEnabled:1]]
LogConfig: Setting CVar [[s.WarnIfTimeLimitExceeded:0]]
LogConfig: Setting CVar [[s.TimeLimitExceededMultiplier:1.5]]
LogConfig: Setting CVar [[s.TimeLimitExceededMinTime:0.005]]
LogConfig: Setting CVar [[s.UseBackgroundLevelStreaming:1]]
LogConfig: Setting CVar [[s.PriorityAsyncLoadingExtraTime:15.0]]
LogConfig: Setting CVar [[s.LevelStreamingActorsUpdateTimeLimit:5.0]]
LogConfig: Setting CVar [[s.PriorityLevelStreamingActorsUpdateExtraTime:5.0]]
LogConfig: Setting CVar [[s.LevelStreamingComponentsRegistrationGranularity:10]]
LogConfig: Setting CVar [[s.UnregisterComponentsTimeLimit:1.0]]
LogConfig: Setting CVar [[s.LevelStreamingComponentsUnregistrationGranularity:5]]
LogConfig: Setting CVar [[s.FlushStreamingOnExit:1]]
LogInit: Object subsystem initialized
LogConfig: Setting CVar [[con.DebugEarlyDefault:1]]
LogConfig: Setting CVar [[r.setres:1280x720]]
[2024.03.19-10.15.21:236][  0]LogConfig: Setting CVar [[r.VSync:0]]
[2024.03.19-10.15.21:236][  0]LogConfig: Setting CVar [[r.RHICmdBypass:0]]
[2024.03.19-10.15.21:236][  0]LogConfig: Applying CVar settings from Section [/Script/Engine.RendererSettings] File [D:/GitHub/NetShootRewrite/Saved/Config/Windows/Engine.ini]
[2024.03.19-10.15.21:236][  0]LogConfig: Setting CVar [[r.GPUCrashDebugging:0]]
[2024.03.19-10.15.21:236][  0]LogConfig: Applying CVar settings from Section [/Script/Engine.RendererOverrideSettings] File [D:/GitHub/NetShootRewrite/Saved/Config/Windows/Engine.ini]
[2024.03.19-10.15.21:236][  0]LogConfig: Applying CVar settings from Section [/Script/Engine.StreamingSettings] File [D:/GitHub/NetShootRewrite/Saved/Config/Windows/Engine.ini]
[2024.03.19-10.15.21:236][  0]LogConfig: Setting CVar [[s.MinBulkDataSizeForAsyncLoading:131072]]
[2024.03.19-10.15.21:236][  0]LogConfig: Setting CVar [[s.AsyncLoadingThreadEnabled:0]]
[2024.03.19-10.15.21:236][  0]LogConfig: Setting CVar [[s.EventDrivenLoaderEnabled:1]]
[2024.03.19-10.15.21:236][  0]LogConfig: Setting CVar [[s.WarnIfTimeLimitExceeded:0]]
[2024.03.19-10.15.21:236][  0]LogConfig: Setting CVar [[s.TimeLimitExceededMultiplier:1.5]]
[2024.03.19-10.15.21:236][  0]LogConfig: Setting CVar [[s.TimeLimitExceededMinTime:0.005]]
[2024.03.19-10.15.21:236][  0]LogConfig: Setting CVar [[s.UseBackgroundLevelStreaming:1]]
[2024.03.19-10.15.21:237][  0]LogConfig: Setting CVar [[s.PriorityAsyncLoadingExtraTime:15.0]]
[2024.03.19-10.15.21:237][  0]LogConfig: Setting CVar [[s.LevelStreamingActorsUpdateTimeLimit:5.0]]
[2024.03.19-10.15.21:237][  0]LogConfig: Setting CVar [[s.PriorityLevelStreamingActorsUpdateExtraTime:5.0]]
[2024.03.19-10.15.21:237][  0]LogConfig: Setting CVar [[s.LevelStreamingComponentsRegistrationGranularity:10]]
[2024.03.19-10.15.21:237][  0]LogConfig: Setting CVar [[s.UnregisterComponentsTimeLimit:1.0]]
[2024.03.19-10.15.21:237][  0]LogConfig: Setting CVar [[s.LevelStreamingComponentsUnregistrationGranularity:5]]
[2024.03.19-10.15.21:237][  0]LogConfig: Setting CVar [[s.FlushStreamingOnExit:1]]
[2024.03.19-10.15.21:237][  0]LogConfig: Applying CVar settings from Section [/Script/Engine.GarbageCollectionSettings] File [D:/GitHub/NetShootRewrite/Saved/Config/Windows/Engine.ini]
[2024.03.19-10.15.21:237][  0]LogConfig: Setting CVar [[gc.MaxObjectsNotConsideredByGC:1]]
[2024.03.19-10.15.21:237][  0]LogConfig: Setting CVar [[gc.SizeOfPermanentObjectPool:0]]
[2024.03.19-10.15.21:237][  0]LogConfig: Setting CVar [[gc.FlushStreamingOnGC:0]]
[2024.03.19-10.15.21:237][  0]LogConfig: Setting CVar [[gc.NumRetriesBeforeForcingGC:10]]
[2024.03.19-10.15.21:237][  0]LogConfig: Setting CVar [[gc.AllowParallelGC:1]]
[2024.03.19-10.15.21:237][  0]LogConfig: Setting CVar [[gc.TimeBetweenPurgingPendingKillObjects:61.1]]
[2024.03.19-10.15.21:237][  0]LogConfig: Setting CVar [[gc.MaxObjectsInEditor:25165824]]
[2024.03.19-10.15.21:237][  0]LogConfig: Setting CVar [[gc.IncrementalBeginDestroyEnabled:1]]
[2024.03.19-10.15.21:237][  0]LogConfig: Setting CVar [[gc.CreateGCClusters:1]]
[2024.03.19-10.15.21:237][  0]LogConfig: Setting CVar [[gc.MinGCClusterSize:5]]
[2024.03.19-10.15.21:237][  0]LogConfig: Setting CVar [[gc.ActorClusteringEnabled:0]]
[2024.03.19-10.15.21:237][  0]LogConfig: Setting CVar [[gc.BlueprintClusteringEnabled:0]]
[2024.03.19-10.15.21:237][  0]LogConfig: Setting CVar [[gc.UseDisregardForGCOnDedicatedServers:0]]
[2024.03.19-10.15.21:237][  0]LogConfig: Setting CVar [[gc.MultithreadedDestructionEnabled:1]]
[2024.03.19-10.15.21:237][  0]LogConfig: Applying CVar settings from Section [/Script/Engine.NetworkSettings] File [D:/GitHub/NetShootRewrite/Saved/Config/Windows/Engine.ini]
[2024.03.19-10.15.21:237][  0]LogConfig: Applying CVar settings from Section [/Script/UnrealEd.CookerSettings] File [D:/GitHub/NetShootRewrite/Saved/Config/Windows/Engine.ini]
[2024.03.19-10.15.21:276][  0]LogConfig: Applying CVar settings from Section [ViewDistanceQuality@3] File [D:/GitHub/NetShootRewrite/Saved/Config/Windows/Scalability.ini]
[2024.03.19-10.15.21:276][  0]LogConfig: Setting CVar [[r.SkeletalMeshLODBias:0]]
[2024.03.19-10.15.21:276][  0]LogConfig: Setting CVar [[r.ViewDistanceScale:1.0]]
[2024.03.19-10.15.21:276][  0]LogConfig: Applying CVar settings from Section [AntiAliasingQuality@3] File [D:/GitHub/NetShootRewrite/Saved/Config/Windows/Scalability.ini]
[2024.03.19-10.15.21:276][  0]LogConfig: Setting CVar [[r.PostProcessAAQuality:4]]
[2024.03.19-10.15.21:276][  0]LogConfig: Applying CVar settings from Section [ShadowQuality@3] File [D:/GitHub/NetShootRewrite/Saved/Config/Windows/Scalability.ini]
[2024.03.19-10.15.21:276][  0]LogConfig: Setting CVar [[r.LightFunctionQuality:1]]
[2024.03.19-10.15.21:276][  0]LogConfig: Setting CVar [[r.ShadowQuality:5]]
[2024.03.19-10.15.21:276][  0]LogConfig: Setting CVar [[r.Shadow.CSM.MaxCascades:10]]
[2024.03.19-10.15.21:276][  0]LogConfig: Setting CVar [[r.Shadow.MaxResolution:2048]]
[2024.03.19-10.15.21:276][  0]LogConfig: Setting CVar [[r.Shadow.MaxCSMResolution:2048]]
[2024.03.19-10.15.21:276][  0]LogConfig: Setting CVar [[r.Shadow.RadiusThreshold:0.01]]
[2024.03.19-10.15.21:276][  0]LogConfig: Setting CVar [[r.Shadow.DistanceScale:1.0]]
[2024.03.19-10.15.21:276][  0]LogConfig: Setting CVar [[r.Shadow.CSM.TransitionScale:1.0]]
[2024.03.19-10.15.21:276][  0]LogConfig: Setting CVar [[r.Shadow.PreShadowResolutionFactor:1.0]]
[2024.03.19-10.15.21:276][  0]LogConfig: Setting CVar [[r.DistanceFieldShadowing:1]]
[2024.03.19-10.15.21:276][  0]LogConfig: Setting CVar [[r.DistanceFieldAO:1]]
[2024.03.19-10.15.21:276][  0]LogConfig: Setting CVar [[r.AOQuality:2]]
[2024.03.19-10.15.21:276][  0]LogConfig: Setting CVar [[r.VolumetricFog:1]]
[2024.03.19-10.15.21:276][  0]LogConfig: Setting CVar [[r.VolumetricFog.GridPixelSize:8]]
[2024.03.19-10.15.21:276][  0]LogConfig: Setting CVar [[r.VolumetricFog.GridSizeZ:128]]
[2024.03.19-10.15.21:276][  0]LogConfig: Setting CVar [[r.VolumetricFog.HistoryMissSupersampleCount:4]]
[2024.03.19-10.15.21:276][  0]LogConfig: Setting CVar [[r.LightMaxDrawDistanceScale:1]]
[2024.03.19-10.15.21:276][  0]LogConfig: Setting CVar [[r.CapsuleShadows:1]]
[2024.03.19-10.15.21:276][  0]LogConfig: Applying CVar settings from Section [PostProcessQuality@3] File [D:/GitHub/NetShootRewrite/Saved/Config/Windows/Scalability.ini]
[2024.03.19-10.15.21:276][  0]LogConfig: Setting CVar [[r.MotionBlurQuality:4]]
[2024.03.19-10.15.21:276][  0]LogConfig: Setting CVar [[r.AmbientOcclusionMipLevelFactor:0.4]]
[2024.03.19-10.15.21:276][  0]LogConfig: Setting CVar [[r.AmbientOcclusionMaxQuality:100]]
[2024.03.19-10.15.21:276][  0]LogConfig: Setting CVar [[r.AmbientOcclusionLevels:-1]]
[2024.03.19-10.15.21:276][  0]LogConfig: Setting CVar [[r.AmbientOcclusionRadiusScale:1.0]]
[2024.03.19-10.15.21:276][  0]LogConfig: Setting CVar [[r.DepthOfFieldQuality:2]]
[2024.03.19-10.15.21:276][  0]LogConfig: Setting CVar [[r.RenderTargetPoolMin:400]]
[2024.03.19-10.15.21:276][  0]LogConfig: Setting CVar [[r.LensFlareQuality:2]]
[2024.03.19-10.15.21:276][  0]LogConfig: Setting CVar [[r.SceneColorFringeQuality:1]]
[2024.03.19-10.15.21:276][  0]LogConfig: Setting CVar [[r.EyeAdaptationQuality:2]]
[2024.03.19-10.15.21:276][  0]LogConfig: Setting CVar [[r.BloomQuality:5]]
[2024.03.19-10.15.21:276][  0]LogConfig: Setting CVar [[r.FastBlurThreshold:100]]
[2024.03.19-10.15.21:276][  0]LogConfig: Setting CVar [[r.Upscale.Quality:3]]
[2024.03.19-10.15.21:276][  0]LogConfig: Setting CVar [[r.Tonemapper.GrainQuantization:1]]
[2024.03.19-10.15.21:276][  0]LogConfig: Setting CVar [[r.LightShaftQuality:1]]
[2024.03.19-10.15.21:276][  0]LogConfig: Setting CVar [[r.Filter.SizeScale:1]]
[2024.03.19-10.15.21:276][  0]LogConfig: Setting CVar [[r.Tonemapper.Quality:5]]
[2024.03.19-10.15.21:276][  0]LogConfig: Setting CVar [[r.DOF.Gather.AccumulatorQuality:1        ; higher gathering accumulator quality]]
[2024.03.19-10.15.21:276][  0]LogConfig: Setting CVar [[r.DOF.Gather.PostfilterMethod:1          ; Median3x3 postfilering method]]
[2024.03.19-10.15.21:276][  0]LogConfig: Setting CVar [[r.DOF.Gather.EnableBokehSettings:0       ; no bokeh simulation when gathering]]
[2024.03.19-10.15.21:276][  0]LogConfig: Setting CVar [[r.DOF.Gather.RingCount:4                 ; medium number of samples when gathering]]
[2024.03.19-10.15.21:276][  0]LogConfig: Setting CVar [[r.DOF.Scatter.ForegroundCompositing:1    ; additive foreground scattering]]
[2024.03.19-10.15.21:276][  0]LogConfig: Setting CVar [[r.DOF.Scatter.BackgroundCompositing:2    ; additive background scattering]]
[2024.03.19-10.15.21:276][  0]LogConfig: Setting CVar [[r.DOF.Scatter.EnableBokehSettings:1      ; bokeh simulation when scattering]]
[2024.03.19-10.15.21:276][  0]LogConfig: Setting CVar [[r.DOF.Scatter.MaxSpriteRatio:0.1         ; only a maximum of 10% of scattered bokeh]]
[2024.03.19-10.15.21:276][  0]LogConfig: Setting CVar [[r.DOF.Recombine.Quality:1                ; cheap slight out of focus]]
[2024.03.19-10.15.21:276][  0]LogConfig: Setting CVar [[r.DOF.Recombine.EnableBokehSettings:0    ; no bokeh simulation on slight out of focus]]
[2024.03.19-10.15.21:276][  0]LogConfig: Setting CVar [[r.DOF.TemporalAAQuality:1                ; more stable temporal accumulation]]
[2024.03.19-10.15.21:276][  0]LogConfig: Setting CVar [[r.DOF.Kernel.MaxForegroundRadius:0.025]]
[2024.03.19-10.15.21:276][  0]LogConfig: Setting CVar [[r.DOF.Kernel.MaxBackgroundRadius:0.025]]
[2024.03.19-10.15.21:276][  0]LogConfig: Applying CVar settings from Section [TextureQuality@3] File [D:/GitHub/NetShootRewrite/Saved/Config/Windows/Scalability.ini]
[2024.03.19-10.15.21:276][  0]LogConfig: Setting CVar [[r.Streaming.MipBias:0]]
[2024.03.19-10.15.21:276][  0]LogConfig: Setting CVar [[r.Streaming.AmortizeCPUToGPUCopy:0]]
[2024.03.19-10.15.21:276][  0]LogConfig: Setting CVar [[r.Streaming.MaxNumTexturesToStreamPerFrame:0]]
[2024.03.19-10.15.21:276][  0]LogConfig: Setting CVar [[r.Streaming.Boost:1]]
[2024.03.19-10.15.21:276][  0]LogConfig: Setting CVar [[r.MaxAnisotropy:8]]
[2024.03.19-10.15.21:276][  0]LogConfig: Setting CVar [[r.VT.MaxAnisotropy:8]]
[2024.03.19-10.15.21:276][  0]LogConfig: Setting CVar [[r.Streaming.LimitPoolSizeToVRAM:0]]
[2024.03.19-10.15.21:276][  0]LogConfig: Setting CVar [[r.Streaming.PoolSize:1000]]
[2024.03.19-10.15.21:276][  0]LogConfig: Setting CVar [[r.Streaming.MaxEffectiveScreenSize:0]]
[2024.03.19-10.15.21:276][  0]LogConfig: Applying CVar settings from Section [EffectsQuality@3] File [D:/GitHub/NetShootRewrite/Saved/Config/Windows/Scalability.ini]
[2024.03.19-10.15.21:277][  0]LogConfig: Setting CVar [[r.TranslucencyLightingVolumeDim:64]]
[2024.03.19-10.15.21:277][  0]LogConfig: Setting CVar [[r.RefractionQuality:2]]
[2024.03.19-10.15.21:277][  0]LogConfig: Setting CVar [[r.SSR.Quality:3]]
[2024.03.19-10.15.21:277][  0]LogConfig: Setting CVar [[r.SSR.HalfResSceneColor:0]]
[2024.03.19-10.15.21:277][  0]LogConfig: Setting CVar [[r.SceneColorFormat:4]]
[2024.03.19-10.15.21:277][  0]LogConfig: Setting CVar [[r.DetailMode:2]]
[2024.03.19-10.15.21:277][  0]LogConfig: Setting CVar [[r.TranslucencyVolumeBlur:1]]
[2024.03.19-10.15.21:277][  0]LogConfig: Setting CVar [[r.MaterialQualityLevel:1 ; High quality]]
[2024.03.19-10.15.21:277][  0]LogConfig: Setting CVar [[r.AnisotropicMaterials:1]]
[2024.03.19-10.15.21:277][  0]LogConfig: Setting CVar [[r.SSS.Scale:1]]
[2024.03.19-10.15.21:277][  0]LogConfig: Setting CVar [[r.SSS.SampleSet:2]]
[2024.03.19-10.15.21:277][  0]LogConfig: Setting CVar [[r.SSS.Quality:1]]
[2024.03.19-10.15.21:277][  0]LogConfig: Setting CVar [[r.SSS.HalfRes:0]]
[2024.03.19-10.15.21:277][  0]LogConfig: Setting CVar [[r.SSGI.Quality:3]]
[2024.03.19-10.15.21:277][  0]LogConfig: Setting CVar [[r.EmitterSpawnRateScale:1.0]]
[2024.03.19-10.15.21:277][  0]LogConfig: Setting CVar [[r.ParticleLightQuality:2]]
[2024.03.19-10.15.21:277][  0]LogConfig: Setting CVar [[r.SkyAtmosphere.AerialPerspectiveLUT.FastApplyOnOpaque:1 ; Always have FastSkyLUT 1 in this case to avoid wrong sky]]
[2024.03.19-10.15.21:277][  0]LogConfig: Setting CVar [[r.SkyAtmosphere.AerialPerspectiveLUT.SampleCountMaxPerSlice:4]]
[2024.03.19-10.15.21:277][  0]LogConfig: Setting CVar [[r.SkyAtmosphere.AerialPerspectiveLUT.DepthResolution:16.0]]
[2024.03.19-10.15.21:277][  0]LogConfig: Setting CVar [[r.SkyAtmosphere.FastSkyLUT:1]]
[2024.03.19-10.15.21:277][  0]LogConfig: Setting CVar [[r.SkyAtmosphere.FastSkyLUT.SampleCountMin:4.0]]
[2024.03.19-10.15.21:277][  0]LogConfig: Setting CVar [[r.SkyAtmosphere.FastSkyLUT.SampleCountMax:128.0]]
[2024.03.19-10.15.21:277][  0]LogConfig: Setting CVar [[r.SkyAtmosphere.SampleCountMin:4.0]]
[2024.03.19-10.15.21:277][  0]LogConfig: Setting CVar [[r.SkyAtmosphere.SampleCountMax:128.0]]
[2024.03.19-10.15.21:277][  0]LogConfig: Setting CVar [[r.SkyAtmosphere.TransmittanceLUT.UseSmallFormat:0]]
[2024.03.19-10.15.21:277][  0]LogConfig: Setting CVar [[r.SkyAtmosphere.TransmittanceLUT.SampleCount:10.0]]
[2024.03.19-10.15.21:277][  0]LogConfig: Setting CVar [[r.SkyAtmosphere.MultiScatteringLUT.SampleCount:15.0]]
[2024.03.19-10.15.21:277][  0]LogConfig: Setting CVar [[r.SkyLight.RealTimeReflectionCapture:1]]
[2024.03.19-10.15.21:277][  0]LogConfig: Applying CVar settings from Section [FoliageQuality@3] File [D:/GitHub/NetShootRewrite/Saved/Config/Windows/Scalability.ini]
[2024.03.19-10.15.21:277][  0]LogConfig: Setting CVar [[foliage.DensityScale:1.0]]
[2024.03.19-10.15.21:277][  0]LogConfig: Setting CVar [[grass.DensityScale:1.0]]
[2024.03.19-10.15.21:277][  0]LogConfig: Applying CVar settings from Section [ShadingQuality@3] File [D:/GitHub/NetShootRewrite/Saved/Config/Windows/Scalability.ini]
[2024.03.19-10.15.21:277][  0]LogConfig: Setting CVar [[r.HairStrands.SkyLighting.IntegrationType:2]]
[2024.03.19-10.15.21:277][  0]LogConfig: Setting CVar [[r.HairStrands.SkyAO.SampleCount:4]]
[2024.03.19-10.15.21:277][  0]LogConfig: Setting CVar [[r.HairStrands.Visibility.MSAA.SamplePerPixel:4]]
[2024.03.19-10.15.21:277][  0]LogInit: Selected Device Profile: [Windows]
[2024.03.19-10.15.21:277][  0]LogInit: Applying CVar settings loaded from the selected device profile: [Windows]
[2024.03.19-10.15.21:278][  0]LogHAL: Display: Platform has ~ 16 GB [17105735680 / 17179869184 / 16], which maps to Larger [LargestMinGB=32, LargerMinGB=12, DefaultMinGB=8, SmallerMinGB=6, SmallestMinGB=0)
[2024.03.19-10.15.21:278][  0]LogInit: Going up to parent DeviceProfile []
[2024.03.19-10.15.21:278][  0]LogConfig: Applying CVar settings from Section [ViewDistanceQuality@3] File [D:/GitHub/NetShootRewrite/Saved/Config/Windows/Scalability.ini]
[2024.03.19-10.15.21:278][  0]LogConfig: Setting CVar [[r.SkeletalMeshLODBias:0]]
[2024.03.19-10.15.21:278][  0]LogConfig: Setting CVar [[r.ViewDistanceScale:1.0]]
[2024.03.19-10.15.21:278][  0]LogConfig: Applying CVar settings from Section [AntiAliasingQuality@3] File [D:/GitHub/NetShootRewrite/Saved/Config/Windows/Scalability.ini]
[2024.03.19-10.15.21:278][  0]LogConfig: Setting CVar [[r.PostProcessAAQuality:4]]
[2024.03.19-10.15.21:278][  0]LogConfig: Applying CVar settings from Section [ShadowQuality@3] File [D:/GitHub/NetShootRewrite/Saved/Config/Windows/Scalability.ini]
[2024.03.19-10.15.21:278][  0]LogConfig: Setting CVar [[r.LightFunctionQuality:1]]
[2024.03.19-10.15.21:278][  0]LogConfig: Setting CVar [[r.ShadowQuality:5]]
[2024.03.19-10.15.21:278][  0]LogConfig: Setting CVar [[r.Shadow.CSM.MaxCascades:10]]
[2024.03.19-10.15.21:278][  0]LogConfig: Setting CVar [[r.Shadow.MaxResolution:2048]]
[2024.03.19-10.15.21:278][  0]LogConfig: Setting CVar [[r.Shadow.MaxCSMResolution:2048]]
[2024.03.19-10.15.21:278][  0]LogConfig: Setting CVar [[r.Shadow.RadiusThreshold:0.01]]
[2024.03.19-10.15.21:278][  0]LogConfig: Setting CVar [[r.Shadow.DistanceScale:1.0]]
[2024.03.19-10.15.21:278][  0]LogConfig: Setting CVar [[r.Shadow.CSM.TransitionScale:1.0]]
[2024.03.19-10.15.21:278][  0]LogConfig: Setting CVar [[r.Shadow.PreShadowResolutionFactor:1.0]]
[2024.03.19-10.15.21:279][  0]LogConfig: Setting CVar [[r.DistanceFieldShadowing:1]]
[2024.03.19-10.15.21:279][  0]LogConfig: Setting CVar [[r.DistanceFieldAO:1]]
[2024.03.19-10.15.21:279][  0]LogConfig: Setting CVar [[r.AOQuality:2]]
[2024.03.19-10.15.21:279][  0]LogConfig: Setting CVar [[r.VolumetricFog:1]]
[2024.03.19-10.15.21:279][  0]LogConfig: Setting CVar [[r.VolumetricFog.GridPixelSize:8]]
[2024.03.19-10.15.21:279][  0]LogConfig: Setting CVar [[r.VolumetricFog.GridSizeZ:128]]
[2024.03.19-10.15.21:279][  0]LogConfig: Setting CVar [[r.VolumetricFog.HistoryMissSupersampleCount:4]]
[2024.03.19-10.15.21:279][  0]LogConfig: Setting CVar [[r.LightMaxDrawDistanceScale:1]]
[2024.03.19-10.15.21:279][  0]LogConfig: Setting CVar [[r.CapsuleShadows:1]]
[2024.03.19-10.15.21:279][  0]LogConfig: Applying CVar settings from Section [PostProcessQuality@3] File [D:/GitHub/NetShootRewrite/Saved/Config/Windows/Scalability.ini]
[2024.03.19-10.15.21:279][  0]LogConfig: Setting CVar [[r.MotionBlurQuality:4]]
[2024.03.19-10.15.21:279][  0]LogConfig: Setting CVar [[r.AmbientOcclusionMipLevelFactor:0.4]]
[2024.03.19-10.15.21:279][  0]LogConfig: Setting CVar [[r.AmbientOcclusionMaxQuality:100]]
[2024.03.19-10.15.21:279][  0]LogConfig: Setting CVar [[r.AmbientOcclusionLevels:-1]]
[2024.03.19-10.15.21:279][  0]LogConfig: Setting CVar [[r.AmbientOcclusionRadiusScale:1.0]]
[2024.03.19-10.15.21:279][  0]LogConfig: Setting CVar [[r.DepthOfFieldQuality:2]]
[2024.03.19-10.15.21:279][  0]LogConfig: Setting CVar [[r.RenderTargetPoolMin:400]]
[2024.03.19-10.15.21:279][  0]LogConfig: Setting CVar [[r.LensFlareQuality:2]]
[2024.03.19-10.15.21:279][  0]LogConfig: Setting CVar [[r.SceneColorFringeQuality:1]]
[2024.03.19-10.15.21:279][  0]LogConfig: Setting CVar [[r.EyeAdaptationQuality:2]]
[2024.03.19-10.15.21:279][  0]LogConfig: Setting CVar [[r.BloomQuality:5]]
[2024.03.19-10.15.21:279][  0]LogConfig: Setting CVar [[r.FastBlurThreshold:100]]
[2024.03.19-10.15.21:279][  0]LogConfig: Setting CVar [[r.Upscale.Quality:3]]
[2024.03.19-10.15.21:279][  0]LogConfig: Setting CVar [[r.Tonemapper.GrainQuantization:1]]
[2024.03.19-10.15.21:279][  0]LogConfig: Setting CVar [[r.LightShaftQuality:1]]
[2024.03.19-10.15.21:279][  0]LogConfig: Setting CVar [[r.Filter.SizeScale:1]]
[2024.03.19-10.15.21:279][  0]LogConfig: Setting CVar [[r.Tonemapper.Quality:5]]
[2024.03.19-10.15.21:279][  0]LogConfig: Setting CVar [[r.DOF.Gather.AccumulatorQuality:1        ; higher gathering accumulator quality]]
[2024.03.19-10.15.21:279][  0]LogConfig: Setting CVar [[r.DOF.Gather.PostfilterMethod:1          ; Median3x3 postfilering method]]
[2024.03.19-10.15.21:279][  0]LogConfig: Setting CVar [[r.DOF.Gather.EnableBokehSettings:0       ; no bokeh simulation when gathering]]
[2024.03.19-10.15.21:279][  0]LogConfig: Setting CVar [[r.DOF.Gather.RingCount:4                 ; medium number of samples when gathering]]
[2024.03.19-10.15.21:279][  0]LogConfig: Setting CVar [[r.DOF.Scatter.ForegroundCompositing:1    ; additive foreground scattering]]
[2024.03.19-10.15.21:279][  0]LogConfig: Setting CVar [[r.DOF.Scatter.BackgroundCompositing:2    ; additive background scattering]]
[2024.03.19-10.15.21:279][  0]LogConfig: Setting CVar [[r.DOF.Scatter.EnableBokehSettings:1      ; bokeh simulation when scattering]]
[2024.03.19-10.15.21:279][  0]LogConfig: Setting CVar [[r.DOF.Scatter.MaxSpriteRatio:0.1         ; only a maximum of 10% of scattered bokeh]]
[2024.03.19-10.15.21:279][  0]LogConfig: Setting CVar [[r.DOF.Recombine.Quality:1                ; cheap slight out of focus]]
[2024.03.19-10.15.21:279][  0]LogConfig: Setting CVar [[r.DOF.Recombine.EnableBokehSettings:0    ; no bokeh simulation on slight out of focus]]
[2024.03.19-10.15.21:279][  0]LogConfig: Setting CVar [[r.DOF.TemporalAAQuality:1                ; more stable temporal accumulation]]
[2024.03.19-10.15.21:279][  0]LogConfig: Setting CVar [[r.DOF.Kernel.MaxForegroundRadius:0.025]]
[2024.03.19-10.15.21:279][  0]LogConfig: Setting CVar [[r.DOF.Kernel.MaxBackgroundRadius:0.025]]
[2024.03.19-10.15.21:279][  0]LogConfig: Applying CVar settings from Section [TextureQuality@3] File [D:/GitHub/NetShootRewrite/Saved/Config/Windows/Scalability.ini]
[2024.03.19-10.15.21:279][  0]LogConfig: Setting CVar [[r.Streaming.MipBias:0]]
[2024.03.19-10.15.21:279][  0]LogConfig: Setting CVar [[r.Streaming.AmortizeCPUToGPUCopy:0]]
[2024.03.19-10.15.21:279][  0]LogConfig: Setting CVar [[r.Streaming.MaxNumTexturesToStreamPerFrame:0]]
[2024.03.19-10.15.21:279][  0]LogConfig: Setting CVar [[r.Streaming.Boost:1]]
[2024.03.19-10.15.21:279][  0]LogConfig: Setting CVar [[r.MaxAnisotropy:8]]
[2024.03.19-10.15.21:279][  0]LogConfig: Setting CVar [[r.VT.MaxAnisotropy:8]]
[2024.03.19-10.15.21:279][  0]LogConfig: Setting CVar [[r.Streaming.LimitPoolSizeToVRAM:0]]
[2024.03.19-10.15.21:279][  0]LogConfig: Setting CVar [[r.Streaming.PoolSize:1000]]
[2024.03.19-10.15.21:279][  0]LogConfig: Setting CVar [[r.Streaming.MaxEffectiveScreenSize:0]]
[2024.03.19-10.15.21:279][  0]LogConfig: Applying CVar settings from Section [EffectsQuality@3] File [D:/GitHub/NetShootRewrite/Saved/Config/Windows/Scalability.ini]
[2024.03.19-10.15.21:279][  0]LogConfig: Setting CVar [[r.TranslucencyLightingVolumeDim:64]]
[2024.03.19-10.15.21:279][  0]LogConfig: Setting CVar [[r.RefractionQuality:2]]
[2024.03.19-10.15.21:279][  0]LogConfig: Setting CVar [[r.SSR.Quality:3]]
[2024.03.19-10.15.21:279][  0]LogConfig: Setting CVar [[r.SSR.HalfResSceneColor:0]]
[2024.03.19-10.15.21:279][  0]LogConfig: Setting CVar [[r.SceneColorFormat:4]]
[2024.03.19-10.15.21:279][  0]LogConfig: Setting CVar [[r.DetailMode:2]]
[2024.03.19-10.15.21:279][  0]LogConfig: Setting CVar [[r.TranslucencyVolumeBlur:1]]
[2024.03.19-10.15.21:279][  0]LogConfig: Setting CVar [[r.MaterialQualityLevel:1 ; High quality]]
[2024.03.19-10.15.21:279][  0]LogConfig: Setting CVar [[r.AnisotropicMaterials:1]]
[2024.03.19-10.15.21:279][  0]LogConfig: Setting CVar [[r.SSS.Scale:1]]
[2024.03.19-10.15.21:279][  0]LogConfig: Setting CVar [[r.SSS.SampleSet:2]]
[2024.03.19-10.15.21:279][  0]LogConfig: Setting CVar [[r.SSS.Quality:1]]
[2024.03.19-10.15.21:279][  0]LogConfig: Setting CVar [[r.SSS.HalfRes:0]]
[2024.03.19-10.15.21:279][  0]LogConfig: Setting CVar [[r.SSGI.Quality:3]]
[2024.03.19-10.15.21:279][  0]LogConfig: Setting CVar [[r.EmitterSpawnRateScale:1.0]]
[2024.03.19-10.15.21:279][  0]LogConfig: Setting CVar [[r.ParticleLightQuality:2]]
[2024.03.19-10.15.21:279][  0]LogConfig: Setting CVar [[r.SkyAtmosphere.AerialPerspectiveLUT.FastApplyOnOpaque:1 ; Always have FastSkyLUT 1 in this case to avoid wrong sky]]
[2024.03.19-10.15.21:279][  0]LogConfig: Setting CVar [[r.SkyAtmosphere.AerialPerspectiveLUT.SampleCountMaxPerSlice:4]]
[2024.03.19-10.15.21:279][  0]LogConfig: Setting CVar [[r.SkyAtmosphere.AerialPerspectiveLUT.DepthResolution:16.0]]
[2024.03.19-10.15.21:279][  0]LogConfig: Setting CVar [[r.SkyAtmosphere.FastSkyLUT:1]]
[2024.03.19-10.15.21:279][  0]LogConfig: Setting CVar [[r.SkyAtmosphere.FastSkyLUT.SampleCountMin:4.0]]
[2024.03.19-10.15.21:279][  0]LogConfig: Setting CVar [[r.SkyAtmosphere.FastSkyLUT.SampleCountMax:128.0]]
[2024.03.19-10.15.21:279][  0]LogConfig: Setting CVar [[r.SkyAtmosphere.SampleCountMin:4.0]]
[2024.03.19-10.15.21:279][  0]LogConfig: Setting CVar [[r.SkyAtmosphere.SampleCountMax:128.0]]
[2024.03.19-10.15.21:279][  0]LogConfig: Setting CVar [[r.SkyAtmosphere.TransmittanceLUT.UseSmallFormat:0]]
[2024.03.19-10.15.21:279][  0]LogConfig: Setting CVar [[r.SkyAtmosphere.TransmittanceLUT.SampleCount:10.0]]
[2024.03.19-10.15.21:279][  0]LogConfig: Setting CVar [[r.SkyAtmosphere.MultiScatteringLUT.SampleCount:15.0]]
[2024.03.19-10.15.21:279][  0]LogConfig: Setting CVar [[r.SkyLight.RealTimeReflectionCapture:1]]
[2024.03.19-10.15.21:279][  0]LogConfig: Applying CVar settings from Section [FoliageQuality@3] File [D:/GitHub/NetShootRewrite/Saved/Config/Windows/Scalability.ini]
[2024.03.19-10.15.21:279][  0]LogConfig: Setting CVar [[foliage.DensityScale:1.0]]
[2024.03.19-10.15.21:279][  0]LogConfig: Setting CVar [[grass.DensityScale:1.0]]
[2024.03.19-10.15.21:279][  0]LogConfig: Applying CVar settings from Section [ShadingQuality@3] File [D:/GitHub/NetShootRewrite/Saved/Config/Windows/Scalability.ini]
[2024.03.19-10.15.21:279][  0]LogConfig: Setting CVar [[r.HairStrands.SkyLighting.IntegrationType:2]]
[2024.03.19-10.15.21:279][  0]LogConfig: Setting CVar [[r.HairStrands.SkyAO.SampleCount:4]]
[2024.03.19-10.15.21:279][  0]LogConfig: Setting CVar [[r.HairStrands.Visibility.MSAA.SamplePerPixel:4]]
[2024.03.19-10.15.21:280][  0]LogConfig: Applying CVar settings from Section [Startup] File [../../../Engine/Config/ConsoleVariables.ini]
[2024.03.19-10.15.21:280][  0]LogConfig: Setting CVar [[net.UseAdaptiveNetUpdateFrequency:0]]
[2024.03.19-10.15.21:280][  0]LogConfig: Setting CVar [[p.chaos.AllowCreatePhysxBodies:1]]
[2024.03.19-10.15.21:280][  0]LogConfig: Setting CVar [[fx.SkipVectorVMBackendOptimizations:1]]
[2024.03.19-10.15.21:280][  0]LogConfig: Applying CVar settings from Section [ConsoleVariables] File [D:/GitHub/NetShootRewrite/Saved/Config/Windows/Engine.ini]
[2024.03.19-10.15.21:280][  0]LogConfig: Applying CVar settings from Section [ConsoleVariables] File [D:/GitHub/NetShootRewrite/Saved/Config/Windows/Editor.ini]
[2024.03.19-10.15.21:281][  0]LogInit: Computer: DESKTOP-6POMQQ5
[2024.03.19-10.15.21:281][  0]LogInit: User: ZTT
[2024.03.19-10.15.21:281][  0]LogInit: CPU Page size=4096, Cores=6
[2024.03.19-10.15.21:281][  0]LogInit: High frequency timer resolution =10.000000 MHz
[2024.03.19-10.15.21:281][  0]LogMemory: Memory total: Physical=15.9GB (16GB approx)
[2024.03.19-10.15.21:281][  0]LogMemory: Platform Memory Stats for Windows
[2024.03.19-10.15.21:281][  0]LogMemory: Process Physical Memory: 144.32 MB used, 144.33 MB peak
[2024.03.19-10.15.21:281][  0]LogMemory: Process Virtual Memory: 119.57 MB used, 119.57 MB peak
[2024.03.19-10.15.21:281][  0]LogMemory: Physical Memory: 12726.16 MB used,  3587.14 MB free, 16313.30 MB total
[2024.03.19-10.15.21:281][  0]LogMemory: Virtual Memory: 134209992.00 MB used,  7738.94 MB free, 134217728.00 MB total
[2024.03.19-10.15.21:289][  0]LogWindows: WindowsPlatformFeatures enabled
[2024.03.19-10.15.21:378][  0]LogInit: Physics initialised using underlying interface: PhysX
[2024.03.19-10.15.21:380][  0]LogInit: Overriding language with editor language configuration option (zh-Hans).
[2024.03.19-10.15.21:380][  0]LogInit: Using OS detected locale (zh-CN).
[2024.03.19-10.15.21:595][  0]LogTextLocalizationResource: LocRes '../../../Engine/Content/Localization/Editor/zh/Editor.locres' could not be opened for reading!
[2024.03.19-10.15.21:596][  0]LogTextLocalizationResource: LocRes '../../../Engine/Content/Localization/EditorTutorials/zh/EditorTutorials.locres' could not be opened for reading!
[2024.03.19-10.15.21:596][  0]LogTextLocalizationResource: LocRes '../../../Engine/Content/Localization/Keywords/zh/Keywords.locres' could not be opened for reading!
[2024.03.19-10.15.21:596][  0]LogTextLocalizationResource: LocRes '../../../Engine/Content/Localization/Category/zh/Category.locres' could not be opened for reading!
[2024.03.19-10.15.21:596][  0]LogTextLocalizationResource: LocRes '../../../Engine/Content/Localization/ToolTips/zh/ToolTips.locres' could not be opened for reading!
[2024.03.19-10.15.21:596][  0]LogTextLocalizationResource: LocRes '../../../Engine/Content/Localization/PropertyNames/zh/PropertyNames.locres' could not be opened for reading!
[2024.03.19-10.15.21:597][  0]LogTextLocalizationResource: LocRes '../../../Engine/Content/Localization/Engine/zh/Engine.locres' could not be opened for reading!
[2024.03.19-10.15.21:597][  0]LogTextLocalizationResource: LocRes '../../../Engine/Plugins/Online/OnlineSubsystem/Content/Localization/OnlineSubsystem/zh/OnlineSubsystem.locres' could not be opened for reading!
[2024.03.19-10.15.21:597][  0]LogTextLocalizationResource: LocRes '../../../Engine/Plugins/Online/OnlineSubsystemUtils/Content/Localization/OnlineSubsystemUtils/zh/OnlineSubsystemUtils.locres' could not be opened for reading!
[2024.03.19-10.15.21:597][  0]LogTextLocalizationResource: LocRes '../../../Engine/Plugins/Online/Android/OnlineSubsystemGooglePlay/Content/Localization/OnlineSubsystemGooglePlay/zh/OnlineSubsystemGooglePlay.locres' could not be opened for reading!
[2024.03.19-10.15.21:597][  0]LogTextLocalizationResource: LocRes '../../../Engine/Plugins/Online/IOS/OnlineSubsystemIOS/Content/Localization/OnlineSubsystemIOS/zh/OnlineSubsystemIOS.locres' could not be opened for reading!
[2024.03.19-10.15.21:644][  0]LogInit: Setting process to per monitor DPI aware
[2024.03.19-10.15.21:661][  0]LogWindowsTextInputMethodSystem: Display: IME system deactivated.
[2024.03.19-10.15.21:687][  0]LogSlate: New Slate User Created.  User Index 0, Is Virtual User: 0
[2024.03.19-10.15.21:687][  0]LogSlate: Slate User Registered.  User Index 0, Is Virtual User: 0
[2024.03.19-10.15.22:216][  0]LogD3D11RHI: Loaded GFSDK_Aftermath_Lib.x64.dll
[2024.03.19-10.15.22:221][  0]LogHMD: Failed to initialize OpenVR with code 110
[2024.03.19-10.15.22:221][  0]LogD3D11RHI: D3D11 min allowed feature level: 11_0
[2024.03.19-10.15.22:221][  0]LogD3D11RHI: D3D11 max allowed feature level: 11_0
[2024.03.19-10.15.22:221][  0]LogD3D11RHI: D3D11 adapters:
[2024.03.19-10.15.23:016][  0]LogD3D11RHI:    0. 'NVIDIA GeForce GTX 1660 Ti' (Feature Level 11_0)
[2024.03.19-10.15.23:016][  0]LogD3D11RHI:       5979/0/8156 MB DedicatedVideo/DedicatedSystem/SharedSystem, Outputs:1, VendorId:0x10de
[2024.03.19-10.15.23:020][  0]LogD3D11RHI:    1. 'Microsoft Basic Render Driver' (Feature Level 11_0)
[2024.03.19-10.15.23:020][  0]LogD3D11RHI:       0/0/8156 MB DedicatedVideo/DedicatedSystem/SharedSystem, Outputs:0, VendorId:0x1414
[2024.03.19-10.15.23:628][  0]LogD3D11RHI:    2. 'NVIDIA GeForce GTX 1660 Ti' (Feature Level 11_0)
[2024.03.19-10.15.23:628][  0]LogD3D11RHI:       5979/0/8156 MB DedicatedVideo/DedicatedSystem/SharedSystem, Outputs:0, VendorId:0x10de
[2024.03.19-10.15.23:629][  0]LogD3D11RHI: Chosen D3D11 Adapter:
[2024.03.19-10.15.23:629][  0]LogD3D11RHI:     Description : NVIDIA GeForce GTX 1660 Ti
[2024.03.19-10.15.23:629][  0]LogD3D11RHI:     VendorId    : 10de
[2024.03.19-10.15.23:629][  0]LogD3D11RHI:     DeviceId    : 2182
[2024.03.19-10.15.23:629][  0]LogD3D11RHI:     SubSysId    : 3fbe1458
[2024.03.19-10.15.23:629][  0]LogD3D11RHI:     Revision    : 00a1
[2024.03.19-10.15.23:629][  0]LogD3D11RHI:     DedicatedVideoMemory : 6269435904 bytes
[2024.03.19-10.15.23:629][  0]LogD3D11RHI:     DedicatedSystemMemory : 0 bytes
[2024.03.19-10.15.23:629][  0]LogD3D11RHI:     SharedSystemMemory : 8552867840 bytes
[2024.03.19-10.15.23:629][  0]LogD3D11RHI:     AdapterLuid : 0 50784
[2024.03.19-10.15.23:633][  0]LogD3D11RHI: Creating new Direct3DDevice
[2024.03.19-10.15.23:634][  0]LogD3D11RHI:     GPU DeviceId: 0x2182 (for the marketing name, search the web for "GPU Device Id")
[2024.03.19-10.15.23:634][  0]LogWindows: EnumDisplayDevices:
[2024.03.19-10.15.23:634][  0]LogWindows:    0. 'NVIDIA GeForce GTX 1660 Ti' (P:1 D:1)
[2024.03.19-10.15.23:634][  0]LogWindows:    1. 'NVIDIA GeForce GTX 1660 Ti' (P:0 D:0)
[2024.03.19-10.15.23:635][  0]LogWindows:    2. 'NVIDIA GeForce GTX 1660 Ti' (P:0 D:0)
[2024.03.19-10.15.23:636][  0]LogWindows:    3. 'NVIDIA GeForce GTX 1660 Ti' (P:0 D:0)
[2024.03.19-10.15.23:637][  0]LogWindows:    4. 'OrayIddDriver Device' (P:0 D:0)
[2024.03.19-10.15.23:637][  0]LogWindows:    5. 'OrayIddDriver Device' (P:0 D:0)
[2024.03.19-10.15.23:638][  0]LogWindows:    6. 'OrayIddDriver Device' (P:0 D:0)
[2024.03.19-10.15.23:638][  0]LogWindows:    7. 'OrayIddDriver Device' (P:0 D:0)
[2024.03.19-10.15.23:639][  0]LogWindows:    8. 'OrayIddDriver Device' (P:0 D:0)
[2024.03.19-10.15.23:639][  0]LogWindows: DebugString: GetVideoDriverDetailsInvalid PrimaryIsNotTheChoosenAdapter GetVideoDriverDetailsInvalid PrimaryIsNotTheChoosenAdapter GetVideoDriverDetailsInvalid PrimaryIsNotTheChoosenAdapter GetVideoDriverDetailsInvalid PrimaryIsNotTheChoosenAdapter GetVideoDriverDetailsInvalid PrimaryIsNotTheChoosenAdapter FoundDriverCount:4 
[2024.03.19-10.15.23:639][  0]LogD3D11RHI:     Adapter Name: NVIDIA GeForce GTX 1660 Ti
[2024.03.19-10.15.23:639][  0]LogD3D11RHI:   Driver Version: 536.23 (internal:31.0.15.3623, unified:536.23)
[2024.03.19-10.15.23:639][  0]LogD3D11RHI:      Driver Date: 6-8-2023
[2024.03.19-10.15.23:639][  0]LogRHI: Texture pool is 4185 MB (70% of 5979 MB)
[2024.03.19-10.15.23:640][  0]LogD3D11RHI: Creating D3DDevice using adapter:
[2024.03.19-10.15.23:640][  0]LogD3D11RHI:     Description : NVIDIA GeForce GTX 1660 Ti
[2024.03.19-10.15.23:640][  0]LogD3D11RHI:     VendorId    : 10de
[2024.03.19-10.15.23:640][  0]LogD3D11RHI:     DeviceId    : 2182
[2024.03.19-10.15.23:640][  0]LogD3D11RHI:     SubSysId    : 3fbe1458
[2024.03.19-10.15.23:640][  0]LogD3D11RHI:     Revision    : 00a1
[2024.03.19-10.15.23:640][  0]LogD3D11RHI:     DedicatedVideoMemory : 6269435904 bytes
[2024.03.19-10.15.23:640][  0]LogD3D11RHI:     DedicatedSystemMemory : 0 bytes
[2024.03.19-10.15.23:640][  0]LogD3D11RHI:     SharedSystemMemory : 8552867840 bytes
[2024.03.19-10.15.23:640][  0]LogD3D11RHI:     AdapterLuid : 0 50784
[2024.03.19-10.15.23:737][  0]LogD3D11RHI: RHI has support for 64 bit atomics
[2024.03.19-10.15.23:738][  0]LogD3D11RHI: Async texture creation enabled
[2024.03.19-10.15.23:738][  0]LogD3D11RHI: Array index from any shader is supported
[2024.03.19-10.15.23:742][  0]LogD3D11RHI: HDR output is supported on display 0 (NvId: 0x80061086).
[2024.03.19-10.15.23:770][  0]LogD3D11RHI: GPU Timing Frequency: 1000.000000 (Debug: 2 1)
[2024.03.19-10.15.23:846][  0]LogRHI: GeForceNow SDK initialized: 1
[2024.03.19-10.15.24:102][  0]LogTargetPlatformManager: Display: Loaded TargetPlatform 'AllDesktop'
[2024.03.19-10.15.24:124][  0]LogTargetPlatformManager: Display: Loaded TargetPlatform 'Android'
[2024.03.19-10.15.24:124][  0]LogTargetPlatformManager: Display: Loaded TargetPlatform 'Android_ASTC'
[2024.03.19-10.15.24:124][  0]LogTargetPlatformManager: Display: Loaded TargetPlatform 'Android_DXT'
[2024.03.19-10.15.24:124][  0]LogTargetPlatformManager: Display: Loaded TargetPlatform 'Android_ETC2'
[2024.03.19-10.15.24:124][  0]LogTargetPlatformManager: Display: Loaded TargetPlatform 'AndroidClient'
[2024.03.19-10.15.24:124][  0]LogTargetPlatformManager: Display: Loaded TargetPlatform 'Android_ASTCClient'
[2024.03.19-10.15.24:124][  0]LogTargetPlatformManager: Display: Loaded TargetPlatform 'Android_DXTClient'
[2024.03.19-10.15.24:124][  0]LogTargetPlatformManager: Display: Loaded TargetPlatform 'Android_ETC2Client'
[2024.03.19-10.15.24:124][  0]LogTargetPlatformManager: Display: Loaded TargetPlatform 'Android_Multi'
[2024.03.19-10.15.24:124][  0]LogTargetPlatformManager: Display: Loaded TargetPlatform 'Android_MultiClient'
[2024.03.19-10.15.24:148][  0]LogTargetPlatformManager: Display: Loaded TargetPlatform 'IOSClient'
[2024.03.19-10.15.24:148][  0]LogTargetPlatformManager: Display: Loaded TargetPlatform 'IOS'
[2024.03.19-10.15.24:173][  0]LogTargetPlatformManager: Display: Loaded TargetPlatform 'Lumin'
[2024.03.19-10.15.24:173][  0]LogTargetPlatformManager: Display: Loaded TargetPlatform 'LuminClient'
[2024.03.19-10.15.24:183][  0]LogTargetPlatformManager: Display: Loaded TargetPlatform 'MacNoEditor'
[2024.03.19-10.15.24:188][  0]LogTargetPlatformManager: Display: Loaded TargetPlatform 'Mac'
[2024.03.19-10.15.24:194][  0]LogTargetPlatformManager: Display: Loaded TargetPlatform 'MacClient'
[2024.03.19-10.15.24:199][  0]LogTargetPlatformManager: Display: Loaded TargetPlatform 'MacServer'
[2024.03.19-10.15.24:209][  0]LogTargetPlatformManager: Display: Loaded TargetPlatform 'TVOSClient'
[2024.03.19-10.15.24:209][  0]LogTargetPlatformManager: Display: Loaded TargetPlatform 'TVOS'
[2024.03.19-10.15.24:219][  0]LogTargetPlatformManager: Display: Loaded TargetPlatform 'WindowsNoEditor'
[2024.03.19-10.15.24:226][  0]LogTargetPlatformManager: Display: Loaded TargetPlatform 'Windows'
[2024.03.19-10.15.24:231][  0]LogTargetPlatformManager: Display: Loaded TargetPlatform 'WindowsClient'
[2024.03.19-10.15.24:237][  0]LogTargetPlatformManager: Display: Loaded TargetPlatform 'WindowsServer'
[2024.03.19-10.15.24:237][  0]LogTargetPlatformManager: Display: Building Assets For Windows
[2024.03.19-10.15.24:251][  0]LogAudioDebug: Display: Lib vorbis DLL was dynamically loaded.
[2024.03.19-10.15.24:318][  0]LogTextureFormatOodle: Display: Oodle Texture 2.9.0 init RDO Off
[2024.03.19-10.15.24:411][  0]LogRendererCore: Ray tracing is disabled. Reason: r.RayTracing=0.
[2024.03.19-10.15.24:412][  0]LogShaderCompilers: Guid format shader working directory is 18 characters bigger than the processId version (D:/GitHub/NetShootRewrite/Intermediate/Shaders/WorkingDirectory/13332/).
[2024.03.19-10.15.24:412][  0]LogShaderCompilers: Cleaned the shader compiler working directory 'C:/Users/ZTT/AppData/Local/Temp/UnrealShaderWorkingDir/8B721B5543BE885680A8DCAB43926DBF/'.
[2024.03.19-10.15.24:414][  0]LogShaderCompilers: Display: Using XGE Controller for Shader Compilation.
[2024.03.19-10.15.25:302][  0]LogDerivedDataCache: Display: Max Cache Size: 512 MB
[2024.03.19-10.15.26:026][  0]LogDerivedDataCache: Loaded boot cache 0.72s 94MB D:/GitHub/NetShootRewrite/DerivedDataCache/Boot.ddc.
[2024.03.19-10.15.26:026][  0]LogDerivedDataCache: Display: Loaded Boot cache: D:/GitHub/NetShootRewrite/DerivedDataCache/Boot.ddc
[2024.03.19-10.15.26:026][  0]LogDerivedDataCache: FDerivedDataBackendGraph:  Pak pak cache file D:/GitHub/NetShootRewrite/DerivedDataCache/DDC.ddp not found, will not use a pak cache.
[2024.03.19-10.15.26:026][  0]LogDerivedDataCache: Unable to find inner node Pak for hierarchical cache Hierarchy.
[2024.03.19-10.15.26:027][  0]LogDerivedDataCache: FDerivedDataBackendGraph:  EnginePak pak cache file ../../../Engine/DerivedDataCache/DDC.ddp not found, will not use a pak cache.
[2024.03.19-10.15.26:027][  0]LogDerivedDataCache: Unable to find inner node EnginePak for hierarchical cache Hierarchy.
[2024.03.19-10.15.26:062][  0]LogDerivedDataCache: Speed tests for ../../../Engine/DerivedDataCache took 0.03 seconds
[2024.03.19-10.15.26:062][  0]LogDerivedDataCache: Display: Performance to ../../../Engine/DerivedDataCache: Latency=0.22ms. RandomReadSpeed=50.62MBs, RandomWriteSpeed=67.73MBs. Assigned SpeedClass 'Local'
[2024.03.19-10.15.26:062][  0]LogDerivedDataCache: Using Local data cache path ../../../Engine/DerivedDataCache: Writable
[2024.03.19-10.15.26:062][  0]LogDerivedDataCache: Shared data cache path not found in *engine.ini, will not use an Shared cache.
[2024.03.19-10.15.26:062][  0]LogDerivedDataCache: Unable to find inner node Shared for hierarchical cache Hierarchy.
[2024.03.19-10.15.26:107][  0]LogSlate: Using FreeType 2.10.0
[2024.03.19-10.15.26:110][  0]LogSlate: SlateFontServices - WITH_FREETYPE: 1, WITH_HARFBUZZ: 1
[2024.03.19-10.15.26:150][  0]LogAssetRegistry: FAssetRegistry took 0.0029 seconds to start up
[2024.03.19-10.15.26:491][  0]LogInit: Selected Device Profile: [Windows]
[2024.03.19-10.15.26:491][  0]LogInit: Active device profile: [0000028BDD21ED00][0000028BDBB3A580 49] Windows
[2024.03.19-10.15.26:491][  0]LogInit: Profiles: [0000028BDD21ED00][0000028BDBB3A580 49] Windows, [0000028BDD1E1600][0000028BDC5BC700 49] WindowsNoEditor, [0000028BDD21D500][0000028BDC5C0880 49] WindowsServer, [0000028BDD1E2B00][0000028BDC5C4A00 49] WindowsClient, [0000028BDD21EA00][0000028BDC5C8B80 49] IOS, [0000028BDD1E1A00][0000028BDC5CCD00 49] iPadAir, [0000028BDD21D900][0000028BDC5D0E80 49] iPadAir2, [0000028BDD177C00][0000028BDC5D9140 49] IPadPro, [0000028BDD177D00][0000028BDC5D5180 49] iPadAir3, [0000028BDD21EF00][0000028BDC5DD300 49] iPadAir4, [0000028BDD175900][0000028BDC5E1480 49] iPadMini2, [0000028BDD21D300][0000028BDC5E5600 49] iPadMini3, [0000028BDD174D00][0000028BDC5E9780 49] iPadMini4, [0000028BDD21C900][0000028BDC5ED900 49] iPadMini5, [0000028BDD1CB500][0000028BDC5F5BC0 49] iPhone6, [0000028BDD1CB600][0000028BDC5F1C00 49] iPodTouch6, [0000028BDD174700][0000028BDC5F82C0 49] iPhone7, [0000028BDD174600][0000028BDC5B8300 49] iPodTouch7, [0000028BDD1C9800][0000028BDC5FC440 49] iPhone5S, [0000028BDD177600][0000028BDC600580 49] iPhone6Plus, [0000028BDD1CB800][0000028BDC608700 49] iPhone6S, [0000028BDD175B00][0000028BDC60C880 49] iPhone6SPlus, [0000028BDD1C9700][0000028BDC610A00 49] iPhone7Plus, [0000028BDD177100][0000028BDC614B80 49] iPhoneSE, [0000028BDD1CA500][0000028BDC618D00 49] iPhone8, [0000028BDD175500][0000028BDC61CE80 49] iPhone8Plus, [0000028BDD1C9E00][0000028BDC621000 49] iPhoneX, [0000028BDD175000][0000028BDC625180 49] iPhoneXS, [0000028BDD1CA200][0000028BDC629300 49] iPhoneXSMax, [0000028BDD174500][0000028BDC62D480 49] iPhoneXR, [0000028BDD1CA100][0000028BDC631600 49] iPhone11, [0000028BDD176D00][0000028BDC635780 49] iPhone11Pro, [0000028BDD1C9600][0000028BDC639900 49] iPhone11ProMax, [0000028BDD175D00][0000028BDC63DA80 49] iPhoneSE2, [0000028BDD1CB200][0000028BDC641C00 49] iPhone12Mini, [0000028BDD175E00][0000028BDC644200 49] iPhone12, [0000028BDD1C8300][0000028BDC604340 49] iPhone12Pro, [0000028BDD177500][0000028BDC648480 49] iPhone12ProMax, [0000028BDD1CBC00][0000028BDC64C5C0 49] iPadPro105, [0000028BDD174200][0000028BDC650700 49] iPadPro129, [0000028BDD1C8E00][0000028BDC658880 49] iPadPro97, [0000028BDD174100][0000028BDC65CA00 49] iPadPro2_129, [0000028BDD1CBF00][0000028BDC660B80 49] iPad5, [0000028BDD174900][0000028BDC664D00 49] iPad6, [0000028BDD1CBB00][0000028BDC668E80 49] iPad7, [0000028BDD176A00][0000028BDC66D000 49] iPad8, [0000028BDD1CA800][0000028BDC671180 49] iPadPro11, [0000028BDD174A00][0000028BDC675300 49] iPadPro2_11, [0000028BDD1C8700][0000028BDC679480 49] iPadPro3_129, [0000028BDD177200][0000028BDC67D600 49] iPadPro4_129, [0000028BDD1CBA00][0000028BDC681780 49] AppleTV, [0000028BDD174C00][0000028BDC685900 49] AppleTV4K, [0000028BDD1CAC00][0000028BDC689A80 49] TVOS, [0000028BDD177000][0000028BDC68DC00 49] Mac, [0000028BDD1E0E00][0000028BDC690200 49] MacClient, [0000028BDD3D8800][0000028BDC694380 49] MacNoEditor, [0000028BDD1E1500][0000028BDC698500 49] MacServer, [0000028BDD3D8300][0000028BDC654640 49] Linux, [0000028BDD1E2D00][0000028BDC69C780 49] LinuxAArch64, [0000028BDD3D8B00][0000028BDC6A08C0 49] LinuxNoEditor, [0000028BDD1E1D00][0000028BDC6A8A40 49] LinuxAArch64NoEditor, [0000028BDD3D9500][0000028BDC6ACBC0 49] LinuxClient, [0000028BDD1E0500][0000028BDC6B0D40 49] LinuxAArch64Client, [0000028BDD3D9100][0000028BDC6B4EC0 49] LinuxServer, [0000028BDD1E3600][0000028BDC6B9040 49] LinuxAArch64Server, [0000028BDD3D9200][0000028BDC6BD1C0 49] Android, [0000028BDD1E0400][0000028BDC6C1340 49] Android_Low, [0000028BDD3D8C00][0000028BDC6C54C0 49] Android_Mid, [0000028BDD1E0D00][0000028BDC6C9640 49] Android_High, [0000028BDD3D9300][0000028BDC6CD7C0 49] Android_Default, [0000028BDD1E0300][0000028BDC6D1940 49] Android_Adreno4xx, [0000028BDD3D9900][0000028BDC6D5AC0 49] Android_Adreno5xx_Low, [0000028BDD1E3700][0000028BDC6D80C0 49] Android_Adreno5xx, [0000028BDD3D8900][0000028BDC6DC240 49] Android_Adreno6xx, [0000028BDD1E2200][0000028BDC6E03C0 49] Android_Adreno6xx_Vulkan, [0000028BDD3D8F00][0000028BDC6E4540 49] Android_Mali_T6xx, [0000028BDD177E00][0000028BDC6E86C0 49] Android_Mali_T7xx, [0000028BDD1C9100][0000028BDC6A4800 49] Android_Mali_T8xx, [0000028BDD176700][0000028BDC6EC940 49] Android_Mali_G71, [0000028BDD1CB300][0000028BDC6F0A80 49] Android_Mali_G72, [0000028BDD176000][0000028BDC6F4BC0 49] Android_Mali_G72_Vulkan, [0000028BDD1CB900][0000028BDC6FCD40 49] Android_Mali_G76, [0000028BDD174300][0000028BDC700EC0 49] Android_Mali_G76_Vulkan, [0000028BDD1C9F00][0000028BDC705040 49] Android_Mali_G77, [0000028BDD175700][0000028BDC7091C0 49] Android_Mali_G77_Vulkan, [0000028BDD1CA400][0000028BDC70D340 49] Android_Mali_G78, [0000028BDD176400][0000028BDC7114C0 49] Android_Mali_G78_Vulkan, [0000028BDD1CA700][0000028BDC715640 49] Android_Mali_G710, [0000028BDD177800][0000028BDC7197C0 49] Android_Mali_G710_Vulkan, [0000028BDD1C8900][0000028BDC71D940 49] Android_Vulkan_SM5, [0000028BDD174F00][0000028BDC721AC0 49] Android_PowerVR_G6xxx, [0000028BDD1C8400][0000028BDC7240C0 49] Android_PowerVR_GT7xxx, [0000028BDD174E00][0000028BDC728240 49] Android_PowerVR_GE8xxx, [0000028BDD1C9A00][0000028BDC72C3C0 49] Android_PowerVR_GM9xxx, [0000028BDD175300][0000028BDC730540 49] Android_PowerVR_GM9xxx_Vulkan, [0000028BDD1C9000][0000028BDC7346C0 49] Android_TegraK1, [0000028BDD175F00][0000028BDC738840 49] Android_Unknown_Vulkan, [0000028BDD1C9400][0000028BDC6F8980 49] Lumin, [0000028BDD176600][0000028BDC73CAC0 49] Lumin_Desktop, [0000028BDD21D400][0000028BDC740C00 49] HoloLens, 
[2024.03.19-10.15.26:673][  0]LogMeshReduction: Using QuadricMeshReduction for automatic static mesh reduction
[2024.03.19-10.15.26:673][  0]LogMeshReduction: Using SimplygonMeshReduction for automatic skeletal mesh reduction
[2024.03.19-10.15.26:673][  0]LogMeshReduction: Using ProxyLODMeshReduction for automatic mesh merging
[2024.03.19-10.15.26:673][  0]LogMeshReduction: No distributed automatic mesh merging module available
[2024.03.19-10.15.26:673][  0]LogMeshMerging: No distributed automatic mesh merging module available
[2024.03.19-10.15.26:728][  0]LogNetVersion: NetShootRewrite 1.0.0, NetCL: 0, EngineNetVer: 17, GameNetVer: 0 (Checksum: 1486698656)
[2024.03.19-10.15.27:409][  0]LogTexture: Default maximum texture size for cubemaps generated from long-lat sources has been changed from 512 to unlimited. In order to preserve old behaiour for '/Engine/MapTemplates/Sky/DaylightAmbientCubemap.DaylightAmbientCubemap', its maximum texture size has been explicitly set to 512.
[2024.03.19-10.15.27:500][  0]LogHMD: PokeAHoleMaterial loaded successfully
[2024.03.19-10.15.27:507][  0]LogUObjectArray: 17164 objects as part of root set at end of initial load.
[2024.03.19-10.15.27:507][  0]LogUObjectAllocator: 4298528 out of 0 bytes used by permanent object pool.
[2024.03.19-10.15.27:514][  0]LogUObjectArray: CloseDisregardForGC: 0/0 objects in disregard for GC pool
[2024.03.19-10.15.28:041][  0]LogPython: Using Python 3.7.7
[2024.03.19-10.15.28:743][  0]LogNiagaraDebuggerClient: Niagara Debugger Client Initialized | Session: D334E6EC4D87E716693D2CB2A57613C1 | Instance: FC5FCD4A432EC8F0DF895FB342841E11 (DESKTOP-6POMQQ5-13332).
[2024.03.19-10.15.29:070][  0]LogTcpMessaging: Initializing TcpMessaging bridge
[2024.03.19-10.15.29:077][  0]LogUdpMessaging: Initializing bridge on interface 0.0.0.0:0 to multicast group 230.0.0.1:6666.
[2024.03.19-10.15.29:201][  0]LogActor: Warning: SetReplicates called on non-initialized actor Default__WeaponServerBase. Directly setting bReplicates is the correct procedure for pre-init actors.
[2024.03.19-10.15.29:628][  0]SourceControl: 源码管理已禁用
[2024.03.19-10.15.29:628][  0]SourceControl: 源码管理已禁用
[2024.03.19-10.15.29:670][  0]SourceControl: 源码管理已禁用
[2024.03.19-10.15.29:676][  0]SourceControl: 源码管理已禁用
[2024.03.19-10.15.29:697][  0]SourceControl: 源码管理已禁用
[2024.03.19-10.15.29:703][  0]LogUProjectInfo: Found projects:
[2024.03.19-10.15.29:741][  0]LogOpenImageDenoise: OIDN starting up
[2024.03.19-10.15.29:978][  0]LogAndroidPermission: UAndroidPermissionCallbackProxy::GetInstance
[2024.03.19-10.15.30:011][  0]LogAudioCaptureCore: Display: No Audio Capture implementations found. Audio input will be silent.
[2024.03.19-10.15.30:011][  0]LogAudioCaptureCore: Display: No Audio Capture implementations found. Audio input will be silent.
[2024.03.19-10.15.30:232][  0]LogCollectionManager: Loaded 0 collections in 0.002454 seconds
[2024.03.19-10.15.30:278][  0]LogFileCache: Scanning file cache for directory 'D:/GitHub/NetShootRewrite/Saved/Collections/' took 0.00s
[2024.03.19-10.15.30:278][  0]LogFileCache: Scanning file cache for directory 'D:/GitHub/NetShootRewrite/Content/Developers/ZTT/Collections/' took 0.00s
[2024.03.19-10.15.30:278][  0]LogFileCache: Scanning file cache for directory 'D:/GitHub/NetShootRewrite/Content/Collections/' took 0.00s
[2024.03.19-10.15.30:278][  0]LogOcInput: OculusInput pre-init called
[2024.03.19-10.15.30:656][  0]LogEngine: Initializing Engine...
[2024.03.19-10.15.30:667][  0]LogHMD: Failed to enumerate extensions. Please check that you have a valid OpenXR runtime installed.
[2024.03.19-10.15.30:668][  0]LogHMD: Failed to initialize OpenVR with code 110
[2024.03.19-10.15.30:668][  0]LogMagicLeap: Warning: VR disabled because ZI is not enabled.  To enable, in the editor, Edit -> Project Settings -> Plugins -> Magic Leap Plugin -> Enable Zero Iteration
[2024.03.19-10.15.30:671][  0]LogStats: UGameplayTagsManager::InitializeManager -  0.001 s
[2024.03.19-10.15.30:850][  0]LogInit: Initializing FReadOnlyCVARCache
[2024.03.19-10.15.30:868][  0]LogAIModule: Creating AISystem for world Untitled
[2024.03.19-10.15.30:869][  0]LogAudio: Display: Initializing Audio Device Manager...
[2024.03.19-10.15.30:874][  0]LogAudio: Display: Loading Default Audio Settings Objects...
[2024.03.19-10.15.30:875][  0]LogAudio: Display: No default SoundConcurrencyObject specified (or failed to load).
[2024.03.19-10.15.30:877][  0]LogAudio: Display: Audio Device Manager Initialized
[2024.03.19-10.15.30:877][  0]LogAudio: Display: Creating Audio Device:                 Id: 1, Scope: Shared, Realtime: True
[2024.03.19-10.15.30:877][  0]LogAudioMixer: Display: Audio Mixer Platform Settings:
[2024.03.19-10.15.30:877][  0]LogAudioMixer: Display: 	Sample Rate:						  48000
[2024.03.19-10.15.30:877][  0]LogAudioMixer: Display: 	Callback Buffer Frame Size Requested: 1024
[2024.03.19-10.15.30:877][  0]LogAudioMixer: Display: 	Callback Buffer Frame Size To Use:	  1024
[2024.03.19-10.15.30:877][  0]LogAudioMixer: Display: 	Number of buffers to queue:			  2
[2024.03.19-10.15.30:877][  0]LogAudioMixer: Display: 	Max Channels (voices):				  32
[2024.03.19-10.15.30:877][  0]LogAudioMixer: Display: 	Number of Async Source Workers:		  0
[2024.03.19-10.15.30:877][  0]LogAudio: Display: AudioDevice MaxSources: 32
[2024.03.19-10.15.30:877][  0]LogAudio: Display: Audio Spatialization Plugin: None (built-in).
[2024.03.19-10.15.30:877][  0]LogAudio: Display: Audio Reverb Plugin: None (built-in).
[2024.03.19-10.15.30:877][  0]LogAudio: Display: Audio Occlusion Plugin: None (built-in).
[2024.03.19-10.15.30:877][  0]LogAudioMixer: Display: Initializing audio mixer.
[2024.03.19-10.15.30:903][  0]LogAudioMixer: Display: 0: FrontLeft
[2024.03.19-10.15.30:903][  0]LogAudioMixer: Display: 1: FrontRight
[2024.03.19-10.15.30:937][  0]LogAudioMixer: Display: Using Audio Device 扬声器 (Realtek High Definition Audio)
[2024.03.19-10.15.30:937][  0]LogAudioMixer: Display: Initializing Sound Submixes...
[2024.03.19-10.15.30:942][  0]LogAudioMixer: Display: Creating Master Submix 'MasterSubmixDefault'
[2024.03.19-10.15.30:942][  0]LogAudioMixer: Display: Creating Master Submix 'MasterReverbSubmixDefault'
[2024.03.19-10.15.30:942][  0]LogAudioMixer: Display: Creating Master Submix 'MasterEQSubmixDefault'
[2024.03.19-10.15.30:943][  0]LogAudioMixer: FMixerPlatformXAudio2::StartAudioStream() called
[2024.03.19-10.15.30:943][  0]LogAudioMixer: Display: Output buffers initialized: Frames=1024, Channels=2, Samples=2048
[2024.03.19-10.15.30:943][  0]LogAudioMixer: Display: Starting AudioMixerPlatformInterface::RunInternal()
[2024.03.19-10.15.30:943][  0]LogAudioMixer: Display: FMixerPlatformXAudio2::SubmitBuffer() called for the first time
[2024.03.19-10.15.30:943][  0]LogInit: FAudioDevice initialized.
[2024.03.19-10.15.30:944][  0]LogAudio: Display: Audio Device (ID: 1) registered with world 'Untitled'.
[2024.03.19-10.15.30:944][  0]LogNetVersion: Set ProjectVersion to 1.0.0.0. Version Checksum will be recalculated on next use.
[2024.03.19-10.15.31:124][  0]LogDerivedDataCache: Saved boot cache 0.18s 94MB D:/GitHub/NetShootRewrite/DerivedDataCache/Boot.ddc.
[2024.03.19-10.15.31:125][  0]LogInit: Texture streaming: Enabled
[2024.03.19-10.15.31:142][  0]LogAnalytics: Display: [UEEditor.UnrealEngine.Release] APIServer = https://datarouter.ol.epicgames.com/. AppVersion = 4.27.2-0+++UE4+Release-4.27
[2024.03.19-10.15.31:151][  0]LogEngineSessionManager: EngineSessionManager initialized
[2024.03.19-10.15.31:151][  0]LogEngineSessionManager: EngineSessionManager sent abnormal shutdown report. Type=AbnormalShutdown, SessionId={878DB763-4829-720C-647D-71A5BCF94885}
[2024.03.19-10.15.31:151][  0]LogEditorSessionSummary: Verbose: Initializing EditorSessionSummaryWriter for editor session tracking
[2024.03.19-10.15.31:157][  0]LogEditorSessionSummary: EditorSessionSummaryWriter initialized
[2024.03.19-10.15.31:194][  0]LogInit: Transaction tracking system initialized
[2024.03.19-10.15.31:235][  0]BlueprintLog: New page: 编辑器加载
[2024.03.19-10.15.31:355][  0]LocalizationService: 本地化服务已禁用
[2024.03.19-10.15.31:407][  0]TimingProfiler: Initialize
[2024.03.19-10.15.31:409][  0]TimingProfiler: OnSessionChanged
[2024.03.19-10.15.31:409][  0]LoadingProfiler: Initialize
[2024.03.19-10.15.31:409][  0]LoadingProfiler: OnSessionChanged
[2024.03.19-10.15.31:410][  0]NetworkingProfiler: Initialize
[2024.03.19-10.15.31:410][  0]NetworkingProfiler: OnSessionChanged
[2024.03.19-10.15.31:410][  0]MemoryProfiler: Initialize
[2024.03.19-10.15.31:410][  0]MemoryProfiler: OnSessionChanged
[2024.03.19-10.15.31:814][  0]LogCook: Display: CookSettings for Memory: MemoryMaxUsedVirtual 0MiB, MemoryMaxUsedPhysical 16384MiB, MemoryMinFreeVirtual 0MiB, MemoryMinFreePhysical 1024MiB
[2024.03.19-10.15.31:814][  0]LogCook: Display: Mobile HDR setting 1
[2024.03.19-10.15.31:956][  0]LogFileCache: Scanning file cache for directory 'D:/GitHub/NetShootRewrite/Content/' took 0.01s
[2024.03.19-10.15.32:448][  0]LogInit: Display: Engine is initialized. Leaving FEngineLoop::Init()
[2024.03.19-10.15.32:457][  0]SourceControl: 源码管理已禁用
[2024.03.19-10.15.32:458][  0]LogUnrealEdMisc: Loading editor; pre map load, took 12.941
[2024.03.19-10.15.32:458][  0]Cmd: MAP LOAD FILE="D:/GitHub/NetShootRewrite/Content/FirstPersonCPP/Maps/FirstPersonExampleMap.umap" TEMPLATE=0 SHOWPROGRESS=1 FEATURELEVEL=3
[2024.03.19-10.15.32:475][  0]LightingResults: New page: 光照构建
[2024.03.19-10.15.32:479][  0]LogWorld: UWorld::CleanupWorld for Untitled, bSessionEnded=true, bCleanupResources=true
[2024.03.19-10.15.32:479][  0]LogSlate: InvalidateAllWidgets triggered.  All widgets were invalidated
[2024.03.19-10.15.32:480][  0]MapCheck: New page: 地图检测
[2024.03.19-10.15.32:480][  0]LightingResults: New page: 光照构建
[2024.03.19-10.15.32:483][  0]LogAudio: Display: Audio Device unregistered from world 'None'.
[2024.03.19-10.15.32:486][  0]LogUObjectHash: Compacting FUObjectHashTables data took   0.63ms
[2024.03.19-10.15.33:769][  0]LogActor: Warning: SetReplicates called on non-initialized actor Default__BP_ServerWeaponBase_C. Directly setting bReplicates is the correct procedure for pre-init actors.
[2024.03.19-10.15.33:770][  0]LogActor: Warning: SetReplicates called on non-initialized actor Default__SKEL_BP_ServerWeaponBase_C. Directly setting bReplicates is the correct procedure for pre-init actors.
[2024.03.19-10.15.34:038][  0]LogActor: Warning: SetReplicates called on non-initialized actor BP_ServerWeaponBase_2. Directly setting bReplicates is the correct procedure for pre-init actors.
[2024.03.19-10.15.34:564][  0]LogAudio: Display: Audio Device (ID: 1) registered with world 'FirstPersonExampleMap'.
[2024.03.19-10.15.34:565][  0]LogAIModule: Creating AISystem for world FirstPersonExampleMap
[2024.03.19-10.15.34:575][  0]LogEditorServer: Finished looking for orphan Actors (0.000 secs)
[2024.03.19-10.15.34:583][  0]LogUObjectHash: Compacting FUObjectHashTables data took   0.69ms
[2024.03.19-10.15.34:584][  0]Cmd: MAP CHECKDEP NOCLEARLOG
[2024.03.19-10.15.34:585][  0]MapCheck: 地图检测完成：0个错误、0个警告、完成用时0.807毫秒。
[2024.03.19-10.15.34:585][  0]LogFileHelpers: Loading map 'FirstPersonExampleMap' took 2.128
[2024.03.19-10.15.34:589][  0]LogUnrealEdMisc: Total Editor Startup Time, took 15.074
[2024.03.19-10.15.34:657][  0]LogWindowsTextInputMethodSystem: Display: IME system activated using TSF (微软拼音).
[2024.03.19-10.15.34:728][  0]LogSlate: Updating window title bar state: overlay mode, drag disabled, window buttons hidden, title bar hidden
[2024.03.19-10.15.34:734][  0]LogSlate: Updating window title bar state: overlay mode, drag disabled, window buttons hidden, title bar hidden
[2024.03.19-10.15.34:739][  0]LogSlate: Updating window title bar state: overlay mode, drag disabled, window buttons hidden, title bar hidden
[2024.03.19-10.15.34:744][  0]LogSlate: Updating window title bar state: overlay mode, drag disabled, window buttons hidden, title bar hidden
[2024.03.19-10.15.34:765][  0]LogNativeClassHierarchy: Verbose: Native class hierarchy populated in 0.0078 seconds. Added 3825 classes and 928 folders.
[2024.03.19-10.15.34:773][  0]LogNativeClassHierarchy: Verbose: Native class hierarchy updated for 'WidgetCarousel' in 0.0002 seconds. Added 0 classes and 0 folders.
[2024.03.19-10.15.34:781][  0]LogShaderLibrary: Display: ShaderCodeLibraryPakFileMountedCallback: PakFile 'C:/Program Files (x86)/UE4.27/UnrealEngine-4.27/FeaturePacks/FP_FirstPerson.upack' (chunk index -1, root 'root:/') mounted
[2024.03.19-10.15.34:782][  0]LogShaderLibrary: Display: ShaderCodeLibraryPakFileMountedCallback: pending pak file info (ChunkID:-1 Root:root:/ File:C:/Program Files (x86)/UE4.27/UnrealEngine-4.27/FeaturePacks/FP_FirstPerson.upack)
[2024.03.19-10.15.34:782][  0]LogPakFile: OnPakFileMounted2Time == 0.000849
[2024.03.19-10.15.34:785][  0]LogShaderLibrary: Display: ShaderCodeLibraryPakFileMountedCallback: PakFile 'C:/Program Files (x86)/UE4.27/UnrealEngine-4.27/FeaturePacks/FP_FirstPersonBP.upack' (chunk index -1, root 'root:/') mounted
[2024.03.19-10.15.34:785][  0]LogShaderLibrary: Display: ShaderCodeLibraryPakFileMountedCallback: pending pak file info (ChunkID:-1 Root:root:/ File:C:/Program Files (x86)/UE4.27/UnrealEngine-4.27/FeaturePacks/FP_FirstPersonBP.upack)
[2024.03.19-10.15.34:785][  0]LogPakFile: OnPakFileMounted2Time == 0.000262
[2024.03.19-10.15.34:787][  0]LogShaderLibrary: Display: ShaderCodeLibraryPakFileMountedCallback: PakFile 'C:/Program Files (x86)/UE4.27/UnrealEngine-4.27/FeaturePacks/MobileStarterContent.upack' (chunk index -1, root 'root:/') mounted
[2024.03.19-10.15.34:787][  0]LogShaderLibrary: Display: ShaderCodeLibraryPakFileMountedCallback: pending pak file info (ChunkID:-1 Root:root:/ File:C:/Program Files (x86)/UE4.27/UnrealEngine-4.27/FeaturePacks/MobileStarterContent.upack)
[2024.03.19-10.15.34:787][  0]LogPakFile: OnPakFileMounted2Time == 0.000078
[2024.03.19-10.15.34:789][  0]LogShaderLibrary: Display: ShaderCodeLibraryPakFileMountedCallback: PakFile 'C:/Program Files (x86)/UE4.27/UnrealEngine-4.27/FeaturePacks/StarterContent.upack' (chunk index -1, root 'root:/') mounted
[2024.03.19-10.15.34:789][  0]LogShaderLibrary: Display: ShaderCodeLibraryPakFileMountedCallback: pending pak file info (ChunkID:-1 Root:root:/ File:C:/Program Files (x86)/UE4.27/UnrealEngine-4.27/FeaturePacks/StarterContent.upack)
[2024.03.19-10.15.34:789][  0]LogPakFile: OnPakFileMounted2Time == 0.000066
[2024.03.19-10.15.34:791][  0]LogShaderLibrary: Display: ShaderCodeLibraryPakFileMountedCallback: PakFile 'C:/Program Files (x86)/UE4.27/UnrealEngine-4.27/FeaturePacks/TP_2DSideScroller.upack' (chunk index -1, root 'root:/') mounted
[2024.03.19-10.15.34:791][  0]LogShaderLibrary: Display: ShaderCodeLibraryPakFileMountedCallback: pending pak file info (ChunkID:-1 Root:root:/ File:C:/Program Files (x86)/UE4.27/UnrealEngine-4.27/FeaturePacks/TP_2DSideScroller.upack)
[2024.03.19-10.15.34:791][  0]LogPakFile: OnPakFileMounted2Time == 0.000057
[2024.03.19-10.15.34:793][  0]LogShaderLibrary: Display: ShaderCodeLibraryPakFileMountedCallback: PakFile 'C:/Program Files (x86)/UE4.27/UnrealEngine-4.27/FeaturePacks/TP_2DSideScrollerBP.upack' (chunk index -1, root 'root:/') mounted
[2024.03.19-10.15.34:793][  0]LogShaderLibrary: Display: ShaderCodeLibraryPakFileMountedCallback: pending pak file info (ChunkID:-1 Root:root:/ File:C:/Program Files (x86)/UE4.27/UnrealEngine-4.27/FeaturePacks/TP_2DSideScrollerBP.upack)
[2024.03.19-10.15.34:793][  0]LogPakFile: OnPakFileMounted2Time == 0.000057
[2024.03.19-10.15.34:795][  0]LogShaderLibrary: Display: ShaderCodeLibraryPakFileMountedCallback: PakFile 'C:/Program Files (x86)/UE4.27/UnrealEngine-4.27/FeaturePacks/TP_Flying.upack' (chunk index -1, root 'root:/') mounted
[2024.03.19-10.15.34:795][  0]LogShaderLibrary: Display: ShaderCodeLibraryPakFileMountedCallback: pending pak file info (ChunkID:-1 Root:root:/ File:C:/Program Files (x86)/UE4.27/UnrealEngine-4.27/FeaturePacks/TP_Flying.upack)
[2024.03.19-10.15.34:795][  0]LogPakFile: OnPakFileMounted2Time == 0.000051
[2024.03.19-10.15.34:797][  0]LogShaderLibrary: Display: ShaderCodeLibraryPakFileMountedCallback: PakFile 'C:/Program Files (x86)/UE4.27/UnrealEngine-4.27/FeaturePacks/TP_FlyingBP.upack' (chunk index -1, root 'root:/') mounted
[2024.03.19-10.15.34:797][  0]LogShaderLibrary: Display: ShaderCodeLibraryPakFileMountedCallback: pending pak file info (ChunkID:-1 Root:root:/ File:C:/Program Files (x86)/UE4.27/UnrealEngine-4.27/FeaturePacks/TP_FlyingBP.upack)
[2024.03.19-10.15.34:797][  0]LogPakFile: OnPakFileMounted2Time == 0.000060
[2024.03.19-10.15.34:798][  0]LogShaderLibrary: Display: ShaderCodeLibraryPakFileMountedCallback: PakFile 'C:/Program Files (x86)/UE4.27/UnrealEngine-4.27/FeaturePacks/TP_Puzzle.upack' (chunk index -1, root 'root:/') mounted
[2024.03.19-10.15.34:798][  0]LogShaderLibrary: Display: ShaderCodeLibraryPakFileMountedCallback: pending pak file info (ChunkID:-1 Root:root:/ File:C:/Program Files (x86)/UE4.27/UnrealEngine-4.27/FeaturePacks/TP_Puzzle.upack)
[2024.03.19-10.15.34:798][  0]LogPakFile: OnPakFileMounted2Time == 0.000072
[2024.03.19-10.15.34:800][  0]LogShaderLibrary: Display: ShaderCodeLibraryPakFileMountedCallback: PakFile 'C:/Program Files (x86)/UE4.27/UnrealEngine-4.27/FeaturePacks/TP_PuzzleBP.upack' (chunk index -1, root 'root:/') mounted
[2024.03.19-10.15.34:800][  0]LogShaderLibrary: Display: ShaderCodeLibraryPakFileMountedCallback: pending pak file info (ChunkID:-1 Root:root:/ File:C:/Program Files (x86)/UE4.27/UnrealEngine-4.27/FeaturePacks/TP_PuzzleBP.upack)
[2024.03.19-10.15.34:800][  0]LogPakFile: OnPakFileMounted2Time == 0.000065
[2024.03.19-10.15.34:802][  0]LogShaderLibrary: Display: ShaderCodeLibraryPakFileMountedCallback: PakFile 'C:/Program Files (x86)/UE4.27/UnrealEngine-4.27/FeaturePacks/TP_Rolling.upack' (chunk index -1, root 'root:/') mounted
[2024.03.19-10.15.34:802][  0]LogShaderLibrary: Display: ShaderCodeLibraryPakFileMountedCallback: pending pak file info (ChunkID:-1 Root:root:/ File:C:/Program Files (x86)/UE4.27/UnrealEngine-4.27/FeaturePacks/TP_Rolling.upack)
[2024.03.19-10.15.34:802][  0]LogPakFile: OnPakFileMounted2Time == 0.000074
[2024.03.19-10.15.34:804][  0]LogShaderLibrary: Display: ShaderCodeLibraryPakFileMountedCallback: PakFile 'C:/Program Files (x86)/UE4.27/UnrealEngine-4.27/FeaturePacks/TP_RollingBP.upack' (chunk index -1, root 'root:/') mounted
[2024.03.19-10.15.34:804][  0]LogShaderLibrary: Display: ShaderCodeLibraryPakFileMountedCallback: pending pak file info (ChunkID:-1 Root:root:/ File:C:/Program Files (x86)/UE4.27/UnrealEngine-4.27/FeaturePacks/TP_RollingBP.upack)
[2024.03.19-10.15.34:804][  0]LogPakFile: OnPakFileMounted2Time == 0.000067
[2024.03.19-10.15.34:865][  0]LogShaderLibrary: Display: ShaderCodeLibraryPakFileMountedCallback: PakFile 'C:/Program Files (x86)/UE4.27/UnrealEngine-4.27/FeaturePacks/TP_SideScroller.upack' (chunk index -1, root 'root:/') mounted
[2024.03.19-10.15.34:865][  0]LogShaderLibrary: Display: ShaderCodeLibraryPakFileMountedCallback: pending pak file info (ChunkID:-1 Root:root:/ File:C:/Program Files (x86)/UE4.27/UnrealEngine-4.27/FeaturePacks/TP_SideScroller.upack)
[2024.03.19-10.15.34:865][  0]LogPakFile: OnPakFileMounted2Time == 0.000081
[2024.03.19-10.15.34:867][  0]LogShaderLibrary: Display: ShaderCodeLibraryPakFileMountedCallback: PakFile 'C:/Program Files (x86)/UE4.27/UnrealEngine-4.27/FeaturePacks/TP_SideScrollerBP.upack' (chunk index -1, root 'root:/') mounted
[2024.03.19-10.15.34:867][  0]LogShaderLibrary: Display: ShaderCodeLibraryPakFileMountedCallback: pending pak file info (ChunkID:-1 Root:root:/ File:C:/Program Files (x86)/UE4.27/UnrealEngine-4.27/FeaturePacks/TP_SideScrollerBP.upack)
[2024.03.19-10.15.34:867][  0]LogPakFile: OnPakFileMounted2Time == 0.000057
[2024.03.19-10.15.34:869][  0]LogShaderLibrary: Display: ShaderCodeLibraryPakFileMountedCallback: PakFile 'C:/Program Files (x86)/UE4.27/UnrealEngine-4.27/FeaturePacks/TP_ThirdPerson.upack' (chunk index -1, root 'root:/') mounted
[2024.03.19-10.15.34:869][  0]LogShaderLibrary: Display: ShaderCodeLibraryPakFileMountedCallback: pending pak file info (ChunkID:-1 Root:root:/ File:C:/Program Files (x86)/UE4.27/UnrealEngine-4.27/FeaturePacks/TP_ThirdPerson.upack)
[2024.03.19-10.15.34:869][  0]LogPakFile: OnPakFileMounted2Time == 0.000054
[2024.03.19-10.15.34:871][  0]LogShaderLibrary: Display: ShaderCodeLibraryPakFileMountedCallback: PakFile 'C:/Program Files (x86)/UE4.27/UnrealEngine-4.27/FeaturePacks/TP_ThirdPersonBP.upack' (chunk index -1, root 'root:/') mounted
[2024.03.19-10.15.34:871][  0]LogShaderLibrary: Display: ShaderCodeLibraryPakFileMountedCallback: pending pak file info (ChunkID:-1 Root:root:/ File:C:/Program Files (x86)/UE4.27/UnrealEngine-4.27/FeaturePacks/TP_ThirdPersonBP.upack)
[2024.03.19-10.15.34:871][  0]LogPakFile: OnPakFileMounted2Time == 0.000053
[2024.03.19-10.15.34:873][  0]LogShaderLibrary: Display: ShaderCodeLibraryPakFileMountedCallback: PakFile 'C:/Program Files (x86)/UE4.27/UnrealEngine-4.27/FeaturePacks/TP_TopDown.upack' (chunk index -1, root 'root:/') mounted
[2024.03.19-10.15.34:873][  0]LogShaderLibrary: Display: ShaderCodeLibraryPakFileMountedCallback: pending pak file info (ChunkID:-1 Root:root:/ File:C:/Program Files (x86)/UE4.27/UnrealEngine-4.27/FeaturePacks/TP_TopDown.upack)
[2024.03.19-10.15.34:873][  0]LogPakFile: OnPakFileMounted2Time == 0.000054
[2024.03.19-10.15.34:875][  0]LogShaderLibrary: Display: ShaderCodeLibraryPakFileMountedCallback: PakFile 'C:/Program Files (x86)/UE4.27/UnrealEngine-4.27/FeaturePacks/TP_TopDownBP.upack' (chunk index -1, root 'root:/') mounted
[2024.03.19-10.15.34:875][  0]LogShaderLibrary: Display: ShaderCodeLibraryPakFileMountedCallback: pending pak file info (ChunkID:-1 Root:root:/ File:C:/Program Files (x86)/UE4.27/UnrealEngine-4.27/FeaturePacks/TP_TopDownBP.upack)
[2024.03.19-10.15.34:875][  0]LogPakFile: OnPakFileMounted2Time == 0.000064
[2024.03.19-10.15.34:877][  0]LogShaderLibrary: Display: ShaderCodeLibraryPakFileMountedCallback: PakFile 'C:/Program Files (x86)/UE4.27/UnrealEngine-4.27/FeaturePacks/TP_TwinStick.upack' (chunk index -1, root 'root:/') mounted
[2024.03.19-10.15.34:877][  0]LogShaderLibrary: Display: ShaderCodeLibraryPakFileMountedCallback: pending pak file info (ChunkID:-1 Root:root:/ File:C:/Program Files (x86)/UE4.27/UnrealEngine-4.27/FeaturePacks/TP_TwinStick.upack)
[2024.03.19-10.15.34:877][  0]LogPakFile: OnPakFileMounted2Time == 0.000056
[2024.03.19-10.15.34:879][  0]LogShaderLibrary: Display: ShaderCodeLibraryPakFileMountedCallback: PakFile 'C:/Program Files (x86)/UE4.27/UnrealEngine-4.27/FeaturePacks/TP_TwinStickBP.upack' (chunk index -1, root 'root:/') mounted
[2024.03.19-10.15.34:879][  0]LogShaderLibrary: Display: ShaderCodeLibraryPakFileMountedCallback: pending pak file info (ChunkID:-1 Root:root:/ File:C:/Program Files (x86)/UE4.27/UnrealEngine-4.27/FeaturePacks/TP_TwinStickBP.upack)
[2024.03.19-10.15.34:879][  0]LogPakFile: OnPakFileMounted2Time == 0.000078
[2024.03.19-10.15.34:881][  0]LogShaderLibrary: Display: ShaderCodeLibraryPakFileMountedCallback: PakFile 'C:/Program Files (x86)/UE4.27/UnrealEngine-4.27/FeaturePacks/TP_Vehicle.upack' (chunk index -1, root 'root:/') mounted
[2024.03.19-10.15.34:881][  0]LogShaderLibrary: Display: ShaderCodeLibraryPakFileMountedCallback: pending pak file info (ChunkID:-1 Root:root:/ File:C:/Program Files (x86)/UE4.27/UnrealEngine-4.27/FeaturePacks/TP_Vehicle.upack)
[2024.03.19-10.15.34:881][  0]LogPakFile: OnPakFileMounted2Time == 0.000079
[2024.03.19-10.15.34:883][  0]LogShaderLibrary: Display: ShaderCodeLibraryPakFileMountedCallback: PakFile 'C:/Program Files (x86)/UE4.27/UnrealEngine-4.27/FeaturePacks/TP_VehicleAdv.upack' (chunk index -1, root 'root:/') mounted
[2024.03.19-10.15.34:883][  0]LogShaderLibrary: Display: ShaderCodeLibraryPakFileMountedCallback: pending pak file info (ChunkID:-1 Root:root:/ File:C:/Program Files (x86)/UE4.27/UnrealEngine-4.27/FeaturePacks/TP_VehicleAdv.upack)
[2024.03.19-10.15.34:883][  0]LogPakFile: OnPakFileMounted2Time == 0.000060
[2024.03.19-10.15.34:885][  0]LogShaderLibrary: Display: ShaderCodeLibraryPakFileMountedCallback: PakFile 'C:/Program Files (x86)/UE4.27/UnrealEngine-4.27/FeaturePacks/TP_VehicleAdvBP.upack' (chunk index -1, root 'root:/') mounted
[2024.03.19-10.15.34:885][  0]LogShaderLibrary: Display: ShaderCodeLibraryPakFileMountedCallback: pending pak file info (ChunkID:-1 Root:root:/ File:C:/Program Files (x86)/UE4.27/UnrealEngine-4.27/FeaturePacks/TP_VehicleAdvBP.upack)
[2024.03.19-10.15.34:885][  0]LogPakFile: OnPakFileMounted2Time == 0.000055
[2024.03.19-10.15.34:887][  0]LogShaderLibrary: Display: ShaderCodeLibraryPakFileMountedCallback: PakFile 'C:/Program Files (x86)/UE4.27/UnrealEngine-4.27/FeaturePacks/TP_VehicleBP.upack' (chunk index -1, root 'root:/') mounted
[2024.03.19-10.15.34:887][  0]LogShaderLibrary: Display: ShaderCodeLibraryPakFileMountedCallback: pending pak file info (ChunkID:-1 Root:root:/ File:C:/Program Files (x86)/UE4.27/UnrealEngine-4.27/FeaturePacks/TP_VehicleBP.upack)
[2024.03.19-10.15.34:887][  0]LogPakFile: OnPakFileMounted2Time == 0.000053
[2024.03.19-10.15.34:889][  0]LogPakFile: PakFile PrimaryIndexSize=192
[2024.03.19-10.15.34:889][  0]LogPakFile: PakFile PathHashIndexSize=101
[2024.03.19-10.15.34:889][  0]LogPakFile: PakFile FullDirectoryIndexSize=158
[2024.03.19-10.15.34:889][  0]LogShaderLibrary: Display: ShaderCodeLibraryPakFileMountedCallback: PakFile 'C:/Program Files (x86)/UE4.27/UnrealEngine-4.27/FeaturePacks/TP_VirtualRealityBP.upack' (chunk index -1, root 'root:/') mounted
[2024.03.19-10.15.34:889][  0]LogShaderLibrary: Display: ShaderCodeLibraryPakFileMountedCallback: pending pak file info (ChunkID:-1 Root:root:/ File:C:/Program Files (x86)/UE4.27/UnrealEngine-4.27/FeaturePacks/TP_VirtualRealityBP.upack)
[2024.03.19-10.15.34:889][  0]LogPakFile: OnPakFileMounted2Time == 0.000036
[2024.03.19-10.15.35:234][  0]LogNativeClassHierarchy: Verbose: Native class hierarchy updated for 'AddContentDialog' in 0.0003 seconds. Added 0 classes and 0 folders.
[2024.03.19-10.15.35:239][  0]LogNativeClassHierarchy: Verbose: Native class hierarchy updated for 'SceneOutliner' in 0.0002 seconds. Added 2 classes and 0 folders.
[2024.03.19-10.15.35:424][  0]LogSlate: Took 0.000784 seconds to synchronously load lazily loaded font '../../../Engine/Content/Slate/Fonts/Roboto-Regular.ttf' (155K)
[2024.03.19-10.15.35:432][  0]LogSlate: Took 0.008282 seconds to synchronously load lazily loaded font '../../../Engine/Content/Slate/Fonts/DroidSansFallback.ttf' (3848K)
[2024.03.19-10.15.35:899][  0]LogNativeClassHierarchy: Verbose: Native class hierarchy updated for 'HierarchicalLODOutliner' in 0.0003 seconds. Added 0 classes and 0 folders.
[2024.03.19-10.15.35:899][  0]LogLoad: (Engine Initialization) Total time: 16.38 seconds
[2024.03.19-10.15.35:899][  0]LogLoad: (Engine Initialization) Total Blueprint compile time: 0.00 seconds
[2024.03.19-10.15.35:944][  0]LogAssetRegistry: Asset discovery search completed in 9.7955 seconds
[2024.03.19-10.15.35:955][  0]LogCollectionManager: Fixed up redirectors for 0 collections in 0.000004 seconds (updated 0 objects)
[2024.03.19-10.15.35:958][  0]LogContentStreaming: Texture pool size now 1000 MB
[2024.03.19-10.15.35:965][  0]LogSlate: Took 0.000701 seconds to synchronously load lazily loaded font '../../../Engine/Content/Editor/Slate/Fonts/FontAwesome.ttf' (139K)
[2024.03.19-10.15.35:966][  0]LogSlate: Took 0.000706 seconds to synchronously load lazily loaded font '../../../Engine/Content/Slate/Fonts/Roboto-Bold.ttf' (160K)
[2024.03.19-10.15.35:969][  0]LogSlate: Took 0.000615 seconds to synchronously load lazily loaded font '../../../Engine/Content/Slate/Fonts/DroidSansMono.ttf' (77K)
[2024.03.19-10.15.36:227][  0]LogRenderer: Reallocating scene render targets to support 1104x492 Format 10 NumSamples 1 (Frame:1).
[2024.03.19-10.15.36:227][  0]LogSlate: Took 0.000970 seconds to synchronously load lazily loaded font '../../../Engine/Content/Slate/Fonts/Roboto-Light.ttf' (167K)
[2024.03.19-10.15.36:461][  2]LogActor: Warning: SetReplicates called on non-initialized actor BP_ServerWeaponBase_C_0. Directly setting bReplicates is the correct procedure for pre-init actors.
[2024.03.19-10.15.36:921][ 25]LogSlate: Took 0.000278 seconds to synchronously load lazily loaded font '../../../Engine/Content/Slate/Fonts/Roboto-Light.ttf' (167K)
[2024.03.19-10.16.05:460][373]LogSlate: Took 0.000976 seconds to synchronously load lazily loaded font '../../../Engine/Content/Slate/Fonts/Roboto-Italic.ttf' (157K)
