Log file open, 03/16/24 22:41:10
LogWindows: Failed to load 'aqProf.dll' (GetLastError=126)
LogWindows: File 'aqProf.dll' does not exist
LogWindows: Failed to load 'VtuneApi.dll' (GetLastError=126)
LogWindows: File 'VtuneApi.dll' does not exist
LogWindows: Failed to load 'VtuneApi32e.dll' (GetLastError=126)
LogWindows: File 'VtuneApi32e.dll' does not exist
LogConsoleResponse: Display: Failed to find resolution value strings in scalability ini. Falling back to default.
LogConsoleResponse: Display: Failed to find resolution value strings in scalability ini. Falling back to default.
LogInit: Display: Running engine for game: NetShootRewrite
LogPlatformFile: Not using cached read wrapper
LogTaskGraph: Started task graph with 5 named threads and 35 total threads with 3 sets of task threads.
LogStats: Stats thread started at 0.167711
LogICUInternationalization: ICU TimeZone Detection - Raw Offset: +8:00, Platform Override: ''
LogInit: Display: Loading text-based GConfig....
LogPluginManager: Mounting plugin MeshPainting
LogPluginManager: Mounting plugin XGEController
LogPluginManager: Mounting plugin Paper2D
LogPluginManager: Mounting plugin AISupport
LogPluginManager: Mounting plugin EnvironmentQueryEditor
LogPluginManager: Mounting plugin LiveLink
LogPluginManager: Mounting plugin LightPropagationVolume
LogPluginManager: Mounting plugin GameplayCameras
LogPluginManager: Mounting plugin CameraShakePreviewer
LogPluginManager: Mounting plugin AnimationSharing
LogPluginManager: Mounting plugin CLionSourceCodeAccess
LogPluginManager: Mounting plugin CodeLiteSourceCodeAccess
LogPluginManager: Mounting plugin GitSourceControl
LogPluginManager: Mounting plugin KDevelopSourceCodeAccess
LogPluginManager: Mounting plugin NullSourceCodeAccess
LogPluginManager: Mounting plugin PerforceSourceControl
LogPluginManager: Mounting plugin PixWinPlugin
LogPluginManager: Mounting plugin PluginUtils
LogPluginManager: Mounting plugin PlasticSourceControl
LogPluginManager: Mounting plugin PropertyAccessNode
LogPluginManager: Mounting plugin RiderSourceCodeAccess
LogPluginManager: Mounting plugin SubversionSourceControl
LogPluginManager: Mounting plugin AssetManagerEditor
LogPluginManager: Mounting plugin TextureFormatOodle
LogPluginManager: Mounting plugin VisualStudioCodeSourceCodeAccess
LogPluginManager: Mounting plugin UObjectPlugin
LogPluginManager: Mounting plugin VisualStudioSourceCodeAccess
LogPluginManager: Mounting plugin XCodeSourceCodeAccess
LogPluginManager: Mounting plugin CryptoKeys
LogPluginManager: Mounting plugin DataValidation
LogPluginManager: Mounting plugin CurveEditorTools
LogPluginManager: Mounting plugin FacialAnimation
LogPluginManager: Mounting plugin GameplayTagsEditor
LogPluginManager: Mounting plugin GeometryMode
LogPluginManager: Mounting plugin MacGraphicsSwitching
LogPluginManager: Mounting plugin MaterialAnalyzer
LogPluginManager: Mounting plugin PluginBrowser
LogPluginManager: Mounting plugin SpeedTreeImporter
LogPluginManager: Mounting plugin MobileLauncherProfileWizard
LogPluginManager: Mounting plugin DatasmithContent
LogPluginManager: Mounting plugin Niagara
LogPluginManager: Mounting plugin VariantManagerContent
LogPluginManager: Mounting plugin LuminPlatformFeatures
LogPluginManager: Mounting plugin MagicLeap
LogPluginManager: Mounting plugin MagicLeapLightEstimation
LogPluginManager: Mounting plugin MagicLeapMedia
LogPluginManager: Mounting plugin MagicLeapPassableWorld
LogPluginManager: Mounting plugin AlembicImporter
LogPluginManager: Mounting plugin AutomationUtils
LogPluginManager: Mounting plugin MLSDK
LogPluginManager: Mounting plugin BackChannel
LogPluginManager: Mounting plugin ChaosClothEditor
LogPluginManager: Mounting plugin ChaosCloth
LogPluginManager: Mounting plugin ChaosEditor
LogPluginManager: Mounting plugin ChaosNiagara
LogPluginManager: Mounting plugin ChaosSolverPlugin
LogPluginManager: Mounting plugin CharacterAI
LogPluginManager: Mounting plugin GeometryCache
LogPluginManager: Mounting plugin GeometryCollectionPlugin
LogPluginManager: Mounting plugin GeometryProcessing
LogPluginManager: Mounting plugin MotoSynth
LogPluginManager: Mounting plugin OpenImageDenoise
LogPluginManager: Mounting plugin ProxyLODPlugin
LogPluginManager: Mounting plugin PlanarCut
LogPluginManager: Mounting plugin PlatformCrypto
LogPluginManager: Mounting plugin PythonScriptPlugin
LogPluginManager: Mounting plugin SkeletalReduction
LogPluginManager: Mounting plugin AndroidMedia
LogPluginManager: Mounting plugin AvfMedia
LogPluginManager: Mounting plugin ImgMedia
LogPluginManager: Mounting plugin MediaCompositing
LogPluginManager: Mounting plugin MediaPlayerEditor
LogPluginManager: Mounting plugin UdpMessaging
LogPluginManager: Mounting plugin WebMMedia
LogPluginManager: Mounting plugin WmfMedia
LogPluginManager: Mounting plugin TcpMessaging
LogPluginManager: Mounting plugin ActorSequence
LogPluginManager: Mounting plugin LevelSequenceEditor
LogPluginManager: Mounting plugin MatineeToLevelSequence
LogPluginManager: Mounting plugin TemplateSequence
LogPluginManager: Mounting plugin OnlineSubsystem
LogPluginManager: Mounting plugin OnlineSubsystemNull
LogPluginManager: Mounting plugin OnlineSubsystemUtils
LogPluginManager: Mounting plugin LauncherChunkInstaller
LogPluginManager: Mounting plugin ActorLayerUtilities
LogPluginManager: Mounting plugin AndroidDeviceProfileSelector
LogPluginManager: Mounting plugin AndroidMoviePlayer
LogPluginManager: Mounting plugin AndroidPermission
LogPluginManager: Mounting plugin AppleImageUtils
LogPluginManager: Mounting plugin AppleMoviePlayer
LogPluginManager: Mounting plugin ArchVisCharacter
LogPluginManager: Mounting plugin AssetTags
LogPluginManager: Mounting plugin AudioCapture
LogPluginManager: Mounting plugin AudioSynesthesia
LogPluginManager: Mounting plugin CableComponent
LogPluginManager: Mounting plugin ChunkDownloader
LogPluginManager: Mounting plugin CustomMeshComponent
LogPluginManager: Mounting plugin EditableMesh
LogPluginManager: Mounting plugin ExampleDeviceProfileSelector
LogPluginManager: Mounting plugin GooglePAD
LogPluginManager: Mounting plugin GoogleCloudMessaging
LogPluginManager: Mounting plugin IOSDeviceProfileSelector
LogPluginManager: Mounting plugin LinuxDeviceProfileSelector
LogPluginManager: Mounting plugin LocationServicesBPLibrary
LogPluginManager: Mounting plugin MobilePatchingUtils
LogPluginManager: Mounting plugin OpenXR
LogPluginManager: Mounting plugin OpenXREyeTracker
LogPluginManager: Mounting plugin ScreenshotTools
LogPluginManager: Mounting plugin OpenXRHandTracking
LogPluginManager: Mounting plugin PhysXVehicles
LogPluginManager: Mounting plugin PostSplashScreen
LogPluginManager: Mounting plugin ProceduralMeshComponent
LogPluginManager: Mounting plugin PropertyAccessEditor
LogPluginManager: Mounting plugin RuntimePhysXCooking
LogPluginManager: Mounting plugin SignificanceManager
LogPluginManager: Mounting plugin SoundFields
LogPluginManager: Mounting plugin Synthesis
LogPluginManager: Mounting plugin WebMMoviePlayer
LogPluginManager: Mounting plugin WindowsMoviePlayer
LogPluginManager: Mounting plugin OodleData
LogPluginManager: Mounting plugin Takes
LogPluginManager: Mounting plugin OodleNetwork
LogPluginManager: Mounting plugin ContentBrowserAssetDataSource
LogPluginManager: Mounting plugin ContentBrowserFileDataSource
LogPluginManager: Mounting plugin ContentBrowserClassDataSource
LogPluginManager: Mounting plugin RiderLink
LogPluginManager: Mounting plugin OnlineSubsystemGooglePlay
LogPluginManager: Mounting plugin OnlineSubsystemIOS
LogPluginManager: Mounting plugin OculusVR
LogPluginManager: Mounting plugin SteamVR
PixWinPlugin: PIX capture plugin failed to initialize! Check that the process is launched from PIX.
LogInit: Using libcurl 7.55.1-DEV
LogInit:  - built for x86_64-pc-win32
LogInit:  - supports SSL with OpenSSL/1.1.1
LogInit:  - supports HTTP deflate (compression) using libz 1.2.8
LogInit:  - other features:
LogInit:      CURL_VERSION_SSL
LogInit:      CURL_VERSION_LIBZ
LogInit:      CURL_VERSION_IPV6
LogInit:      CURL_VERSION_ASYNCHDNS
LogInit:      CURL_VERSION_LARGEFILE
LogInit:      CURL_VERSION_IDN
LogInit:  CurlRequestOptions (configurable via config and command line):
LogInit:  - bVerifyPeer = true  - Libcurl will verify peer certificate
LogInit:  - bUseHttpProxy = false  - Libcurl will NOT use HTTP proxy
LogInit:  - bDontReuseConnections = false  - Libcurl will reuse connections
LogInit:  - MaxHostConnections = 16  - Libcurl will limit the number of connections to a host
LogInit:  - LocalHostAddr = Default
LogInit:  - BufferSize = 65536
LogOnline: OSS: Creating online subsystem instance for: NULL
LogInit: WinSock: version 1.1 (2.2), MaxSocks=32767, MaxUdp=65467
LogOnline: OSS: TryLoadSubsystemAndSetDefault: Loaded subsystem for module [NULL]
LogOculusPluginWrapper: OculusPlugin initialized successfully
LogHMD: Failed initializing OVRPlugin 1.59.0
LogInit: Build: ++UE4+Release-4.27-CL-0
LogInit: Engine Version: 4.27.2-0+++UE4+Release-4.27
LogInit: Compatible Engine Version: 4.27.0-0+++UE4+Release-4.27
LogInit: Net CL: 0
LogInit: OS: Windows 10 (Release 2009) (), CPU: Intel(R) Core(TM) i7-8700 CPU @ 3.20GHz, GPU: NVIDIA GeForce GTX 1660 Ti
LogInit: Compiled (64-bit): Mar 12 2024 21:46:05
LogInit: Compiled with Visual C++: 19.39.33521.00
LogInit: Build Configuration: Development
LogInit: Branch Name: ++UE4+Release-4.27
LogInit: Command Line:  -skipcompile
LogInit: Base Directory: C:/Program Files (x86)/UE4.27/UnrealEngine-4.27/Engine/Binaries/Win64/
LogInit: Allocator: TBB
LogInit: Installed Engine Build: 0
LogDevObjectVersion: Number of dev versions registered: 29
LogDevObjectVersion:   Dev-Blueprints (B0D832E4-1F89-4F0D-ACCF-7EB736FD4AA2): 10
LogDevObjectVersion:   Dev-Build (E1C64328-A22C-4D53-A36C-8E866417BD8C): 0
LogDevObjectVersion:   Dev-Core (375EC13C-06E4-48FB-B500-84F0262A717E): 4
LogDevObjectVersion:   Dev-Editor (E4B068ED-F494-42E9-A231-DA0B2E46BB41): 40
LogDevObjectVersion:   Dev-Framework (CFFC743F-43B0-4480-9391-14DF171D2073): 37
LogDevObjectVersion:   Dev-Mobile (B02B49B5-BB20-44E9-A304-32B752E40360): 3
LogDevObjectVersion:   Dev-Networking (A4E4105C-59A1-49B5-A7C5-40C4547EDFEE): 0
LogDevObjectVersion:   Dev-Online (39C831C9-5AE6-47DC-9A44-9C173E1C8E7C): 0
LogDevObjectVersion:   Dev-Physics (78F01B33-EBEA-4F98-B9B4-84EACCB95AA2): 14
LogDevObjectVersion:   Dev-Platform (6631380F-2D4D-43E0-8009-CF276956A95A): 0
LogDevObjectVersion:   Dev-Rendering (12F88B9F-8875-4AFC-A67C-D90C383ABD29): 45
LogDevObjectVersion:   Dev-Sequencer (7B5AE74C-D270-4C10-A958-57980B212A5A): 13
LogDevObjectVersion:   Dev-VR (D7296918-1DD6-4BDD-9DE2-64A83CC13884): 3
LogDevObjectVersion:   Dev-LoadTimes (C2A15278-BFE7-4AFE-6C17-90FF531DF755): 1
LogDevObjectVersion:   Private-Geometry (6EACA3D4-40EC-4CC1-B786-8BED09428FC5): 3
LogDevObjectVersion:   Dev-AnimPhys (29E575DD-E0A3-4627-9D10-D276232CDCEA): 17
LogDevObjectVersion:   Dev-Anim (AF43A65D-7FD3-4947-9873-3E8ED9C1BB05): 15
LogDevObjectVersion:   Dev-ReflectionCapture (6B266CEC-1EC7-4B8F-A30B-E4D90942FC07): 1
LogDevObjectVersion:   Dev-Automation (0DF73D61-A23F-47EA-B727-89E90C41499A): 1
LogDevObjectVersion:   FortniteMain (601D1886-AC64-4F84-AA16-D3DE0DEAC7D6): 47
LogDevObjectVersion:   FortniteRelease (E7086368-6B23-4C58-8439-1B7016265E91): 1
LogDevObjectVersion:   Dev-Enterprise (9DFFBCD6-494F-0158-E221-12823C92A888): 10
LogDevObjectVersion:   Dev-Niagara (F2AED0AC-9AFE-416F-8664-AA7FFA26D6FC): 1
LogDevObjectVersion:   Dev-Destruction (174F1F0B-B4C6-45A5-B13F-2EE8D0FB917D): 10
LogDevObjectVersion:   Dev-Physics-Ext (35F94A83-E258-406C-A318-09F59610247C): 41
LogDevObjectVersion:   Dev-PhysicsMaterial-Chaos (B68FC16E-8B1B-42E2-B453-215C058844FE): 1
LogDevObjectVersion:   Dev-CineCamera (B2E18506-4273-CFC2-A54E-F4BB758BBA07): 1
LogDevObjectVersion:   Dev-VirtualProduction (64F58936-FD1B-42BA-BA96-7289D5D0FA4E): 1
LogDevObjectVersion:   Dev-MediaFramework (6F0ED827-A609-4895-9C91-998D90180EA4): 2
LogInit: Presizing for max 25165824 objects, including 0 objects not considered by GC, pre-allocating 0 bytes for permanent pool.
LogConfig: Applying CVar settings from Section [/Script/Engine.StreamingSettings] File [D:/GitHub/NetShootRewrite/Saved/Config/Windows/Engine.ini]
LogConfig: Setting CVar [[s.MinBulkDataSizeForAsyncLoading:131072]]
LogConfig: Setting CVar [[s.AsyncLoadingThreadEnabled:0]]
LogConfig: Setting CVar [[s.EventDrivenLoaderEnabled:1]]
LogConfig: Setting CVar [[s.WarnIfTimeLimitExceeded:0]]
LogConfig: Setting CVar [[s.TimeLimitExceededMultiplier:1.5]]
LogConfig: Setting CVar [[s.TimeLimitExceededMinTime:0.005]]
LogConfig: Setting CVar [[s.UseBackgroundLevelStreaming:1]]
LogConfig: Setting CVar [[s.PriorityAsyncLoadingExtraTime:15.0]]
LogConfig: Setting CVar [[s.LevelStreamingActorsUpdateTimeLimit:5.0]]
LogConfig: Setting CVar [[s.PriorityLevelStreamingActorsUpdateExtraTime:5.0]]
LogConfig: Setting CVar [[s.LevelStreamingComponentsRegistrationGranularity:10]]
LogConfig: Setting CVar [[s.UnregisterComponentsTimeLimit:1.0]]
LogConfig: Setting CVar [[s.LevelStreamingComponentsUnregistrationGranularity:5]]
LogConfig: Setting CVar [[s.FlushStreamingOnExit:1]]
LogInit: Object subsystem initialized
LogConfig: Setting CVar [[con.DebugEarlyDefault:1]]
LogConfig: Setting CVar [[r.setres:1280x720]]
[2024.03.16-14.41.12:102][  0]LogConfig: Setting CVar [[r.VSync:0]]
[2024.03.16-14.41.12:102][  0]LogConfig: Setting CVar [[r.RHICmdBypass:0]]
[2024.03.16-14.41.12:102][  0]LogConfig: Applying CVar settings from Section [/Script/Engine.RendererSettings] File [D:/GitHub/NetShootRewrite/Saved/Config/Windows/Engine.ini]
[2024.03.16-14.41.12:102][  0]LogConfig: Setting CVar [[r.GPUCrashDebugging:0]]
[2024.03.16-14.41.12:102][  0]LogConfig: Applying CVar settings from Section [/Script/Engine.RendererOverrideSettings] File [D:/GitHub/NetShootRewrite/Saved/Config/Windows/Engine.ini]
[2024.03.16-14.41.12:102][  0]LogConfig: Applying CVar settings from Section [/Script/Engine.StreamingSettings] File [D:/GitHub/NetShootRewrite/Saved/Config/Windows/Engine.ini]
[2024.03.16-14.41.12:102][  0]LogConfig: Setting CVar [[s.MinBulkDataSizeForAsyncLoading:131072]]
[2024.03.16-14.41.12:102][  0]LogConfig: Setting CVar [[s.AsyncLoadingThreadEnabled:0]]
[2024.03.16-14.41.12:102][  0]LogConfig: Setting CVar [[s.EventDrivenLoaderEnabled:1]]
[2024.03.16-14.41.12:102][  0]LogConfig: Setting CVar [[s.WarnIfTimeLimitExceeded:0]]
[2024.03.16-14.41.12:102][  0]LogConfig: Setting CVar [[s.TimeLimitExceededMultiplier:1.5]]
[2024.03.16-14.41.12:102][  0]LogConfig: Setting CVar [[s.TimeLimitExceededMinTime:0.005]]
[2024.03.16-14.41.12:102][  0]LogConfig: Setting CVar [[s.UseBackgroundLevelStreaming:1]]
[2024.03.16-14.41.12:102][  0]LogConfig: Setting CVar [[s.PriorityAsyncLoadingExtraTime:15.0]]
[2024.03.16-14.41.12:102][  0]LogConfig: Setting CVar [[s.LevelStreamingActorsUpdateTimeLimit:5.0]]
[2024.03.16-14.41.12:102][  0]LogConfig: Setting CVar [[s.PriorityLevelStreamingActorsUpdateExtraTime:5.0]]
[2024.03.16-14.41.12:102][  0]LogConfig: Setting CVar [[s.LevelStreamingComponentsRegistrationGranularity:10]]
[2024.03.16-14.41.12:103][  0]LogConfig: Setting CVar [[s.UnregisterComponentsTimeLimit:1.0]]
[2024.03.16-14.41.12:103][  0]LogConfig: Setting CVar [[s.LevelStreamingComponentsUnregistrationGranularity:5]]
[2024.03.16-14.41.12:103][  0]LogConfig: Setting CVar [[s.FlushStreamingOnExit:1]]
[2024.03.16-14.41.12:103][  0]LogConfig: Applying CVar settings from Section [/Script/Engine.GarbageCollectionSettings] File [D:/GitHub/NetShootRewrite/Saved/Config/Windows/Engine.ini]
[2024.03.16-14.41.12:103][  0]LogConfig: Setting CVar [[gc.MaxObjectsNotConsideredByGC:1]]
[2024.03.16-14.41.12:103][  0]LogConfig: Setting CVar [[gc.SizeOfPermanentObjectPool:0]]
[2024.03.16-14.41.12:103][  0]LogConfig: Setting CVar [[gc.FlushStreamingOnGC:0]]
[2024.03.16-14.41.12:103][  0]LogConfig: Setting CVar [[gc.NumRetriesBeforeForcingGC:10]]
[2024.03.16-14.41.12:103][  0]LogConfig: Setting CVar [[gc.AllowParallelGC:1]]
[2024.03.16-14.41.12:103][  0]LogConfig: Setting CVar [[gc.TimeBetweenPurgingPendingKillObjects:61.1]]
[2024.03.16-14.41.12:103][  0]LogConfig: Setting CVar [[gc.MaxObjectsInEditor:25165824]]
[2024.03.16-14.41.12:103][  0]LogConfig: Setting CVar [[gc.IncrementalBeginDestroyEnabled:1]]
[2024.03.16-14.41.12:103][  0]LogConfig: Setting CVar [[gc.CreateGCClusters:1]]
[2024.03.16-14.41.12:103][  0]LogConfig: Setting CVar [[gc.MinGCClusterSize:5]]
[2024.03.16-14.41.12:103][  0]LogConfig: Setting CVar [[gc.ActorClusteringEnabled:0]]
[2024.03.16-14.41.12:103][  0]LogConfig: Setting CVar [[gc.BlueprintClusteringEnabled:0]]
[2024.03.16-14.41.12:103][  0]LogConfig: Setting CVar [[gc.UseDisregardForGCOnDedicatedServers:0]]
[2024.03.16-14.41.12:103][  0]LogConfig: Setting CVar [[gc.MultithreadedDestructionEnabled:1]]
[2024.03.16-14.41.12:103][  0]LogConfig: Applying CVar settings from Section [/Script/Engine.NetworkSettings] File [D:/GitHub/NetShootRewrite/Saved/Config/Windows/Engine.ini]
[2024.03.16-14.41.12:103][  0]LogConfig: Applying CVar settings from Section [/Script/UnrealEd.CookerSettings] File [D:/GitHub/NetShootRewrite/Saved/Config/Windows/Engine.ini]
[2024.03.16-14.41.12:142][  0]LogConfig: Applying CVar settings from Section [ViewDistanceQuality@3] File [D:/GitHub/NetShootRewrite/Saved/Config/Windows/Scalability.ini]
[2024.03.16-14.41.12:142][  0]LogConfig: Setting CVar [[r.SkeletalMeshLODBias:0]]
[2024.03.16-14.41.12:142][  0]LogConfig: Setting CVar [[r.ViewDistanceScale:1.0]]
[2024.03.16-14.41.12:142][  0]LogConfig: Applying CVar settings from Section [AntiAliasingQuality@3] File [D:/GitHub/NetShootRewrite/Saved/Config/Windows/Scalability.ini]
[2024.03.16-14.41.12:142][  0]LogConfig: Setting CVar [[r.PostProcessAAQuality:4]]
[2024.03.16-14.41.12:142][  0]LogConfig: Applying CVar settings from Section [ShadowQuality@3] File [D:/GitHub/NetShootRewrite/Saved/Config/Windows/Scalability.ini]
[2024.03.16-14.41.12:142][  0]LogConfig: Setting CVar [[r.LightFunctionQuality:1]]
[2024.03.16-14.41.12:142][  0]LogConfig: Setting CVar [[r.ShadowQuality:5]]
[2024.03.16-14.41.12:142][  0]LogConfig: Setting CVar [[r.Shadow.CSM.MaxCascades:10]]
[2024.03.16-14.41.12:142][  0]LogConfig: Setting CVar [[r.Shadow.MaxResolution:2048]]
[2024.03.16-14.41.12:142][  0]LogConfig: Setting CVar [[r.Shadow.MaxCSMResolution:2048]]
[2024.03.16-14.41.12:142][  0]LogConfig: Setting CVar [[r.Shadow.RadiusThreshold:0.01]]
[2024.03.16-14.41.12:142][  0]LogConfig: Setting CVar [[r.Shadow.DistanceScale:1.0]]
[2024.03.16-14.41.12:142][  0]LogConfig: Setting CVar [[r.Shadow.CSM.TransitionScale:1.0]]
[2024.03.16-14.41.12:142][  0]LogConfig: Setting CVar [[r.Shadow.PreShadowResolutionFactor:1.0]]
[2024.03.16-14.41.12:142][  0]LogConfig: Setting CVar [[r.DistanceFieldShadowing:1]]
[2024.03.16-14.41.12:142][  0]LogConfig: Setting CVar [[r.DistanceFieldAO:1]]
[2024.03.16-14.41.12:142][  0]LogConfig: Setting CVar [[r.AOQuality:2]]
[2024.03.16-14.41.12:142][  0]LogConfig: Setting CVar [[r.VolumetricFog:1]]
[2024.03.16-14.41.12:142][  0]LogConfig: Setting CVar [[r.VolumetricFog.GridPixelSize:8]]
[2024.03.16-14.41.12:142][  0]LogConfig: Setting CVar [[r.VolumetricFog.GridSizeZ:128]]
[2024.03.16-14.41.12:142][  0]LogConfig: Setting CVar [[r.VolumetricFog.HistoryMissSupersampleCount:4]]
[2024.03.16-14.41.12:142][  0]LogConfig: Setting CVar [[r.LightMaxDrawDistanceScale:1]]
[2024.03.16-14.41.12:142][  0]LogConfig: Setting CVar [[r.CapsuleShadows:1]]
[2024.03.16-14.41.12:142][  0]LogConfig: Applying CVar settings from Section [PostProcessQuality@3] File [D:/GitHub/NetShootRewrite/Saved/Config/Windows/Scalability.ini]
[2024.03.16-14.41.12:142][  0]LogConfig: Setting CVar [[r.MotionBlurQuality:4]]
[2024.03.16-14.41.12:142][  0]LogConfig: Setting CVar [[r.AmbientOcclusionMipLevelFactor:0.4]]
[2024.03.16-14.41.12:142][  0]LogConfig: Setting CVar [[r.AmbientOcclusionMaxQuality:100]]
[2024.03.16-14.41.12:142][  0]LogConfig: Setting CVar [[r.AmbientOcclusionLevels:-1]]
[2024.03.16-14.41.12:143][  0]LogConfig: Setting CVar [[r.AmbientOcclusionRadiusScale:1.0]]
[2024.03.16-14.41.12:143][  0]LogConfig: Setting CVar [[r.DepthOfFieldQuality:2]]
[2024.03.16-14.41.12:143][  0]LogConfig: Setting CVar [[r.RenderTargetPoolMin:400]]
[2024.03.16-14.41.12:143][  0]LogConfig: Setting CVar [[r.LensFlareQuality:2]]
[2024.03.16-14.41.12:143][  0]LogConfig: Setting CVar [[r.SceneColorFringeQuality:1]]
[2024.03.16-14.41.12:143][  0]LogConfig: Setting CVar [[r.EyeAdaptationQuality:2]]
[2024.03.16-14.41.12:143][  0]LogConfig: Setting CVar [[r.BloomQuality:5]]
[2024.03.16-14.41.12:143][  0]LogConfig: Setting CVar [[r.FastBlurThreshold:100]]
[2024.03.16-14.41.12:143][  0]LogConfig: Setting CVar [[r.Upscale.Quality:3]]
[2024.03.16-14.41.12:143][  0]LogConfig: Setting CVar [[r.Tonemapper.GrainQuantization:1]]
[2024.03.16-14.41.12:143][  0]LogConfig: Setting CVar [[r.LightShaftQuality:1]]
[2024.03.16-14.41.12:143][  0]LogConfig: Setting CVar [[r.Filter.SizeScale:1]]
[2024.03.16-14.41.12:143][  0]LogConfig: Setting CVar [[r.Tonemapper.Quality:5]]
[2024.03.16-14.41.12:143][  0]LogConfig: Setting CVar [[r.DOF.Gather.AccumulatorQuality:1        ; higher gathering accumulator quality]]
[2024.03.16-14.41.12:143][  0]LogConfig: Setting CVar [[r.DOF.Gather.PostfilterMethod:1          ; Median3x3 postfilering method]]
[2024.03.16-14.41.12:143][  0]LogConfig: Setting CVar [[r.DOF.Gather.EnableBokehSettings:0       ; no bokeh simulation when gathering]]
[2024.03.16-14.41.12:143][  0]LogConfig: Setting CVar [[r.DOF.Gather.RingCount:4                 ; medium number of samples when gathering]]
[2024.03.16-14.41.12:143][  0]LogConfig: Setting CVar [[r.DOF.Scatter.ForegroundCompositing:1    ; additive foreground scattering]]
[2024.03.16-14.41.12:143][  0]LogConfig: Setting CVar [[r.DOF.Scatter.BackgroundCompositing:2    ; additive background scattering]]
[2024.03.16-14.41.12:143][  0]LogConfig: Setting CVar [[r.DOF.Scatter.EnableBokehSettings:1      ; bokeh simulation when scattering]]
[2024.03.16-14.41.12:143][  0]LogConfig: Setting CVar [[r.DOF.Scatter.MaxSpriteRatio:0.1         ; only a maximum of 10% of scattered bokeh]]
[2024.03.16-14.41.12:143][  0]LogConfig: Setting CVar [[r.DOF.Recombine.Quality:1                ; cheap slight out of focus]]
[2024.03.16-14.41.12:143][  0]LogConfig: Setting CVar [[r.DOF.Recombine.EnableBokehSettings:0    ; no bokeh simulation on slight out of focus]]
[2024.03.16-14.41.12:143][  0]LogConfig: Setting CVar [[r.DOF.TemporalAAQuality:1                ; more stable temporal accumulation]]
[2024.03.16-14.41.12:143][  0]LogConfig: Setting CVar [[r.DOF.Kernel.MaxForegroundRadius:0.025]]
[2024.03.16-14.41.12:143][  0]LogConfig: Setting CVar [[r.DOF.Kernel.MaxBackgroundRadius:0.025]]
[2024.03.16-14.41.12:143][  0]LogConfig: Applying CVar settings from Section [TextureQuality@3] File [D:/GitHub/NetShootRewrite/Saved/Config/Windows/Scalability.ini]
[2024.03.16-14.41.12:143][  0]LogConfig: Setting CVar [[r.Streaming.MipBias:0]]
[2024.03.16-14.41.12:143][  0]LogConfig: Setting CVar [[r.Streaming.AmortizeCPUToGPUCopy:0]]
[2024.03.16-14.41.12:143][  0]LogConfig: Setting CVar [[r.Streaming.MaxNumTexturesToStreamPerFrame:0]]
[2024.03.16-14.41.12:143][  0]LogConfig: Setting CVar [[r.Streaming.Boost:1]]
[2024.03.16-14.41.12:143][  0]LogConfig: Setting CVar [[r.MaxAnisotropy:8]]
[2024.03.16-14.41.12:143][  0]LogConfig: Setting CVar [[r.VT.MaxAnisotropy:8]]
[2024.03.16-14.41.12:143][  0]LogConfig: Setting CVar [[r.Streaming.LimitPoolSizeToVRAM:0]]
[2024.03.16-14.41.12:143][  0]LogConfig: Setting CVar [[r.Streaming.PoolSize:1000]]
[2024.03.16-14.41.12:143][  0]LogConfig: Setting CVar [[r.Streaming.MaxEffectiveScreenSize:0]]
[2024.03.16-14.41.12:143][  0]LogConfig: Applying CVar settings from Section [EffectsQuality@3] File [D:/GitHub/NetShootRewrite/Saved/Config/Windows/Scalability.ini]
[2024.03.16-14.41.12:143][  0]LogConfig: Setting CVar [[r.TranslucencyLightingVolumeDim:64]]
[2024.03.16-14.41.12:143][  0]LogConfig: Setting CVar [[r.RefractionQuality:2]]
[2024.03.16-14.41.12:143][  0]LogConfig: Setting CVar [[r.SSR.Quality:3]]
[2024.03.16-14.41.12:143][  0]LogConfig: Setting CVar [[r.SSR.HalfResSceneColor:0]]
[2024.03.16-14.41.12:143][  0]LogConfig: Setting CVar [[r.SceneColorFormat:4]]
[2024.03.16-14.41.12:143][  0]LogConfig: Setting CVar [[r.DetailMode:2]]
[2024.03.16-14.41.12:143][  0]LogConfig: Setting CVar [[r.TranslucencyVolumeBlur:1]]
[2024.03.16-14.41.12:143][  0]LogConfig: Setting CVar [[r.MaterialQualityLevel:1 ; High quality]]
[2024.03.16-14.41.12:143][  0]LogConfig: Setting CVar [[r.AnisotropicMaterials:1]]
[2024.03.16-14.41.12:143][  0]LogConfig: Setting CVar [[r.SSS.Scale:1]]
[2024.03.16-14.41.12:143][  0]LogConfig: Setting CVar [[r.SSS.SampleSet:2]]
[2024.03.16-14.41.12:143][  0]LogConfig: Setting CVar [[r.SSS.Quality:1]]
[2024.03.16-14.41.12:143][  0]LogConfig: Setting CVar [[r.SSS.HalfRes:0]]
[2024.03.16-14.41.12:143][  0]LogConfig: Setting CVar [[r.SSGI.Quality:3]]
[2024.03.16-14.41.12:143][  0]LogConfig: Setting CVar [[r.EmitterSpawnRateScale:1.0]]
[2024.03.16-14.41.12:143][  0]LogConfig: Setting CVar [[r.ParticleLightQuality:2]]
[2024.03.16-14.41.12:143][  0]LogConfig: Setting CVar [[r.SkyAtmosphere.AerialPerspectiveLUT.FastApplyOnOpaque:1 ; Always have FastSkyLUT 1 in this case to avoid wrong sky]]
[2024.03.16-14.41.12:143][  0]LogConfig: Setting CVar [[r.SkyAtmosphere.AerialPerspectiveLUT.SampleCountMaxPerSlice:4]]
[2024.03.16-14.41.12:143][  0]LogConfig: Setting CVar [[r.SkyAtmosphere.AerialPerspectiveLUT.DepthResolution:16.0]]
[2024.03.16-14.41.12:143][  0]LogConfig: Setting CVar [[r.SkyAtmosphere.FastSkyLUT:1]]
[2024.03.16-14.41.12:143][  0]LogConfig: Setting CVar [[r.SkyAtmosphere.FastSkyLUT.SampleCountMin:4.0]]
[2024.03.16-14.41.12:143][  0]LogConfig: Setting CVar [[r.SkyAtmosphere.FastSkyLUT.SampleCountMax:128.0]]
[2024.03.16-14.41.12:143][  0]LogConfig: Setting CVar [[r.SkyAtmosphere.SampleCountMin:4.0]]
[2024.03.16-14.41.12:143][  0]LogConfig: Setting CVar [[r.SkyAtmosphere.SampleCountMax:128.0]]
[2024.03.16-14.41.12:143][  0]LogConfig: Setting CVar [[r.SkyAtmosphere.TransmittanceLUT.UseSmallFormat:0]]
[2024.03.16-14.41.12:143][  0]LogConfig: Setting CVar [[r.SkyAtmosphere.TransmittanceLUT.SampleCount:10.0]]
[2024.03.16-14.41.12:143][  0]LogConfig: Setting CVar [[r.SkyAtmosphere.MultiScatteringLUT.SampleCount:15.0]]
[2024.03.16-14.41.12:143][  0]LogConfig: Setting CVar [[r.SkyLight.RealTimeReflectionCapture:1]]
[2024.03.16-14.41.12:143][  0]LogConfig: Applying CVar settings from Section [FoliageQuality@3] File [D:/GitHub/NetShootRewrite/Saved/Config/Windows/Scalability.ini]
[2024.03.16-14.41.12:143][  0]LogConfig: Setting CVar [[foliage.DensityScale:1.0]]
[2024.03.16-14.41.12:143][  0]LogConfig: Setting CVar [[grass.DensityScale:1.0]]
[2024.03.16-14.41.12:143][  0]LogConfig: Applying CVar settings from Section [ShadingQuality@3] File [D:/GitHub/NetShootRewrite/Saved/Config/Windows/Scalability.ini]
[2024.03.16-14.41.12:143][  0]LogConfig: Setting CVar [[r.HairStrands.SkyLighting.IntegrationType:2]]
[2024.03.16-14.41.12:143][  0]LogConfig: Setting CVar [[r.HairStrands.SkyAO.SampleCount:4]]
[2024.03.16-14.41.12:143][  0]LogConfig: Setting CVar [[r.HairStrands.Visibility.MSAA.SamplePerPixel:4]]
[2024.03.16-14.41.12:143][  0]LogInit: Selected Device Profile: [Windows]
[2024.03.16-14.41.12:143][  0]LogInit: Applying CVar settings loaded from the selected device profile: [Windows]
[2024.03.16-14.41.12:143][  0]LogHAL: Display: Platform has ~ 16 GB [17105735680 / 17179869184 / 16], which maps to Larger [LargestMinGB=32, LargerMinGB=12, DefaultMinGB=8, SmallerMinGB=6, SmallestMinGB=0)
[2024.03.16-14.41.12:144][  0]LogInit: Going up to parent DeviceProfile []
[2024.03.16-14.41.12:144][  0]LogConfig: Applying CVar settings from Section [ViewDistanceQuality@3] File [D:/GitHub/NetShootRewrite/Saved/Config/Windows/Scalability.ini]
[2024.03.16-14.41.12:144][  0]LogConfig: Setting CVar [[r.SkeletalMeshLODBias:0]]
[2024.03.16-14.41.12:144][  0]LogConfig: Setting CVar [[r.ViewDistanceScale:1.0]]
[2024.03.16-14.41.12:144][  0]LogConfig: Applying CVar settings from Section [AntiAliasingQuality@3] File [D:/GitHub/NetShootRewrite/Saved/Config/Windows/Scalability.ini]
[2024.03.16-14.41.12:144][  0]LogConfig: Setting CVar [[r.PostProcessAAQuality:4]]
[2024.03.16-14.41.12:144][  0]LogConfig: Applying CVar settings from Section [ShadowQuality@3] File [D:/GitHub/NetShootRewrite/Saved/Config/Windows/Scalability.ini]
[2024.03.16-14.41.12:144][  0]LogConfig: Setting CVar [[r.LightFunctionQuality:1]]
[2024.03.16-14.41.12:144][  0]LogConfig: Setting CVar [[r.ShadowQuality:5]]
[2024.03.16-14.41.12:144][  0]LogConfig: Setting CVar [[r.Shadow.CSM.MaxCascades:10]]
[2024.03.16-14.41.12:144][  0]LogConfig: Setting CVar [[r.Shadow.MaxResolution:2048]]
[2024.03.16-14.41.12:144][  0]LogConfig: Setting CVar [[r.Shadow.MaxCSMResolution:2048]]
[2024.03.16-14.41.12:144][  0]LogConfig: Setting CVar [[r.Shadow.RadiusThreshold:0.01]]
[2024.03.16-14.41.12:144][  0]LogConfig: Setting CVar [[r.Shadow.DistanceScale:1.0]]
[2024.03.16-14.41.12:144][  0]LogConfig: Setting CVar [[r.Shadow.CSM.TransitionScale:1.0]]
[2024.03.16-14.41.12:144][  0]LogConfig: Setting CVar [[r.Shadow.PreShadowResolutionFactor:1.0]]
[2024.03.16-14.41.12:144][  0]LogConfig: Setting CVar [[r.DistanceFieldShadowing:1]]
[2024.03.16-14.41.12:144][  0]LogConfig: Setting CVar [[r.DistanceFieldAO:1]]
[2024.03.16-14.41.12:144][  0]LogConfig: Setting CVar [[r.AOQuality:2]]
[2024.03.16-14.41.12:144][  0]LogConfig: Setting CVar [[r.VolumetricFog:1]]
[2024.03.16-14.41.12:144][  0]LogConfig: Setting CVar [[r.VolumetricFog.GridPixelSize:8]]
[2024.03.16-14.41.12:144][  0]LogConfig: Setting CVar [[r.VolumetricFog.GridSizeZ:128]]
[2024.03.16-14.41.12:144][  0]LogConfig: Setting CVar [[r.VolumetricFog.HistoryMissSupersampleCount:4]]
[2024.03.16-14.41.12:144][  0]LogConfig: Setting CVar [[r.LightMaxDrawDistanceScale:1]]
[2024.03.16-14.41.12:144][  0]LogConfig: Setting CVar [[r.CapsuleShadows:1]]
[2024.03.16-14.41.12:144][  0]LogConfig: Applying CVar settings from Section [PostProcessQuality@3] File [D:/GitHub/NetShootRewrite/Saved/Config/Windows/Scalability.ini]
[2024.03.16-14.41.12:144][  0]LogConfig: Setting CVar [[r.MotionBlurQuality:4]]
[2024.03.16-14.41.12:144][  0]LogConfig: Setting CVar [[r.AmbientOcclusionMipLevelFactor:0.4]]
[2024.03.16-14.41.12:144][  0]LogConfig: Setting CVar [[r.AmbientOcclusionMaxQuality:100]]
[2024.03.16-14.41.12:144][  0]LogConfig: Setting CVar [[r.AmbientOcclusionLevels:-1]]
[2024.03.16-14.41.12:144][  0]LogConfig: Setting CVar [[r.AmbientOcclusionRadiusScale:1.0]]
[2024.03.16-14.41.12:144][  0]LogConfig: Setting CVar [[r.DepthOfFieldQuality:2]]
[2024.03.16-14.41.12:144][  0]LogConfig: Setting CVar [[r.RenderTargetPoolMin:400]]
[2024.03.16-14.41.12:144][  0]LogConfig: Setting CVar [[r.LensFlareQuality:2]]
[2024.03.16-14.41.12:144][  0]LogConfig: Setting CVar [[r.SceneColorFringeQuality:1]]
[2024.03.16-14.41.12:144][  0]LogConfig: Setting CVar [[r.EyeAdaptationQuality:2]]
[2024.03.16-14.41.12:144][  0]LogConfig: Setting CVar [[r.BloomQuality:5]]
[2024.03.16-14.41.12:144][  0]LogConfig: Setting CVar [[r.FastBlurThreshold:100]]
[2024.03.16-14.41.12:144][  0]LogConfig: Setting CVar [[r.Upscale.Quality:3]]
[2024.03.16-14.41.12:144][  0]LogConfig: Setting CVar [[r.Tonemapper.GrainQuantization:1]]
[2024.03.16-14.41.12:144][  0]LogConfig: Setting CVar [[r.LightShaftQuality:1]]
[2024.03.16-14.41.12:144][  0]LogConfig: Setting CVar [[r.Filter.SizeScale:1]]
[2024.03.16-14.41.12:144][  0]LogConfig: Setting CVar [[r.Tonemapper.Quality:5]]
[2024.03.16-14.41.12:144][  0]LogConfig: Setting CVar [[r.DOF.Gather.AccumulatorQuality:1        ; higher gathering accumulator quality]]
[2024.03.16-14.41.12:144][  0]LogConfig: Setting CVar [[r.DOF.Gather.PostfilterMethod:1          ; Median3x3 postfilering method]]
[2024.03.16-14.41.12:144][  0]LogConfig: Setting CVar [[r.DOF.Gather.EnableBokehSettings:0       ; no bokeh simulation when gathering]]
[2024.03.16-14.41.12:144][  0]LogConfig: Setting CVar [[r.DOF.Gather.RingCount:4                 ; medium number of samples when gathering]]
[2024.03.16-14.41.12:144][  0]LogConfig: Setting CVar [[r.DOF.Scatter.ForegroundCompositing:1    ; additive foreground scattering]]
[2024.03.16-14.41.12:144][  0]LogConfig: Setting CVar [[r.DOF.Scatter.BackgroundCompositing:2    ; additive background scattering]]
[2024.03.16-14.41.12:144][  0]LogConfig: Setting CVar [[r.DOF.Scatter.EnableBokehSettings:1      ; bokeh simulation when scattering]]
[2024.03.16-14.41.12:144][  0]LogConfig: Setting CVar [[r.DOF.Scatter.MaxSpriteRatio:0.1         ; only a maximum of 10% of scattered bokeh]]
[2024.03.16-14.41.12:144][  0]LogConfig: Setting CVar [[r.DOF.Recombine.Quality:1                ; cheap slight out of focus]]
[2024.03.16-14.41.12:144][  0]LogConfig: Setting CVar [[r.DOF.Recombine.EnableBokehSettings:0    ; no bokeh simulation on slight out of focus]]
[2024.03.16-14.41.12:144][  0]LogConfig: Setting CVar [[r.DOF.TemporalAAQuality:1                ; more stable temporal accumulation]]
[2024.03.16-14.41.12:144][  0]LogConfig: Setting CVar [[r.DOF.Kernel.MaxForegroundRadius:0.025]]
[2024.03.16-14.41.12:144][  0]LogConfig: Setting CVar [[r.DOF.Kernel.MaxBackgroundRadius:0.025]]
[2024.03.16-14.41.12:144][  0]LogConfig: Applying CVar settings from Section [TextureQuality@3] File [D:/GitHub/NetShootRewrite/Saved/Config/Windows/Scalability.ini]
[2024.03.16-14.41.12:144][  0]LogConfig: Setting CVar [[r.Streaming.MipBias:0]]
[2024.03.16-14.41.12:144][  0]LogConfig: Setting CVar [[r.Streaming.AmortizeCPUToGPUCopy:0]]
[2024.03.16-14.41.12:144][  0]LogConfig: Setting CVar [[r.Streaming.MaxNumTexturesToStreamPerFrame:0]]
[2024.03.16-14.41.12:144][  0]LogConfig: Setting CVar [[r.Streaming.Boost:1]]
[2024.03.16-14.41.12:144][  0]LogConfig: Setting CVar [[r.MaxAnisotropy:8]]
[2024.03.16-14.41.12:144][  0]LogConfig: Setting CVar [[r.VT.MaxAnisotropy:8]]
[2024.03.16-14.41.12:144][  0]LogConfig: Setting CVar [[r.Streaming.LimitPoolSizeToVRAM:0]]
[2024.03.16-14.41.12:144][  0]LogConfig: Setting CVar [[r.Streaming.PoolSize:1000]]
[2024.03.16-14.41.12:144][  0]LogConfig: Setting CVar [[r.Streaming.MaxEffectiveScreenSize:0]]
[2024.03.16-14.41.12:144][  0]LogConfig: Applying CVar settings from Section [EffectsQuality@3] File [D:/GitHub/NetShootRewrite/Saved/Config/Windows/Scalability.ini]
[2024.03.16-14.41.12:144][  0]LogConfig: Setting CVar [[r.TranslucencyLightingVolumeDim:64]]
[2024.03.16-14.41.12:144][  0]LogConfig: Setting CVar [[r.RefractionQuality:2]]
[2024.03.16-14.41.12:144][  0]LogConfig: Setting CVar [[r.SSR.Quality:3]]
[2024.03.16-14.41.12:145][  0]LogConfig: Setting CVar [[r.SSR.HalfResSceneColor:0]]
[2024.03.16-14.41.12:145][  0]LogConfig: Setting CVar [[r.SceneColorFormat:4]]
[2024.03.16-14.41.12:145][  0]LogConfig: Setting CVar [[r.DetailMode:2]]
[2024.03.16-14.41.12:145][  0]LogConfig: Setting CVar [[r.TranslucencyVolumeBlur:1]]
[2024.03.16-14.41.12:145][  0]LogConfig: Setting CVar [[r.MaterialQualityLevel:1 ; High quality]]
[2024.03.16-14.41.12:145][  0]LogConfig: Setting CVar [[r.AnisotropicMaterials:1]]
[2024.03.16-14.41.12:145][  0]LogConfig: Setting CVar [[r.SSS.Scale:1]]
[2024.03.16-14.41.12:145][  0]LogConfig: Setting CVar [[r.SSS.SampleSet:2]]
[2024.03.16-14.41.12:145][  0]LogConfig: Setting CVar [[r.SSS.Quality:1]]
[2024.03.16-14.41.12:145][  0]LogConfig: Setting CVar [[r.SSS.HalfRes:0]]
[2024.03.16-14.41.12:145][  0]LogConfig: Setting CVar [[r.SSGI.Quality:3]]
[2024.03.16-14.41.12:145][  0]LogConfig: Setting CVar [[r.EmitterSpawnRateScale:1.0]]
[2024.03.16-14.41.12:145][  0]LogConfig: Setting CVar [[r.ParticleLightQuality:2]]
[2024.03.16-14.41.12:145][  0]LogConfig: Setting CVar [[r.SkyAtmosphere.AerialPerspectiveLUT.FastApplyOnOpaque:1 ; Always have FastSkyLUT 1 in this case to avoid wrong sky]]
[2024.03.16-14.41.12:145][  0]LogConfig: Setting CVar [[r.SkyAtmosphere.AerialPerspectiveLUT.SampleCountMaxPerSlice:4]]
[2024.03.16-14.41.12:145][  0]LogConfig: Setting CVar [[r.SkyAtmosphere.AerialPerspectiveLUT.DepthResolution:16.0]]
[2024.03.16-14.41.12:145][  0]LogConfig: Setting CVar [[r.SkyAtmosphere.FastSkyLUT:1]]
[2024.03.16-14.41.12:145][  0]LogConfig: Setting CVar [[r.SkyAtmosphere.FastSkyLUT.SampleCountMin:4.0]]
[2024.03.16-14.41.12:145][  0]LogConfig: Setting CVar [[r.SkyAtmosphere.FastSkyLUT.SampleCountMax:128.0]]
[2024.03.16-14.41.12:145][  0]LogConfig: Setting CVar [[r.SkyAtmosphere.SampleCountMin:4.0]]
[2024.03.16-14.41.12:145][  0]LogConfig: Setting CVar [[r.SkyAtmosphere.SampleCountMax:128.0]]
[2024.03.16-14.41.12:145][  0]LogConfig: Setting CVar [[r.SkyAtmosphere.TransmittanceLUT.UseSmallFormat:0]]
[2024.03.16-14.41.12:145][  0]LogConfig: Setting CVar [[r.SkyAtmosphere.TransmittanceLUT.SampleCount:10.0]]
[2024.03.16-14.41.12:145][  0]LogConfig: Setting CVar [[r.SkyAtmosphere.MultiScatteringLUT.SampleCount:15.0]]
[2024.03.16-14.41.12:145][  0]LogConfig: Setting CVar [[r.SkyLight.RealTimeReflectionCapture:1]]
[2024.03.16-14.41.12:145][  0]LogConfig: Applying CVar settings from Section [FoliageQuality@3] File [D:/GitHub/NetShootRewrite/Saved/Config/Windows/Scalability.ini]
[2024.03.16-14.41.12:145][  0]LogConfig: Setting CVar [[foliage.DensityScale:1.0]]
[2024.03.16-14.41.12:145][  0]LogConfig: Setting CVar [[grass.DensityScale:1.0]]
[2024.03.16-14.41.12:145][  0]LogConfig: Applying CVar settings from Section [ShadingQuality@3] File [D:/GitHub/NetShootRewrite/Saved/Config/Windows/Scalability.ini]
[2024.03.16-14.41.12:145][  0]LogConfig: Setting CVar [[r.HairStrands.SkyLighting.IntegrationType:2]]
[2024.03.16-14.41.12:145][  0]LogConfig: Setting CVar [[r.HairStrands.SkyAO.SampleCount:4]]
[2024.03.16-14.41.12:145][  0]LogConfig: Setting CVar [[r.HairStrands.Visibility.MSAA.SamplePerPixel:4]]
[2024.03.16-14.41.12:145][  0]LogConfig: Applying CVar settings from Section [Startup] File [../../../Engine/Config/ConsoleVariables.ini]
[2024.03.16-14.41.12:146][  0]LogConfig: Setting CVar [[net.UseAdaptiveNetUpdateFrequency:0]]
[2024.03.16-14.41.12:146][  0]LogConfig: Setting CVar [[p.chaos.AllowCreatePhysxBodies:1]]
[2024.03.16-14.41.12:146][  0]LogConfig: Setting CVar [[fx.SkipVectorVMBackendOptimizations:1]]
[2024.03.16-14.41.12:146][  0]LogConfig: Applying CVar settings from Section [ConsoleVariables] File [D:/GitHub/NetShootRewrite/Saved/Config/Windows/Engine.ini]
[2024.03.16-14.41.12:146][  0]LogConfig: Applying CVar settings from Section [ConsoleVariables] File [D:/GitHub/NetShootRewrite/Saved/Config/Windows/Editor.ini]
[2024.03.16-14.41.12:146][  0]LogInit: Computer: DESKTOP-6POMQQ5
[2024.03.16-14.41.12:146][  0]LogInit: User: ZTT
[2024.03.16-14.41.12:146][  0]LogInit: CPU Page size=4096, Cores=6
[2024.03.16-14.41.12:146][  0]LogInit: High frequency timer resolution =10.000000 MHz
[2024.03.16-14.41.12:146][  0]LogMemory: Memory total: Physical=15.9GB (16GB approx)
[2024.03.16-14.41.12:146][  0]LogMemory: Platform Memory Stats for Windows
[2024.03.16-14.41.12:146][  0]LogMemory: Process Physical Memory: 142.30 MB used, 142.31 MB peak
[2024.03.16-14.41.12:146][  0]LogMemory: Process Virtual Memory: 112.43 MB used, 112.43 MB peak
[2024.03.16-14.41.12:146][  0]LogMemory: Physical Memory: 13928.57 MB used,  2384.73 MB free, 16313.30 MB total
[2024.03.16-14.41.12:146][  0]LogMemory: Virtual Memory: 134210512.00 MB used,  7216.55 MB free, 134217728.00 MB total
[2024.03.16-14.41.12:154][  0]LogWindows: WindowsPlatformFeatures enabled
[2024.03.16-14.41.12:244][  0]LogInit: Physics initialised using underlying interface: PhysX
[2024.03.16-14.41.12:246][  0]LogInit: Overriding language with editor language configuration option (zh-Hans).
[2024.03.16-14.41.12:246][  0]LogInit: Using OS detected locale (zh-CN).
[2024.03.16-14.41.12:400][  0]LogTextLocalizationResource: LocRes '../../../Engine/Content/Localization/Editor/zh/Editor.locres' could not be opened for reading!
[2024.03.16-14.41.12:400][  0]LogTextLocalizationResource: LocRes '../../../Engine/Content/Localization/EditorTutorials/zh/EditorTutorials.locres' could not be opened for reading!
[2024.03.16-14.41.12:400][  0]LogTextLocalizationResource: LocRes '../../../Engine/Content/Localization/Keywords/zh/Keywords.locres' could not be opened for reading!
[2024.03.16-14.41.12:401][  0]LogTextLocalizationResource: LocRes '../../../Engine/Content/Localization/Category/zh/Category.locres' could not be opened for reading!
[2024.03.16-14.41.12:401][  0]LogTextLocalizationResource: LocRes '../../../Engine/Content/Localization/ToolTips/zh/ToolTips.locres' could not be opened for reading!
[2024.03.16-14.41.12:401][  0]LogTextLocalizationResource: LocRes '../../../Engine/Content/Localization/Engine/zh/Engine.locres' could not be opened for reading!
[2024.03.16-14.41.12:401][  0]LogTextLocalizationResource: LocRes '../../../Engine/Plugins/Online/OnlineSubsystem/Content/Localization/OnlineSubsystem/zh/OnlineSubsystem.locres' could not be opened for reading!
[2024.03.16-14.41.12:401][  0]LogTextLocalizationResource: LocRes '../../../Engine/Plugins/Online/OnlineSubsystemUtils/Content/Localization/OnlineSubsystemUtils/zh/OnlineSubsystemUtils.locres' could not be opened for reading!
[2024.03.16-14.41.12:402][  0]LogTextLocalizationResource: LocRes '../../../Engine/Plugins/Online/Android/OnlineSubsystemGooglePlay/Content/Localization/OnlineSubsystemGooglePlay/zh/OnlineSubsystemGooglePlay.locres' could not be opened for reading!
[2024.03.16-14.41.12:402][  0]LogTextLocalizationResource: LocRes '../../../Engine/Plugins/Online/IOS/OnlineSubsystemIOS/Content/Localization/OnlineSubsystemIOS/zh/OnlineSubsystemIOS.locres' could not be opened for reading!
[2024.03.16-14.41.12:437][  0]LogInit: Setting process to per monitor DPI aware
[2024.03.16-14.41.12:460][  0]LogWindowsTextInputMethodSystem: Display: IME system deactivated.
[2024.03.16-14.41.12:493][  0]LogSlate: New Slate User Created.  User Index 0, Is Virtual User: 0
[2024.03.16-14.41.12:493][  0]LogSlate: Slate User Registered.  User Index 0, Is Virtual User: 0
[2024.03.16-14.41.12:944][  0]LogD3D11RHI: Loaded GFSDK_Aftermath_Lib.x64.dll
[2024.03.16-14.41.12:950][  0]LogHMD: Failed to initialize OpenVR with code 110
[2024.03.16-14.41.12:950][  0]LogD3D11RHI: D3D11 min allowed feature level: 11_0
[2024.03.16-14.41.12:950][  0]LogD3D11RHI: D3D11 max allowed feature level: 11_0
[2024.03.16-14.41.12:950][  0]LogD3D11RHI: D3D11 adapters:
[2024.03.16-14.41.13:204][  0]LogD3D11RHI:    0. 'NVIDIA GeForce GTX 1660 Ti' (Feature Level 11_0)
[2024.03.16-14.41.13:204][  0]LogD3D11RHI:       5979/0/8156 MB DedicatedVideo/DedicatedSystem/SharedSystem, Outputs:1, VendorId:0x10de
[2024.03.16-14.41.13:209][  0]LogD3D11RHI:    1. 'Microsoft Basic Render Driver' (Feature Level 11_0)
[2024.03.16-14.41.13:210][  0]LogD3D11RHI:       0/0/8156 MB DedicatedVideo/DedicatedSystem/SharedSystem, Outputs:0, VendorId:0x1414
[2024.03.16-14.41.13:332][  0]LogD3D11RHI:    2. 'NVIDIA GeForce GTX 1660 Ti' (Feature Level 11_0)
[2024.03.16-14.41.13:332][  0]LogD3D11RHI:       5979/0/8156 MB DedicatedVideo/DedicatedSystem/SharedSystem, Outputs:0, VendorId:0x10de
[2024.03.16-14.41.13:332][  0]LogD3D11RHI: Chosen D3D11 Adapter:
[2024.03.16-14.41.13:332][  0]LogD3D11RHI:     Description : NVIDIA GeForce GTX 1660 Ti
[2024.03.16-14.41.13:332][  0]LogD3D11RHI:     VendorId    : 10de
[2024.03.16-14.41.13:332][  0]LogD3D11RHI:     DeviceId    : 2182
[2024.03.16-14.41.13:332][  0]LogD3D11RHI:     SubSysId    : 3fbe1458
[2024.03.16-14.41.13:332][  0]LogD3D11RHI:     Revision    : 00a1
[2024.03.16-14.41.13:332][  0]LogD3D11RHI:     DedicatedVideoMemory : 6269435904 bytes
[2024.03.16-14.41.13:332][  0]LogD3D11RHI:     DedicatedSystemMemory : 0 bytes
[2024.03.16-14.41.13:332][  0]LogD3D11RHI:     SharedSystemMemory : 8552867840 bytes
[2024.03.16-14.41.13:332][  0]LogD3D11RHI:     AdapterLuid : 0 50778
[2024.03.16-14.41.13:341][  0]LogD3D11RHI: Creating new Direct3DDevice
[2024.03.16-14.41.13:341][  0]LogD3D11RHI:     GPU DeviceId: 0x2182 (for the marketing name, search the web for "GPU Device Id")
[2024.03.16-14.41.13:341][  0]LogWindows: EnumDisplayDevices:
[2024.03.16-14.41.13:341][  0]LogWindows:    0. 'NVIDIA GeForce GTX 1660 Ti' (P:1 D:1)
[2024.03.16-14.41.13:341][  0]LogWindows:    1. 'NVIDIA GeForce GTX 1660 Ti' (P:0 D:0)
[2024.03.16-14.41.13:342][  0]LogWindows:    2. 'NVIDIA GeForce GTX 1660 Ti' (P:0 D:0)
[2024.03.16-14.41.13:342][  0]LogWindows:    3. 'NVIDIA GeForce GTX 1660 Ti' (P:0 D:0)
[2024.03.16-14.41.13:343][  0]LogWindows:    4. 'OrayIddDriver Device' (P:0 D:0)
[2024.03.16-14.41.13:344][  0]LogWindows:    5. 'OrayIddDriver Device' (P:0 D:0)
[2024.03.16-14.41.13:344][  0]LogWindows:    6. 'OrayIddDriver Device' (P:0 D:0)
[2024.03.16-14.41.13:345][  0]LogWindows:    7. 'OrayIddDriver Device' (P:0 D:0)
[2024.03.16-14.41.13:345][  0]LogWindows:    8. 'OrayIddDriver Device' (P:0 D:0)
[2024.03.16-14.41.13:346][  0]LogWindows: DebugString: GetVideoDriverDetailsInvalid PrimaryIsNotTheChoosenAdapter GetVideoDriverDetailsInvalid PrimaryIsNotTheChoosenAdapter GetVideoDriverDetailsInvalid PrimaryIsNotTheChoosenAdapter GetVideoDriverDetailsInvalid PrimaryIsNotTheChoosenAdapter GetVideoDriverDetailsInvalid PrimaryIsNotTheChoosenAdapter FoundDriverCount:4 
[2024.03.16-14.41.13:346][  0]LogD3D11RHI:     Adapter Name: NVIDIA GeForce GTX 1660 Ti
[2024.03.16-14.41.13:346][  0]LogD3D11RHI:   Driver Version: 536.23 (internal:31.0.15.3623, unified:536.23)
[2024.03.16-14.41.13:346][  0]LogD3D11RHI:      Driver Date: 6-8-2023
[2024.03.16-14.41.13:346][  0]LogRHI: Texture pool is 4185 MB (70% of 5979 MB)
[2024.03.16-14.41.13:346][  0]LogD3D11RHI: Creating D3DDevice using adapter:
[2024.03.16-14.41.13:346][  0]LogD3D11RHI:     Description : NVIDIA GeForce GTX 1660 Ti
[2024.03.16-14.41.13:346][  0]LogD3D11RHI:     VendorId    : 10de
[2024.03.16-14.41.13:346][  0]LogD3D11RHI:     DeviceId    : 2182
[2024.03.16-14.41.13:346][  0]LogD3D11RHI:     SubSysId    : 3fbe1458
[2024.03.16-14.41.13:346][  0]LogD3D11RHI:     Revision    : 00a1
[2024.03.16-14.41.13:346][  0]LogD3D11RHI:     DedicatedVideoMemory : 6269435904 bytes
[2024.03.16-14.41.13:346][  0]LogD3D11RHI:     DedicatedSystemMemory : 0 bytes
[2024.03.16-14.41.13:346][  0]LogD3D11RHI:     SharedSystemMemory : 8552867840 bytes
[2024.03.16-14.41.13:346][  0]LogD3D11RHI:     AdapterLuid : 0 50778
[2024.03.16-14.41.13:472][  0]LogD3D11RHI: RHI has support for 64 bit atomics
[2024.03.16-14.41.13:473][  0]LogD3D11RHI: Async texture creation enabled
[2024.03.16-14.41.13:473][  0]LogD3D11RHI: Array index from any shader is supported
[2024.03.16-14.41.13:478][  0]LogD3D11RHI: HDR output is supported on display 0 (NvId: 0x80061086).
[2024.03.16-14.41.13:507][  0]LogD3D11RHI: GPU Timing Frequency: 1000.000000 (Debug: 2 1)
[2024.03.16-14.41.13:599][  0]LogRHI: GeForceNow SDK initialized: 1
[2024.03.16-14.41.13:925][  0]LogTargetPlatformManager: Display: Loaded TargetPlatform 'AllDesktop'
[2024.03.16-14.41.13:949][  0]LogTargetPlatformManager: Display: Loaded TargetPlatform 'Android'
[2024.03.16-14.41.13:949][  0]LogTargetPlatformManager: Display: Loaded TargetPlatform 'Android_ASTC'
[2024.03.16-14.41.13:949][  0]LogTargetPlatformManager: Display: Loaded TargetPlatform 'Android_DXT'
[2024.03.16-14.41.13:949][  0]LogTargetPlatformManager: Display: Loaded TargetPlatform 'Android_ETC2'
[2024.03.16-14.41.13:949][  0]LogTargetPlatformManager: Display: Loaded TargetPlatform 'AndroidClient'
[2024.03.16-14.41.13:949][  0]LogTargetPlatformManager: Display: Loaded TargetPlatform 'Android_ASTCClient'
[2024.03.16-14.41.13:949][  0]LogTargetPlatformManager: Display: Loaded TargetPlatform 'Android_DXTClient'
[2024.03.16-14.41.13:949][  0]LogTargetPlatformManager: Display: Loaded TargetPlatform 'Android_ETC2Client'
[2024.03.16-14.41.13:949][  0]LogTargetPlatformManager: Display: Loaded TargetPlatform 'Android_Multi'
[2024.03.16-14.41.13:949][  0]LogTargetPlatformManager: Display: Loaded TargetPlatform 'Android_MultiClient'
[2024.03.16-14.41.13:973][  0]LogTargetPlatformManager: Display: Loaded TargetPlatform 'IOSClient'
[2024.03.16-14.41.13:973][  0]LogTargetPlatformManager: Display: Loaded TargetPlatform 'IOS'
[2024.03.16-14.41.14:004][  0]LogTargetPlatformManager: Display: Loaded TargetPlatform 'Lumin'
[2024.03.16-14.41.14:004][  0]LogTargetPlatformManager: Display: Loaded TargetPlatform 'LuminClient'
[2024.03.16-14.41.14:015][  0]LogTargetPlatformManager: Display: Loaded TargetPlatform 'MacNoEditor'
[2024.03.16-14.41.14:022][  0]LogTargetPlatformManager: Display: Loaded TargetPlatform 'Mac'
[2024.03.16-14.41.14:028][  0]LogTargetPlatformManager: Display: Loaded TargetPlatform 'MacClient'
[2024.03.16-14.41.14:034][  0]LogTargetPlatformManager: Display: Loaded TargetPlatform 'MacServer'
[2024.03.16-14.41.14:048][  0]LogTargetPlatformManager: Display: Loaded TargetPlatform 'TVOSClient'
[2024.03.16-14.41.14:048][  0]LogTargetPlatformManager: Display: Loaded TargetPlatform 'TVOS'
[2024.03.16-14.41.14:061][  0]LogTargetPlatformManager: Display: Loaded TargetPlatform 'WindowsNoEditor'
[2024.03.16-14.41.14:068][  0]LogTargetPlatformManager: Display: Loaded TargetPlatform 'Windows'
[2024.03.16-14.41.14:077][  0]LogTargetPlatformManager: Display: Loaded TargetPlatform 'WindowsClient'
[2024.03.16-14.41.14:084][  0]LogTargetPlatformManager: Display: Loaded TargetPlatform 'WindowsServer'
[2024.03.16-14.41.14:084][  0]LogTargetPlatformManager: Display: Building Assets For Windows
[2024.03.16-14.41.14:100][  0]LogAudioDebug: Display: Lib vorbis DLL was dynamically loaded.
[2024.03.16-14.41.14:177][  0]LogTextureFormatOodle: Display: Oodle Texture 2.9.0 init RDO Off
[2024.03.16-14.41.14:271][  0]LogRendererCore: Ray tracing is disabled. Reason: r.RayTracing=0.
[2024.03.16-14.41.14:272][  0]LogShaderCompilers: Guid format shader working directory is 18 characters bigger than the processId version (D:/GitHub/NetShootRewrite/Intermediate/Shaders/WorkingDirectory/24736/).
[2024.03.16-14.41.14:272][  0]LogShaderCompilers: Cleaned the shader compiler working directory 'C:/Users/ZTT/AppData/Local/Temp/UnrealShaderWorkingDir/D04A70BA46E65A3964CC25A742903CA9/'.
[2024.03.16-14.41.14:274][  0]LogShaderCompilers: Display: Using XGE Controller for Shader Compilation.
[2024.03.16-14.41.15:199][  0]LogDerivedDataCache: Display: Max Cache Size: 512 MB
[2024.03.16-14.41.17:088][  0]LogDerivedDataCache: Loaded boot cache 1.88s 99MB D:/GitHub/NetShootRewrite/DerivedDataCache/Boot.ddc.
[2024.03.16-14.41.17:088][  0]LogDerivedDataCache: Display: Loaded Boot cache: D:/GitHub/NetShootRewrite/DerivedDataCache/Boot.ddc
[2024.03.16-14.41.17:088][  0]LogDerivedDataCache: FDerivedDataBackendGraph:  Pak pak cache file D:/GitHub/NetShootRewrite/DerivedDataCache/DDC.ddp not found, will not use a pak cache.
[2024.03.16-14.41.17:088][  0]LogDerivedDataCache: Unable to find inner node Pak for hierarchical cache Hierarchy.
[2024.03.16-14.41.17:089][  0]LogDerivedDataCache: FDerivedDataBackendGraph:  EnginePak pak cache file ../../../Engine/DerivedDataCache/DDC.ddp not found, will not use a pak cache.
[2024.03.16-14.41.17:089][  0]LogDerivedDataCache: Unable to find inner node EnginePak for hierarchical cache Hierarchy.
[2024.03.16-14.41.17:107][  0]LogDerivedDataCache: Speed tests for ../../../Engine/DerivedDataCache took 0.02 seconds
[2024.03.16-14.41.17:107][  0]LogDerivedDataCache: Display: Performance to ../../../Engine/DerivedDataCache: Latency=0.18ms. RandomReadSpeed=138.22MBs, RandomWriteSpeed=102.76MBs. Assigned SpeedClass 'Local'
[2024.03.16-14.41.17:108][  0]LogDerivedDataCache: Using Local data cache path ../../../Engine/DerivedDataCache: Writable
[2024.03.16-14.41.17:108][  0]LogDerivedDataCache: Shared data cache path not found in *engine.ini, will not use an Shared cache.
[2024.03.16-14.41.17:108][  0]LogDerivedDataCache: Unable to find inner node Shared for hierarchical cache Hierarchy.
[2024.03.16-14.41.17:174][  0]LogSlate: Using FreeType 2.10.0
[2024.03.16-14.41.17:177][  0]LogSlate: SlateFontServices - WITH_FREETYPE: 1, WITH_HARFBUZZ: 1
[2024.03.16-14.41.17:229][  0]LogAssetRegistry: FAssetRegistry took 0.0039 seconds to start up
[2024.03.16-14.41.17:598][  0]LogInit: Selected Device Profile: [Windows]
[2024.03.16-14.41.17:598][  0]LogInit: Active device profile: [00000195258C9300][0000019523E2B500 49] Windows
[2024.03.16-14.41.17:598][  0]LogInit: Profiles: [00000195258C9300][0000019523E2B500 49] Windows, [0000019525897400][000001952563B680 49] WindowsNoEditor, [00000195258CA400][000001952563F800 49] WindowsServer, [0000019525895F00][0000019525643980 49] WindowsClient, [00000195258CB300][0000019525637AC0 49] IOS, [0000019525895200][0000019525647C00 49] iPadAir, [00000195258CBE00][000001952564A1C0 49] iPadAir2, [000001952584A100][0000019525656440 49] IPadPro, [000001952584A200][000001952564E480 49] iPadAir3, [0000019525895B00][000001952565A600 49] iPadAir4, [000001952584B100][000001952565E780 49] iPadMini2, [0000019525897700][0000019525662900 49] iPadMini3, [000001952584BD00][0000019525666A80 49] iPadMini4, [0000019525896800][000001952566AC00 49] iPadMini5, [0000019525891A00][0000019525672EC0 49] iPhone6, [0000019525891B00][000001952566EF00 49] iPodTouch6, [00000195258CAF00][000001952567B1C0 49] iPhone7, [00000195258CB000][0000019525677200 49] iPodTouch7, [0000019525849C00][000001952567F380 49] iPhone5S, [00000195258C9100][0000019525683500 49] iPhone6Plus, [0000019525849800][0000019525687680 49] iPhone6S, [00000195258C8400][000001952568B800 49] iPhone6SPlus, [0000019525848E00][000001952568F980 49] iPhone7Plus, [00000195258C9700][0000019525693B00 49] iPhoneSE, [0000019525848A00][0000019525696100 49] iPhone8, [00000195258C8800][0000019525652240 49] iPhone8Plus, [0000019525849A00][000001952569A380 49] iPhoneX, [00000195258CBD00][000001952569E4C0 49] iPhoneXS, [0000019525890200][00000195256A6640 49] iPhoneXSMax, [0000019525848D00][00000195256AA7C0 49] iPhoneXR, [0000019525890C00][00000195256AE940 49] iPhone11, [000001952584AE00][00000195256B2AC0 49] iPhone11Pro, [0000019525891500][00000195256B6C40 49] iPhone11ProMax, [000001952584BA00][00000195256BADC0 49] iPhoneSE2, [0000019525890400][00000195256BEF40 49] iPhone12Mini, [0000019525849200][00000195256C30C0 49] iPhone12, [0000019525893C00][00000195256C7240 49] iPhone12Pro, [000001952584A000][00000195256CB3C0 49] iPhone12ProMax, [0000019525892C00][00000195256CF540 49] iPadPro105, [00000195258CA100][00000195256D36C0 49] iPadPro129, [0000019525891100][00000195256D7840 49] iPadPro97, [00000195258C9000][00000195256DB9C0 49] iPadPro2_129, [0000019525890D00][00000195256DFB40 49] iPad5, [00000195258C9D00][00000195256E2140 49] iPad6, [0000019525890600][00000195256E62C0 49] iPad7, [00000195258CAE00][00000195256A2400 49] iPad8, [0000019525893100][00000195256EA540 49] iPadPro11, [00000195258CAA00][00000195256EE680 49] iPadPro2_11, [0000019525890900][00000195256F27C0 49] iPadPro3_129, [00000195258C8500][00000195256FA940 49] iPadPro4_129, [0000019525892700][00000195256FEAC0 49] AppleTV, [00000195258C8100][0000019525702C40 49] AppleTV4K, [0000019525891F00][0000019525706DC0 49] TVOS, [00000195258CB100][000001952570AF40 49] Mac, [0000019525893800][000001952570F0C0 49] MacClient, [00000195258C9F00][0000019525713240 49] MacNoEditor, [0000019525893500][00000195257173C0 49] MacServer, [00000195258C8E00][000001952571B540 49] Linux, [0000019525892E00][000001952571F6C0 49] LinuxAArch64, [00000195258CB800][0000019525723840 49] LinuxNoEditor, [0000019525890500][00000195257279C0 49] LinuxAArch64NoEditor, [00000195258C8F00][000001952572BB40 49] LinuxClient, [0000019525891400][000001952572E140 49] LinuxAArch64Client, [00000195258CB500][00000195257322C0 49] LinuxServer, [0000019525892A00][0000019525736440 49] LinuxAArch64Server, [00000195258CB600][00000195256F6580 49] Android, [0000019525892800][000001952573A6C0 49] Android_Low, [00000195258C8D00][000001952573E800 49] Android_Mid, [0000019525890100][0000019525742940 49] Android_High, [00000195258C9900][000001952574AAC0 49] Android_Default, [0000019525893300][000001952574EC40 49] Android_Adreno4xx, [00000195258CB900][0000019525752DC0 49] Android_Adreno5xx_Low, [0000019525892F00][0000019525756F40 49] Android_Adreno5xx, [00000195258CA500][000001952575B0C0 49] Android_Adreno6xx, [0000019525893D00][000001952575F240 49] Android_Adreno6xx_Vulkan, [00000195258CBC00][00000195257633C0 49] Android_Mali_T6xx, [0000019525891E00][0000019525767540 49] Android_Mali_T7xx, [00000195258C8C00][000001952576B6C0 49] Android_Mali_T8xx, [0000019525893400][000001952576F840 49] Android_Mali_G71, [00000195258C9400][00000195257739C0 49] Android_Mali_G72, [0000019525890F00][0000019525777B40 49] Android_Mali_G72_Vulkan, [00000195258C9C00][000001952577A140 49] Android_Mali_G76, [0000019525893B00][000001952577E2C0 49] Android_Mali_G76_Vulkan, [00000195258C9E00][0000019525782440 49] Android_Mali_G77, [0000019525892B00][00000195257865C0 49] Android_Mali_G77_Vulkan, [00000195258CA000][000001952578A740 49] Android_Mali_G78, [0000019525892200][0000019525746880 49] Android_Mali_G78_Vulkan, [0000019525896B00][000001952578E9C0 49] Android_Mali_G710, [0000019525848800][0000019525792B00 49] Android_Mali_G710_Vulkan, [0000019525897B00][000001952579AC80 49] Android_Vulkan_SM5, [000001952584AB00][00000195267B0E00 49] Android_PowerVR_G6xxx, [0000019525894B00][00000195267B4F80 49] Android_PowerVR_GT7xxx, [0000019525848B00][00000195267B9100 49] Android_PowerVR_GE8xxx, [0000019525897000][00000195267BD280 49] Android_PowerVR_GM9xxx, [0000019525848500][00000195267C1400 49] Android_PowerVR_GM9xxx_Vulkan, [0000019525895A00][00000195267C5580 49] Android_TegraK1, [000001952584B400][00000195267C9700 49] Android_Unknown_Vulkan, [0000019525897200][00000195267CD880 49] Lumin, [000001952584A500][00000195267D1A00 49] Lumin_Desktop, [0000019525897D00][00000195267D5B80 49] HoloLens, 
[2024.03.16-14.41.17:807][  0]LogMeshReduction: Using QuadricMeshReduction for automatic static mesh reduction
[2024.03.16-14.41.17:807][  0]LogMeshReduction: Using SimplygonMeshReduction for automatic skeletal mesh reduction
[2024.03.16-14.41.17:807][  0]LogMeshReduction: Using ProxyLODMeshReduction for automatic mesh merging
[2024.03.16-14.41.17:807][  0]LogMeshReduction: No distributed automatic mesh merging module available
[2024.03.16-14.41.17:807][  0]LogMeshMerging: No distributed automatic mesh merging module available
[2024.03.16-14.41.17:857][  0]LogNetVersion: NetShootRewrite 1.0.0, NetCL: 0, EngineNetVer: 17, GameNetVer: 0 (Checksum: 1486698656)
[2024.03.16-14.41.18:793][  0]LogTexture: Default maximum texture size for cubemaps generated from long-lat sources has been changed from 512 to unlimited. In order to preserve old behaiour for '/Engine/MapTemplates/Sky/DaylightAmbientCubemap.DaylightAmbientCubemap', its maximum texture size has been explicitly set to 512.
[2024.03.16-14.41.18:900][  0]LogHMD: PokeAHoleMaterial loaded successfully
[2024.03.16-14.41.18:909][  0]LogUObjectArray: 17164 objects as part of root set at end of initial load.
[2024.03.16-14.41.18:909][  0]LogUObjectAllocator: 4298528 out of 0 bytes used by permanent object pool.
[2024.03.16-14.41.18:909][  0]LogUObjectArray: CloseDisregardForGC: 0/0 objects in disregard for GC pool
[2024.03.16-14.41.19:766][  0]LogNiagaraDebuggerClient: Niagara Debugger Client Initialized | Session: CEDA2C0E4658C2A43280588BB62EA498 | Instance: D550D6E147A1D898A6E0869904499644 (DESKTOP-6POMQQ5-24736).
[2024.03.16-14.41.20:061][  0]LogPython: Using Python 3.7.7
[2024.03.16-14.41.20:692][  0]LogUdpMessaging: Initializing bridge on interface 0.0.0.0:0 to multicast group 230.0.0.1:6666.
[2024.03.16-14.41.20:701][  0]LogTcpMessaging: Initializing TcpMessaging bridge
[2024.03.16-14.41.21:037][  0]SourceControl: 源码管理已禁用
[2024.03.16-14.41.21:037][  0]SourceControl: 源码管理已禁用
[2024.03.16-14.41.21:047][  0]SourceControl: 源码管理已禁用
[2024.03.16-14.41.21:059][  0]SourceControl: 源码管理已禁用
[2024.03.16-14.41.21:078][  0]SourceControl: 源码管理已禁用
[2024.03.16-14.41.21:086][  0]LogUProjectInfo: Found projects:
