Log file open, 03/19/24 14:17:33
LogWindows: Failed to load 'aqProf.dll' (GetLastError=126)
LogWindows: File 'aqProf.dll' does not exist
LogWindows: Failed to load 'VtuneApi.dll' (GetLastError=126)
LogWindows: File 'VtuneApi.dll' does not exist
LogWindows: Failed to load 'VtuneApi32e.dll' (GetLastError=126)
LogWindows: File 'VtuneApi32e.dll' does not exist
LogConsoleResponse: Display: Failed to find resolution value strings in scalability ini. Falling back to default.
LogConsoleResponse: Display: Failed to find resolution value strings in scalability ini. Falling back to default.
LogInit: Display: Running engine for game: NetShootRewrite
LogPlatformFile: Not using cached read wrapper
LogTaskGraph: Started task graph with 5 named threads and 35 total threads with 3 sets of task threads.
LogStats: Stats thread started at 0.140530
LogICUInternationalization: ICU TimeZone Detection - Raw Offset: +8:00, Platform Override: ''
LogInit: Display: Loading text-based GConfig....
LogPluginManager: Mounting plugin MeshPainting
LogPluginManager: Mounting plugin XGEController
LogPluginManager: Mounting plugin Paper2D
LogPluginManager: Mounting plugin AISupport
LogPluginManager: Mounting plugin CameraShakePreviewer
LogPluginManager: Mounting plugin LightPropagationVolume
LogPluginManager: Mounting plugin EnvironmentQueryEditor
LogPluginManager: Mounting plugin LiveLink
LogPluginManager: Mounting plugin GameplayCameras
LogPluginManager: Mounting plugin AlembicImporter
LogPluginManager: Mounting plugin AutomationUtils
LogPluginManager: Mounting plugin BackChannel
LogPluginManager: Mounting plugin ChaosCloth
LogPluginManager: Mounting plugin ChaosClothEditor
LogPluginManager: Mounting plugin ChaosEditor
LogPluginManager: Mounting plugin ChaosNiagara
LogPluginManager: Mounting plugin ChaosSolverPlugin
LogPluginManager: Mounting plugin CharacterAI
LogPluginManager: Mounting plugin AssetManagerEditor
LogPluginManager: Mounting plugin GeometryCache
LogPluginManager: Mounting plugin GeometryCollectionPlugin
LogPluginManager: Mounting plugin CryptoKeys
LogPluginManager: Mounting plugin CurveEditorTools
LogPluginManager: Mounting plugin DataValidation
LogPluginManager: Mounting plugin FacialAnimation
LogPluginManager: Mounting plugin GameplayTagsEditor
LogPluginManager: Mounting plugin GeometryMode
LogPluginManager: Mounting plugin MacGraphicsSwitching
LogPluginManager: Mounting plugin MaterialAnalyzer
LogPluginManager: Mounting plugin GeometryProcessing
LogPluginManager: Mounting plugin MobileLauncherProfileWizard
LogPluginManager: Mounting plugin PluginBrowser
LogPluginManager: Mounting plugin SpeedTreeImporter
LogPluginManager: Mounting plugin MotoSynth
LogPluginManager: Mounting plugin OpenImageDenoise
LogPluginManager: Mounting plugin PlanarCut
LogPluginManager: Mounting plugin PlatformCrypto
LogPluginManager: Mounting plugin ProxyLODPlugin
LogPluginManager: Mounting plugin PythonScriptPlugin
LogPluginManager: Mounting plugin SkeletalReduction
LogPluginManager: Mounting plugin OodleData
LogPluginManager: Mounting plugin OodleNetwork
LogPluginManager: Mounting plugin DatasmithContent
LogPluginManager: Mounting plugin AnimationSharing
LogPluginManager: Mounting plugin CLionSourceCodeAccess
LogPluginManager: Mounting plugin VariantManagerContent
LogPluginManager: Mounting plugin GitSourceControl
LogPluginManager: Mounting plugin KDevelopSourceCodeAccess
LogPluginManager: Mounting plugin CodeLiteSourceCodeAccess
LogPluginManager: Mounting plugin NullSourceCodeAccess
LogPluginManager: Mounting plugin PlasticSourceControl
LogPluginManager: Mounting plugin PixWinPlugin
LogPluginManager: Mounting plugin PluginUtils
LogPluginManager: Mounting plugin PropertyAccessNode
LogPluginManager: Mounting plugin SubversionSourceControl
LogPluginManager: Mounting plugin PerforceSourceControl
LogPluginManager: Mounting plugin RiderSourceCodeAccess
LogPluginManager: Mounting plugin TextureFormatOodle
LogPluginManager: Mounting plugin VisualStudioCodeSourceCodeAccess
LogPluginManager: Mounting plugin VisualStudioSourceCodeAccess
LogPluginManager: Mounting plugin XCodeSourceCodeAccess
LogPluginManager: Mounting plugin UObjectPlugin
LogPluginManager: Mounting plugin LuminPlatformFeatures
LogPluginManager: Mounting plugin MagicLeap
LogPluginManager: Mounting plugin MagicLeapLightEstimation
LogPluginManager: Mounting plugin MagicLeapMedia
LogPluginManager: Mounting plugin MagicLeapPassableWorld
LogPluginManager: Mounting plugin Niagara
LogPluginManager: Mounting plugin MLSDK
LogPluginManager: Mounting plugin AndroidMedia
LogPluginManager: Mounting plugin AvfMedia
LogPluginManager: Mounting plugin ImgMedia
LogPluginManager: Mounting plugin MediaCompositing
LogPluginManager: Mounting plugin MediaPlayerEditor
LogPluginManager: Mounting plugin WmfMedia
LogPluginManager: Mounting plugin WebMMedia
LogPluginManager: Mounting plugin ActorSequence
LogPluginManager: Mounting plugin UdpMessaging
LogPluginManager: Mounting plugin TcpMessaging
LogPluginManager: Mounting plugin MatineeToLevelSequence
LogPluginManager: Mounting plugin LevelSequenceEditor
LogPluginManager: Mounting plugin TemplateSequence
LogPluginManager: Mounting plugin OnlineSubsystem
LogPluginManager: Mounting plugin OnlineSubsystemNull
LogPluginManager: Mounting plugin OnlineSubsystemUtils
LogPluginManager: Mounting plugin LauncherChunkInstaller
LogPluginManager: Mounting plugin ActorLayerUtilities
LogPluginManager: Mounting plugin AndroidDeviceProfileSelector
LogPluginManager: Mounting plugin AndroidMoviePlayer
LogPluginManager: Mounting plugin AndroidPermission
LogPluginManager: Mounting plugin AppleMoviePlayer
LogPluginManager: Mounting plugin AppleImageUtils
LogPluginManager: Mounting plugin AssetTags
LogPluginManager: Mounting plugin ArchVisCharacter
LogPluginManager: Mounting plugin AudioCapture
LogPluginManager: Mounting plugin CableComponent
LogPluginManager: Mounting plugin AudioSynesthesia
LogPluginManager: Mounting plugin ChunkDownloader
LogPluginManager: Mounting plugin CustomMeshComponent
LogPluginManager: Mounting plugin EditableMesh
LogPluginManager: Mounting plugin ExampleDeviceProfileSelector
LogPluginManager: Mounting plugin GoogleCloudMessaging
LogPluginManager: Mounting plugin GooglePAD
LogPluginManager: Mounting plugin ScreenshotTools
LogPluginManager: Mounting plugin IOSDeviceProfileSelector
LogPluginManager: Mounting plugin LinuxDeviceProfileSelector
LogPluginManager: Mounting plugin LocationServicesBPLibrary
LogPluginManager: Mounting plugin MobilePatchingUtils
LogPluginManager: Mounting plugin OpenXREyeTracker
LogPluginManager: Mounting plugin OpenXR
LogPluginManager: Mounting plugin OpenXRHandTracking
LogPluginManager: Mounting plugin PhysXVehicles
LogPluginManager: Mounting plugin PropertyAccessEditor
LogPluginManager: Mounting plugin ProceduralMeshComponent
LogPluginManager: Mounting plugin PostSplashScreen
LogPluginManager: Mounting plugin RuntimePhysXCooking
LogPluginManager: Mounting plugin SignificanceManager
LogPluginManager: Mounting plugin SoundFields
LogPluginManager: Mounting plugin Synthesis
LogPluginManager: Mounting plugin WebMMoviePlayer
LogPluginManager: Mounting plugin WindowsMoviePlayer
LogPluginManager: Mounting plugin Takes
LogPluginManager: Mounting plugin ContentBrowserAssetDataSource
LogPluginManager: Mounting plugin ContentBrowserClassDataSource
LogPluginManager: Mounting plugin ContentBrowserFileDataSource
LogPluginManager: Mounting plugin RiderLink
LogPluginManager: Mounting plugin OnlineSubsystemIOS
LogPluginManager: Mounting plugin OnlineSubsystemGooglePlay
LogPluginManager: Mounting plugin OculusVR
LogPluginManager: Mounting plugin SteamVR
PixWinPlugin: PIX capture plugin failed to initialize! Check that the process is launched from PIX.
LogInit: Using libcurl 7.55.1-DEV
LogInit:  - built for x86_64-pc-win32
LogInit:  - supports SSL with OpenSSL/1.1.1
LogInit:  - supports HTTP deflate (compression) using libz 1.2.8
LogInit:  - other features:
LogInit:      CURL_VERSION_SSL
LogInit:      CURL_VERSION_LIBZ
LogInit:      CURL_VERSION_IPV6
LogInit:      CURL_VERSION_ASYNCHDNS
LogInit:      CURL_VERSION_LARGEFILE
LogInit:      CURL_VERSION_IDN
LogInit:  CurlRequestOptions (configurable via config and command line):
LogInit:  - bVerifyPeer = true  - Libcurl will verify peer certificate
LogInit:  - bUseHttpProxy = false  - Libcurl will NOT use HTTP proxy
LogInit:  - bDontReuseConnections = false  - Libcurl will reuse connections
LogInit:  - MaxHostConnections = 16  - Libcurl will limit the number of connections to a host
LogInit:  - LocalHostAddr = Default
LogInit:  - BufferSize = 65536
LogOnline: OSS: Creating online subsystem instance for: NULL
LogInit: WinSock: version 1.1 (2.2), MaxSocks=32767, MaxUdp=65467
LogOnline: OSS: TryLoadSubsystemAndSetDefault: Loaded subsystem for module [NULL]
LogOculusPluginWrapper: OculusPlugin initialized successfully
LogHMD: Failed initializing OVRPlugin 1.59.0
LogInit: Build: ++UE4+Release-4.27-CL-0
LogInit: Engine Version: 4.27.2-0+++UE4+Release-4.27
LogInit: Compatible Engine Version: 4.27.0-0+++UE4+Release-4.27
LogInit: Net CL: 0
LogInit: OS: Windows 10 (Release 2009) (), CPU: Intel(R) Core(TM) i7-8700 CPU @ 3.20GHz, GPU: NVIDIA GeForce GTX 1660 Ti
LogInit: Compiled (64-bit): Mar 12 2024 21:46:05
LogInit: Compiled with Visual C++: 19.39.33521.00
LogInit: Build Configuration: Development
LogInit: Branch Name: ++UE4+Release-4.27
LogInit: Command Line:  -skipcompile
LogInit: Base Directory: C:/Program Files (x86)/UE4.27/UnrealEngine-4.27/Engine/Binaries/Win64/
LogInit: Allocator: TBB
LogInit: Installed Engine Build: 0
LogDevObjectVersion: Number of dev versions registered: 29
LogDevObjectVersion:   Dev-Blueprints (B0D832E4-1F89-4F0D-ACCF-7EB736FD4AA2): 10
LogDevObjectVersion:   Dev-Build (E1C64328-A22C-4D53-A36C-8E866417BD8C): 0
LogDevObjectVersion:   Dev-Core (375EC13C-06E4-48FB-B500-84F0262A717E): 4
LogDevObjectVersion:   Dev-Editor (E4B068ED-F494-42E9-A231-DA0B2E46BB41): 40
LogDevObjectVersion:   Dev-Framework (CFFC743F-43B0-4480-9391-14DF171D2073): 37
LogDevObjectVersion:   Dev-Mobile (B02B49B5-BB20-44E9-A304-32B752E40360): 3
LogDevObjectVersion:   Dev-Networking (A4E4105C-59A1-49B5-A7C5-40C4547EDFEE): 0
LogDevObjectVersion:   Dev-Online (39C831C9-5AE6-47DC-9A44-9C173E1C8E7C): 0
LogDevObjectVersion:   Dev-Physics (78F01B33-EBEA-4F98-B9B4-84EACCB95AA2): 14
LogDevObjectVersion:   Dev-Platform (6631380F-2D4D-43E0-8009-CF276956A95A): 0
LogDevObjectVersion:   Dev-Rendering (12F88B9F-8875-4AFC-A67C-D90C383ABD29): 45
LogDevObjectVersion:   Dev-Sequencer (7B5AE74C-D270-4C10-A958-57980B212A5A): 13
LogDevObjectVersion:   Dev-VR (D7296918-1DD6-4BDD-9DE2-64A83CC13884): 3
LogDevObjectVersion:   Dev-LoadTimes (C2A15278-BFE7-4AFE-6C17-90FF531DF755): 1
LogDevObjectVersion:   Private-Geometry (6EACA3D4-40EC-4CC1-B786-8BED09428FC5): 3
LogDevObjectVersion:   Dev-AnimPhys (29E575DD-E0A3-4627-9D10-D276232CDCEA): 17
LogDevObjectVersion:   Dev-Anim (AF43A65D-7FD3-4947-9873-3E8ED9C1BB05): 15
LogDevObjectVersion:   Dev-ReflectionCapture (6B266CEC-1EC7-4B8F-A30B-E4D90942FC07): 1
LogDevObjectVersion:   Dev-Automation (0DF73D61-A23F-47EA-B727-89E90C41499A): 1
LogDevObjectVersion:   FortniteMain (601D1886-AC64-4F84-AA16-D3DE0DEAC7D6): 47
LogDevObjectVersion:   FortniteRelease (E7086368-6B23-4C58-8439-1B7016265E91): 1
LogDevObjectVersion:   Dev-Enterprise (9DFFBCD6-494F-0158-E221-12823C92A888): 10
LogDevObjectVersion:   Dev-Niagara (F2AED0AC-9AFE-416F-8664-AA7FFA26D6FC): 1
LogDevObjectVersion:   Dev-Destruction (174F1F0B-B4C6-45A5-B13F-2EE8D0FB917D): 10
LogDevObjectVersion:   Dev-Physics-Ext (35F94A83-E258-406C-A318-09F59610247C): 41
LogDevObjectVersion:   Dev-PhysicsMaterial-Chaos (B68FC16E-8B1B-42E2-B453-215C058844FE): 1
LogDevObjectVersion:   Dev-CineCamera (B2E18506-4273-CFC2-A54E-F4BB758BBA07): 1
LogDevObjectVersion:   Dev-VirtualProduction (64F58936-FD1B-42BA-BA96-7289D5D0FA4E): 1
LogDevObjectVersion:   Dev-MediaFramework (6F0ED827-A609-4895-9C91-998D90180EA4): 2
LogInit: Presizing for max 25165824 objects, including 0 objects not considered by GC, pre-allocating 0 bytes for permanent pool.
LogConfig: Applying CVar settings from Section [/Script/Engine.StreamingSettings] File [D:/GitHub/NetShootRewrite/Saved/Config/Windows/Engine.ini]
LogConfig: Setting CVar [[s.MinBulkDataSizeForAsyncLoading:131072]]
LogConfig: Setting CVar [[s.AsyncLoadingThreadEnabled:0]]
LogConfig: Setting CVar [[s.EventDrivenLoaderEnabled:1]]
LogConfig: Setting CVar [[s.WarnIfTimeLimitExceeded:0]]
LogConfig: Setting CVar [[s.TimeLimitExceededMultiplier:1.5]]
LogConfig: Setting CVar [[s.TimeLimitExceededMinTime:0.005]]
LogConfig: Setting CVar [[s.UseBackgroundLevelStreaming:1]]
LogConfig: Setting CVar [[s.PriorityAsyncLoadingExtraTime:15.0]]
LogConfig: Setting CVar [[s.LevelStreamingActorsUpdateTimeLimit:5.0]]
LogConfig: Setting CVar [[s.PriorityLevelStreamingActorsUpdateExtraTime:5.0]]
LogConfig: Setting CVar [[s.LevelStreamingComponentsRegistrationGranularity:10]]
LogConfig: Setting CVar [[s.UnregisterComponentsTimeLimit:1.0]]
LogConfig: Setting CVar [[s.LevelStreamingComponentsUnregistrationGranularity:5]]
LogConfig: Setting CVar [[s.FlushStreamingOnExit:1]]
LogInit: Object subsystem initialized
LogConfig: Setting CVar [[con.DebugEarlyDefault:1]]
LogConfig: Setting CVar [[r.setres:1280x720]]
[2024.03.19-06.17.34:099][  0]LogConfig: Setting CVar [[r.VSync:0]]
[2024.03.19-06.17.34:099][  0]LogConfig: Setting CVar [[r.RHICmdBypass:0]]
[2024.03.19-06.17.34:099][  0]LogConfig: Applying CVar settings from Section [/Script/Engine.RendererSettings] File [D:/GitHub/NetShootRewrite/Saved/Config/Windows/Engine.ini]
[2024.03.19-06.17.34:099][  0]LogConfig: Setting CVar [[r.GPUCrashDebugging:0]]
[2024.03.19-06.17.34:099][  0]LogConfig: Applying CVar settings from Section [/Script/Engine.RendererOverrideSettings] File [D:/GitHub/NetShootRewrite/Saved/Config/Windows/Engine.ini]
[2024.03.19-06.17.34:099][  0]LogConfig: Applying CVar settings from Section [/Script/Engine.StreamingSettings] File [D:/GitHub/NetShootRewrite/Saved/Config/Windows/Engine.ini]
[2024.03.19-06.17.34:099][  0]LogConfig: Setting CVar [[s.MinBulkDataSizeForAsyncLoading:131072]]
[2024.03.19-06.17.34:099][  0]LogConfig: Setting CVar [[s.AsyncLoadingThreadEnabled:0]]
[2024.03.19-06.17.34:099][  0]LogConfig: Setting CVar [[s.EventDrivenLoaderEnabled:1]]
[2024.03.19-06.17.34:099][  0]LogConfig: Setting CVar [[s.WarnIfTimeLimitExceeded:0]]
[2024.03.19-06.17.34:099][  0]LogConfig: Setting CVar [[s.TimeLimitExceededMultiplier:1.5]]
[2024.03.19-06.17.34:099][  0]LogConfig: Setting CVar [[s.TimeLimitExceededMinTime:0.005]]
[2024.03.19-06.17.34:099][  0]LogConfig: Setting CVar [[s.UseBackgroundLevelStreaming:1]]
[2024.03.19-06.17.34:099][  0]LogConfig: Setting CVar [[s.PriorityAsyncLoadingExtraTime:15.0]]
[2024.03.19-06.17.34:099][  0]LogConfig: Setting CVar [[s.LevelStreamingActorsUpdateTimeLimit:5.0]]
[2024.03.19-06.17.34:099][  0]LogConfig: Setting CVar [[s.PriorityLevelStreamingActorsUpdateExtraTime:5.0]]
[2024.03.19-06.17.34:099][  0]LogConfig: Setting CVar [[s.LevelStreamingComponentsRegistrationGranularity:10]]
[2024.03.19-06.17.34:099][  0]LogConfig: Setting CVar [[s.UnregisterComponentsTimeLimit:1.0]]
[2024.03.19-06.17.34:099][  0]LogConfig: Setting CVar [[s.LevelStreamingComponentsUnregistrationGranularity:5]]
[2024.03.19-06.17.34:099][  0]LogConfig: Setting CVar [[s.FlushStreamingOnExit:1]]
[2024.03.19-06.17.34:099][  0]LogConfig: Applying CVar settings from Section [/Script/Engine.GarbageCollectionSettings] File [D:/GitHub/NetShootRewrite/Saved/Config/Windows/Engine.ini]
[2024.03.19-06.17.34:099][  0]LogConfig: Setting CVar [[gc.MaxObjectsNotConsideredByGC:1]]
[2024.03.19-06.17.34:099][  0]LogConfig: Setting CVar [[gc.SizeOfPermanentObjectPool:0]]
[2024.03.19-06.17.34:099][  0]LogConfig: Setting CVar [[gc.FlushStreamingOnGC:0]]
[2024.03.19-06.17.34:099][  0]LogConfig: Setting CVar [[gc.NumRetriesBeforeForcingGC:10]]
[2024.03.19-06.17.34:099][  0]LogConfig: Setting CVar [[gc.AllowParallelGC:1]]
[2024.03.19-06.17.34:099][  0]LogConfig: Setting CVar [[gc.TimeBetweenPurgingPendingKillObjects:61.1]]
[2024.03.19-06.17.34:099][  0]LogConfig: Setting CVar [[gc.MaxObjectsInEditor:25165824]]
[2024.03.19-06.17.34:099][  0]LogConfig: Setting CVar [[gc.IncrementalBeginDestroyEnabled:1]]
[2024.03.19-06.17.34:099][  0]LogConfig: Setting CVar [[gc.CreateGCClusters:1]]
[2024.03.19-06.17.34:099][  0]LogConfig: Setting CVar [[gc.MinGCClusterSize:5]]
[2024.03.19-06.17.34:099][  0]LogConfig: Setting CVar [[gc.ActorClusteringEnabled:0]]
[2024.03.19-06.17.34:099][  0]LogConfig: Setting CVar [[gc.BlueprintClusteringEnabled:0]]
[2024.03.19-06.17.34:099][  0]LogConfig: Setting CVar [[gc.UseDisregardForGCOnDedicatedServers:0]]
[2024.03.19-06.17.34:099][  0]LogConfig: Setting CVar [[gc.MultithreadedDestructionEnabled:1]]
[2024.03.19-06.17.34:099][  0]LogConfig: Applying CVar settings from Section [/Script/Engine.NetworkSettings] File [D:/GitHub/NetShootRewrite/Saved/Config/Windows/Engine.ini]
[2024.03.19-06.17.34:099][  0]LogConfig: Applying CVar settings from Section [/Script/UnrealEd.CookerSettings] File [D:/GitHub/NetShootRewrite/Saved/Config/Windows/Engine.ini]
[2024.03.19-06.17.34:142][  0]LogConfig: Applying CVar settings from Section [ViewDistanceQuality@3] File [D:/GitHub/NetShootRewrite/Saved/Config/Windows/Scalability.ini]
[2024.03.19-06.17.34:142][  0]LogConfig: Setting CVar [[r.SkeletalMeshLODBias:0]]
[2024.03.19-06.17.34:142][  0]LogConfig: Setting CVar [[r.ViewDistanceScale:1.0]]
[2024.03.19-06.17.34:142][  0]LogConfig: Applying CVar settings from Section [AntiAliasingQuality@3] File [D:/GitHub/NetShootRewrite/Saved/Config/Windows/Scalability.ini]
[2024.03.19-06.17.34:142][  0]LogConfig: Setting CVar [[r.PostProcessAAQuality:4]]
[2024.03.19-06.17.34:142][  0]LogConfig: Applying CVar settings from Section [ShadowQuality@3] File [D:/GitHub/NetShootRewrite/Saved/Config/Windows/Scalability.ini]
[2024.03.19-06.17.34:142][  0]LogConfig: Setting CVar [[r.LightFunctionQuality:1]]
[2024.03.19-06.17.34:142][  0]LogConfig: Setting CVar [[r.ShadowQuality:5]]
[2024.03.19-06.17.34:142][  0]LogConfig: Setting CVar [[r.Shadow.CSM.MaxCascades:10]]
[2024.03.19-06.17.34:142][  0]LogConfig: Setting CVar [[r.Shadow.MaxResolution:2048]]
[2024.03.19-06.17.34:142][  0]LogConfig: Setting CVar [[r.Shadow.MaxCSMResolution:2048]]
[2024.03.19-06.17.34:142][  0]LogConfig: Setting CVar [[r.Shadow.RadiusThreshold:0.01]]
[2024.03.19-06.17.34:142][  0]LogConfig: Setting CVar [[r.Shadow.DistanceScale:1.0]]
[2024.03.19-06.17.34:142][  0]LogConfig: Setting CVar [[r.Shadow.CSM.TransitionScale:1.0]]
[2024.03.19-06.17.34:142][  0]LogConfig: Setting CVar [[r.Shadow.PreShadowResolutionFactor:1.0]]
[2024.03.19-06.17.34:142][  0]LogConfig: Setting CVar [[r.DistanceFieldShadowing:1]]
[2024.03.19-06.17.34:142][  0]LogConfig: Setting CVar [[r.DistanceFieldAO:1]]
[2024.03.19-06.17.34:142][  0]LogConfig: Setting CVar [[r.AOQuality:2]]
[2024.03.19-06.17.34:142][  0]LogConfig: Setting CVar [[r.VolumetricFog:1]]
[2024.03.19-06.17.34:142][  0]LogConfig: Setting CVar [[r.VolumetricFog.GridPixelSize:8]]
[2024.03.19-06.17.34:142][  0]LogConfig: Setting CVar [[r.VolumetricFog.GridSizeZ:128]]
[2024.03.19-06.17.34:142][  0]LogConfig: Setting CVar [[r.VolumetricFog.HistoryMissSupersampleCount:4]]
[2024.03.19-06.17.34:142][  0]LogConfig: Setting CVar [[r.LightMaxDrawDistanceScale:1]]
[2024.03.19-06.17.34:142][  0]LogConfig: Setting CVar [[r.CapsuleShadows:1]]
[2024.03.19-06.17.34:142][  0]LogConfig: Applying CVar settings from Section [PostProcessQuality@3] File [D:/GitHub/NetShootRewrite/Saved/Config/Windows/Scalability.ini]
[2024.03.19-06.17.34:142][  0]LogConfig: Setting CVar [[r.MotionBlurQuality:4]]
[2024.03.19-06.17.34:142][  0]LogConfig: Setting CVar [[r.AmbientOcclusionMipLevelFactor:0.4]]
[2024.03.19-06.17.34:142][  0]LogConfig: Setting CVar [[r.AmbientOcclusionMaxQuality:100]]
[2024.03.19-06.17.34:142][  0]LogConfig: Setting CVar [[r.AmbientOcclusionLevels:-1]]
[2024.03.19-06.17.34:142][  0]LogConfig: Setting CVar [[r.AmbientOcclusionRadiusScale:1.0]]
[2024.03.19-06.17.34:143][  0]LogConfig: Setting CVar [[r.DepthOfFieldQuality:2]]
[2024.03.19-06.17.34:143][  0]LogConfig: Setting CVar [[r.RenderTargetPoolMin:400]]
[2024.03.19-06.17.34:143][  0]LogConfig: Setting CVar [[r.LensFlareQuality:2]]
[2024.03.19-06.17.34:143][  0]LogConfig: Setting CVar [[r.SceneColorFringeQuality:1]]
[2024.03.19-06.17.34:143][  0]LogConfig: Setting CVar [[r.EyeAdaptationQuality:2]]
[2024.03.19-06.17.34:143][  0]LogConfig: Setting CVar [[r.BloomQuality:5]]
[2024.03.19-06.17.34:143][  0]LogConfig: Setting CVar [[r.FastBlurThreshold:100]]
[2024.03.19-06.17.34:143][  0]LogConfig: Setting CVar [[r.Upscale.Quality:3]]
[2024.03.19-06.17.34:143][  0]LogConfig: Setting CVar [[r.Tonemapper.GrainQuantization:1]]
[2024.03.19-06.17.34:143][  0]LogConfig: Setting CVar [[r.LightShaftQuality:1]]
[2024.03.19-06.17.34:143][  0]LogConfig: Setting CVar [[r.Filter.SizeScale:1]]
[2024.03.19-06.17.34:143][  0]LogConfig: Setting CVar [[r.Tonemapper.Quality:5]]
[2024.03.19-06.17.34:143][  0]LogConfig: Setting CVar [[r.DOF.Gather.AccumulatorQuality:1        ; higher gathering accumulator quality]]
[2024.03.19-06.17.34:143][  0]LogConfig: Setting CVar [[r.DOF.Gather.PostfilterMethod:1          ; Median3x3 postfilering method]]
[2024.03.19-06.17.34:143][  0]LogConfig: Setting CVar [[r.DOF.Gather.EnableBokehSettings:0       ; no bokeh simulation when gathering]]
[2024.03.19-06.17.34:143][  0]LogConfig: Setting CVar [[r.DOF.Gather.RingCount:4                 ; medium number of samples when gathering]]
[2024.03.19-06.17.34:143][  0]LogConfig: Setting CVar [[r.DOF.Scatter.ForegroundCompositing:1    ; additive foreground scattering]]
[2024.03.19-06.17.34:143][  0]LogConfig: Setting CVar [[r.DOF.Scatter.BackgroundCompositing:2    ; additive background scattering]]
[2024.03.19-06.17.34:143][  0]LogConfig: Setting CVar [[r.DOF.Scatter.EnableBokehSettings:1      ; bokeh simulation when scattering]]
[2024.03.19-06.17.34:143][  0]LogConfig: Setting CVar [[r.DOF.Scatter.MaxSpriteRatio:0.1         ; only a maximum of 10% of scattered bokeh]]
[2024.03.19-06.17.34:143][  0]LogConfig: Setting CVar [[r.DOF.Recombine.Quality:1                ; cheap slight out of focus]]
[2024.03.19-06.17.34:143][  0]LogConfig: Setting CVar [[r.DOF.Recombine.EnableBokehSettings:0    ; no bokeh simulation on slight out of focus]]
[2024.03.19-06.17.34:143][  0]LogConfig: Setting CVar [[r.DOF.TemporalAAQuality:1                ; more stable temporal accumulation]]
[2024.03.19-06.17.34:143][  0]LogConfig: Setting CVar [[r.DOF.Kernel.MaxForegroundRadius:0.025]]
[2024.03.19-06.17.34:143][  0]LogConfig: Setting CVar [[r.DOF.Kernel.MaxBackgroundRadius:0.025]]
[2024.03.19-06.17.34:143][  0]LogConfig: Applying CVar settings from Section [TextureQuality@3] File [D:/GitHub/NetShootRewrite/Saved/Config/Windows/Scalability.ini]
[2024.03.19-06.17.34:143][  0]LogConfig: Setting CVar [[r.Streaming.MipBias:0]]
[2024.03.19-06.17.34:143][  0]LogConfig: Setting CVar [[r.Streaming.AmortizeCPUToGPUCopy:0]]
[2024.03.19-06.17.34:143][  0]LogConfig: Setting CVar [[r.Streaming.MaxNumTexturesToStreamPerFrame:0]]
[2024.03.19-06.17.34:143][  0]LogConfig: Setting CVar [[r.Streaming.Boost:1]]
[2024.03.19-06.17.34:143][  0]LogConfig: Setting CVar [[r.MaxAnisotropy:8]]
[2024.03.19-06.17.34:143][  0]LogConfig: Setting CVar [[r.VT.MaxAnisotropy:8]]
[2024.03.19-06.17.34:143][  0]LogConfig: Setting CVar [[r.Streaming.LimitPoolSizeToVRAM:0]]
[2024.03.19-06.17.34:143][  0]LogConfig: Setting CVar [[r.Streaming.PoolSize:1000]]
[2024.03.19-06.17.34:143][  0]LogConfig: Setting CVar [[r.Streaming.MaxEffectiveScreenSize:0]]
[2024.03.19-06.17.34:143][  0]LogConfig: Applying CVar settings from Section [EffectsQuality@3] File [D:/GitHub/NetShootRewrite/Saved/Config/Windows/Scalability.ini]
[2024.03.19-06.17.34:143][  0]LogConfig: Setting CVar [[r.TranslucencyLightingVolumeDim:64]]
[2024.03.19-06.17.34:143][  0]LogConfig: Setting CVar [[r.RefractionQuality:2]]
[2024.03.19-06.17.34:143][  0]LogConfig: Setting CVar [[r.SSR.Quality:3]]
[2024.03.19-06.17.34:143][  0]LogConfig: Setting CVar [[r.SSR.HalfResSceneColor:0]]
[2024.03.19-06.17.34:143][  0]LogConfig: Setting CVar [[r.SceneColorFormat:4]]
[2024.03.19-06.17.34:143][  0]LogConfig: Setting CVar [[r.DetailMode:2]]
[2024.03.19-06.17.34:143][  0]LogConfig: Setting CVar [[r.TranslucencyVolumeBlur:1]]
[2024.03.19-06.17.34:143][  0]LogConfig: Setting CVar [[r.MaterialQualityLevel:1 ; High quality]]
[2024.03.19-06.17.34:143][  0]LogConfig: Setting CVar [[r.AnisotropicMaterials:1]]
[2024.03.19-06.17.34:143][  0]LogConfig: Setting CVar [[r.SSS.Scale:1]]
[2024.03.19-06.17.34:143][  0]LogConfig: Setting CVar [[r.SSS.SampleSet:2]]
[2024.03.19-06.17.34:143][  0]LogConfig: Setting CVar [[r.SSS.Quality:1]]
[2024.03.19-06.17.34:143][  0]LogConfig: Setting CVar [[r.SSS.HalfRes:0]]
[2024.03.19-06.17.34:143][  0]LogConfig: Setting CVar [[r.SSGI.Quality:3]]
[2024.03.19-06.17.34:143][  0]LogConfig: Setting CVar [[r.EmitterSpawnRateScale:1.0]]
[2024.03.19-06.17.34:143][  0]LogConfig: Setting CVar [[r.ParticleLightQuality:2]]
[2024.03.19-06.17.34:143][  0]LogConfig: Setting CVar [[r.SkyAtmosphere.AerialPerspectiveLUT.FastApplyOnOpaque:1 ; Always have FastSkyLUT 1 in this case to avoid wrong sky]]
[2024.03.19-06.17.34:143][  0]LogConfig: Setting CVar [[r.SkyAtmosphere.AerialPerspectiveLUT.SampleCountMaxPerSlice:4]]
[2024.03.19-06.17.34:143][  0]LogConfig: Setting CVar [[r.SkyAtmosphere.AerialPerspectiveLUT.DepthResolution:16.0]]
[2024.03.19-06.17.34:143][  0]LogConfig: Setting CVar [[r.SkyAtmosphere.FastSkyLUT:1]]
[2024.03.19-06.17.34:143][  0]LogConfig: Setting CVar [[r.SkyAtmosphere.FastSkyLUT.SampleCountMin:4.0]]
[2024.03.19-06.17.34:143][  0]LogConfig: Setting CVar [[r.SkyAtmosphere.FastSkyLUT.SampleCountMax:128.0]]
[2024.03.19-06.17.34:143][  0]LogConfig: Setting CVar [[r.SkyAtmosphere.SampleCountMin:4.0]]
[2024.03.19-06.17.34:143][  0]LogConfig: Setting CVar [[r.SkyAtmosphere.SampleCountMax:128.0]]
[2024.03.19-06.17.34:143][  0]LogConfig: Setting CVar [[r.SkyAtmosphere.TransmittanceLUT.UseSmallFormat:0]]
[2024.03.19-06.17.34:143][  0]LogConfig: Setting CVar [[r.SkyAtmosphere.TransmittanceLUT.SampleCount:10.0]]
[2024.03.19-06.17.34:143][  0]LogConfig: Setting CVar [[r.SkyAtmosphere.MultiScatteringLUT.SampleCount:15.0]]
[2024.03.19-06.17.34:143][  0]LogConfig: Setting CVar [[r.SkyLight.RealTimeReflectionCapture:1]]
[2024.03.19-06.17.34:143][  0]LogConfig: Applying CVar settings from Section [FoliageQuality@3] File [D:/GitHub/NetShootRewrite/Saved/Config/Windows/Scalability.ini]
[2024.03.19-06.17.34:143][  0]LogConfig: Setting CVar [[foliage.DensityScale:1.0]]
[2024.03.19-06.17.34:143][  0]LogConfig: Setting CVar [[grass.DensityScale:1.0]]
[2024.03.19-06.17.34:143][  0]LogConfig: Applying CVar settings from Section [ShadingQuality@3] File [D:/GitHub/NetShootRewrite/Saved/Config/Windows/Scalability.ini]
[2024.03.19-06.17.34:143][  0]LogConfig: Setting CVar [[r.HairStrands.SkyLighting.IntegrationType:2]]
[2024.03.19-06.17.34:143][  0]LogConfig: Setting CVar [[r.HairStrands.SkyAO.SampleCount:4]]
[2024.03.19-06.17.34:143][  0]LogConfig: Setting CVar [[r.HairStrands.Visibility.MSAA.SamplePerPixel:4]]
[2024.03.19-06.17.34:143][  0]LogInit: Selected Device Profile: [Windows]
[2024.03.19-06.17.34:143][  0]LogInit: Applying CVar settings loaded from the selected device profile: [Windows]
[2024.03.19-06.17.34:143][  0]LogHAL: Display: Platform has ~ 16 GB [17105735680 / 17179869184 / 16], which maps to Larger [LargestMinGB=32, LargerMinGB=12, DefaultMinGB=8, SmallerMinGB=6, SmallestMinGB=0)
[2024.03.19-06.17.34:143][  0]LogInit: Going up to parent DeviceProfile []
[2024.03.19-06.17.34:143][  0]LogConfig: Applying CVar settings from Section [ViewDistanceQuality@3] File [D:/GitHub/NetShootRewrite/Saved/Config/Windows/Scalability.ini]
[2024.03.19-06.17.34:143][  0]LogConfig: Setting CVar [[r.SkeletalMeshLODBias:0]]
[2024.03.19-06.17.34:144][  0]LogConfig: Setting CVar [[r.ViewDistanceScale:1.0]]
[2024.03.19-06.17.34:144][  0]LogConfig: Applying CVar settings from Section [AntiAliasingQuality@3] File [D:/GitHub/NetShootRewrite/Saved/Config/Windows/Scalability.ini]
[2024.03.19-06.17.34:144][  0]LogConfig: Setting CVar [[r.PostProcessAAQuality:4]]
[2024.03.19-06.17.34:144][  0]LogConfig: Applying CVar settings from Section [ShadowQuality@3] File [D:/GitHub/NetShootRewrite/Saved/Config/Windows/Scalability.ini]
[2024.03.19-06.17.34:144][  0]LogConfig: Setting CVar [[r.LightFunctionQuality:1]]
[2024.03.19-06.17.34:144][  0]LogConfig: Setting CVar [[r.ShadowQuality:5]]
[2024.03.19-06.17.34:144][  0]LogConfig: Setting CVar [[r.Shadow.CSM.MaxCascades:10]]
[2024.03.19-06.17.34:144][  0]LogConfig: Setting CVar [[r.Shadow.MaxResolution:2048]]
[2024.03.19-06.17.34:144][  0]LogConfig: Setting CVar [[r.Shadow.MaxCSMResolution:2048]]
[2024.03.19-06.17.34:144][  0]LogConfig: Setting CVar [[r.Shadow.RadiusThreshold:0.01]]
[2024.03.19-06.17.34:144][  0]LogConfig: Setting CVar [[r.Shadow.DistanceScale:1.0]]
[2024.03.19-06.17.34:144][  0]LogConfig: Setting CVar [[r.Shadow.CSM.TransitionScale:1.0]]
[2024.03.19-06.17.34:144][  0]LogConfig: Setting CVar [[r.Shadow.PreShadowResolutionFactor:1.0]]
[2024.03.19-06.17.34:144][  0]LogConfig: Setting CVar [[r.DistanceFieldShadowing:1]]
[2024.03.19-06.17.34:144][  0]LogConfig: Setting CVar [[r.DistanceFieldAO:1]]
[2024.03.19-06.17.34:144][  0]LogConfig: Setting CVar [[r.AOQuality:2]]
[2024.03.19-06.17.34:144][  0]LogConfig: Setting CVar [[r.VolumetricFog:1]]
[2024.03.19-06.17.34:144][  0]LogConfig: Setting CVar [[r.VolumetricFog.GridPixelSize:8]]
[2024.03.19-06.17.34:144][  0]LogConfig: Setting CVar [[r.VolumetricFog.GridSizeZ:128]]
[2024.03.19-06.17.34:144][  0]LogConfig: Setting CVar [[r.VolumetricFog.HistoryMissSupersampleCount:4]]
[2024.03.19-06.17.34:144][  0]LogConfig: Setting CVar [[r.LightMaxDrawDistanceScale:1]]
[2024.03.19-06.17.34:144][  0]LogConfig: Setting CVar [[r.CapsuleShadows:1]]
[2024.03.19-06.17.34:144][  0]LogConfig: Applying CVar settings from Section [PostProcessQuality@3] File [D:/GitHub/NetShootRewrite/Saved/Config/Windows/Scalability.ini]
[2024.03.19-06.17.34:144][  0]LogConfig: Setting CVar [[r.MotionBlurQuality:4]]
[2024.03.19-06.17.34:144][  0]LogConfig: Setting CVar [[r.AmbientOcclusionMipLevelFactor:0.4]]
[2024.03.19-06.17.34:144][  0]LogConfig: Setting CVar [[r.AmbientOcclusionMaxQuality:100]]
[2024.03.19-06.17.34:144][  0]LogConfig: Setting CVar [[r.AmbientOcclusionLevels:-1]]
[2024.03.19-06.17.34:144][  0]LogConfig: Setting CVar [[r.AmbientOcclusionRadiusScale:1.0]]
[2024.03.19-06.17.34:144][  0]LogConfig: Setting CVar [[r.DepthOfFieldQuality:2]]
[2024.03.19-06.17.34:144][  0]LogConfig: Setting CVar [[r.RenderTargetPoolMin:400]]
[2024.03.19-06.17.34:144][  0]LogConfig: Setting CVar [[r.LensFlareQuality:2]]
[2024.03.19-06.17.34:144][  0]LogConfig: Setting CVar [[r.SceneColorFringeQuality:1]]
[2024.03.19-06.17.34:144][  0]LogConfig: Setting CVar [[r.EyeAdaptationQuality:2]]
[2024.03.19-06.17.34:144][  0]LogConfig: Setting CVar [[r.BloomQuality:5]]
[2024.03.19-06.17.34:144][  0]LogConfig: Setting CVar [[r.FastBlurThreshold:100]]
[2024.03.19-06.17.34:144][  0]LogConfig: Setting CVar [[r.Upscale.Quality:3]]
[2024.03.19-06.17.34:144][  0]LogConfig: Setting CVar [[r.Tonemapper.GrainQuantization:1]]
[2024.03.19-06.17.34:144][  0]LogConfig: Setting CVar [[r.LightShaftQuality:1]]
[2024.03.19-06.17.34:144][  0]LogConfig: Setting CVar [[r.Filter.SizeScale:1]]
[2024.03.19-06.17.34:144][  0]LogConfig: Setting CVar [[r.Tonemapper.Quality:5]]
[2024.03.19-06.17.34:144][  0]LogConfig: Setting CVar [[r.DOF.Gather.AccumulatorQuality:1        ; higher gathering accumulator quality]]
[2024.03.19-06.17.34:144][  0]LogConfig: Setting CVar [[r.DOF.Gather.PostfilterMethod:1          ; Median3x3 postfilering method]]
[2024.03.19-06.17.34:144][  0]LogConfig: Setting CVar [[r.DOF.Gather.EnableBokehSettings:0       ; no bokeh simulation when gathering]]
[2024.03.19-06.17.34:144][  0]LogConfig: Setting CVar [[r.DOF.Gather.RingCount:4                 ; medium number of samples when gathering]]
[2024.03.19-06.17.34:144][  0]LogConfig: Setting CVar [[r.DOF.Scatter.ForegroundCompositing:1    ; additive foreground scattering]]
[2024.03.19-06.17.34:144][  0]LogConfig: Setting CVar [[r.DOF.Scatter.BackgroundCompositing:2    ; additive background scattering]]
[2024.03.19-06.17.34:144][  0]LogConfig: Setting CVar [[r.DOF.Scatter.EnableBokehSettings:1      ; bokeh simulation when scattering]]
[2024.03.19-06.17.34:144][  0]LogConfig: Setting CVar [[r.DOF.Scatter.MaxSpriteRatio:0.1         ; only a maximum of 10% of scattered bokeh]]
[2024.03.19-06.17.34:144][  0]LogConfig: Setting CVar [[r.DOF.Recombine.Quality:1                ; cheap slight out of focus]]
[2024.03.19-06.17.34:144][  0]LogConfig: Setting CVar [[r.DOF.Recombine.EnableBokehSettings:0    ; no bokeh simulation on slight out of focus]]
[2024.03.19-06.17.34:144][  0]LogConfig: Setting CVar [[r.DOF.TemporalAAQuality:1                ; more stable temporal accumulation]]
[2024.03.19-06.17.34:144][  0]LogConfig: Setting CVar [[r.DOF.Kernel.MaxForegroundRadius:0.025]]
[2024.03.19-06.17.34:144][  0]LogConfig: Setting CVar [[r.DOF.Kernel.MaxBackgroundRadius:0.025]]
[2024.03.19-06.17.34:144][  0]LogConfig: Applying CVar settings from Section [TextureQuality@3] File [D:/GitHub/NetShootRewrite/Saved/Config/Windows/Scalability.ini]
[2024.03.19-06.17.34:144][  0]LogConfig: Setting CVar [[r.Streaming.MipBias:0]]
[2024.03.19-06.17.34:144][  0]LogConfig: Setting CVar [[r.Streaming.AmortizeCPUToGPUCopy:0]]
[2024.03.19-06.17.34:144][  0]LogConfig: Setting CVar [[r.Streaming.MaxNumTexturesToStreamPerFrame:0]]
[2024.03.19-06.17.34:144][  0]LogConfig: Setting CVar [[r.Streaming.Boost:1]]
[2024.03.19-06.17.34:144][  0]LogConfig: Setting CVar [[r.MaxAnisotropy:8]]
[2024.03.19-06.17.34:144][  0]LogConfig: Setting CVar [[r.VT.MaxAnisotropy:8]]
[2024.03.19-06.17.34:144][  0]LogConfig: Setting CVar [[r.Streaming.LimitPoolSizeToVRAM:0]]
[2024.03.19-06.17.34:144][  0]LogConfig: Setting CVar [[r.Streaming.PoolSize:1000]]
[2024.03.19-06.17.34:144][  0]LogConfig: Setting CVar [[r.Streaming.MaxEffectiveScreenSize:0]]
[2024.03.19-06.17.34:144][  0]LogConfig: Applying CVar settings from Section [EffectsQuality@3] File [D:/GitHub/NetShootRewrite/Saved/Config/Windows/Scalability.ini]
[2024.03.19-06.17.34:144][  0]LogConfig: Setting CVar [[r.TranslucencyLightingVolumeDim:64]]
[2024.03.19-06.17.34:144][  0]LogConfig: Setting CVar [[r.RefractionQuality:2]]
[2024.03.19-06.17.34:144][  0]LogConfig: Setting CVar [[r.SSR.Quality:3]]
[2024.03.19-06.17.34:144][  0]LogConfig: Setting CVar [[r.SSR.HalfResSceneColor:0]]
[2024.03.19-06.17.34:144][  0]LogConfig: Setting CVar [[r.SceneColorFormat:4]]
[2024.03.19-06.17.34:144][  0]LogConfig: Setting CVar [[r.DetailMode:2]]
[2024.03.19-06.17.34:144][  0]LogConfig: Setting CVar [[r.TranslucencyVolumeBlur:1]]
[2024.03.19-06.17.34:144][  0]LogConfig: Setting CVar [[r.MaterialQualityLevel:1 ; High quality]]
[2024.03.19-06.17.34:144][  0]LogConfig: Setting CVar [[r.AnisotropicMaterials:1]]
[2024.03.19-06.17.34:144][  0]LogConfig: Setting CVar [[r.SSS.Scale:1]]
[2024.03.19-06.17.34:144][  0]LogConfig: Setting CVar [[r.SSS.SampleSet:2]]
[2024.03.19-06.17.34:144][  0]LogConfig: Setting CVar [[r.SSS.Quality:1]]
[2024.03.19-06.17.34:144][  0]LogConfig: Setting CVar [[r.SSS.HalfRes:0]]
[2024.03.19-06.17.34:144][  0]LogConfig: Setting CVar [[r.SSGI.Quality:3]]
[2024.03.19-06.17.34:144][  0]LogConfig: Setting CVar [[r.EmitterSpawnRateScale:1.0]]
[2024.03.19-06.17.34:144][  0]LogConfig: Setting CVar [[r.ParticleLightQuality:2]]
[2024.03.19-06.17.34:144][  0]LogConfig: Setting CVar [[r.SkyAtmosphere.AerialPerspectiveLUT.FastApplyOnOpaque:1 ; Always have FastSkyLUT 1 in this case to avoid wrong sky]]
[2024.03.19-06.17.34:144][  0]LogConfig: Setting CVar [[r.SkyAtmosphere.AerialPerspectiveLUT.SampleCountMaxPerSlice:4]]
[2024.03.19-06.17.34:144][  0]LogConfig: Setting CVar [[r.SkyAtmosphere.AerialPerspectiveLUT.DepthResolution:16.0]]
[2024.03.19-06.17.34:144][  0]LogConfig: Setting CVar [[r.SkyAtmosphere.FastSkyLUT:1]]
[2024.03.19-06.17.34:144][  0]LogConfig: Setting CVar [[r.SkyAtmosphere.FastSkyLUT.SampleCountMin:4.0]]
[2024.03.19-06.17.34:144][  0]LogConfig: Setting CVar [[r.SkyAtmosphere.FastSkyLUT.SampleCountMax:128.0]]
[2024.03.19-06.17.34:144][  0]LogConfig: Setting CVar [[r.SkyAtmosphere.SampleCountMin:4.0]]
[2024.03.19-06.17.34:144][  0]LogConfig: Setting CVar [[r.SkyAtmosphere.SampleCountMax:128.0]]
[2024.03.19-06.17.34:145][  0]LogConfig: Setting CVar [[r.SkyAtmosphere.TransmittanceLUT.UseSmallFormat:0]]
[2024.03.19-06.17.34:145][  0]LogConfig: Setting CVar [[r.SkyAtmosphere.TransmittanceLUT.SampleCount:10.0]]
[2024.03.19-06.17.34:145][  0]LogConfig: Setting CVar [[r.SkyAtmosphere.MultiScatteringLUT.SampleCount:15.0]]
[2024.03.19-06.17.34:145][  0]LogConfig: Setting CVar [[r.SkyLight.RealTimeReflectionCapture:1]]
[2024.03.19-06.17.34:145][  0]LogConfig: Applying CVar settings from Section [FoliageQuality@3] File [D:/GitHub/NetShootRewrite/Saved/Config/Windows/Scalability.ini]
[2024.03.19-06.17.34:145][  0]LogConfig: Setting CVar [[foliage.DensityScale:1.0]]
[2024.03.19-06.17.34:145][  0]LogConfig: Setting CVar [[grass.DensityScale:1.0]]
[2024.03.19-06.17.34:145][  0]LogConfig: Applying CVar settings from Section [ShadingQuality@3] File [D:/GitHub/NetShootRewrite/Saved/Config/Windows/Scalability.ini]
[2024.03.19-06.17.34:145][  0]LogConfig: Setting CVar [[r.HairStrands.SkyLighting.IntegrationType:2]]
[2024.03.19-06.17.34:145][  0]LogConfig: Setting CVar [[r.HairStrands.SkyAO.SampleCount:4]]
[2024.03.19-06.17.34:145][  0]LogConfig: Setting CVar [[r.HairStrands.Visibility.MSAA.SamplePerPixel:4]]
[2024.03.19-06.17.34:145][  0]LogConfig: Applying CVar settings from Section [Startup] File [../../../Engine/Config/ConsoleVariables.ini]
[2024.03.19-06.17.34:145][  0]LogConfig: Setting CVar [[net.UseAdaptiveNetUpdateFrequency:0]]
[2024.03.19-06.17.34:145][  0]LogConfig: Setting CVar [[p.chaos.AllowCreatePhysxBodies:1]]
[2024.03.19-06.17.34:145][  0]LogConfig: Setting CVar [[fx.SkipVectorVMBackendOptimizations:1]]
[2024.03.19-06.17.34:145][  0]LogConfig: Applying CVar settings from Section [ConsoleVariables] File [D:/GitHub/NetShootRewrite/Saved/Config/Windows/Engine.ini]
[2024.03.19-06.17.34:145][  0]LogConfig: Applying CVar settings from Section [ConsoleVariables] File [D:/GitHub/NetShootRewrite/Saved/Config/Windows/Editor.ini]
[2024.03.19-06.17.34:145][  0]LogInit: Computer: DESKTOP-6POMQQ5
[2024.03.19-06.17.34:145][  0]LogInit: User: ZTT
[2024.03.19-06.17.34:145][  0]LogInit: CPU Page size=4096, Cores=6
[2024.03.19-06.17.34:145][  0]LogInit: High frequency timer resolution =10.000000 MHz
[2024.03.19-06.17.34:145][  0]LogMemory: Memory total: Physical=15.9GB (16GB approx)
[2024.03.19-06.17.34:145][  0]LogMemory: Platform Memory Stats for Windows
[2024.03.19-06.17.34:145][  0]LogMemory: Process Physical Memory: 144.04 MB used, 144.04 MB peak
[2024.03.19-06.17.34:145][  0]LogMemory: Process Virtual Memory: 112.35 MB used, 112.35 MB peak
[2024.03.19-06.17.34:145][  0]LogMemory: Physical Memory: 14192.55 MB used,  2120.75 MB free, 16313.30 MB total
[2024.03.19-06.17.34:145][  0]LogMemory: Virtual Memory: 134211128.00 MB used,  6599.70 MB free, 134217728.00 MB total
[2024.03.19-06.17.34:153][  0]LogWindows: WindowsPlatformFeatures enabled
[2024.03.19-06.17.34:183][  0]LogInit: Physics initialised using underlying interface: PhysX
[2024.03.19-06.17.34:185][  0]LogInit: Overriding language with editor language configuration option (zh-Hans).
[2024.03.19-06.17.34:185][  0]LogInit: Using OS detected locale (zh-CN).
[2024.03.19-06.17.34:327][  0]LogTextLocalizationResource: LocRes '../../../Engine/Content/Localization/Editor/zh/Editor.locres' could not be opened for reading!
[2024.03.19-06.17.34:327][  0]LogTextLocalizationResource: LocRes '../../../Engine/Content/Localization/EditorTutorials/zh/EditorTutorials.locres' could not be opened for reading!
[2024.03.19-06.17.34:328][  0]LogTextLocalizationResource: LocRes '../../../Engine/Content/Localization/Keywords/zh/Keywords.locres' could not be opened for reading!
[2024.03.19-06.17.34:328][  0]LogTextLocalizationResource: LocRes '../../../Engine/Content/Localization/Category/zh/Category.locres' could not be opened for reading!
[2024.03.19-06.17.34:328][  0]LogTextLocalizationResource: LocRes '../../../Engine/Content/Localization/ToolTips/zh/ToolTips.locres' could not be opened for reading!
[2024.03.19-06.17.34:328][  0]LogTextLocalizationResource: LocRes '../../../Engine/Content/Localization/PropertyNames/zh/PropertyNames.locres' could not be opened for reading!
[2024.03.19-06.17.34:328][  0]LogTextLocalizationResource: LocRes '../../../Engine/Content/Localization/Engine/zh/Engine.locres' could not be opened for reading!
[2024.03.19-06.17.34:329][  0]LogTextLocalizationResource: LocRes '../../../Engine/Plugins/Online/OnlineSubsystem/Content/Localization/OnlineSubsystem/zh/OnlineSubsystem.locres' could not be opened for reading!
[2024.03.19-06.17.34:329][  0]LogTextLocalizationResource: LocRes '../../../Engine/Plugins/Online/OnlineSubsystemUtils/Content/Localization/OnlineSubsystemUtils/zh/OnlineSubsystemUtils.locres' could not be opened for reading!
[2024.03.19-06.17.34:329][  0]LogTextLocalizationResource: LocRes '../../../Engine/Plugins/Online/IOS/OnlineSubsystemIOS/Content/Localization/OnlineSubsystemIOS/zh/OnlineSubsystemIOS.locres' could not be opened for reading!
[2024.03.19-06.17.34:329][  0]LogTextLocalizationResource: LocRes '../../../Engine/Plugins/Online/Android/OnlineSubsystemGooglePlay/Content/Localization/OnlineSubsystemGooglePlay/zh/OnlineSubsystemGooglePlay.locres' could not be opened for reading!
[2024.03.19-06.17.34:394][  0]LogInit: Setting process to per monitor DPI aware
[2024.03.19-06.17.34:494][  0]LogWindowsTextInputMethodSystem: Display: IME system deactivated.
[2024.03.19-06.17.34:506][  0]LogSlate: New Slate User Created.  User Index 0, Is Virtual User: 0
[2024.03.19-06.17.34:506][  0]LogSlate: Slate User Registered.  User Index 0, Is Virtual User: 0
[2024.03.19-06.17.34:709][  0]LogD3D11RHI: Loaded GFSDK_Aftermath_Lib.x64.dll
[2024.03.19-06.17.34:713][  0]LogHMD: Failed to initialize OpenVR with code 110
[2024.03.19-06.17.34:713][  0]LogD3D11RHI: D3D11 min allowed feature level: 11_0
[2024.03.19-06.17.34:713][  0]LogD3D11RHI: D3D11 max allowed feature level: 11_0
[2024.03.19-06.17.34:713][  0]LogD3D11RHI: D3D11 adapters:
[2024.03.19-06.17.34:905][  0]LogD3D11RHI:    0. 'NVIDIA GeForce GTX 1660 Ti' (Feature Level 11_0)
[2024.03.19-06.17.34:905][  0]LogD3D11RHI:       5979/0/8156 MB DedicatedVideo/DedicatedSystem/SharedSystem, Outputs:1, VendorId:0x10de
[2024.03.19-06.17.34:907][  0]LogD3D11RHI:    1. 'Microsoft Basic Render Driver' (Feature Level 11_0)
[2024.03.19-06.17.34:907][  0]LogD3D11RHI:       0/0/8156 MB DedicatedVideo/DedicatedSystem/SharedSystem, Outputs:0, VendorId:0x1414
[2024.03.19-06.17.35:008][  0]LogD3D11RHI:    2. 'NVIDIA GeForce GTX 1660 Ti' (Feature Level 11_0)
[2024.03.19-06.17.35:008][  0]LogD3D11RHI:       5979/0/8156 MB DedicatedVideo/DedicatedSystem/SharedSystem, Outputs:0, VendorId:0x10de
[2024.03.19-06.17.35:008][  0]LogD3D11RHI: Chosen D3D11 Adapter:
[2024.03.19-06.17.35:008][  0]LogD3D11RHI:     Description : NVIDIA GeForce GTX 1660 Ti
[2024.03.19-06.17.35:008][  0]LogD3D11RHI:     VendorId    : 10de
[2024.03.19-06.17.35:008][  0]LogD3D11RHI:     DeviceId    : 2182
[2024.03.19-06.17.35:008][  0]LogD3D11RHI:     SubSysId    : 3fbe1458
[2024.03.19-06.17.35:008][  0]LogD3D11RHI:     Revision    : 00a1
[2024.03.19-06.17.35:008][  0]LogD3D11RHI:     DedicatedVideoMemory : 6269435904 bytes
[2024.03.19-06.17.35:008][  0]LogD3D11RHI:     DedicatedSystemMemory : 0 bytes
[2024.03.19-06.17.35:008][  0]LogD3D11RHI:     SharedSystemMemory : 8552867840 bytes
[2024.03.19-06.17.35:008][  0]LogD3D11RHI:     AdapterLuid : 0 50784
[2024.03.19-06.17.35:013][  0]LogD3D11RHI: Creating new Direct3DDevice
[2024.03.19-06.17.35:013][  0]LogD3D11RHI:     GPU DeviceId: 0x2182 (for the marketing name, search the web for "GPU Device Id")
[2024.03.19-06.17.35:013][  0]LogWindows: EnumDisplayDevices:
[2024.03.19-06.17.35:014][  0]LogWindows:    0. 'NVIDIA GeForce GTX 1660 Ti' (P:1 D:1)
[2024.03.19-06.17.35:014][  0]LogWindows:    1. 'NVIDIA GeForce GTX 1660 Ti' (P:0 D:0)
[2024.03.19-06.17.35:015][  0]LogWindows:    2. 'NVIDIA GeForce GTX 1660 Ti' (P:0 D:0)
[2024.03.19-06.17.35:015][  0]LogWindows:    3. 'NVIDIA GeForce GTX 1660 Ti' (P:0 D:0)
[2024.03.19-06.17.35:016][  0]LogWindows:    4. 'OrayIddDriver Device' (P:0 D:0)
[2024.03.19-06.17.35:017][  0]LogWindows:    5. 'OrayIddDriver Device' (P:0 D:0)
[2024.03.19-06.17.35:017][  0]LogWindows:    6. 'OrayIddDriver Device' (P:0 D:0)
[2024.03.19-06.17.35:018][  0]LogWindows:    7. 'OrayIddDriver Device' (P:0 D:0)
[2024.03.19-06.17.35:018][  0]LogWindows:    8. 'OrayIddDriver Device' (P:0 D:0)
[2024.03.19-06.17.35:019][  0]LogWindows: DebugString: GetVideoDriverDetailsInvalid PrimaryIsNotTheChoosenAdapter GetVideoDriverDetailsInvalid PrimaryIsNotTheChoosenAdapter GetVideoDriverDetailsInvalid PrimaryIsNotTheChoosenAdapter GetVideoDriverDetailsInvalid PrimaryIsNotTheChoosenAdapter GetVideoDriverDetailsInvalid PrimaryIsNotTheChoosenAdapter FoundDriverCount:4 
[2024.03.19-06.17.35:019][  0]LogD3D11RHI:     Adapter Name: NVIDIA GeForce GTX 1660 Ti
[2024.03.19-06.17.35:019][  0]LogD3D11RHI:   Driver Version: 536.23 (internal:31.0.15.3623, unified:536.23)
[2024.03.19-06.17.35:019][  0]LogD3D11RHI:      Driver Date: 6-8-2023
[2024.03.19-06.17.35:019][  0]LogRHI: Texture pool is 4185 MB (70% of 5979 MB)
[2024.03.19-06.17.35:019][  0]LogD3D11RHI: Creating D3DDevice using adapter:
[2024.03.19-06.17.35:019][  0]LogD3D11RHI:     Description : NVIDIA GeForce GTX 1660 Ti
[2024.03.19-06.17.35:019][  0]LogD3D11RHI:     VendorId    : 10de
[2024.03.19-06.17.35:019][  0]LogD3D11RHI:     DeviceId    : 2182
[2024.03.19-06.17.35:019][  0]LogD3D11RHI:     SubSysId    : 3fbe1458
[2024.03.19-06.17.35:019][  0]LogD3D11RHI:     Revision    : 00a1
[2024.03.19-06.17.35:019][  0]LogD3D11RHI:     DedicatedVideoMemory : 6269435904 bytes
[2024.03.19-06.17.35:019][  0]LogD3D11RHI:     DedicatedSystemMemory : 0 bytes
[2024.03.19-06.17.35:019][  0]LogD3D11RHI:     SharedSystemMemory : 8552867840 bytes
[2024.03.19-06.17.35:019][  0]LogD3D11RHI:     AdapterLuid : 0 50784
[2024.03.19-06.17.35:110][  0]LogD3D11RHI: RHI has support for 64 bit atomics
[2024.03.19-06.17.35:110][  0]LogD3D11RHI: Async texture creation enabled
[2024.03.19-06.17.35:111][  0]LogD3D11RHI: Array index from any shader is supported
[2024.03.19-06.17.35:113][  0]LogD3D11RHI: HDR output is supported on display 0 (NvId: 0x80061086).
[2024.03.19-06.17.35:126][  0]LogD3D11RHI: GPU Timing Frequency: 1000.000000 (Debug: 2 1)
[2024.03.19-06.17.35:194][  0]LogRHI: GeForceNow SDK initialized: 1
[2024.03.19-06.17.35:432][  0]LogTargetPlatformManager: Display: Loaded TargetPlatform 'AllDesktop'
[2024.03.19-06.17.35:451][  0]LogTargetPlatformManager: Display: Loaded TargetPlatform 'Android'
[2024.03.19-06.17.35:451][  0]LogTargetPlatformManager: Display: Loaded TargetPlatform 'Android_ASTC'
[2024.03.19-06.17.35:451][  0]LogTargetPlatformManager: Display: Loaded TargetPlatform 'Android_DXT'
[2024.03.19-06.17.35:451][  0]LogTargetPlatformManager: Display: Loaded TargetPlatform 'Android_ETC2'
[2024.03.19-06.17.35:451][  0]LogTargetPlatformManager: Display: Loaded TargetPlatform 'AndroidClient'
[2024.03.19-06.17.35:451][  0]LogTargetPlatformManager: Display: Loaded TargetPlatform 'Android_ASTCClient'
[2024.03.19-06.17.35:451][  0]LogTargetPlatformManager: Display: Loaded TargetPlatform 'Android_DXTClient'
[2024.03.19-06.17.35:451][  0]LogTargetPlatformManager: Display: Loaded TargetPlatform 'Android_ETC2Client'
[2024.03.19-06.17.35:451][  0]LogTargetPlatformManager: Display: Loaded TargetPlatform 'Android_Multi'
[2024.03.19-06.17.35:451][  0]LogTargetPlatformManager: Display: Loaded TargetPlatform 'Android_MultiClient'
[2024.03.19-06.17.35:469][  0]LogTargetPlatformManager: Display: Loaded TargetPlatform 'IOSClient'
[2024.03.19-06.17.35:469][  0]LogTargetPlatformManager: Display: Loaded TargetPlatform 'IOS'
[2024.03.19-06.17.35:492][  0]LogTargetPlatformManager: Display: Loaded TargetPlatform 'Lumin'
[2024.03.19-06.17.35:492][  0]LogTargetPlatformManager: Display: Loaded TargetPlatform 'LuminClient'
[2024.03.19-06.17.35:501][  0]LogTargetPlatformManager: Display: Loaded TargetPlatform 'MacNoEditor'
[2024.03.19-06.17.35:505][  0]LogTargetPlatformManager: Display: Loaded TargetPlatform 'Mac'
[2024.03.19-06.17.35:509][  0]LogTargetPlatformManager: Display: Loaded TargetPlatform 'MacClient'
[2024.03.19-06.17.35:514][  0]LogTargetPlatformManager: Display: Loaded TargetPlatform 'MacServer'
[2024.03.19-06.17.35:523][  0]LogTargetPlatformManager: Display: Loaded TargetPlatform 'TVOSClient'
[2024.03.19-06.17.35:523][  0]LogTargetPlatformManager: Display: Loaded TargetPlatform 'TVOS'
[2024.03.19-06.17.35:532][  0]LogTargetPlatformManager: Display: Loaded TargetPlatform 'WindowsNoEditor'
[2024.03.19-06.17.35:537][  0]LogTargetPlatformManager: Display: Loaded TargetPlatform 'Windows'
[2024.03.19-06.17.35:542][  0]LogTargetPlatformManager: Display: Loaded TargetPlatform 'WindowsClient'
[2024.03.19-06.17.35:547][  0]LogTargetPlatformManager: Display: Loaded TargetPlatform 'WindowsServer'
[2024.03.19-06.17.35:547][  0]LogTargetPlatformManager: Display: Building Assets For Windows
[2024.03.19-06.17.35:556][  0]LogAudioDebug: Display: Lib vorbis DLL was dynamically loaded.
[2024.03.19-06.17.35:603][  0]LogTextureFormatOodle: Display: Oodle Texture 2.9.0 init RDO Off
[2024.03.19-06.17.35:638][  0]LogRendererCore: Ray tracing is disabled. Reason: r.RayTracing=0.
[2024.03.19-06.17.35:638][  0]LogShaderCompilers: Guid format shader working directory is 18 characters bigger than the processId version (D:/GitHub/NetShootRewrite/Intermediate/Shaders/WorkingDirectory/18104/).
[2024.03.19-06.17.35:639][  0]LogShaderCompilers: Cleaned the shader compiler working directory 'C:/Users/ZTT/AppData/Local/Temp/UnrealShaderWorkingDir/10C2B04443FD8515858E5E904169D576/'.
[2024.03.19-06.17.35:640][  0]LogShaderCompilers: Display: Using XGE Controller for Shader Compilation.
[2024.03.19-06.17.36:293][  0]LogDerivedDataCache: Display: Max Cache Size: 512 MB
[2024.03.19-06.17.36:346][  0]LogDerivedDataCache: Loaded boot cache 0.05s 94MB D:/GitHub/NetShootRewrite/DerivedDataCache/Boot.ddc.
[2024.03.19-06.17.36:346][  0]LogDerivedDataCache: Display: Loaded Boot cache: D:/GitHub/NetShootRewrite/DerivedDataCache/Boot.ddc
[2024.03.19-06.17.36:346][  0]LogDerivedDataCache: FDerivedDataBackendGraph:  Pak pak cache file D:/GitHub/NetShootRewrite/DerivedDataCache/DDC.ddp not found, will not use a pak cache.
[2024.03.19-06.17.36:346][  0]LogDerivedDataCache: Unable to find inner node Pak for hierarchical cache Hierarchy.
[2024.03.19-06.17.36:347][  0]LogDerivedDataCache: FDerivedDataBackendGraph:  EnginePak pak cache file ../../../Engine/DerivedDataCache/DDC.ddp not found, will not use a pak cache.
[2024.03.19-06.17.36:347][  0]LogDerivedDataCache: Unable to find inner node EnginePak for hierarchical cache Hierarchy.
[2024.03.19-06.17.36:360][  0]LogDerivedDataCache: Speed tests for ../../../Engine/DerivedDataCache took 0.01 seconds
[2024.03.19-06.17.36:360][  0]LogDerivedDataCache: Display: Performance to ../../../Engine/DerivedDataCache: Latency=0.07ms. RandomReadSpeed=139.28MBs, RandomWriteSpeed=155.18MBs. Assigned SpeedClass 'Local'
[2024.03.19-06.17.36:361][  0]LogDerivedDataCache: Using Local data cache path ../../../Engine/DerivedDataCache: Writable
[2024.03.19-06.17.36:361][  0]LogDerivedDataCache: Shared data cache path not found in *engine.ini, will not use an Shared cache.
[2024.03.19-06.17.36:361][  0]LogDerivedDataCache: Unable to find inner node Shared for hierarchical cache Hierarchy.
[2024.03.19-06.17.36:399][  0]LogSlate: Using FreeType 2.10.0
[2024.03.19-06.17.36:400][  0]LogSlate: SlateFontServices - WITH_FREETYPE: 1, WITH_HARFBUZZ: 1
[2024.03.19-06.17.36:426][  0]LogAssetRegistry: FAssetRegistry took 0.0025 seconds to start up
[2024.03.19-06.17.36:631][  0]LogInit: Selected Device Profile: [Windows]
[2024.03.19-06.17.36:632][  0]LogInit: Active device profile: [000001F093AA2D00][000001F0945CC700 49] Windows
[2024.03.19-06.17.36:632][  0]LogInit: Profiles: [000001F093AA2D00][000001F0945CC700 49] Windows, [000001F093A61600][000001F092FA4880 49] WindowsNoEditor, [000001F093AA1500][000001F092FA8A00 49] WindowsServer, [000001F093A62B00][000001F092FACB80 49] WindowsClient, [000001F093AA2A00][000001F092FB0D00 49] IOS, [000001F093A61A00][000001F092FB4E80 49] iPadAir, [000001F093AA1900][000001F092FB9000 49] iPadAir2, [000001F093A0BC00][000001F0861212C0 49] IPadPro, [000001F093A0BD00][000001F08611D300 49] iPadAir3, [000001F093AA2F00][000001F086125480 49] iPadAir4, [000001F093A09900][000001F086129600 49] iPadMini2, [000001F093AA1300][000001F08612D780 49] iPadMini3, [000001F093A08D00][000001F086131900 49] iPadMini4, [000001F093AA0900][000001F086135A80 49] iPadMini5, [000001F093A47500][000001F092FA0180 49] iPhone6, [000001F093A47600][000001F0861381C0 49] iPodTouch6, [000001F093A08700][000001F086140400 49] iPhone7, [000001F093A08600][000001F08613C440 49] iPodTouch7, [000001F093A45800][000001F086144580 49] iPhone5S, [000001F093A0B600][000001F08614C700 49] iPhone6Plus, [000001F093A47800][000001F086150880 49] iPhone6S, [000001F093A09B00][000001F086154A00 49] iPhone6SPlus, [000001F093A45700][000001F086158B80 49] iPhone7Plus, [000001F093A0B100][000001F08615CD00 49] iPhoneSE, [000001F093A46500][000001F086160E80 49] iPhone8, [000001F093A09500][000001F086165000 49] iPhone8Plus, [000001F093A45E00][000001F086169180 49] iPhoneX, [000001F093A09000][000001F08616D300 49] iPhoneXS, [000001F093A46200][000001F086171480 49] iPhoneXSMax, [000001F093A08500][000001F086175600 49] iPhoneXR, [000001F093A46100][000001F086179780 49] iPhone11, [000001F093A0AD00][000001F08617D900 49] iPhone11Pro, [000001F093A45600][000001F086181A80 49] iPhone11ProMax, [000001F093A09D00][000001F086185C00 49] iPhoneSE2, [000001F093A47200][000001F086188200 49] iPhone12Mini, [000001F093A09E00][000001F086148340 49] iPhone12, [000001F093A44300][000001F08618C480 49] iPhone12Pro, [000001F093A0B500][000001F0861905C0 49] iPhone12ProMax, [000001F093A47C00][000001F086194700 49] iPadPro105, [000001F093A08200][000001F08619C880 49] iPadPro129, [000001F093A44E00][000001F089DE0A00 49] iPadPro97, [000001F093A08100][000001F089DE4B80 49] iPadPro2_129, [000001F093A47F00][000001F089DE8D00 49] iPad5, [000001F093A08900][000001F089DECE80 49] iPad6, [000001F093A47B00][000001F089DF1000 49] iPad7, [000001F093A0AA00][000001F089DF5180 49] iPad8, [000001F093A46800][000001F089DF9300 49] iPadPro11, [000001F093A08A00][000001F089DFD480 49] iPadPro2_11, [000001F093A44700][000001F089E01600 49] iPadPro3_129, [000001F093A0B200][000001F089E05780 49] iPadPro4_129, [000001F093A47A00][000001F089E09900 49] AppleTV, [000001F093A08C00][000001F089E0DA80 49] AppleTV4K, [000001F093A46C00][000001F089E11C00 49] TVOS, [000001F093A0B000][000001F089E14200 49] Mac, [000001F093A60E00][000001F089E18380 49] MacClient, [000001F093AE8800][000001F089E1C500 49] MacNoEditor, [000001F093A61500][000001F086198640 49] MacServer, [000001F093AE8300][000001F089E20780 49] Linux, [000001F093A62D00][000001F089E248C0 49] LinuxAArch64, [000001F093AE8B00][000001F089E2CA40 49] LinuxNoEditor, [000001F093A61D00][000001F089E30BC0 49] LinuxAArch64NoEditor, [000001F093AE9500][000001F089E34D40 49] LinuxClient, [000001F093A60500][000001F089E38EC0 49] LinuxAArch64Client, [000001F093AE9100][000001F089E3D040 49] LinuxServer, [000001F093A63600][000001F089E411C0 49] LinuxAArch64Server, [000001F093AE9200][000001F089E45340 49] Android, [000001F093A60400][000001F089E494C0 49] Android_Low, [000001F093AE8C00][000001F089E4D640 49] Android_Mid, [000001F093A60D00][000001F089E517C0 49] Android_High, [000001F093AE9300][000001F089E55940 49] Android_Default, [000001F093A60300][000001F089E59AC0 49] Android_Adreno4xx, [000001F093AE9900][000001F089E5C0C0 49] Android_Adreno5xx_Low, [000001F093A63700][000001F089E60240 49] Android_Adreno5xx, [000001F093AE8900][000001F089E643C0 49] Android_Adreno6xx, [000001F093A62200][000001F089E68540 49] Android_Adreno6xx_Vulkan, [000001F093AE8F00][000001F089E6C6C0 49] Android_Mali_T6xx, [000001F093A0BE00][000001F089E28800 49] Android_Mali_T7xx, [000001F093A45100][000001F089E70940 49] Android_Mali_T8xx, [000001F093A0A700][000001F089E74A80 49] Android_Mali_G71, [000001F093A47300][000001F089E78BC0 49] Android_Mali_G72, [000001F093A0A000][000001F089E80D40 49] Android_Mali_G72_Vulkan, [000001F093A47900][000001F0945E0EC0 49] Android_Mali_G76, [000001F093A08300][000001F0945E5040 49] Android_Mali_G76_Vulkan, [000001F093A45F00][000001F0945E91C0 49] Android_Mali_G77, [000001F093A09700][000001F0945ED340 49] Android_Mali_G77_Vulkan, [000001F093A46400][000001F0945F14C0 49] Android_Mali_G78, [000001F093A0A400][000001F0945F5640 49] Android_Mali_G78_Vulkan, [000001F093A46700][000001F0945F97C0 49] Android_Mali_G710, [000001F093A0B800][000001F0945FD940 49] Android_Mali_G710_Vulkan, [000001F093A44900][000001F094601AC0 49] Android_Vulkan_SM5, [000001F093A08F00][000001F0946040C0 49] Android_PowerVR_G6xxx, [000001F093A44400][000001F094608240 49] Android_PowerVR_GT7xxx, [000001F093A08E00][000001F09460C3C0 49] Android_PowerVR_GE8xxx, [000001F093A45A00][000001F094610540 49] Android_PowerVR_GM9xxx, [000001F093A09300][000001F0946146C0 49] Android_PowerVR_GM9xxx_Vulkan, [000001F093A45000][000001F094618840 49] Android_TegraK1, [000001F093A09F00][000001F089E7C980 49] Android_Unknown_Vulkan, [000001F093A45400][000001F09461CAC0 49] Lumin, [000001F093A0A600][000001F094620C00 49] Lumin_Desktop, [000001F093AA1400][000001F094624D40 49] HoloLens, 
[2024.03.19-06.17.36:761][  0]LogMeshReduction: Using QuadricMeshReduction for automatic static mesh reduction
[2024.03.19-06.17.36:761][  0]LogMeshReduction: Using SimplygonMeshReduction for automatic skeletal mesh reduction
[2024.03.19-06.17.36:761][  0]LogMeshReduction: Using ProxyLODMeshReduction for automatic mesh merging
[2024.03.19-06.17.36:761][  0]LogMeshReduction: No distributed automatic mesh merging module available
[2024.03.19-06.17.36:761][  0]LogMeshMerging: No distributed automatic mesh merging module available
[2024.03.19-06.17.36:778][  0]LogNetVersion: NetShootRewrite 1.0.0, NetCL: 0, EngineNetVer: 17, GameNetVer: 0 (Checksum: 1486698656)
[2024.03.19-06.17.37:202][  0]LogTexture: Default maximum texture size for cubemaps generated from long-lat sources has been changed from 512 to unlimited. In order to preserve old behaiour for '/Engine/MapTemplates/Sky/DaylightAmbientCubemap.DaylightAmbientCubemap', its maximum texture size has been explicitly set to 512.
[2024.03.19-06.17.37:259][  0]LogHMD: PokeAHoleMaterial loaded successfully
[2024.03.19-06.17.37:265][  0]LogUObjectArray: 17164 objects as part of root set at end of initial load.
[2024.03.19-06.17.37:265][  0]LogUObjectAllocator: 4298528 out of 0 bytes used by permanent object pool.
[2024.03.19-06.17.37:265][  0]LogUObjectArray: CloseDisregardForGC: 0/0 objects in disregard for GC pool
[2024.03.19-06.17.37:550][  0]LogPython: Using Python 3.7.7
