Log file open, 03/20/24 16:07:56
LogWindows: Failed to load 'aqProf.dll' (GetLastError=126)
LogWindows: File 'aqProf.dll' does not exist
LogWindows: Failed to load 'VtuneApi.dll' (GetLastError=126)
LogWindows: File 'VtuneApi.dll' does not exist
LogWindows: Failed to load 'VtuneApi32e.dll' (GetLastError=126)
LogWindows: File 'VtuneApi32e.dll' does not exist
LogConsoleResponse: Display: Failed to find resolution value strings in scalability ini. Falling back to default.
LogConsoleResponse: Display: Failed to find resolution value strings in scalability ini. Falling back to default.
LogInit: Display: Running engine for game: NetShootRewrite
LogPlatformFile: Not using cached read wrapper
LogTaskGraph: Started task graph with 5 named threads and 35 total threads with 3 sets of task threads.
LogStats: Stats thread started at 0.142646
LogICUInternationalization: ICU TimeZone Detection - Raw Offset: +8:00, Platform Override: ''
LogInit: Display: Loading text-based GConfig....
LogPluginManager: Mounting plugin MeshPainting
LogPluginManager: Mounting plugin XGEController
LogPluginManager: Mounting plugin Paper2D
LogPluginManager: Mounting plugin AISupport
LogPluginManager: Mounting plugin LightPropagationVolume
LogPluginManager: Mounting plugin EnvironmentQueryEditor
LogPluginManager: Mounting plugin LiveLink
LogPluginManager: Mounting plugin CameraShakePreviewer
LogPluginManager: Mounting plugin GameplayCameras
LogPluginManager: Mounting plugin OodleData
LogPluginManager: Mounting plugin OodleNetwork
LogPluginManager: Mounting plugin AnimationSharing
LogPluginManager: Mounting plugin CLionSourceCodeAccess
LogPluginManager: Mounting plugin CodeLiteSourceCodeAccess
LogPluginManager: Mounting plugin KDevelopSourceCodeAccess
LogPluginManager: Mounting plugin GitSourceControl
LogPluginManager: Mounting plugin NullSourceCodeAccess
LogPluginManager: Mounting plugin PixWinPlugin
LogPluginManager: Mounting plugin PerforceSourceControl
LogPluginManager: Mounting plugin PlasticSourceControl
LogPluginManager: Mounting plugin PluginUtils
LogPluginManager: Mounting plugin PropertyAccessNode
LogPluginManager: Mounting plugin AssetManagerEditor
LogPluginManager: Mounting plugin RiderSourceCodeAccess
LogPluginManager: Mounting plugin SubversionSourceControl
LogPluginManager: Mounting plugin TextureFormatOodle
LogPluginManager: Mounting plugin VisualStudioSourceCodeAccess
LogPluginManager: Mounting plugin UObjectPlugin
LogPluginManager: Mounting plugin VisualStudioCodeSourceCodeAccess
LogPluginManager: Mounting plugin XCodeSourceCodeAccess
LogPluginManager: Mounting plugin CryptoKeys
LogPluginManager: Mounting plugin CurveEditorTools
LogPluginManager: Mounting plugin DataValidation
LogPluginManager: Mounting plugin MaterialAnalyzer
LogPluginManager: Mounting plugin GameplayTagsEditor
LogPluginManager: Mounting plugin MacGraphicsSwitching
LogPluginManager: Mounting plugin GeometryMode
LogPluginManager: Mounting plugin PluginBrowser
LogPluginManager: Mounting plugin AlembicImporter
LogPluginManager: Mounting plugin BackChannel
LogPluginManager: Mounting plugin FacialAnimation
LogPluginManager: Mounting plugin MobileLauncherProfileWizard
LogPluginManager: Mounting plugin SpeedTreeImporter
LogPluginManager: Mounting plugin AutomationUtils
LogPluginManager: Mounting plugin ChaosCloth
LogPluginManager: Mounting plugin ChaosClothEditor
LogPluginManager: Mounting plugin ChaosNiagara
LogPluginManager: Mounting plugin ChaosEditor
LogPluginManager: Mounting plugin ChaosSolverPlugin
LogPluginManager: Mounting plugin CharacterAI
LogPluginManager: Mounting plugin GeometryCache
LogPluginManager: Mounting plugin GeometryCollectionPlugin
LogPluginManager: Mounting plugin DatasmithContent
LogPluginManager: Mounting plugin GeometryProcessing
LogPluginManager: Mounting plugin VariantManagerContent
LogPluginManager: Mounting plugin OpenImageDenoise
LogPluginManager: Mounting plugin MotoSynth
LogPluginManager: Mounting plugin PlanarCut
LogPluginManager: Mounting plugin PlatformCrypto
LogPluginManager: Mounting plugin ProxyLODPlugin
LogPluginManager: Mounting plugin PythonScriptPlugin
LogPluginManager: Mounting plugin SkeletalReduction
LogPluginManager: Mounting plugin Niagara
LogPluginManager: Mounting plugin LuminPlatformFeatures
LogPluginManager: Mounting plugin MagicLeap
LogPluginManager: Mounting plugin MagicLeapLightEstimation
LogPluginManager: Mounting plugin MagicLeapMedia
LogPluginManager: Mounting plugin MagicLeapPassableWorld
LogPluginManager: Mounting plugin MLSDK
LogPluginManager: Mounting plugin AndroidMedia
LogPluginManager: Mounting plugin AvfMedia
LogPluginManager: Mounting plugin ImgMedia
LogPluginManager: Mounting plugin MediaCompositing
LogPluginManager: Mounting plugin MediaPlayerEditor
LogPluginManager: Mounting plugin WebMMedia
LogPluginManager: Mounting plugin WmfMedia
LogPluginManager: Mounting plugin TcpMessaging
LogPluginManager: Mounting plugin UdpMessaging
LogPluginManager: Mounting plugin ActorSequence
LogPluginManager: Mounting plugin LevelSequenceEditor
LogPluginManager: Mounting plugin MatineeToLevelSequence
LogPluginManager: Mounting plugin TemplateSequence
LogPluginManager: Mounting plugin OnlineSubsystem
LogPluginManager: Mounting plugin OnlineSubsystemNull
LogPluginManager: Mounting plugin OnlineSubsystemUtils
LogPluginManager: Mounting plugin LauncherChunkInstaller
LogPluginManager: Mounting plugin ActorLayerUtilities
LogPluginManager: Mounting plugin AndroidDeviceProfileSelector
LogPluginManager: Mounting plugin AndroidMoviePlayer
LogPluginManager: Mounting plugin AndroidPermission
LogPluginManager: Mounting plugin AppleImageUtils
LogPluginManager: Mounting plugin AppleMoviePlayer
LogPluginManager: Mounting plugin ArchVisCharacter
LogPluginManager: Mounting plugin AssetTags
LogPluginManager: Mounting plugin AudioCapture
LogPluginManager: Mounting plugin AudioSynesthesia
LogPluginManager: Mounting plugin CableComponent
LogPluginManager: Mounting plugin ChunkDownloader
LogPluginManager: Mounting plugin CustomMeshComponent
LogPluginManager: Mounting plugin EditableMesh
LogPluginManager: Mounting plugin ExampleDeviceProfileSelector
LogPluginManager: Mounting plugin GoogleCloudMessaging
LogPluginManager: Mounting plugin GooglePAD
LogPluginManager: Mounting plugin IOSDeviceProfileSelector
LogPluginManager: Mounting plugin LinuxDeviceProfileSelector
LogPluginManager: Mounting plugin LocationServicesBPLibrary
LogPluginManager: Mounting plugin MobilePatchingUtils
LogPluginManager: Mounting plugin OpenXR
LogPluginManager: Mounting plugin OpenXREyeTracker
LogPluginManager: Mounting plugin OpenXRHandTracking
LogPluginManager: Mounting plugin PhysXVehicles
LogPluginManager: Mounting plugin PostSplashScreen
LogPluginManager: Mounting plugin ProceduralMeshComponent
LogPluginManager: Mounting plugin PropertyAccessEditor
LogPluginManager: Mounting plugin RuntimePhysXCooking
LogPluginManager: Mounting plugin SignificanceManager
LogPluginManager: Mounting plugin SoundFields
LogPluginManager: Mounting plugin ScreenshotTools
LogPluginManager: Mounting plugin Synthesis
LogPluginManager: Mounting plugin WebMMoviePlayer
LogPluginManager: Mounting plugin WindowsMoviePlayer
LogPluginManager: Mounting plugin Takes
LogPluginManager: Mounting plugin ContentBrowserClassDataSource
LogPluginManager: Mounting plugin ContentBrowserFileDataSource
LogPluginManager: Mounting plugin ContentBrowserAssetDataSource
LogPluginManager: Mounting plugin RiderLink
LogPluginManager: Mounting plugin OnlineSubsystemGooglePlay
LogPluginManager: Mounting plugin OnlineSubsystemIOS
LogPluginManager: Mounting plugin OculusVR
LogPluginManager: Mounting plugin SteamVR
PixWinPlugin: PIX capture plugin failed to initialize! Check that the process is launched from PIX.
LogInit: Using libcurl 7.55.1-DEV
LogInit:  - built for x86_64-pc-win32
LogInit:  - supports SSL with OpenSSL/1.1.1
LogInit:  - supports HTTP deflate (compression) using libz 1.2.8
LogInit:  - other features:
LogInit:      CURL_VERSION_SSL
LogInit:      CURL_VERSION_LIBZ
LogInit:      CURL_VERSION_IPV6
LogInit:      CURL_VERSION_ASYNCHDNS
LogInit:      CURL_VERSION_LARGEFILE
LogInit:      CURL_VERSION_IDN
LogInit:  CurlRequestOptions (configurable via config and command line):
LogInit:  - bVerifyPeer = true  - Libcurl will verify peer certificate
LogInit:  - bUseHttpProxy = false  - Libcurl will NOT use HTTP proxy
LogInit:  - bDontReuseConnections = false  - Libcurl will reuse connections
LogInit:  - MaxHostConnections = 16  - Libcurl will limit the number of connections to a host
LogInit:  - LocalHostAddr = Default
LogInit:  - BufferSize = 65536
LogOnline: OSS: Creating online subsystem instance for: NULL
LogInit: WinSock: version 1.1 (2.2), MaxSocks=32767, MaxUdp=65467
LogOnline: OSS: TryLoadSubsystemAndSetDefault: Loaded subsystem for module [NULL]
LogOculusPluginWrapper: OculusPlugin initialized successfully
LogHMD: Failed initializing OVRPlugin 1.59.0
LogInit: Build: ++UE4+Release-4.27-CL-0
LogInit: Engine Version: 4.27.2-0+++UE4+Release-4.27
LogInit: Compatible Engine Version: 4.27.0-0+++UE4+Release-4.27
LogInit: Net CL: 0
LogInit: OS: Windows 10 (Release 2009) (), CPU: Intel(R) Core(TM) i7-8700 CPU @ 3.20GHz, GPU: NVIDIA GeForce GTX 1660 Ti
LogInit: Compiled (64-bit): Mar 12 2024 21:46:05
LogInit: Compiled with Visual C++: 19.39.33521.00
LogInit: Build Configuration: Development
LogInit: Branch Name: ++UE4+Release-4.27
LogInit: Command Line:  -skipcompile
LogInit: Base Directory: C:/Program Files (x86)/UE4.27/UnrealEngine-4.27/Engine/Binaries/Win64/
LogInit: Allocator: TBB
LogInit: Installed Engine Build: 0
LogDevObjectVersion: Number of dev versions registered: 29
LogDevObjectVersion:   Dev-Blueprints (B0D832E4-1F89-4F0D-ACCF-7EB736FD4AA2): 10
LogDevObjectVersion:   Dev-Build (E1C64328-A22C-4D53-A36C-8E866417BD8C): 0
LogDevObjectVersion:   Dev-Core (375EC13C-06E4-48FB-B500-84F0262A717E): 4
LogDevObjectVersion:   Dev-Editor (E4B068ED-F494-42E9-A231-DA0B2E46BB41): 40
LogDevObjectVersion:   Dev-Framework (CFFC743F-43B0-4480-9391-14DF171D2073): 37
LogDevObjectVersion:   Dev-Mobile (B02B49B5-BB20-44E9-A304-32B752E40360): 3
LogDevObjectVersion:   Dev-Networking (A4E4105C-59A1-49B5-A7C5-40C4547EDFEE): 0
LogDevObjectVersion:   Dev-Online (39C831C9-5AE6-47DC-9A44-9C173E1C8E7C): 0
LogDevObjectVersion:   Dev-Physics (78F01B33-EBEA-4F98-B9B4-84EACCB95AA2): 14
LogDevObjectVersion:   Dev-Platform (6631380F-2D4D-43E0-8009-CF276956A95A): 0
LogDevObjectVersion:   Dev-Rendering (12F88B9F-8875-4AFC-A67C-D90C383ABD29): 45
LogDevObjectVersion:   Dev-Sequencer (7B5AE74C-D270-4C10-A958-57980B212A5A): 13
LogDevObjectVersion:   Dev-VR (D7296918-1DD6-4BDD-9DE2-64A83CC13884): 3
LogDevObjectVersion:   Dev-LoadTimes (C2A15278-BFE7-4AFE-6C17-90FF531DF755): 1
LogDevObjectVersion:   Private-Geometry (6EACA3D4-40EC-4CC1-B786-8BED09428FC5): 3
LogDevObjectVersion:   Dev-AnimPhys (29E575DD-E0A3-4627-9D10-D276232CDCEA): 17
LogDevObjectVersion:   Dev-Anim (AF43A65D-7FD3-4947-9873-3E8ED9C1BB05): 15
LogDevObjectVersion:   Dev-ReflectionCapture (6B266CEC-1EC7-4B8F-A30B-E4D90942FC07): 1
LogDevObjectVersion:   Dev-Automation (0DF73D61-A23F-47EA-B727-89E90C41499A): 1
LogDevObjectVersion:   FortniteMain (601D1886-AC64-4F84-AA16-D3DE0DEAC7D6): 47
LogDevObjectVersion:   FortniteRelease (E7086368-6B23-4C58-8439-1B7016265E91): 1
LogDevObjectVersion:   Dev-Enterprise (9DFFBCD6-494F-0158-E221-12823C92A888): 10
LogDevObjectVersion:   Dev-Niagara (F2AED0AC-9AFE-416F-8664-AA7FFA26D6FC): 1
LogDevObjectVersion:   Dev-Destruction (174F1F0B-B4C6-45A5-B13F-2EE8D0FB917D): 10
LogDevObjectVersion:   Dev-Physics-Ext (35F94A83-E258-406C-A318-09F59610247C): 41
LogDevObjectVersion:   Dev-PhysicsMaterial-Chaos (B68FC16E-8B1B-42E2-B453-215C058844FE): 1
LogDevObjectVersion:   Dev-CineCamera (B2E18506-4273-CFC2-A54E-F4BB758BBA07): 1
LogDevObjectVersion:   Dev-VirtualProduction (64F58936-FD1B-42BA-BA96-7289D5D0FA4E): 1
LogDevObjectVersion:   Dev-MediaFramework (6F0ED827-A609-4895-9C91-998D90180EA4): 2
LogInit: Presizing for max 25165824 objects, including 0 objects not considered by GC, pre-allocating 0 bytes for permanent pool.
LogConfig: Applying CVar settings from Section [/Script/Engine.StreamingSettings] File [D:/GitHub/NetShootRewrite/Saved/Config/Windows/Engine.ini]
LogConfig: Setting CVar [[s.MinBulkDataSizeForAsyncLoading:131072]]
LogConfig: Setting CVar [[s.AsyncLoadingThreadEnabled:0]]
LogConfig: Setting CVar [[s.EventDrivenLoaderEnabled:1]]
LogConfig: Setting CVar [[s.WarnIfTimeLimitExceeded:0]]
LogConfig: Setting CVar [[s.TimeLimitExceededMultiplier:1.5]]
LogConfig: Setting CVar [[s.TimeLimitExceededMinTime:0.005]]
LogConfig: Setting CVar [[s.UseBackgroundLevelStreaming:1]]
LogConfig: Setting CVar [[s.PriorityAsyncLoadingExtraTime:15.0]]
LogConfig: Setting CVar [[s.LevelStreamingActorsUpdateTimeLimit:5.0]]
LogConfig: Setting CVar [[s.PriorityLevelStreamingActorsUpdateExtraTime:5.0]]
LogConfig: Setting CVar [[s.LevelStreamingComponentsRegistrationGranularity:10]]
LogConfig: Setting CVar [[s.UnregisterComponentsTimeLimit:1.0]]
LogConfig: Setting CVar [[s.LevelStreamingComponentsUnregistrationGranularity:5]]
LogConfig: Setting CVar [[s.FlushStreamingOnExit:1]]
LogInit: Object subsystem initialized
LogConfig: Setting CVar [[con.DebugEarlyDefault:1]]
LogConfig: Setting CVar [[r.setres:1280x720]]
[2024.03.20-08.07.58:030][  0]LogConfig: Setting CVar [[r.VSync:0]]
[2024.03.20-08.07.58:030][  0]LogConfig: Setting CVar [[r.RHICmdBypass:0]]
[2024.03.20-08.07.58:030][  0]LogConfig: Applying CVar settings from Section [/Script/Engine.RendererSettings] File [D:/GitHub/NetShootRewrite/Saved/Config/Windows/Engine.ini]
[2024.03.20-08.07.58:030][  0]LogConfig: Setting CVar [[r.GPUCrashDebugging:0]]
[2024.03.20-08.07.58:030][  0]LogConfig: Applying CVar settings from Section [/Script/Engine.RendererOverrideSettings] File [D:/GitHub/NetShootRewrite/Saved/Config/Windows/Engine.ini]
[2024.03.20-08.07.58:030][  0]LogConfig: Applying CVar settings from Section [/Script/Engine.StreamingSettings] File [D:/GitHub/NetShootRewrite/Saved/Config/Windows/Engine.ini]
[2024.03.20-08.07.58:030][  0]LogConfig: Setting CVar [[s.MinBulkDataSizeForAsyncLoading:131072]]
[2024.03.20-08.07.58:030][  0]LogConfig: Setting CVar [[s.AsyncLoadingThreadEnabled:0]]
[2024.03.20-08.07.58:030][  0]LogConfig: Setting CVar [[s.EventDrivenLoaderEnabled:1]]
[2024.03.20-08.07.58:030][  0]LogConfig: Setting CVar [[s.WarnIfTimeLimitExceeded:0]]
[2024.03.20-08.07.58:030][  0]LogConfig: Setting CVar [[s.TimeLimitExceededMultiplier:1.5]]
[2024.03.20-08.07.58:030][  0]LogConfig: Setting CVar [[s.TimeLimitExceededMinTime:0.005]]
[2024.03.20-08.07.58:030][  0]LogConfig: Setting CVar [[s.UseBackgroundLevelStreaming:1]]
[2024.03.20-08.07.58:030][  0]LogConfig: Setting CVar [[s.PriorityAsyncLoadingExtraTime:15.0]]
[2024.03.20-08.07.58:030][  0]LogConfig: Setting CVar [[s.LevelStreamingActorsUpdateTimeLimit:5.0]]
[2024.03.20-08.07.58:030][  0]LogConfig: Setting CVar [[s.PriorityLevelStreamingActorsUpdateExtraTime:5.0]]
[2024.03.20-08.07.58:030][  0]LogConfig: Setting CVar [[s.LevelStreamingComponentsRegistrationGranularity:10]]
[2024.03.20-08.07.58:030][  0]LogConfig: Setting CVar [[s.UnregisterComponentsTimeLimit:1.0]]
[2024.03.20-08.07.58:030][  0]LogConfig: Setting CVar [[s.LevelStreamingComponentsUnregistrationGranularity:5]]
[2024.03.20-08.07.58:030][  0]LogConfig: Setting CVar [[s.FlushStreamingOnExit:1]]
[2024.03.20-08.07.58:030][  0]LogConfig: Applying CVar settings from Section [/Script/Engine.GarbageCollectionSettings] File [D:/GitHub/NetShootRewrite/Saved/Config/Windows/Engine.ini]
[2024.03.20-08.07.58:030][  0]LogConfig: Setting CVar [[gc.MaxObjectsNotConsideredByGC:1]]
[2024.03.20-08.07.58:030][  0]LogConfig: Setting CVar [[gc.SizeOfPermanentObjectPool:0]]
[2024.03.20-08.07.58:030][  0]LogConfig: Setting CVar [[gc.FlushStreamingOnGC:0]]
[2024.03.20-08.07.58:030][  0]LogConfig: Setting CVar [[gc.NumRetriesBeforeForcingGC:10]]
[2024.03.20-08.07.58:030][  0]LogConfig: Setting CVar [[gc.AllowParallelGC:1]]
[2024.03.20-08.07.58:030][  0]LogConfig: Setting CVar [[gc.TimeBetweenPurgingPendingKillObjects:61.1]]
[2024.03.20-08.07.58:030][  0]LogConfig: Setting CVar [[gc.MaxObjectsInEditor:25165824]]
[2024.03.20-08.07.58:030][  0]LogConfig: Setting CVar [[gc.IncrementalBeginDestroyEnabled:1]]
[2024.03.20-08.07.58:030][  0]LogConfig: Setting CVar [[gc.CreateGCClusters:1]]
[2024.03.20-08.07.58:030][  0]LogConfig: Setting CVar [[gc.MinGCClusterSize:5]]
[2024.03.20-08.07.58:030][  0]LogConfig: Setting CVar [[gc.ActorClusteringEnabled:0]]
[2024.03.20-08.07.58:030][  0]LogConfig: Setting CVar [[gc.BlueprintClusteringEnabled:0]]
[2024.03.20-08.07.58:030][  0]LogConfig: Setting CVar [[gc.UseDisregardForGCOnDedicatedServers:0]]
[2024.03.20-08.07.58:030][  0]LogConfig: Setting CVar [[gc.MultithreadedDestructionEnabled:1]]
[2024.03.20-08.07.58:030][  0]LogConfig: Applying CVar settings from Section [/Script/Engine.NetworkSettings] File [D:/GitHub/NetShootRewrite/Saved/Config/Windows/Engine.ini]
[2024.03.20-08.07.58:030][  0]LogConfig: Applying CVar settings from Section [/Script/UnrealEd.CookerSettings] File [D:/GitHub/NetShootRewrite/Saved/Config/Windows/Engine.ini]
[2024.03.20-08.07.58:073][  0]LogConfig: Applying CVar settings from Section [ViewDistanceQuality@3] File [D:/GitHub/NetShootRewrite/Saved/Config/Windows/Scalability.ini]
[2024.03.20-08.07.58:073][  0]LogConfig: Setting CVar [[r.SkeletalMeshLODBias:0]]
[2024.03.20-08.07.58:073][  0]LogConfig: Setting CVar [[r.ViewDistanceScale:1.0]]
[2024.03.20-08.07.58:073][  0]LogConfig: Applying CVar settings from Section [AntiAliasingQuality@3] File [D:/GitHub/NetShootRewrite/Saved/Config/Windows/Scalability.ini]
[2024.03.20-08.07.58:073][  0]LogConfig: Setting CVar [[r.PostProcessAAQuality:4]]
[2024.03.20-08.07.58:073][  0]LogConfig: Applying CVar settings from Section [ShadowQuality@3] File [D:/GitHub/NetShootRewrite/Saved/Config/Windows/Scalability.ini]
[2024.03.20-08.07.58:073][  0]LogConfig: Setting CVar [[r.LightFunctionQuality:1]]
[2024.03.20-08.07.58:073][  0]LogConfig: Setting CVar [[r.ShadowQuality:5]]
[2024.03.20-08.07.58:073][  0]LogConfig: Setting CVar [[r.Shadow.CSM.MaxCascades:10]]
[2024.03.20-08.07.58:073][  0]LogConfig: Setting CVar [[r.Shadow.MaxResolution:2048]]
[2024.03.20-08.07.58:073][  0]LogConfig: Setting CVar [[r.Shadow.MaxCSMResolution:2048]]
[2024.03.20-08.07.58:073][  0]LogConfig: Setting CVar [[r.Shadow.RadiusThreshold:0.01]]
[2024.03.20-08.07.58:073][  0]LogConfig: Setting CVar [[r.Shadow.DistanceScale:1.0]]
[2024.03.20-08.07.58:073][  0]LogConfig: Setting CVar [[r.Shadow.CSM.TransitionScale:1.0]]
[2024.03.20-08.07.58:073][  0]LogConfig: Setting CVar [[r.Shadow.PreShadowResolutionFactor:1.0]]
[2024.03.20-08.07.58:073][  0]LogConfig: Setting CVar [[r.DistanceFieldShadowing:1]]
[2024.03.20-08.07.58:073][  0]LogConfig: Setting CVar [[r.DistanceFieldAO:1]]
[2024.03.20-08.07.58:073][  0]LogConfig: Setting CVar [[r.AOQuality:2]]
[2024.03.20-08.07.58:073][  0]LogConfig: Setting CVar [[r.VolumetricFog:1]]
[2024.03.20-08.07.58:073][  0]LogConfig: Setting CVar [[r.VolumetricFog.GridPixelSize:8]]
[2024.03.20-08.07.58:073][  0]LogConfig: Setting CVar [[r.VolumetricFog.GridSizeZ:128]]
[2024.03.20-08.07.58:073][  0]LogConfig: Setting CVar [[r.VolumetricFog.HistoryMissSupersampleCount:4]]
[2024.03.20-08.07.58:073][  0]LogConfig: Setting CVar [[r.LightMaxDrawDistanceScale:1]]
[2024.03.20-08.07.58:073][  0]LogConfig: Setting CVar [[r.CapsuleShadows:1]]
[2024.03.20-08.07.58:073][  0]LogConfig: Applying CVar settings from Section [PostProcessQuality@3] File [D:/GitHub/NetShootRewrite/Saved/Config/Windows/Scalability.ini]
[2024.03.20-08.07.58:073][  0]LogConfig: Setting CVar [[r.MotionBlurQuality:4]]
[2024.03.20-08.07.58:073][  0]LogConfig: Setting CVar [[r.AmbientOcclusionMipLevelFactor:0.4]]
[2024.03.20-08.07.58:073][  0]LogConfig: Setting CVar [[r.AmbientOcclusionMaxQuality:100]]
[2024.03.20-08.07.58:073][  0]LogConfig: Setting CVar [[r.AmbientOcclusionLevels:-1]]
[2024.03.20-08.07.58:073][  0]LogConfig: Setting CVar [[r.AmbientOcclusionRadiusScale:1.0]]
[2024.03.20-08.07.58:073][  0]LogConfig: Setting CVar [[r.DepthOfFieldQuality:2]]
[2024.03.20-08.07.58:073][  0]LogConfig: Setting CVar [[r.RenderTargetPoolMin:400]]
[2024.03.20-08.07.58:073][  0]LogConfig: Setting CVar [[r.LensFlareQuality:2]]
[2024.03.20-08.07.58:073][  0]LogConfig: Setting CVar [[r.SceneColorFringeQuality:1]]
[2024.03.20-08.07.58:073][  0]LogConfig: Setting CVar [[r.EyeAdaptationQuality:2]]
[2024.03.20-08.07.58:073][  0]LogConfig: Setting CVar [[r.BloomQuality:5]]
[2024.03.20-08.07.58:073][  0]LogConfig: Setting CVar [[r.FastBlurThreshold:100]]
[2024.03.20-08.07.58:073][  0]LogConfig: Setting CVar [[r.Upscale.Quality:3]]
[2024.03.20-08.07.58:073][  0]LogConfig: Setting CVar [[r.Tonemapper.GrainQuantization:1]]
[2024.03.20-08.07.58:073][  0]LogConfig: Setting CVar [[r.LightShaftQuality:1]]
[2024.03.20-08.07.58:073][  0]LogConfig: Setting CVar [[r.Filter.SizeScale:1]]
[2024.03.20-08.07.58:073][  0]LogConfig: Setting CVar [[r.Tonemapper.Quality:5]]
[2024.03.20-08.07.58:073][  0]LogConfig: Setting CVar [[r.DOF.Gather.AccumulatorQuality:1        ; higher gathering accumulator quality]]
[2024.03.20-08.07.58:073][  0]LogConfig: Setting CVar [[r.DOF.Gather.PostfilterMethod:1          ; Median3x3 postfilering method]]
[2024.03.20-08.07.58:073][  0]LogConfig: Setting CVar [[r.DOF.Gather.EnableBokehSettings:0       ; no bokeh simulation when gathering]]
[2024.03.20-08.07.58:073][  0]LogConfig: Setting CVar [[r.DOF.Gather.RingCount:4                 ; medium number of samples when gathering]]
[2024.03.20-08.07.58:073][  0]LogConfig: Setting CVar [[r.DOF.Scatter.ForegroundCompositing:1    ; additive foreground scattering]]
[2024.03.20-08.07.58:073][  0]LogConfig: Setting CVar [[r.DOF.Scatter.BackgroundCompositing:2    ; additive background scattering]]
[2024.03.20-08.07.58:073][  0]LogConfig: Setting CVar [[r.DOF.Scatter.EnableBokehSettings:1      ; bokeh simulation when scattering]]
[2024.03.20-08.07.58:073][  0]LogConfig: Setting CVar [[r.DOF.Scatter.MaxSpriteRatio:0.1         ; only a maximum of 10% of scattered bokeh]]
[2024.03.20-08.07.58:073][  0]LogConfig: Setting CVar [[r.DOF.Recombine.Quality:1                ; cheap slight out of focus]]
[2024.03.20-08.07.58:073][  0]LogConfig: Setting CVar [[r.DOF.Recombine.EnableBokehSettings:0    ; no bokeh simulation on slight out of focus]]
[2024.03.20-08.07.58:073][  0]LogConfig: Setting CVar [[r.DOF.TemporalAAQuality:1                ; more stable temporal accumulation]]
[2024.03.20-08.07.58:073][  0]LogConfig: Setting CVar [[r.DOF.Kernel.MaxForegroundRadius:0.025]]
[2024.03.20-08.07.58:073][  0]LogConfig: Setting CVar [[r.DOF.Kernel.MaxBackgroundRadius:0.025]]
[2024.03.20-08.07.58:073][  0]LogConfig: Applying CVar settings from Section [TextureQuality@3] File [D:/GitHub/NetShootRewrite/Saved/Config/Windows/Scalability.ini]
[2024.03.20-08.07.58:073][  0]LogConfig: Setting CVar [[r.Streaming.MipBias:0]]
[2024.03.20-08.07.58:073][  0]LogConfig: Setting CVar [[r.Streaming.AmortizeCPUToGPUCopy:0]]
[2024.03.20-08.07.58:073][  0]LogConfig: Setting CVar [[r.Streaming.MaxNumTexturesToStreamPerFrame:0]]
[2024.03.20-08.07.58:073][  0]LogConfig: Setting CVar [[r.Streaming.Boost:1]]
[2024.03.20-08.07.58:073][  0]LogConfig: Setting CVar [[r.MaxAnisotropy:8]]
[2024.03.20-08.07.58:073][  0]LogConfig: Setting CVar [[r.VT.MaxAnisotropy:8]]
[2024.03.20-08.07.58:073][  0]LogConfig: Setting CVar [[r.Streaming.LimitPoolSizeToVRAM:0]]
[2024.03.20-08.07.58:073][  0]LogConfig: Setting CVar [[r.Streaming.PoolSize:1000]]
[2024.03.20-08.07.58:073][  0]LogConfig: Setting CVar [[r.Streaming.MaxEffectiveScreenSize:0]]
[2024.03.20-08.07.58:073][  0]LogConfig: Applying CVar settings from Section [EffectsQuality@3] File [D:/GitHub/NetShootRewrite/Saved/Config/Windows/Scalability.ini]
[2024.03.20-08.07.58:073][  0]LogConfig: Setting CVar [[r.TranslucencyLightingVolumeDim:64]]
[2024.03.20-08.07.58:073][  0]LogConfig: Setting CVar [[r.RefractionQuality:2]]
[2024.03.20-08.07.58:073][  0]LogConfig: Setting CVar [[r.SSR.Quality:3]]
[2024.03.20-08.07.58:073][  0]LogConfig: Setting CVar [[r.SSR.HalfResSceneColor:0]]
[2024.03.20-08.07.58:073][  0]LogConfig: Setting CVar [[r.SceneColorFormat:4]]
[2024.03.20-08.07.58:073][  0]LogConfig: Setting CVar [[r.DetailMode:2]]
[2024.03.20-08.07.58:073][  0]LogConfig: Setting CVar [[r.TranslucencyVolumeBlur:1]]
[2024.03.20-08.07.58:073][  0]LogConfig: Setting CVar [[r.MaterialQualityLevel:1 ; High quality]]
[2024.03.20-08.07.58:073][  0]LogConfig: Setting CVar [[r.AnisotropicMaterials:1]]
[2024.03.20-08.07.58:073][  0]LogConfig: Setting CVar [[r.SSS.Scale:1]]
[2024.03.20-08.07.58:073][  0]LogConfig: Setting CVar [[r.SSS.SampleSet:2]]
[2024.03.20-08.07.58:073][  0]LogConfig: Setting CVar [[r.SSS.Quality:1]]
[2024.03.20-08.07.58:073][  0]LogConfig: Setting CVar [[r.SSS.HalfRes:0]]
[2024.03.20-08.07.58:073][  0]LogConfig: Setting CVar [[r.SSGI.Quality:3]]
[2024.03.20-08.07.58:073][  0]LogConfig: Setting CVar [[r.EmitterSpawnRateScale:1.0]]
[2024.03.20-08.07.58:073][  0]LogConfig: Setting CVar [[r.ParticleLightQuality:2]]
[2024.03.20-08.07.58:074][  0]LogConfig: Setting CVar [[r.SkyAtmosphere.AerialPerspectiveLUT.FastApplyOnOpaque:1 ; Always have FastSkyLUT 1 in this case to avoid wrong sky]]
[2024.03.20-08.07.58:074][  0]LogConfig: Setting CVar [[r.SkyAtmosphere.AerialPerspectiveLUT.SampleCountMaxPerSlice:4]]
[2024.03.20-08.07.58:074][  0]LogConfig: Setting CVar [[r.SkyAtmosphere.AerialPerspectiveLUT.DepthResolution:16.0]]
[2024.03.20-08.07.58:074][  0]LogConfig: Setting CVar [[r.SkyAtmosphere.FastSkyLUT:1]]
[2024.03.20-08.07.58:074][  0]LogConfig: Setting CVar [[r.SkyAtmosphere.FastSkyLUT.SampleCountMin:4.0]]
[2024.03.20-08.07.58:074][  0]LogConfig: Setting CVar [[r.SkyAtmosphere.FastSkyLUT.SampleCountMax:128.0]]
[2024.03.20-08.07.58:074][  0]LogConfig: Setting CVar [[r.SkyAtmosphere.SampleCountMin:4.0]]
[2024.03.20-08.07.58:074][  0]LogConfig: Setting CVar [[r.SkyAtmosphere.SampleCountMax:128.0]]
[2024.03.20-08.07.58:074][  0]LogConfig: Setting CVar [[r.SkyAtmosphere.TransmittanceLUT.UseSmallFormat:0]]
[2024.03.20-08.07.58:074][  0]LogConfig: Setting CVar [[r.SkyAtmosphere.TransmittanceLUT.SampleCount:10.0]]
[2024.03.20-08.07.58:074][  0]LogConfig: Setting CVar [[r.SkyAtmosphere.MultiScatteringLUT.SampleCount:15.0]]
[2024.03.20-08.07.58:074][  0]LogConfig: Setting CVar [[r.SkyLight.RealTimeReflectionCapture:1]]
[2024.03.20-08.07.58:074][  0]LogConfig: Applying CVar settings from Section [FoliageQuality@3] File [D:/GitHub/NetShootRewrite/Saved/Config/Windows/Scalability.ini]
[2024.03.20-08.07.58:074][  0]LogConfig: Setting CVar [[foliage.DensityScale:1.0]]
[2024.03.20-08.07.58:074][  0]LogConfig: Setting CVar [[grass.DensityScale:1.0]]
[2024.03.20-08.07.58:074][  0]LogConfig: Applying CVar settings from Section [ShadingQuality@3] File [D:/GitHub/NetShootRewrite/Saved/Config/Windows/Scalability.ini]
[2024.03.20-08.07.58:074][  0]LogConfig: Setting CVar [[r.HairStrands.SkyLighting.IntegrationType:2]]
[2024.03.20-08.07.58:074][  0]LogConfig: Setting CVar [[r.HairStrands.SkyAO.SampleCount:4]]
[2024.03.20-08.07.58:074][  0]LogConfig: Setting CVar [[r.HairStrands.Visibility.MSAA.SamplePerPixel:4]]
[2024.03.20-08.07.58:074][  0]LogInit: Selected Device Profile: [Windows]
[2024.03.20-08.07.58:074][  0]LogInit: Applying CVar settings loaded from the selected device profile: [Windows]
[2024.03.20-08.07.58:074][  0]LogHAL: Display: Platform has ~ 16 GB [17105735680 / 17179869184 / 16], which maps to Larger [LargestMinGB=32, LargerMinGB=12, DefaultMinGB=8, SmallerMinGB=6, SmallestMinGB=0)
[2024.03.20-08.07.58:074][  0]LogInit: Going up to parent DeviceProfile []
[2024.03.20-08.07.58:074][  0]LogConfig: Applying CVar settings from Section [ViewDistanceQuality@3] File [D:/GitHub/NetShootRewrite/Saved/Config/Windows/Scalability.ini]
[2024.03.20-08.07.58:074][  0]LogConfig: Setting CVar [[r.SkeletalMeshLODBias:0]]
[2024.03.20-08.07.58:074][  0]LogConfig: Setting CVar [[r.ViewDistanceScale:1.0]]
[2024.03.20-08.07.58:074][  0]LogConfig: Applying CVar settings from Section [AntiAliasingQuality@3] File [D:/GitHub/NetShootRewrite/Saved/Config/Windows/Scalability.ini]
[2024.03.20-08.07.58:074][  0]LogConfig: Setting CVar [[r.PostProcessAAQuality:4]]
[2024.03.20-08.07.58:074][  0]LogConfig: Applying CVar settings from Section [ShadowQuality@3] File [D:/GitHub/NetShootRewrite/Saved/Config/Windows/Scalability.ini]
[2024.03.20-08.07.58:074][  0]LogConfig: Setting CVar [[r.LightFunctionQuality:1]]
[2024.03.20-08.07.58:074][  0]LogConfig: Setting CVar [[r.ShadowQuality:5]]
[2024.03.20-08.07.58:074][  0]LogConfig: Setting CVar [[r.Shadow.CSM.MaxCascades:10]]
[2024.03.20-08.07.58:074][  0]LogConfig: Setting CVar [[r.Shadow.MaxResolution:2048]]
[2024.03.20-08.07.58:074][  0]LogConfig: Setting CVar [[r.Shadow.MaxCSMResolution:2048]]
[2024.03.20-08.07.58:074][  0]LogConfig: Setting CVar [[r.Shadow.RadiusThreshold:0.01]]
[2024.03.20-08.07.58:074][  0]LogConfig: Setting CVar [[r.Shadow.DistanceScale:1.0]]
[2024.03.20-08.07.58:074][  0]LogConfig: Setting CVar [[r.Shadow.CSM.TransitionScale:1.0]]
[2024.03.20-08.07.58:074][  0]LogConfig: Setting CVar [[r.Shadow.PreShadowResolutionFactor:1.0]]
[2024.03.20-08.07.58:074][  0]LogConfig: Setting CVar [[r.DistanceFieldShadowing:1]]
[2024.03.20-08.07.58:074][  0]LogConfig: Setting CVar [[r.DistanceFieldAO:1]]
[2024.03.20-08.07.58:074][  0]LogConfig: Setting CVar [[r.AOQuality:2]]
[2024.03.20-08.07.58:074][  0]LogConfig: Setting CVar [[r.VolumetricFog:1]]
[2024.03.20-08.07.58:074][  0]LogConfig: Setting CVar [[r.VolumetricFog.GridPixelSize:8]]
[2024.03.20-08.07.58:074][  0]LogConfig: Setting CVar [[r.VolumetricFog.GridSizeZ:128]]
[2024.03.20-08.07.58:074][  0]LogConfig: Setting CVar [[r.VolumetricFog.HistoryMissSupersampleCount:4]]
[2024.03.20-08.07.58:074][  0]LogConfig: Setting CVar [[r.LightMaxDrawDistanceScale:1]]
[2024.03.20-08.07.58:074][  0]LogConfig: Setting CVar [[r.CapsuleShadows:1]]
[2024.03.20-08.07.58:074][  0]LogConfig: Applying CVar settings from Section [PostProcessQuality@3] File [D:/GitHub/NetShootRewrite/Saved/Config/Windows/Scalability.ini]
[2024.03.20-08.07.58:074][  0]LogConfig: Setting CVar [[r.MotionBlurQuality:4]]
[2024.03.20-08.07.58:074][  0]LogConfig: Setting CVar [[r.AmbientOcclusionMipLevelFactor:0.4]]
[2024.03.20-08.07.58:074][  0]LogConfig: Setting CVar [[r.AmbientOcclusionMaxQuality:100]]
[2024.03.20-08.07.58:074][  0]LogConfig: Setting CVar [[r.AmbientOcclusionLevels:-1]]
[2024.03.20-08.07.58:074][  0]LogConfig: Setting CVar [[r.AmbientOcclusionRadiusScale:1.0]]
[2024.03.20-08.07.58:074][  0]LogConfig: Setting CVar [[r.DepthOfFieldQuality:2]]
[2024.03.20-08.07.58:074][  0]LogConfig: Setting CVar [[r.RenderTargetPoolMin:400]]
[2024.03.20-08.07.58:074][  0]LogConfig: Setting CVar [[r.LensFlareQuality:2]]
[2024.03.20-08.07.58:074][  0]LogConfig: Setting CVar [[r.SceneColorFringeQuality:1]]
[2024.03.20-08.07.58:074][  0]LogConfig: Setting CVar [[r.EyeAdaptationQuality:2]]
[2024.03.20-08.07.58:074][  0]LogConfig: Setting CVar [[r.BloomQuality:5]]
[2024.03.20-08.07.58:074][  0]LogConfig: Setting CVar [[r.FastBlurThreshold:100]]
[2024.03.20-08.07.58:074][  0]LogConfig: Setting CVar [[r.Upscale.Quality:3]]
[2024.03.20-08.07.58:074][  0]LogConfig: Setting CVar [[r.Tonemapper.GrainQuantization:1]]
[2024.03.20-08.07.58:074][  0]LogConfig: Setting CVar [[r.LightShaftQuality:1]]
[2024.03.20-08.07.58:074][  0]LogConfig: Setting CVar [[r.Filter.SizeScale:1]]
[2024.03.20-08.07.58:074][  0]LogConfig: Setting CVar [[r.Tonemapper.Quality:5]]
[2024.03.20-08.07.58:074][  0]LogConfig: Setting CVar [[r.DOF.Gather.AccumulatorQuality:1        ; higher gathering accumulator quality]]
[2024.03.20-08.07.58:074][  0]LogConfig: Setting CVar [[r.DOF.Gather.PostfilterMethod:1          ; Median3x3 postfilering method]]
[2024.03.20-08.07.58:074][  0]LogConfig: Setting CVar [[r.DOF.Gather.EnableBokehSettings:0       ; no bokeh simulation when gathering]]
[2024.03.20-08.07.58:074][  0]LogConfig: Setting CVar [[r.DOF.Gather.RingCount:4                 ; medium number of samples when gathering]]
[2024.03.20-08.07.58:074][  0]LogConfig: Setting CVar [[r.DOF.Scatter.ForegroundCompositing:1    ; additive foreground scattering]]
[2024.03.20-08.07.58:074][  0]LogConfig: Setting CVar [[r.DOF.Scatter.BackgroundCompositing:2    ; additive background scattering]]
[2024.03.20-08.07.58:074][  0]LogConfig: Setting CVar [[r.DOF.Scatter.EnableBokehSettings:1      ; bokeh simulation when scattering]]
[2024.03.20-08.07.58:074][  0]LogConfig: Setting CVar [[r.DOF.Scatter.MaxSpriteRatio:0.1         ; only a maximum of 10% of scattered bokeh]]
[2024.03.20-08.07.58:074][  0]LogConfig: Setting CVar [[r.DOF.Recombine.Quality:1                ; cheap slight out of focus]]
[2024.03.20-08.07.58:074][  0]LogConfig: Setting CVar [[r.DOF.Recombine.EnableBokehSettings:0    ; no bokeh simulation on slight out of focus]]
[2024.03.20-08.07.58:074][  0]LogConfig: Setting CVar [[r.DOF.TemporalAAQuality:1                ; more stable temporal accumulation]]
[2024.03.20-08.07.58:074][  0]LogConfig: Setting CVar [[r.DOF.Kernel.MaxForegroundRadius:0.025]]
[2024.03.20-08.07.58:074][  0]LogConfig: Setting CVar [[r.DOF.Kernel.MaxBackgroundRadius:0.025]]
[2024.03.20-08.07.58:074][  0]LogConfig: Applying CVar settings from Section [TextureQuality@3] File [D:/GitHub/NetShootRewrite/Saved/Config/Windows/Scalability.ini]
[2024.03.20-08.07.58:074][  0]LogConfig: Setting CVar [[r.Streaming.MipBias:0]]
[2024.03.20-08.07.58:074][  0]LogConfig: Setting CVar [[r.Streaming.AmortizeCPUToGPUCopy:0]]
[2024.03.20-08.07.58:075][  0]LogConfig: Setting CVar [[r.Streaming.MaxNumTexturesToStreamPerFrame:0]]
[2024.03.20-08.07.58:075][  0]LogConfig: Setting CVar [[r.Streaming.Boost:1]]
[2024.03.20-08.07.58:075][  0]LogConfig: Setting CVar [[r.MaxAnisotropy:8]]
[2024.03.20-08.07.58:075][  0]LogConfig: Setting CVar [[r.VT.MaxAnisotropy:8]]
[2024.03.20-08.07.58:075][  0]LogConfig: Setting CVar [[r.Streaming.LimitPoolSizeToVRAM:0]]
[2024.03.20-08.07.58:075][  0]LogConfig: Setting CVar [[r.Streaming.PoolSize:1000]]
[2024.03.20-08.07.58:075][  0]LogConfig: Setting CVar [[r.Streaming.MaxEffectiveScreenSize:0]]
[2024.03.20-08.07.58:075][  0]LogConfig: Applying CVar settings from Section [EffectsQuality@3] File [D:/GitHub/NetShootRewrite/Saved/Config/Windows/Scalability.ini]
[2024.03.20-08.07.58:075][  0]LogConfig: Setting CVar [[r.TranslucencyLightingVolumeDim:64]]
[2024.03.20-08.07.58:075][  0]LogConfig: Setting CVar [[r.RefractionQuality:2]]
[2024.03.20-08.07.58:075][  0]LogConfig: Setting CVar [[r.SSR.Quality:3]]
[2024.03.20-08.07.58:075][  0]LogConfig: Setting CVar [[r.SSR.HalfResSceneColor:0]]
[2024.03.20-08.07.58:075][  0]LogConfig: Setting CVar [[r.SceneColorFormat:4]]
[2024.03.20-08.07.58:075][  0]LogConfig: Setting CVar [[r.DetailMode:2]]
[2024.03.20-08.07.58:075][  0]LogConfig: Setting CVar [[r.TranslucencyVolumeBlur:1]]
[2024.03.20-08.07.58:075][  0]LogConfig: Setting CVar [[r.MaterialQualityLevel:1 ; High quality]]
[2024.03.20-08.07.58:075][  0]LogConfig: Setting CVar [[r.AnisotropicMaterials:1]]
[2024.03.20-08.07.58:075][  0]LogConfig: Setting CVar [[r.SSS.Scale:1]]
[2024.03.20-08.07.58:075][  0]LogConfig: Setting CVar [[r.SSS.SampleSet:2]]
[2024.03.20-08.07.58:075][  0]LogConfig: Setting CVar [[r.SSS.Quality:1]]
[2024.03.20-08.07.58:075][  0]LogConfig: Setting CVar [[r.SSS.HalfRes:0]]
[2024.03.20-08.07.58:075][  0]LogConfig: Setting CVar [[r.SSGI.Quality:3]]
[2024.03.20-08.07.58:075][  0]LogConfig: Setting CVar [[r.EmitterSpawnRateScale:1.0]]
[2024.03.20-08.07.58:075][  0]LogConfig: Setting CVar [[r.ParticleLightQuality:2]]
[2024.03.20-08.07.58:075][  0]LogConfig: Setting CVar [[r.SkyAtmosphere.AerialPerspectiveLUT.FastApplyOnOpaque:1 ; Always have FastSkyLUT 1 in this case to avoid wrong sky]]
[2024.03.20-08.07.58:075][  0]LogConfig: Setting CVar [[r.SkyAtmosphere.AerialPerspectiveLUT.SampleCountMaxPerSlice:4]]
[2024.03.20-08.07.58:075][  0]LogConfig: Setting CVar [[r.SkyAtmosphere.AerialPerspectiveLUT.DepthResolution:16.0]]
[2024.03.20-08.07.58:075][  0]LogConfig: Setting CVar [[r.SkyAtmosphere.FastSkyLUT:1]]
[2024.03.20-08.07.58:075][  0]LogConfig: Setting CVar [[r.SkyAtmosphere.FastSkyLUT.SampleCountMin:4.0]]
[2024.03.20-08.07.58:075][  0]LogConfig: Setting CVar [[r.SkyAtmosphere.FastSkyLUT.SampleCountMax:128.0]]
[2024.03.20-08.07.58:075][  0]LogConfig: Setting CVar [[r.SkyAtmosphere.SampleCountMin:4.0]]
[2024.03.20-08.07.58:075][  0]LogConfig: Setting CVar [[r.SkyAtmosphere.SampleCountMax:128.0]]
[2024.03.20-08.07.58:075][  0]LogConfig: Setting CVar [[r.SkyAtmosphere.TransmittanceLUT.UseSmallFormat:0]]
[2024.03.20-08.07.58:075][  0]LogConfig: Setting CVar [[r.SkyAtmosphere.TransmittanceLUT.SampleCount:10.0]]
[2024.03.20-08.07.58:075][  0]LogConfig: Setting CVar [[r.SkyAtmosphere.MultiScatteringLUT.SampleCount:15.0]]
[2024.03.20-08.07.58:075][  0]LogConfig: Setting CVar [[r.SkyLight.RealTimeReflectionCapture:1]]
[2024.03.20-08.07.58:075][  0]LogConfig: Applying CVar settings from Section [FoliageQuality@3] File [D:/GitHub/NetShootRewrite/Saved/Config/Windows/Scalability.ini]
[2024.03.20-08.07.58:075][  0]LogConfig: Setting CVar [[foliage.DensityScale:1.0]]
[2024.03.20-08.07.58:075][  0]LogConfig: Setting CVar [[grass.DensityScale:1.0]]
[2024.03.20-08.07.58:075][  0]LogConfig: Applying CVar settings from Section [ShadingQuality@3] File [D:/GitHub/NetShootRewrite/Saved/Config/Windows/Scalability.ini]
[2024.03.20-08.07.58:075][  0]LogConfig: Setting CVar [[r.HairStrands.SkyLighting.IntegrationType:2]]
[2024.03.20-08.07.58:075][  0]LogConfig: Setting CVar [[r.HairStrands.SkyAO.SampleCount:4]]
[2024.03.20-08.07.58:075][  0]LogConfig: Setting CVar [[r.HairStrands.Visibility.MSAA.SamplePerPixel:4]]
[2024.03.20-08.07.58:075][  0]LogConfig: Applying CVar settings from Section [Startup] File [../../../Engine/Config/ConsoleVariables.ini]
[2024.03.20-08.07.58:075][  0]LogConfig: Setting CVar [[net.UseAdaptiveNetUpdateFrequency:0]]
[2024.03.20-08.07.58:075][  0]LogConfig: Setting CVar [[p.chaos.AllowCreatePhysxBodies:1]]
[2024.03.20-08.07.58:075][  0]LogConfig: Setting CVar [[fx.SkipVectorVMBackendOptimizations:1]]
[2024.03.20-08.07.58:075][  0]LogConfig: Applying CVar settings from Section [ConsoleVariables] File [D:/GitHub/NetShootRewrite/Saved/Config/Windows/Engine.ini]
[2024.03.20-08.07.58:075][  0]LogConfig: Applying CVar settings from Section [ConsoleVariables] File [D:/GitHub/NetShootRewrite/Saved/Config/Windows/Editor.ini]
[2024.03.20-08.07.58:075][  0]LogInit: Computer: DESKTOP-6POMQQ5
[2024.03.20-08.07.58:075][  0]LogInit: User: ZTT
[2024.03.20-08.07.58:075][  0]LogInit: CPU Page size=4096, Cores=6
[2024.03.20-08.07.58:075][  0]LogInit: High frequency timer resolution =10.000000 MHz
[2024.03.20-08.07.58:076][  0]LogMemory: Memory total: Physical=15.9GB (16GB approx)
[2024.03.20-08.07.58:076][  0]LogMemory: Platform Memory Stats for Windows
[2024.03.20-08.07.58:076][  0]LogMemory: Process Physical Memory: 144.56 MB used, 144.56 MB peak
[2024.03.20-08.07.58:076][  0]LogMemory: Process Virtual Memory: 111.97 MB used, 111.97 MB peak
[2024.03.20-08.07.58:076][  0]LogMemory: Physical Memory: 13285.80 MB used,  3027.50 MB free, 16313.30 MB total
[2024.03.20-08.07.58:076][  0]LogMemory: Virtual Memory: 134207728.00 MB used,  10003.15 MB free, 134217728.00 MB total
[2024.03.20-08.07.58:085][  0]LogWindows: WindowsPlatformFeatures enabled
[2024.03.20-08.07.58:124][  0]LogInit: Physics initialised using underlying interface: PhysX
[2024.03.20-08.07.58:126][  0]LogInit: Overriding language with editor language configuration option (zh-Hans).
[2024.03.20-08.07.58:126][  0]LogInit: Using OS detected locale (zh-CN).
[2024.03.20-08.07.58:361][  0]LogTextLocalizationResource: LocRes '../../../Engine/Content/Localization/Editor/zh/Editor.locres' could not be opened for reading!
[2024.03.20-08.07.58:361][  0]LogTextLocalizationResource: LocRes '../../../Engine/Content/Localization/EditorTutorials/zh/EditorTutorials.locres' could not be opened for reading!
[2024.03.20-08.07.58:361][  0]LogTextLocalizationResource: LocRes '../../../Engine/Content/Localization/Keywords/zh/Keywords.locres' could not be opened for reading!
[2024.03.20-08.07.58:361][  0]LogTextLocalizationResource: LocRes '../../../Engine/Content/Localization/Category/zh/Category.locres' could not be opened for reading!
[2024.03.20-08.07.58:361][  0]LogTextLocalizationResource: LocRes '../../../Engine/Content/Localization/ToolTips/zh/ToolTips.locres' could not be opened for reading!
[2024.03.20-08.07.58:362][  0]LogTextLocalizationResource: LocRes '../../../Engine/Content/Localization/PropertyNames/zh/PropertyNames.locres' could not be opened for reading!
[2024.03.20-08.07.58:362][  0]LogTextLocalizationResource: LocRes '../../../Engine/Content/Localization/Engine/zh/Engine.locres' could not be opened for reading!
[2024.03.20-08.07.58:362][  0]LogTextLocalizationResource: LocRes '../../../Engine/Plugins/Online/OnlineSubsystem/Content/Localization/OnlineSubsystem/zh/OnlineSubsystem.locres' could not be opened for reading!
[2024.03.20-08.07.58:362][  0]LogTextLocalizationResource: LocRes '../../../Engine/Plugins/Online/OnlineSubsystemUtils/Content/Localization/OnlineSubsystemUtils/zh/OnlineSubsystemUtils.locres' could not be opened for reading!
[2024.03.20-08.07.58:362][  0]LogTextLocalizationResource: LocRes '../../../Engine/Plugins/Online/Android/OnlineSubsystemGooglePlay/Content/Localization/OnlineSubsystemGooglePlay/zh/OnlineSubsystemGooglePlay.locres' could not be opened for reading!
[2024.03.20-08.07.58:362][  0]LogTextLocalizationResource: LocRes '../../../Engine/Plugins/Online/IOS/OnlineSubsystemIOS/Content/Localization/OnlineSubsystemIOS/zh/OnlineSubsystemIOS.locres' could not be opened for reading!
[2024.03.20-08.07.58:410][  0]LogInit: Setting process to per monitor DPI aware
[2024.03.20-08.07.58:511][  0]LogWindowsTextInputMethodSystem: Display: IME system deactivated.
[2024.03.20-08.07.58:530][  0]LogSlate: New Slate User Created.  User Index 0, Is Virtual User: 0
[2024.03.20-08.07.58:530][  0]LogSlate: Slate User Registered.  User Index 0, Is Virtual User: 0
[2024.03.20-08.07.58:925][  0]LogD3D11RHI: Loaded GFSDK_Aftermath_Lib.x64.dll
[2024.03.20-08.07.58:930][  0]LogHMD: Failed to initialize OpenVR with code 110
[2024.03.20-08.07.58:930][  0]LogD3D11RHI: D3D11 min allowed feature level: 11_0
[2024.03.20-08.07.58:930][  0]LogD3D11RHI: D3D11 max allowed feature level: 11_0
[2024.03.20-08.07.58:930][  0]LogD3D11RHI: D3D11 adapters:
[2024.03.20-08.07.59:148][  0]LogD3D11RHI:    0. 'NVIDIA GeForce GTX 1660 Ti' (Feature Level 11_0)
[2024.03.20-08.07.59:148][  0]LogD3D11RHI:       5979/0/8156 MB DedicatedVideo/DedicatedSystem/SharedSystem, Outputs:1, VendorId:0x10de
[2024.03.20-08.07.59:152][  0]LogD3D11RHI:    1. 'Microsoft Basic Render Driver' (Feature Level 11_0)
[2024.03.20-08.07.59:152][  0]LogD3D11RHI:       0/0/8156 MB DedicatedVideo/DedicatedSystem/SharedSystem, Outputs:0, VendorId:0x1414
[2024.03.20-08.07.59:270][  0]LogD3D11RHI:    2. 'NVIDIA GeForce GTX 1660 Ti' (Feature Level 11_0)
[2024.03.20-08.07.59:270][  0]LogD3D11RHI:       5979/0/8156 MB DedicatedVideo/DedicatedSystem/SharedSystem, Outputs:0, VendorId:0x10de
[2024.03.20-08.07.59:270][  0]LogD3D11RHI: Chosen D3D11 Adapter:
[2024.03.20-08.07.59:270][  0]LogD3D11RHI:     Description : NVIDIA GeForce GTX 1660 Ti
[2024.03.20-08.07.59:270][  0]LogD3D11RHI:     VendorId    : 10de
[2024.03.20-08.07.59:270][  0]LogD3D11RHI:     DeviceId    : 2182
[2024.03.20-08.07.59:270][  0]LogD3D11RHI:     SubSysId    : 3fbe1458
[2024.03.20-08.07.59:270][  0]LogD3D11RHI:     Revision    : 00a1
[2024.03.20-08.07.59:270][  0]LogD3D11RHI:     DedicatedVideoMemory : 6269435904 bytes
[2024.03.20-08.07.59:270][  0]LogD3D11RHI:     DedicatedSystemMemory : 0 bytes
[2024.03.20-08.07.59:270][  0]LogD3D11RHI:     SharedSystemMemory : 8552867840 bytes
[2024.03.20-08.07.59:270][  0]LogD3D11RHI:     AdapterLuid : 0 50802
[2024.03.20-08.07.59:275][  0]LogD3D11RHI: Creating new Direct3DDevice
[2024.03.20-08.07.59:275][  0]LogD3D11RHI:     GPU DeviceId: 0x2182 (for the marketing name, search the web for "GPU Device Id")
[2024.03.20-08.07.59:275][  0]LogWindows: EnumDisplayDevices:
[2024.03.20-08.07.59:275][  0]LogWindows:    0. 'NVIDIA GeForce GTX 1660 Ti' (P:1 D:1)
[2024.03.20-08.07.59:275][  0]LogWindows:    1. 'NVIDIA GeForce GTX 1660 Ti' (P:0 D:0)
[2024.03.20-08.07.59:276][  0]LogWindows:    2. 'NVIDIA GeForce GTX 1660 Ti' (P:0 D:0)
[2024.03.20-08.07.59:276][  0]LogWindows:    3. 'NVIDIA GeForce GTX 1660 Ti' (P:0 D:0)
[2024.03.20-08.07.59:277][  0]LogWindows:    4. 'OrayIddDriver Device' (P:0 D:0)
[2024.03.20-08.07.59:277][  0]LogWindows:    5. 'OrayIddDriver Device' (P:0 D:0)
[2024.03.20-08.07.59:278][  0]LogWindows:    6. 'OrayIddDriver Device' (P:0 D:0)
[2024.03.20-08.07.59:278][  0]LogWindows:    7. 'OrayIddDriver Device' (P:0 D:0)
[2024.03.20-08.07.59:279][  0]LogWindows:    8. 'OrayIddDriver Device' (P:0 D:0)
[2024.03.20-08.07.59:279][  0]LogWindows: DebugString: GetVideoDriverDetailsInvalid PrimaryIsNotTheChoosenAdapter GetVideoDriverDetailsInvalid PrimaryIsNotTheChoosenAdapter GetVideoDriverDetailsInvalid PrimaryIsNotTheChoosenAdapter GetVideoDriverDetailsInvalid PrimaryIsNotTheChoosenAdapter GetVideoDriverDetailsInvalid PrimaryIsNotTheChoosenAdapter FoundDriverCount:4 
[2024.03.20-08.07.59:279][  0]LogD3D11RHI:     Adapter Name: NVIDIA GeForce GTX 1660 Ti
[2024.03.20-08.07.59:279][  0]LogD3D11RHI:   Driver Version: 536.23 (internal:31.0.15.3623, unified:536.23)
[2024.03.20-08.07.59:279][  0]LogD3D11RHI:      Driver Date: 6-8-2023
[2024.03.20-08.07.59:279][  0]LogRHI: Texture pool is 4185 MB (70% of 5979 MB)
[2024.03.20-08.07.59:279][  0]LogD3D11RHI: Creating D3DDevice using adapter:
[2024.03.20-08.07.59:279][  0]LogD3D11RHI:     Description : NVIDIA GeForce GTX 1660 Ti
[2024.03.20-08.07.59:279][  0]LogD3D11RHI:     VendorId    : 10de
[2024.03.20-08.07.59:279][  0]LogD3D11RHI:     DeviceId    : 2182
[2024.03.20-08.07.59:279][  0]LogD3D11RHI:     SubSysId    : 3fbe1458
[2024.03.20-08.07.59:279][  0]LogD3D11RHI:     Revision    : 00a1
[2024.03.20-08.07.59:279][  0]LogD3D11RHI:     DedicatedVideoMemory : 6269435904 bytes
[2024.03.20-08.07.59:279][  0]LogD3D11RHI:     DedicatedSystemMemory : 0 bytes
[2024.03.20-08.07.59:279][  0]LogD3D11RHI:     SharedSystemMemory : 8552867840 bytes
[2024.03.20-08.07.59:279][  0]LogD3D11RHI:     AdapterLuid : 0 50802
[2024.03.20-08.07.59:372][  0]LogD3D11RHI: RHI has support for 64 bit atomics
[2024.03.20-08.07.59:372][  0]LogD3D11RHI: Async texture creation enabled
[2024.03.20-08.07.59:372][  0]LogD3D11RHI: Array index from any shader is supported
[2024.03.20-08.07.59:376][  0]LogD3D11RHI: HDR output is supported on display 0 (NvId: 0x80061086).
[2024.03.20-08.07.59:391][  0]LogD3D11RHI: GPU Timing Frequency: 1000.000000 (Debug: 2 1)
[2024.03.20-08.07.59:471][  0]LogRHI: GeForceNow SDK initialized: 1
[2024.03.20-08.07.59:721][  0]LogTargetPlatformManager: Display: Loaded TargetPlatform 'AllDesktop'
[2024.03.20-08.07.59:742][  0]LogTargetPlatformManager: Display: Loaded TargetPlatform 'Android'
[2024.03.20-08.07.59:742][  0]LogTargetPlatformManager: Display: Loaded TargetPlatform 'Android_ASTC'
[2024.03.20-08.07.59:742][  0]LogTargetPlatformManager: Display: Loaded TargetPlatform 'Android_DXT'
[2024.03.20-08.07.59:742][  0]LogTargetPlatformManager: Display: Loaded TargetPlatform 'Android_ETC2'
[2024.03.20-08.07.59:742][  0]LogTargetPlatformManager: Display: Loaded TargetPlatform 'AndroidClient'
[2024.03.20-08.07.59:742][  0]LogTargetPlatformManager: Display: Loaded TargetPlatform 'Android_ASTCClient'
[2024.03.20-08.07.59:742][  0]LogTargetPlatformManager: Display: Loaded TargetPlatform 'Android_DXTClient'
[2024.03.20-08.07.59:742][  0]LogTargetPlatformManager: Display: Loaded TargetPlatform 'Android_ETC2Client'
[2024.03.20-08.07.59:742][  0]LogTargetPlatformManager: Display: Loaded TargetPlatform 'Android_Multi'
[2024.03.20-08.07.59:742][  0]LogTargetPlatformManager: Display: Loaded TargetPlatform 'Android_MultiClient'
[2024.03.20-08.07.59:763][  0]LogTargetPlatformManager: Display: Loaded TargetPlatform 'IOSClient'
[2024.03.20-08.07.59:763][  0]LogTargetPlatformManager: Display: Loaded TargetPlatform 'IOS'
[2024.03.20-08.07.59:787][  0]LogTargetPlatformManager: Display: Loaded TargetPlatform 'Lumin'
[2024.03.20-08.07.59:787][  0]LogTargetPlatformManager: Display: Loaded TargetPlatform 'LuminClient'
[2024.03.20-08.07.59:797][  0]LogTargetPlatformManager: Display: Loaded TargetPlatform 'MacNoEditor'
[2024.03.20-08.07.59:802][  0]LogTargetPlatformManager: Display: Loaded TargetPlatform 'Mac'
[2024.03.20-08.07.59:807][  0]LogTargetPlatformManager: Display: Loaded TargetPlatform 'MacClient'
[2024.03.20-08.07.59:812][  0]LogTargetPlatformManager: Display: Loaded TargetPlatform 'MacServer'
[2024.03.20-08.07.59:822][  0]LogTargetPlatformManager: Display: Loaded TargetPlatform 'TVOSClient'
[2024.03.20-08.07.59:822][  0]LogTargetPlatformManager: Display: Loaded TargetPlatform 'TVOS'
[2024.03.20-08.07.59:832][  0]LogTargetPlatformManager: Display: Loaded TargetPlatform 'WindowsNoEditor'
[2024.03.20-08.07.59:838][  0]LogTargetPlatformManager: Display: Loaded TargetPlatform 'Windows'
[2024.03.20-08.07.59:843][  0]LogTargetPlatformManager: Display: Loaded TargetPlatform 'WindowsClient'
[2024.03.20-08.07.59:848][  0]LogTargetPlatformManager: Display: Loaded TargetPlatform 'WindowsServer'
[2024.03.20-08.07.59:848][  0]LogTargetPlatformManager: Display: Building Assets For Windows
[2024.03.20-08.07.59:860][  0]LogAudioDebug: Display: Lib vorbis DLL was dynamically loaded.
[2024.03.20-08.07.59:919][  0]LogTextureFormatOodle: Display: Oodle Texture 2.9.0 init RDO Off
[2024.03.20-08.08.00:003][  0]LogRendererCore: Ray tracing is disabled. Reason: r.RayTracing=0.
[2024.03.20-08.08.00:003][  0]LogShaderCompilers: Guid format shader working directory is 18 characters bigger than the processId version (D:/GitHub/NetShootRewrite/Intermediate/Shaders/WorkingDirectory/17220/).
[2024.03.20-08.08.00:004][  0]LogShaderCompilers: Cleaned the shader compiler working directory 'C:/Users/ZTT/AppData/Local/Temp/UnrealShaderWorkingDir/421547194C72391460385296AEE4A577/'.
[2024.03.20-08.08.00:005][  0]LogShaderCompilers: Display: Using XGE Controller for Shader Compilation.
[2024.03.20-08.08.00:829][  0]LogDerivedDataCache: Display: Max Cache Size: 512 MB
[2024.03.20-08.08.01:693][  0]LogDerivedDataCache: Loaded boot cache 0.86s 94MB D:/GitHub/NetShootRewrite/DerivedDataCache/Boot.ddc.
[2024.03.20-08.08.01:693][  0]LogDerivedDataCache: Display: Loaded Boot cache: D:/GitHub/NetShootRewrite/DerivedDataCache/Boot.ddc
[2024.03.20-08.08.01:693][  0]LogDerivedDataCache: FDerivedDataBackendGraph:  Pak pak cache file D:/GitHub/NetShootRewrite/DerivedDataCache/DDC.ddp not found, will not use a pak cache.
[2024.03.20-08.08.01:693][  0]LogDerivedDataCache: Unable to find inner node Pak for hierarchical cache Hierarchy.
[2024.03.20-08.08.01:693][  0]LogDerivedDataCache: FDerivedDataBackendGraph:  EnginePak pak cache file ../../../Engine/DerivedDataCache/DDC.ddp not found, will not use a pak cache.
[2024.03.20-08.08.01:693][  0]LogDerivedDataCache: Unable to find inner node EnginePak for hierarchical cache Hierarchy.
[2024.03.20-08.08.01:708][  0]LogDerivedDataCache: Speed tests for ../../../Engine/DerivedDataCache took 0.01 seconds
[2024.03.20-08.08.01:708][  0]LogDerivedDataCache: Display: Performance to ../../../Engine/DerivedDataCache: Latency=0.20ms. RandomReadSpeed=156.77MBs, RandomWriteSpeed=156.94MBs. Assigned SpeedClass 'Local'
[2024.03.20-08.08.01:708][  0]LogDerivedDataCache: Using Local data cache path ../../../Engine/DerivedDataCache: Writable
[2024.03.20-08.08.01:708][  0]LogDerivedDataCache: Shared data cache path not found in *engine.ini, will not use an Shared cache.
[2024.03.20-08.08.01:708][  0]LogDerivedDataCache: Unable to find inner node Shared for hierarchical cache Hierarchy.
[2024.03.20-08.08.01:749][  0]LogSlate: Using FreeType 2.10.0
[2024.03.20-08.08.01:751][  0]LogSlate: SlateFontServices - WITH_FREETYPE: 1, WITH_HARFBUZZ: 1
[2024.03.20-08.08.01:792][  0]LogAssetRegistry: FAssetRegistry took 0.0023 seconds to start up
[2024.03.20-08.08.02:000][  0]LogInit: Selected Device Profile: [Windows]
[2024.03.20-08.08.02:000][  0]LogInit: Active device profile: [000002626887ED00][0000026269570640 49] Windows
[2024.03.20-08.08.02:000][  0]LogInit: Profiles: [000002626887ED00][0000026269570640 49] Windows, [0000026268841600][00000262695787C0 49] WindowsNoEditor, [000002626887D500][000002626957C940 49] WindowsServer, [0000026268842B00][0000026269580AC0 49] WindowsClient, [000002626887EA00][0000026269588C40 49] IOS, [0000026268841A00][000002626958CDC0 49] iPadAir, [000002626887D900][0000026269590F40 49] iPadAir2, [00000262687CFC00][0000026269599200 49] IPadPro, [00000262687CFD00][0000026269595240 49] iPadAir3, [000002626887EF00][000002626959D3C0 49] iPadAir4, [00000262687CD900][00000262695A1540 49] iPadMini2, [000002626887D300][00000262695A56C0 49] iPadMini3, [00000262687CCD00][00000262695A9840 49] iPadMini4, [000002626887C900][00000262695AD9C0 49] iPadMini5, [000002626881B500][00000262695B4100 49] iPhone6, [000002626881B600][00000262695B0140 49] iPodTouch6, [00000262687CC700][00000262695B8380 49] iPhone7, [00000262687CC600][00000262695743C0 49] iPodTouch7, [0000026268819800][00000262695BC500 49] iPhone5S, [00000262687CF600][00000262695C4680 49] iPhone6Plus, [000002626881B800][00000262695C8800 49] iPhone6S, [00000262687CDB00][00000262695CC980 49] iPhone6SPlus, [0000026268819700][00000262695D0B00 49] iPhone7Plus, [00000262687CF100][00000262695D4C80 49] iPhoneSE, [000002626881A500][00000262695D8E00 49] iPhone8, [00000262687CD500][00000262695DCF80 49] iPhone8Plus, [0000026268819E00][00000262695E1100 49] iPhoneX, [00000262687CD000][00000262695E5280 49] iPhoneXS, [000002626881A200][00000262695E9400 49] iPhoneXSMax, [00000262687CC500][00000262695ED580 49] iPhoneXR, [000002626881A100][00000262695F1700 49] iPhone11, [00000262687CED00][00000262695F5880 49] iPhone11Pro, [0000026268819600][00000262695F9A00 49] iPhone11ProMax, [00000262687CDD00][00000262695FDB80 49] iPhoneSE2, [000002626881B200][0000026269600180 49] iPhone12Mini, [00000262687CDE00][000002626972E300 49] iPhone12, [0000026268818300][00000262695C0440 49] iPhone12Pro, [00000262687CF500][0000026269732580 49] iPhone12ProMax, [000002626881BC00][00000262697366C0 49] iPadPro105, [00000262687CC200][000002626973E840 49] iPadPro129, [0000026268818E00][00000262697429C0 49] iPadPro97, [00000262687CC100][0000026269746B40 49] iPadPro2_129, [000002626881BF00][000002626974ACC0 49] iPad5, [00000262687CC900][000002626974EE40 49] iPad6, [000002626881BB00][0000026269752FC0 49] iPad7, [00000262687CEA00][0000026269757140 49] iPad8, [000002626881A800][000002626975F2C0 49] iPadPro11, [00000262687CCA00][0000026269763440 49] iPadPro2_11, [0000026268818700][000002626976B5C0 49] iPadPro3_129, [00000262687CF200][0000026269777740 49] iPadPro4_129, [000002626881BA00][000002626977B8C0 49] AppleTV, [00000262687CCC00][0000026269787A40 49] AppleTV4K, [000002626881AC00][000002626978BBC0 49] TVOS, [00000262687CF000][00000262697921C0 49] Mac, [0000026268840E00][000002626979A340 49] MacClient, [00000262688C4800][000002626979E4C0 49] MacNoEditor, [0000026268841500][000002626973A600 49] MacServer, [00000262688C4300][00000262697F6740 49] Linux, [0000026268842D00][00000262697FA880 49] LinuxAArch64, [00000262688C4B00][00000262697FE9C0 49] LinuxNoEditor, [0000026268841D00][0000026269806B40 49] LinuxAArch64NoEditor, [00000262688C5500][000002626980ACC0 49] LinuxClient, [0000026268840500][000002626980EE40 49] LinuxAArch64Client, [00000262688C5100][0000026269812FC0 49] LinuxServer, [0000026268843600][000002626981B140 49] LinuxAArch64Server, [00000262688C5200][000002626981F2C0 49] Android, [0000026268840400][0000026269827440 49] Android_Low, [00000262688C4C00][00000262698415C0 49] Android_Mid, [0000026268840D00][0000026269875740 49] Android_High, [00000262688C5300][000002626987D8C0 49] Android_Default, [0000026268840300][0000026269881A40 49] Android_Adreno4xx, [00000262688C5900][00000262698B7BC0 49] Android_Adreno5xx_Low, [0000026268843700][00000262698FE1C0 49] Android_Adreno5xx, [00000262688C4900][0000026269902340 49] Android_Adreno6xx, [0000026268842200][000002626995A4C0 49] Android_Adreno6xx_Vulkan, [00000262688C4F00][000002626995E640 49] Android_Mali_T6xx, [00000262687CFE00][0000026269802780 49] Android_Mali_T7xx, [0000026268819100][00000262699628C0 49] Android_Mali_T8xx, [00000262687CE700][0000026269966A00 49] Android_Mali_G71, [000002626881B300][000002626996AB40 49] Android_Mali_G72, [00000262687CE000][000002626A200CC0 49] Android_Mali_G72_Vulkan, [000002626881B900][000002626A204E40 49] Android_Mali_G76, [00000262687CC300][000002626A208FC0 49] Android_Mali_G76_Vulkan, [0000026268819F00][000002626A20D140 49] Android_Mali_G77, [00000262687CD700][000002626A2112C0 49] Android_Mali_G77_Vulkan, [000002626881A400][000002626A215440 49] Android_Mali_G78, [00000262687CE400][000002626A2195C0 49] Android_Mali_G78_Vulkan, [000002626881A700][000002626A21D740 49] Android_Mali_G710, [00000262687CF800][000002626A2218C0 49] Android_Mali_G710_Vulkan, [0000026268818900][000002626A225A40 49] Android_Vulkan_SM5, [00000262687CCF00][000002626A229BC0 49] Android_PowerVR_G6xxx, [0000026268818400][000002626A22C1C0 49] Android_PowerVR_GT7xxx, [00000262687CCE00][000002626A230340 49] Android_PowerVR_GE8xxx, [0000026268819A00][000002626A2344C0 49] Android_PowerVR_GM9xxx, [00000262687CD300][000002626A238640 49] Android_PowerVR_GM9xxx_Vulkan, [0000026268819000][000002626A23C7C0 49] Android_TegraK1, [00000262687CDF00][000002626A240940 49] Android_Unknown_Vulkan, [0000026268819400][000002626A1FCA80 49] Lumin, [00000262687CE600][000002626A244BC0 49] Lumin_Desktop, [000002626887D400][000002626A248D00 49] HoloLens, 
[2024.03.20-08.08.02:161][  0]LogMeshReduction: Using QuadricMeshReduction for automatic static mesh reduction
[2024.03.20-08.08.02:162][  0]LogMeshReduction: Using SimplygonMeshReduction for automatic skeletal mesh reduction
[2024.03.20-08.08.02:162][  0]LogMeshReduction: Using ProxyLODMeshReduction for automatic mesh merging
[2024.03.20-08.08.02:162][  0]LogMeshReduction: No distributed automatic mesh merging module available
[2024.03.20-08.08.02:162][  0]LogMeshMerging: No distributed automatic mesh merging module available
[2024.03.20-08.08.02:187][  0]LogNetVersion: NetShootRewrite 1.0.0, NetCL: 0, EngineNetVer: 17, GameNetVer: 0 (Checksum: 1486698656)
[2024.03.20-08.08.02:704][  0]LogTexture: Default maximum texture size for cubemaps generated from long-lat sources has been changed from 512 to unlimited. In order to preserve old behaiour for '/Engine/MapTemplates/Sky/DaylightAmbientCubemap.DaylightAmbientCubemap', its maximum texture size has been explicitly set to 512.
[2024.03.20-08.08.02:763][  0]LogHMD: PokeAHoleMaterial loaded successfully
[2024.03.20-08.08.02:768][  0]LogUObjectArray: 17164 objects as part of root set at end of initial load.
[2024.03.20-08.08.02:768][  0]LogUObjectAllocator: 4298528 out of 0 bytes used by permanent object pool.
[2024.03.20-08.08.02:768][  0]LogUObjectArray: CloseDisregardForGC: 0/0 objects in disregard for GC pool
[2024.03.20-08.08.03:253][  0]LogPython: Using Python 3.7.7
[2024.03.20-08.08.03:796][  0]LogNiagaraDebuggerClient: Niagara Debugger Client Initialized | Session: FDAD3D5F4056EE5D91263FABB2580CF4 | Instance: ABFBD56E4A6A0656B4E971A9CFF9F9C1 (DESKTOP-6POMQQ5-17220).
[2024.03.20-08.08.04:053][  0]LogTcpMessaging: Initializing TcpMessaging bridge
[2024.03.20-08.08.04:059][  0]LogUdpMessaging: Initializing bridge on interface 0.0.0.0:0 to multicast group 230.0.0.1:6666.
[2024.03.20-08.08.04:160][  0]LogActor: Warning: SetReplicates called on non-initialized actor Default__WeaponServerBase. Directly setting bReplicates is the correct procedure for pre-init actors.
[2024.03.20-08.08.04:375][  0]SourceControl: 源码管理已禁用
[2024.03.20-08.08.04:375][  0]SourceControl: 源码管理已禁用
[2024.03.20-08.08.04:384][  0]SourceControl: 源码管理已禁用
[2024.03.20-08.08.04:391][  0]SourceControl: 源码管理已禁用
[2024.03.20-08.08.04:410][  0]SourceControl: 源码管理已禁用
[2024.03.20-08.08.04:417][  0]LogUProjectInfo: Found projects:
[2024.03.20-08.08.04:838][  0]LogOpenImageDenoise: OIDN starting up
[2024.03.20-08.08.04:944][  0]LogAndroidPermission: UAndroidPermissionCallbackProxy::GetInstance
[2024.03.20-08.08.04:977][  0]LogAudioCaptureCore: Display: No Audio Capture implementations found. Audio input will be silent.
[2024.03.20-08.08.04:977][  0]LogAudioCaptureCore: Display: No Audio Capture implementations found. Audio input will be silent.
[2024.03.20-08.08.05:168][  0]LogCollectionManager: Loaded 0 collections in 0.002659 seconds
[2024.03.20-08.08.05:216][  0]LogFileCache: Scanning file cache for directory 'D:/GitHub/NetShootRewrite/Saved/Collections/' took 0.00s
[2024.03.20-08.08.05:216][  0]LogFileCache: Scanning file cache for directory 'D:/GitHub/NetShootRewrite/Content/Developers/ZTT/Collections/' took 0.00s
[2024.03.20-08.08.05:216][  0]LogFileCache: Scanning file cache for directory 'D:/GitHub/NetShootRewrite/Content/Collections/' took 0.00s
[2024.03.20-08.08.05:216][  0]LogOcInput: OculusInput pre-init called
[2024.03.20-08.08.05:506][  0]LogEngine: Initializing Engine...
[2024.03.20-08.08.05:514][  0]LogHMD: Failed to enumerate extensions. Please check that you have a valid OpenXR runtime installed.
[2024.03.20-08.08.05:514][  0]LogHMD: Failed to initialize OpenVR with code 110
[2024.03.20-08.08.05:514][  0]LogMagicLeap: Warning: VR disabled because ZI is not enabled.  To enable, in the editor, Edit -> Project Settings -> Plugins -> Magic Leap Plugin -> Enable Zero Iteration
[2024.03.20-08.08.05:515][  0]LogStats: UGameplayTagsManager::InitializeManager -  0.000 s
[2024.03.20-08.08.05:666][  0]LogInit: Initializing FReadOnlyCVARCache
[2024.03.20-08.08.05:683][  0]LogAIModule: Creating AISystem for world Untitled
[2024.03.20-08.08.05:683][  0]LogAudio: Display: Initializing Audio Device Manager...
[2024.03.20-08.08.05:687][  0]LogAudio: Display: Loading Default Audio Settings Objects...
[2024.03.20-08.08.05:688][  0]LogAudio: Display: No default SoundConcurrencyObject specified (or failed to load).
[2024.03.20-08.08.05:689][  0]LogAudio: Display: Audio Device Manager Initialized
[2024.03.20-08.08.05:689][  0]LogAudio: Display: Creating Audio Device:                 Id: 1, Scope: Shared, Realtime: True
[2024.03.20-08.08.05:689][  0]LogAudioMixer: Display: Audio Mixer Platform Settings:
[2024.03.20-08.08.05:689][  0]LogAudioMixer: Display: 	Sample Rate:						  48000
[2024.03.20-08.08.05:689][  0]LogAudioMixer: Display: 	Callback Buffer Frame Size Requested: 1024
[2024.03.20-08.08.05:689][  0]LogAudioMixer: Display: 	Callback Buffer Frame Size To Use:	  1024
[2024.03.20-08.08.05:689][  0]LogAudioMixer: Display: 	Number of buffers to queue:			  2
[2024.03.20-08.08.05:689][  0]LogAudioMixer: Display: 	Max Channels (voices):				  32
[2024.03.20-08.08.05:689][  0]LogAudioMixer: Display: 	Number of Async Source Workers:		  0
[2024.03.20-08.08.05:689][  0]LogAudio: Display: AudioDevice MaxSources: 32
[2024.03.20-08.08.05:689][  0]LogAudio: Display: Audio Spatialization Plugin: None (built-in).
[2024.03.20-08.08.05:689][  0]LogAudio: Display: Audio Reverb Plugin: None (built-in).
[2024.03.20-08.08.05:689][  0]LogAudio: Display: Audio Occlusion Plugin: None (built-in).
[2024.03.20-08.08.05:689][  0]LogAudioMixer: Display: Initializing audio mixer.
[2024.03.20-08.08.05:715][  0]LogAudioMixer: Display: 0: FrontLeft
[2024.03.20-08.08.05:715][  0]LogAudioMixer: Display: 1: FrontRight
[2024.03.20-08.08.05:734][  0]LogAudioMixer: Display: Using Audio Device 扬声器 (Realtek High Definition Audio)
[2024.03.20-08.08.05:734][  0]LogAudioMixer: Display: Initializing Sound Submixes...
[2024.03.20-08.08.05:739][  0]LogAudioMixer: Display: Creating Master Submix 'MasterSubmixDefault'
[2024.03.20-08.08.05:739][  0]LogAudioMixer: Display: Creating Master Submix 'MasterReverbSubmixDefault'
[2024.03.20-08.08.05:740][  0]LogAudioMixer: Display: Creating Master Submix 'MasterEQSubmixDefault'
[2024.03.20-08.08.05:740][  0]LogAudioMixer: FMixerPlatformXAudio2::StartAudioStream() called
[2024.03.20-08.08.05:740][  0]LogAudioMixer: Display: Output buffers initialized: Frames=1024, Channels=2, Samples=2048
[2024.03.20-08.08.05:741][  0]LogAudioMixer: Display: Starting AudioMixerPlatformInterface::RunInternal()
[2024.03.20-08.08.05:741][  0]LogAudioMixer: Display: FMixerPlatformXAudio2::SubmitBuffer() called for the first time
[2024.03.20-08.08.05:741][  0]LogInit: FAudioDevice initialized.
[2024.03.20-08.08.05:741][  0]LogAudio: Display: Audio Device (ID: 1) registered with world 'Untitled'.
[2024.03.20-08.08.05:741][  0]LogNetVersion: Set ProjectVersion to 1.0.0.0. Version Checksum will be recalculated on next use.
[2024.03.20-08.08.05:888][  0]LogDerivedDataCache: Saved boot cache 0.15s 94MB D:/GitHub/NetShootRewrite/DerivedDataCache/Boot.ddc.
[2024.03.20-08.08.05:888][  0]LogInit: Texture streaming: Enabled
[2024.03.20-08.08.05:905][  0]LogAnalytics: Display: [UEEditor.UnrealEngine.Release] APIServer = https://datarouter.ol.epicgames.com/. AppVersion = 4.27.2-0+++UE4+Release-4.27
[2024.03.20-08.08.05:915][  0]LogEngineSessionManager: EngineSessionManager initialized
[2024.03.20-08.08.05:915][  0]LogEngineSessionManager: EngineSessionManager sent abnormal shutdown report. Type=AbnormalShutdown, SessionId={817D02C5-4619-CC66-D9C2-7FA711281105}
[2024.03.20-08.08.05:915][  0]LogEngineSessionManager: EngineSessionManager sent abnormal shutdown report. Type=AbnormalShutdown, SessionId={FCE5E96F-4755-F51C-ED1E-9BB5327F6F30}
[2024.03.20-08.08.05:915][  0]LogEditorSessionSummary: Verbose: Initializing EditorSessionSummaryWriter for editor session tracking
[2024.03.20-08.08.05:921][  0]LogEditorSessionSummary: EditorSessionSummaryWriter initialized
[2024.03.20-08.08.05:954][  0]LogInit: Transaction tracking system initialized
[2024.03.20-08.08.06:016][  0]BlueprintLog: New page: 编辑器加载
[2024.03.20-08.08.06:147][  0]LocalizationService: 本地化服务已禁用
[2024.03.20-08.08.06:226][  0]TimingProfiler: Initialize
[2024.03.20-08.08.06:229][  0]TimingProfiler: OnSessionChanged
[2024.03.20-08.08.06:229][  0]LoadingProfiler: Initialize
[2024.03.20-08.08.06:230][  0]LoadingProfiler: OnSessionChanged
[2024.03.20-08.08.06:230][  0]NetworkingProfiler: Initialize
[2024.03.20-08.08.06:230][  0]NetworkingProfiler: OnSessionChanged
[2024.03.20-08.08.06:230][  0]MemoryProfiler: Initialize
[2024.03.20-08.08.06:231][  0]MemoryProfiler: OnSessionChanged
[2024.03.20-08.08.06:537][  0]LogCook: Display: CookSettings for Memory: MemoryMaxUsedVirtual 0MiB, MemoryMaxUsedPhysical 16384MiB, MemoryMinFreeVirtual 0MiB, MemoryMinFreePhysical 1024MiB
[2024.03.20-08.08.06:537][  0]LogCook: Display: Mobile HDR setting 1
[2024.03.20-08.08.06:985][  0]LogFileCache: Scanning file cache for directory 'D:/GitHub/NetShootRewrite/Content/' took 0.01s
[2024.03.20-08.08.07:200][  0]LogInit: Display: Engine is initialized. Leaving FEngineLoop::Init()
[2024.03.20-08.08.07:207][  0]SourceControl: 源码管理已禁用
[2024.03.20-08.08.07:309][  0]LogSlate: Took 0.001135 seconds to synchronously load lazily loaded font '../../../Engine/Content/Slate/Fonts/Roboto-Regular.ttf' (155K)
[2024.03.20-08.08.07:318][  0]LogSlate: Took 0.009412 seconds to synchronously load lazily loaded font '../../../Engine/Content/Slate/Fonts/DroidSansFallback.ttf' (3848K)
