Log file open, 03/18/24 15:45:54
LogWindows: Failed to load 'aqProf.dll' (GetLastError=126)
LogWindows: File 'aqProf.dll' does not exist
LogWindows: Failed to load 'VtuneApi.dll' (GetLastError=126)
LogWindows: File 'VtuneApi.dll' does not exist
LogWindows: Failed to load 'VtuneApi32e.dll' (GetLastError=126)
LogWindows: File 'VtuneApi32e.dll' does not exist
LogConsoleResponse: Display: Failed to find resolution value strings in scalability ini. Falling back to default.
LogConsoleResponse: Display: Failed to find resolution value strings in scalability ini. Falling back to default.
LogInit: Display: Running engine for game: NetShootRewrite
LogPlatformFile: Not using cached read wrapper
LogTaskGraph: Started task graph with 5 named threads and 35 total threads with 3 sets of task threads.
LogStats: Stats thread started at 0.138012
LogICUInternationalization: ICU TimeZone Detection - Raw Offset: +8:00, Platform Override: ''
LogInit: Display: Loading text-based GConfig....
LogPluginManager: Mounting plugin MeshPainting
LogPluginManager: Mounting plugin XGEController
LogPluginManager: Mounting plugin Paper2D
LogPluginManager: Mounting plugin LightPropagationVolume
LogPluginManager: Mounting plugin AISupport
LogPluginManager: Mounting plugin EnvironmentQueryEditor
LogPluginManager: Mounting plugin LiveLink
LogPluginManager: Mounting plugin GameplayCameras
LogPluginManager: Mounting plugin OodleData
LogPluginManager: Mounting plugin OodleNetwork
LogPluginManager: Mounting plugin AnimationSharing
LogPluginManager: Mounting plugin CameraShakePreviewer
LogPluginManager: Mounting plugin CLionSourceCodeAccess
LogPluginManager: Mounting plugin AssetManagerEditor
LogPluginManager: Mounting plugin DatasmithContent
LogPluginManager: Mounting plugin CodeLiteSourceCodeAccess
LogPluginManager: Mounting plugin VariantManagerContent
LogPluginManager: Mounting plugin GitSourceControl
LogPluginManager: Mounting plugin Niagara
LogPluginManager: Mounting plugin KDevelopSourceCodeAccess
LogPluginManager: Mounting plugin CryptoKeys
LogPluginManager: Mounting plugin NullSourceCodeAccess
LogPluginManager: Mounting plugin CurveEditorTools
LogPluginManager: Mounting plugin PerforceSourceControl
LogPluginManager: Mounting plugin PixWinPlugin
LogPluginManager: Mounting plugin DataValidation
LogPluginManager: Mounting plugin PlasticSourceControl
LogPluginManager: Mounting plugin PluginUtils
LogPluginManager: Mounting plugin FacialAnimation
LogPluginManager: Mounting plugin PropertyAccessNode
LogPluginManager: Mounting plugin GameplayTagsEditor
LogPluginManager: Mounting plugin GeometryMode
LogPluginManager: Mounting plugin MacGraphicsSwitching
LogPluginManager: Mounting plugin RiderSourceCodeAccess
LogPluginManager: Mounting plugin SubversionSourceControl
LogPluginManager: Mounting plugin MaterialAnalyzer
LogPluginManager: Mounting plugin TextureFormatOodle
LogPluginManager: Mounting plugin MobileLauncherProfileWizard
LogPluginManager: Mounting plugin UObjectPlugin
LogPluginManager: Mounting plugin VisualStudioCodeSourceCodeAccess
LogPluginManager: Mounting plugin VisualStudioSourceCodeAccess
LogPluginManager: Mounting plugin XCodeSourceCodeAccess
LogPluginManager: Mounting plugin PluginBrowser
LogPluginManager: Mounting plugin SpeedTreeImporter
LogPluginManager: Mounting plugin LuminPlatformFeatures
LogPluginManager: Mounting plugin MagicLeap
LogPluginManager: Mounting plugin MagicLeapLightEstimation
LogPluginManager: Mounting plugin MagicLeapMedia
LogPluginManager: Mounting plugin MagicLeapPassableWorld
LogPluginManager: Mounting plugin AlembicImporter
LogPluginManager: Mounting plugin MLSDK
LogPluginManager: Mounting plugin AutomationUtils
LogPluginManager: Mounting plugin BackChannel
LogPluginManager: Mounting plugin ChaosCloth
LogPluginManager: Mounting plugin ChaosClothEditor
LogPluginManager: Mounting plugin ChaosEditor
LogPluginManager: Mounting plugin ChaosNiagara
LogPluginManager: Mounting plugin ChaosSolverPlugin
LogPluginManager: Mounting plugin CharacterAI
LogPluginManager: Mounting plugin GeometryCache
LogPluginManager: Mounting plugin GeometryCollectionPlugin
LogPluginManager: Mounting plugin GeometryProcessing
LogPluginManager: Mounting plugin MotoSynth
LogPluginManager: Mounting plugin OpenImageDenoise
LogPluginManager: Mounting plugin PlanarCut
LogPluginManager: Mounting plugin PlatformCrypto
LogPluginManager: Mounting plugin ProxyLODPlugin
LogPluginManager: Mounting plugin PythonScriptPlugin
LogPluginManager: Mounting plugin SkeletalReduction
LogPluginManager: Mounting plugin AndroidMedia
LogPluginManager: Mounting plugin AvfMedia
LogPluginManager: Mounting plugin ImgMedia
LogPluginManager: Mounting plugin MediaCompositing
LogPluginManager: Mounting plugin MediaPlayerEditor
LogPluginManager: Mounting plugin WebMMedia
LogPluginManager: Mounting plugin WmfMedia
LogPluginManager: Mounting plugin TcpMessaging
LogPluginManager: Mounting plugin UdpMessaging
LogPluginManager: Mounting plugin ActorSequence
LogPluginManager: Mounting plugin MatineeToLevelSequence
LogPluginManager: Mounting plugin LevelSequenceEditor
LogPluginManager: Mounting plugin OnlineSubsystem
LogPluginManager: Mounting plugin TemplateSequence
LogPluginManager: Mounting plugin LauncherChunkInstaller
LogPluginManager: Mounting plugin OnlineSubsystemNull
LogPluginManager: Mounting plugin OnlineSubsystemUtils
LogPluginManager: Mounting plugin ActorLayerUtilities
LogPluginManager: Mounting plugin AndroidDeviceProfileSelector
LogPluginManager: Mounting plugin AndroidMoviePlayer
LogPluginManager: Mounting plugin AndroidPermission
LogPluginManager: Mounting plugin AppleMoviePlayer
LogPluginManager: Mounting plugin ArchVisCharacter
LogPluginManager: Mounting plugin AppleImageUtils
LogPluginManager: Mounting plugin AssetTags
LogPluginManager: Mounting plugin AudioCapture
LogPluginManager: Mounting plugin AudioSynesthesia
LogPluginManager: Mounting plugin CableComponent
LogPluginManager: Mounting plugin ChunkDownloader
LogPluginManager: Mounting plugin CustomMeshComponent
LogPluginManager: Mounting plugin EditableMesh
LogPluginManager: Mounting plugin ExampleDeviceProfileSelector
LogPluginManager: Mounting plugin GoogleCloudMessaging
LogPluginManager: Mounting plugin GooglePAD
LogPluginManager: Mounting plugin IOSDeviceProfileSelector
LogPluginManager: Mounting plugin LinuxDeviceProfileSelector
LogPluginManager: Mounting plugin LocationServicesBPLibrary
LogPluginManager: Mounting plugin MobilePatchingUtils
LogPluginManager: Mounting plugin OpenXR
LogPluginManager: Mounting plugin OpenXREyeTracker
LogPluginManager: Mounting plugin OpenXRHandTracking
LogPluginManager: Mounting plugin PostSplashScreen
LogPluginManager: Mounting plugin PhysXVehicles
LogPluginManager: Mounting plugin ProceduralMeshComponent
LogPluginManager: Mounting plugin PropertyAccessEditor
LogPluginManager: Mounting plugin RuntimePhysXCooking
LogPluginManager: Mounting plugin SignificanceManager
LogPluginManager: Mounting plugin SoundFields
LogPluginManager: Mounting plugin Synthesis
LogPluginManager: Mounting plugin WebMMoviePlayer
LogPluginManager: Mounting plugin WindowsMoviePlayer
LogPluginManager: Mounting plugin ScreenshotTools
LogPluginManager: Mounting plugin Takes
LogPluginManager: Mounting plugin ContentBrowserAssetDataSource
LogPluginManager: Mounting plugin ContentBrowserClassDataSource
LogPluginManager: Mounting plugin ContentBrowserFileDataSource
LogPluginManager: Mounting plugin RiderLink
LogPluginManager: Mounting plugin OnlineSubsystemGooglePlay
LogPluginManager: Mounting plugin OnlineSubsystemIOS
LogPluginManager: Mounting plugin OculusVR
LogPluginManager: Mounting plugin SteamVR
PixWinPlugin: PIX capture plugin failed to initialize! Check that the process is launched from PIX.
LogInit: Using libcurl 7.55.1-DEV
LogInit:  - built for x86_64-pc-win32
LogInit:  - supports SSL with OpenSSL/1.1.1
LogInit:  - supports HTTP deflate (compression) using libz 1.2.8
LogInit:  - other features:
LogInit:      CURL_VERSION_SSL
LogInit:      CURL_VERSION_LIBZ
LogInit:      CURL_VERSION_IPV6
LogInit:      CURL_VERSION_ASYNCHDNS
LogInit:      CURL_VERSION_LARGEFILE
LogInit:      CURL_VERSION_IDN
LogInit:  CurlRequestOptions (configurable via config and command line):
LogInit:  - bVerifyPeer = true  - Libcurl will verify peer certificate
LogInit:  - bUseHttpProxy = false  - Libcurl will NOT use HTTP proxy
LogInit:  - bDontReuseConnections = false  - Libcurl will reuse connections
LogInit:  - MaxHostConnections = 16  - Libcurl will limit the number of connections to a host
LogInit:  - LocalHostAddr = Default
LogInit:  - BufferSize = 65536
LogOnline: OSS: Creating online subsystem instance for: NULL
LogInit: WinSock: version 1.1 (2.2), MaxSocks=32767, MaxUdp=65467
LogOnline: OSS: TryLoadSubsystemAndSetDefault: Loaded subsystem for module [NULL]
LogOculusPluginWrapper: OculusPlugin initialized successfully
LogHMD: Failed initializing OVRPlugin 1.59.0
LogInit: Build: ++UE4+Release-4.27-CL-0
LogInit: Engine Version: 4.27.2-0+++UE4+Release-4.27
LogInit: Compatible Engine Version: 4.27.0-0+++UE4+Release-4.27
LogInit: Net CL: 0
LogInit: OS: Windows 10 (Release 2009) (), CPU: Intel(R) Core(TM) i7-8700 CPU @ 3.20GHz, GPU: NVIDIA GeForce GTX 1660 Ti
LogInit: Compiled (64-bit): Mar 12 2024 21:46:05
LogInit: Compiled with Visual C++: 19.39.33521.00
LogInit: Build Configuration: Development
LogInit: Branch Name: ++UE4+Release-4.27
LogInit: Command Line:  -skipcompile
LogInit: Base Directory: C:/Program Files (x86)/UE4.27/UnrealEngine-4.27/Engine/Binaries/Win64/
LogInit: Allocator: TBB
LogInit: Installed Engine Build: 0
LogDevObjectVersion: Number of dev versions registered: 29
LogDevObjectVersion:   Dev-Blueprints (B0D832E4-1F89-4F0D-ACCF-7EB736FD4AA2): 10
LogDevObjectVersion:   Dev-Build (E1C64328-A22C-4D53-A36C-8E866417BD8C): 0
LogDevObjectVersion:   Dev-Core (375EC13C-06E4-48FB-B500-84F0262A717E): 4
LogDevObjectVersion:   Dev-Editor (E4B068ED-F494-42E9-A231-DA0B2E46BB41): 40
LogDevObjectVersion:   Dev-Framework (CFFC743F-43B0-4480-9391-14DF171D2073): 37
LogDevObjectVersion:   Dev-Mobile (B02B49B5-BB20-44E9-A304-32B752E40360): 3
LogDevObjectVersion:   Dev-Networking (A4E4105C-59A1-49B5-A7C5-40C4547EDFEE): 0
LogDevObjectVersion:   Dev-Online (39C831C9-5AE6-47DC-9A44-9C173E1C8E7C): 0
LogDevObjectVersion:   Dev-Physics (78F01B33-EBEA-4F98-B9B4-84EACCB95AA2): 14
LogDevObjectVersion:   Dev-Platform (6631380F-2D4D-43E0-8009-CF276956A95A): 0
LogDevObjectVersion:   Dev-Rendering (12F88B9F-8875-4AFC-A67C-D90C383ABD29): 45
LogDevObjectVersion:   Dev-Sequencer (7B5AE74C-D270-4C10-A958-57980B212A5A): 13
LogDevObjectVersion:   Dev-VR (D7296918-1DD6-4BDD-9DE2-64A83CC13884): 3
LogDevObjectVersion:   Dev-LoadTimes (C2A15278-BFE7-4AFE-6C17-90FF531DF755): 1
LogDevObjectVersion:   Private-Geometry (6EACA3D4-40EC-4CC1-B786-8BED09428FC5): 3
LogDevObjectVersion:   Dev-AnimPhys (29E575DD-E0A3-4627-9D10-D276232CDCEA): 17
LogDevObjectVersion:   Dev-Anim (AF43A65D-7FD3-4947-9873-3E8ED9C1BB05): 15
LogDevObjectVersion:   Dev-ReflectionCapture (6B266CEC-1EC7-4B8F-A30B-E4D90942FC07): 1
LogDevObjectVersion:   Dev-Automation (0DF73D61-A23F-47EA-B727-89E90C41499A): 1
LogDevObjectVersion:   FortniteMain (601D1886-AC64-4F84-AA16-D3DE0DEAC7D6): 47
LogDevObjectVersion:   FortniteRelease (E7086368-6B23-4C58-8439-1B7016265E91): 1
LogDevObjectVersion:   Dev-Enterprise (9DFFBCD6-494F-0158-E221-12823C92A888): 10
LogDevObjectVersion:   Dev-Niagara (F2AED0AC-9AFE-416F-8664-AA7FFA26D6FC): 1
LogDevObjectVersion:   Dev-Destruction (174F1F0B-B4C6-45A5-B13F-2EE8D0FB917D): 10
LogDevObjectVersion:   Dev-Physics-Ext (35F94A83-E258-406C-A318-09F59610247C): 41
LogDevObjectVersion:   Dev-PhysicsMaterial-Chaos (B68FC16E-8B1B-42E2-B453-215C058844FE): 1
LogDevObjectVersion:   Dev-CineCamera (B2E18506-4273-CFC2-A54E-F4BB758BBA07): 1
LogDevObjectVersion:   Dev-VirtualProduction (64F58936-FD1B-42BA-BA96-7289D5D0FA4E): 1
LogDevObjectVersion:   Dev-MediaFramework (6F0ED827-A609-4895-9C91-998D90180EA4): 2
LogInit: Presizing for max 25165824 objects, including 0 objects not considered by GC, pre-allocating 0 bytes for permanent pool.
LogConfig: Applying CVar settings from Section [/Script/Engine.StreamingSettings] File [D:/GitHub/NetShootRewrite/Saved/Config/Windows/Engine.ini]
LogConfig: Setting CVar [[s.MinBulkDataSizeForAsyncLoading:131072]]
LogConfig: Setting CVar [[s.AsyncLoadingThreadEnabled:0]]
LogConfig: Setting CVar [[s.EventDrivenLoaderEnabled:1]]
LogConfig: Setting CVar [[s.WarnIfTimeLimitExceeded:0]]
LogConfig: Setting CVar [[s.TimeLimitExceededMultiplier:1.5]]
LogConfig: Setting CVar [[s.TimeLimitExceededMinTime:0.005]]
LogConfig: Setting CVar [[s.UseBackgroundLevelStreaming:1]]
LogConfig: Setting CVar [[s.PriorityAsyncLoadingExtraTime:15.0]]
LogConfig: Setting CVar [[s.LevelStreamingActorsUpdateTimeLimit:5.0]]
LogConfig: Setting CVar [[s.PriorityLevelStreamingActorsUpdateExtraTime:5.0]]
LogConfig: Setting CVar [[s.LevelStreamingComponentsRegistrationGranularity:10]]
LogConfig: Setting CVar [[s.UnregisterComponentsTimeLimit:1.0]]
LogConfig: Setting CVar [[s.LevelStreamingComponentsUnregistrationGranularity:5]]
LogConfig: Setting CVar [[s.FlushStreamingOnExit:1]]
LogInit: Object subsystem initialized
LogConfig: Setting CVar [[con.DebugEarlyDefault:1]]
LogConfig: Setting CVar [[r.setres:1280x720]]
[2024.03.18-07.45.55:369][  0]LogConfig: Setting CVar [[r.VSync:0]]
[2024.03.18-07.45.55:369][  0]LogConfig: Setting CVar [[r.RHICmdBypass:0]]
[2024.03.18-07.45.55:369][  0]LogConfig: Applying CVar settings from Section [/Script/Engine.RendererSettings] File [D:/GitHub/NetShootRewrite/Saved/Config/Windows/Engine.ini]
[2024.03.18-07.45.55:369][  0]LogConfig: Setting CVar [[r.GPUCrashDebugging:0]]
[2024.03.18-07.45.55:369][  0]LogConfig: Applying CVar settings from Section [/Script/Engine.RendererOverrideSettings] File [D:/GitHub/NetShootRewrite/Saved/Config/Windows/Engine.ini]
[2024.03.18-07.45.55:369][  0]LogConfig: Applying CVar settings from Section [/Script/Engine.StreamingSettings] File [D:/GitHub/NetShootRewrite/Saved/Config/Windows/Engine.ini]
[2024.03.18-07.45.55:369][  0]LogConfig: Setting CVar [[s.MinBulkDataSizeForAsyncLoading:131072]]
[2024.03.18-07.45.55:369][  0]LogConfig: Setting CVar [[s.AsyncLoadingThreadEnabled:0]]
[2024.03.18-07.45.55:369][  0]LogConfig: Setting CVar [[s.EventDrivenLoaderEnabled:1]]
[2024.03.18-07.45.55:370][  0]LogConfig: Setting CVar [[s.WarnIfTimeLimitExceeded:0]]
[2024.03.18-07.45.55:370][  0]LogConfig: Setting CVar [[s.TimeLimitExceededMultiplier:1.5]]
[2024.03.18-07.45.55:370][  0]LogConfig: Setting CVar [[s.TimeLimitExceededMinTime:0.005]]
[2024.03.18-07.45.55:370][  0]LogConfig: Setting CVar [[s.UseBackgroundLevelStreaming:1]]
[2024.03.18-07.45.55:370][  0]LogConfig: Setting CVar [[s.PriorityAsyncLoadingExtraTime:15.0]]
[2024.03.18-07.45.55:370][  0]LogConfig: Setting CVar [[s.LevelStreamingActorsUpdateTimeLimit:5.0]]
[2024.03.18-07.45.55:370][  0]LogConfig: Setting CVar [[s.PriorityLevelStreamingActorsUpdateExtraTime:5.0]]
[2024.03.18-07.45.55:370][  0]LogConfig: Setting CVar [[s.LevelStreamingComponentsRegistrationGranularity:10]]
[2024.03.18-07.45.55:370][  0]LogConfig: Setting CVar [[s.UnregisterComponentsTimeLimit:1.0]]
[2024.03.18-07.45.55:370][  0]LogConfig: Setting CVar [[s.LevelStreamingComponentsUnregistrationGranularity:5]]
[2024.03.18-07.45.55:370][  0]LogConfig: Setting CVar [[s.FlushStreamingOnExit:1]]
[2024.03.18-07.45.55:370][  0]LogConfig: Applying CVar settings from Section [/Script/Engine.GarbageCollectionSettings] File [D:/GitHub/NetShootRewrite/Saved/Config/Windows/Engine.ini]
[2024.03.18-07.45.55:370][  0]LogConfig: Setting CVar [[gc.MaxObjectsNotConsideredByGC:1]]
[2024.03.18-07.45.55:370][  0]LogConfig: Setting CVar [[gc.SizeOfPermanentObjectPool:0]]
[2024.03.18-07.45.55:370][  0]LogConfig: Setting CVar [[gc.FlushStreamingOnGC:0]]
[2024.03.18-07.45.55:370][  0]LogConfig: Setting CVar [[gc.NumRetriesBeforeForcingGC:10]]
[2024.03.18-07.45.55:370][  0]LogConfig: Setting CVar [[gc.AllowParallelGC:1]]
[2024.03.18-07.45.55:370][  0]LogConfig: Setting CVar [[gc.TimeBetweenPurgingPendingKillObjects:61.1]]
[2024.03.18-07.45.55:370][  0]LogConfig: Setting CVar [[gc.MaxObjectsInEditor:25165824]]
[2024.03.18-07.45.55:370][  0]LogConfig: Setting CVar [[gc.IncrementalBeginDestroyEnabled:1]]
[2024.03.18-07.45.55:370][  0]LogConfig: Setting CVar [[gc.CreateGCClusters:1]]
[2024.03.18-07.45.55:370][  0]LogConfig: Setting CVar [[gc.MinGCClusterSize:5]]
[2024.03.18-07.45.55:370][  0]LogConfig: Setting CVar [[gc.ActorClusteringEnabled:0]]
[2024.03.18-07.45.55:370][  0]LogConfig: Setting CVar [[gc.BlueprintClusteringEnabled:0]]
[2024.03.18-07.45.55:370][  0]LogConfig: Setting CVar [[gc.UseDisregardForGCOnDedicatedServers:0]]
[2024.03.18-07.45.55:370][  0]LogConfig: Setting CVar [[gc.MultithreadedDestructionEnabled:1]]
[2024.03.18-07.45.55:370][  0]LogConfig: Applying CVar settings from Section [/Script/Engine.NetworkSettings] File [D:/GitHub/NetShootRewrite/Saved/Config/Windows/Engine.ini]
[2024.03.18-07.45.55:370][  0]LogConfig: Applying CVar settings from Section [/Script/UnrealEd.CookerSettings] File [D:/GitHub/NetShootRewrite/Saved/Config/Windows/Engine.ini]
[2024.03.18-07.45.55:411][  0]LogConfig: Applying CVar settings from Section [ViewDistanceQuality@3] File [D:/GitHub/NetShootRewrite/Saved/Config/Windows/Scalability.ini]
[2024.03.18-07.45.55:411][  0]LogConfig: Setting CVar [[r.SkeletalMeshLODBias:0]]
[2024.03.18-07.45.55:411][  0]LogConfig: Setting CVar [[r.ViewDistanceScale:1.0]]
[2024.03.18-07.45.55:411][  0]LogConfig: Applying CVar settings from Section [AntiAliasingQuality@3] File [D:/GitHub/NetShootRewrite/Saved/Config/Windows/Scalability.ini]
[2024.03.18-07.45.55:411][  0]LogConfig: Setting CVar [[r.PostProcessAAQuality:4]]
[2024.03.18-07.45.55:411][  0]LogConfig: Applying CVar settings from Section [ShadowQuality@3] File [D:/GitHub/NetShootRewrite/Saved/Config/Windows/Scalability.ini]
[2024.03.18-07.45.55:411][  0]LogConfig: Setting CVar [[r.LightFunctionQuality:1]]
[2024.03.18-07.45.55:411][  0]LogConfig: Setting CVar [[r.ShadowQuality:5]]
[2024.03.18-07.45.55:411][  0]LogConfig: Setting CVar [[r.Shadow.CSM.MaxCascades:10]]
[2024.03.18-07.45.55:411][  0]LogConfig: Setting CVar [[r.Shadow.MaxResolution:2048]]
[2024.03.18-07.45.55:411][  0]LogConfig: Setting CVar [[r.Shadow.MaxCSMResolution:2048]]
[2024.03.18-07.45.55:411][  0]LogConfig: Setting CVar [[r.Shadow.RadiusThreshold:0.01]]
[2024.03.18-07.45.55:411][  0]LogConfig: Setting CVar [[r.Shadow.DistanceScale:1.0]]
[2024.03.18-07.45.55:411][  0]LogConfig: Setting CVar [[r.Shadow.CSM.TransitionScale:1.0]]
[2024.03.18-07.45.55:411][  0]LogConfig: Setting CVar [[r.Shadow.PreShadowResolutionFactor:1.0]]
[2024.03.18-07.45.55:411][  0]LogConfig: Setting CVar [[r.DistanceFieldShadowing:1]]
[2024.03.18-07.45.55:411][  0]LogConfig: Setting CVar [[r.DistanceFieldAO:1]]
[2024.03.18-07.45.55:411][  0]LogConfig: Setting CVar [[r.AOQuality:2]]
[2024.03.18-07.45.55:412][  0]LogConfig: Setting CVar [[r.VolumetricFog:1]]
[2024.03.18-07.45.55:412][  0]LogConfig: Setting CVar [[r.VolumetricFog.GridPixelSize:8]]
[2024.03.18-07.45.55:412][  0]LogConfig: Setting CVar [[r.VolumetricFog.GridSizeZ:128]]
[2024.03.18-07.45.55:412][  0]LogConfig: Setting CVar [[r.VolumetricFog.HistoryMissSupersampleCount:4]]
[2024.03.18-07.45.55:412][  0]LogConfig: Setting CVar [[r.LightMaxDrawDistanceScale:1]]
[2024.03.18-07.45.55:412][  0]LogConfig: Setting CVar [[r.CapsuleShadows:1]]
[2024.03.18-07.45.55:412][  0]LogConfig: Applying CVar settings from Section [PostProcessQuality@3] File [D:/GitHub/NetShootRewrite/Saved/Config/Windows/Scalability.ini]
[2024.03.18-07.45.55:412][  0]LogConfig: Setting CVar [[r.MotionBlurQuality:4]]
[2024.03.18-07.45.55:412][  0]LogConfig: Setting CVar [[r.AmbientOcclusionMipLevelFactor:0.4]]
[2024.03.18-07.45.55:412][  0]LogConfig: Setting CVar [[r.AmbientOcclusionMaxQuality:100]]
[2024.03.18-07.45.55:412][  0]LogConfig: Setting CVar [[r.AmbientOcclusionLevels:-1]]
[2024.03.18-07.45.55:412][  0]LogConfig: Setting CVar [[r.AmbientOcclusionRadiusScale:1.0]]
[2024.03.18-07.45.55:412][  0]LogConfig: Setting CVar [[r.DepthOfFieldQuality:2]]
[2024.03.18-07.45.55:412][  0]LogConfig: Setting CVar [[r.RenderTargetPoolMin:400]]
[2024.03.18-07.45.55:412][  0]LogConfig: Setting CVar [[r.LensFlareQuality:2]]
[2024.03.18-07.45.55:412][  0]LogConfig: Setting CVar [[r.SceneColorFringeQuality:1]]
[2024.03.18-07.45.55:412][  0]LogConfig: Setting CVar [[r.EyeAdaptationQuality:2]]
[2024.03.18-07.45.55:412][  0]LogConfig: Setting CVar [[r.BloomQuality:5]]
[2024.03.18-07.45.55:412][  0]LogConfig: Setting CVar [[r.FastBlurThreshold:100]]
[2024.03.18-07.45.55:412][  0]LogConfig: Setting CVar [[r.Upscale.Quality:3]]
[2024.03.18-07.45.55:412][  0]LogConfig: Setting CVar [[r.Tonemapper.GrainQuantization:1]]
[2024.03.18-07.45.55:412][  0]LogConfig: Setting CVar [[r.LightShaftQuality:1]]
[2024.03.18-07.45.55:412][  0]LogConfig: Setting CVar [[r.Filter.SizeScale:1]]
[2024.03.18-07.45.55:412][  0]LogConfig: Setting CVar [[r.Tonemapper.Quality:5]]
[2024.03.18-07.45.55:412][  0]LogConfig: Setting CVar [[r.DOF.Gather.AccumulatorQuality:1        ; higher gathering accumulator quality]]
[2024.03.18-07.45.55:412][  0]LogConfig: Setting CVar [[r.DOF.Gather.PostfilterMethod:1          ; Median3x3 postfilering method]]
[2024.03.18-07.45.55:412][  0]LogConfig: Setting CVar [[r.DOF.Gather.EnableBokehSettings:0       ; no bokeh simulation when gathering]]
[2024.03.18-07.45.55:412][  0]LogConfig: Setting CVar [[r.DOF.Gather.RingCount:4                 ; medium number of samples when gathering]]
[2024.03.18-07.45.55:412][  0]LogConfig: Setting CVar [[r.DOF.Scatter.ForegroundCompositing:1    ; additive foreground scattering]]
[2024.03.18-07.45.55:412][  0]LogConfig: Setting CVar [[r.DOF.Scatter.BackgroundCompositing:2    ; additive background scattering]]
[2024.03.18-07.45.55:412][  0]LogConfig: Setting CVar [[r.DOF.Scatter.EnableBokehSettings:1      ; bokeh simulation when scattering]]
[2024.03.18-07.45.55:412][  0]LogConfig: Setting CVar [[r.DOF.Scatter.MaxSpriteRatio:0.1         ; only a maximum of 10% of scattered bokeh]]
[2024.03.18-07.45.55:412][  0]LogConfig: Setting CVar [[r.DOF.Recombine.Quality:1                ; cheap slight out of focus]]
[2024.03.18-07.45.55:412][  0]LogConfig: Setting CVar [[r.DOF.Recombine.EnableBokehSettings:0    ; no bokeh simulation on slight out of focus]]
[2024.03.18-07.45.55:412][  0]LogConfig: Setting CVar [[r.DOF.TemporalAAQuality:1                ; more stable temporal accumulation]]
[2024.03.18-07.45.55:412][  0]LogConfig: Setting CVar [[r.DOF.Kernel.MaxForegroundRadius:0.025]]
[2024.03.18-07.45.55:412][  0]LogConfig: Setting CVar [[r.DOF.Kernel.MaxBackgroundRadius:0.025]]
[2024.03.18-07.45.55:412][  0]LogConfig: Applying CVar settings from Section [TextureQuality@3] File [D:/GitHub/NetShootRewrite/Saved/Config/Windows/Scalability.ini]
[2024.03.18-07.45.55:412][  0]LogConfig: Setting CVar [[r.Streaming.MipBias:0]]
[2024.03.18-07.45.55:412][  0]LogConfig: Setting CVar [[r.Streaming.AmortizeCPUToGPUCopy:0]]
[2024.03.18-07.45.55:412][  0]LogConfig: Setting CVar [[r.Streaming.MaxNumTexturesToStreamPerFrame:0]]
[2024.03.18-07.45.55:412][  0]LogConfig: Setting CVar [[r.Streaming.Boost:1]]
[2024.03.18-07.45.55:412][  0]LogConfig: Setting CVar [[r.MaxAnisotropy:8]]
[2024.03.18-07.45.55:412][  0]LogConfig: Setting CVar [[r.VT.MaxAnisotropy:8]]
[2024.03.18-07.45.55:412][  0]LogConfig: Setting CVar [[r.Streaming.LimitPoolSizeToVRAM:0]]
[2024.03.18-07.45.55:412][  0]LogConfig: Setting CVar [[r.Streaming.PoolSize:1000]]
[2024.03.18-07.45.55:412][  0]LogConfig: Setting CVar [[r.Streaming.MaxEffectiveScreenSize:0]]
[2024.03.18-07.45.55:412][  0]LogConfig: Applying CVar settings from Section [EffectsQuality@3] File [D:/GitHub/NetShootRewrite/Saved/Config/Windows/Scalability.ini]
[2024.03.18-07.45.55:412][  0]LogConfig: Setting CVar [[r.TranslucencyLightingVolumeDim:64]]
[2024.03.18-07.45.55:412][  0]LogConfig: Setting CVar [[r.RefractionQuality:2]]
[2024.03.18-07.45.55:412][  0]LogConfig: Setting CVar [[r.SSR.Quality:3]]
[2024.03.18-07.45.55:412][  0]LogConfig: Setting CVar [[r.SSR.HalfResSceneColor:0]]
[2024.03.18-07.45.55:412][  0]LogConfig: Setting CVar [[r.SceneColorFormat:4]]
[2024.03.18-07.45.55:412][  0]LogConfig: Setting CVar [[r.DetailMode:2]]
[2024.03.18-07.45.55:412][  0]LogConfig: Setting CVar [[r.TranslucencyVolumeBlur:1]]
[2024.03.18-07.45.55:412][  0]LogConfig: Setting CVar [[r.MaterialQualityLevel:1 ; High quality]]
[2024.03.18-07.45.55:412][  0]LogConfig: Setting CVar [[r.AnisotropicMaterials:1]]
[2024.03.18-07.45.55:412][  0]LogConfig: Setting CVar [[r.SSS.Scale:1]]
[2024.03.18-07.45.55:412][  0]LogConfig: Setting CVar [[r.SSS.SampleSet:2]]
[2024.03.18-07.45.55:412][  0]LogConfig: Setting CVar [[r.SSS.Quality:1]]
[2024.03.18-07.45.55:412][  0]LogConfig: Setting CVar [[r.SSS.HalfRes:0]]
[2024.03.18-07.45.55:412][  0]LogConfig: Setting CVar [[r.SSGI.Quality:3]]
[2024.03.18-07.45.55:412][  0]LogConfig: Setting CVar [[r.EmitterSpawnRateScale:1.0]]
[2024.03.18-07.45.55:412][  0]LogConfig: Setting CVar [[r.ParticleLightQuality:2]]
[2024.03.18-07.45.55:412][  0]LogConfig: Setting CVar [[r.SkyAtmosphere.AerialPerspectiveLUT.FastApplyOnOpaque:1 ; Always have FastSkyLUT 1 in this case to avoid wrong sky]]
[2024.03.18-07.45.55:412][  0]LogConfig: Setting CVar [[r.SkyAtmosphere.AerialPerspectiveLUT.SampleCountMaxPerSlice:4]]
[2024.03.18-07.45.55:412][  0]LogConfig: Setting CVar [[r.SkyAtmosphere.AerialPerspectiveLUT.DepthResolution:16.0]]
[2024.03.18-07.45.55:412][  0]LogConfig: Setting CVar [[r.SkyAtmosphere.FastSkyLUT:1]]
[2024.03.18-07.45.55:412][  0]LogConfig: Setting CVar [[r.SkyAtmosphere.FastSkyLUT.SampleCountMin:4.0]]
[2024.03.18-07.45.55:412][  0]LogConfig: Setting CVar [[r.SkyAtmosphere.FastSkyLUT.SampleCountMax:128.0]]
[2024.03.18-07.45.55:412][  0]LogConfig: Setting CVar [[r.SkyAtmosphere.SampleCountMin:4.0]]
[2024.03.18-07.45.55:412][  0]LogConfig: Setting CVar [[r.SkyAtmosphere.SampleCountMax:128.0]]
[2024.03.18-07.45.55:412][  0]LogConfig: Setting CVar [[r.SkyAtmosphere.TransmittanceLUT.UseSmallFormat:0]]
[2024.03.18-07.45.55:412][  0]LogConfig: Setting CVar [[r.SkyAtmosphere.TransmittanceLUT.SampleCount:10.0]]
[2024.03.18-07.45.55:412][  0]LogConfig: Setting CVar [[r.SkyAtmosphere.MultiScatteringLUT.SampleCount:15.0]]
[2024.03.18-07.45.55:412][  0]LogConfig: Setting CVar [[r.SkyLight.RealTimeReflectionCapture:1]]
[2024.03.18-07.45.55:412][  0]LogConfig: Applying CVar settings from Section [FoliageQuality@3] File [D:/GitHub/NetShootRewrite/Saved/Config/Windows/Scalability.ini]
[2024.03.18-07.45.55:412][  0]LogConfig: Setting CVar [[foliage.DensityScale:1.0]]
[2024.03.18-07.45.55:412][  0]LogConfig: Setting CVar [[grass.DensityScale:1.0]]
[2024.03.18-07.45.55:412][  0]LogConfig: Applying CVar settings from Section [ShadingQuality@3] File [D:/GitHub/NetShootRewrite/Saved/Config/Windows/Scalability.ini]
[2024.03.18-07.45.55:412][  0]LogConfig: Setting CVar [[r.HairStrands.SkyLighting.IntegrationType:2]]
[2024.03.18-07.45.55:412][  0]LogConfig: Setting CVar [[r.HairStrands.SkyAO.SampleCount:4]]
[2024.03.18-07.45.55:412][  0]LogConfig: Setting CVar [[r.HairStrands.Visibility.MSAA.SamplePerPixel:4]]
[2024.03.18-07.45.55:412][  0]LogInit: Selected Device Profile: [Windows]
[2024.03.18-07.45.55:412][  0]LogInit: Applying CVar settings loaded from the selected device profile: [Windows]
[2024.03.18-07.45.55:413][  0]LogHAL: Display: Platform has ~ 16 GB [17105735680 / 17179869184 / 16], which maps to Larger [LargestMinGB=32, LargerMinGB=12, DefaultMinGB=8, SmallerMinGB=6, SmallestMinGB=0)
[2024.03.18-07.45.55:413][  0]LogInit: Going up to parent DeviceProfile []
[2024.03.18-07.45.55:413][  0]LogConfig: Applying CVar settings from Section [ViewDistanceQuality@3] File [D:/GitHub/NetShootRewrite/Saved/Config/Windows/Scalability.ini]
[2024.03.18-07.45.55:413][  0]LogConfig: Setting CVar [[r.SkeletalMeshLODBias:0]]
[2024.03.18-07.45.55:413][  0]LogConfig: Setting CVar [[r.ViewDistanceScale:1.0]]
[2024.03.18-07.45.55:413][  0]LogConfig: Applying CVar settings from Section [AntiAliasingQuality@3] File [D:/GitHub/NetShootRewrite/Saved/Config/Windows/Scalability.ini]
[2024.03.18-07.45.55:413][  0]LogConfig: Setting CVar [[r.PostProcessAAQuality:4]]
[2024.03.18-07.45.55:413][  0]LogConfig: Applying CVar settings from Section [ShadowQuality@3] File [D:/GitHub/NetShootRewrite/Saved/Config/Windows/Scalability.ini]
[2024.03.18-07.45.55:413][  0]LogConfig: Setting CVar [[r.LightFunctionQuality:1]]
[2024.03.18-07.45.55:413][  0]LogConfig: Setting CVar [[r.ShadowQuality:5]]
[2024.03.18-07.45.55:413][  0]LogConfig: Setting CVar [[r.Shadow.CSM.MaxCascades:10]]
[2024.03.18-07.45.55:413][  0]LogConfig: Setting CVar [[r.Shadow.MaxResolution:2048]]
[2024.03.18-07.45.55:413][  0]LogConfig: Setting CVar [[r.Shadow.MaxCSMResolution:2048]]
[2024.03.18-07.45.55:413][  0]LogConfig: Setting CVar [[r.Shadow.RadiusThreshold:0.01]]
[2024.03.18-07.45.55:413][  0]LogConfig: Setting CVar [[r.Shadow.DistanceScale:1.0]]
[2024.03.18-07.45.55:413][  0]LogConfig: Setting CVar [[r.Shadow.CSM.TransitionScale:1.0]]
[2024.03.18-07.45.55:413][  0]LogConfig: Setting CVar [[r.Shadow.PreShadowResolutionFactor:1.0]]
[2024.03.18-07.45.55:413][  0]LogConfig: Setting CVar [[r.DistanceFieldShadowing:1]]
[2024.03.18-07.45.55:413][  0]LogConfig: Setting CVar [[r.DistanceFieldAO:1]]
[2024.03.18-07.45.55:413][  0]LogConfig: Setting CVar [[r.AOQuality:2]]
[2024.03.18-07.45.55:413][  0]LogConfig: Setting CVar [[r.VolumetricFog:1]]
[2024.03.18-07.45.55:413][  0]LogConfig: Setting CVar [[r.VolumetricFog.GridPixelSize:8]]
[2024.03.18-07.45.55:413][  0]LogConfig: Setting CVar [[r.VolumetricFog.GridSizeZ:128]]
[2024.03.18-07.45.55:413][  0]LogConfig: Setting CVar [[r.VolumetricFog.HistoryMissSupersampleCount:4]]
[2024.03.18-07.45.55:413][  0]LogConfig: Setting CVar [[r.LightMaxDrawDistanceScale:1]]
[2024.03.18-07.45.55:413][  0]LogConfig: Setting CVar [[r.CapsuleShadows:1]]
[2024.03.18-07.45.55:413][  0]LogConfig: Applying CVar settings from Section [PostProcessQuality@3] File [D:/GitHub/NetShootRewrite/Saved/Config/Windows/Scalability.ini]
[2024.03.18-07.45.55:413][  0]LogConfig: Setting CVar [[r.MotionBlurQuality:4]]
[2024.03.18-07.45.55:413][  0]LogConfig: Setting CVar [[r.AmbientOcclusionMipLevelFactor:0.4]]
[2024.03.18-07.45.55:413][  0]LogConfig: Setting CVar [[r.AmbientOcclusionMaxQuality:100]]
[2024.03.18-07.45.55:413][  0]LogConfig: Setting CVar [[r.AmbientOcclusionLevels:-1]]
[2024.03.18-07.45.55:413][  0]LogConfig: Setting CVar [[r.AmbientOcclusionRadiusScale:1.0]]
[2024.03.18-07.45.55:413][  0]LogConfig: Setting CVar [[r.DepthOfFieldQuality:2]]
[2024.03.18-07.45.55:413][  0]LogConfig: Setting CVar [[r.RenderTargetPoolMin:400]]
[2024.03.18-07.45.55:413][  0]LogConfig: Setting CVar [[r.LensFlareQuality:2]]
[2024.03.18-07.45.55:413][  0]LogConfig: Setting CVar [[r.SceneColorFringeQuality:1]]
[2024.03.18-07.45.55:413][  0]LogConfig: Setting CVar [[r.EyeAdaptationQuality:2]]
[2024.03.18-07.45.55:413][  0]LogConfig: Setting CVar [[r.BloomQuality:5]]
[2024.03.18-07.45.55:413][  0]LogConfig: Setting CVar [[r.FastBlurThreshold:100]]
[2024.03.18-07.45.55:413][  0]LogConfig: Setting CVar [[r.Upscale.Quality:3]]
[2024.03.18-07.45.55:413][  0]LogConfig: Setting CVar [[r.Tonemapper.GrainQuantization:1]]
[2024.03.18-07.45.55:413][  0]LogConfig: Setting CVar [[r.LightShaftQuality:1]]
[2024.03.18-07.45.55:413][  0]LogConfig: Setting CVar [[r.Filter.SizeScale:1]]
[2024.03.18-07.45.55:413][  0]LogConfig: Setting CVar [[r.Tonemapper.Quality:5]]
[2024.03.18-07.45.55:413][  0]LogConfig: Setting CVar [[r.DOF.Gather.AccumulatorQuality:1        ; higher gathering accumulator quality]]
[2024.03.18-07.45.55:413][  0]LogConfig: Setting CVar [[r.DOF.Gather.PostfilterMethod:1          ; Median3x3 postfilering method]]
[2024.03.18-07.45.55:413][  0]LogConfig: Setting CVar [[r.DOF.Gather.EnableBokehSettings:0       ; no bokeh simulation when gathering]]
[2024.03.18-07.45.55:413][  0]LogConfig: Setting CVar [[r.DOF.Gather.RingCount:4                 ; medium number of samples when gathering]]
[2024.03.18-07.45.55:413][  0]LogConfig: Setting CVar [[r.DOF.Scatter.ForegroundCompositing:1    ; additive foreground scattering]]
[2024.03.18-07.45.55:413][  0]LogConfig: Setting CVar [[r.DOF.Scatter.BackgroundCompositing:2    ; additive background scattering]]
[2024.03.18-07.45.55:413][  0]LogConfig: Setting CVar [[r.DOF.Scatter.EnableBokehSettings:1      ; bokeh simulation when scattering]]
[2024.03.18-07.45.55:413][  0]LogConfig: Setting CVar [[r.DOF.Scatter.MaxSpriteRatio:0.1         ; only a maximum of 10% of scattered bokeh]]
[2024.03.18-07.45.55:413][  0]LogConfig: Setting CVar [[r.DOF.Recombine.Quality:1                ; cheap slight out of focus]]
[2024.03.18-07.45.55:413][  0]LogConfig: Setting CVar [[r.DOF.Recombine.EnableBokehSettings:0    ; no bokeh simulation on slight out of focus]]
[2024.03.18-07.45.55:413][  0]LogConfig: Setting CVar [[r.DOF.TemporalAAQuality:1                ; more stable temporal accumulation]]
[2024.03.18-07.45.55:413][  0]LogConfig: Setting CVar [[r.DOF.Kernel.MaxForegroundRadius:0.025]]
[2024.03.18-07.45.55:413][  0]LogConfig: Setting CVar [[r.DOF.Kernel.MaxBackgroundRadius:0.025]]
[2024.03.18-07.45.55:413][  0]LogConfig: Applying CVar settings from Section [TextureQuality@3] File [D:/GitHub/NetShootRewrite/Saved/Config/Windows/Scalability.ini]
[2024.03.18-07.45.55:413][  0]LogConfig: Setting CVar [[r.Streaming.MipBias:0]]
[2024.03.18-07.45.55:413][  0]LogConfig: Setting CVar [[r.Streaming.AmortizeCPUToGPUCopy:0]]
[2024.03.18-07.45.55:413][  0]LogConfig: Setting CVar [[r.Streaming.MaxNumTexturesToStreamPerFrame:0]]
[2024.03.18-07.45.55:413][  0]LogConfig: Setting CVar [[r.Streaming.Boost:1]]
[2024.03.18-07.45.55:413][  0]LogConfig: Setting CVar [[r.MaxAnisotropy:8]]
[2024.03.18-07.45.55:413][  0]LogConfig: Setting CVar [[r.VT.MaxAnisotropy:8]]
[2024.03.18-07.45.55:413][  0]LogConfig: Setting CVar [[r.Streaming.LimitPoolSizeToVRAM:0]]
[2024.03.18-07.45.55:413][  0]LogConfig: Setting CVar [[r.Streaming.PoolSize:1000]]
[2024.03.18-07.45.55:413][  0]LogConfig: Setting CVar [[r.Streaming.MaxEffectiveScreenSize:0]]
[2024.03.18-07.45.55:413][  0]LogConfig: Applying CVar settings from Section [EffectsQuality@3] File [D:/GitHub/NetShootRewrite/Saved/Config/Windows/Scalability.ini]
[2024.03.18-07.45.55:413][  0]LogConfig: Setting CVar [[r.TranslucencyLightingVolumeDim:64]]
[2024.03.18-07.45.55:413][  0]LogConfig: Setting CVar [[r.RefractionQuality:2]]
[2024.03.18-07.45.55:413][  0]LogConfig: Setting CVar [[r.SSR.Quality:3]]
[2024.03.18-07.45.55:413][  0]LogConfig: Setting CVar [[r.SSR.HalfResSceneColor:0]]
[2024.03.18-07.45.55:413][  0]LogConfig: Setting CVar [[r.SceneColorFormat:4]]
[2024.03.18-07.45.55:413][  0]LogConfig: Setting CVar [[r.DetailMode:2]]
[2024.03.18-07.45.55:413][  0]LogConfig: Setting CVar [[r.TranslucencyVolumeBlur:1]]
[2024.03.18-07.45.55:413][  0]LogConfig: Setting CVar [[r.MaterialQualityLevel:1 ; High quality]]
[2024.03.18-07.45.55:413][  0]LogConfig: Setting CVar [[r.AnisotropicMaterials:1]]
[2024.03.18-07.45.55:413][  0]LogConfig: Setting CVar [[r.SSS.Scale:1]]
[2024.03.18-07.45.55:413][  0]LogConfig: Setting CVar [[r.SSS.SampleSet:2]]
[2024.03.18-07.45.55:413][  0]LogConfig: Setting CVar [[r.SSS.Quality:1]]
[2024.03.18-07.45.55:413][  0]LogConfig: Setting CVar [[r.SSS.HalfRes:0]]
[2024.03.18-07.45.55:413][  0]LogConfig: Setting CVar [[r.SSGI.Quality:3]]
[2024.03.18-07.45.55:413][  0]LogConfig: Setting CVar [[r.EmitterSpawnRateScale:1.0]]
[2024.03.18-07.45.55:413][  0]LogConfig: Setting CVar [[r.ParticleLightQuality:2]]
[2024.03.18-07.45.55:413][  0]LogConfig: Setting CVar [[r.SkyAtmosphere.AerialPerspectiveLUT.FastApplyOnOpaque:1 ; Always have FastSkyLUT 1 in this case to avoid wrong sky]]
[2024.03.18-07.45.55:413][  0]LogConfig: Setting CVar [[r.SkyAtmosphere.AerialPerspectiveLUT.SampleCountMaxPerSlice:4]]
[2024.03.18-07.45.55:413][  0]LogConfig: Setting CVar [[r.SkyAtmosphere.AerialPerspectiveLUT.DepthResolution:16.0]]
[2024.03.18-07.45.55:413][  0]LogConfig: Setting CVar [[r.SkyAtmosphere.FastSkyLUT:1]]
[2024.03.18-07.45.55:413][  0]LogConfig: Setting CVar [[r.SkyAtmosphere.FastSkyLUT.SampleCountMin:4.0]]
[2024.03.18-07.45.55:413][  0]LogConfig: Setting CVar [[r.SkyAtmosphere.FastSkyLUT.SampleCountMax:128.0]]
[2024.03.18-07.45.55:413][  0]LogConfig: Setting CVar [[r.SkyAtmosphere.SampleCountMin:4.0]]
[2024.03.18-07.45.55:413][  0]LogConfig: Setting CVar [[r.SkyAtmosphere.SampleCountMax:128.0]]
[2024.03.18-07.45.55:414][  0]LogConfig: Setting CVar [[r.SkyAtmosphere.TransmittanceLUT.UseSmallFormat:0]]
[2024.03.18-07.45.55:414][  0]LogConfig: Setting CVar [[r.SkyAtmosphere.TransmittanceLUT.SampleCount:10.0]]
[2024.03.18-07.45.55:414][  0]LogConfig: Setting CVar [[r.SkyAtmosphere.MultiScatteringLUT.SampleCount:15.0]]
[2024.03.18-07.45.55:414][  0]LogConfig: Setting CVar [[r.SkyLight.RealTimeReflectionCapture:1]]
[2024.03.18-07.45.55:414][  0]LogConfig: Applying CVar settings from Section [FoliageQuality@3] File [D:/GitHub/NetShootRewrite/Saved/Config/Windows/Scalability.ini]
[2024.03.18-07.45.55:414][  0]LogConfig: Setting CVar [[foliage.DensityScale:1.0]]
[2024.03.18-07.45.55:414][  0]LogConfig: Setting CVar [[grass.DensityScale:1.0]]
[2024.03.18-07.45.55:414][  0]LogConfig: Applying CVar settings from Section [ShadingQuality@3] File [D:/GitHub/NetShootRewrite/Saved/Config/Windows/Scalability.ini]
[2024.03.18-07.45.55:414][  0]LogConfig: Setting CVar [[r.HairStrands.SkyLighting.IntegrationType:2]]
[2024.03.18-07.45.55:414][  0]LogConfig: Setting CVar [[r.HairStrands.SkyAO.SampleCount:4]]
[2024.03.18-07.45.55:414][  0]LogConfig: Setting CVar [[r.HairStrands.Visibility.MSAA.SamplePerPixel:4]]
[2024.03.18-07.45.55:414][  0]LogConfig: Applying CVar settings from Section [Startup] File [../../../Engine/Config/ConsoleVariables.ini]
[2024.03.18-07.45.55:414][  0]LogConfig: Setting CVar [[net.UseAdaptiveNetUpdateFrequency:0]]
[2024.03.18-07.45.55:414][  0]LogConfig: Setting CVar [[p.chaos.AllowCreatePhysxBodies:1]]
[2024.03.18-07.45.55:414][  0]LogConfig: Setting CVar [[fx.SkipVectorVMBackendOptimizations:1]]
[2024.03.18-07.45.55:414][  0]LogConfig: Applying CVar settings from Section [ConsoleVariables] File [D:/GitHub/NetShootRewrite/Saved/Config/Windows/Engine.ini]
[2024.03.18-07.45.55:414][  0]LogConfig: Applying CVar settings from Section [ConsoleVariables] File [D:/GitHub/NetShootRewrite/Saved/Config/Windows/Editor.ini]
[2024.03.18-07.45.55:414][  0]LogInit: Computer: DESKTOP-6POMQQ5
[2024.03.18-07.45.55:414][  0]LogInit: User: ZTT
[2024.03.18-07.45.55:415][  0]LogInit: CPU Page size=4096, Cores=6
[2024.03.18-07.45.55:415][  0]LogInit: High frequency timer resolution =10.000000 MHz
[2024.03.18-07.45.55:415][  0]LogMemory: Memory total: Physical=15.9GB (16GB approx)
[2024.03.18-07.45.55:415][  0]LogMemory: Platform Memory Stats for Windows
[2024.03.18-07.45.55:415][  0]LogMemory: Process Physical Memory: 144.18 MB used, 144.18 MB peak
[2024.03.18-07.45.55:415][  0]LogMemory: Process Virtual Memory: 119.53 MB used, 119.53 MB peak
[2024.03.18-07.45.55:415][  0]LogMemory: Physical Memory: 13614.02 MB used,  2699.29 MB free, 16313.30 MB total
[2024.03.18-07.45.55:415][  0]LogMemory: Virtual Memory: 134210176.00 MB used,  7550.45 MB free, 134217728.00 MB total
[2024.03.18-07.45.55:421][  0]LogWindows: WindowsPlatformFeatures enabled
[2024.03.18-07.45.55:455][  0]LogInit: Physics initialised using underlying interface: PhysX
[2024.03.18-07.45.55:456][  0]LogInit: Overriding language with editor language configuration option (zh-Hans).
[2024.03.18-07.45.55:456][  0]LogInit: Using OS detected locale (zh-CN).
[2024.03.18-07.45.55:579][  0]LogTextLocalizationResource: LocRes '../../../Engine/Content/Localization/Editor/zh/Editor.locres' could not be opened for reading!
[2024.03.18-07.45.55:580][  0]LogTextLocalizationResource: LocRes '../../../Engine/Content/Localization/EditorTutorials/zh/EditorTutorials.locres' could not be opened for reading!
[2024.03.18-07.45.55:580][  0]LogTextLocalizationResource: LocRes '../../../Engine/Content/Localization/Keywords/zh/Keywords.locres' could not be opened for reading!
[2024.03.18-07.45.55:580][  0]LogTextLocalizationResource: LocRes '../../../Engine/Content/Localization/Category/zh/Category.locres' could not be opened for reading!
[2024.03.18-07.45.55:580][  0]LogTextLocalizationResource: LocRes '../../../Engine/Content/Localization/ToolTips/zh/ToolTips.locres' could not be opened for reading!
[2024.03.18-07.45.55:580][  0]LogTextLocalizationResource: LocRes '../../../Engine/Content/Localization/Engine/zh/Engine.locres' could not be opened for reading!
[2024.03.18-07.45.55:581][  0]LogTextLocalizationResource: LocRes '../../../Engine/Plugins/Online/OnlineSubsystem/Content/Localization/OnlineSubsystem/zh/OnlineSubsystem.locres' could not be opened for reading!
[2024.03.18-07.45.55:581][  0]LogTextLocalizationResource: LocRes '../../../Engine/Plugins/Online/OnlineSubsystemUtils/Content/Localization/OnlineSubsystemUtils/zh/OnlineSubsystemUtils.locres' could not be opened for reading!
[2024.03.18-07.45.55:581][  0]LogTextLocalizationResource: LocRes '../../../Engine/Plugins/Online/Android/OnlineSubsystemGooglePlay/Content/Localization/OnlineSubsystemGooglePlay/zh/OnlineSubsystemGooglePlay.locres' could not be opened for reading!
[2024.03.18-07.45.55:581][  0]LogTextLocalizationResource: LocRes '../../../Engine/Plugins/Online/IOS/OnlineSubsystemIOS/Content/Localization/OnlineSubsystemIOS/zh/OnlineSubsystemIOS.locres' could not be opened for reading!
[2024.03.18-07.45.55:607][  0]LogInit: Setting process to per monitor DPI aware
[2024.03.18-07.45.55:622][  0]LogWindowsTextInputMethodSystem: Display: IME system deactivated.
[2024.03.18-07.45.55:639][  0]LogSlate: New Slate User Created.  User Index 0, Is Virtual User: 0
[2024.03.18-07.45.55:639][  0]LogSlate: Slate User Registered.  User Index 0, Is Virtual User: 0
[2024.03.18-07.45.56:087][  0]LogD3D11RHI: Loaded GFSDK_Aftermath_Lib.x64.dll
[2024.03.18-07.45.56:091][  0]LogHMD: Failed to initialize OpenVR with code 110
[2024.03.18-07.45.56:091][  0]LogD3D11RHI: D3D11 min allowed feature level: 11_0
[2024.03.18-07.45.56:091][  0]LogD3D11RHI: D3D11 max allowed feature level: 11_0
[2024.03.18-07.45.56:091][  0]LogD3D11RHI: D3D11 adapters:
[2024.03.18-07.45.56:340][  0]LogD3D11RHI:    0. 'NVIDIA GeForce GTX 1660 Ti' (Feature Level 11_0)
[2024.03.18-07.45.56:340][  0]LogD3D11RHI:       5979/0/8156 MB DedicatedVideo/DedicatedSystem/SharedSystem, Outputs:1, VendorId:0x10de
[2024.03.18-07.45.56:343][  0]LogD3D11RHI:    1. 'Microsoft Basic Render Driver' (Feature Level 11_0)
[2024.03.18-07.45.56:343][  0]LogD3D11RHI:       0/0/8156 MB DedicatedVideo/DedicatedSystem/SharedSystem, Outputs:0, VendorId:0x1414
[2024.03.18-07.45.56:459][  0]LogD3D11RHI:    2. 'NVIDIA GeForce GTX 1660 Ti' (Feature Level 11_0)
[2024.03.18-07.45.56:459][  0]LogD3D11RHI:       5979/0/8156 MB DedicatedVideo/DedicatedSystem/SharedSystem, Outputs:0, VendorId:0x10de
[2024.03.18-07.45.56:459][  0]LogD3D11RHI: Chosen D3D11 Adapter:
[2024.03.18-07.45.56:459][  0]LogD3D11RHI:     Description : NVIDIA GeForce GTX 1660 Ti
[2024.03.18-07.45.56:459][  0]LogD3D11RHI:     VendorId    : 10de
[2024.03.18-07.45.56:459][  0]LogD3D11RHI:     DeviceId    : 2182
[2024.03.18-07.45.56:459][  0]LogD3D11RHI:     SubSysId    : 3fbe1458
[2024.03.18-07.45.56:459][  0]LogD3D11RHI:     Revision    : 00a1
[2024.03.18-07.45.56:459][  0]LogD3D11RHI:     DedicatedVideoMemory : 6269435904 bytes
[2024.03.18-07.45.56:459][  0]LogD3D11RHI:     DedicatedSystemMemory : 0 bytes
[2024.03.18-07.45.56:459][  0]LogD3D11RHI:     SharedSystemMemory : 8552867840 bytes
[2024.03.18-07.45.56:459][  0]LogD3D11RHI:     AdapterLuid : 0 50912
[2024.03.18-07.45.56:465][  0]LogD3D11RHI: Creating new Direct3DDevice
[2024.03.18-07.45.56:465][  0]LogD3D11RHI:     GPU DeviceId: 0x2182 (for the marketing name, search the web for "GPU Device Id")
[2024.03.18-07.45.56:465][  0]LogWindows: EnumDisplayDevices:
[2024.03.18-07.45.56:465][  0]LogWindows:    0. 'NVIDIA GeForce GTX 1660 Ti' (P:1 D:1)
[2024.03.18-07.45.56:465][  0]LogWindows:    1. 'NVIDIA GeForce GTX 1660 Ti' (P:0 D:0)
[2024.03.18-07.45.56:466][  0]LogWindows:    2. 'NVIDIA GeForce GTX 1660 Ti' (P:0 D:0)
[2024.03.18-07.45.56:466][  0]LogWindows:    3. 'NVIDIA GeForce GTX 1660 Ti' (P:0 D:0)
[2024.03.18-07.45.56:467][  0]LogWindows:    4. 'OrayIddDriver Device' (P:0 D:0)
[2024.03.18-07.45.56:468][  0]LogWindows:    5. 'OrayIddDriver Device' (P:0 D:0)
[2024.03.18-07.45.56:468][  0]LogWindows:    6. 'OrayIddDriver Device' (P:0 D:0)
[2024.03.18-07.45.56:469][  0]LogWindows:    7. 'OrayIddDriver Device' (P:0 D:0)
[2024.03.18-07.45.56:469][  0]LogWindows:    8. 'OrayIddDriver Device' (P:0 D:0)
[2024.03.18-07.45.56:470][  0]LogWindows: DebugString: GetVideoDriverDetailsInvalid PrimaryIsNotTheChoosenAdapter GetVideoDriverDetailsInvalid PrimaryIsNotTheChoosenAdapter GetVideoDriverDetailsInvalid PrimaryIsNotTheChoosenAdapter GetVideoDriverDetailsInvalid PrimaryIsNotTheChoosenAdapter GetVideoDriverDetailsInvalid PrimaryIsNotTheChoosenAdapter FoundDriverCount:4 
[2024.03.18-07.45.56:470][  0]LogD3D11RHI:     Adapter Name: NVIDIA GeForce GTX 1660 Ti
[2024.03.18-07.45.56:470][  0]LogD3D11RHI:   Driver Version: 536.23 (internal:31.0.15.3623, unified:536.23)
[2024.03.18-07.45.56:470][  0]LogD3D11RHI:      Driver Date: 6-8-2023
[2024.03.18-07.45.56:470][  0]LogRHI: Texture pool is 4185 MB (70% of 5979 MB)
[2024.03.18-07.45.56:470][  0]LogD3D11RHI: Creating D3DDevice using adapter:
[2024.03.18-07.45.56:470][  0]LogD3D11RHI:     Description : NVIDIA GeForce GTX 1660 Ti
[2024.03.18-07.45.56:470][  0]LogD3D11RHI:     VendorId    : 10de
[2024.03.18-07.45.56:470][  0]LogD3D11RHI:     DeviceId    : 2182
[2024.03.18-07.45.56:470][  0]LogD3D11RHI:     SubSysId    : 3fbe1458
[2024.03.18-07.45.56:470][  0]LogD3D11RHI:     Revision    : 00a1
[2024.03.18-07.45.56:470][  0]LogD3D11RHI:     DedicatedVideoMemory : 6269435904 bytes
[2024.03.18-07.45.56:470][  0]LogD3D11RHI:     DedicatedSystemMemory : 0 bytes
[2024.03.18-07.45.56:470][  0]LogD3D11RHI:     SharedSystemMemory : 8552867840 bytes
[2024.03.18-07.45.56:470][  0]LogD3D11RHI:     AdapterLuid : 0 50912
[2024.03.18-07.45.56:565][  0]LogD3D11RHI: RHI has support for 64 bit atomics
[2024.03.18-07.45.56:565][  0]LogD3D11RHI: Async texture creation enabled
[2024.03.18-07.45.56:565][  0]LogD3D11RHI: Array index from any shader is supported
[2024.03.18-07.45.56:567][  0]LogD3D11RHI: HDR output is supported on display 0 (NvId: 0x80061086).
[2024.03.18-07.45.56:582][  0]LogD3D11RHI: GPU Timing Frequency: 1000.000000 (Debug: 2 1)
[2024.03.18-07.45.56:656][  0]LogRHI: GeForceNow SDK initialized: 1
[2024.03.18-07.45.56:894][  0]LogTargetPlatformManager: Display: Loaded TargetPlatform 'AllDesktop'
[2024.03.18-07.45.56:914][  0]LogTargetPlatformManager: Display: Loaded TargetPlatform 'Android'
[2024.03.18-07.45.56:914][  0]LogTargetPlatformManager: Display: Loaded TargetPlatform 'Android_ASTC'
[2024.03.18-07.45.56:914][  0]LogTargetPlatformManager: Display: Loaded TargetPlatform 'Android_DXT'
[2024.03.18-07.45.56:914][  0]LogTargetPlatformManager: Display: Loaded TargetPlatform 'Android_ETC2'
[2024.03.18-07.45.56:914][  0]LogTargetPlatformManager: Display: Loaded TargetPlatform 'AndroidClient'
[2024.03.18-07.45.56:914][  0]LogTargetPlatformManager: Display: Loaded TargetPlatform 'Android_ASTCClient'
[2024.03.18-07.45.56:914][  0]LogTargetPlatformManager: Display: Loaded TargetPlatform 'Android_DXTClient'
[2024.03.18-07.45.56:914][  0]LogTargetPlatformManager: Display: Loaded TargetPlatform 'Android_ETC2Client'
[2024.03.18-07.45.56:914][  0]LogTargetPlatformManager: Display: Loaded TargetPlatform 'Android_Multi'
[2024.03.18-07.45.56:914][  0]LogTargetPlatformManager: Display: Loaded TargetPlatform 'Android_MultiClient'
[2024.03.18-07.45.56:933][  0]LogTargetPlatformManager: Display: Loaded TargetPlatform 'IOSClient'
[2024.03.18-07.45.56:933][  0]LogTargetPlatformManager: Display: Loaded TargetPlatform 'IOS'
[2024.03.18-07.45.56:958][  0]LogTargetPlatformManager: Display: Loaded TargetPlatform 'Lumin'
[2024.03.18-07.45.56:958][  0]LogTargetPlatformManager: Display: Loaded TargetPlatform 'LuminClient'
[2024.03.18-07.45.56:967][  0]LogTargetPlatformManager: Display: Loaded TargetPlatform 'MacNoEditor'
[2024.03.18-07.45.56:973][  0]LogTargetPlatformManager: Display: Loaded TargetPlatform 'Mac'
[2024.03.18-07.45.56:977][  0]LogTargetPlatformManager: Display: Loaded TargetPlatform 'MacClient'
[2024.03.18-07.45.56:982][  0]LogTargetPlatformManager: Display: Loaded TargetPlatform 'MacServer'
[2024.03.18-07.45.56:992][  0]LogTargetPlatformManager: Display: Loaded TargetPlatform 'TVOSClient'
[2024.03.18-07.45.56:992][  0]LogTargetPlatformManager: Display: Loaded TargetPlatform 'TVOS'
[2024.03.18-07.45.57:002][  0]LogTargetPlatformManager: Display: Loaded TargetPlatform 'WindowsNoEditor'
[2024.03.18-07.45.57:007][  0]LogTargetPlatformManager: Display: Loaded TargetPlatform 'Windows'
[2024.03.18-07.45.57:012][  0]LogTargetPlatformManager: Display: Loaded TargetPlatform 'WindowsClient'
[2024.03.18-07.45.57:017][  0]LogTargetPlatformManager: Display: Loaded TargetPlatform 'WindowsServer'
[2024.03.18-07.45.57:017][  0]LogTargetPlatformManager: Display: Building Assets For Windows
[2024.03.18-07.45.57:027][  0]LogAudioDebug: Display: Lib vorbis DLL was dynamically loaded.
[2024.03.18-07.45.57:080][  0]LogTextureFormatOodle: Display: Oodle Texture 2.9.0 init RDO Off
[2024.03.18-07.45.57:121][  0]LogRendererCore: Ray tracing is disabled. Reason: r.RayTracing=0.
[2024.03.18-07.45.57:121][  0]LogShaderCompilers: Guid format shader working directory is 19 characters bigger than the processId version (D:/GitHub/NetShootRewrite/Intermediate/Shaders/WorkingDirectory/9560/).
[2024.03.18-07.45.57:121][  0]LogShaderCompilers: Cleaned the shader compiler working directory 'C:/Users/ZTT/AppData/Local/Temp/UnrealShaderWorkingDir/781FCDD4499B0F32734CD8B531F4F2F2/'.
[2024.03.18-07.45.57:122][  0]LogShaderCompilers: Display: Using XGE Controller for Shader Compilation.
[2024.03.18-07.45.57:946][  0]LogDerivedDataCache: Display: Max Cache Size: 512 MB
[2024.03.18-07.45.57:997][  0]LogDerivedDataCache: Loaded boot cache 0.05s 94MB D:/GitHub/NetShootRewrite/DerivedDataCache/Boot.ddc.
[2024.03.18-07.45.57:997][  0]LogDerivedDataCache: Display: Loaded Boot cache: D:/GitHub/NetShootRewrite/DerivedDataCache/Boot.ddc
[2024.03.18-07.45.57:998][  0]LogDerivedDataCache: FDerivedDataBackendGraph:  Pak pak cache file D:/GitHub/NetShootRewrite/DerivedDataCache/DDC.ddp not found, will not use a pak cache.
[2024.03.18-07.45.57:998][  0]LogDerivedDataCache: Unable to find inner node Pak for hierarchical cache Hierarchy.
[2024.03.18-07.45.57:998][  0]LogDerivedDataCache: FDerivedDataBackendGraph:  EnginePak pak cache file ../../../Engine/DerivedDataCache/DDC.ddp not found, will not use a pak cache.
[2024.03.18-07.45.57:998][  0]LogDerivedDataCache: Unable to find inner node EnginePak for hierarchical cache Hierarchy.
[2024.03.18-07.45.58:009][  0]LogDerivedDataCache: Speed tests for ../../../Engine/DerivedDataCache took 0.01 seconds
[2024.03.18-07.45.58:009][  0]LogDerivedDataCache: Display: Performance to ../../../Engine/DerivedDataCache: Latency=0.09ms. RandomReadSpeed=161.72MBs, RandomWriteSpeed=165.43MBs. Assigned SpeedClass 'Local'
[2024.03.18-07.45.58:010][  0]LogDerivedDataCache: Using Local data cache path ../../../Engine/DerivedDataCache: Writable
[2024.03.18-07.45.58:010][  0]LogDerivedDataCache: Shared data cache path not found in *engine.ini, will not use an Shared cache.
[2024.03.18-07.45.58:010][  0]LogDerivedDataCache: Unable to find inner node Shared for hierarchical cache Hierarchy.
[2024.03.18-07.45.58:049][  0]LogSlate: Using FreeType 2.10.0
[2024.03.18-07.45.58:050][  0]LogSlate: SlateFontServices - WITH_FREETYPE: 1, WITH_HARFBUZZ: 1
[2024.03.18-07.45.58:129][  0]LogAssetRegistry: FAssetRegistry took 0.0023 seconds to start up
[2024.03.18-07.45.58:337][  0]LogInit: Selected Device Profile: [Windows]
[2024.03.18-07.45.58:337][  0]LogInit: Active device profile: [000001F6774EAD00][000001F6707516C0 49] Windows
[2024.03.18-07.45.58:337][  0]LogInit: Profiles: [000001F6774EAD00][000001F6707516C0 49] Windows, [000001F6774A1600][000001F670759840 49] WindowsNoEditor, [000001F6774E9500][000001F67075D9C0 49] WindowsServer, [000001F6774A2B00][000001F670755B00 49] WindowsClient, [000001F6774EAA00][000001F6707600C0 49] IOS, [000001F6774A1A00][000001F676AAA200 49] iPadAir, [000001F6774E9900][000001F676AAE340 49] iPadAir2, [000001F677447C00][000001F676ABA600 49] IPadPro, [000001F677447D00][000001F676AB6640 49] iPadAir3, [000001F6774EAF00][000001F676ABE7C0 49] iPadAir4, [000001F677445900][000001F676AC2940 49] iPadMini2, [000001F6774E9300][000001F676AC6AC0 49] iPadMini3, [000001F677444D00][000001F676ACAC40 49] iPadMini4, [000001F6774E8900][000001F676ACEDC0 49] iPadMini5, [000001F67748F500][000001F676AD7080 49] iPhone6, [000001F67748F600][000001F676AD30C0 49] iPodTouch6, [000001F677444700][000001F676ADF380 49] iPhone7, [000001F677444600][000001F676ADB3C0 49] iPodTouch7, [000001F67748D800][000001F676AE3540 49] iPhone5S, [000001F677447600][000001F676AE76C0 49] iPhone6Plus, [000001F67748F800][000001F676AEB840 49] iPhone6S, [000001F677445B00][000001F676AEF9C0 49] iPhone6SPlus, [000001F67748D700][000001F676AF3B40 49] iPhone7Plus, [000001F677447100][000001F676AF6140 49] iPhoneSE, [000001F67748E500][000001F676AB2280 49] iPhone8, [000001F677445500][000001F676AFA3C0 49] iPhone8Plus, [000001F67748DE00][000001F676AFE500 49] iPhoneX, [000001F677445000][000001F676B06680 49] iPhoneXS, [000001F67748E200][000001F676B0A800 49] iPhoneXSMax, [000001F677444500][000001F676B0E980 49] iPhoneXR, [000001F67748E100][000001F676B12B00 49] iPhone11, [000001F677446D00][000001F676B16C80 49] iPhone11Pro, [000001F67748D600][000001F676B1AE00 49] iPhone11ProMax, [000001F677445D00][000001F676B1EF80 49] iPhoneSE2, [000001F67748F200][000001F676B23100 49] iPhone12Mini, [000001F677445E00][000001F676B27280 49] iPhone12, [000001F67748C300][000001F676B2B400 49] iPhone12Pro, [000001F677447500][000001F676B2F580 49] iPhone12ProMax, [000001F67748FC00][000001F676B33700 49] iPadPro105, [000001F677444200][000001F676B37880 49] iPadPro129, [000001F67748CE00][000001F676B3BA00 49] iPadPro97, [000001F677444100][000001F677B51B80 49] iPadPro2_129, [000001F67748FF00][000001F677B54180 49] iPad5, [000001F677444900][000001F677B58300 49] iPad6, [000001F67748FB00][000001F676B02440 49] iPad7, [000001F677446A00][000001F677B5C580 49] iPad8, [000001F67748E800][000001F677B606C0 49] iPadPro11, [000001F677444A00][000001F677B68840 49] iPadPro2_11, [000001F67748C700][000001F677B6C9C0 49] iPadPro3_129, [000001F677447200][000001F677B70B40 49] iPadPro4_129, [000001F67748FA00][000001F677B74CC0 49] AppleTV, [000001F677444C00][000001F677B78E40 49] AppleTV4K, [000001F67748EC00][000001F677B7CFC0 49] TVOS, [000001F677447000][000001F677B81140 49] Mac, [000001F6774A0E00][000001F677B852C0 49] MacClient, [000001F677524800][000001F677B89440 49] MacNoEditor, [000001F6774A1500][000001F677B8D5C0 49] MacServer, [000001F677524300][000001F677B91740 49] Linux, [000001F6774A2D00][000001F677B958C0 49] LinuxAArch64, [000001F677524B00][000001F677B99A40 49] LinuxNoEditor, [000001F6774A1D00][000001F677B9DBC0 49] LinuxAArch64NoEditor, [000001F677525500][000001F677BA01C0 49] LinuxClient, [000001F6774A0500][000001F677BA4340 49] LinuxAArch64Client, [000001F677525100][000001F677BA84C0 49] LinuxServer, [000001F6774A3600][000001F677B64600 49] LinuxAArch64Server, [000001F677525200][000001F677BAC740 49] Android, [000001F6774A0400][000001F677BB0880 49] Android_Low, [000001F677524C00][000001F677BB49C0 49] Android_Mid, [000001F6774A0D00][000001F677BBCB40 49] Android_High, [000001F677525300][000001F677BC0CC0 49] Android_Default, [000001F6774A0300][000001F677BC4E40 49] Android_Adreno4xx, [000001F677525900][000001F677BC8FC0 49] Android_Adreno5xx_Low, [000001F6774A3700][000001F677BCD140 49] Android_Adreno5xx, [000001F677524900][000001F677BD12C0 49] Android_Adreno6xx, [000001F6774A2200][000001F677BD5440 49] Android_Adreno6xx_Vulkan, [000001F677524F00][000001F677BD95C0 49] Android_Mali_T6xx, [000001F677447E00][000001F677BDD740 49] Android_Mali_T7xx, [000001F67748D100][000001F677BE18C0 49] Android_Mali_T8xx, [000001F677446700][000001F677BE5A40 49] Android_Mali_G71, [000001F67748F300][000001F677BE9BC0 49] Android_Mali_G72, [000001F677446000][000001F677BEC1C0 49] Android_Mali_G72_Vulkan, [000001F67748F900][000001F677BF0340 49] Android_Mali_G76, [000001F677444300][000001F677BF44C0 49] Android_Mali_G76_Vulkan, [000001F67748DF00][000001F677BF8640 49] Android_Mali_G77, [000001F677445700][000001F677BB8780 49] Android_Mali_G77_Vulkan, [000001F67748E400][000001F677BFC8C0 49] Android_Mali_G78, [000001F677446400][000001F677C00A00 49] Android_Mali_G78_Vulkan, [000001F67748E700][000001F677D2EB40 49] Android_Mali_G710, [000001F677447800][000001F677D36CC0 49] Android_Mali_G710_Vulkan, [000001F67748C900][000001F677D3AE40 49] Android_Vulkan_SM5, [000001F677444F00][000001F677D3EFC0 49] Android_PowerVR_G6xxx, [000001F67748C400][000001F677D43140 49] Android_PowerVR_GT7xxx, [000001F677444E00][000001F677D472C0 49] Android_PowerVR_GE8xxx, [000001F67748DA00][000001F677D4B440 49] Android_PowerVR_GM9xxx, [000001F677445300][000001F677D4F5C0 49] Android_PowerVR_GM9xxx_Vulkan, [000001F67748D000][000001F677D53740 49] Android_TegraK1, [000001F677445F00][000001F677D578C0 49] Android_Unknown_Vulkan, [000001F67748D400][000001F677D5FA40 49] Lumin, [000001F677446600][000001F677D63BC0 49] Lumin_Desktop, [000001F6774E9400][000001F677D661C0 49] HoloLens, 
[2024.03.18-07.45.58:479][  0]LogMeshReduction: Using QuadricMeshReduction for automatic static mesh reduction
[2024.03.18-07.45.58:479][  0]LogMeshReduction: Using SimplygonMeshReduction for automatic skeletal mesh reduction
[2024.03.18-07.45.58:479][  0]LogMeshReduction: Using ProxyLODMeshReduction for automatic mesh merging
[2024.03.18-07.45.58:479][  0]LogMeshReduction: No distributed automatic mesh merging module available
[2024.03.18-07.45.58:479][  0]LogMeshMerging: No distributed automatic mesh merging module available
[2024.03.18-07.45.58:520][  0]LogNetVersion: NetShootRewrite 1.0.0, NetCL: 0, EngineNetVer: 17, GameNetVer: 0 (Checksum: 1486698656)
