Log file open, 03/18/24 15:46:37
LogWindows: Failed to load 'aqProf.dll' (GetLastError=126)
LogWindows: File 'aqProf.dll' does not exist
LogWindows: Failed to load 'VtuneApi.dll' (GetLastError=126)
LogWindows: File 'VtuneApi.dll' does not exist
LogWindows: Failed to load 'VtuneApi32e.dll' (GetLastError=126)
LogWindows: File 'VtuneApi32e.dll' does not exist
LogConsoleResponse: Display: Failed to find resolution value strings in scalability ini. Falling back to default.
LogConsoleResponse: Display: Failed to find resolution value strings in scalability ini. Falling back to default.
LogInit: Display: Running engine for game: NetShootRewrite
LogPlatformFile: Not using cached read wrapper
LogTaskGraph: Started task graph with 5 named threads and 35 total threads with 3 sets of task threads.
LogStats: Stats thread started at 0.240629
LogICUInternationalization: ICU TimeZone Detection - Raw Offset: +8:00, Platform Override: ''
LogInit: Display: Loading text-based GConfig....
LogPluginManager: Mounting plugin MeshPainting
LogPluginManager: Mounting plugin XGEController
LogPluginManager: Mounting plugin Paper2D
LogPluginManager: Mounting plugin CameraShakePreviewer
LogPluginManager: Mounting plugin GameplayCameras
LogPluginManager: Mounting plugin LightPropagationVolume
LogPluginManager: Mounting plugin LiveLink
LogPluginManager: Mounting plugin OodleData
LogPluginManager: Mounting plugin OodleNetwork
LogPluginManager: Mounting plugin AnimationSharing
LogPluginManager: Mounting plugin CodeLiteSourceCodeAccess
LogPluginManager: Mounting plugin CLionSourceCodeAccess
LogPluginManager: Mounting plugin GitSourceControl
LogPluginManager: Mounting plugin KDevelopSourceCodeAccess
LogPluginManager: Mounting plugin NullSourceCodeAccess
LogPluginManager: Mounting plugin PixWinPlugin
LogPluginManager: Mounting plugin PlasticSourceControl
LogPluginManager: Mounting plugin PerforceSourceControl
LogPluginManager: Mounting plugin PluginUtils
LogPluginManager: Mounting plugin PropertyAccessNode
LogPluginManager: Mounting plugin AssetManagerEditor
LogPluginManager: Mounting plugin RiderSourceCodeAccess
LogPluginManager: Mounting plugin SubversionSourceControl
LogPluginManager: Mounting plugin TextureFormatOodle
LogPluginManager: Mounting plugin UObjectPlugin
LogPluginManager: Mounting plugin VisualStudioSourceCodeAccess
LogPluginManager: Mounting plugin XCodeSourceCodeAccess
LogPluginManager: Mounting plugin VisualStudioCodeSourceCodeAccess
LogPluginManager: Mounting plugin CryptoKeys
LogPluginManager: Mounting plugin CurveEditorTools
LogPluginManager: Mounting plugin DataValidation
LogPluginManager: Mounting plugin FacialAnimation
LogPluginManager: Mounting plugin GameplayTagsEditor
LogPluginManager: Mounting plugin GeometryMode
LogPluginManager: Mounting plugin MacGraphicsSwitching
LogPluginManager: Mounting plugin MaterialAnalyzer
LogPluginManager: Mounting plugin MobileLauncherProfileWizard
LogPluginManager: Mounting plugin PluginBrowser
LogPluginManager: Mounting plugin SpeedTreeImporter
LogPluginManager: Mounting plugin DatasmithContent
LogPluginManager: Mounting plugin VariantManagerContent
LogPluginManager: Mounting plugin Niagara
LogPluginManager: Mounting plugin AlembicImporter
LogPluginManager: Mounting plugin AutomationUtils
LogPluginManager: Mounting plugin BackChannel
LogPluginManager: Mounting plugin ChaosCloth
LogPluginManager: Mounting plugin ChaosClothEditor
LogPluginManager: Mounting plugin ChaosEditor
LogPluginManager: Mounting plugin ChaosNiagara
LogPluginManager: Mounting plugin ChaosSolverPlugin
LogPluginManager: Mounting plugin CharacterAI
LogPluginManager: Mounting plugin GeometryCache
LogPluginManager: Mounting plugin GeometryCollectionPlugin
LogPluginManager: Mounting plugin AndroidMedia
LogPluginManager: Mounting plugin AvfMedia
LogPluginManager: Mounting plugin ImgMedia
LogPluginManager: Mounting plugin MediaCompositing
LogPluginManager: Mounting plugin GeometryProcessing
LogPluginManager: Mounting plugin MediaPlayerEditor
LogPluginManager: Mounting plugin WebMMedia
LogPluginManager: Mounting plugin WmfMedia
LogPluginManager: Mounting plugin OpenImageDenoise
LogPluginManager: Mounting plugin MotoSynth
LogPluginManager: Mounting plugin PlanarCut
LogPluginManager: Mounting plugin PlatformCrypto
LogPluginManager: Mounting plugin ProxyLODPlugin
LogPluginManager: Mounting plugin PythonScriptPlugin
LogPluginManager: Mounting plugin LuminPlatformFeatures
LogPluginManager: Mounting plugin SkeletalReduction
LogPluginManager: Mounting plugin MagicLeap
LogPluginManager: Mounting plugin MagicLeapLightEstimation
LogPluginManager: Mounting plugin MagicLeapMedia
LogPluginManager: Mounting plugin MagicLeapPassableWorld
LogPluginManager: Mounting plugin TcpMessaging
LogPluginManager: Mounting plugin MLSDK
LogPluginManager: Mounting plugin UdpMessaging
LogPluginManager: Mounting plugin ActorSequence
LogPluginManager: Mounting plugin OnlineSubsystem
LogPluginManager: Mounting plugin LevelSequenceEditor
LogPluginManager: Mounting plugin MatineeToLevelSequence
LogPluginManager: Mounting plugin TemplateSequence
LogPluginManager: Mounting plugin OnlineSubsystemNull
LogPluginManager: Mounting plugin LauncherChunkInstaller
LogPluginManager: Mounting plugin ActorLayerUtilities
LogPluginManager: Mounting plugin OnlineSubsystemUtils
LogPluginManager: Mounting plugin AndroidMoviePlayer
LogPluginManager: Mounting plugin AndroidPermission
LogPluginManager: Mounting plugin AndroidDeviceProfileSelector
LogPluginManager: Mounting plugin AppleImageUtils
LogPluginManager: Mounting plugin AppleMoviePlayer
LogPluginManager: Mounting plugin ArchVisCharacter
LogPluginManager: Mounting plugin AssetTags
LogPluginManager: Mounting plugin AudioCapture
LogPluginManager: Mounting plugin AudioSynesthesia
LogPluginManager: Mounting plugin CableComponent
LogPluginManager: Mounting plugin ChunkDownloader
LogPluginManager: Mounting plugin CustomMeshComponent
LogPluginManager: Mounting plugin EditableMesh
LogPluginManager: Mounting plugin ExampleDeviceProfileSelector
LogPluginManager: Mounting plugin GoogleCloudMessaging
LogPluginManager: Mounting plugin GooglePAD
LogPluginManager: Mounting plugin IOSDeviceProfileSelector
LogPluginManager: Mounting plugin LinuxDeviceProfileSelector
LogPluginManager: Mounting plugin LocationServicesBPLibrary
LogPluginManager: Mounting plugin MobilePatchingUtils
LogPluginManager: Mounting plugin OpenXR
LogPluginManager: Mounting plugin OpenXREyeTracker
LogPluginManager: Mounting plugin AISupport
LogPluginManager: Mounting plugin OpenXRHandTracking
LogPluginManager: Mounting plugin EnvironmentQueryEditor
LogPluginManager: Mounting plugin PhysXVehicles
LogPluginManager: Mounting plugin PostSplashScreen
LogPluginManager: Mounting plugin ProceduralMeshComponent
LogPluginManager: Mounting plugin PropertyAccessEditor
LogPluginManager: Mounting plugin RuntimePhysXCooking
LogPluginManager: Mounting plugin SoundFields
LogPluginManager: Mounting plugin SignificanceManager
LogPluginManager: Mounting plugin Synthesis
LogPluginManager: Mounting plugin WebMMoviePlayer
LogPluginManager: Mounting plugin WindowsMoviePlayer
LogPluginManager: Mounting plugin ScreenshotTools
LogPluginManager: Mounting plugin Takes
LogPluginManager: Mounting plugin ContentBrowserAssetDataSource
LogPluginManager: Mounting plugin ContentBrowserClassDataSource
LogPluginManager: Mounting plugin ContentBrowserFileDataSource
LogPluginManager: Mounting plugin RiderLink
LogPluginManager: Mounting plugin OnlineSubsystemGooglePlay
LogPluginManager: Mounting plugin OnlineSubsystemIOS
LogPluginManager: Mounting plugin OculusVR
LogPluginManager: Mounting plugin SteamVR
PixWinPlugin: PIX capture plugin failed to initialize! Check that the process is launched from PIX.
LogInit: Using libcurl 7.55.1-DEV
LogInit:  - built for x86_64-pc-win32
LogInit:  - supports SSL with OpenSSL/1.1.1
LogInit:  - supports HTTP deflate (compression) using libz 1.2.8
LogInit:  - other features:
LogInit:      CURL_VERSION_SSL
LogInit:      CURL_VERSION_LIBZ
LogInit:      CURL_VERSION_IPV6
LogInit:      CURL_VERSION_ASYNCHDNS
LogInit:      CURL_VERSION_LARGEFILE
LogInit:      CURL_VERSION_IDN
LogInit:  CurlRequestOptions (configurable via config and command line):
LogInit:  - bVerifyPeer = true  - Libcurl will verify peer certificate
LogInit:  - bUseHttpProxy = false  - Libcurl will NOT use HTTP proxy
LogInit:  - bDontReuseConnections = false  - Libcurl will reuse connections
LogInit:  - MaxHostConnections = 16  - Libcurl will limit the number of connections to a host
LogInit:  - LocalHostAddr = Default
LogInit:  - BufferSize = 65536
LogOnline: OSS: Creating online subsystem instance for: NULL
LogInit: WinSock: version 1.1 (2.2), MaxSocks=32767, MaxUdp=65467
LogOnline: OSS: TryLoadSubsystemAndSetDefault: Loaded subsystem for module [NULL]
LogOculusPluginWrapper: OculusPlugin initialized successfully
LogHMD: Failed initializing OVRPlugin 1.59.0
LogInit: Build: ++UE4+Release-4.27-CL-0
LogInit: Engine Version: 4.27.2-0+++UE4+Release-4.27
LogInit: Compatible Engine Version: 4.27.0-0+++UE4+Release-4.27
LogInit: Net CL: 0
LogInit: OS: Windows 10 (Release 2009) (), CPU: Intel(R) Core(TM) i7-8700 CPU @ 3.20GHz, GPU: NVIDIA GeForce GTX 1660 Ti
LogInit: Compiled (64-bit): Mar 12 2024 21:46:05
LogInit: Compiled with Visual C++: 19.39.33521.00
LogInit: Build Configuration: Development
LogInit: Branch Name: ++UE4+Release-4.27
LogInit: Command Line:  -skipcompile
LogInit: Base Directory: C:/Program Files (x86)/UE4.27/UnrealEngine-4.27/Engine/Binaries/Win64/
LogInit: Allocator: TBB
LogInit: Installed Engine Build: 0
LogDevObjectVersion: Number of dev versions registered: 29
LogDevObjectVersion:   Dev-Blueprints (B0D832E4-1F89-4F0D-ACCF-7EB736FD4AA2): 10
LogDevObjectVersion:   Dev-Build (E1C64328-A22C-4D53-A36C-8E866417BD8C): 0
LogDevObjectVersion:   Dev-Core (375EC13C-06E4-48FB-B500-84F0262A717E): 4
LogDevObjectVersion:   Dev-Editor (E4B068ED-F494-42E9-A231-DA0B2E46BB41): 40
LogDevObjectVersion:   Dev-Framework (CFFC743F-43B0-4480-9391-14DF171D2073): 37
LogDevObjectVersion:   Dev-Mobile (B02B49B5-BB20-44E9-A304-32B752E40360): 3
LogDevObjectVersion:   Dev-Networking (A4E4105C-59A1-49B5-A7C5-40C4547EDFEE): 0
LogDevObjectVersion:   Dev-Online (39C831C9-5AE6-47DC-9A44-9C173E1C8E7C): 0
LogDevObjectVersion:   Dev-Physics (78F01B33-EBEA-4F98-B9B4-84EACCB95AA2): 14
LogDevObjectVersion:   Dev-Platform (6631380F-2D4D-43E0-8009-CF276956A95A): 0
LogDevObjectVersion:   Dev-Rendering (12F88B9F-8875-4AFC-A67C-D90C383ABD29): 45
LogDevObjectVersion:   Dev-Sequencer (7B5AE74C-D270-4C10-A958-57980B212A5A): 13
LogDevObjectVersion:   Dev-VR (D7296918-1DD6-4BDD-9DE2-64A83CC13884): 3
LogDevObjectVersion:   Dev-LoadTimes (C2A15278-BFE7-4AFE-6C17-90FF531DF755): 1
LogDevObjectVersion:   Private-Geometry (6EACA3D4-40EC-4CC1-B786-8BED09428FC5): 3
LogDevObjectVersion:   Dev-AnimPhys (29E575DD-E0A3-4627-9D10-D276232CDCEA): 17
LogDevObjectVersion:   Dev-Anim (AF43A65D-7FD3-4947-9873-3E8ED9C1BB05): 15
LogDevObjectVersion:   Dev-ReflectionCapture (6B266CEC-1EC7-4B8F-A30B-E4D90942FC07): 1
LogDevObjectVersion:   Dev-Automation (0DF73D61-A23F-47EA-B727-89E90C41499A): 1
LogDevObjectVersion:   FortniteMain (601D1886-AC64-4F84-AA16-D3DE0DEAC7D6): 47
LogDevObjectVersion:   FortniteRelease (E7086368-6B23-4C58-8439-1B7016265E91): 1
LogDevObjectVersion:   Dev-Enterprise (9DFFBCD6-494F-0158-E221-12823C92A888): 10
LogDevObjectVersion:   Dev-Niagara (F2AED0AC-9AFE-416F-8664-AA7FFA26D6FC): 1
LogDevObjectVersion:   Dev-Destruction (174F1F0B-B4C6-45A5-B13F-2EE8D0FB917D): 10
LogDevObjectVersion:   Dev-Physics-Ext (35F94A83-E258-406C-A318-09F59610247C): 41
LogDevObjectVersion:   Dev-PhysicsMaterial-Chaos (B68FC16E-8B1B-42E2-B453-215C058844FE): 1
LogDevObjectVersion:   Dev-CineCamera (B2E18506-4273-CFC2-A54E-F4BB758BBA07): 1
LogDevObjectVersion:   Dev-VirtualProduction (64F58936-FD1B-42BA-BA96-7289D5D0FA4E): 1
LogDevObjectVersion:   Dev-MediaFramework (6F0ED827-A609-4895-9C91-998D90180EA4): 2
LogInit: Presizing for max 25165824 objects, including 0 objects not considered by GC, pre-allocating 0 bytes for permanent pool.
LogConfig: Applying CVar settings from Section [/Script/Engine.StreamingSettings] File [D:/GitHub/NetShootRewrite/Saved/Config/Windows/Engine.ini]
LogConfig: Setting CVar [[s.MinBulkDataSizeForAsyncLoading:131072]]
LogConfig: Setting CVar [[s.AsyncLoadingThreadEnabled:0]]
LogConfig: Setting CVar [[s.EventDrivenLoaderEnabled:1]]
LogConfig: Setting CVar [[s.WarnIfTimeLimitExceeded:0]]
LogConfig: Setting CVar [[s.TimeLimitExceededMultiplier:1.5]]
LogConfig: Setting CVar [[s.TimeLimitExceededMinTime:0.005]]
LogConfig: Setting CVar [[s.UseBackgroundLevelStreaming:1]]
LogConfig: Setting CVar [[s.PriorityAsyncLoadingExtraTime:15.0]]
LogConfig: Setting CVar [[s.LevelStreamingActorsUpdateTimeLimit:5.0]]
LogConfig: Setting CVar [[s.PriorityLevelStreamingActorsUpdateExtraTime:5.0]]
LogConfig: Setting CVar [[s.LevelStreamingComponentsRegistrationGranularity:10]]
LogConfig: Setting CVar [[s.UnregisterComponentsTimeLimit:1.0]]
LogConfig: Setting CVar [[s.LevelStreamingComponentsUnregistrationGranularity:5]]
LogConfig: Setting CVar [[s.FlushStreamingOnExit:1]]
LogInit: Object subsystem initialized
LogConfig: Setting CVar [[con.DebugEarlyDefault:1]]
LogConfig: Setting CVar [[r.setres:1280x720]]
[2024.03.18-07.46.38:894][  0]LogConfig: Setting CVar [[r.VSync:0]]
[2024.03.18-07.46.38:894][  0]LogConfig: Setting CVar [[r.RHICmdBypass:0]]
[2024.03.18-07.46.38:894][  0]LogConfig: Applying CVar settings from Section [/Script/Engine.RendererSettings] File [D:/GitHub/NetShootRewrite/Saved/Config/Windows/Engine.ini]
[2024.03.18-07.46.38:894][  0]LogConfig: Setting CVar [[r.GPUCrashDebugging:0]]
[2024.03.18-07.46.38:894][  0]LogConfig: Applying CVar settings from Section [/Script/Engine.RendererOverrideSettings] File [D:/GitHub/NetShootRewrite/Saved/Config/Windows/Engine.ini]
[2024.03.18-07.46.38:894][  0]LogConfig: Applying CVar settings from Section [/Script/Engine.StreamingSettings] File [D:/GitHub/NetShootRewrite/Saved/Config/Windows/Engine.ini]
[2024.03.18-07.46.38:894][  0]LogConfig: Setting CVar [[s.MinBulkDataSizeForAsyncLoading:131072]]
[2024.03.18-07.46.38:894][  0]LogConfig: Setting CVar [[s.AsyncLoadingThreadEnabled:0]]
[2024.03.18-07.46.38:894][  0]LogConfig: Setting CVar [[s.EventDrivenLoaderEnabled:1]]
[2024.03.18-07.46.38:894][  0]LogConfig: Setting CVar [[s.WarnIfTimeLimitExceeded:0]]
[2024.03.18-07.46.38:895][  0]LogConfig: Setting CVar [[s.TimeLimitExceededMultiplier:1.5]]
[2024.03.18-07.46.38:895][  0]LogConfig: Setting CVar [[s.TimeLimitExceededMinTime:0.005]]
[2024.03.18-07.46.38:895][  0]LogConfig: Setting CVar [[s.UseBackgroundLevelStreaming:1]]
[2024.03.18-07.46.38:895][  0]LogConfig: Setting CVar [[s.PriorityAsyncLoadingExtraTime:15.0]]
[2024.03.18-07.46.38:895][  0]LogConfig: Setting CVar [[s.LevelStreamingActorsUpdateTimeLimit:5.0]]
[2024.03.18-07.46.38:895][  0]LogConfig: Setting CVar [[s.PriorityLevelStreamingActorsUpdateExtraTime:5.0]]
[2024.03.18-07.46.38:895][  0]LogConfig: Setting CVar [[s.LevelStreamingComponentsRegistrationGranularity:10]]
[2024.03.18-07.46.38:895][  0]LogConfig: Setting CVar [[s.UnregisterComponentsTimeLimit:1.0]]
[2024.03.18-07.46.38:895][  0]LogConfig: Setting CVar [[s.LevelStreamingComponentsUnregistrationGranularity:5]]
[2024.03.18-07.46.38:895][  0]LogConfig: Setting CVar [[s.FlushStreamingOnExit:1]]
[2024.03.18-07.46.38:895][  0]LogConfig: Applying CVar settings from Section [/Script/Engine.GarbageCollectionSettings] File [D:/GitHub/NetShootRewrite/Saved/Config/Windows/Engine.ini]
[2024.03.18-07.46.38:895][  0]LogConfig: Setting CVar [[gc.MaxObjectsNotConsideredByGC:1]]
[2024.03.18-07.46.38:895][  0]LogConfig: Setting CVar [[gc.SizeOfPermanentObjectPool:0]]
[2024.03.18-07.46.38:895][  0]LogConfig: Setting CVar [[gc.FlushStreamingOnGC:0]]
[2024.03.18-07.46.38:895][  0]LogConfig: Setting CVar [[gc.NumRetriesBeforeForcingGC:10]]
[2024.03.18-07.46.38:895][  0]LogConfig: Setting CVar [[gc.AllowParallelGC:1]]
[2024.03.18-07.46.38:895][  0]LogConfig: Setting CVar [[gc.TimeBetweenPurgingPendingKillObjects:61.1]]
[2024.03.18-07.46.38:895][  0]LogConfig: Setting CVar [[gc.MaxObjectsInEditor:25165824]]
[2024.03.18-07.46.38:896][  0]LogConfig: Setting CVar [[gc.IncrementalBeginDestroyEnabled:1]]
[2024.03.18-07.46.38:896][  0]LogConfig: Setting CVar [[gc.CreateGCClusters:1]]
[2024.03.18-07.46.38:896][  0]LogConfig: Setting CVar [[gc.MinGCClusterSize:5]]
[2024.03.18-07.46.38:896][  0]LogConfig: Setting CVar [[gc.ActorClusteringEnabled:0]]
[2024.03.18-07.46.38:896][  0]LogConfig: Setting CVar [[gc.BlueprintClusteringEnabled:0]]
[2024.03.18-07.46.38:896][  0]LogConfig: Setting CVar [[gc.UseDisregardForGCOnDedicatedServers:0]]
[2024.03.18-07.46.38:896][  0]LogConfig: Setting CVar [[gc.MultithreadedDestructionEnabled:1]]
[2024.03.18-07.46.38:896][  0]LogConfig: Applying CVar settings from Section [/Script/Engine.NetworkSettings] File [D:/GitHub/NetShootRewrite/Saved/Config/Windows/Engine.ini]
[2024.03.18-07.46.38:896][  0]LogConfig: Applying CVar settings from Section [/Script/UnrealEd.CookerSettings] File [D:/GitHub/NetShootRewrite/Saved/Config/Windows/Engine.ini]
[2024.03.18-07.46.38:970][  0]LogConfig: Applying CVar settings from Section [ViewDistanceQuality@3] File [D:/GitHub/NetShootRewrite/Saved/Config/Windows/Scalability.ini]
[2024.03.18-07.46.38:970][  0]LogConfig: Setting CVar [[r.SkeletalMeshLODBias:0]]
[2024.03.18-07.46.38:970][  0]LogConfig: Setting CVar [[r.ViewDistanceScale:1.0]]
[2024.03.18-07.46.38:970][  0]LogConfig: Applying CVar settings from Section [AntiAliasingQuality@3] File [D:/GitHub/NetShootRewrite/Saved/Config/Windows/Scalability.ini]
[2024.03.18-07.46.38:970][  0]LogConfig: Setting CVar [[r.PostProcessAAQuality:4]]
[2024.03.18-07.46.38:970][  0]LogConfig: Applying CVar settings from Section [ShadowQuality@3] File [D:/GitHub/NetShootRewrite/Saved/Config/Windows/Scalability.ini]
[2024.03.18-07.46.38:970][  0]LogConfig: Setting CVar [[r.LightFunctionQuality:1]]
[2024.03.18-07.46.38:970][  0]LogConfig: Setting CVar [[r.ShadowQuality:5]]
[2024.03.18-07.46.38:970][  0]LogConfig: Setting CVar [[r.Shadow.CSM.MaxCascades:10]]
[2024.03.18-07.46.38:970][  0]LogConfig: Setting CVar [[r.Shadow.MaxResolution:2048]]
[2024.03.18-07.46.38:970][  0]LogConfig: Setting CVar [[r.Shadow.MaxCSMResolution:2048]]
[2024.03.18-07.46.38:970][  0]LogConfig: Setting CVar [[r.Shadow.RadiusThreshold:0.01]]
[2024.03.18-07.46.38:970][  0]LogConfig: Setting CVar [[r.Shadow.DistanceScale:1.0]]
[2024.03.18-07.46.38:970][  0]LogConfig: Setting CVar [[r.Shadow.CSM.TransitionScale:1.0]]
[2024.03.18-07.46.38:970][  0]LogConfig: Setting CVar [[r.Shadow.PreShadowResolutionFactor:1.0]]
[2024.03.18-07.46.38:970][  0]LogConfig: Setting CVar [[r.DistanceFieldShadowing:1]]
[2024.03.18-07.46.38:971][  0]LogConfig: Setting CVar [[r.DistanceFieldAO:1]]
[2024.03.18-07.46.38:971][  0]LogConfig: Setting CVar [[r.AOQuality:2]]
[2024.03.18-07.46.38:971][  0]LogConfig: Setting CVar [[r.VolumetricFog:1]]
[2024.03.18-07.46.38:971][  0]LogConfig: Setting CVar [[r.VolumetricFog.GridPixelSize:8]]
[2024.03.18-07.46.38:971][  0]LogConfig: Setting CVar [[r.VolumetricFog.GridSizeZ:128]]
[2024.03.18-07.46.38:971][  0]LogConfig: Setting CVar [[r.VolumetricFog.HistoryMissSupersampleCount:4]]
[2024.03.18-07.46.38:971][  0]LogConfig: Setting CVar [[r.LightMaxDrawDistanceScale:1]]
[2024.03.18-07.46.38:971][  0]LogConfig: Setting CVar [[r.CapsuleShadows:1]]
[2024.03.18-07.46.38:971][  0]LogConfig: Applying CVar settings from Section [PostProcessQuality@3] File [D:/GitHub/NetShootRewrite/Saved/Config/Windows/Scalability.ini]
[2024.03.18-07.46.38:971][  0]LogConfig: Setting CVar [[r.MotionBlurQuality:4]]
[2024.03.18-07.46.38:971][  0]LogConfig: Setting CVar [[r.AmbientOcclusionMipLevelFactor:0.4]]
[2024.03.18-07.46.38:971][  0]LogConfig: Setting CVar [[r.AmbientOcclusionMaxQuality:100]]
[2024.03.18-07.46.38:971][  0]LogConfig: Setting CVar [[r.AmbientOcclusionLevels:-1]]
[2024.03.18-07.46.38:971][  0]LogConfig: Setting CVar [[r.AmbientOcclusionRadiusScale:1.0]]
[2024.03.18-07.46.38:971][  0]LogConfig: Setting CVar [[r.DepthOfFieldQuality:2]]
[2024.03.18-07.46.38:971][  0]LogConfig: Setting CVar [[r.RenderTargetPoolMin:400]]
[2024.03.18-07.46.38:971][  0]LogConfig: Setting CVar [[r.LensFlareQuality:2]]
[2024.03.18-07.46.38:971][  0]LogConfig: Setting CVar [[r.SceneColorFringeQuality:1]]
[2024.03.18-07.46.38:972][  0]LogConfig: Setting CVar [[r.EyeAdaptationQuality:2]]
[2024.03.18-07.46.38:972][  0]LogConfig: Setting CVar [[r.BloomQuality:5]]
[2024.03.18-07.46.38:972][  0]LogConfig: Setting CVar [[r.FastBlurThreshold:100]]
[2024.03.18-07.46.38:972][  0]LogConfig: Setting CVar [[r.Upscale.Quality:3]]
[2024.03.18-07.46.38:972][  0]LogConfig: Setting CVar [[r.Tonemapper.GrainQuantization:1]]
[2024.03.18-07.46.38:972][  0]LogConfig: Setting CVar [[r.LightShaftQuality:1]]
[2024.03.18-07.46.38:972][  0]LogConfig: Setting CVar [[r.Filter.SizeScale:1]]
[2024.03.18-07.46.38:972][  0]LogConfig: Setting CVar [[r.Tonemapper.Quality:5]]
[2024.03.18-07.46.38:972][  0]LogConfig: Setting CVar [[r.DOF.Gather.AccumulatorQuality:1        ; higher gathering accumulator quality]]
[2024.03.18-07.46.38:972][  0]LogConfig: Setting CVar [[r.DOF.Gather.PostfilterMethod:1          ; Median3x3 postfilering method]]
[2024.03.18-07.46.38:972][  0]LogConfig: Setting CVar [[r.DOF.Gather.EnableBokehSettings:0       ; no bokeh simulation when gathering]]
[2024.03.18-07.46.38:972][  0]LogConfig: Setting CVar [[r.DOF.Gather.RingCount:4                 ; medium number of samples when gathering]]
[2024.03.18-07.46.38:972][  0]LogConfig: Setting CVar [[r.DOF.Scatter.ForegroundCompositing:1    ; additive foreground scattering]]
[2024.03.18-07.46.38:972][  0]LogConfig: Setting CVar [[r.DOF.Scatter.BackgroundCompositing:2    ; additive background scattering]]
[2024.03.18-07.46.38:972][  0]LogConfig: Setting CVar [[r.DOF.Scatter.EnableBokehSettings:1      ; bokeh simulation when scattering]]
[2024.03.18-07.46.38:972][  0]LogConfig: Setting CVar [[r.DOF.Scatter.MaxSpriteRatio:0.1         ; only a maximum of 10% of scattered bokeh]]
[2024.03.18-07.46.38:972][  0]LogConfig: Setting CVar [[r.DOF.Recombine.Quality:1                ; cheap slight out of focus]]
[2024.03.18-07.46.38:973][  0]LogConfig: Setting CVar [[r.DOF.Recombine.EnableBokehSettings:0    ; no bokeh simulation on slight out of focus]]
[2024.03.18-07.46.38:973][  0]LogConfig: Setting CVar [[r.DOF.TemporalAAQuality:1                ; more stable temporal accumulation]]
[2024.03.18-07.46.38:973][  0]LogConfig: Setting CVar [[r.DOF.Kernel.MaxForegroundRadius:0.025]]
[2024.03.18-07.46.38:973][  0]LogConfig: Setting CVar [[r.DOF.Kernel.MaxBackgroundRadius:0.025]]
[2024.03.18-07.46.38:973][  0]LogConfig: Applying CVar settings from Section [TextureQuality@3] File [D:/GitHub/NetShootRewrite/Saved/Config/Windows/Scalability.ini]
[2024.03.18-07.46.38:973][  0]LogConfig: Setting CVar [[r.Streaming.MipBias:0]]
[2024.03.18-07.46.38:973][  0]LogConfig: Setting CVar [[r.Streaming.AmortizeCPUToGPUCopy:0]]
[2024.03.18-07.46.38:973][  0]LogConfig: Setting CVar [[r.Streaming.MaxNumTexturesToStreamPerFrame:0]]
[2024.03.18-07.46.38:973][  0]LogConfig: Setting CVar [[r.Streaming.Boost:1]]
[2024.03.18-07.46.38:973][  0]LogConfig: Setting CVar [[r.MaxAnisotropy:8]]
[2024.03.18-07.46.38:973][  0]LogConfig: Setting CVar [[r.VT.MaxAnisotropy:8]]
[2024.03.18-07.46.38:973][  0]LogConfig: Setting CVar [[r.Streaming.LimitPoolSizeToVRAM:0]]
[2024.03.18-07.46.38:973][  0]LogConfig: Setting CVar [[r.Streaming.PoolSize:1000]]
[2024.03.18-07.46.38:973][  0]LogConfig: Setting CVar [[r.Streaming.MaxEffectiveScreenSize:0]]
[2024.03.18-07.46.38:973][  0]LogConfig: Applying CVar settings from Section [EffectsQuality@3] File [D:/GitHub/NetShootRewrite/Saved/Config/Windows/Scalability.ini]
[2024.03.18-07.46.38:973][  0]LogConfig: Setting CVar [[r.TranslucencyLightingVolumeDim:64]]
[2024.03.18-07.46.38:973][  0]LogConfig: Setting CVar [[r.RefractionQuality:2]]
[2024.03.18-07.46.38:973][  0]LogConfig: Setting CVar [[r.SSR.Quality:3]]
[2024.03.18-07.46.38:974][  0]LogConfig: Setting CVar [[r.SSR.HalfResSceneColor:0]]
[2024.03.18-07.46.38:974][  0]LogConfig: Setting CVar [[r.SceneColorFormat:4]]
[2024.03.18-07.46.38:974][  0]LogConfig: Setting CVar [[r.DetailMode:2]]
[2024.03.18-07.46.38:974][  0]LogConfig: Setting CVar [[r.TranslucencyVolumeBlur:1]]
[2024.03.18-07.46.38:974][  0]LogConfig: Setting CVar [[r.MaterialQualityLevel:1 ; High quality]]
[2024.03.18-07.46.38:974][  0]LogConfig: Setting CVar [[r.AnisotropicMaterials:1]]
[2024.03.18-07.46.38:974][  0]LogConfig: Setting CVar [[r.SSS.Scale:1]]
[2024.03.18-07.46.38:974][  0]LogConfig: Setting CVar [[r.SSS.SampleSet:2]]
[2024.03.18-07.46.38:974][  0]LogConfig: Setting CVar [[r.SSS.Quality:1]]
[2024.03.18-07.46.38:974][  0]LogConfig: Setting CVar [[r.SSS.HalfRes:0]]
[2024.03.18-07.46.38:974][  0]LogConfig: Setting CVar [[r.SSGI.Quality:3]]
[2024.03.18-07.46.38:974][  0]LogConfig: Setting CVar [[r.EmitterSpawnRateScale:1.0]]
[2024.03.18-07.46.38:974][  0]LogConfig: Setting CVar [[r.ParticleLightQuality:2]]
[2024.03.18-07.46.38:974][  0]LogConfig: Setting CVar [[r.SkyAtmosphere.AerialPerspectiveLUT.FastApplyOnOpaque:1 ; Always have FastSkyLUT 1 in this case to avoid wrong sky]]
[2024.03.18-07.46.38:974][  0]LogConfig: Setting CVar [[r.SkyAtmosphere.AerialPerspectiveLUT.SampleCountMaxPerSlice:4]]
[2024.03.18-07.46.38:974][  0]LogConfig: Setting CVar [[r.SkyAtmosphere.AerialPerspectiveLUT.DepthResolution:16.0]]
[2024.03.18-07.46.38:974][  0]LogConfig: Setting CVar [[r.SkyAtmosphere.FastSkyLUT:1]]
[2024.03.18-07.46.38:974][  0]LogConfig: Setting CVar [[r.SkyAtmosphere.FastSkyLUT.SampleCountMin:4.0]]
[2024.03.18-07.46.38:975][  0]LogConfig: Setting CVar [[r.SkyAtmosphere.FastSkyLUT.SampleCountMax:128.0]]
[2024.03.18-07.46.38:975][  0]LogConfig: Setting CVar [[r.SkyAtmosphere.SampleCountMin:4.0]]
[2024.03.18-07.46.38:975][  0]LogConfig: Setting CVar [[r.SkyAtmosphere.SampleCountMax:128.0]]
[2024.03.18-07.46.38:975][  0]LogConfig: Setting CVar [[r.SkyAtmosphere.TransmittanceLUT.UseSmallFormat:0]]
[2024.03.18-07.46.38:975][  0]LogConfig: Setting CVar [[r.SkyAtmosphere.TransmittanceLUT.SampleCount:10.0]]
[2024.03.18-07.46.38:975][  0]LogConfig: Setting CVar [[r.SkyAtmosphere.MultiScatteringLUT.SampleCount:15.0]]
[2024.03.18-07.46.38:975][  0]LogConfig: Setting CVar [[r.SkyLight.RealTimeReflectionCapture:1]]
[2024.03.18-07.46.38:975][  0]LogConfig: Applying CVar settings from Section [FoliageQuality@3] File [D:/GitHub/NetShootRewrite/Saved/Config/Windows/Scalability.ini]
[2024.03.18-07.46.38:975][  0]LogConfig: Setting CVar [[foliage.DensityScale:1.0]]
[2024.03.18-07.46.38:975][  0]LogConfig: Setting CVar [[grass.DensityScale:1.0]]
[2024.03.18-07.46.38:975][  0]LogConfig: Applying CVar settings from Section [ShadingQuality@3] File [D:/GitHub/NetShootRewrite/Saved/Config/Windows/Scalability.ini]
[2024.03.18-07.46.38:975][  0]LogConfig: Setting CVar [[r.HairStrands.SkyLighting.IntegrationType:2]]
[2024.03.18-07.46.38:975][  0]LogConfig: Setting CVar [[r.HairStrands.SkyAO.SampleCount:4]]
[2024.03.18-07.46.38:975][  0]LogConfig: Setting CVar [[r.HairStrands.Visibility.MSAA.SamplePerPixel:4]]
[2024.03.18-07.46.38:975][  0]LogInit: Selected Device Profile: [Windows]
[2024.03.18-07.46.38:975][  0]LogInit: Applying CVar settings loaded from the selected device profile: [Windows]
[2024.03.18-07.46.38:976][  0]LogHAL: Display: Platform has ~ 16 GB [17105735680 / 17179869184 / 16], which maps to Larger [LargestMinGB=32, LargerMinGB=12, DefaultMinGB=8, SmallerMinGB=6, SmallestMinGB=0)
[2024.03.18-07.46.38:976][  0]LogInit: Going up to parent DeviceProfile []
[2024.03.18-07.46.38:976][  0]LogConfig: Applying CVar settings from Section [ViewDistanceQuality@3] File [D:/GitHub/NetShootRewrite/Saved/Config/Windows/Scalability.ini]
[2024.03.18-07.46.38:976][  0]LogConfig: Setting CVar [[r.SkeletalMeshLODBias:0]]
[2024.03.18-07.46.38:976][  0]LogConfig: Setting CVar [[r.ViewDistanceScale:1.0]]
[2024.03.18-07.46.38:976][  0]LogConfig: Applying CVar settings from Section [AntiAliasingQuality@3] File [D:/GitHub/NetShootRewrite/Saved/Config/Windows/Scalability.ini]
[2024.03.18-07.46.38:976][  0]LogConfig: Setting CVar [[r.PostProcessAAQuality:4]]
[2024.03.18-07.46.38:976][  0]LogConfig: Applying CVar settings from Section [ShadowQuality@3] File [D:/GitHub/NetShootRewrite/Saved/Config/Windows/Scalability.ini]
[2024.03.18-07.46.38:976][  0]LogConfig: Setting CVar [[r.LightFunctionQuality:1]]
[2024.03.18-07.46.38:976][  0]LogConfig: Setting CVar [[r.ShadowQuality:5]]
[2024.03.18-07.46.38:976][  0]LogConfig: Setting CVar [[r.Shadow.CSM.MaxCascades:10]]
[2024.03.18-07.46.38:976][  0]LogConfig: Setting CVar [[r.Shadow.MaxResolution:2048]]
[2024.03.18-07.46.38:976][  0]LogConfig: Setting CVar [[r.Shadow.MaxCSMResolution:2048]]
[2024.03.18-07.46.38:976][  0]LogConfig: Setting CVar [[r.Shadow.RadiusThreshold:0.01]]
[2024.03.18-07.46.38:976][  0]LogConfig: Setting CVar [[r.Shadow.DistanceScale:1.0]]
[2024.03.18-07.46.38:976][  0]LogConfig: Setting CVar [[r.Shadow.CSM.TransitionScale:1.0]]
[2024.03.18-07.46.38:976][  0]LogConfig: Setting CVar [[r.Shadow.PreShadowResolutionFactor:1.0]]
[2024.03.18-07.46.38:977][  0]LogConfig: Setting CVar [[r.DistanceFieldShadowing:1]]
[2024.03.18-07.46.38:977][  0]LogConfig: Setting CVar [[r.DistanceFieldAO:1]]
[2024.03.18-07.46.38:977][  0]LogConfig: Setting CVar [[r.AOQuality:2]]
[2024.03.18-07.46.38:977][  0]LogConfig: Setting CVar [[r.VolumetricFog:1]]
[2024.03.18-07.46.38:977][  0]LogConfig: Setting CVar [[r.VolumetricFog.GridPixelSize:8]]
[2024.03.18-07.46.38:977][  0]LogConfig: Setting CVar [[r.VolumetricFog.GridSizeZ:128]]
[2024.03.18-07.46.38:977][  0]LogConfig: Setting CVar [[r.VolumetricFog.HistoryMissSupersampleCount:4]]
[2024.03.18-07.46.38:977][  0]LogConfig: Setting CVar [[r.LightMaxDrawDistanceScale:1]]
[2024.03.18-07.46.38:977][  0]LogConfig: Setting CVar [[r.CapsuleShadows:1]]
[2024.03.18-07.46.38:977][  0]LogConfig: Applying CVar settings from Section [PostProcessQuality@3] File [D:/GitHub/NetShootRewrite/Saved/Config/Windows/Scalability.ini]
[2024.03.18-07.46.38:977][  0]LogConfig: Setting CVar [[r.MotionBlurQuality:4]]
[2024.03.18-07.46.38:977][  0]LogConfig: Setting CVar [[r.AmbientOcclusionMipLevelFactor:0.4]]
[2024.03.18-07.46.38:977][  0]LogConfig: Setting CVar [[r.AmbientOcclusionMaxQuality:100]]
[2024.03.18-07.46.38:977][  0]LogConfig: Setting CVar [[r.AmbientOcclusionLevels:-1]]
[2024.03.18-07.46.38:977][  0]LogConfig: Setting CVar [[r.AmbientOcclusionRadiusScale:1.0]]
[2024.03.18-07.46.38:977][  0]LogConfig: Setting CVar [[r.DepthOfFieldQuality:2]]
[2024.03.18-07.46.38:977][  0]LogConfig: Setting CVar [[r.RenderTargetPoolMin:400]]
[2024.03.18-07.46.38:978][  0]LogConfig: Setting CVar [[r.LensFlareQuality:2]]
[2024.03.18-07.46.38:978][  0]LogConfig: Setting CVar [[r.SceneColorFringeQuality:1]]
[2024.03.18-07.46.38:978][  0]LogConfig: Setting CVar [[r.EyeAdaptationQuality:2]]
[2024.03.18-07.46.38:978][  0]LogConfig: Setting CVar [[r.BloomQuality:5]]
[2024.03.18-07.46.38:978][  0]LogConfig: Setting CVar [[r.FastBlurThreshold:100]]
[2024.03.18-07.46.38:978][  0]LogConfig: Setting CVar [[r.Upscale.Quality:3]]
[2024.03.18-07.46.38:978][  0]LogConfig: Setting CVar [[r.Tonemapper.GrainQuantization:1]]
[2024.03.18-07.46.38:978][  0]LogConfig: Setting CVar [[r.LightShaftQuality:1]]
[2024.03.18-07.46.38:978][  0]LogConfig: Setting CVar [[r.Filter.SizeScale:1]]
[2024.03.18-07.46.38:978][  0]LogConfig: Setting CVar [[r.Tonemapper.Quality:5]]
[2024.03.18-07.46.38:978][  0]LogConfig: Setting CVar [[r.DOF.Gather.AccumulatorQuality:1        ; higher gathering accumulator quality]]
[2024.03.18-07.46.38:978][  0]LogConfig: Setting CVar [[r.DOF.Gather.PostfilterMethod:1          ; Median3x3 postfilering method]]
[2024.03.18-07.46.38:978][  0]LogConfig: Setting CVar [[r.DOF.Gather.EnableBokehSettings:0       ; no bokeh simulation when gathering]]
[2024.03.18-07.46.38:978][  0]LogConfig: Setting CVar [[r.DOF.Gather.RingCount:4                 ; medium number of samples when gathering]]
[2024.03.18-07.46.38:978][  0]LogConfig: Setting CVar [[r.DOF.Scatter.ForegroundCompositing:1    ; additive foreground scattering]]
[2024.03.18-07.46.38:978][  0]LogConfig: Setting CVar [[r.DOF.Scatter.BackgroundCompositing:2    ; additive background scattering]]
[2024.03.18-07.46.38:978][  0]LogConfig: Setting CVar [[r.DOF.Scatter.EnableBokehSettings:1      ; bokeh simulation when scattering]]
[2024.03.18-07.46.38:979][  0]LogConfig: Setting CVar [[r.DOF.Scatter.MaxSpriteRatio:0.1         ; only a maximum of 10% of scattered bokeh]]
[2024.03.18-07.46.38:979][  0]LogConfig: Setting CVar [[r.DOF.Recombine.Quality:1                ; cheap slight out of focus]]
[2024.03.18-07.46.38:979][  0]LogConfig: Setting CVar [[r.DOF.Recombine.EnableBokehSettings:0    ; no bokeh simulation on slight out of focus]]
[2024.03.18-07.46.38:979][  0]LogConfig: Setting CVar [[r.DOF.TemporalAAQuality:1                ; more stable temporal accumulation]]
[2024.03.18-07.46.38:979][  0]LogConfig: Setting CVar [[r.DOF.Kernel.MaxForegroundRadius:0.025]]
[2024.03.18-07.46.38:979][  0]LogConfig: Setting CVar [[r.DOF.Kernel.MaxBackgroundRadius:0.025]]
[2024.03.18-07.46.38:979][  0]LogConfig: Applying CVar settings from Section [TextureQuality@3] File [D:/GitHub/NetShootRewrite/Saved/Config/Windows/Scalability.ini]
[2024.03.18-07.46.38:979][  0]LogConfig: Setting CVar [[r.Streaming.MipBias:0]]
[2024.03.18-07.46.38:979][  0]LogConfig: Setting CVar [[r.Streaming.AmortizeCPUToGPUCopy:0]]
[2024.03.18-07.46.38:979][  0]LogConfig: Setting CVar [[r.Streaming.MaxNumTexturesToStreamPerFrame:0]]
[2024.03.18-07.46.38:979][  0]LogConfig: Setting CVar [[r.Streaming.Boost:1]]
[2024.03.18-07.46.38:979][  0]LogConfig: Setting CVar [[r.MaxAnisotropy:8]]
[2024.03.18-07.46.38:979][  0]LogConfig: Setting CVar [[r.VT.MaxAnisotropy:8]]
[2024.03.18-07.46.38:979][  0]LogConfig: Setting CVar [[r.Streaming.LimitPoolSizeToVRAM:0]]
[2024.03.18-07.46.38:979][  0]LogConfig: Setting CVar [[r.Streaming.PoolSize:1000]]
[2024.03.18-07.46.38:979][  0]LogConfig: Setting CVar [[r.Streaming.MaxEffectiveScreenSize:0]]
[2024.03.18-07.46.38:979][  0]LogConfig: Applying CVar settings from Section [EffectsQuality@3] File [D:/GitHub/NetShootRewrite/Saved/Config/Windows/Scalability.ini]
[2024.03.18-07.46.38:980][  0]LogConfig: Setting CVar [[r.TranslucencyLightingVolumeDim:64]]
[2024.03.18-07.46.38:980][  0]LogConfig: Setting CVar [[r.RefractionQuality:2]]
[2024.03.18-07.46.38:980][  0]LogConfig: Setting CVar [[r.SSR.Quality:3]]
[2024.03.18-07.46.38:980][  0]LogConfig: Setting CVar [[r.SSR.HalfResSceneColor:0]]
[2024.03.18-07.46.38:980][  0]LogConfig: Setting CVar [[r.SceneColorFormat:4]]
[2024.03.18-07.46.38:980][  0]LogConfig: Setting CVar [[r.DetailMode:2]]
[2024.03.18-07.46.38:980][  0]LogConfig: Setting CVar [[r.TranslucencyVolumeBlur:1]]
[2024.03.18-07.46.38:980][  0]LogConfig: Setting CVar [[r.MaterialQualityLevel:1 ; High quality]]
[2024.03.18-07.46.38:980][  0]LogConfig: Setting CVar [[r.AnisotropicMaterials:1]]
[2024.03.18-07.46.38:980][  0]LogConfig: Setting CVar [[r.SSS.Scale:1]]
[2024.03.18-07.46.38:980][  0]LogConfig: Setting CVar [[r.SSS.SampleSet:2]]
[2024.03.18-07.46.38:980][  0]LogConfig: Setting CVar [[r.SSS.Quality:1]]
[2024.03.18-07.46.38:980][  0]LogConfig: Setting CVar [[r.SSS.HalfRes:0]]
[2024.03.18-07.46.38:980][  0]LogConfig: Setting CVar [[r.SSGI.Quality:3]]
[2024.03.18-07.46.38:980][  0]LogConfig: Setting CVar [[r.EmitterSpawnRateScale:1.0]]
[2024.03.18-07.46.38:980][  0]LogConfig: Setting CVar [[r.ParticleLightQuality:2]]
[2024.03.18-07.46.38:980][  0]LogConfig: Setting CVar [[r.SkyAtmosphere.AerialPerspectiveLUT.FastApplyOnOpaque:1 ; Always have FastSkyLUT 1 in this case to avoid wrong sky]]
[2024.03.18-07.46.38:981][  0]LogConfig: Setting CVar [[r.SkyAtmosphere.AerialPerspectiveLUT.SampleCountMaxPerSlice:4]]
[2024.03.18-07.46.38:981][  0]LogConfig: Setting CVar [[r.SkyAtmosphere.AerialPerspectiveLUT.DepthResolution:16.0]]
[2024.03.18-07.46.38:981][  0]LogConfig: Setting CVar [[r.SkyAtmosphere.FastSkyLUT:1]]
[2024.03.18-07.46.38:981][  0]LogConfig: Setting CVar [[r.SkyAtmosphere.FastSkyLUT.SampleCountMin:4.0]]
[2024.03.18-07.46.38:981][  0]LogConfig: Setting CVar [[r.SkyAtmosphere.FastSkyLUT.SampleCountMax:128.0]]
[2024.03.18-07.46.38:981][  0]LogConfig: Setting CVar [[r.SkyAtmosphere.SampleCountMin:4.0]]
[2024.03.18-07.46.38:981][  0]LogConfig: Setting CVar [[r.SkyAtmosphere.SampleCountMax:128.0]]
[2024.03.18-07.46.38:981][  0]LogConfig: Setting CVar [[r.SkyAtmosphere.TransmittanceLUT.UseSmallFormat:0]]
[2024.03.18-07.46.38:981][  0]LogConfig: Setting CVar [[r.SkyAtmosphere.TransmittanceLUT.SampleCount:10.0]]
[2024.03.18-07.46.38:981][  0]LogConfig: Setting CVar [[r.SkyAtmosphere.MultiScatteringLUT.SampleCount:15.0]]
[2024.03.18-07.46.38:981][  0]LogConfig: Setting CVar [[r.SkyLight.RealTimeReflectionCapture:1]]
[2024.03.18-07.46.38:981][  0]LogConfig: Applying CVar settings from Section [FoliageQuality@3] File [D:/GitHub/NetShootRewrite/Saved/Config/Windows/Scalability.ini]
[2024.03.18-07.46.38:981][  0]LogConfig: Setting CVar [[foliage.DensityScale:1.0]]
[2024.03.18-07.46.38:981][  0]LogConfig: Setting CVar [[grass.DensityScale:1.0]]
[2024.03.18-07.46.38:981][  0]LogConfig: Applying CVar settings from Section [ShadingQuality@3] File [D:/GitHub/NetShootRewrite/Saved/Config/Windows/Scalability.ini]
[2024.03.18-07.46.38:981][  0]LogConfig: Setting CVar [[r.HairStrands.SkyLighting.IntegrationType:2]]
[2024.03.18-07.46.38:981][  0]LogConfig: Setting CVar [[r.HairStrands.SkyAO.SampleCount:4]]
[2024.03.18-07.46.38:982][  0]LogConfig: Setting CVar [[r.HairStrands.Visibility.MSAA.SamplePerPixel:4]]
[2024.03.18-07.46.38:982][  0]LogConfig: Applying CVar settings from Section [Startup] File [../../../Engine/Config/ConsoleVariables.ini]
[2024.03.18-07.46.38:982][  0]LogConfig: Setting CVar [[net.UseAdaptiveNetUpdateFrequency:0]]
[2024.03.18-07.46.38:982][  0]LogConfig: Setting CVar [[p.chaos.AllowCreatePhysxBodies:1]]
[2024.03.18-07.46.38:982][  0]LogConfig: Setting CVar [[fx.SkipVectorVMBackendOptimizations:1]]
[2024.03.18-07.46.38:982][  0]LogConfig: Applying CVar settings from Section [ConsoleVariables] File [D:/GitHub/NetShootRewrite/Saved/Config/Windows/Engine.ini]
[2024.03.18-07.46.38:982][  0]LogConfig: Applying CVar settings from Section [ConsoleVariables] File [D:/GitHub/NetShootRewrite/Saved/Config/Windows/Editor.ini]
[2024.03.18-07.46.38:982][  0]LogInit: Computer: DESKTOP-6POMQQ5
[2024.03.18-07.46.38:982][  0]LogInit: User: ZTT
[2024.03.18-07.46.38:982][  0]LogInit: CPU Page size=4096, Cores=6
[2024.03.18-07.46.38:982][  0]LogInit: High frequency timer resolution =10.000000 MHz
[2024.03.18-07.46.38:983][  0]LogMemory: Memory total: Physical=15.9GB (16GB approx)
[2024.03.18-07.46.38:983][  0]LogMemory: Platform Memory Stats for Windows
[2024.03.18-07.46.38:983][  0]LogMemory: Process Physical Memory: 143.96 MB used, 143.96 MB peak
[2024.03.18-07.46.38:983][  0]LogMemory: Process Virtual Memory: 119.39 MB used, 119.39 MB peak
[2024.03.18-07.46.38:983][  0]LogMemory: Physical Memory: 14020.49 MB used,  2292.81 MB free, 16313.30 MB total
[2024.03.18-07.46.38:983][  0]LogMemory: Virtual Memory: 134210952.00 MB used,  6779.41 MB free, 134217728.00 MB total
[2024.03.18-07.46.39:001][  0]LogWindows: WindowsPlatformFeatures enabled
[2024.03.18-07.46.39:196][  0]LogInit: Physics initialised using underlying interface: PhysX
[2024.03.18-07.46.39:197][  0]LogInit: Overriding language with editor language configuration option (zh-Hans).
[2024.03.18-07.46.39:197][  0]LogInit: Using OS detected locale (zh-CN).
[2024.03.18-07.46.39:265][  0]LogTextLocalizationResource: LocRes '../../../Engine/Content/Localization/Editor/zh/Editor.locres' could not be opened for reading!
[2024.03.18-07.46.39:265][  0]LogTextLocalizationResource: LocRes '../../../Engine/Content/Localization/EditorTutorials/zh/EditorTutorials.locres' could not be opened for reading!
[2024.03.18-07.46.39:266][  0]LogTextLocalizationResource: LocRes '../../../Engine/Content/Localization/Keywords/zh/Keywords.locres' could not be opened for reading!
[2024.03.18-07.46.39:266][  0]LogTextLocalizationResource: LocRes '../../../Engine/Content/Localization/Category/zh/Category.locres' could not be opened for reading!
[2024.03.18-07.46.39:266][  0]LogTextLocalizationResource: LocRes '../../../Engine/Content/Localization/ToolTips/zh/ToolTips.locres' could not be opened for reading!
[2024.03.18-07.46.39:267][  0]LogTextLocalizationResource: LocRes '../../../Engine/Content/Localization/Engine/zh/Engine.locres' could not be opened for reading!
[2024.03.18-07.46.39:267][  0]LogTextLocalizationResource: LocRes '../../../Engine/Plugins/Online/OnlineSubsystem/Content/Localization/OnlineSubsystem/zh/OnlineSubsystem.locres' could not be opened for reading!
[2024.03.18-07.46.39:267][  0]LogTextLocalizationResource: LocRes '../../../Engine/Plugins/Online/OnlineSubsystemUtils/Content/Localization/OnlineSubsystemUtils/zh/OnlineSubsystemUtils.locres' could not be opened for reading!
[2024.03.18-07.46.39:268][  0]LogTextLocalizationResource: LocRes '../../../Engine/Plugins/Online/Android/OnlineSubsystemGooglePlay/Content/Localization/OnlineSubsystemGooglePlay/zh/OnlineSubsystemGooglePlay.locres' could not be opened for reading!
[2024.03.18-07.46.39:268][  0]LogTextLocalizationResource: LocRes '../../../Engine/Plugins/Online/IOS/OnlineSubsystemIOS/Content/Localization/OnlineSubsystemIOS/zh/OnlineSubsystemIOS.locres' could not be opened for reading!
[2024.03.18-07.46.39:292][  0]LogInit: Setting process to per monitor DPI aware
[2024.03.18-07.46.39:360][  0]LogWindowsTextInputMethodSystem: Display: IME system deactivated.
[2024.03.18-07.46.39:394][  0]LogSlate: New Slate User Created.  User Index 0, Is Virtual User: 0
[2024.03.18-07.46.39:394][  0]LogSlate: Slate User Registered.  User Index 0, Is Virtual User: 0
[2024.03.18-07.46.39:695][  0]LogD3D11RHI: Loaded GFSDK_Aftermath_Lib.x64.dll
[2024.03.18-07.46.39:706][  0]LogHMD: Failed to initialize OpenVR with code 110
[2024.03.18-07.46.39:707][  0]LogD3D11RHI: D3D11 min allowed feature level: 11_0
[2024.03.18-07.46.39:707][  0]LogD3D11RHI: D3D11 max allowed feature level: 11_0
[2024.03.18-07.46.39:707][  0]LogD3D11RHI: D3D11 adapters:
[2024.03.18-07.46.40:020][  0]LogD3D11RHI:    0. 'NVIDIA GeForce GTX 1660 Ti' (Feature Level 11_0)
[2024.03.18-07.46.40:020][  0]LogD3D11RHI:       5979/0/8156 MB DedicatedVideo/DedicatedSystem/SharedSystem, Outputs:1, VendorId:0x10de
[2024.03.18-07.46.40:029][  0]LogD3D11RHI:    1. 'Microsoft Basic Render Driver' (Feature Level 11_0)
[2024.03.18-07.46.40:029][  0]LogD3D11RHI:       0/0/8156 MB DedicatedVideo/DedicatedSystem/SharedSystem, Outputs:0, VendorId:0x1414
[2024.03.18-07.46.40:164][  0]LogD3D11RHI:    2. 'NVIDIA GeForce GTX 1660 Ti' (Feature Level 11_0)
[2024.03.18-07.46.40:164][  0]LogD3D11RHI:       5979/0/8156 MB DedicatedVideo/DedicatedSystem/SharedSystem, Outputs:0, VendorId:0x10de
[2024.03.18-07.46.40:164][  0]LogD3D11RHI: Chosen D3D11 Adapter:
[2024.03.18-07.46.40:164][  0]LogD3D11RHI:     Description : NVIDIA GeForce GTX 1660 Ti
[2024.03.18-07.46.40:164][  0]LogD3D11RHI:     VendorId    : 10de
[2024.03.18-07.46.40:164][  0]LogD3D11RHI:     DeviceId    : 2182
[2024.03.18-07.46.40:164][  0]LogD3D11RHI:     SubSysId    : 3fbe1458
[2024.03.18-07.46.40:164][  0]LogD3D11RHI:     Revision    : 00a1
[2024.03.18-07.46.40:165][  0]LogD3D11RHI:     DedicatedVideoMemory : 6269435904 bytes
[2024.03.18-07.46.40:165][  0]LogD3D11RHI:     DedicatedSystemMemory : 0 bytes
[2024.03.18-07.46.40:165][  0]LogD3D11RHI:     SharedSystemMemory : 8552867840 bytes
[2024.03.18-07.46.40:165][  0]LogD3D11RHI:     AdapterLuid : 0 50912
[2024.03.18-07.46.40:170][  0]LogD3D11RHI: Creating new Direct3DDevice
[2024.03.18-07.46.40:170][  0]LogD3D11RHI:     GPU DeviceId: 0x2182 (for the marketing name, search the web for "GPU Device Id")
[2024.03.18-07.46.40:170][  0]LogWindows: EnumDisplayDevices:
[2024.03.18-07.46.40:170][  0]LogWindows:    0. 'NVIDIA GeForce GTX 1660 Ti' (P:1 D:1)
[2024.03.18-07.46.40:171][  0]LogWindows:    1. 'NVIDIA GeForce GTX 1660 Ti' (P:0 D:0)
[2024.03.18-07.46.40:172][  0]LogWindows:    2. 'NVIDIA GeForce GTX 1660 Ti' (P:0 D:0)
[2024.03.18-07.46.40:172][  0]LogWindows:    3. 'NVIDIA GeForce GTX 1660 Ti' (P:0 D:0)
[2024.03.18-07.46.40:173][  0]LogWindows:    4. 'OrayIddDriver Device' (P:0 D:0)
[2024.03.18-07.46.40:174][  0]LogWindows:    5. 'OrayIddDriver Device' (P:0 D:0)
[2024.03.18-07.46.40:174][  0]LogWindows:    6. 'OrayIddDriver Device' (P:0 D:0)
[2024.03.18-07.46.40:175][  0]LogWindows:    7. 'OrayIddDriver Device' (P:0 D:0)
[2024.03.18-07.46.40:175][  0]LogWindows:    8. 'OrayIddDriver Device' (P:0 D:0)
[2024.03.18-07.46.40:176][  0]LogWindows: DebugString: GetVideoDriverDetailsInvalid PrimaryIsNotTheChoosenAdapter GetVideoDriverDetailsInvalid PrimaryIsNotTheChoosenAdapter GetVideoDriverDetailsInvalid PrimaryIsNotTheChoosenAdapter GetVideoDriverDetailsInvalid PrimaryIsNotTheChoosenAdapter GetVideoDriverDetailsInvalid PrimaryIsNotTheChoosenAdapter FoundDriverCount:4 
[2024.03.18-07.46.40:176][  0]LogD3D11RHI:     Adapter Name: NVIDIA GeForce GTX 1660 Ti
[2024.03.18-07.46.40:176][  0]LogD3D11RHI:   Driver Version: 536.23 (internal:31.0.15.3623, unified:536.23)
[2024.03.18-07.46.40:176][  0]LogD3D11RHI:      Driver Date: 6-8-2023
[2024.03.18-07.46.40:176][  0]LogRHI: Texture pool is 4185 MB (70% of 5979 MB)
[2024.03.18-07.46.40:176][  0]LogD3D11RHI: Creating D3DDevice using adapter:
[2024.03.18-07.46.40:176][  0]LogD3D11RHI:     Description : NVIDIA GeForce GTX 1660 Ti
[2024.03.18-07.46.40:176][  0]LogD3D11RHI:     VendorId    : 10de
[2024.03.18-07.46.40:176][  0]LogD3D11RHI:     DeviceId    : 2182
[2024.03.18-07.46.40:176][  0]LogD3D11RHI:     SubSysId    : 3fbe1458
[2024.03.18-07.46.40:177][  0]LogD3D11RHI:     Revision    : 00a1
[2024.03.18-07.46.40:177][  0]LogD3D11RHI:     DedicatedVideoMemory : 6269435904 bytes
[2024.03.18-07.46.40:177][  0]LogD3D11RHI:     DedicatedSystemMemory : 0 bytes
[2024.03.18-07.46.40:177][  0]LogD3D11RHI:     SharedSystemMemory : 8552867840 bytes
[2024.03.18-07.46.40:177][  0]LogD3D11RHI:     AdapterLuid : 0 50912
[2024.03.18-07.46.40:311][  0]LogD3D11RHI: RHI has support for 64 bit atomics
[2024.03.18-07.46.40:311][  0]LogD3D11RHI: Async texture creation enabled
[2024.03.18-07.46.40:311][  0]LogD3D11RHI: Array index from any shader is supported
[2024.03.18-07.46.40:313][  0]LogD3D11RHI: HDR output is supported on display 0 (NvId: 0x80061086).
[2024.03.18-07.46.40:327][  0]LogD3D11RHI: GPU Timing Frequency: 1000.000000 (Debug: 2 1)
[2024.03.18-07.46.40:425][  0]LogRHI: GeForceNow SDK initialized: 1
[2024.03.18-07.46.40:689][  0]LogTargetPlatformManager: Display: Loaded TargetPlatform 'AllDesktop'
[2024.03.18-07.46.40:725][  0]LogTargetPlatformManager: Display: Loaded TargetPlatform 'Android'
[2024.03.18-07.46.40:725][  0]LogTargetPlatformManager: Display: Loaded TargetPlatform 'Android_ASTC'
[2024.03.18-07.46.40:725][  0]LogTargetPlatformManager: Display: Loaded TargetPlatform 'Android_DXT'
[2024.03.18-07.46.40:726][  0]LogTargetPlatformManager: Display: Loaded TargetPlatform 'Android_ETC2'
[2024.03.18-07.46.40:726][  0]LogTargetPlatformManager: Display: Loaded TargetPlatform 'AndroidClient'
[2024.03.18-07.46.40:726][  0]LogTargetPlatformManager: Display: Loaded TargetPlatform 'Android_ASTCClient'
[2024.03.18-07.46.40:726][  0]LogTargetPlatformManager: Display: Loaded TargetPlatform 'Android_DXTClient'
[2024.03.18-07.46.40:726][  0]LogTargetPlatformManager: Display: Loaded TargetPlatform 'Android_ETC2Client'
[2024.03.18-07.46.40:726][  0]LogTargetPlatformManager: Display: Loaded TargetPlatform 'Android_Multi'
[2024.03.18-07.46.40:726][  0]LogTargetPlatformManager: Display: Loaded TargetPlatform 'Android_MultiClient'
[2024.03.18-07.46.40:785][  0]LogTargetPlatformManager: Display: Loaded TargetPlatform 'IOSClient'
[2024.03.18-07.46.40:785][  0]LogTargetPlatformManager: Display: Loaded TargetPlatform 'IOS'
[2024.03.18-07.46.40:825][  0]LogTargetPlatformManager: Display: Loaded TargetPlatform 'Lumin'
[2024.03.18-07.46.40:825][  0]LogTargetPlatformManager: Display: Loaded TargetPlatform 'LuminClient'
[2024.03.18-07.46.40:848][  0]LogTargetPlatformManager: Display: Loaded TargetPlatform 'MacNoEditor'
[2024.03.18-07.46.40:867][  0]LogTargetPlatformManager: Display: Loaded TargetPlatform 'Mac'
[2024.03.18-07.46.40:887][  0]LogTargetPlatformManager: Display: Loaded TargetPlatform 'MacClient'
[2024.03.18-07.46.40:907][  0]LogTargetPlatformManager: Display: Loaded TargetPlatform 'MacServer'
[2024.03.18-07.46.40:933][  0]LogTargetPlatformManager: Display: Loaded TargetPlatform 'TVOSClient'
[2024.03.18-07.46.40:933][  0]LogTargetPlatformManager: Display: Loaded TargetPlatform 'TVOS'
[2024.03.18-07.46.40:957][  0]LogTargetPlatformManager: Display: Loaded TargetPlatform 'WindowsNoEditor'
[2024.03.18-07.46.40:977][  0]LogTargetPlatformManager: Display: Loaded TargetPlatform 'Windows'
[2024.03.18-07.46.40:997][  0]LogTargetPlatformManager: Display: Loaded TargetPlatform 'WindowsClient'
[2024.03.18-07.46.41:017][  0]LogTargetPlatformManager: Display: Loaded TargetPlatform 'WindowsServer'
[2024.03.18-07.46.41:017][  0]LogTargetPlatformManager: Display: Building Assets For Windows
[2024.03.18-07.46.41:092][  0]LogAudioDebug: Display: Lib vorbis DLL was dynamically loaded.
[2024.03.18-07.46.41:301][  0]LogTextureFormatOodle: Display: Oodle Texture 2.9.0 init RDO Off
[2024.03.18-07.46.41:488][  0]LogRendererCore: Ray tracing is disabled. Reason: r.RayTracing=0.
[2024.03.18-07.46.41:489][  0]LogShaderCompilers: Guid format shader working directory is 18 characters bigger than the processId version (D:/GitHub/NetShootRewrite/Intermediate/Shaders/WorkingDirectory/20076/).
[2024.03.18-07.46.41:489][  0]LogShaderCompilers: Cleaned the shader compiler working directory 'C:/Users/ZTT/AppData/Local/Temp/UnrealShaderWorkingDir/D449E87440F06C58E2C4B9A0E6386114/'.
[2024.03.18-07.46.41:490][  0]LogShaderCompilers: Display: Using XGE Controller for Shader Compilation.
[2024.03.18-07.46.42:156][  0]LogDerivedDataCache: Display: Max Cache Size: 512 MB
[2024.03.18-07.46.42:206][  0]LogDerivedDataCache: Loaded boot cache 0.05s 94MB D:/GitHub/NetShootRewrite/DerivedDataCache/Boot.ddc.
[2024.03.18-07.46.42:206][  0]LogDerivedDataCache: Display: Loaded Boot cache: D:/GitHub/NetShootRewrite/DerivedDataCache/Boot.ddc
[2024.03.18-07.46.42:206][  0]LogDerivedDataCache: FDerivedDataBackendGraph:  Pak pak cache file D:/GitHub/NetShootRewrite/DerivedDataCache/DDC.ddp not found, will not use a pak cache.
[2024.03.18-07.46.42:206][  0]LogDerivedDataCache: Unable to find inner node Pak for hierarchical cache Hierarchy.
[2024.03.18-07.46.42:207][  0]LogDerivedDataCache: FDerivedDataBackendGraph:  EnginePak pak cache file ../../../Engine/DerivedDataCache/DDC.ddp not found, will not use a pak cache.
[2024.03.18-07.46.42:207][  0]LogDerivedDataCache: Unable to find inner node EnginePak for hierarchical cache Hierarchy.
[2024.03.18-07.46.42:215][  0]LogDerivedDataCache: Speed tests for ../../../Engine/DerivedDataCache took 0.01 seconds
[2024.03.18-07.46.42:215][  0]LogDerivedDataCache: Display: Performance to ../../../Engine/DerivedDataCache: Latency=0.07ms. RandomReadSpeed=733.42MBs, RandomWriteSpeed=160.87MBs. Assigned SpeedClass 'Local'
[2024.03.18-07.46.42:216][  0]LogDerivedDataCache: Using Local data cache path ../../../Engine/DerivedDataCache: Writable
[2024.03.18-07.46.42:216][  0]LogDerivedDataCache: Shared data cache path not found in *engine.ini, will not use an Shared cache.
[2024.03.18-07.46.42:216][  0]LogDerivedDataCache: Unable to find inner node Shared for hierarchical cache Hierarchy.
[2024.03.18-07.46.42:254][  0]LogSlate: Using FreeType 2.10.0
[2024.03.18-07.46.42:255][  0]LogSlate: SlateFontServices - WITH_FREETYPE: 1, WITH_HARFBUZZ: 1
[2024.03.18-07.46.42:311][  0]LogAssetRegistry: FAssetRegistry took 0.0025 seconds to start up
[2024.03.18-07.46.42:521][  0]LogInit: Selected Device Profile: [Windows]
[2024.03.18-07.46.42:521][  0]LogInit: Active device profile: [00000262278A6D00][0000026226A2BBC0 49] Windows
[2024.03.18-07.46.42:522][  0]LogInit: Profiles: [00000262278A6D00][0000026226A2BBC0 49] Windows, [000002622785D600][0000026226A2E180 49] WindowsNoEditor, [00000262278A5500][0000026226A322C0 49] WindowsServer, [000002622785EB00][0000026226A3A440 49] WindowsClient, [00000262278A6A00][00000262254CA5C0 49] IOS, [000002622785DA00][00000262254CE740 49] iPadAir, [00000262278A5900][00000262254D28C0 49] iPadAir2, [00000262277FFC00][00000262254DAB80 49] IPadPro, [00000262277FFD00][00000262254D6BC0 49] iPadAir3, [00000262278A6F00][00000262254DED40 49] iPadAir4, [00000262277FD900][00000262254E2EC0 49] iPadMini2, [00000262278A5300][0000026218BC7040 49] iPadMini3, [00000262277FCD00][0000026218BCB1C0 49] iPadMini4, [00000262278A4900][0000026218BCF340 49] iPadMini5, [0000026227853500][0000026218BD7600 49] iPhone6, [0000026227853600][0000026218BD3640 49] iPodTouch6, [00000262277FC700][0000026218BDF900 49] iPhone7, [00000262277FC600][0000026218BDB940 49] iPodTouch7, [0000026227851800][0000026218BE3AC0 49] iPhone5S, [00000262277FF600][0000026218BE60C0 49] iPhone6Plus, [0000026227853800][0000026226A36200 49] iPhone6S, [00000262277FDB00][0000026218BEA340 49] iPhone6SPlus, [0000026227851700][0000026218BEE480 49] iPhone7Plus, [00000262277FF100][0000026218BF25C0 49] iPhoneSE, [0000026227852500][0000026218BFA740 49] iPhone8, [00000262277FD500][000002621C66C8C0 49] iPhone8Plus, [0000026227851E00][000002621C670A40 49] iPhoneX, [00000262277FD000][000002621C674BC0 49] iPhoneXS, [0000026227852200][000002621C678D40 49] iPhoneXSMax, [00000262277FC500][000002621C67CEC0 49] iPhoneXR, [0000026227852100][000002621C681040 49] iPhone11, [00000262277FED00][000002621C6851C0 49] iPhone11Pro, [0000026227851600][000002621C689340 49] iPhone11ProMax, [00000262277FDD00][000002621C68D4C0 49] iPhoneSE2, [0000026227853200][000002621C691640 49] iPhone12Mini, [00000262277FDE00][000002621C6957C0 49] iPhone12, [0000026227850300][000002621C699940 49] iPhone12Pro, [00000262277FF500][000002621C69DAC0 49] iPhone12ProMax, [0000026227853C00][000002621C6A00C0 49] iPadPro105, [00000262277FC200][000002621C6A4240 49] iPadPro129, [0000026227850E00][0000026218BF6380 49] iPadPro97, [00000262277FC100][000002621C6A84C0 49] iPadPro2_129, [0000026227853F00][000002621C6AC600 49] iPad5, [00000262277FC900][000002621C6B0740 49] iPad6, [0000026227853B00][000002621C6B88C0 49] iPad7, [00000262277FEA00][000002621C6BCA40 49] iPad8, [0000026227852800][000002621C6C0BC0 49] iPadPro11, [00000262277FCA00][00000262255A6D40 49] iPadPro2_11, [0000026227850700][00000262255AAEC0 49] iPadPro3_129, [00000262277FF200][00000262255AF040 49] iPadPro4_129, [0000026227853A00][00000262255B31C0 49] AppleTV, [00000262277FCC00][00000262255B7340 49] AppleTV4K, [0000026227852C00][00000262255BB4C0 49] TVOS, [00000262277FF000][00000262255BF640 49] Mac, [000002622785CE00][00000262255C37C0 49] MacClient, [00000262278E8800][00000262255C7940 49] MacNoEditor, [000002622785D500][00000262255CBAC0 49] MacServer, [00000262278E8300][00000262255CE0C0 49] Linux, [000002622785ED00][00000262255D2240 49] LinuxAArch64, [00000262278E8B00][00000262255D63C0 49] LinuxNoEditor, [000002622785DD00][00000262255DA540 49] LinuxAArch64NoEditor, [00000262278E9500][000002621C6B4680 49] LinuxClient, [000002622785C500][00000262255DE7C0 49] LinuxAArch64Client, [00000262278E9100][00000262255E2900 49] LinuxServer, [000002622785F600][00000262255EAA80 49] LinuxAArch64Server, [00000262278E9200][00000262255EEC00 49] Android, [000002622785C400][00000262255F2D80 49] Android_Low, [00000262278E8C00][00000262255F6F00 49] Android_Mid, [000002622785CD00][00000262255FB080 49] Android_High, [00000262278E9300][00000262255FF200 49] Android_Default, [000002622785C300][0000026225603380 49] Android_Adreno4xx, [00000262278E9900][0000026225607500 49] Android_Adreno5xx_Low, [000002622785F700][000002622560B680 49] Android_Adreno5xx, [00000262278E8900][000002622560F800 49] Android_Adreno6xx, [000002622785E200][0000026225231980 49] Android_Adreno6xx_Vulkan, [00000262278E8F00][0000026225235B00 49] Android_Mali_T6xx, [00000262277FFE00][0000026225238100 49] Android_Mali_T7xx, [0000026227851100][000002622523C280 49] Android_Mali_T8xx, [00000262277FE700][0000026225240400 49] Android_Mali_G71, [0000026227853300][0000026225244580 49] Android_Mali_G72, [00000262277FE000][0000026225248700 49] Android_Mali_G72_Vulkan, [0000026227853900][00000262255E6840 49] Android_Mali_G76, [00000262277FC300][000002622524C980 49] Android_Mali_G76_Vulkan, [0000026227851F00][0000026225250AC0 49] Android_Mali_G77, [00000262277FD700][0000026225258C40 49] Android_Mali_G77_Vulkan, [0000026227852400][000002622525CDC0 49] Android_Mali_G78, [00000262277FE400][0000026225260F40 49] Android_Mali_G78_Vulkan, [0000026227852700][00000262252650C0 49] Android_Mali_G710, [00000262277FF800][0000026225269240 49] Android_Mali_G710_Vulkan, [0000026227850900][000002622526D3C0 49] Android_Vulkan_SM5, [00000262277FCF00][0000026225271540 49] Android_PowerVR_G6xxx, [0000026227850400][00000262252756C0 49] Android_PowerVR_GT7xxx, [00000262277FCE00][0000026225279840 49] Android_PowerVR_GE8xxx, [0000026227851A00][000002622527D9C0 49] Android_PowerVR_GM9xxx, [00000262277FD300][0000026225281B40 49] Android_PowerVR_GM9xxx_Vulkan, [0000026227851000][0000026225284140 49] Android_TegraK1, [00000262277FDF00][00000262252882C0 49] Android_Unknown_Vulkan, [0000026227851400][000002622528C440 49] Lumin, [00000262277FE600][00000262252905C0 49] Lumin_Desktop, [00000262278A5400][0000026225294740 49] HoloLens, 
[2024.03.18-07.46.42:830][  0]LogMeshReduction: Using QuadricMeshReduction for automatic static mesh reduction
[2024.03.18-07.46.42:830][  0]LogMeshReduction: Using SimplygonMeshReduction for automatic skeletal mesh reduction
[2024.03.18-07.46.42:830][  0]LogMeshReduction: Using ProxyLODMeshReduction for automatic mesh merging
[2024.03.18-07.46.42:830][  0]LogMeshReduction: No distributed automatic mesh merging module available
[2024.03.18-07.46.42:830][  0]LogMeshMerging: No distributed automatic mesh merging module available
[2024.03.18-07.46.42:864][  0]LogNetVersion: NetShootRewrite 1.0.0, NetCL: 0, EngineNetVer: 17, GameNetVer: 0 (Checksum: 1486698656)
[2024.03.18-07.46.43:274][  0]LogTexture: Default maximum texture size for cubemaps generated from long-lat sources has been changed from 512 to unlimited. In order to preserve old behaiour for '/Engine/MapTemplates/Sky/DaylightAmbientCubemap.DaylightAmbientCubemap', its maximum texture size has been explicitly set to 512.
[2024.03.18-07.46.43:356][  0]LogHMD: PokeAHoleMaterial loaded successfully
[2024.03.18-07.46.43:361][  0]LogUObjectArray: 17164 objects as part of root set at end of initial load.
[2024.03.18-07.46.43:361][  0]LogUObjectAllocator: 4298528 out of 0 bytes used by permanent object pool.
[2024.03.18-07.46.43:361][  0]LogUObjectArray: CloseDisregardForGC: 0/0 objects in disregard for GC pool
[2024.03.18-07.46.44:544][  0]LogNiagaraDebuggerClient: Niagara Debugger Client Initialized | Session: 91057F164E244DF22DF73BAF1F8BBB08 | Instance: 8E2BA19A4871B96EC523D4BDEF1910E0 (DESKTOP-6POMQQ5-20076).
[2024.03.18-07.46.44:721][  0]LogPython: Using Python 3.7.7
[2024.03.18-07.46.45:568][  0]LogTcpMessaging: Initializing TcpMessaging bridge
[2024.03.18-07.46.45:590][  0]LogUdpMessaging: Initializing bridge on interface 0.0.0.0:0 to multicast group 230.0.0.1:6666.
